nohup: ignoring input
>>>>>>>>>>B-I statistics>>>>>>>>>>
Average interactions 77.80081939697266
Non-zero rows 1.0
Non-zero columns 1.0
Matrix density 0.0006293139276969943
finish loading assist data
>>>>>>>>>>U-I statistics>>>>>>>>>>
Average interactions 60.88433837890625
Non-zero rows 1.0
Non-zero columns 0.7321965897693079
Matrix density 0.0004924801599908087
finish loading item data
>>>>>>>>>>U-B statistics in train>>>>>>>>>>
Average interactions 11.758635520935059
Non-zero rows 0.9992443868739206
Non-zero columns 0.8920136459062281
Matrix density 0.0005142860207568127
finish loading bundle train data
>>>>>>>>>>U-B statistics in test>>>>>>>>>>
Average interactions 3.0524072647094727
Non-zero rows 0.9992443868739206
Non-zero columns 0.6320416375087474
Matrix density 0.00013350276275062213
finish loading bundle test data
>>>>>>>>>>B-I statistics>>>>>>>>>>
Average interactions 77.80081939697266
Non-zero rows 1.0
Non-zero columns 1.0
Matrix density 0.0006293139276969943
finish loading assist data
>>>>>>>>>>U-I statistics>>>>>>>>>>
Average interactions 60.88433837890625
Non-zero rows 1.0
Non-zero columns 0.7321965897693079
Matrix density 0.0004924801599908087
finish loading item data
>>>>>>>>>>U-B statistics in train>>>>>>>>>>
Average interactions 11.758635520935059
Non-zero rows 0.9992443868739206
Non-zero columns 0.8920136459062281
Matrix density 0.0005142860207568127
finish loading bundle train data
>>>>>>>>>>U-B statistics in test>>>>>>>>>>
Average interactions 1.50350821018219
Non-zero rows 0.9992443868739206
Non-zero columns 0.47380160951714484
Matrix density 6.575875628934809e-05
finish loading bundle test data
IHGCN model
/data/nfs/lzm/IHBR/IHBR_1/model/IHGCN.py:169: UserWarning: Creating a tensor from a list of numpy.ndarrays is extremely slow. Please consider converting the list to a single numpy.ndarray with numpy.array() before converting to a tensor. (Triggered internally at  /opt/conda/conda-bld/pytorch_1640811805959/work/torch/csrc/utils/tensor_new.cpp:201.)
  ub_indices = torch.tensor([ub_graph_coo.row, ub_graph_coo.col], dtype=torch.long)
finish generating bi, ui graph
finish generating non-atom graph
U-B Train Epoch: 1 [2048/217864 (1%)]	Loss: 1.333333
U-B Train Epoch: 1 [43008/217864 (20%)]	Loss: 1.335382
U-B Train Epoch: 1 [83968/217864 (38%)]	Loss: 1.332176
U-B Train Epoch: 1 [124928/217864 (57%)]	Loss: 1.331940
U-B Train Epoch: 1 [165888/217864 (76%)]	Loss: 1.329883
U-B Train Epoch: 1 [206848/217864 (94%)]	Loss: 1.326955
Train Epoch: 1: time = 136s
Test: time=13s
Recall@20:0.02805005900092577	NDCG@20:0.011449272500988318	Precision@20:0.0018499514138941968	Recall@40:0.044925161374881145	NDCG@40:0.015082855976412153	Precision@40:0.001485362477528942	Recall@80:0.0717930776763583	NDCG@80:0.019980993540791567	Precision@80:0.0012078697538548417	
Test: time=9s
Recall@20:0.028426729616727868	NDCG@20:0.013745983295722955	Precision@20:0.0035783732421611676	Recall@40:0.04691944032685345	NDCG@40:0.018553627828960865	Precision@40:0.0030125851274193445	Recall@80:0.07585981127329028	NDCG@80:0.024917339594817206	Precision@80:0.0024913578760331605	
U-B Train Epoch: 2 [2048/217864 (1%)]	Loss: 1.328367
U-B Train Epoch: 2 [43008/217864 (20%)]	Loss: 1.327789
U-B Train Epoch: 2 [83968/217864 (38%)]	Loss: 1.321453
U-B Train Epoch: 2 [124928/217864 (57%)]	Loss: 1.319289
U-B Train Epoch: 2 [165888/217864 (76%)]	Loss: 1.317445
U-B Train Epoch: 2 [206848/217864 (94%)]	Loss: 1.315802
Train Epoch: 2: time = 160s
U-B Train Epoch: 3 [2048/217864 (1%)]	Loss: 1.313580
U-B Train Epoch: 3 [43008/217864 (20%)]	Loss: 1.309499
U-B Train Epoch: 3 [83968/217864 (38%)]	Loss: 1.304443
U-B Train Epoch: 3 [124928/217864 (57%)]	Loss: 1.297921
U-B Train Epoch: 3 [165888/217864 (76%)]	Loss: 1.296695
U-B Train Epoch: 3 [206848/217864 (94%)]	Loss: 1.268624
Train Epoch: 3: time = 160s
U-B Train Epoch: 4 [2048/217864 (1%)]	Loss: 1.268847
U-B Train Epoch: 4 [43008/217864 (20%)]	Loss: 1.263391
U-B Train Epoch: 4 [83968/217864 (38%)]	Loss: 1.250517
U-B Train Epoch: 4 [124928/217864 (57%)]	Loss: 1.243569
U-B Train Epoch: 4 [165888/217864 (76%)]	Loss: 1.237074
U-B Train Epoch: 4 [206848/217864 (94%)]	Loss: 1.226982
Train Epoch: 4: time = 160s
U-B Train Epoch: 5 [2048/217864 (1%)]	Loss: 1.205252
U-B Train Epoch: 5 [43008/217864 (20%)]	Loss: 1.197365
U-B Train Epoch: 5 [83968/217864 (38%)]	Loss: 1.195158
U-B Train Epoch: 5 [124928/217864 (57%)]	Loss: 1.185299
U-B Train Epoch: 5 [165888/217864 (76%)]	Loss: 1.173622
U-B Train Epoch: 5 [206848/217864 (94%)]	Loss: 1.146689
Train Epoch: 5: time = 156s
U-B Train Epoch: 6 [2048/217864 (1%)]	Loss: 1.126561
U-B Train Epoch: 6 [43008/217864 (20%)]	Loss: 1.119508
U-B Train Epoch: 6 [83968/217864 (38%)]	Loss: 1.107152
U-B Train Epoch: 6 [124928/217864 (57%)]	Loss: 1.100420
U-B Train Epoch: 6 [165888/217864 (76%)]	Loss: 1.075616
U-B Train Epoch: 6 [206848/217864 (94%)]	Loss: 1.032425
Train Epoch: 6: time = 153s
Test: time=9s
Recall@20:0.010443070646469184	NDCG@20:0.004210525665476884	Precision@20:0.0008101976962845205	Recall@40:0.01953114903847574	NDCG@40:0.006208142606334062	Precision@40:0.0007521335220277677	Recall@80:0.03494160724172997	NDCG@80:0.009061210939999313	Precision@80:0.0006751647659520989	
Test: time=10s
Recall@20:0.01139623132112076	NDCG@20:0.005499095307373133	Precision@20:0.0018148428583500567	Recall@40:0.020665036263084184	NDCG@40:0.008065489213642038	Precision@40:0.001670357583182618	Recall@80:0.03699162249252453	NDCG@80:0.011778452438374273	Precision@80:0.0014610565233799788	
U-B Train Epoch: 7 [2048/217864 (1%)]	Loss: 1.048694
U-B Train Epoch: 7 [43008/217864 (20%)]	Loss: 1.030229
U-B Train Epoch: 7 [83968/217864 (38%)]	Loss: 1.012671
U-B Train Epoch: 7 [124928/217864 (57%)]	Loss: 1.019255
U-B Train Epoch: 7 [165888/217864 (76%)]	Loss: 1.015535
U-B Train Epoch: 7 [206848/217864 (94%)]	Loss: 1.005369
Train Epoch: 7: time = 156s
U-B Train Epoch: 8 [2048/217864 (1%)]	Loss: 0.998493
U-B Train Epoch: 8 [43008/217864 (20%)]	Loss: 0.997407
U-B Train Epoch: 8 [83968/217864 (38%)]	Loss: 0.987382
U-B Train Epoch: 8 [124928/217864 (57%)]	Loss: 0.984503
U-B Train Epoch: 8 [165888/217864 (76%)]	Loss: 0.980788
U-B Train Epoch: 8 [206848/217864 (94%)]	Loss: 0.978136
Train Epoch: 8: time = 156s
U-B Train Epoch: 9 [2048/217864 (1%)]	Loss: 0.962252
U-B Train Epoch: 9 [43008/217864 (20%)]	Loss: 0.958334
U-B Train Epoch: 9 [83968/217864 (38%)]	Loss: 0.972909
U-B Train Epoch: 9 [124928/217864 (57%)]	Loss: 0.939825
U-B Train Epoch: 9 [165888/217864 (76%)]	Loss: 0.992265
U-B Train Epoch: 9 [206848/217864 (94%)]	Loss: 0.958154
Train Epoch: 9: time = 157s
U-B Train Epoch: 10 [2048/217864 (1%)]	Loss: 0.962384
U-B Train Epoch: 10 [43008/217864 (20%)]	Loss: 0.946914
U-B Train Epoch: 10 [83968/217864 (38%)]	Loss: 0.948709
U-B Train Epoch: 10 [124928/217864 (57%)]	Loss: 0.964766
U-B Train Epoch: 10 [165888/217864 (76%)]	Loss: 0.931352
U-B Train Epoch: 10 [206848/217864 (94%)]	Loss: 0.958531
Train Epoch: 10: time = 154s
U-B Train Epoch: 11 [2048/217864 (1%)]	Loss: 0.930639
U-B Train Epoch: 11 [43008/217864 (20%)]	Loss: 0.925157
U-B Train Epoch: 11 [83968/217864 (38%)]	Loss: 0.932897
U-B Train Epoch: 11 [124928/217864 (57%)]	Loss: 0.931807
U-B Train Epoch: 11 [165888/217864 (76%)]	Loss: 0.936336
U-B Train Epoch: 11 [206848/217864 (94%)]	Loss: 0.934803
Train Epoch: 11: time = 152s
Test: time=11s
Recall@20:0.021912970063340476	NDCG@20:0.008907570325878845	Precision@20:0.001609592761394078	Recall@40:0.03749924583286707	NDCG@40:0.012340744885896598	Precision@40:0.001413794999614807	Recall@80:0.0637405945026966	NDCG@80:0.01718397486656727	Precision@80:0.0012078697409770962	
Test: time=9s
Recall@20:0.024242314932296637	NDCG@20:0.01202050828516477	Precision@20:0.003651290956513985	Recall@40:0.040649837508525605	NDCG@40:0.01645463169992543	Precision@40:0.0031003565661809583	Recall@80:0.06711093336585224	NDCG@80:0.022408485052020782	Precision@80:0.0025521228113068325	
U-B Train Epoch: 12 [2048/217864 (1%)]	Loss: 0.909062
U-B Train Epoch: 12 [43008/217864 (20%)]	Loss: 0.918998
U-B Train Epoch: 12 [83968/217864 (38%)]	Loss: 0.933340
U-B Train Epoch: 12 [124928/217864 (57%)]	Loss: 0.928074
U-B Train Epoch: 12 [165888/217864 (76%)]	Loss: 0.937226
U-B Train Epoch: 12 [206848/217864 (94%)]	Loss: 0.934645
Train Epoch: 12: time = 157s
U-B Train Epoch: 13 [2048/217864 (1%)]	Loss: 0.928922
U-B Train Epoch: 13 [43008/217864 (20%)]	Loss: 0.942069
U-B Train Epoch: 13 [83968/217864 (38%)]	Loss: 0.921615
U-B Train Epoch: 13 [124928/217864 (57%)]	Loss: 0.915154
U-B Train Epoch: 13 [165888/217864 (76%)]	Loss: 0.909744
U-B Train Epoch: 13 [206848/217864 (94%)]	Loss: 0.904416
Train Epoch: 13: time = 159s
U-B Train Epoch: 14 [2048/217864 (1%)]	Loss: 0.910437
U-B Train Epoch: 14 [43008/217864 (20%)]	Loss: 0.920036
U-B Train Epoch: 14 [83968/217864 (38%)]	Loss: 0.914733
U-B Train Epoch: 14 [124928/217864 (57%)]	Loss: 0.936893
U-B Train Epoch: 14 [165888/217864 (76%)]	Loss: 0.923905
U-B Train Epoch: 14 [206848/217864 (94%)]	Loss: 0.911349
Train Epoch: 14: time = 157s
U-B Train Epoch: 15 [2048/217864 (1%)]	Loss: 0.927552
U-B Train Epoch: 15 [43008/217864 (20%)]	Loss: 0.904045
U-B Train Epoch: 15 [83968/217864 (38%)]	Loss: 0.916039
U-B Train Epoch: 15 [124928/217864 (57%)]	Loss: 0.884074
U-B Train Epoch: 15 [165888/217864 (76%)]	Loss: 0.897639
U-B Train Epoch: 15 [206848/217864 (94%)]	Loss: 0.929397
Train Epoch: 15: time = 157s
U-B Train Epoch: 16 [2048/217864 (1%)]	Loss: 0.951150
U-B Train Epoch: 16 [43008/217864 (20%)]	Loss: 0.933343
U-B Train Epoch: 16 [83968/217864 (38%)]	Loss: 0.908717
U-B Train Epoch: 16 [124928/217864 (57%)]	Loss: 0.926787
U-B Train Epoch: 16 [165888/217864 (76%)]	Loss: 0.887012
U-B Train Epoch: 16 [206848/217864 (94%)]	Loss: 0.912605
Train Epoch: 16: time = 153s
Test: time=9s
Recall@20:0.03029673764267042	NDCG@20:0.012772849559835446	Precision@20:0.0022064384076640894	Recall@40:0.05164867942812531	NDCG@40:0.017454277713162037	Precision@40:0.0018931619546912306	Recall@80:0.08481996801433417	NDCG@80:0.02356694221651115	Precision@80:0.001571783535782096	
Test: time=9s
Recall@20:0.03255755695035188	NDCG@20:0.01652919683366792	Precision@20:0.004831479128099639	Recall@40:0.05484471885666317	NDCG@40:0.02241863984969956	Precision@40:0.004034784525404279	Recall@80:0.08778384664963476	NDCG@80:0.02992736573377438	Precision@80:0.003313033452904017	
U-B Train Epoch: 17 [2048/217864 (1%)]	Loss: 0.886385
U-B Train Epoch: 17 [43008/217864 (20%)]	Loss: 0.893073
U-B Train Epoch: 17 [83968/217864 (38%)]	Loss: 0.881051
U-B Train Epoch: 17 [124928/217864 (57%)]	Loss: 0.892614
U-B Train Epoch: 17 [165888/217864 (76%)]	Loss: 0.898169
U-B Train Epoch: 17 [206848/217864 (94%)]	Loss: 0.903506
Train Epoch: 17: time = 157s
U-B Train Epoch: 18 [2048/217864 (1%)]	Loss: 0.901181
U-B Train Epoch: 18 [43008/217864 (20%)]	Loss: 0.864152
U-B Train Epoch: 18 [83968/217864 (38%)]	Loss: 0.901699
U-B Train Epoch: 18 [124928/217864 (57%)]	Loss: 0.876935
U-B Train Epoch: 18 [165888/217864 (76%)]	Loss: 0.889866
U-B Train Epoch: 18 [206848/217864 (94%)]	Loss: 0.873485
Train Epoch: 18: time = 156s
U-B Train Epoch: 19 [2048/217864 (1%)]	Loss: 0.926409
U-B Train Epoch: 19 [43008/217864 (20%)]	Loss: 0.879407
U-B Train Epoch: 19 [83968/217864 (38%)]	Loss: 0.926530
U-B Train Epoch: 19 [124928/217864 (57%)]	Loss: 0.888098
U-B Train Epoch: 19 [165888/217864 (76%)]	Loss: 0.872265
U-B Train Epoch: 19 [206848/217864 (94%)]	Loss: 0.891858
Train Epoch: 19: time = 156s
U-B Train Epoch: 20 [2048/217864 (1%)]	Loss: 0.893263
U-B Train Epoch: 20 [43008/217864 (20%)]	Loss: 0.892421
U-B Train Epoch: 20 [83968/217864 (38%)]	Loss: 0.901946
U-B Train Epoch: 20 [124928/217864 (57%)]	Loss: 0.859187
U-B Train Epoch: 20 [165888/217864 (76%)]	Loss: 0.877005
U-B Train Epoch: 20 [206848/217864 (94%)]	Loss: 0.886517
Train Epoch: 20: time = 152s
U-B Train Epoch: 21 [2048/217864 (1%)]	Loss: 0.877757
U-B Train Epoch: 21 [43008/217864 (20%)]	Loss: 0.897982
U-B Train Epoch: 21 [83968/217864 (38%)]	Loss: 0.909398
U-B Train Epoch: 21 [124928/217864 (57%)]	Loss: 0.899727
U-B Train Epoch: 21 [165888/217864 (76%)]	Loss: 0.932254
U-B Train Epoch: 21 [206848/217864 (94%)]	Loss: 0.875293
Train Epoch: 21: time = 151s
Test: time=10s
Recall@20:0.038087494239135426	NDCG@20:0.015632041358041162	Precision@20:0.002719563568360839	Recall@40:0.06217070595291169	NDCG@40:0.02091092444965156	Precision@40:0.002252349609675515	Recall@80:0.10223400673933751	NDCG@80:0.028271091129863007	Precision@80:0.0018715567068287682	
Test: time=11s
Recall@20:0.04028311153847442	NDCG@20:0.02066411639284956	Precision@20:0.00583072275686331	Recall@40:0.06749391813341042	NDCG@40:0.027840236550185134	Precision@40:0.004892243664968062	Recall@80:0.10568927984535405	NDCG@80:0.03646824979828464	Precision@80:0.0038970509676615464	
U-B Train Epoch: 22 [2048/217864 (1%)]	Loss: 0.888661
U-B Train Epoch: 22 [43008/217864 (20%)]	Loss: 0.862066
U-B Train Epoch: 22 [83968/217864 (38%)]	Loss: 0.889823
U-B Train Epoch: 22 [124928/217864 (57%)]	Loss: 0.873473
U-B Train Epoch: 22 [165888/217864 (76%)]	Loss: 0.881512
U-B Train Epoch: 22 [206848/217864 (94%)]	Loss: 0.894736
Train Epoch: 22: time = 154s
U-B Train Epoch: 23 [2048/217864 (1%)]	Loss: 0.875758
U-B Train Epoch: 23 [43008/217864 (20%)]	Loss: 0.856250
U-B Train Epoch: 23 [83968/217864 (38%)]	Loss: 0.856624
U-B Train Epoch: 23 [124928/217864 (57%)]	Loss: 0.897551
U-B Train Epoch: 23 [165888/217864 (76%)]	Loss: 0.863672
U-B Train Epoch: 23 [206848/217864 (94%)]	Loss: 0.880140
Train Epoch: 23: time = 158s
U-B Train Epoch: 24 [2048/217864 (1%)]	Loss: 0.874495
U-B Train Epoch: 24 [43008/217864 (20%)]	Loss: 0.894942
U-B Train Epoch: 24 [83968/217864 (38%)]	Loss: 0.866820
U-B Train Epoch: 24 [124928/217864 (57%)]	Loss: 0.846335
U-B Train Epoch: 24 [165888/217864 (76%)]	Loss: 0.861475
U-B Train Epoch: 24 [206848/217864 (94%)]	Loss: 0.878446
Train Epoch: 24: time = 158s
U-B Train Epoch: 25 [2048/217864 (1%)]	Loss: 0.833959
U-B Train Epoch: 25 [43008/217864 (20%)]	Loss: 0.883252
U-B Train Epoch: 25 [83968/217864 (38%)]	Loss: 0.881183
U-B Train Epoch: 25 [124928/217864 (57%)]	Loss: 0.870905
U-B Train Epoch: 25 [165888/217864 (76%)]	Loss: 0.882360
U-B Train Epoch: 25 [206848/217864 (94%)]	Loss: 0.873630
Train Epoch: 25: time = 155s
U-B Train Epoch: 26 [2048/217864 (1%)]	Loss: 0.864154
U-B Train Epoch: 26 [43008/217864 (20%)]	Loss: 0.855170
U-B Train Epoch: 26 [83968/217864 (38%)]	Loss: 0.851828
U-B Train Epoch: 26 [124928/217864 (57%)]	Loss: 0.862482
U-B Train Epoch: 26 [165888/217864 (76%)]	Loss: 0.864418
U-B Train Epoch: 26 [206848/217864 (94%)]	Loss: 0.884059
Train Epoch: 26: time = 155s
Test: time=10s
Recall@20:0.04273307517909767	NDCG@20:0.018034055421789458	Precision@20:0.0030679486573637464	Recall@40:0.06989416958150692	NDCG@40:0.023996035197879115	Precision@40:0.002539969778697074	Recall@80:0.11325484109231355	NDCG@80:0.03199087186522626	Precision@80:0.0020828832235065355	
Test: time=10s
Recall@20:0.046712402984752655	NDCG@20:0.023994444062285614	Precision@20:0.006689532330861112	Recall@40:0.07587772272338077	NDCG@40:0.03171400592717829	Precision@40:0.0054931403577900785	Recall@80:0.11728257938223059	NDCG@80:0.0410291094417846	Precision@80:0.00429809884973771	
U-B Train Epoch: 27 [2048/217864 (1%)]	Loss: 0.852466
U-B Train Epoch: 27 [43008/217864 (20%)]	Loss: 0.832508
U-B Train Epoch: 27 [83968/217864 (38%)]	Loss: 0.880668
U-B Train Epoch: 27 [124928/217864 (57%)]	Loss: 0.859230
U-B Train Epoch: 27 [165888/217864 (76%)]	Loss: 0.845985
U-B Train Epoch: 27 [206848/217864 (94%)]	Loss: 0.865339
Train Epoch: 27: time = 157s
U-B Train Epoch: 28 [2048/217864 (1%)]	Loss: 0.885557
U-B Train Epoch: 28 [43008/217864 (20%)]	Loss: 0.871905
U-B Train Epoch: 28 [83968/217864 (38%)]	Loss: 0.885239
U-B Train Epoch: 28 [124928/217864 (57%)]	Loss: 0.891502
U-B Train Epoch: 28 [165888/217864 (76%)]	Loss: 0.842196
U-B Train Epoch: 28 [206848/217864 (94%)]	Loss: 0.850802
Train Epoch: 28: time = 157s
U-B Train Epoch: 29 [2048/217864 (1%)]	Loss: 0.851603
U-B Train Epoch: 29 [43008/217864 (20%)]	Loss: 0.835891
U-B Train Epoch: 29 [83968/217864 (38%)]	Loss: 0.871573
U-B Train Epoch: 29 [124928/217864 (57%)]	Loss: 0.858699
U-B Train Epoch: 29 [165888/217864 (76%)]	Loss: 0.854966
U-B Train Epoch: 29 [206848/217864 (94%)]	Loss: 0.873956
Train Epoch: 29: time = 157s
U-B Train Epoch: 30 [2048/217864 (1%)]	Loss: 0.827787
U-B Train Epoch: 30 [43008/217864 (20%)]	Loss: 0.835013
U-B Train Epoch: 30 [83968/217864 (38%)]	Loss: 0.860079
U-B Train Epoch: 30 [124928/217864 (57%)]	Loss: 0.851485
U-B Train Epoch: 30 [165888/217864 (76%)]	Loss: 0.872935
U-B Train Epoch: 30 [206848/217864 (94%)]	Loss: 0.877024
Train Epoch: 30: time = 154s
U-B Train Epoch: 31 [2048/217864 (1%)]	Loss: 0.842721
U-B Train Epoch: 31 [43008/217864 (20%)]	Loss: 0.833109
U-B Train Epoch: 31 [83968/217864 (38%)]	Loss: 0.839900
U-B Train Epoch: 31 [124928/217864 (57%)]	Loss: 0.844602
U-B Train Epoch: 31 [165888/217864 (76%)]	Loss: 0.845144
U-B Train Epoch: 31 [206848/217864 (94%)]	Loss: 0.861282
Train Epoch: 31: time = 154s
Test: time=10s
Recall@20:0.04748288853915139	NDCG@20:0.019936114688072604	Precision@20:0.0034109322629660528	Recall@40:0.07566677206623976	NDCG@40:0.026101044242449273	Precision@40:0.00273306689938343	Recall@80:0.12297509145927285	NDCG@80:0.03479685834382103	Precision@80:0.002246273095785213	
Test: time=9s
Recall@20:0.04976038882834641	NDCG@20:0.026109560810619468	Precision@20:0.007167549006841321	Recall@40:0.08201748760495779	NDCG@40:0.03461623454539503	Precision@40:0.0059157935488979956	Recall@80:0.12794277942810356	NDCG@80:0.04496278499596266	Precision@80:0.0046721400858658725	
U-B Train Epoch: 32 [2048/217864 (1%)]	Loss: 0.859005
U-B Train Epoch: 32 [43008/217864 (20%)]	Loss: 0.854170
U-B Train Epoch: 32 [83968/217864 (38%)]	Loss: 0.860070
U-B Train Epoch: 32 [124928/217864 (57%)]	Loss: 0.884575
U-B Train Epoch: 32 [165888/217864 (76%)]	Loss: 0.849655
U-B Train Epoch: 32 [206848/217864 (94%)]	Loss: 0.873334
Train Epoch: 32: time = 155s
U-B Train Epoch: 33 [2048/217864 (1%)]	Loss: 0.840333
U-B Train Epoch: 33 [43008/217864 (20%)]	Loss: 0.852970
U-B Train Epoch: 33 [83968/217864 (38%)]	Loss: 0.843854
U-B Train Epoch: 33 [124928/217864 (57%)]	Loss: 0.840029
U-B Train Epoch: 33 [165888/217864 (76%)]	Loss: 0.836417
U-B Train Epoch: 33 [206848/217864 (94%)]	Loss: 0.874647
Train Epoch: 33: time = 155s
U-B Train Epoch: 34 [2048/217864 (1%)]	Loss: 0.835845
U-B Train Epoch: 34 [43008/217864 (20%)]	Loss: 0.830419
U-B Train Epoch: 34 [83968/217864 (38%)]	Loss: 0.875640
U-B Train Epoch: 34 [124928/217864 (57%)]	Loss: 0.843436
U-B Train Epoch: 34 [165888/217864 (76%)]	Loss: 0.825857
U-B Train Epoch: 34 [206848/217864 (94%)]	Loss: 0.839335
Train Epoch: 34: time = 158s
U-B Train Epoch: 35 [2048/217864 (1%)]	Loss: 0.827867
U-B Train Epoch: 35 [43008/217864 (20%)]	Loss: 0.818163
U-B Train Epoch: 35 [83968/217864 (38%)]	Loss: 0.844227
U-B Train Epoch: 35 [124928/217864 (57%)]	Loss: 0.871259
U-B Train Epoch: 35 [165888/217864 (76%)]	Loss: 0.824680
U-B Train Epoch: 35 [206848/217864 (94%)]	Loss: 0.864571
Train Epoch: 35: time = 156s
U-B Train Epoch: 36 [2048/217864 (1%)]	Loss: 0.870002
U-B Train Epoch: 36 [43008/217864 (20%)]	Loss: 0.827262
U-B Train Epoch: 36 [83968/217864 (38%)]	Loss: 0.858655
U-B Train Epoch: 36 [124928/217864 (57%)]	Loss: 0.851131
U-B Train Epoch: 36 [165888/217864 (76%)]	Loss: 0.866907
U-B Train Epoch: 36 [206848/217864 (94%)]	Loss: 0.864055
Train Epoch: 36: time = 156s
Test: time=10s
Recall@20:0.05249684181740851	NDCG@20:0.021966310406112383	Precision@20:0.003756616631194996	Recall@40:0.08269648728623585	NDCG@40:0.028558264763061385	Precision@40:0.002980177189627206	Recall@80:0.12993242555964235	NDCG@80:0.037223100997052824	Precision@80:0.0023651020387098058	
Test: time=10s
Recall@20:0.05297088442758439	NDCG@20:0.027923989890911313	Precision@20:0.007583450528011217	Recall@40:0.08747339398039074	NDCG@40:0.03701341575868987	Precision@40:0.006279032228703091	Recall@80:0.13494163745807186	NDCG@80:0.04772187080292641	Precision@80:0.004932078407819603	
U-B Train Epoch: 37 [2048/217864 (1%)]	Loss: 0.873901
U-B Train Epoch: 37 [43008/217864 (20%)]	Loss: 0.839112
U-B Train Epoch: 37 [83968/217864 (38%)]	Loss: 0.834497
U-B Train Epoch: 37 [124928/217864 (57%)]	Loss: 0.838381
U-B Train Epoch: 37 [165888/217864 (76%)]	Loss: 0.876461
U-B Train Epoch: 37 [206848/217864 (94%)]	Loss: 0.857554
Train Epoch: 37: time = 137s
U-B Train Epoch: 38 [2048/217864 (1%)]	Loss: 0.824137
U-B Train Epoch: 38 [43008/217864 (20%)]	Loss: 0.867489
U-B Train Epoch: 38 [83968/217864 (38%)]	Loss: 0.832931
U-B Train Epoch: 38 [124928/217864 (57%)]	Loss: 0.880625
U-B Train Epoch: 38 [165888/217864 (76%)]	Loss: 0.881617
U-B Train Epoch: 38 [206848/217864 (94%)]	Loss: 0.897160
Train Epoch: 38: time = 134s
U-B Train Epoch: 39 [2048/217864 (1%)]	Loss: 0.869507
U-B Train Epoch: 39 [43008/217864 (20%)]	Loss: 0.861476
U-B Train Epoch: 39 [83968/217864 (38%)]	Loss: 0.878347
U-B Train Epoch: 39 [124928/217864 (57%)]	Loss: 0.842037
U-B Train Epoch: 39 [165888/217864 (76%)]	Loss: 0.895232
U-B Train Epoch: 39 [206848/217864 (94%)]	Loss: 0.877876
Train Epoch: 39: time = 136s
U-B Train Epoch: 40 [2048/217864 (1%)]	Loss: 0.849844
U-B Train Epoch: 40 [43008/217864 (20%)]	Loss: 0.866015
U-B Train Epoch: 40 [83968/217864 (38%)]	Loss: 0.855252
U-B Train Epoch: 40 [124928/217864 (57%)]	Loss: 0.839157
U-B Train Epoch: 40 [165888/217864 (76%)]	Loss: 0.862135
U-B Train Epoch: 40 [206848/217864 (94%)]	Loss: 0.846658
Train Epoch: 40: time = 132s
U-B Train Epoch: 41 [2048/217864 (1%)]	Loss: 0.848122
U-B Train Epoch: 41 [43008/217864 (20%)]	Loss: 0.814613
U-B Train Epoch: 41 [83968/217864 (38%)]	Loss: 0.833400
U-B Train Epoch: 41 [124928/217864 (57%)]	Loss: 0.859034
U-B Train Epoch: 41 [165888/217864 (76%)]	Loss: 0.870869
U-B Train Epoch: 41 [206848/217864 (94%)]	Loss: 0.849899
Train Epoch: 41: time = 132s
Test: time=9s
Recall@20:0.054657249480559965	NDCG@20:0.023097357843173842	Precision@20:0.003907853618957987	Recall@40:0.08720384159728932	NDCG@40:0.030222724706652458	Precision@40:0.0031449174528775108	Recall@80:0.13628648812742256	NDCG@80:0.03922656798859813	Precision@80:0.0024758291589630412	
Test: time=9s
Recall@20:0.05644951802138647	NDCG@20:0.029616017674889823	Precision@20:0.008004753239613006	Recall@40:0.09112841255968483	NDCG@40:0.038793206382315475	Precision@40:0.006545047156301059	Recall@80:0.1403025405329943	NDCG@80:0.04990923578543167	Precision@80:0.005136653354361877	
U-B Train Epoch: 42 [2048/217864 (1%)]	Loss: 0.843946
U-B Train Epoch: 42 [43008/217864 (20%)]	Loss: 0.843319
U-B Train Epoch: 42 [83968/217864 (38%)]	Loss: 0.811827
U-B Train Epoch: 42 [124928/217864 (57%)]	Loss: 0.825821
U-B Train Epoch: 42 [165888/217864 (76%)]	Loss: 0.829983
U-B Train Epoch: 42 [206848/217864 (94%)]	Loss: 0.846285
Train Epoch: 42: time = 136s
U-B Train Epoch: 43 [2048/217864 (1%)]	Loss: 0.829073
U-B Train Epoch: 43 [43008/217864 (20%)]	Loss: 0.866713
U-B Train Epoch: 43 [83968/217864 (38%)]	Loss: 0.828138
U-B Train Epoch: 43 [124928/217864 (57%)]	Loss: 0.869043
U-B Train Epoch: 43 [165888/217864 (76%)]	Loss: 0.865814
U-B Train Epoch: 43 [206848/217864 (94%)]	Loss: 0.820208
Train Epoch: 43: time = 136s
U-B Train Epoch: 44 [2048/217864 (1%)]	Loss: 0.832775
U-B Train Epoch: 44 [43008/217864 (20%)]	Loss: 0.832157
U-B Train Epoch: 44 [83968/217864 (38%)]	Loss: 0.819151
U-B Train Epoch: 44 [124928/217864 (57%)]	Loss: 0.840550
U-B Train Epoch: 44 [165888/217864 (76%)]	Loss: 0.860751
U-B Train Epoch: 44 [206848/217864 (94%)]	Loss: 0.840212
Train Epoch: 44: time = 134s
U-B Train Epoch: 45 [2048/217864 (1%)]	Loss: 0.827226
U-B Train Epoch: 45 [43008/217864 (20%)]	Loss: 0.867346
U-B Train Epoch: 45 [83968/217864 (38%)]	Loss: 0.830099
U-B Train Epoch: 45 [124928/217864 (57%)]	Loss: 0.863616
U-B Train Epoch: 45 [165888/217864 (76%)]	Loss: 0.820965
U-B Train Epoch: 45 [206848/217864 (94%)]	Loss: 0.811368
Train Epoch: 45: time = 135s
U-B Train Epoch: 46 [2048/217864 (1%)]	Loss: 0.846902
U-B Train Epoch: 46 [43008/217864 (20%)]	Loss: 0.833699
U-B Train Epoch: 46 [83968/217864 (38%)]	Loss: 0.865994
U-B Train Epoch: 46 [124928/217864 (57%)]	Loss: 0.846706
U-B Train Epoch: 46 [165888/217864 (76%)]	Loss: 0.868632
U-B Train Epoch: 46 [206848/217864 (94%)]	Loss: 0.842597
Train Epoch: 46: time = 135s
Test: time=8s
Recall@20:0.056956623058230495	NDCG@20:0.024113517452988755	Precision@20:0.00406719245192839	Recall@40:0.09095901359656182	NDCG@40:0.031523005499030546	Precision@40:0.0032650967714814086	Recall@80:0.1422441805414779	NDCG@80:0.04091649881201995	Precision@80:0.0025683266973024156	
Test: time=9s
Recall@20:0.058328064855365604	NDCG@20:0.030860233708670422	Precision@20:0.008326131690716504	Recall@40:0.09508521008004737	NDCG@40:0.04051651457054795	Precision@40:0.00681241231228912	Recall@80:0.14540262738430076	NDCG@80:0.05186067495977594	Precision@80:0.005306119819407047	
U-B Train Epoch: 47 [2048/217864 (1%)]	Loss: 0.806208
U-B Train Epoch: 47 [43008/217864 (20%)]	Loss: 0.854894
U-B Train Epoch: 47 [83968/217864 (38%)]	Loss: 0.855119
U-B Train Epoch: 47 [124928/217864 (57%)]	Loss: 0.859249
U-B Train Epoch: 47 [165888/217864 (76%)]	Loss: 0.857076
U-B Train Epoch: 47 [206848/217864 (94%)]	Loss: 0.856936
Train Epoch: 47: time = 139s
U-B Train Epoch: 48 [2048/217864 (1%)]	Loss: 0.839221
U-B Train Epoch: 48 [43008/217864 (20%)]	Loss: 0.867046
U-B Train Epoch: 48 [83968/217864 (38%)]	Loss: 0.833915
U-B Train Epoch: 48 [124928/217864 (57%)]	Loss: 0.853512
U-B Train Epoch: 48 [165888/217864 (76%)]	Loss: 0.844914
U-B Train Epoch: 48 [206848/217864 (94%)]	Loss: 0.870398
Train Epoch: 48: time = 136s
U-B Train Epoch: 49 [2048/217864 (1%)]	Loss: 0.845677
U-B Train Epoch: 49 [43008/217864 (20%)]	Loss: 0.831304
U-B Train Epoch: 49 [83968/217864 (38%)]	Loss: 0.832467
U-B Train Epoch: 49 [124928/217864 (57%)]	Loss: 0.840900
U-B Train Epoch: 49 [165888/217864 (76%)]	Loss: 0.846556
U-B Train Epoch: 49 [206848/217864 (94%)]	Loss: 0.826307
Train Epoch: 49: time = 133s
U-B Train Epoch: 50 [2048/217864 (1%)]	Loss: 0.821280
U-B Train Epoch: 50 [43008/217864 (20%)]	Loss: 0.850146
U-B Train Epoch: 50 [83968/217864 (38%)]	Loss: 0.838901
U-B Train Epoch: 50 [124928/217864 (57%)]	Loss: 0.828984
U-B Train Epoch: 50 [165888/217864 (76%)]	Loss: 0.815790
U-B Train Epoch: 50 [206848/217864 (94%)]	Loss: 0.841207
Train Epoch: 50: time = 148s
U-B Train Epoch: 51 [2048/217864 (1%)]	Loss: 0.829318
U-B Train Epoch: 51 [43008/217864 (20%)]	Loss: 0.821122
U-B Train Epoch: 51 [83968/217864 (38%)]	Loss: 0.857861
U-B Train Epoch: 51 [124928/217864 (57%)]	Loss: 0.876280
U-B Train Epoch: 51 [165888/217864 (76%)]	Loss: 0.850940
U-B Train Epoch: 51 [206848/217864 (94%)]	Loss: 0.825134
Train Epoch: 51: time = 154s
Test: time=10s
Recall@20:0.059011816450467026	NDCG@20:0.025173761873738716	Precision@20:0.004188722074579134	Recall@40:0.09345587038821274	NDCG@40:0.0326816254124678	Precision@40:0.0033582694747219515	Recall@80:0.14401247311555324	NDCG@80:0.04199068116436023	Precision@80:0.0026189641357176477	
Test: time=9s
Recall@20:0.060677460953472526	NDCG@20:0.03215326994506203	Precision@20:0.00859079650582409	Recall@40:0.09665590683713618	NDCG@40:0.041715950073196034	Precision@40:0.006969050624090613	Recall@80:0.14952016595348216	NDCG@80:0.05360275696920012	Precision@80:0.005459382326824176	
U-B Train Epoch: 52 [2048/217864 (1%)]	Loss: 0.857446
U-B Train Epoch: 52 [43008/217864 (20%)]	Loss: 0.809407
U-B Train Epoch: 52 [83968/217864 (38%)]	Loss: 0.835502
U-B Train Epoch: 52 [124928/217864 (57%)]	Loss: 0.826853
U-B Train Epoch: 52 [165888/217864 (76%)]	Loss: 0.829252
U-B Train Epoch: 52 [206848/217864 (94%)]	Loss: 0.844205
Train Epoch: 52: time = 162s
U-B Train Epoch: 53 [2048/217864 (1%)]	Loss: 0.837047
U-B Train Epoch: 53 [43008/217864 (20%)]	Loss: 0.839154
U-B Train Epoch: 53 [83968/217864 (38%)]	Loss: 0.808488
U-B Train Epoch: 53 [124928/217864 (57%)]	Loss: 0.836140
U-B Train Epoch: 53 [165888/217864 (76%)]	Loss: 0.847463
U-B Train Epoch: 53 [206848/217864 (94%)]	Loss: 0.868289
Train Epoch: 53: time = 162s
U-B Train Epoch: 54 [2048/217864 (1%)]	Loss: 0.848440
U-B Train Epoch: 54 [43008/217864 (20%)]	Loss: 0.836898
U-B Train Epoch: 54 [83968/217864 (38%)]	Loss: 0.836276
U-B Train Epoch: 54 [124928/217864 (57%)]	Loss: 0.813408
U-B Train Epoch: 54 [165888/217864 (76%)]	Loss: 0.818861
U-B Train Epoch: 54 [206848/217864 (94%)]	Loss: 0.861960
Train Epoch: 54: time = 162s
U-B Train Epoch: 55 [2048/217864 (1%)]	Loss: 0.826830
U-B Train Epoch: 55 [43008/217864 (20%)]	Loss: 0.840738
U-B Train Epoch: 55 [83968/217864 (38%)]	Loss: 0.834787
U-B Train Epoch: 55 [124928/217864 (57%)]	Loss: 0.838955
U-B Train Epoch: 55 [165888/217864 (76%)]	Loss: 0.843485
U-B Train Epoch: 55 [206848/217864 (94%)]	Loss: 0.828725
Train Epoch: 55: time = 159s
U-B Train Epoch: 56 [2048/217864 (1%)]	Loss: 0.823436
U-B Train Epoch: 56 [43008/217864 (20%)]	Loss: 0.865602
U-B Train Epoch: 56 [83968/217864 (38%)]	Loss: 0.842304
U-B Train Epoch: 56 [124928/217864 (57%)]	Loss: 0.831959
U-B Train Epoch: 56 [165888/217864 (76%)]	Loss: 0.816034
U-B Train Epoch: 56 [206848/217864 (94%)]	Loss: 0.839488
Train Epoch: 56: time = 161s
Test: time=9s
Recall@20:0.062424475860554496	NDCG@20:0.026569674426360355	Precision@20:0.004402074199445539	Recall@40:0.09617543264304354	NDCG@40:0.033926458109966605	Precision@40:0.003439289264471881	Recall@80:0.14852294445913528	NDCG@80:0.04353798795650417	Precision@80:0.0026858053522773448	
Test: time=10s
Recall@20:0.06123123172035971	NDCG@20:0.03271468267516002	Precision@20:0.008736631738144107	Recall@40:0.09953738520930186	NDCG@40:0.04280805098414228	Precision@40:0.007147294019563314	Recall@80:0.1524048314646226	NDCG@80:0.05473949137318143	Precision@80:0.005579561519870055	
U-B Train Epoch: 57 [2048/217864 (1%)]	Loss: 0.818040
U-B Train Epoch: 57 [43008/217864 (20%)]	Loss: 0.842550
U-B Train Epoch: 57 [83968/217864 (38%)]	Loss: 0.834308
U-B Train Epoch: 57 [124928/217864 (57%)]	Loss: 0.823486
U-B Train Epoch: 57 [165888/217864 (76%)]	Loss: 0.856047
U-B Train Epoch: 57 [206848/217864 (94%)]	Loss: 0.823351
Train Epoch: 57: time = 164s
U-B Train Epoch: 58 [2048/217864 (1%)]	Loss: 0.831090
U-B Train Epoch: 58 [43008/217864 (20%)]	Loss: 0.831371
U-B Train Epoch: 58 [83968/217864 (38%)]	Loss: 0.803388
U-B Train Epoch: 58 [124928/217864 (57%)]	Loss: 0.838613
U-B Train Epoch: 58 [165888/217864 (76%)]	Loss: 0.822174
U-B Train Epoch: 58 [206848/217864 (94%)]	Loss: 0.834334
Train Epoch: 58: time = 163s
U-B Train Epoch: 59 [2048/217864 (1%)]	Loss: 0.853785
U-B Train Epoch: 59 [43008/217864 (20%)]	Loss: 0.882778
U-B Train Epoch: 59 [83968/217864 (38%)]	Loss: 0.828177
U-B Train Epoch: 59 [124928/217864 (57%)]	Loss: 0.843838
U-B Train Epoch: 59 [165888/217864 (76%)]	Loss: 0.854099
U-B Train Epoch: 59 [206848/217864 (94%)]	Loss: 0.854604
Train Epoch: 59: time = 161s
U-B Train Epoch: 60 [2048/217864 (1%)]	Loss: 0.836384
U-B Train Epoch: 60 [43008/217864 (20%)]	Loss: 0.848321
U-B Train Epoch: 60 [83968/217864 (38%)]	Loss: 0.820734
U-B Train Epoch: 60 [124928/217864 (57%)]	Loss: 0.818727
U-B Train Epoch: 60 [165888/217864 (76%)]	Loss: 0.832701
U-B Train Epoch: 60 [206848/217864 (94%)]	Loss: 0.850108
Train Epoch: 60: time = 155s
U-B Train Epoch: 61 [2048/217864 (1%)]	Loss: 0.836075
U-B Train Epoch: 61 [43008/217864 (20%)]	Loss: 0.825185
U-B Train Epoch: 61 [83968/217864 (38%)]	Loss: 0.861530
U-B Train Epoch: 61 [124928/217864 (57%)]	Loss: 0.836848
U-B Train Epoch: 61 [165888/217864 (76%)]	Loss: 0.859729
U-B Train Epoch: 61 [206848/217864 (94%)]	Loss: 0.841001
Train Epoch: 61: time = 136s
Test: time=9s
Recall@20:0.06409781777834267	NDCG@20:0.026889142032523152	Precision@20:0.0045155019784985885	Recall@40:0.0989984240042052	NDCG@40:0.034468778024240566	Precision@40:0.0035338122604912426	Recall@80:0.15155462370303094	NDCG@80:0.044114921885483514	Precision@80:0.002741844020562565	
Test: time=9s
Recall@20:0.06288752376073842	NDCG@20:0.033648183024623704	Precision@20:0.008958086166987605	Recall@40:0.10113936829440753	NDCG@40:0.043739434773120714	Precision@40:0.007271524284111832	Recall@80:0.1549532997874754	NDCG@80:0.05586275668565071	Precision@80:0.005665982450150614	
U-B Train Epoch: 62 [2048/217864 (1%)]	Loss: 0.855043
U-B Train Epoch: 62 [43008/217864 (20%)]	Loss: 0.836608
U-B Train Epoch: 62 [83968/217864 (38%)]	Loss: 0.821796
U-B Train Epoch: 62 [124928/217864 (57%)]	Loss: 0.814191
U-B Train Epoch: 62 [165888/217864 (76%)]	Loss: 0.825124
U-B Train Epoch: 62 [206848/217864 (94%)]	Loss: 0.891333
Train Epoch: 62: time = 140s
U-B Train Epoch: 63 [2048/217864 (1%)]	Loss: 0.844018
U-B Train Epoch: 63 [43008/217864 (20%)]	Loss: 0.883298
U-B Train Epoch: 63 [83968/217864 (38%)]	Loss: 0.817087
U-B Train Epoch: 63 [124928/217864 (57%)]	Loss: 0.829690
U-B Train Epoch: 63 [165888/217864 (76%)]	Loss: 0.835620
U-B Train Epoch: 63 [206848/217864 (94%)]	Loss: 0.835746
Train Epoch: 63: time = 138s
U-B Train Epoch: 64 [2048/217864 (1%)]	Loss: 0.859855
U-B Train Epoch: 64 [43008/217864 (20%)]	Loss: 0.824232
U-B Train Epoch: 64 [83968/217864 (38%)]	Loss: 0.852192
U-B Train Epoch: 64 [124928/217864 (57%)]	Loss: 0.822578
U-B Train Epoch: 64 [165888/217864 (76%)]	Loss: 0.829284
U-B Train Epoch: 64 [206848/217864 (94%)]	Loss: 0.819530
Train Epoch: 64: time = 140s
U-B Train Epoch: 65 [2048/217864 (1%)]	Loss: 0.832994
U-B Train Epoch: 65 [43008/217864 (20%)]	Loss: 0.832879
U-B Train Epoch: 65 [83968/217864 (38%)]	Loss: 0.819719
U-B Train Epoch: 65 [124928/217864 (57%)]	Loss: 0.799197
U-B Train Epoch: 65 [165888/217864 (76%)]	Loss: 0.838873
U-B Train Epoch: 65 [206848/217864 (94%)]	Loss: 0.819916
Train Epoch: 65: time = 140s
U-B Train Epoch: 66 [2048/217864 (1%)]	Loss: 0.839199
U-B Train Epoch: 66 [43008/217864 (20%)]	Loss: 0.855766
U-B Train Epoch: 66 [83968/217864 (38%)]	Loss: 0.820904
U-B Train Epoch: 66 [124928/217864 (57%)]	Loss: 0.828500
U-B Train Epoch: 66 [165888/217864 (76%)]	Loss: 0.835627
U-B Train Epoch: 66 [206848/217864 (94%)]	Loss: 0.829904
Train Epoch: 66: time = 137s
Test: time=9s
Recall@20:0.06372240878238371	NDCG@20:0.027495449326189546	Precision@20:0.004550610431020765	Recall@40:0.09924437712036509	NDCG@40:0.03522605514557274	Precision@40:0.003539213573261717	Recall@80:0.15489281121425294	NDCG@80:0.04544107079750598	Precision@80:0.0028053094955169063	
Test: time=9s
Recall@20:0.06329977794382244	NDCG@20:0.03415724519546441	Precision@20:0.009047207724678473	Recall@40:0.10309404490820027	NDCG@40:0.04462564214331627	Precision@40:0.007387652708282092	Recall@80:0.1572506616037531	NDCG@80:0.05683895209263916	Precision@80:0.005751728544717372	
U-B Train Epoch: 67 [2048/217864 (1%)]	Loss: 0.800074
U-B Train Epoch: 67 [43008/217864 (20%)]	Loss: 0.827606
U-B Train Epoch: 67 [83968/217864 (38%)]	Loss: 0.837526
U-B Train Epoch: 67 [124928/217864 (57%)]	Loss: 0.811862
U-B Train Epoch: 67 [165888/217864 (76%)]	Loss: 0.844626
U-B Train Epoch: 67 [206848/217864 (94%)]	Loss: 0.835260
Train Epoch: 67: time = 146s
U-B Train Epoch: 68 [2048/217864 (1%)]	Loss: 0.838610
U-B Train Epoch: 68 [43008/217864 (20%)]	Loss: 0.806650
U-B Train Epoch: 68 [83968/217864 (38%)]	Loss: 0.843031
U-B Train Epoch: 68 [124928/217864 (57%)]	Loss: 0.851939
U-B Train Epoch: 68 [165888/217864 (76%)]	Loss: 0.823394
U-B Train Epoch: 68 [206848/217864 (94%)]	Loss: 0.840294
Train Epoch: 68: time = 146s
U-B Train Epoch: 69 [2048/217864 (1%)]	Loss: 0.859172
U-B Train Epoch: 69 [43008/217864 (20%)]	Loss: 0.812562
U-B Train Epoch: 69 [83968/217864 (38%)]	Loss: 0.830352
U-B Train Epoch: 69 [124928/217864 (57%)]	Loss: 0.827116
U-B Train Epoch: 69 [165888/217864 (76%)]	Loss: 0.824871
U-B Train Epoch: 69 [206848/217864 (94%)]	Loss: 0.851367
Train Epoch: 69: time = 144s
U-B Train Epoch: 70 [2048/217864 (1%)]	Loss: 0.836533
U-B Train Epoch: 70 [43008/217864 (20%)]	Loss: 0.828977
U-B Train Epoch: 70 [83968/217864 (38%)]	Loss: 0.843588
U-B Train Epoch: 70 [124928/217864 (57%)]	Loss: 0.807385
U-B Train Epoch: 70 [165888/217864 (76%)]	Loss: 0.825643
U-B Train Epoch: 70 [206848/217864 (94%)]	Loss: 0.833899
Train Epoch: 70: time = 142s
U-B Train Epoch: 71 [2048/217864 (1%)]	Loss: 0.844515
U-B Train Epoch: 71 [43008/217864 (20%)]	Loss: 0.845665
U-B Train Epoch: 71 [83968/217864 (38%)]	Loss: 0.833885
U-B Train Epoch: 71 [124928/217864 (57%)]	Loss: 0.831974
U-B Train Epoch: 71 [165888/217864 (76%)]	Loss: 0.826104
U-B Train Epoch: 71 [206848/217864 (94%)]	Loss: 0.821705
Train Epoch: 71: time = 137s
Test: time=9s
Recall@20:0.06654459561927666	NDCG@20:0.02859377720655524	Precision@20:0.0046964458822624545	Recall@40:0.10264732032302802	NDCG@40:0.03642578848471739	Precision@40:0.003656692296649669	Recall@80:0.15461816284972543	NDCG@80:0.04598582903561278	Precision@80:0.0027985579044550765	
Test: time=9s
Recall@20:0.06462479260978192	NDCG@20:0.03445349092989358	Precision@20:0.009147132043126619	Recall@40:0.10349811239944133	NDCG@40:0.044743657253776783	Precision@40:0.007416009587449339	Recall@80:0.1590486327965934	NDCG@80:0.057266623538321085	Precision@80:0.0058010155720395	
U-B Train Epoch: 72 [2048/217864 (1%)]	Loss: 0.866093
U-B Train Epoch: 72 [43008/217864 (20%)]	Loss: 0.798258
U-B Train Epoch: 72 [83968/217864 (38%)]	Loss: 0.811086
U-B Train Epoch: 72 [124928/217864 (57%)]	Loss: 0.862310
U-B Train Epoch: 72 [165888/217864 (76%)]	Loss: 0.799016
U-B Train Epoch: 72 [206848/217864 (94%)]	Loss: 0.839801
Train Epoch: 72: time = 140s
U-B Train Epoch: 73 [2048/217864 (1%)]	Loss: 0.868872
U-B Train Epoch: 73 [43008/217864 (20%)]	Loss: 0.800113
U-B Train Epoch: 73 [83968/217864 (38%)]	Loss: 0.841612
U-B Train Epoch: 73 [124928/217864 (57%)]	Loss: 0.862391
U-B Train Epoch: 73 [165888/217864 (76%)]	Loss: 0.839027
U-B Train Epoch: 73 [206848/217864 (94%)]	Loss: 0.844990
Train Epoch: 73: time = 139s
U-B Train Epoch: 74 [2048/217864 (1%)]	Loss: 0.792055
U-B Train Epoch: 74 [43008/217864 (20%)]	Loss: 0.842123
U-B Train Epoch: 74 [83968/217864 (38%)]	Loss: 0.854056
U-B Train Epoch: 74 [124928/217864 (57%)]	Loss: 0.819985
U-B Train Epoch: 74 [165888/217864 (76%)]	Loss: 0.844837
U-B Train Epoch: 74 [206848/217864 (94%)]	Loss: 0.828518
Train Epoch: 74: time = 139s
U-B Train Epoch: 75 [2048/217864 (1%)]	Loss: 0.818240
U-B Train Epoch: 75 [43008/217864 (20%)]	Loss: 0.792321
U-B Train Epoch: 75 [83968/217864 (38%)]	Loss: 0.837888
U-B Train Epoch: 75 [124928/217864 (57%)]	Loss: 0.837672
U-B Train Epoch: 75 [165888/217864 (76%)]	Loss: 0.823300
U-B Train Epoch: 75 [206848/217864 (94%)]	Loss: 0.831194
Train Epoch: 75: time = 140s
U-B Train Epoch: 76 [2048/217864 (1%)]	Loss: 0.833782
U-B Train Epoch: 76 [43008/217864 (20%)]	Loss: 0.857414
U-B Train Epoch: 76 [83968/217864 (38%)]	Loss: 0.828544
U-B Train Epoch: 76 [124928/217864 (57%)]	Loss: 0.849011
U-B Train Epoch: 76 [165888/217864 (76%)]	Loss: 0.798550
U-B Train Epoch: 76 [206848/217864 (94%)]	Loss: 0.830073
Train Epoch: 76: time = 129s
Test: time=8s
Recall@20:0.0661717739684208	NDCG@20:0.028994881902024854	Precision@20:0.004704547890051402	Recall@40:0.10225156927979301	NDCG@40:0.03685593896078551	Precision@40:0.003660743249033161	Recall@80:0.15899010416471612	NDCG@80:0.047300664655098815	Precision@80:0.0028816032042008337	
Test: time=9s
Recall@20:0.0664113385123337	NDCG@20:0.03544907303573478	Precision@20:0.00942530020454912	Recall@40:0.10478362293290798	NDCG@40:0.045565980627120306	Precision@40:0.007524035945880796	Recall@80:0.16109944894013245	NDCG@80:0.05823494533721373	Precision@80:0.005890812377532023	
U-B Train Epoch: 77 [2048/217864 (1%)]	Loss: 0.828853
U-B Train Epoch: 77 [43008/217864 (20%)]	Loss: 0.824989
U-B Train Epoch: 77 [83968/217864 (38%)]	Loss: 0.836282
U-B Train Epoch: 77 [124928/217864 (57%)]	Loss: 0.824198
U-B Train Epoch: 77 [165888/217864 (76%)]	Loss: 0.839202
U-B Train Epoch: 77 [206848/217864 (94%)]	Loss: 0.852949
Train Epoch: 77: time = 122s
U-B Train Epoch: 78 [2048/217864 (1%)]	Loss: 0.812118
U-B Train Epoch: 78 [43008/217864 (20%)]	Loss: 0.804988
U-B Train Epoch: 78 [83968/217864 (38%)]	Loss: 0.829681
U-B Train Epoch: 78 [124928/217864 (57%)]	Loss: 0.818877
U-B Train Epoch: 78 [165888/217864 (76%)]	Loss: 0.811812
U-B Train Epoch: 78 [206848/217864 (94%)]	Loss: 0.834141
Train Epoch: 78: time = 123s
U-B Train Epoch: 79 [2048/217864 (1%)]	Loss: 0.798670
U-B Train Epoch: 79 [43008/217864 (20%)]	Loss: 0.858630
U-B Train Epoch: 79 [83968/217864 (38%)]	Loss: 0.866998
U-B Train Epoch: 79 [124928/217864 (57%)]	Loss: 0.842683
U-B Train Epoch: 79 [165888/217864 (76%)]	Loss: 0.875211
U-B Train Epoch: 79 [206848/217864 (94%)]	Loss: 0.806951
Train Epoch: 79: time = 124s
U-B Train Epoch: 80 [2048/217864 (1%)]	Loss: 0.894675
U-B Train Epoch: 80 [43008/217864 (20%)]	Loss: 0.833393
U-B Train Epoch: 80 [83968/217864 (38%)]	Loss: 0.840702
U-B Train Epoch: 80 [124928/217864 (57%)]	Loss: 0.810162
U-B Train Epoch: 80 [165888/217864 (76%)]	Loss: 0.850578
U-B Train Epoch: 80 [206848/217864 (94%)]	Loss: 0.832064
Train Epoch: 80: time = 124s
U-B Train Epoch: 81 [2048/217864 (1%)]	Loss: 0.832398
U-B Train Epoch: 81 [43008/217864 (20%)]	Loss: 0.803908
U-B Train Epoch: 81 [83968/217864 (38%)]	Loss: 0.856950
U-B Train Epoch: 81 [124928/217864 (57%)]	Loss: 0.820362
U-B Train Epoch: 81 [165888/217864 (76%)]	Loss: 0.817531
U-B Train Epoch: 81 [206848/217864 (94%)]	Loss: 0.823958
Train Epoch: 81: time = 96s
Test: time=8s
Recall@20:0.06732283507024957	NDCG@20:0.029168523386872536	Precision@20:0.004726153253813574	Recall@40:0.1045475875093778	NDCG@40:0.03730489149894108	Precision@40:0.0037363617598166975	Recall@80:0.1599853902884561	NDCG@80:0.04747259956824286	Precision@80:0.002888354835505618	
Test: time=7s
Recall@20:0.06725958828999747	NDCG@20:0.03597345276966818	Precision@20:0.009579237727968485	Recall@40:0.10644673646957993	NDCG@40:0.04629990208982147	Precision@40:0.007655017864270152	Recall@80:0.1628740438828268	NDCG@80:0.05893850223516122	Precision@80:0.0059326727382305105	
U-B Train Epoch: 82 [2048/217864 (1%)]	Loss: 0.820433
U-B Train Epoch: 82 [43008/217864 (20%)]	Loss: 0.822093
U-B Train Epoch: 82 [83968/217864 (38%)]	Loss: 0.809262
U-B Train Epoch: 82 [124928/217864 (57%)]	Loss: 0.827853
U-B Train Epoch: 82 [165888/217864 (76%)]	Loss: 0.845221
U-B Train Epoch: 82 [206848/217864 (94%)]	Loss: 0.813135
Train Epoch: 82: time = 92s
U-B Train Epoch: 83 [2048/217864 (1%)]	Loss: 0.804462
U-B Train Epoch: 83 [43008/217864 (20%)]	Loss: 0.813725
U-B Train Epoch: 83 [83968/217864 (38%)]	Loss: 0.831657
U-B Train Epoch: 83 [124928/217864 (57%)]	Loss: 0.803528
U-B Train Epoch: 83 [165888/217864 (76%)]	Loss: 0.812609
U-B Train Epoch: 83 [206848/217864 (94%)]	Loss: 0.813064
Train Epoch: 83: time = 93s
U-B Train Epoch: 84 [2048/217864 (1%)]	Loss: 0.820983
U-B Train Epoch: 84 [43008/217864 (20%)]	Loss: 0.823985
U-B Train Epoch: 84 [83968/217864 (38%)]	Loss: 0.842652
U-B Train Epoch: 84 [124928/217864 (57%)]	Loss: 0.837900
U-B Train Epoch: 84 [165888/217864 (76%)]	Loss: 0.823089
U-B Train Epoch: 84 [206848/217864 (94%)]	Loss: 0.835608
Train Epoch: 84: time = 91s
U-B Train Epoch: 85 [2048/217864 (1%)]	Loss: 0.816523
U-B Train Epoch: 85 [43008/217864 (20%)]	Loss: 0.828384
U-B Train Epoch: 85 [83968/217864 (38%)]	Loss: 0.828789
U-B Train Epoch: 85 [124928/217864 (57%)]	Loss: 0.821988
U-B Train Epoch: 85 [165888/217864 (76%)]	Loss: 0.822423
U-B Train Epoch: 85 [206848/217864 (94%)]	Loss: 0.829617
Train Epoch: 85: time = 93s
U-B Train Epoch: 86 [2048/217864 (1%)]	Loss: 0.845950
U-B Train Epoch: 86 [43008/217864 (20%)]	Loss: 0.810382
U-B Train Epoch: 86 [83968/217864 (38%)]	Loss: 0.848260
U-B Train Epoch: 86 [124928/217864 (57%)]	Loss: 0.813073
U-B Train Epoch: 86 [165888/217864 (76%)]	Loss: 0.831751
U-B Train Epoch: 86 [206848/217864 (94%)]	Loss: 0.874644
Train Epoch: 86: time = 91s
Test: time=8s
Recall@20:0.06749436071576574	NDCG@20:0.029527871387494464	Precision@20:0.004726153232887238	Recall@40:0.1055244392950514	NDCG@40:0.03785917845737655	Precision@40:0.003766068992932054	Recall@80:0.1612066241826122	NDCG@80:0.04810302498609236	Precision@80:0.0029113103705128854	
Test: time=9s
Recall@20:0.06781538735330266	NDCG@20:0.03642250392559835	Precision@20:0.0095981417431666	Recall@40:0.10806775739541434	NDCG@40:0.04702596671125139	Precision@40:0.007727935857104215	Recall@80:0.16380976131645664	NDCG@80:0.05959443820917518	Precision@80:0.005970482004890306	
U-B Train Epoch: 87 [2048/217864 (1%)]	Loss: 0.842566
U-B Train Epoch: 87 [43008/217864 (20%)]	Loss: 0.842037
U-B Train Epoch: 87 [83968/217864 (38%)]	Loss: 0.813532
U-B Train Epoch: 87 [124928/217864 (57%)]	Loss: 0.856385
U-B Train Epoch: 87 [165888/217864 (76%)]	Loss: 0.806411
U-B Train Epoch: 87 [206848/217864 (94%)]	Loss: 0.843945
Train Epoch: 87: time = 92s
U-B Train Epoch: 88 [2048/217864 (1%)]	Loss: 0.844633
U-B Train Epoch: 88 [43008/217864 (20%)]	Loss: 0.805853
U-B Train Epoch: 88 [83968/217864 (38%)]	Loss: 0.829674
U-B Train Epoch: 88 [124928/217864 (57%)]	Loss: 0.809055
U-B Train Epoch: 88 [165888/217864 (76%)]	Loss: 0.799680
U-B Train Epoch: 88 [206848/217864 (94%)]	Loss: 0.861361
Train Epoch: 88: time = 93s
U-B Train Epoch: 89 [2048/217864 (1%)]	Loss: 0.817149
U-B Train Epoch: 89 [43008/217864 (20%)]	Loss: 0.823974
U-B Train Epoch: 89 [83968/217864 (38%)]	Loss: 0.792730
U-B Train Epoch: 89 [124928/217864 (57%)]	Loss: 0.806335
U-B Train Epoch: 89 [165888/217864 (76%)]	Loss: 0.835309
U-B Train Epoch: 89 [206848/217864 (94%)]	Loss: 0.815353
Train Epoch: 89: time = 98s
U-B Train Epoch: 90 [2048/217864 (1%)]	Loss: 0.812863
U-B Train Epoch: 90 [43008/217864 (20%)]	Loss: 0.845596
U-B Train Epoch: 90 [83968/217864 (38%)]	Loss: 0.854661
U-B Train Epoch: 90 [124928/217864 (57%)]	Loss: 0.828811
U-B Train Epoch: 90 [165888/217864 (76%)]	Loss: 0.849950
U-B Train Epoch: 90 [206848/217864 (94%)]	Loss: 0.847423
Train Epoch: 90: time = 99s
U-B Train Epoch: 91 [2048/217864 (1%)]	Loss: 0.845819
U-B Train Epoch: 91 [43008/217864 (20%)]	Loss: 0.816465
U-B Train Epoch: 91 [83968/217864 (38%)]	Loss: 0.807714
U-B Train Epoch: 91 [124928/217864 (57%)]	Loss: 0.804307
U-B Train Epoch: 91 [165888/217864 (76%)]	Loss: 0.835656
U-B Train Epoch: 91 [206848/217864 (94%)]	Loss: 0.822359
Train Epoch: 91: time = 100s
Test: time=7s
Recall@20:0.06818831707419826	NDCG@20:0.029849006558669955	Precision@20:0.004804472446737838	Recall@40:0.10683438746244331	NDCG@40:0.03831868007114308	Precision@40:0.003821432506779274	Recall@80:0.16319158214516757	NDCG@80:0.04867723931552293	Precision@80:0.00294371826806207	
Test: time=8s
Recall@20:0.06833864497200928	NDCG@20:0.03661089612093989	Precision@20:0.00969266521888198	Recall@40:0.10931018095005147	NDCG@40:0.04737612886151704	Precision@40:0.007808955342617408	Recall@80:0.16453285903411433	NDCG@80:0.05982954584265729	Precision@80:0.006013692494176358	
U-B Train Epoch: 92 [2048/217864 (1%)]	Loss: 0.832500
U-B Train Epoch: 92 [43008/217864 (20%)]	Loss: 0.806166
U-B Train Epoch: 92 [83968/217864 (38%)]	Loss: 0.799134
U-B Train Epoch: 92 [124928/217864 (57%)]	Loss: 0.810361
U-B Train Epoch: 92 [165888/217864 (76%)]	Loss: 0.810348
U-B Train Epoch: 92 [206848/217864 (94%)]	Loss: 0.820728
Train Epoch: 92: time = 97s
U-B Train Epoch: 93 [2048/217864 (1%)]	Loss: 0.789756
U-B Train Epoch: 93 [43008/217864 (20%)]	Loss: 0.843950
U-B Train Epoch: 93 [83968/217864 (38%)]	Loss: 0.822631
U-B Train Epoch: 93 [124928/217864 (57%)]	Loss: 0.800002
U-B Train Epoch: 93 [165888/217864 (76%)]	Loss: 0.838974
U-B Train Epoch: 93 [206848/217864 (94%)]	Loss: 0.818138
Train Epoch: 93: time = 95s
U-B Train Epoch: 94 [2048/217864 (1%)]	Loss: 0.831460
U-B Train Epoch: 94 [43008/217864 (20%)]	Loss: 0.833563
U-B Train Epoch: 94 [83968/217864 (38%)]	Loss: 0.814332
U-B Train Epoch: 94 [124928/217864 (57%)]	Loss: 0.782106
U-B Train Epoch: 94 [165888/217864 (76%)]	Loss: 0.825940
U-B Train Epoch: 94 [206848/217864 (94%)]	Loss: 0.828907
Train Epoch: 94: time = 92s
U-B Train Epoch: 95 [2048/217864 (1%)]	Loss: 0.836752
U-B Train Epoch: 95 [43008/217864 (20%)]	Loss: 0.834164
U-B Train Epoch: 95 [83968/217864 (38%)]	Loss: 0.799410
U-B Train Epoch: 95 [124928/217864 (57%)]	Loss: 0.805120
U-B Train Epoch: 95 [165888/217864 (76%)]	Loss: 0.828660
U-B Train Epoch: 95 [206848/217864 (94%)]	Loss: 0.803896
Train Epoch: 95: time = 92s
U-B Train Epoch: 96 [2048/217864 (1%)]	Loss: 0.808889
U-B Train Epoch: 96 [43008/217864 (20%)]	Loss: 0.824478
U-B Train Epoch: 96 [83968/217864 (38%)]	Loss: 0.791934
U-B Train Epoch: 96 [124928/217864 (57%)]	Loss: 0.838383
U-B Train Epoch: 96 [165888/217864 (76%)]	Loss: 0.814522
U-B Train Epoch: 96 [206848/217864 (94%)]	Loss: 0.828545
Train Epoch: 96: time = 90s
Test: time=8s
Recall@20:0.06814354249258413	NDCG@20:0.029790357906205153	Precision@20:0.004793669779344216	Recall@40:0.10778970765773892	NDCG@40:0.03844630741411143	Precision@40:0.0038470886901231876	Recall@80:0.1639097996093908	NDCG@80:0.048782299980690225	Precision@80:0.0029659987242880914	
Test: time=8s
Recall@20:0.06867524327631193	NDCG@20:0.03708191665908205	Precision@20:0.009760181544807569	Recall@40:0.10959648970098826	NDCG@40:0.04781837013688035	Precision@40:0.007835962170463564	Recall@80:0.16497326984098512	NDCG@80:0.060337830146162355	Precision@80:0.00603529770662502	
U-B Train Epoch: 97 [2048/217864 (1%)]	Loss: 0.814803
U-B Train Epoch: 97 [43008/217864 (20%)]	Loss: 0.846883
U-B Train Epoch: 97 [83968/217864 (38%)]	Loss: 0.802282
U-B Train Epoch: 97 [124928/217864 (57%)]	Loss: 0.842713
U-B Train Epoch: 97 [165888/217864 (76%)]	Loss: 0.827704
U-B Train Epoch: 97 [206848/217864 (94%)]	Loss: 0.817298
Train Epoch: 97: time = 90s
U-B Train Epoch: 98 [2048/217864 (1%)]	Loss: 0.807617
U-B Train Epoch: 98 [43008/217864 (20%)]	Loss: 0.846405
U-B Train Epoch: 98 [83968/217864 (38%)]	Loss: 0.811568
U-B Train Epoch: 98 [124928/217864 (57%)]	Loss: 0.820330
U-B Train Epoch: 98 [165888/217864 (76%)]	Loss: 0.831105
U-B Train Epoch: 98 [206848/217864 (94%)]	Loss: 0.858445
Train Epoch: 98: time = 90s
U-B Train Epoch: 99 [2048/217864 (1%)]	Loss: 0.805441
U-B Train Epoch: 99 [43008/217864 (20%)]	Loss: 0.816274
U-B Train Epoch: 99 [83968/217864 (38%)]	Loss: 0.821311
U-B Train Epoch: 99 [124928/217864 (57%)]	Loss: 0.857723
U-B Train Epoch: 99 [165888/217864 (76%)]	Loss: 0.812889
U-B Train Epoch: 99 [206848/217864 (94%)]	Loss: 0.823689
Train Epoch: 99: time = 105s
U-B Train Epoch: 100 [2048/217864 (1%)]	Loss: 0.831235
U-B Train Epoch: 100 [43008/217864 (20%)]	Loss: 0.821102
U-B Train Epoch: 100 [83968/217864 (38%)]	Loss: 0.840522
U-B Train Epoch: 100 [124928/217864 (57%)]	Loss: 0.817951
U-B Train Epoch: 100 [165888/217864 (76%)]	Loss: 0.821578
U-B Train Epoch: 100 [206848/217864 (94%)]	Loss: 0.828538
Train Epoch: 100: time = 121s
