nohup: ignoring input
>>>>>>>>>>B-I statistics>>>>>>>>>>
Average interactions 77.80081939697266
Non-zero rows 1.0
Non-zero columns 1.0
Matrix density 0.0006293139276969943
finish loading assist data
>>>>>>>>>>U-I statistics>>>>>>>>>>
Average interactions 60.88433837890625
Non-zero rows 1.0
Non-zero columns 0.7321965897693079
Matrix density 0.0004924801599908087
finish loading item data
>>>>>>>>>>U-B statistics in train>>>>>>>>>>
Average interactions 11.758635520935059
Non-zero rows 0.9992443868739206
Non-zero columns 0.8920136459062281
Matrix density 0.0005142860207568127
finish loading bundle train data
>>>>>>>>>>U-B statistics in test>>>>>>>>>>
Average interactions 3.0524072647094727
Non-zero rows 0.9992443868739206
Non-zero columns 0.6320416375087474
Matrix density 0.00013350276275062213
finish loading bundle test data
>>>>>>>>>>B-I statistics>>>>>>>>>>
Average interactions 77.80081939697266
Non-zero rows 1.0
Non-zero columns 1.0
Matrix density 0.0006293139276969943
finish loading assist data
>>>>>>>>>>U-I statistics>>>>>>>>>>
Average interactions 60.88433837890625
Non-zero rows 1.0
Non-zero columns 0.7321965897693079
Matrix density 0.0004924801599908087
finish loading item data
>>>>>>>>>>U-B statistics in train>>>>>>>>>>
Average interactions 11.758635520935059
Non-zero rows 0.9992443868739206
Non-zero columns 0.8920136459062281
Matrix density 0.0005142860207568127
finish loading bundle train data
>>>>>>>>>>U-B statistics in test>>>>>>>>>>
Average interactions 1.50350821018219
Non-zero rows 0.9992443868739206
Non-zero columns 0.47380160951714484
Matrix density 6.575875628934809e-05
finish loading bundle test data
IHGCN model
/data/nfs/lzm/IHBR/IHBR_1/model/IHGCN.py:169: UserWarning: Creating a tensor from a list of numpy.ndarrays is extremely slow. Please consider converting the list to a single numpy.ndarray with numpy.array() before converting to a tensor. (Triggered internally at  /opt/conda/conda-bld/pytorch_1640811805959/work/torch/csrc/utils/tensor_new.cpp:201.)
  ub_indices = torch.tensor([ub_graph_coo.row, ub_graph_coo.col], dtype=torch.long)
finish generating bi, ui graph
finish generating non-atom graph
U-B Train Epoch: 1 [2048/217864 (1%)]	Loss: 1.327168
U-B Train Epoch: 1 [43008/217864 (20%)]	Loss: 1.319723
U-B Train Epoch: 1 [83968/217864 (38%)]	Loss: 1.291389
U-B Train Epoch: 1 [124928/217864 (57%)]	Loss: 1.239069
U-B Train Epoch: 1 [165888/217864 (76%)]	Loss: 1.170110
U-B Train Epoch: 1 [206848/217864 (94%)]	Loss: 1.126956
Train Epoch: 1: time = 175s
Test: time=12s
Recall@20:0.010945912557195816	NDCG@20:0.0044924874690512135	Precision@20:0.0008534082483495815	Recall@40:0.01988047570637265	NDCG@40:0.006478465609819879	Precision@40:0.0007791401180745047	Recall@80:0.034472036016570756	NDCG@80:0.009158316973515924	Precision@80:0.0006616614518315485	
Test: time=10s
Recall@20:0.01082262743545735	NDCG@20:0.005368825554062174	Precision@20:0.0018067408795360356	Recall@40:0.02032229969127268	NDCG@40:0.007965902176224749	Precision@40:0.0016649562470712298	Recall@80:0.03532345549674198	NDCG@80:0.011363649124896744	Precision@80:0.0014070433369205184	
U-B Train Epoch: 2 [2048/217864 (1%)]	Loss: 1.075972
U-B Train Epoch: 2 [43008/217864 (20%)]	Loss: 1.071431
U-B Train Epoch: 2 [83968/217864 (38%)]	Loss: 1.050916
U-B Train Epoch: 2 [124928/217864 (57%)]	Loss: 1.046046
U-B Train Epoch: 2 [165888/217864 (76%)]	Loss: 1.037634
U-B Train Epoch: 2 [206848/217864 (94%)]	Loss: 1.037171
Train Epoch: 2: time = 177s
U-B Train Epoch: 3 [2048/217864 (1%)]	Loss: 1.009624
U-B Train Epoch: 3 [43008/217864 (20%)]	Loss: 1.013306
U-B Train Epoch: 3 [83968/217864 (38%)]	Loss: 0.999439
U-B Train Epoch: 3 [124928/217864 (57%)]	Loss: 1.007032
U-B Train Epoch: 3 [165888/217864 (76%)]	Loss: 1.027193
U-B Train Epoch: 3 [206848/217864 (94%)]	Loss: 0.969896
Train Epoch: 3: time = 180s
U-B Train Epoch: 4 [2048/217864 (1%)]	Loss: 0.958105
U-B Train Epoch: 4 [43008/217864 (20%)]	Loss: 0.973775
U-B Train Epoch: 4 [83968/217864 (38%)]	Loss: 0.991484
U-B Train Epoch: 4 [124928/217864 (57%)]	Loss: 0.968318
U-B Train Epoch: 4 [165888/217864 (76%)]	Loss: 0.992186
U-B Train Epoch: 4 [206848/217864 (94%)]	Loss: 0.966524
Train Epoch: 4: time = 181s
U-B Train Epoch: 5 [2048/217864 (1%)]	Loss: 0.949934
U-B Train Epoch: 5 [43008/217864 (20%)]	Loss: 0.962477
U-B Train Epoch: 5 [83968/217864 (38%)]	Loss: 0.966017
U-B Train Epoch: 5 [124928/217864 (57%)]	Loss: 0.963825
U-B Train Epoch: 5 [165888/217864 (76%)]	Loss: 0.961947
U-B Train Epoch: 5 [206848/217864 (94%)]	Loss: 0.949009
Train Epoch: 5: time = 180s
U-B Train Epoch: 6 [2048/217864 (1%)]	Loss: 0.919570
U-B Train Epoch: 6 [43008/217864 (20%)]	Loss: 0.939286
U-B Train Epoch: 6 [83968/217864 (38%)]	Loss: 0.953369
U-B Train Epoch: 6 [124928/217864 (57%)]	Loss: 0.974849
U-B Train Epoch: 6 [165888/217864 (76%)]	Loss: 0.950057
U-B Train Epoch: 6 [206848/217864 (94%)]	Loss: 0.910107
Train Epoch: 6: time = 177s
Test: time=10s
Recall@20:0.04202078322915082	NDCG@20:0.018255348943203666	Precision@20:0.002981527550014188	Recall@40:0.06851405639994591	NDCG@40:0.024046018428314168	Precision@40:0.0024643513226439554	Recall@80:0.10934892292605809	NDCG@80:0.03151963876701784	Precision@80:0.0019789078689695524	
Test: time=10s
Recall@20:0.04321761119439095	NDCG@20:0.022900261862998882	Precision@20:0.006198012553243152	Recall@40:0.0703942186183132	NDCG@40:0.0300813001987292	Precision@40:0.005081289785784239	Recall@80:0.11089329298698736	NDCG@80:0.039243257250502005	Precision@80:0.004090823161495135	
U-B Train Epoch: 7 [2048/217864 (1%)]	Loss: 0.938127
U-B Train Epoch: 7 [43008/217864 (20%)]	Loss: 0.926282
U-B Train Epoch: 7 [83968/217864 (38%)]	Loss: 0.917806
U-B Train Epoch: 7 [124928/217864 (57%)]	Loss: 0.933002
U-B Train Epoch: 7 [165888/217864 (76%)]	Loss: 0.931836
U-B Train Epoch: 7 [206848/217864 (94%)]	Loss: 0.928581
Train Epoch: 7: time = 177s
U-B Train Epoch: 8 [2048/217864 (1%)]	Loss: 0.918505
U-B Train Epoch: 8 [43008/217864 (20%)]	Loss: 0.926859
U-B Train Epoch: 8 [83968/217864 (38%)]	Loss: 0.924124
U-B Train Epoch: 8 [124928/217864 (57%)]	Loss: 0.920645
U-B Train Epoch: 8 [165888/217864 (76%)]	Loss: 0.924382
U-B Train Epoch: 8 [206848/217864 (94%)]	Loss: 0.918443
Train Epoch: 8: time = 184s
U-B Train Epoch: 9 [2048/217864 (1%)]	Loss: 0.897865
U-B Train Epoch: 9 [43008/217864 (20%)]	Loss: 0.897909
U-B Train Epoch: 9 [83968/217864 (38%)]	Loss: 0.921512
U-B Train Epoch: 9 [124928/217864 (57%)]	Loss: 0.885107
U-B Train Epoch: 9 [165888/217864 (76%)]	Loss: 0.956093
U-B Train Epoch: 9 [206848/217864 (94%)]	Loss: 0.907965
Train Epoch: 9: time = 184s
U-B Train Epoch: 10 [2048/217864 (1%)]	Loss: 0.920226
U-B Train Epoch: 10 [43008/217864 (20%)]	Loss: 0.895344
U-B Train Epoch: 10 [83968/217864 (38%)]	Loss: 0.901386
U-B Train Epoch: 10 [124928/217864 (57%)]	Loss: 0.930040
U-B Train Epoch: 10 [165888/217864 (76%)]	Loss: 0.881459
U-B Train Epoch: 10 [206848/217864 (94%)]	Loss: 0.919818
Train Epoch: 10: time = 184s
U-B Train Epoch: 11 [2048/217864 (1%)]	Loss: 0.886389
U-B Train Epoch: 11 [43008/217864 (20%)]	Loss: 0.877568
U-B Train Epoch: 11 [83968/217864 (38%)]	Loss: 0.889335
U-B Train Epoch: 11 [124928/217864 (57%)]	Loss: 0.891923
U-B Train Epoch: 11 [165888/217864 (76%)]	Loss: 0.901712
U-B Train Epoch: 11 [206848/217864 (94%)]	Loss: 0.903146
Train Epoch: 11: time = 180s
Test: time=11s
Recall@20:0.052948489229841626	NDCG@20:0.02262195553624554	Precision@20:0.003767419317905236	Recall@40:0.08406309995458594	NDCG@40:0.02944333869849192	Precision@40:0.0030301393907039512	Recall@80:0.1334406849219421	NDCG@80:0.03848332010207146	Precision@80:0.002412363591449905	
Test: time=10s
Recall@20:0.05552920850111133	NDCG@20:0.029511754245187316	Precision@20:0.007894026263429547	Recall@40:0.08804494201126091	NDCG@40:0.03808775171677778	Precision@40:0.0063127904882489755	Recall@80:0.13467458655126693	NDCG@80:0.04861752299493907	Precision@80:0.004938830158243533	
U-B Train Epoch: 12 [2048/217864 (1%)]	Loss: 0.865979
U-B Train Epoch: 12 [43008/217864 (20%)]	Loss: 0.884018
U-B Train Epoch: 12 [83968/217864 (38%)]	Loss: 0.900297
U-B Train Epoch: 12 [124928/217864 (57%)]	Loss: 0.893507
U-B Train Epoch: 12 [165888/217864 (76%)]	Loss: 0.912732
U-B Train Epoch: 12 [206848/217864 (94%)]	Loss: 0.907108
Train Epoch: 12: time = 181s
U-B Train Epoch: 13 [2048/217864 (1%)]	Loss: 0.898920
U-B Train Epoch: 13 [43008/217864 (20%)]	Loss: 0.917918
U-B Train Epoch: 13 [83968/217864 (38%)]	Loss: 0.887728
U-B Train Epoch: 13 [124928/217864 (57%)]	Loss: 0.887819
U-B Train Epoch: 13 [165888/217864 (76%)]	Loss: 0.878620
U-B Train Epoch: 13 [206848/217864 (94%)]	Loss: 0.867994
Train Epoch: 13: time = 182s
U-B Train Epoch: 14 [2048/217864 (1%)]	Loss: 0.882081
U-B Train Epoch: 14 [43008/217864 (20%)]	Loss: 0.890692
U-B Train Epoch: 14 [83968/217864 (38%)]	Loss: 0.885257
U-B Train Epoch: 14 [124928/217864 (57%)]	Loss: 0.917683
U-B Train Epoch: 14 [165888/217864 (76%)]	Loss: 0.898540
U-B Train Epoch: 14 [206848/217864 (94%)]	Loss: 0.884850
Train Epoch: 14: time = 181s
U-B Train Epoch: 15 [2048/217864 (1%)]	Loss: 0.903923
U-B Train Epoch: 15 [43008/217864 (20%)]	Loss: 0.877196
U-B Train Epoch: 15 [83968/217864 (38%)]	Loss: 0.892406
U-B Train Epoch: 15 [124928/217864 (57%)]	Loss: 0.851889
U-B Train Epoch: 15 [165888/217864 (76%)]	Loss: 0.871282
U-B Train Epoch: 15 [206848/217864 (94%)]	Loss: 0.913161
Train Epoch: 15: time = 181s
U-B Train Epoch: 16 [2048/217864 (1%)]	Loss: 0.933725
U-B Train Epoch: 16 [43008/217864 (20%)]	Loss: 0.918074
U-B Train Epoch: 16 [83968/217864 (38%)]	Loss: 0.891121
U-B Train Epoch: 16 [124928/217864 (57%)]	Loss: 0.908994
U-B Train Epoch: 16 [165888/217864 (76%)]	Loss: 0.854409
U-B Train Epoch: 16 [206848/217864 (94%)]	Loss: 0.893896
Train Epoch: 16: time = 179s
Test: time=10s
Recall@20:0.062283858941803355	NDCG@20:0.02676665373416162	Precision@20:0.004353462323341975	Recall@40:0.09611032683145952	NDCG@40:0.03419541403453242	Precision@40:0.0034325375446325967	Recall@80:0.14836244628459547	NDCG@80:0.04379161631196908	Precision@80:0.002670276506429771	
Test: time=10s
Recall@20:0.06133110795974525	NDCG@20:0.03278947347851362	Precision@20:0.008555687773210951	Recall@40:0.09608267748782119	NDCG@40:0.04201751225605322	Precision@40:0.006856973264984118	Recall@80:0.14715797179742265	NDCG@80:0.05355439547188173	Precision@80:0.005375661734204654	
U-B Train Epoch: 17 [2048/217864 (1%)]	Loss: 0.855550
U-B Train Epoch: 17 [43008/217864 (20%)]	Loss: 0.867868
U-B Train Epoch: 17 [83968/217864 (38%)]	Loss: 0.854001
U-B Train Epoch: 17 [124928/217864 (57%)]	Loss: 0.868615
U-B Train Epoch: 17 [165888/217864 (76%)]	Loss: 0.874964
U-B Train Epoch: 17 [206848/217864 (94%)]	Loss: 0.880413
Train Epoch: 17: time = 179s
U-B Train Epoch: 18 [2048/217864 (1%)]	Loss: 0.879293
U-B Train Epoch: 18 [43008/217864 (20%)]	Loss: 0.829227
U-B Train Epoch: 18 [83968/217864 (38%)]	Loss: 0.880373
U-B Train Epoch: 18 [124928/217864 (57%)]	Loss: 0.847309
U-B Train Epoch: 18 [165888/217864 (76%)]	Loss: 0.863988
U-B Train Epoch: 18 [206848/217864 (94%)]	Loss: 0.850670
Train Epoch: 18: time = 182s
U-B Train Epoch: 19 [2048/217864 (1%)]	Loss: 0.908486
U-B Train Epoch: 19 [43008/217864 (20%)]	Loss: 0.855243
U-B Train Epoch: 19 [83968/217864 (38%)]	Loss: 0.915191
U-B Train Epoch: 19 [124928/217864 (57%)]	Loss: 0.861825
U-B Train Epoch: 19 [165888/217864 (76%)]	Loss: 0.847625
U-B Train Epoch: 19 [206848/217864 (94%)]	Loss: 0.870258
Train Epoch: 19: time = 185s
U-B Train Epoch: 20 [2048/217864 (1%)]	Loss: 0.870759
U-B Train Epoch: 20 [43008/217864 (20%)]	Loss: 0.866432
U-B Train Epoch: 20 [83968/217864 (38%)]	Loss: 0.880469
U-B Train Epoch: 20 [124928/217864 (57%)]	Loss: 0.823929
U-B Train Epoch: 20 [165888/217864 (76%)]	Loss: 0.848946
U-B Train Epoch: 20 [206848/217864 (94%)]	Loss: 0.859450
Train Epoch: 20: time = 183s
U-B Train Epoch: 21 [2048/217864 (1%)]	Loss: 0.850922
U-B Train Epoch: 21 [43008/217864 (20%)]	Loss: 0.875965
U-B Train Epoch: 21 [83968/217864 (38%)]	Loss: 0.889632
U-B Train Epoch: 21 [124928/217864 (57%)]	Loss: 0.875663
U-B Train Epoch: 21 [165888/217864 (76%)]	Loss: 0.919831
U-B Train Epoch: 21 [206848/217864 (94%)]	Loss: 0.841604
Train Epoch: 21: time = 182s
Test: time=10s
Recall@20:0.06616791522926577	NDCG@20:0.028824484205354144	Precision@20:0.004628929469412084	Recall@40:0.10325204438803662	NDCG@40:0.03694621281913847	Precision@40:0.0036823485500163235	Recall@80:0.15703854659238026	NDCG@80:0.046813210413911066	Precision@80:0.0028235390162614765	
Test: time=11s
Recall@20:0.06547353874726598	NDCG@20:0.03548431746759051	Precision@20:0.009152533239997386	Recall@40:0.10341910197099445	NDCG@40:0.04553808645178564	Precision@40:0.007357945378583645	Recall@80:0.1565209499790587	NDCG@80:0.057591086808272955	Precision@80:0.005715944763907632	
U-B Train Epoch: 22 [2048/217864 (1%)]	Loss: 0.859273
U-B Train Epoch: 22 [43008/217864 (20%)]	Loss: 0.822552
U-B Train Epoch: 22 [83968/217864 (38%)]	Loss: 0.860911
U-B Train Epoch: 22 [124928/217864 (57%)]	Loss: 0.844015
U-B Train Epoch: 22 [165888/217864 (76%)]	Loss: 0.850771
U-B Train Epoch: 22 [206848/217864 (94%)]	Loss: 0.870617
Train Epoch: 22: time = 180s
U-B Train Epoch: 23 [2048/217864 (1%)]	Loss: 0.841222
U-B Train Epoch: 23 [43008/217864 (20%)]	Loss: 0.815178
U-B Train Epoch: 23 [83968/217864 (38%)]	Loss: 0.821177
U-B Train Epoch: 23 [124928/217864 (57%)]	Loss: 0.870053
U-B Train Epoch: 23 [165888/217864 (76%)]	Loss: 0.828513
U-B Train Epoch: 23 [206848/217864 (94%)]	Loss: 0.845330
Train Epoch: 23: time = 181s
U-B Train Epoch: 24 [2048/217864 (1%)]	Loss: 0.839842
U-B Train Epoch: 24 [43008/217864 (20%)]	Loss: 0.863613
U-B Train Epoch: 24 [83968/217864 (38%)]	Loss: 0.828360
U-B Train Epoch: 24 [124928/217864 (57%)]	Loss: 0.799991
U-B Train Epoch: 24 [165888/217864 (76%)]	Loss: 0.819520
U-B Train Epoch: 24 [206848/217864 (94%)]	Loss: 0.844738
Train Epoch: 24: time = 180s
U-B Train Epoch: 25 [2048/217864 (1%)]	Loss: 0.785725
U-B Train Epoch: 25 [43008/217864 (20%)]	Loss: 0.850132
U-B Train Epoch: 25 [83968/217864 (38%)]	Loss: 0.847840
U-B Train Epoch: 25 [124928/217864 (57%)]	Loss: 0.833234
U-B Train Epoch: 25 [165888/217864 (76%)]	Loss: 0.851859
U-B Train Epoch: 25 [206848/217864 (94%)]	Loss: 0.837449
Train Epoch: 25: time = 181s
U-B Train Epoch: 26 [2048/217864 (1%)]	Loss: 0.820081
U-B Train Epoch: 26 [43008/217864 (20%)]	Loss: 0.808434
U-B Train Epoch: 26 [83968/217864 (38%)]	Loss: 0.801149
U-B Train Epoch: 26 [124928/217864 (57%)]	Loss: 0.819593
U-B Train Epoch: 26 [165888/217864 (76%)]	Loss: 0.820366
U-B Train Epoch: 26 [206848/217864 (94%)]	Loss: 0.843849
Train Epoch: 26: time = 178s
Test: time=10s
Recall@20:0.0694060643702871	NDCG@20:0.0300288527988262	Precision@20:0.004790969222761506	Recall@40:0.10657045078081846	NDCG@40:0.03822769694520444	Precision@40:0.0037957762212182554	Recall@80:0.16255045993108916	NDCG@80:0.04846506227205031	Precision@80:0.0029140110341418545	
Test: time=15s
Recall@20:0.06946097937801608	NDCG@20:0.037034124898977484	Precision@20:0.009557632348109132	Recall@40:0.10811033204601923	NDCG@40:0.04731252668124625	Precision@40:0.007655018028461406	Recall@80:0.16410344865495446	NDCG@80:0.05990011197284139	Precision@80:0.005923220357176834	
U-B Train Epoch: 27 [2048/217864 (1%)]	Loss: 0.796050
U-B Train Epoch: 27 [43008/217864 (20%)]	Loss: 0.767751
U-B Train Epoch: 27 [83968/217864 (38%)]	Loss: 0.836134
U-B Train Epoch: 27 [124928/217864 (57%)]	Loss: 0.805046
U-B Train Epoch: 27 [165888/217864 (76%)]	Loss: 0.791055
U-B Train Epoch: 27 [206848/217864 (94%)]	Loss: 0.816509
Train Epoch: 27: time = 179s
U-B Train Epoch: 28 [2048/217864 (1%)]	Loss: 0.841242
U-B Train Epoch: 28 [43008/217864 (20%)]	Loss: 0.824345
U-B Train Epoch: 28 [83968/217864 (38%)]	Loss: 0.839384
U-B Train Epoch: 28 [124928/217864 (57%)]	Loss: 0.850204
U-B Train Epoch: 28 [165888/217864 (76%)]	Loss: 0.772952
U-B Train Epoch: 28 [206848/217864 (94%)]	Loss: 0.789052
Train Epoch: 28: time = 181s
U-B Train Epoch: 29 [2048/217864 (1%)]	Loss: 0.788313
U-B Train Epoch: 29 [43008/217864 (20%)]	Loss: 0.761908
U-B Train Epoch: 29 [83968/217864 (38%)]	Loss: 0.819686
U-B Train Epoch: 29 [124928/217864 (57%)]	Loss: 0.794844
U-B Train Epoch: 29 [165888/217864 (76%)]	Loss: 0.787639
U-B Train Epoch: 29 [206848/217864 (94%)]	Loss: 0.814968
Train Epoch: 29: time = 186s
U-B Train Epoch: 30 [2048/217864 (1%)]	Loss: 0.748873
U-B Train Epoch: 30 [43008/217864 (20%)]	Loss: 0.755378
U-B Train Epoch: 30 [83968/217864 (38%)]	Loss: 0.792705
U-B Train Epoch: 30 [124928/217864 (57%)]	Loss: 0.779427
U-B Train Epoch: 30 [165888/217864 (76%)]	Loss: 0.814630
U-B Train Epoch: 30 [206848/217864 (94%)]	Loss: 0.814966
Train Epoch: 30: time = 186s
U-B Train Epoch: 31 [2048/217864 (1%)]	Loss: 0.761274
U-B Train Epoch: 31 [43008/217864 (20%)]	Loss: 0.747160
U-B Train Epoch: 31 [83968/217864 (38%)]	Loss: 0.753797
U-B Train Epoch: 31 [124928/217864 (57%)]	Loss: 0.767712
U-B Train Epoch: 31 [165888/217864 (76%)]	Loss: 0.764077
U-B Train Epoch: 31 [206848/217864 (94%)]	Loss: 0.787012
Train Epoch: 31: time = 184s
Test: time=10s
Recall@20:0.07009478749628263	NDCG@20:0.030394532014216925	Precision@20:0.004815275154374415	Recall@40:0.10814999836083815	NDCG@40:0.03874767157587697	Precision@40:0.00380387828534734	Recall@80:0.167370957999607	NDCG@80:0.049609860758860244	Precision@80:0.0029815275548433426	
Test: time=10s
Recall@20:0.06938887719035573	NDCG@20:0.03685249122775398	Precision@20:0.009573836222031827	Recall@40:0.10975738492217553	NDCG@40:0.047565868120542726	Precision@40:0.007702279634322205	Recall@80:0.16798209052010155	NDCG@80:0.06067088701895765	Precision@80:0.00602314477220807	
U-B Train Epoch: 32 [2048/217864 (1%)]	Loss: 0.779901
U-B Train Epoch: 32 [43008/217864 (20%)]	Loss: 0.772221
U-B Train Epoch: 32 [83968/217864 (38%)]	Loss: 0.781075
U-B Train Epoch: 32 [124928/217864 (57%)]	Loss: 0.817893
U-B Train Epoch: 32 [165888/217864 (76%)]	Loss: 0.760756
U-B Train Epoch: 32 [206848/217864 (94%)]	Loss: 0.796934
Train Epoch: 32: time = 181s
U-B Train Epoch: 33 [2048/217864 (1%)]	Loss: 0.751418
U-B Train Epoch: 33 [43008/217864 (20%)]	Loss: 0.760697
U-B Train Epoch: 33 [83968/217864 (38%)]	Loss: 0.749648
U-B Train Epoch: 33 [124928/217864 (57%)]	Loss: 0.742956
U-B Train Epoch: 33 [165888/217864 (76%)]	Loss: 0.735886
U-B Train Epoch: 33 [206848/217864 (94%)]	Loss: 0.796939
Train Epoch: 33: time = 182s
U-B Train Epoch: 34 [2048/217864 (1%)]	Loss: 0.733827
U-B Train Epoch: 34 [43008/217864 (20%)]	Loss: 0.724096
U-B Train Epoch: 34 [83968/217864 (38%)]	Loss: 0.791752
U-B Train Epoch: 34 [124928/217864 (57%)]	Loss: 0.742953
U-B Train Epoch: 34 [165888/217864 (76%)]	Loss: 0.707211
U-B Train Epoch: 34 [206848/217864 (94%)]	Loss: 0.730903
Train Epoch: 34: time = 182s
U-B Train Epoch: 35 [2048/217864 (1%)]	Loss: 0.714281
U-B Train Epoch: 35 [43008/217864 (20%)]	Loss: 0.690332
U-B Train Epoch: 35 [83968/217864 (38%)]	Loss: 0.734291
U-B Train Epoch: 35 [124928/217864 (57%)]	Loss: 0.777670
U-B Train Epoch: 35 [165888/217864 (76%)]	Loss: 0.701824
U-B Train Epoch: 35 [206848/217864 (94%)]	Loss: 0.762739
Train Epoch: 35: time = 180s
U-B Train Epoch: 36 [2048/217864 (1%)]	Loss: 0.772340
U-B Train Epoch: 36 [43008/217864 (20%)]	Loss: 0.700161
U-B Train Epoch: 36 [83968/217864 (38%)]	Loss: 0.749006
U-B Train Epoch: 36 [124928/217864 (57%)]	Loss: 0.738212
U-B Train Epoch: 36 [165888/217864 (76%)]	Loss: 0.758096
U-B Train Epoch: 36 [206848/217864 (94%)]	Loss: 0.750085
Train Epoch: 36: time = 176s
Test: time=9s
Recall@20:0.07046871037466217	NDCG@20:0.030382791644130682	Precision@20:0.004809873691900149	Recall@40:0.11194897061150469	NDCG@40:0.0394285107787026	Precision@40:0.003882197302812323	Recall@80:0.1695432708808641	NDCG@80:0.05003028308983381	Precision@80:0.0030193367184811744	
Test: time=9s
Recall@20:0.06948811299370498	NDCG@20:0.03656874496787159	Precision@20:0.009525224304075592	Recall@40:0.11151115351134325	NDCG@40:0.04761857905062844	Precision@40:0.0077117318576234994	Recall@80:0.1725018894722617	NDCG@80:0.06130271927898564	Precision@80:0.006116317617103813	
U-B Train Epoch: 37 [2048/217864 (1%)]	Loss: 0.771098
U-B Train Epoch: 37 [43008/217864 (20%)]	Loss: 0.711060
U-B Train Epoch: 37 [83968/217864 (38%)]	Loss: 0.705066
U-B Train Epoch: 37 [124928/217864 (57%)]	Loss: 0.703356
U-B Train Epoch: 37 [165888/217864 (76%)]	Loss: 0.764253
U-B Train Epoch: 37 [206848/217864 (94%)]	Loss: 0.731595
Train Epoch: 37: time = 177s
U-B Train Epoch: 38 [2048/217864 (1%)]	Loss: 0.678608
U-B Train Epoch: 38 [43008/217864 (20%)]	Loss: 0.747418
U-B Train Epoch: 38 [83968/217864 (38%)]	Loss: 0.694968
U-B Train Epoch: 38 [124928/217864 (57%)]	Loss: 0.762874
U-B Train Epoch: 38 [165888/217864 (76%)]	Loss: 0.767238
U-B Train Epoch: 38 [206848/217864 (94%)]	Loss: 0.791046
Train Epoch: 38: time = 180s
U-B Train Epoch: 39 [2048/217864 (1%)]	Loss: 0.746153
U-B Train Epoch: 39 [43008/217864 (20%)]	Loss: 0.729484
U-B Train Epoch: 39 [83968/217864 (38%)]	Loss: 0.758355
U-B Train Epoch: 39 [124928/217864 (57%)]	Loss: 0.696254
U-B Train Epoch: 39 [165888/217864 (76%)]	Loss: 0.784004
U-B Train Epoch: 39 [206848/217864 (94%)]	Loss: 0.747015
Train Epoch: 39: time = 180s
U-B Train Epoch: 40 [2048/217864 (1%)]	Loss: 0.700643
U-B Train Epoch: 40 [43008/217864 (20%)]	Loss: 0.729888
U-B Train Epoch: 40 [83968/217864 (38%)]	Loss: 0.707886
U-B Train Epoch: 40 [124928/217864 (57%)]	Loss: 0.685226
U-B Train Epoch: 40 [165888/217864 (76%)]	Loss: 0.720085
U-B Train Epoch: 40 [206848/217864 (94%)]	Loss: 0.694024
Train Epoch: 40: time = 182s
U-B Train Epoch: 41 [2048/217864 (1%)]	Loss: 0.693901
U-B Train Epoch: 41 [43008/217864 (20%)]	Loss: 0.639386
U-B Train Epoch: 41 [83968/217864 (38%)]	Loss: 0.667716
U-B Train Epoch: 41 [124928/217864 (57%)]	Loss: 0.699152
U-B Train Epoch: 41 [165888/217864 (76%)]	Loss: 0.724143
U-B Train Epoch: 41 [206848/217864 (94%)]	Loss: 0.677938
Train Epoch: 41: time = 182s
Test: time=9s
Recall@20:0.07180548767632976	NDCG@20:0.03055241983112254	Precision@20:0.004888192801119069	Recall@40:0.11285434879802841	NDCG@40:0.03950193316707012	Precision@40:0.003911904458661207	Recall@80:0.17004436749650656	NDCG@80:0.050050493912883826	Precision@80:0.0030125850807375173	
Test: time=9s
Recall@20:0.07128419721050577	NDCG@20:0.03709475995655437	Precision@20:0.009630550102704903	Recall@40:0.11288310276891521	NDCG@40:0.04804519583471421	Precision@40:0.00777654764306356	Recall@80:0.1745084534070527	NDCG@80:0.06184960377452002	Precision@80:0.006162903810971703	
U-B Train Epoch: 42 [2048/217864 (1%)]	Loss: 0.673464
U-B Train Epoch: 42 [43008/217864 (20%)]	Loss: 0.671496
U-B Train Epoch: 42 [83968/217864 (38%)]	Loss: 0.621736
U-B Train Epoch: 42 [124928/217864 (57%)]	Loss: 0.644469
U-B Train Epoch: 42 [165888/217864 (76%)]	Loss: 0.646016
U-B Train Epoch: 42 [206848/217864 (94%)]	Loss: 0.676111
Train Epoch: 42: time = 182s
U-B Train Epoch: 43 [2048/217864 (1%)]	Loss: 0.644678
U-B Train Epoch: 43 [43008/217864 (20%)]	Loss: 0.696023
U-B Train Epoch: 43 [83968/217864 (38%)]	Loss: 0.633159
U-B Train Epoch: 43 [124928/217864 (57%)]	Loss: 0.703938
U-B Train Epoch: 43 [165888/217864 (76%)]	Loss: 0.696841
U-B Train Epoch: 43 [206848/217864 (94%)]	Loss: 0.615746
Train Epoch: 43: time = 184s
U-B Train Epoch: 44 [2048/217864 (1%)]	Loss: 0.637396
U-B Train Epoch: 44 [43008/217864 (20%)]	Loss: 0.638868
U-B Train Epoch: 44 [83968/217864 (38%)]	Loss: 0.619939
U-B Train Epoch: 44 [124928/217864 (57%)]	Loss: 0.648677
U-B Train Epoch: 44 [165888/217864 (76%)]	Loss: 0.678283
U-B Train Epoch: 44 [206848/217864 (94%)]	Loss: 0.642740
Train Epoch: 44: time = 181s
U-B Train Epoch: 45 [2048/217864 (1%)]	Loss: 0.623330
U-B Train Epoch: 45 [43008/217864 (20%)]	Loss: 0.684504
U-B Train Epoch: 45 [83968/217864 (38%)]	Loss: 0.618126
U-B Train Epoch: 45 [124928/217864 (57%)]	Loss: 0.671232
U-B Train Epoch: 45 [165888/217864 (76%)]	Loss: 0.606208
U-B Train Epoch: 45 [206848/217864 (94%)]	Loss: 0.595192
Train Epoch: 45: time = 180s
U-B Train Epoch: 46 [2048/217864 (1%)]	Loss: 0.649646
U-B Train Epoch: 46 [43008/217864 (20%)]	Loss: 0.621285
U-B Train Epoch: 46 [83968/217864 (38%)]	Loss: 0.673588
U-B Train Epoch: 46 [124928/217864 (57%)]	Loss: 0.637454
U-B Train Epoch: 46 [165888/217864 (76%)]	Loss: 0.671039
U-B Train Epoch: 46 [206848/217864 (94%)]	Loss: 0.622055
Train Epoch: 46: time = 178s
Test: time=10s
Recall@20:0.07115035233750538	NDCG@20:0.030533548898852462	Precision@20:0.004863886882383906	Recall@40:0.11334764845391593	NDCG@40:0.03971091759852615	Precision@40:0.0039200065437166275	Recall@80:0.17213390913253807	NDCG@80:0.050498176447783975	Precision@80:0.0030355407292299167	
Test: time=10s
Recall@20:0.07260154539402713	NDCG@20:0.037942374900001116	Precision@20:0.009835799994421813	Recall@40:0.11579825294266333	NDCG@40:0.04920364134484495	Precision@40:0.007903478715310823	Recall@80:0.17823465212743356	NDCG@80:0.06321853523546977	Precision@80:0.006273630922371489	
U-B Train Epoch: 47 [2048/217864 (1%)]	Loss: 0.576087
U-B Train Epoch: 47 [43008/217864 (20%)]	Loss: 0.639266
U-B Train Epoch: 47 [83968/217864 (38%)]	Loss: 0.641096
U-B Train Epoch: 47 [124928/217864 (57%)]	Loss: 0.646766
U-B Train Epoch: 47 [165888/217864 (76%)]	Loss: 0.638273
U-B Train Epoch: 47 [206848/217864 (94%)]	Loss: 0.636129
Train Epoch: 47: time = 178s
U-B Train Epoch: 48 [2048/217864 (1%)]	Loss: 0.615447
U-B Train Epoch: 48 [43008/217864 (20%)]	Loss: 0.651388
U-B Train Epoch: 48 [83968/217864 (38%)]	Loss: 0.595463
U-B Train Epoch: 48 [124928/217864 (57%)]	Loss: 0.628639
U-B Train Epoch: 48 [165888/217864 (76%)]	Loss: 0.608025
U-B Train Epoch: 48 [206848/217864 (94%)]	Loss: 0.657454
Train Epoch: 48: time = 180s
U-B Train Epoch: 49 [2048/217864 (1%)]	Loss: 0.607570
U-B Train Epoch: 49 [43008/217864 (20%)]	Loss: 0.592057
U-B Train Epoch: 49 [83968/217864 (38%)]	Loss: 0.593304
U-B Train Epoch: 49 [124928/217864 (57%)]	Loss: 0.591533
U-B Train Epoch: 49 [165888/217864 (76%)]	Loss: 0.610055
U-B Train Epoch: 49 [206848/217864 (94%)]	Loss: 0.568467
Train Epoch: 49: time = 180s
U-B Train Epoch: 50 [2048/217864 (1%)]	Loss: 0.566673
U-B Train Epoch: 50 [43008/217864 (20%)]	Loss: 0.608873
U-B Train Epoch: 50 [83968/217864 (38%)]	Loss: 0.584291
U-B Train Epoch: 50 [124928/217864 (57%)]	Loss: 0.573751
U-B Train Epoch: 50 [165888/217864 (76%)]	Loss: 0.556739
U-B Train Epoch: 50 [206848/217864 (94%)]	Loss: 0.594229
Train Epoch: 50: time = 180s
U-B Train Epoch: 51 [2048/217864 (1%)]	Loss: 0.572931
U-B Train Epoch: 51 [43008/217864 (20%)]	Loss: 0.549779
U-B Train Epoch: 51 [83968/217864 (38%)]	Loss: 0.610268
U-B Train Epoch: 51 [124928/217864 (57%)]	Loss: 0.644501
U-B Train Epoch: 51 [165888/217864 (76%)]	Loss: 0.594077
U-B Train Epoch: 51 [206848/217864 (94%)]	Loss: 0.551408
Train Epoch: 51: time = 179s
Test: time=9s
Recall@20:0.07106447817376021	NDCG@20:0.030323925802050133	Precision@20:0.004826077718746074	Recall@40:0.11438682026001319	NDCG@40:0.039764188002262564	Precision@40:0.003941611857577535	Recall@80:0.1735601409717604	NDCG@80:0.050582521701201616	Precision@80:0.0030429675149727014	
Test: time=10s
Recall@20:0.07364679320373403	NDCG@20:0.0384758675704961	Precision@20:0.009978935207804993	Recall@40:0.1184206714611583	NDCG@40:0.05018164831579562	Precision@40:0.008106028076200516	Recall@80:0.18010906195993415	NDCG@80:0.0639617880412952	Precision@80:0.006313465671661903	
U-B Train Epoch: 52 [2048/217864 (1%)]	Loss: 0.605724
U-B Train Epoch: 52 [43008/217864 (20%)]	Loss: 0.529875
U-B Train Epoch: 52 [83968/217864 (38%)]	Loss: 0.562762
U-B Train Epoch: 52 [124928/217864 (57%)]	Loss: 0.554186
U-B Train Epoch: 52 [165888/217864 (76%)]	Loss: 0.550439
U-B Train Epoch: 52 [206848/217864 (94%)]	Loss: 0.576925
Train Epoch: 52: time = 182s
U-B Train Epoch: 53 [2048/217864 (1%)]	Loss: 0.557179
U-B Train Epoch: 53 [43008/217864 (20%)]	Loss: 0.562379
U-B Train Epoch: 53 [83968/217864 (38%)]	Loss: 0.518457
U-B Train Epoch: 53 [124928/217864 (57%)]	Loss: 0.558428
U-B Train Epoch: 53 [165888/217864 (76%)]	Loss: 0.575474
U-B Train Epoch: 53 [206848/217864 (94%)]	Loss: 0.605853
Train Epoch: 53: time = 185s
U-B Train Epoch: 54 [2048/217864 (1%)]	Loss: 0.568274
U-B Train Epoch: 54 [43008/217864 (20%)]	Loss: 0.550138
U-B Train Epoch: 54 [83968/217864 (38%)]	Loss: 0.551962
U-B Train Epoch: 54 [124928/217864 (57%)]	Loss: 0.515617
U-B Train Epoch: 54 [165888/217864 (76%)]	Loss: 0.524774
U-B Train Epoch: 54 [206848/217864 (94%)]	Loss: 0.576242
Train Epoch: 54: time = 184s
U-B Train Epoch: 55 [2048/217864 (1%)]	Loss: 0.534845
U-B Train Epoch: 55 [43008/217864 (20%)]	Loss: 0.549403
U-B Train Epoch: 55 [83968/217864 (38%)]	Loss: 0.538288
U-B Train Epoch: 55 [124928/217864 (57%)]	Loss: 0.541640
U-B Train Epoch: 55 [165888/217864 (76%)]	Loss: 0.555232
U-B Train Epoch: 55 [206848/217864 (94%)]	Loss: 0.526020
Train Epoch: 55: time = 182s
U-B Train Epoch: 56 [2048/217864 (1%)]	Loss: 0.514429
U-B Train Epoch: 56 [43008/217864 (20%)]	Loss: 0.585228
U-B Train Epoch: 56 [83968/217864 (38%)]	Loss: 0.543911
U-B Train Epoch: 56 [124928/217864 (57%)]	Loss: 0.524053
U-B Train Epoch: 56 [165888/217864 (76%)]	Loss: 0.504494
U-B Train Epoch: 56 [206848/217864 (94%)]	Loss: 0.536334
Train Epoch: 56: time = 179s
Test: time=10s
Recall@20:0.0732493407785268	NDCG@20:0.031136331991434896	Precision@20:0.0049800151970933295	Recall@40:0.11501241247971011	NDCG@40:0.04024339744721992	Precision@40:0.003978070638292331	Recall@80:0.17484147025581517	NDCG@80:0.0512115978532725	Precision@80:0.003076725737495068	
Test: time=10s
Recall@20:0.07491667242071806	NDCG@20:0.039187330013348086	Precision@20:0.010194987679990743	Recall@40:0.11890851919473576	NDCG@40:0.050705939914439224	Precision@40:0.008176245209824849	Recall@80:0.18161791277791997	NDCG@80:0.06474543045339	Precision@80:0.006398536418624479	
U-B Train Epoch: 57 [2048/217864 (1%)]	Loss: 0.512985
U-B Train Epoch: 57 [43008/217864 (20%)]	Loss: 0.544812
U-B Train Epoch: 57 [83968/217864 (38%)]	Loss: 0.525453
U-B Train Epoch: 57 [124928/217864 (57%)]	Loss: 0.509676
U-B Train Epoch: 57 [165888/217864 (76%)]	Loss: 0.556366
U-B Train Epoch: 57 [206848/217864 (94%)]	Loss: 0.507317
Train Epoch: 57: time = 178s
U-B Train Epoch: 58 [2048/217864 (1%)]	Loss: 0.517823
U-B Train Epoch: 58 [43008/217864 (20%)]	Loss: 0.518787
U-B Train Epoch: 58 [83968/217864 (38%)]	Loss: 0.480767
U-B Train Epoch: 58 [124928/217864 (57%)]	Loss: 0.525387
U-B Train Epoch: 58 [165888/217864 (76%)]	Loss: 0.498118
U-B Train Epoch: 58 [206848/217864 (94%)]	Loss: 0.506184
Train Epoch: 58: time = 179s
U-B Train Epoch: 59 [2048/217864 (1%)]	Loss: 0.542677
U-B Train Epoch: 59 [43008/217864 (20%)]	Loss: 0.584266
U-B Train Epoch: 59 [83968/217864 (38%)]	Loss: 0.501861
U-B Train Epoch: 59 [124928/217864 (57%)]	Loss: 0.522513
U-B Train Epoch: 59 [165888/217864 (76%)]	Loss: 0.542654
U-B Train Epoch: 59 [206848/217864 (94%)]	Loss: 0.531159
Train Epoch: 59: time = 179s
U-B Train Epoch: 60 [2048/217864 (1%)]	Loss: 0.511833
U-B Train Epoch: 60 [43008/217864 (20%)]	Loss: 0.528213
U-B Train Epoch: 60 [83968/217864 (38%)]	Loss: 0.482246
U-B Train Epoch: 60 [124928/217864 (57%)]	Loss: 0.486954
U-B Train Epoch: 60 [165888/217864 (76%)]	Loss: 0.500790
U-B Train Epoch: 60 [206848/217864 (94%)]	Loss: 0.515748
Train Epoch: 60: time = 180s
U-B Train Epoch: 61 [2048/217864 (1%)]	Loss: 0.504473
U-B Train Epoch: 61 [43008/217864 (20%)]	Loss: 0.488345
U-B Train Epoch: 61 [83968/217864 (38%)]	Loss: 0.529861
U-B Train Epoch: 61 [124928/217864 (57%)]	Loss: 0.499373
U-B Train Epoch: 61 [165888/217864 (76%)]	Loss: 0.539524
U-B Train Epoch: 61 [206848/217864 (94%)]	Loss: 0.500036
Train Epoch: 61: time = 178s
Test: time=10s
Recall@20:0.07257436147786454	NDCG@20:0.03096921760474192	Precision@20:0.004966511994043334	Recall@40:0.11499316055934115	NDCG@40:0.04019015031356952	Precision@40:0.003982121693697787	Recall@80:0.17536720771620595	NDCG@80:0.05126234685884022	Precision@80:0.003084827734015989	
Test: time=10s
Recall@20:0.07476080266242281	NDCG@20:0.03961910067720342	Precision@20:0.010286810228888232	Recall@40:0.11994201513452973	NDCG@40:0.05142807411918298	Precision@40:0.008301825541791642	Recall@80:0.18298142206415163	NDCG@80:0.06554907156631191	Precision@80:0.006478205910766435	
U-B Train Epoch: 62 [2048/217864 (1%)]	Loss: 0.518401
U-B Train Epoch: 62 [43008/217864 (20%)]	Loss: 0.496949
U-B Train Epoch: 62 [83968/217864 (38%)]	Loss: 0.474598
U-B Train Epoch: 62 [124928/217864 (57%)]	Loss: 0.467261
U-B Train Epoch: 62 [165888/217864 (76%)]	Loss: 0.475476
U-B Train Epoch: 62 [206848/217864 (94%)]	Loss: 0.574045
Train Epoch: 62: time = 179s
U-B Train Epoch: 63 [2048/217864 (1%)]	Loss: 0.499932
U-B Train Epoch: 63 [43008/217864 (20%)]	Loss: 0.559111
U-B Train Epoch: 63 [83968/217864 (38%)]	Loss: 0.463500
U-B Train Epoch: 63 [124928/217864 (57%)]	Loss: 0.473780
U-B Train Epoch: 63 [165888/217864 (76%)]	Loss: 0.480061
U-B Train Epoch: 63 [206848/217864 (94%)]	Loss: 0.483669
Train Epoch: 63: time = 183s
U-B Train Epoch: 64 [2048/217864 (1%)]	Loss: 0.519808
U-B Train Epoch: 64 [43008/217864 (20%)]	Loss: 0.473147
U-B Train Epoch: 64 [83968/217864 (38%)]	Loss: 0.500535
U-B Train Epoch: 64 [124928/217864 (57%)]	Loss: 0.463535
U-B Train Epoch: 64 [165888/217864 (76%)]	Loss: 0.459351
U-B Train Epoch: 64 [206848/217864 (94%)]	Loss: 0.457481
Train Epoch: 64: time = 185s
U-B Train Epoch: 65 [2048/217864 (1%)]	Loss: 0.469864
U-B Train Epoch: 65 [43008/217864 (20%)]	Loss: 0.471138
U-B Train Epoch: 65 [83968/217864 (38%)]	Loss: 0.450695
U-B Train Epoch: 65 [124928/217864 (57%)]	Loss: 0.437116
U-B Train Epoch: 65 [165888/217864 (76%)]	Loss: 0.473460
U-B Train Epoch: 65 [206848/217864 (94%)]	Loss: 0.452458
Train Epoch: 65: time = 184s
U-B Train Epoch: 66 [2048/217864 (1%)]	Loss: 0.482271
U-B Train Epoch: 66 [43008/217864 (20%)]	Loss: 0.491577
U-B Train Epoch: 66 [83968/217864 (38%)]	Loss: 0.447231
U-B Train Epoch: 66 [124928/217864 (57%)]	Loss: 0.464640
U-B Train Epoch: 66 [165888/217864 (76%)]	Loss: 0.467512
U-B Train Epoch: 66 [206848/217864 (94%)]	Loss: 0.459174
Train Epoch: 66: time = 163s
Test: time=10s
Recall@20:0.07352518275552375	NDCG@20:0.03168327280135009	Precision@20:0.005042130475851943	Recall@40:0.11638993841918999	NDCG@40:0.041053918238088974	Precision@40:0.004073943959284875	Recall@80:0.17900293780233403	NDCG@80:0.05254362092312255	Precision@80:0.0031786757059845227	
Test: time=10s
Recall@20:0.07656614801287973	NDCG@20:0.04007054410614874	Precision@20:0.01041104045802295	Recall@40:0.12130566288228038	NDCG@40:0.05178861480507671	Precision@40:0.008377444323007832	Recall@80:0.1840512435482866	NDCG@80:0.06583966752475007	Precision@80:0.006503862117451262	
U-B Train Epoch: 67 [2048/217864 (1%)]	Loss: 0.422952
U-B Train Epoch: 67 [43008/217864 (20%)]	Loss: 0.457512
U-B Train Epoch: 67 [83968/217864 (38%)]	Loss: 0.464438
U-B Train Epoch: 67 [124928/217864 (57%)]	Loss: 0.440215
U-B Train Epoch: 67 [165888/217864 (76%)]	Loss: 0.472914
U-B Train Epoch: 67 [206848/217864 (94%)]	Loss: 0.466150
Train Epoch: 67: time = 158s
U-B Train Epoch: 68 [2048/217864 (1%)]	Loss: 0.461561
U-B Train Epoch: 68 [43008/217864 (20%)]	Loss: 0.431540
U-B Train Epoch: 68 [83968/217864 (38%)]	Loss: 0.468175
U-B Train Epoch: 68 [124928/217864 (57%)]	Loss: 0.489377
U-B Train Epoch: 68 [165888/217864 (76%)]	Loss: 0.436218
U-B Train Epoch: 68 [206848/217864 (94%)]	Loss: 0.454215
Train Epoch: 68: time = 160s
U-B Train Epoch: 69 [2048/217864 (1%)]	Loss: 0.481460
U-B Train Epoch: 69 [43008/217864 (20%)]	Loss: 0.427492
U-B Train Epoch: 69 [83968/217864 (38%)]	Loss: 0.444530
U-B Train Epoch: 69 [124928/217864 (57%)]	Loss: 0.442677
U-B Train Epoch: 69 [165888/217864 (76%)]	Loss: 0.434117
U-B Train Epoch: 69 [206848/217864 (94%)]	Loss: 0.470865
Train Epoch: 69: time = 159s
U-B Train Epoch: 70 [2048/217864 (1%)]	Loss: 0.450972
U-B Train Epoch: 70 [43008/217864 (20%)]	Loss: 0.444409
U-B Train Epoch: 70 [83968/217864 (38%)]	Loss: 0.456454
U-B Train Epoch: 70 [124928/217864 (57%)]	Loss: 0.420582
U-B Train Epoch: 70 [165888/217864 (76%)]	Loss: 0.432112
U-B Train Epoch: 70 [206848/217864 (94%)]	Loss: 0.440343
Train Epoch: 70: time = 159s
U-B Train Epoch: 71 [2048/217864 (1%)]	Loss: 0.458164
U-B Train Epoch: 71 [43008/217864 (20%)]	Loss: 0.458339
U-B Train Epoch: 71 [83968/217864 (38%)]	Loss: 0.444066
U-B Train Epoch: 71 [124928/217864 (57%)]	Loss: 0.436847
U-B Train Epoch: 71 [165888/217864 (76%)]	Loss: 0.430237
U-B Train Epoch: 71 [206848/217864 (94%)]	Loss: 0.421198
Train Epoch: 71: time = 160s
Test: time=10s
Recall@20:0.07319898127324768	NDCG@20:0.03144214932908504	Precision@20:0.004974613939053273	Recall@40:0.11450775022239887	NDCG@40:0.04047919518620249	Precision@40:0.003979420972923822	Recall@80:0.17708851022134142	NDCG@80:0.051987313961537156	Precision@80:0.0031361403212352076	
Test: time=10s
Recall@20:0.07507642463897543	NDCG@20:0.03910600517073499	Precision@20:0.010170681688818262	Recall@40:0.11965180710529526	NDCG@40:0.05082604719493512	Precision@40:0.008251863537100513	Recall@80:0.18061640062483594	NDCG@80:0.06443702812726418	Precision@80:0.006343847981948787	
U-B Train Epoch: 72 [2048/217864 (1%)]	Loss: 0.477968
U-B Train Epoch: 72 [43008/217864 (20%)]	Loss: 0.409582
U-B Train Epoch: 72 [83968/217864 (38%)]	Loss: 0.417330
U-B Train Epoch: 72 [124928/217864 (57%)]	Loss: 0.472429
U-B Train Epoch: 72 [165888/217864 (76%)]	Loss: 0.405703
U-B Train Epoch: 72 [206848/217864 (94%)]	Loss: 0.444819
Train Epoch: 72: time = 124s
U-B Train Epoch: 73 [2048/217864 (1%)]	Loss: 0.476407
U-B Train Epoch: 73 [43008/217864 (20%)]	Loss: 0.404192
U-B Train Epoch: 73 [83968/217864 (38%)]	Loss: 0.438419
U-B Train Epoch: 73 [124928/217864 (57%)]	Loss: 0.473404
U-B Train Epoch: 73 [165888/217864 (76%)]	Loss: 0.443573
U-B Train Epoch: 73 [206848/217864 (94%)]	Loss: 0.443097
Train Epoch: 73: time = 121s
U-B Train Epoch: 74 [2048/217864 (1%)]	Loss: 0.395989
U-B Train Epoch: 74 [43008/217864 (20%)]	Loss: 0.440749
U-B Train Epoch: 74 [83968/217864 (38%)]	Loss: 0.442968
U-B Train Epoch: 74 [124928/217864 (57%)]	Loss: 0.418043
U-B Train Epoch: 74 [165888/217864 (76%)]	Loss: 0.444702
U-B Train Epoch: 74 [206848/217864 (94%)]	Loss: 0.416586
Train Epoch: 74: time = 122s
U-B Train Epoch: 75 [2048/217864 (1%)]	Loss: 0.410702
U-B Train Epoch: 75 [43008/217864 (20%)]	Loss: 0.391329
U-B Train Epoch: 75 [83968/217864 (38%)]	Loss: 0.436193
U-B Train Epoch: 75 [124928/217864 (57%)]	Loss: 0.425266
U-B Train Epoch: 75 [165888/217864 (76%)]	Loss: 0.411390
U-B Train Epoch: 75 [206848/217864 (94%)]	Loss: 0.415359
Train Epoch: 75: time = 122s
U-B Train Epoch: 76 [2048/217864 (1%)]	Loss: 0.427445
U-B Train Epoch: 76 [43008/217864 (20%)]	Loss: 0.448105
U-B Train Epoch: 76 [83968/217864 (38%)]	Loss: 0.412800
U-B Train Epoch: 76 [124928/217864 (57%)]	Loss: 0.432052
U-B Train Epoch: 76 [165888/217864 (76%)]	Loss: 0.394248
U-B Train Epoch: 76 [206848/217864 (94%)]	Loss: 0.411873
Train Epoch: 76: time = 125s
Test: time=9s
Recall@20:0.07556946900643732	NDCG@20:0.03254217150866296	Precision@20:0.0051744627031173	Recall@40:0.11726735768107496	NDCG@40:0.04161264803157945	Precision@40:0.004083396430482769	Recall@80:0.1773619876897424	NDCG@80:0.05272408153475831	Precision@80:0.003173949500970221	
Test: time=8s
Recall@20:0.07627714312564635	NDCG@20:0.040090243708460226	Precision@20:0.010405639290127111	Recall@40:0.1208940167863361	NDCG@40:0.05179359161584646	Precision@40:0.008369342295902265	Recall@80:0.18048231774534432	NDCG@80:0.06518075228432825	Precision@80:0.006400561685552862	
U-B Train Epoch: 77 [2048/217864 (1%)]	Loss: 0.414374
U-B Train Epoch: 77 [43008/217864 (20%)]	Loss: 0.402831
U-B Train Epoch: 77 [83968/217864 (38%)]	Loss: 0.419734
U-B Train Epoch: 77 [124928/217864 (57%)]	Loss: 0.408643
U-B Train Epoch: 77 [165888/217864 (76%)]	Loss: 0.424753
U-B Train Epoch: 77 [206848/217864 (94%)]	Loss: 0.438295
Train Epoch: 77: time = 122s
U-B Train Epoch: 78 [2048/217864 (1%)]	Loss: 0.393661
U-B Train Epoch: 78 [43008/217864 (20%)]	Loss: 0.391337
U-B Train Epoch: 78 [83968/217864 (38%)]	Loss: 0.404518
U-B Train Epoch: 78 [124928/217864 (57%)]	Loss: 0.402113
U-B Train Epoch: 78 [165888/217864 (76%)]	Loss: 0.391871
U-B Train Epoch: 78 [206848/217864 (94%)]	Loss: 0.411893
Train Epoch: 78: time = 121s
U-B Train Epoch: 79 [2048/217864 (1%)]	Loss: 0.384270
U-B Train Epoch: 79 [43008/217864 (20%)]	Loss: 0.445339
U-B Train Epoch: 79 [83968/217864 (38%)]	Loss: 0.449305
U-B Train Epoch: 79 [124928/217864 (57%)]	Loss: 0.417578
U-B Train Epoch: 79 [165888/217864 (76%)]	Loss: 0.458629
U-B Train Epoch: 79 [206848/217864 (94%)]	Loss: 0.389020
Train Epoch: 79: time = 121s
U-B Train Epoch: 80 [2048/217864 (1%)]	Loss: 0.483296
U-B Train Epoch: 80 [43008/217864 (20%)]	Loss: 0.409672
U-B Train Epoch: 80 [83968/217864 (38%)]	Loss: 0.410340
U-B Train Epoch: 80 [124928/217864 (57%)]	Loss: 0.388751
U-B Train Epoch: 80 [165888/217864 (76%)]	Loss: 0.422915
U-B Train Epoch: 80 [206848/217864 (94%)]	Loss: 0.404092
Train Epoch: 80: time = 120s
U-B Train Epoch: 81 [2048/217864 (1%)]	Loss: 0.404510
U-B Train Epoch: 81 [43008/217864 (20%)]	Loss: 0.385390
U-B Train Epoch: 81 [83968/217864 (38%)]	Loss: 0.435429
U-B Train Epoch: 81 [124928/217864 (57%)]	Loss: 0.398752
U-B Train Epoch: 81 [165888/217864 (76%)]	Loss: 0.390184
U-B Train Epoch: 81 [206848/217864 (94%)]	Loss: 0.391186
Train Epoch: 81: time = 119s
Test: time=8s
Recall@20:0.07483476910977974	NDCG@20:0.03210224587085168	Precision@20:0.005104245611345638	Recall@40:0.11668758453116942	NDCG@40:0.04117181031456954	Precision@40:0.004037485127059097	Recall@80:0.17578589005772646	NDCG@80:0.052069425479863776	Precision@80:0.003121961743215821	
Test: time=7s
Recall@20:0.07716274498425126	NDCG@20:0.040660531008051684	Precision@20:0.01061359000563995	Recall@40:0.12102009604401397	NDCG@40:0.05223289225803823	Precision@40:0.008494922759865946	Recall@80:0.18152402350541208	NDCG@80:0.06581044547357195	Precision@80:0.006497785717850951	
