nohup: ignoring input
>>>>>>>>>>B-I statistics>>>>>>>>>>
Average interactions 77.80081939697266
Non-zero rows 1.0
Non-zero columns 1.0
Matrix density 0.0006293139276969943
finish loading assist data
>>>>>>>>>>U-I statistics>>>>>>>>>>
Average interactions 60.88433837890625
Non-zero rows 1.0
Non-zero columns 0.7321965897693079
Matrix density 0.0004924801599908087
finish loading item data
>>>>>>>>>>U-B statistics in train>>>>>>>>>>
Average interactions 11.758635520935059
Non-zero rows 0.9992443868739206
Non-zero columns 0.8920136459062281
Matrix density 0.0005142860207568127
finish loading bundle train data
>>>>>>>>>>U-B statistics in test>>>>>>>>>>
Average interactions 3.0524072647094727
Non-zero rows 0.9992443868739206
Non-zero columns 0.6320416375087474
Matrix density 0.00013350276275062213
finish loading bundle test data
>>>>>>>>>>B-I statistics>>>>>>>>>>
Average interactions 77.80081939697266
Non-zero rows 1.0
Non-zero columns 1.0
Matrix density 0.0006293139276969943
finish loading assist data
>>>>>>>>>>U-I statistics>>>>>>>>>>
Average interactions 60.88433837890625
Non-zero rows 1.0
Non-zero columns 0.7321965897693079
Matrix density 0.0004924801599908087
finish loading item data
>>>>>>>>>>U-B statistics in train>>>>>>>>>>
Average interactions 11.758635520935059
Non-zero rows 0.9992443868739206
Non-zero columns 0.8920136459062281
Matrix density 0.0005142860207568127
finish loading bundle train data
>>>>>>>>>>U-B statistics in test>>>>>>>>>>
Average interactions 1.50350821018219
Non-zero rows 0.9992443868739206
Non-zero columns 0.47380160951714484
Matrix density 6.575875628934809e-05
finish loading bundle test data
IHGCN model
/data/nfs/lzm/IHBR/IHBR_1/model/IHGCN.py:169: UserWarning: Creating a tensor from a list of numpy.ndarrays is extremely slow. Please consider converting the list to a single numpy.ndarray with numpy.array() before converting to a tensor. (Triggered internally at  /opt/conda/conda-bld/pytorch_1640811805959/work/torch/csrc/utils/tensor_new.cpp:201.)
  ub_indices = torch.tensor([ub_graph_coo.row, ub_graph_coo.col], dtype=torch.long)
finish generating bi, ui graph
finish generating non-atom graph
U-B Train Epoch: 1 [2048/217864 (1%)]	Loss: 1.342118
U-B Train Epoch: 1 [43008/217864 (20%)]	Loss: 1.321569
U-B Train Epoch: 1 [83968/217864 (38%)]	Loss: 1.255800
U-B Train Epoch: 1 [124928/217864 (57%)]	Loss: 1.161897
U-B Train Epoch: 1 [165888/217864 (76%)]	Loss: 1.082884
U-B Train Epoch: 1 [206848/217864 (94%)]	Loss: 1.033289
Train Epoch: 1: time = 172s
Test: time=12s
Recall@20:0.011896506568403471	NDCG@20:0.00501267384849203	Precision@20:0.0009209247404785718	Recall@40:0.022068843530426405	NDCG@40:0.007274892864081004	Precision@40:0.0008615102136822129	Recall@80:0.04028973677792713	NDCG@80:0.010621058573227819	Precision@80:0.0007690126455630521	
Test: time=10s
Recall@20:0.012544770792981415	NDCG@20:0.006451482892332626	Precision@20:0.002093010741291312	Recall@40:0.02337409255699577	NDCG@40:0.009374535262771414	Precision@40:0.0019039645931099253	Recall@80:0.04044926603089994	NDCG@80:0.013351515352410477	Precision@80:0.0016555039432840264	
U-B Train Epoch: 2 [2048/217864 (1%)]	Loss: 0.957958
U-B Train Epoch: 2 [43008/217864 (20%)]	Loss: 0.960674
U-B Train Epoch: 2 [83968/217864 (38%)]	Loss: 0.935996
U-B Train Epoch: 2 [124928/217864 (57%)]	Loss: 0.927119
U-B Train Epoch: 2 [165888/217864 (76%)]	Loss: 0.923413
U-B Train Epoch: 2 [206848/217864 (94%)]	Loss: 0.927837
Train Epoch: 2: time = 175s
U-B Train Epoch: 3 [2048/217864 (1%)]	Loss: 0.886070
U-B Train Epoch: 3 [43008/217864 (20%)]	Loss: 0.893893
U-B Train Epoch: 3 [83968/217864 (38%)]	Loss: 0.877638
U-B Train Epoch: 3 [124928/217864 (57%)]	Loss: 0.891095
U-B Train Epoch: 3 [165888/217864 (76%)]	Loss: 0.916309
U-B Train Epoch: 3 [206848/217864 (94%)]	Loss: 0.853174
Train Epoch: 3: time = 181s
U-B Train Epoch: 4 [2048/217864 (1%)]	Loss: 0.830712
U-B Train Epoch: 4 [43008/217864 (20%)]	Loss: 0.853092
U-B Train Epoch: 4 [83968/217864 (38%)]	Loss: 0.876715
U-B Train Epoch: 4 [124928/217864 (57%)]	Loss: 0.856163
U-B Train Epoch: 4 [165888/217864 (76%)]	Loss: 0.877786
U-B Train Epoch: 4 [206848/217864 (94%)]	Loss: 0.851042
Train Epoch: 4: time = 180s
U-B Train Epoch: 5 [2048/217864 (1%)]	Loss: 0.827461
U-B Train Epoch: 5 [43008/217864 (20%)]	Loss: 0.845152
U-B Train Epoch: 5 [83968/217864 (38%)]	Loss: 0.851579
U-B Train Epoch: 5 [124928/217864 (57%)]	Loss: 0.852982
U-B Train Epoch: 5 [165888/217864 (76%)]	Loss: 0.849885
U-B Train Epoch: 5 [206848/217864 (94%)]	Loss: 0.834167
Train Epoch: 5: time = 181s
U-B Train Epoch: 6 [2048/217864 (1%)]	Loss: 0.797032
U-B Train Epoch: 6 [43008/217864 (20%)]	Loss: 0.822795
U-B Train Epoch: 6 [83968/217864 (38%)]	Loss: 0.840106
U-B Train Epoch: 6 [124928/217864 (57%)]	Loss: 0.860415
U-B Train Epoch: 6 [165888/217864 (76%)]	Loss: 0.840520
U-B Train Epoch: 6 [206848/217864 (94%)]	Loss: 0.792136
Train Epoch: 6: time = 178s
Test: time=11s
Recall@20:0.04821674154375778	NDCG@20:0.02063742472850647	Precision@20:0.003486550801114798	Recall@40:0.07840845007173725	NDCG@40:0.027290488572052157	Precision@40:0.002861348215313108	Recall@80:0.12485510259593062	NDCG@80:0.03584736709887309	Precision@80:0.002288808551362128	
Test: time=10s
Recall@20:0.052196691473295045	NDCG@20:0.02776282665808592	Precision@20:0.0074160096614963745	Recall@40:0.0821128008470456	NDCG@40:0.03576069174619528	Precision@40:0.005980609401946219	Recall@80:0.12799120691098959	NDCG@80:0.04608121322120023	Precision@80:0.004719401617679635	
U-B Train Epoch: 7 [2048/217864 (1%)]	Loss: 0.824373
U-B Train Epoch: 7 [43008/217864 (20%)]	Loss: 0.809468
U-B Train Epoch: 7 [83968/217864 (38%)]	Loss: 0.799715
U-B Train Epoch: 7 [124928/217864 (57%)]	Loss: 0.817316
U-B Train Epoch: 7 [165888/217864 (76%)]	Loss: 0.823086
U-B Train Epoch: 7 [206848/217864 (94%)]	Loss: 0.816449
Train Epoch: 7: time = 176s
U-B Train Epoch: 8 [2048/217864 (1%)]	Loss: 0.805747
U-B Train Epoch: 8 [43008/217864 (20%)]	Loss: 0.811670
U-B Train Epoch: 8 [83968/217864 (38%)]	Loss: 0.812012
U-B Train Epoch: 8 [124928/217864 (57%)]	Loss: 0.808336
U-B Train Epoch: 8 [165888/217864 (76%)]	Loss: 0.811090
U-B Train Epoch: 8 [206848/217864 (94%)]	Loss: 0.811425
Train Epoch: 8: time = 184s
U-B Train Epoch: 9 [2048/217864 (1%)]	Loss: 0.785595
U-B Train Epoch: 9 [43008/217864 (20%)]	Loss: 0.783671
U-B Train Epoch: 9 [83968/217864 (38%)]	Loss: 0.808341
U-B Train Epoch: 9 [124928/217864 (57%)]	Loss: 0.774126
U-B Train Epoch: 9 [165888/217864 (76%)]	Loss: 0.843032
U-B Train Epoch: 9 [206848/217864 (94%)]	Loss: 0.801709
Train Epoch: 9: time = 184s
U-B Train Epoch: 10 [2048/217864 (1%)]	Loss: 0.806570
U-B Train Epoch: 10 [43008/217864 (20%)]	Loss: 0.780560
U-B Train Epoch: 10 [83968/217864 (38%)]	Loss: 0.790033
U-B Train Epoch: 10 [124928/217864 (57%)]	Loss: 0.821619
U-B Train Epoch: 10 [165888/217864 (76%)]	Loss: 0.770638
U-B Train Epoch: 10 [206848/217864 (94%)]	Loss: 0.811556
Train Epoch: 10: time = 184s
U-B Train Epoch: 11 [2048/217864 (1%)]	Loss: 0.772987
U-B Train Epoch: 11 [43008/217864 (20%)]	Loss: 0.763231
U-B Train Epoch: 11 [83968/217864 (38%)]	Loss: 0.780025
U-B Train Epoch: 11 [124928/217864 (57%)]	Loss: 0.782820
U-B Train Epoch: 11 [165888/217864 (76%)]	Loss: 0.796910
U-B Train Epoch: 11 [206848/217864 (94%)]	Loss: 0.796574
Train Epoch: 11: time = 182s
Test: time=11s
Recall@20:0.05962686699925662	NDCG@20:0.025603970943548594	Precision@20:0.004237334008632552	Recall@40:0.09456212582154988	NDCG@40:0.033256435492157975	Precision@40:0.00341903428041331	Recall@80:0.1464824811472444	NDCG@80:0.04281878319417116	Precision@80:0.0026804040539943337	
Test: time=12s
Recall@20:0.06209628440603088	NDCG@20:0.03342329220804242	Precision@20:0.008877066166364593	Recall@40:0.09924649280516365	NDCG@40:0.04331246691593872	Precision@40:0.007222912453080378	Recall@80:0.15001297100092276	NDCG@80:0.054777245162513866	Precision@80:0.005575510580364308	
U-B Train Epoch: 12 [2048/217864 (1%)]	Loss: 0.752627
U-B Train Epoch: 12 [43008/217864 (20%)]	Loss: 0.774424
U-B Train Epoch: 12 [83968/217864 (38%)]	Loss: 0.792790
U-B Train Epoch: 12 [124928/217864 (57%)]	Loss: 0.788248
U-B Train Epoch: 12 [165888/217864 (76%)]	Loss: 0.803604
U-B Train Epoch: 12 [206848/217864 (94%)]	Loss: 0.801559
Train Epoch: 12: time = 178s
U-B Train Epoch: 13 [2048/217864 (1%)]	Loss: 0.789951
U-B Train Epoch: 13 [43008/217864 (20%)]	Loss: 0.811936
U-B Train Epoch: 13 [83968/217864 (38%)]	Loss: 0.782914
U-B Train Epoch: 13 [124928/217864 (57%)]	Loss: 0.782366
U-B Train Epoch: 13 [165888/217864 (76%)]	Loss: 0.774421
U-B Train Epoch: 13 [206848/217864 (94%)]	Loss: 0.767089
Train Epoch: 13: time = 185s
U-B Train Epoch: 14 [2048/217864 (1%)]	Loss: 0.773748
U-B Train Epoch: 14 [43008/217864 (20%)]	Loss: 0.782919
U-B Train Epoch: 14 [83968/217864 (38%)]	Loss: 0.779274
U-B Train Epoch: 14 [124928/217864 (57%)]	Loss: 0.812565
U-B Train Epoch: 14 [165888/217864 (76%)]	Loss: 0.798508
U-B Train Epoch: 14 [206848/217864 (94%)]	Loss: 0.777607
Train Epoch: 14: time = 184s
U-B Train Epoch: 15 [2048/217864 (1%)]	Loss: 0.798115
U-B Train Epoch: 15 [43008/217864 (20%)]	Loss: 0.770323
U-B Train Epoch: 15 [83968/217864 (38%)]	Loss: 0.785316
U-B Train Epoch: 15 [124928/217864 (57%)]	Loss: 0.747378
U-B Train Epoch: 15 [165888/217864 (76%)]	Loss: 0.769170
U-B Train Epoch: 15 [206848/217864 (94%)]	Loss: 0.810469
Train Epoch: 15: time = 182s
U-B Train Epoch: 16 [2048/217864 (1%)]	Loss: 0.827133
U-B Train Epoch: 16 [43008/217864 (20%)]	Loss: 0.812883
U-B Train Epoch: 16 [83968/217864 (38%)]	Loss: 0.784123
U-B Train Epoch: 16 [124928/217864 (57%)]	Loss: 0.807256
U-B Train Epoch: 16 [165888/217864 (76%)]	Loss: 0.751350
U-B Train Epoch: 16 [206848/217864 (94%)]	Loss: 0.793351
Train Epoch: 16: time = 180s
Test: time=11s
Recall@20:0.06446223160071082	NDCG@20:0.028128241609262444	Precision@20:0.00458031776232893	Recall@40:0.10184577452231139	NDCG@40:0.03637214393096492	Precision@40:0.0036796478960456633	Recall@80:0.15652569841589078	NDCG@80:0.04644925989419064	Precision@80:0.0028633737349672453	
Test: time=12s
Recall@20:0.06648603476728028	NDCG@20:0.035518743621745404	Precision@20:0.009479313280742885	Recall@40:0.10354638983083747	NDCG@40:0.04536319425454521	Precision@40:0.007521335328128795	Recall@80:0.15796804330229722	NDCG@80:0.05763047717876255	Precision@80:0.005822620897168434	
U-B Train Epoch: 17 [2048/217864 (1%)]	Loss: 0.751757
U-B Train Epoch: 17 [43008/217864 (20%)]	Loss: 0.761042
U-B Train Epoch: 17 [83968/217864 (38%)]	Loss: 0.750672
U-B Train Epoch: 17 [124928/217864 (57%)]	Loss: 0.768510
U-B Train Epoch: 17 [165888/217864 (76%)]	Loss: 0.776637
U-B Train Epoch: 17 [206848/217864 (94%)]	Loss: 0.782238
Train Epoch: 17: time = 179s
U-B Train Epoch: 18 [2048/217864 (1%)]	Loss: 0.778088
U-B Train Epoch: 18 [43008/217864 (20%)]	Loss: 0.728057
U-B Train Epoch: 18 [83968/217864 (38%)]	Loss: 0.778087
U-B Train Epoch: 18 [124928/217864 (57%)]	Loss: 0.749990
U-B Train Epoch: 18 [165888/217864 (76%)]	Loss: 0.763499
U-B Train Epoch: 18 [206848/217864 (94%)]	Loss: 0.756815
Train Epoch: 18: time = 182s
U-B Train Epoch: 19 [2048/217864 (1%)]	Loss: 0.805296
U-B Train Epoch: 19 [43008/217864 (20%)]	Loss: 0.754548
U-B Train Epoch: 19 [83968/217864 (38%)]	Loss: 0.812067
U-B Train Epoch: 19 [124928/217864 (57%)]	Loss: 0.766729
U-B Train Epoch: 19 [165888/217864 (76%)]	Loss: 0.750944
U-B Train Epoch: 19 [206848/217864 (94%)]	Loss: 0.774541
Train Epoch: 19: time = 185s
U-B Train Epoch: 20 [2048/217864 (1%)]	Loss: 0.771167
U-B Train Epoch: 20 [43008/217864 (20%)]	Loss: 0.770086
U-B Train Epoch: 20 [83968/217864 (38%)]	Loss: 0.782488
U-B Train Epoch: 20 [124928/217864 (57%)]	Loss: 0.730903
U-B Train Epoch: 20 [165888/217864 (76%)]	Loss: 0.753868
U-B Train Epoch: 20 [206848/217864 (94%)]	Loss: 0.768077
Train Epoch: 20: time = 184s
U-B Train Epoch: 21 [2048/217864 (1%)]	Loss: 0.755713
U-B Train Epoch: 21 [43008/217864 (20%)]	Loss: 0.775994
U-B Train Epoch: 21 [83968/217864 (38%)]	Loss: 0.792814
U-B Train Epoch: 21 [124928/217864 (57%)]	Loss: 0.779711
U-B Train Epoch: 21 [165888/217864 (76%)]	Loss: 0.820462
U-B Train Epoch: 21 [206848/217864 (94%)]	Loss: 0.751008
Train Epoch: 21: time = 182s
Test: time=10s
Recall@20:0.0693502406315733	NDCG@20:0.03037937028472182	Precision@20:0.004920600698668253	Recall@40:0.10496214289406122	NDCG@40:0.038227065175890834	Precision@40:0.003809279608580983	Recall@80:0.16215957482123564	NDCG@80:0.048708017217272026	Precision@80:0.002945068653399684	
Test: time=11s
Recall@20:0.06983713033815639	NDCG@20:0.037385185838608476	Precision@20:0.009887112665346379	Recall@40:0.10916103280825583	NDCG@40:0.047897467490108966	Precision@40:0.007934536006186144	Recall@80:0.16313859264369246	NDCG@80:0.06009021180873944	Precision@80:0.006037998456373912	
U-B Train Epoch: 22 [2048/217864 (1%)]	Loss: 0.763434
U-B Train Epoch: 22 [43008/217864 (20%)]	Loss: 0.730739
U-B Train Epoch: 22 [83968/217864 (38%)]	Loss: 0.767833
U-B Train Epoch: 22 [124928/217864 (57%)]	Loss: 0.754394
U-B Train Epoch: 22 [165888/217864 (76%)]	Loss: 0.759284
U-B Train Epoch: 22 [206848/217864 (94%)]	Loss: 0.778124
Train Epoch: 22: time = 180s
U-B Train Epoch: 23 [2048/217864 (1%)]	Loss: 0.748417
U-B Train Epoch: 23 [43008/217864 (20%)]	Loss: 0.725137
U-B Train Epoch: 23 [83968/217864 (38%)]	Loss: 0.729578
U-B Train Epoch: 23 [124928/217864 (57%)]	Loss: 0.778705
U-B Train Epoch: 23 [165888/217864 (76%)]	Loss: 0.742158
U-B Train Epoch: 23 [206848/217864 (94%)]	Loss: 0.758020
Train Epoch: 23: time = 181s
U-B Train Epoch: 24 [2048/217864 (1%)]	Loss: 0.750772
U-B Train Epoch: 24 [43008/217864 (20%)]	Loss: 0.770705
U-B Train Epoch: 24 [83968/217864 (38%)]	Loss: 0.740495
U-B Train Epoch: 24 [124928/217864 (57%)]	Loss: 0.716297
U-B Train Epoch: 24 [165888/217864 (76%)]	Loss: 0.735468
U-B Train Epoch: 24 [206848/217864 (94%)]	Loss: 0.757762
Train Epoch: 24: time = 181s
U-B Train Epoch: 25 [2048/217864 (1%)]	Loss: 0.702032
U-B Train Epoch: 25 [43008/217864 (20%)]	Loss: 0.761834
U-B Train Epoch: 25 [83968/217864 (38%)]	Loss: 0.760204
U-B Train Epoch: 25 [124928/217864 (57%)]	Loss: 0.747622
U-B Train Epoch: 25 [165888/217864 (76%)]	Loss: 0.765282
U-B Train Epoch: 25 [206848/217864 (94%)]	Loss: 0.755275
Train Epoch: 25: time = 180s
U-B Train Epoch: 26 [2048/217864 (1%)]	Loss: 0.735527
U-B Train Epoch: 26 [43008/217864 (20%)]	Loss: 0.724027
U-B Train Epoch: 26 [83968/217864 (38%)]	Loss: 0.721922
U-B Train Epoch: 26 [124928/217864 (57%)]	Loss: 0.737355
U-B Train Epoch: 26 [165888/217864 (76%)]	Loss: 0.740326
U-B Train Epoch: 26 [206848/217864 (94%)]	Loss: 0.763252
Train Epoch: 26: time = 180s
Test: time=11s
Recall@20:0.07262843605817053	NDCG@20:0.03192969495075445	Precision@20:0.005144755444246453	Recall@40:0.11042129366292518	NDCG@40:0.040207966107766856	Precision@40:0.003972669394739737	Recall@80:0.16918023410157146	NDCG@80:0.05101823379221547	Precision@80:0.0030753754479356855	
Test: time=11s
Recall@20:0.07367366944480254	NDCG@20:0.03967640316742626	Precision@20:0.010378632713396991	Recall@40:0.11361877890169923	NDCG@40:0.05029515266109391	Precision@40:0.00818704775487989	Recall@80:0.1712874195366322	NDCG@80:0.06327733543324293	Precision@80:0.006278357051729035	
U-B Train Epoch: 27 [2048/217864 (1%)]	Loss: 0.715969
U-B Train Epoch: 27 [43008/217864 (20%)]	Loss: 0.693237
U-B Train Epoch: 27 [83968/217864 (38%)]	Loss: 0.752724
U-B Train Epoch: 27 [124928/217864 (57%)]	Loss: 0.727886
U-B Train Epoch: 27 [165888/217864 (76%)]	Loss: 0.717314
U-B Train Epoch: 27 [206848/217864 (94%)]	Loss: 0.740639
Train Epoch: 27: time = 184s
U-B Train Epoch: 28 [2048/217864 (1%)]	Loss: 0.756993
U-B Train Epoch: 28 [43008/217864 (20%)]	Loss: 0.744708
U-B Train Epoch: 28 [83968/217864 (38%)]	Loss: 0.757453
U-B Train Epoch: 28 [124928/217864 (57%)]	Loss: 0.771617
U-B Train Epoch: 28 [165888/217864 (76%)]	Loss: 0.701692
U-B Train Epoch: 28 [206848/217864 (94%)]	Loss: 0.719877
Train Epoch: 28: time = 182s
U-B Train Epoch: 29 [2048/217864 (1%)]	Loss: 0.715464
U-B Train Epoch: 29 [43008/217864 (20%)]	Loss: 0.693807
U-B Train Epoch: 29 [83968/217864 (38%)]	Loss: 0.741558
U-B Train Epoch: 29 [124928/217864 (57%)]	Loss: 0.724999
U-B Train Epoch: 29 [165888/217864 (76%)]	Loss: 0.718761
U-B Train Epoch: 29 [206848/217864 (94%)]	Loss: 0.740815
Train Epoch: 29: time = 185s
U-B Train Epoch: 30 [2048/217864 (1%)]	Loss: 0.680344
U-B Train Epoch: 30 [43008/217864 (20%)]	Loss: 0.688068
U-B Train Epoch: 30 [83968/217864 (38%)]	Loss: 0.723784
U-B Train Epoch: 30 [124928/217864 (57%)]	Loss: 0.711778
U-B Train Epoch: 30 [165888/217864 (76%)]	Loss: 0.744004
U-B Train Epoch: 30 [206848/217864 (94%)]	Loss: 0.744364
Train Epoch: 30: time = 187s
U-B Train Epoch: 31 [2048/217864 (1%)]	Loss: 0.695323
U-B Train Epoch: 31 [43008/217864 (20%)]	Loss: 0.683784
U-B Train Epoch: 31 [83968/217864 (38%)]	Loss: 0.691058
U-B Train Epoch: 31 [124928/217864 (57%)]	Loss: 0.703845
U-B Train Epoch: 31 [165888/217864 (76%)]	Loss: 0.701244
U-B Train Epoch: 31 [206848/217864 (94%)]	Loss: 0.722456
Train Epoch: 31: time = 183s
Test: time=10s
Recall@20:0.07345297427495252	NDCG@20:0.031904965275318074	Precision@20:0.005174462600095337	Recall@40:0.11411164228532669	NDCG@40:0.040793648571745035	Precision@40:0.0040604407481862875	Recall@80:0.17088459376911758	NDCG@80:0.05129728965526448	Precision@80:0.003105757871707701	
Test: time=12s
Recall@20:0.07535825930056902	NDCG@20:0.040299756642589175	Precision@20:0.010500162534043072	Recall@40:0.11635397360625427	NDCG@40:0.051277395071009264	Precision@40:0.008354488415350806	Recall@80:0.1766065131050729	NDCG@80:0.06483113955019411	Precision@80:0.006449848806238643	
U-B Train Epoch: 32 [2048/217864 (1%)]	Loss: 0.714832
U-B Train Epoch: 32 [43008/217864 (20%)]	Loss: 0.709122
U-B Train Epoch: 32 [83968/217864 (38%)]	Loss: 0.716208
U-B Train Epoch: 32 [124928/217864 (57%)]	Loss: 0.748838
U-B Train Epoch: 32 [165888/217864 (76%)]	Loss: 0.699778
U-B Train Epoch: 32 [206848/217864 (94%)]	Loss: 0.733531
Train Epoch: 32: time = 182s
U-B Train Epoch: 33 [2048/217864 (1%)]	Loss: 0.690112
U-B Train Epoch: 33 [43008/217864 (20%)]	Loss: 0.697414
U-B Train Epoch: 33 [83968/217864 (38%)]	Loss: 0.688396
U-B Train Epoch: 33 [124928/217864 (57%)]	Loss: 0.689214
U-B Train Epoch: 33 [165888/217864 (76%)]	Loss: 0.683141
U-B Train Epoch: 33 [206848/217864 (94%)]	Loss: 0.736720
Train Epoch: 33: time = 182s
U-B Train Epoch: 34 [2048/217864 (1%)]	Loss: 0.678588
U-B Train Epoch: 34 [43008/217864 (20%)]	Loss: 0.673513
U-B Train Epoch: 34 [83968/217864 (38%)]	Loss: 0.730534
U-B Train Epoch: 34 [124928/217864 (57%)]	Loss: 0.687010
U-B Train Epoch: 34 [165888/217864 (76%)]	Loss: 0.661201
U-B Train Epoch: 34 [206848/217864 (94%)]	Loss: 0.677848
Train Epoch: 34: time = 182s
U-B Train Epoch: 35 [2048/217864 (1%)]	Loss: 0.661426
U-B Train Epoch: 35 [43008/217864 (20%)]	Loss: 0.643552
U-B Train Epoch: 35 [83968/217864 (38%)]	Loss: 0.683897
U-B Train Epoch: 35 [124928/217864 (57%)]	Loss: 0.718408
U-B Train Epoch: 35 [165888/217864 (76%)]	Loss: 0.655344
U-B Train Epoch: 35 [206848/217864 (94%)]	Loss: 0.708530
Train Epoch: 35: time = 181s
U-B Train Epoch: 36 [2048/217864 (1%)]	Loss: 0.715404
U-B Train Epoch: 36 [43008/217864 (20%)]	Loss: 0.655906
U-B Train Epoch: 36 [83968/217864 (38%)]	Loss: 0.695488
U-B Train Epoch: 36 [124928/217864 (57%)]	Loss: 0.689909
U-B Train Epoch: 36 [165888/217864 (76%)]	Loss: 0.708926
U-B Train Epoch: 36 [206848/217864 (94%)]	Loss: 0.703028
Train Epoch: 36: time = 177s
Test: time=11s
Recall@20:0.07403834641102106	NDCG@20:0.032468512723522386	Precision@20:0.005206870652177466	Recall@40:0.11625612028038912	NDCG@40:0.04164828115242584	Precision@40:0.004102301044496048	Recall@80:0.17780476805328538	NDCG@80:0.05302213182765618	Precision@80:0.003209733277755666	
Test: time=10s
Recall@20:0.07578172464279039	NDCG@20:0.040099975291912816	Precision@20:0.010438047108800105	Recall@40:0.11813491789558297	NDCG@40:0.05142674217397198	Precision@40:0.008390947556642473	Recall@80:0.1786360953401976	NDCG@80:0.06509111132853049	Precision@80:0.006485632690070347	
U-B Train Epoch: 37 [2048/217864 (1%)]	Loss: 0.715959
U-B Train Epoch: 37 [43008/217864 (20%)]	Loss: 0.665688
U-B Train Epoch: 37 [83968/217864 (38%)]	Loss: 0.660709
U-B Train Epoch: 37 [124928/217864 (57%)]	Loss: 0.661053
U-B Train Epoch: 37 [165888/217864 (76%)]	Loss: 0.712827
U-B Train Epoch: 37 [206848/217864 (94%)]	Loss: 0.686165
Train Epoch: 37: time = 177s
U-B Train Epoch: 38 [2048/217864 (1%)]	Loss: 0.636661
U-B Train Epoch: 38 [43008/217864 (20%)]	Loss: 0.699974
U-B Train Epoch: 38 [83968/217864 (38%)]	Loss: 0.653526
U-B Train Epoch: 38 [124928/217864 (57%)]	Loss: 0.709682
U-B Train Epoch: 38 [165888/217864 (76%)]	Loss: 0.714510
U-B Train Epoch: 38 [206848/217864 (94%)]	Loss: 0.734008
Train Epoch: 38: time = 180s
U-B Train Epoch: 39 [2048/217864 (1%)]	Loss: 0.696387
U-B Train Epoch: 39 [43008/217864 (20%)]	Loss: 0.685141
U-B Train Epoch: 39 [83968/217864 (38%)]	Loss: 0.707665
U-B Train Epoch: 39 [124928/217864 (57%)]	Loss: 0.656881
U-B Train Epoch: 39 [165888/217864 (76%)]	Loss: 0.727759
U-B Train Epoch: 39 [206848/217864 (94%)]	Loss: 0.703506
Train Epoch: 39: time = 181s
U-B Train Epoch: 40 [2048/217864 (1%)]	Loss: 0.661740
U-B Train Epoch: 40 [43008/217864 (20%)]	Loss: 0.684691
U-B Train Epoch: 40 [83968/217864 (38%)]	Loss: 0.668703
U-B Train Epoch: 40 [124928/217864 (57%)]	Loss: 0.649910
U-B Train Epoch: 40 [165888/217864 (76%)]	Loss: 0.678620
U-B Train Epoch: 40 [206848/217864 (94%)]	Loss: 0.659033
Train Epoch: 40: time = 182s
U-B Train Epoch: 41 [2048/217864 (1%)]	Loss: 0.655519
U-B Train Epoch: 41 [43008/217864 (20%)]	Loss: 0.605415
U-B Train Epoch: 41 [83968/217864 (38%)]	Loss: 0.634378
U-B Train Epoch: 41 [124928/217864 (57%)]	Loss: 0.663355
U-B Train Epoch: 41 [165888/217864 (76%)]	Loss: 0.682091
U-B Train Epoch: 41 [206848/217864 (94%)]	Loss: 0.644920
Train Epoch: 41: time = 182s
Test: time=10s
Recall@20:0.07536415488696503	NDCG@20:0.03266045980761527	Precision@20:0.005166360643817369	Recall@40:0.11684666277974139	NDCG@40:0.04173176071228393	Precision@40:0.004087447461742452	Recall@80:0.17851834762324342	NDCG@80:0.053078368929120906	Precision@80:0.0031874528311879534	
Test: time=10s
Recall@20:0.07460761708987639	NDCG@20:0.0395530067047007	Precision@20:0.010238198162837922	Recall@40:0.12068522680883623	NDCG@40:0.05168579473883876	Precision@40:0.008401750211158349	Recall@80:0.18258800580767612	NDCG@80:0.06563691169818714	Precision@80:0.006548422960685424	
U-B Train Epoch: 42 [2048/217864 (1%)]	Loss: 0.639454
U-B Train Epoch: 42 [43008/217864 (20%)]	Loss: 0.635742
U-B Train Epoch: 42 [83968/217864 (38%)]	Loss: 0.592261
U-B Train Epoch: 42 [124928/217864 (57%)]	Loss: 0.616583
U-B Train Epoch: 42 [165888/217864 (76%)]	Loss: 0.617013
U-B Train Epoch: 42 [206848/217864 (94%)]	Loss: 0.642799
Train Epoch: 42: time = 182s
U-B Train Epoch: 43 [2048/217864 (1%)]	Loss: 0.615255
U-B Train Epoch: 43 [43008/217864 (20%)]	Loss: 0.658570
U-B Train Epoch: 43 [83968/217864 (38%)]	Loss: 0.605880
U-B Train Epoch: 43 [124928/217864 (57%)]	Loss: 0.663514
U-B Train Epoch: 43 [165888/217864 (76%)]	Loss: 0.660646
U-B Train Epoch: 43 [206848/217864 (94%)]	Loss: 0.590305
Train Epoch: 43: time = 184s
U-B Train Epoch: 44 [2048/217864 (1%)]	Loss: 0.609880
U-B Train Epoch: 44 [43008/217864 (20%)]	Loss: 0.610080
U-B Train Epoch: 44 [83968/217864 (38%)]	Loss: 0.593127
U-B Train Epoch: 44 [124928/217864 (57%)]	Loss: 0.617896
U-B Train Epoch: 44 [165888/217864 (76%)]	Loss: 0.647555
U-B Train Epoch: 44 [206848/217864 (94%)]	Loss: 0.613383
Train Epoch: 44: time = 180s
U-B Train Epoch: 45 [2048/217864 (1%)]	Loss: 0.596909
U-B Train Epoch: 45 [43008/217864 (20%)]	Loss: 0.647838
U-B Train Epoch: 45 [83968/217864 (38%)]	Loss: 0.591228
U-B Train Epoch: 45 [124928/217864 (57%)]	Loss: 0.641438
U-B Train Epoch: 45 [165888/217864 (76%)]	Loss: 0.582150
U-B Train Epoch: 45 [206848/217864 (94%)]	Loss: 0.572034
Train Epoch: 45: time = 180s
U-B Train Epoch: 46 [2048/217864 (1%)]	Loss: 0.618315
U-B Train Epoch: 46 [43008/217864 (20%)]	Loss: 0.593454
U-B Train Epoch: 46 [83968/217864 (38%)]	Loss: 0.643156
U-B Train Epoch: 46 [124928/217864 (57%)]	Loss: 0.609367
U-B Train Epoch: 46 [165888/217864 (76%)]	Loss: 0.639059
U-B Train Epoch: 46 [206848/217864 (94%)]	Loss: 0.598339
Train Epoch: 46: time = 177s
Test: time=10s
Recall@20:0.07324351699843937	NDCG@20:0.03194384277671772	Precision@20:0.0050259264200310915	Recall@40:0.11582647722612463	NDCG@40:0.04123614163278722	Precision@40:0.004036134971911183	Recall@80:0.17917914718688918	NDCG@80:0.05291430101778925	Precision@80:0.0031894782687464634	
Test: time=10s
Recall@20:0.0757343396906643	NDCG@20:0.03941200680180014	Precision@20:0.010208491116449876	Recall@40:0.12122504191147762	NDCG@40:0.05141589287948155	Precision@40:0.008357189300316025	Recall@80:0.1832758157727424	NDCG@80:0.06541741104224878	Precision@80:0.006524116988829561	
U-B Train Epoch: 47 [2048/217864 (1%)]	Loss: 0.552231
U-B Train Epoch: 47 [43008/217864 (20%)]	Loss: 0.610870
U-B Train Epoch: 47 [83968/217864 (38%)]	Loss: 0.612172
U-B Train Epoch: 47 [124928/217864 (57%)]	Loss: 0.617043
U-B Train Epoch: 47 [165888/217864 (76%)]	Loss: 0.610475
U-B Train Epoch: 47 [206848/217864 (94%)]	Loss: 0.610652
Train Epoch: 47: time = 177s
U-B Train Epoch: 48 [2048/217864 (1%)]	Loss: 0.589276
U-B Train Epoch: 48 [43008/217864 (20%)]	Loss: 0.621488
U-B Train Epoch: 48 [83968/217864 (38%)]	Loss: 0.572454
U-B Train Epoch: 48 [124928/217864 (57%)]	Loss: 0.600463
U-B Train Epoch: 48 [165888/217864 (76%)]	Loss: 0.584626
U-B Train Epoch: 48 [206848/217864 (94%)]	Loss: 0.627771
Train Epoch: 48: time = 180s
U-B Train Epoch: 49 [2048/217864 (1%)]	Loss: 0.582852
U-B Train Epoch: 49 [43008/217864 (20%)]	Loss: 0.567787
U-B Train Epoch: 49 [83968/217864 (38%)]	Loss: 0.567800
U-B Train Epoch: 49 [124928/217864 (57%)]	Loss: 0.569060
U-B Train Epoch: 49 [165888/217864 (76%)]	Loss: 0.585683
U-B Train Epoch: 49 [206848/217864 (94%)]	Loss: 0.547687
Train Epoch: 49: time = 180s
U-B Train Epoch: 50 [2048/217864 (1%)]	Loss: 0.545987
U-B Train Epoch: 50 [43008/217864 (20%)]	Loss: 0.585411
U-B Train Epoch: 50 [83968/217864 (38%)]	Loss: 0.560531
U-B Train Epoch: 50 [124928/217864 (57%)]	Loss: 0.551053
U-B Train Epoch: 50 [165888/217864 (76%)]	Loss: 0.536486
U-B Train Epoch: 50 [206848/217864 (94%)]	Loss: 0.570726
Train Epoch: 50: time = 180s
U-B Train Epoch: 51 [2048/217864 (1%)]	Loss: 0.551765
U-B Train Epoch: 51 [43008/217864 (20%)]	Loss: 0.527831
U-B Train Epoch: 51 [83968/217864 (38%)]	Loss: 0.583709
U-B Train Epoch: 51 [124928/217864 (57%)]	Loss: 0.611557
U-B Train Epoch: 51 [165888/217864 (76%)]	Loss: 0.570274
U-B Train Epoch: 51 [206848/217864 (94%)]	Loss: 0.530155
Train Epoch: 51: time = 179s
Test: time=10s
Recall@20:0.07243981121347985	NDCG@20:0.0313667567164926	Precision@20:0.004963811303854014	Recall@40:0.11590818698454898	NDCG@40:0.040813459785476264	Precision@40:0.004003727028485031	Recall@80:0.17606973498689443	NDCG@80:0.051894659999638486	Precision@80:0.003117235662149819	
Test: time=10s
Recall@20:0.07620096428162261	NDCG@20:0.03972927288011326	Precision@20:0.010224694848717374	Recall@40:0.12107197764729326	NDCG@40:0.05157382861447795	Precision@40:0.008324781471984722	Recall@80:0.1847338875800136	NDCG@80:0.06581457951316903	Precision@80:0.006504537188183918	
U-B Train Epoch: 52 [2048/217864 (1%)]	Loss: 0.581067
U-B Train Epoch: 52 [43008/217864 (20%)]	Loss: 0.511677
U-B Train Epoch: 52 [83968/217864 (38%)]	Loss: 0.542661
U-B Train Epoch: 52 [124928/217864 (57%)]	Loss: 0.532053
U-B Train Epoch: 52 [165888/217864 (76%)]	Loss: 0.531859
U-B Train Epoch: 52 [206848/217864 (94%)]	Loss: 0.554802
Train Epoch: 52: time = 182s
U-B Train Epoch: 53 [2048/217864 (1%)]	Loss: 0.535245
U-B Train Epoch: 53 [43008/217864 (20%)]	Loss: 0.541065
U-B Train Epoch: 53 [83968/217864 (38%)]	Loss: 0.498422
U-B Train Epoch: 53 [124928/217864 (57%)]	Loss: 0.536785
U-B Train Epoch: 53 [165888/217864 (76%)]	Loss: 0.551288
U-B Train Epoch: 53 [206848/217864 (94%)]	Loss: 0.578132
Train Epoch: 53: time = 185s
U-B Train Epoch: 54 [2048/217864 (1%)]	Loss: 0.543971
U-B Train Epoch: 54 [43008/217864 (20%)]	Loss: 0.529954
U-B Train Epoch: 54 [83968/217864 (38%)]	Loss: 0.529441
U-B Train Epoch: 54 [124928/217864 (57%)]	Loss: 0.495125
U-B Train Epoch: 54 [165888/217864 (76%)]	Loss: 0.504813
U-B Train Epoch: 54 [206848/217864 (94%)]	Loss: 0.553669
Train Epoch: 54: time = 184s
U-B Train Epoch: 55 [2048/217864 (1%)]	Loss: 0.514229
U-B Train Epoch: 55 [43008/217864 (20%)]	Loss: 0.525436
U-B Train Epoch: 55 [83968/217864 (38%)]	Loss: 0.516903
U-B Train Epoch: 55 [124928/217864 (57%)]	Loss: 0.518892
U-B Train Epoch: 55 [165888/217864 (76%)]	Loss: 0.532129
U-B Train Epoch: 55 [206848/217864 (94%)]	Loss: 0.502856
Train Epoch: 55: time = 182s
U-B Train Epoch: 56 [2048/217864 (1%)]	Loss: 0.493808
U-B Train Epoch: 56 [43008/217864 (20%)]	Loss: 0.555448
U-B Train Epoch: 56 [83968/217864 (38%)]	Loss: 0.519354
U-B Train Epoch: 56 [124928/217864 (57%)]	Loss: 0.504761
U-B Train Epoch: 56 [165888/217864 (76%)]	Loss: 0.484067
U-B Train Epoch: 56 [206848/217864 (94%)]	Loss: 0.515413
Train Epoch: 56: time = 178s
Test: time=10s
Recall@20:0.07233541658530679	NDCG@20:0.031270086952016614	Precision@20:0.004963811211295219	Recall@40:0.1158310864545285	NDCG@40:0.0407496255997436	Precision@40:0.004014529684610625	Recall@80:0.17606176886507538	NDCG@80:0.051842168905545195	Precision@80:0.0031172356476623555	
Test: time=11s
Recall@20:0.07617499615340713	NDCG@20:0.039615094925706425	Precision@20:0.010221994140821153	Recall@40:0.12207148107813233	NDCG@40:0.05173342565590276	Precision@40:0.008411202353973735	Recall@80:0.1852024588739948	NDCG@80:0.06582944591732794	Precision@80:0.006513989556359848	
U-B Train Epoch: 57 [2048/217864 (1%)]	Loss: 0.488335
U-B Train Epoch: 57 [43008/217864 (20%)]	Loss: 0.520628
U-B Train Epoch: 57 [83968/217864 (38%)]	Loss: 0.501934
U-B Train Epoch: 57 [124928/217864 (57%)]	Loss: 0.486813
U-B Train Epoch: 57 [165888/217864 (76%)]	Loss: 0.531767
U-B Train Epoch: 57 [206848/217864 (94%)]	Loss: 0.485985
Train Epoch: 57: time = 178s
U-B Train Epoch: 58 [2048/217864 (1%)]	Loss: 0.492759
U-B Train Epoch: 58 [43008/217864 (20%)]	Loss: 0.496608
U-B Train Epoch: 58 [83968/217864 (38%)]	Loss: 0.457313
U-B Train Epoch: 58 [124928/217864 (57%)]	Loss: 0.500055
U-B Train Epoch: 58 [165888/217864 (76%)]	Loss: 0.476453
U-B Train Epoch: 58 [206848/217864 (94%)]	Loss: 0.484990
Train Epoch: 58: time = 180s
U-B Train Epoch: 59 [2048/217864 (1%)]	Loss: 0.516772
U-B Train Epoch: 59 [43008/217864 (20%)]	Loss: 0.553092
U-B Train Epoch: 59 [83968/217864 (38%)]	Loss: 0.477865
U-B Train Epoch: 59 [124928/217864 (57%)]	Loss: 0.497115
U-B Train Epoch: 59 [165888/217864 (76%)]	Loss: 0.516244
U-B Train Epoch: 59 [206848/217864 (94%)]	Loss: 0.505424
Train Epoch: 59: time = 180s
U-B Train Epoch: 60 [2048/217864 (1%)]	Loss: 0.486188
U-B Train Epoch: 60 [43008/217864 (20%)]	Loss: 0.501255
U-B Train Epoch: 60 [83968/217864 (38%)]	Loss: 0.460399
U-B Train Epoch: 60 [124928/217864 (57%)]	Loss: 0.461231
U-B Train Epoch: 60 [165888/217864 (76%)]	Loss: 0.474016
U-B Train Epoch: 60 [206848/217864 (94%)]	Loss: 0.491323
Train Epoch: 60: time = 180s
U-B Train Epoch: 61 [2048/217864 (1%)]	Loss: 0.478952
U-B Train Epoch: 61 [43008/217864 (20%)]	Loss: 0.462355
U-B Train Epoch: 61 [83968/217864 (38%)]	Loss: 0.503441
U-B Train Epoch: 61 [124928/217864 (57%)]	Loss: 0.475060
U-B Train Epoch: 61 [165888/217864 (76%)]	Loss: 0.508118
U-B Train Epoch: 61 [206848/217864 (94%)]	Loss: 0.475874
Train Epoch: 61: time = 177s
Test: time=11s
Recall@20:0.0712141259463235	NDCG@20:0.030699368138492035	Precision@20:0.004888192832508574	Recall@40:0.11572495240352318	NDCG@40:0.04035409798539199	Precision@40:0.003996975329572083	Recall@80:0.17708542476504466	NDCG@80:0.051621002551867225	Precision@80:0.003125337603940322	
Test: time=10s
Recall@20:0.07601823767614349	NDCG@20:0.03966805290246069	Precision@20:0.010216592686395479	Recall@40:0.12159102970340462	NDCG@40:0.05177851795725242	Precision@40:0.008428757029346196	Recall@80:0.18416052090242124	NDCG@80:0.065792224648525	Precision@80:0.006521416338883196	
U-B Train Epoch: 62 [2048/217864 (1%)]	Loss: 0.489567
U-B Train Epoch: 62 [43008/217864 (20%)]	Loss: 0.470774
U-B Train Epoch: 62 [83968/217864 (38%)]	Loss: 0.454090
U-B Train Epoch: 62 [124928/217864 (57%)]	Loss: 0.443892
U-B Train Epoch: 62 [165888/217864 (76%)]	Loss: 0.451861
U-B Train Epoch: 62 [206848/217864 (94%)]	Loss: 0.539364
Train Epoch: 62: time = 181s
U-B Train Epoch: 63 [2048/217864 (1%)]	Loss: 0.475133
U-B Train Epoch: 63 [43008/217864 (20%)]	Loss: 0.522232
U-B Train Epoch: 63 [83968/217864 (38%)]	Loss: 0.438295
U-B Train Epoch: 63 [124928/217864 (57%)]	Loss: 0.448207
U-B Train Epoch: 63 [165888/217864 (76%)]	Loss: 0.456779
U-B Train Epoch: 63 [206848/217864 (94%)]	Loss: 0.456795
Train Epoch: 63: time = 184s
U-B Train Epoch: 64 [2048/217864 (1%)]	Loss: 0.490506
U-B Train Epoch: 64 [43008/217864 (20%)]	Loss: 0.447175
U-B Train Epoch: 64 [83968/217864 (38%)]	Loss: 0.475537
U-B Train Epoch: 64 [124928/217864 (57%)]	Loss: 0.435928
U-B Train Epoch: 64 [165888/217864 (76%)]	Loss: 0.436669
U-B Train Epoch: 64 [206848/217864 (94%)]	Loss: 0.430963
Train Epoch: 64: time = 184s
U-B Train Epoch: 65 [2048/217864 (1%)]	Loss: 0.444231
U-B Train Epoch: 65 [43008/217864 (20%)]	Loss: 0.444118
U-B Train Epoch: 65 [83968/217864 (38%)]	Loss: 0.428177
U-B Train Epoch: 65 [124928/217864 (57%)]	Loss: 0.409113
U-B Train Epoch: 65 [165888/217864 (76%)]	Loss: 0.445956
U-B Train Epoch: 65 [206848/217864 (94%)]	Loss: 0.424350
Train Epoch: 65: time = 184s
U-B Train Epoch: 66 [2048/217864 (1%)]	Loss: 0.453131
U-B Train Epoch: 66 [43008/217864 (20%)]	Loss: 0.464818
U-B Train Epoch: 66 [83968/217864 (38%)]	Loss: 0.420881
U-B Train Epoch: 66 [124928/217864 (57%)]	Loss: 0.437415
U-B Train Epoch: 66 [165888/217864 (76%)]	Loss: 0.439277
U-B Train Epoch: 66 [206848/217864 (94%)]	Loss: 0.429366
Train Epoch: 66: time = 161s
Test: time=10s
Recall@20:0.0730454098705701	NDCG@20:0.0313457781608926	Precision@20:0.0050394298275152965	Recall@40:0.11660033826940297	NDCG@40:0.04081104905865189	Precision@40:0.004080695716147676	Recall@80:0.17849982731334846	NDCG@80:0.05218450288040097	Precision@80:0.0031732743674585573	
Test: time=10s
Recall@20:0.07548981494827328	NDCG@20:0.03954045857803165	Precision@20:0.010238198246543269	Recall@40:0.12070004054301628	NDCG@40:0.05150924813764147	Precision@40:0.00836124028489388	Recall@80:0.1836927687360721	NDCG@80:0.06558537681532611	Precision@80:0.006487658101873366	
U-B Train Epoch: 67 [2048/217864 (1%)]	Loss: 0.395285
U-B Train Epoch: 67 [43008/217864 (20%)]	Loss: 0.427084
U-B Train Epoch: 67 [83968/217864 (38%)]	Loss: 0.434458
U-B Train Epoch: 67 [124928/217864 (57%)]	Loss: 0.412039
U-B Train Epoch: 67 [165888/217864 (76%)]	Loss: 0.444621
U-B Train Epoch: 67 [206848/217864 (94%)]	Loss: 0.436371
Train Epoch: 67: time = 159s
U-B Train Epoch: 68 [2048/217864 (1%)]	Loss: 0.433762
U-B Train Epoch: 68 [43008/217864 (20%)]	Loss: 0.403729
U-B Train Epoch: 68 [83968/217864 (38%)]	Loss: 0.441397
U-B Train Epoch: 68 [124928/217864 (57%)]	Loss: 0.457727
U-B Train Epoch: 68 [165888/217864 (76%)]	Loss: 0.409250
U-B Train Epoch: 68 [206848/217864 (94%)]	Loss: 0.427618
Train Epoch: 68: time = 160s
U-B Train Epoch: 69 [2048/217864 (1%)]	Loss: 0.449501
U-B Train Epoch: 69 [43008/217864 (20%)]	Loss: 0.401278
U-B Train Epoch: 69 [83968/217864 (38%)]	Loss: 0.414442
U-B Train Epoch: 69 [124928/217864 (57%)]	Loss: 0.415650
U-B Train Epoch: 69 [165888/217864 (76%)]	Loss: 0.408565
U-B Train Epoch: 69 [206848/217864 (94%)]	Loss: 0.437842
Train Epoch: 69: time = 160s
U-B Train Epoch: 70 [2048/217864 (1%)]	Loss: 0.420188
U-B Train Epoch: 70 [43008/217864 (20%)]	Loss: 0.415442
U-B Train Epoch: 70 [83968/217864 (38%)]	Loss: 0.426040
U-B Train Epoch: 70 [124928/217864 (57%)]	Loss: 0.393185
U-B Train Epoch: 70 [165888/217864 (76%)]	Loss: 0.403198
U-B Train Epoch: 70 [206848/217864 (94%)]	Loss: 0.409033
Train Epoch: 70: time = 160s
U-B Train Epoch: 71 [2048/217864 (1%)]	Loss: 0.426299
U-B Train Epoch: 71 [43008/217864 (20%)]	Loss: 0.429271
U-B Train Epoch: 71 [83968/217864 (38%)]	Loss: 0.414487
U-B Train Epoch: 71 [124928/217864 (57%)]	Loss: 0.408707
U-B Train Epoch: 71 [165888/217864 (76%)]	Loss: 0.400904
U-B Train Epoch: 71 [206848/217864 (94%)]	Loss: 0.392906
Train Epoch: 71: time = 158s
Test: time=10s
Recall@20:0.07144123333196113	NDCG@20:0.030793683677251774	Precision@20:0.004944906577965321	Recall@40:0.11481347176250067	NDCG@40:0.04020019140075604	Precision@40:0.004001026404294157	Recall@80:0.17467909378483626	NDCG@80:0.05113976318789595	Precision@80:0.0030787512877338504	
Test: time=9s
Recall@20:0.07347808090775346	NDCG@20:0.03816605590390917	Precision@20:0.009919520612796827	Recall@40:0.11856300650295074	NDCG@40:0.050031792104044626	Precision@40:0.008134384749323835	Recall@80:0.1791539593470255	NDCG@80:0.06358142546601928	Precision@80:0.006288484577562403	
