nohup: ignoring input
>>>>>>>>>>B-I statistics>>>>>>>>>>
Average interactions 77.80081939697266
Non-zero rows 1.0
Non-zero columns 1.0
Matrix density 0.0006293139276969943
finish loading assist data
>>>>>>>>>>U-I statistics>>>>>>>>>>
Average interactions 60.88433837890625
Non-zero rows 1.0
Non-zero columns 0.7321965897693079
Matrix density 0.0004924801599908087
finish loading item data
>>>>>>>>>>U-B statistics in train>>>>>>>>>>
Average interactions 11.758635520935059
Non-zero rows 0.9992443868739206
Non-zero columns 0.8920136459062281
Matrix density 0.0005142860207568127
finish loading bundle train data
>>>>>>>>>>U-B statistics in test>>>>>>>>>>
Average interactions 3.0524072647094727
Non-zero rows 0.9992443868739206
Non-zero columns 0.6320416375087474
Matrix density 0.00013350276275062213
finish loading bundle test data
>>>>>>>>>>B-I statistics>>>>>>>>>>
Average interactions 77.80081939697266
Non-zero rows 1.0
Non-zero columns 1.0
Matrix density 0.0006293139276969943
finish loading assist data
>>>>>>>>>>U-I statistics>>>>>>>>>>
Average interactions 60.88433837890625
Non-zero rows 1.0
Non-zero columns 0.7321965897693079
Matrix density 0.0004924801599908087
finish loading item data
>>>>>>>>>>U-B statistics in train>>>>>>>>>>
Average interactions 11.758635520935059
Non-zero rows 0.9992443868739206
Non-zero columns 0.8920136459062281
Matrix density 0.0005142860207568127
finish loading bundle train data
>>>>>>>>>>U-B statistics in test>>>>>>>>>>
Average interactions 1.50350821018219
Non-zero rows 0.9992443868739206
Non-zero columns 0.47380160951714484
Matrix density 6.575875628934809e-05
finish loading bundle test data
IHGCN model
/data/nfs/lzm/IHBR/IHBR_1/model/IHGCN.py:170: UserWarning: Creating a tensor from a list of numpy.ndarrays is extremely slow. Please consider converting the list to a single numpy.ndarray with numpy.array() before converting to a tensor. (Triggered internally at  /opt/conda/conda-bld/pytorch_1640811805959/work/torch/csrc/utils/tensor_new.cpp:201.)
  ub_indices = torch.tensor([ub_graph_coo.row, ub_graph_coo.col], dtype=torch.long)
finish generating bi, ui graph
finish generating non-atom graph
U-B Train Epoch: 1 [2048/217864 (1%)]	Loss: 1.335624
U-B Train Epoch: 1 [43008/217864 (20%)]	Loss: 1.316332
U-B Train Epoch: 1 [83968/217864 (38%)]	Loss: 1.275304
U-B Train Epoch: 1 [124928/217864 (57%)]	Loss: 1.189466
U-B Train Epoch: 1 [165888/217864 (76%)]	Loss: 1.115663
U-B Train Epoch: 1 [206848/217864 (94%)]	Loss: 1.062916
Train Epoch: 1: time = 192s
Test: time=14s
Recall@20:0.01113284524038001	NDCG@20:0.004708096238517782	Precision@20:0.0008831155152690196	Recall@40:0.019434768900933604	NDCG@40:0.006567945616335671	Precision@40:0.0007804904527059961	Recall@80:0.034579581262432525	NDCG@80:0.00935123986555019	Precision@80:0.0006717889164956249	
Test: time=11s
Recall@20:0.010767774511339135	NDCG@20:0.005594269221913574	Precision@20:0.001863454708698129	Recall@40:0.020229210513089072	NDCG@40:0.008152032035002636	Precision@40:0.0016744085919062467	Recall@80:0.03512944687877011	NDCG@80:0.011562189324906337	Precision@80:0.001421896976014251	
U-B Train Epoch: 2 [2048/217864 (1%)]	Loss: 0.996272
U-B Train Epoch: 2 [43008/217864 (20%)]	Loss: 0.987377
U-B Train Epoch: 2 [83968/217864 (38%)]	Loss: 0.961706
U-B Train Epoch: 2 [124928/217864 (57%)]	Loss: 0.957337
U-B Train Epoch: 2 [165888/217864 (76%)]	Loss: 0.948514
U-B Train Epoch: 2 [206848/217864 (94%)]	Loss: 0.948974
Train Epoch: 2: time = 190s
U-B Train Epoch: 3 [2048/217864 (1%)]	Loss: 0.913210
U-B Train Epoch: 3 [43008/217864 (20%)]	Loss: 0.918074
U-B Train Epoch: 3 [83968/217864 (38%)]	Loss: 0.902343
U-B Train Epoch: 3 [124928/217864 (57%)]	Loss: 0.912946
U-B Train Epoch: 3 [165888/217864 (76%)]	Loss: 0.933440
U-B Train Epoch: 3 [206848/217864 (94%)]	Loss: 0.881796
Train Epoch: 3: time = 191s
U-B Train Epoch: 4 [2048/217864 (1%)]	Loss: 0.860416
U-B Train Epoch: 4 [43008/217864 (20%)]	Loss: 0.876801
U-B Train Epoch: 4 [83968/217864 (38%)]	Loss: 0.897290
U-B Train Epoch: 4 [124928/217864 (57%)]	Loss: 0.876662
U-B Train Epoch: 4 [165888/217864 (76%)]	Loss: 0.898156
U-B Train Epoch: 4 [206848/217864 (94%)]	Loss: 0.875024
Train Epoch: 4: time = 195s
U-B Train Epoch: 5 [2048/217864 (1%)]	Loss: 0.853686
U-B Train Epoch: 5 [43008/217864 (20%)]	Loss: 0.865509
U-B Train Epoch: 5 [83968/217864 (38%)]	Loss: 0.871715
U-B Train Epoch: 5 [124928/217864 (57%)]	Loss: 0.871576
U-B Train Epoch: 5 [165888/217864 (76%)]	Loss: 0.868029
U-B Train Epoch: 5 [206848/217864 (94%)]	Loss: 0.856097
Train Epoch: 5: time = 194s
U-B Train Epoch: 6 [2048/217864 (1%)]	Loss: 0.824047
U-B Train Epoch: 6 [43008/217864 (20%)]	Loss: 0.845627
U-B Train Epoch: 6 [83968/217864 (38%)]	Loss: 0.858795
U-B Train Epoch: 6 [124928/217864 (57%)]	Loss: 0.880176
U-B Train Epoch: 6 [165888/217864 (76%)]	Loss: 0.858835
U-B Train Epoch: 6 [206848/217864 (94%)]	Loss: 0.820788
Train Epoch: 6: time = 184s
Test: time=14s
Recall@20:0.04381126705611436	NDCG@20:0.018557507803518135	Precision@20:0.003143567071564192	Recall@40:0.07166514268405136	NDCG@40:0.02467750654347298	Precision@40:0.002598033894199113	Recall@80:0.11345060888757919	NDCG@80:0.03240703944061698	Precision@80:0.002093685866754385	
Test: time=12s
Recall@20:0.04416646392837101	NDCG@20:0.024283047421416133	Precision@20:0.006451874462718826	Recall@40:0.07241236860916683	NDCG@40:0.03176207321952432	Precision@40:0.005312196331687631	Recall@80:0.11491432763773743	NDCG@80:0.04131565952167097	Precision@80:0.004252862781237948	
U-B Train Epoch: 7 [2048/217864 (1%)]	Loss: 0.847346
U-B Train Epoch: 7 [43008/217864 (20%)]	Loss: 0.832700
U-B Train Epoch: 7 [83968/217864 (38%)]	Loss: 0.822883
U-B Train Epoch: 7 [124928/217864 (57%)]	Loss: 0.839096
U-B Train Epoch: 7 [165888/217864 (76%)]	Loss: 0.843266
U-B Train Epoch: 7 [206848/217864 (94%)]	Loss: 0.834185
Train Epoch: 7: time = 192s
U-B Train Epoch: 8 [2048/217864 (1%)]	Loss: 0.827455
U-B Train Epoch: 8 [43008/217864 (20%)]	Loss: 0.832206
U-B Train Epoch: 8 [83968/217864 (38%)]	Loss: 0.830672
U-B Train Epoch: 8 [124928/217864 (57%)]	Loss: 0.829118
U-B Train Epoch: 8 [165888/217864 (76%)]	Loss: 0.830604
U-B Train Epoch: 8 [206848/217864 (94%)]	Loss: 0.830133
Train Epoch: 8: time = 194s
U-B Train Epoch: 9 [2048/217864 (1%)]	Loss: 0.804420
U-B Train Epoch: 9 [43008/217864 (20%)]	Loss: 0.806391
U-B Train Epoch: 9 [83968/217864 (38%)]	Loss: 0.829167
U-B Train Epoch: 9 [124928/217864 (57%)]	Loss: 0.796548
U-B Train Epoch: 9 [165888/217864 (76%)]	Loss: 0.861512
U-B Train Epoch: 9 [206848/217864 (94%)]	Loss: 0.820331
Train Epoch: 9: time = 197s
U-B Train Epoch: 10 [2048/217864 (1%)]	Loss: 0.826261
U-B Train Epoch: 10 [43008/217864 (20%)]	Loss: 0.802454
U-B Train Epoch: 10 [83968/217864 (38%)]	Loss: 0.808964
U-B Train Epoch: 10 [124928/217864 (57%)]	Loss: 0.839460
U-B Train Epoch: 10 [165888/217864 (76%)]	Loss: 0.791589
U-B Train Epoch: 10 [206848/217864 (94%)]	Loss: 0.830495
Train Epoch: 10: time = 195s
U-B Train Epoch: 11 [2048/217864 (1%)]	Loss: 0.794052
U-B Train Epoch: 11 [43008/217864 (20%)]	Loss: 0.785448
U-B Train Epoch: 11 [83968/217864 (38%)]	Loss: 0.798804
U-B Train Epoch: 11 [124928/217864 (57%)]	Loss: 0.800853
U-B Train Epoch: 11 [165888/217864 (76%)]	Loss: 0.813321
U-B Train Epoch: 11 [206848/217864 (94%)]	Loss: 0.811932
Train Epoch: 11: time = 185s
Test: time=11s
Recall@20:0.0562124538849172	NDCG@20:0.024295160512088687	Precision@20:0.004040185877612849	Recall@40:0.09157259435675322	NDCG@40:0.03202347275349779	Precision@40:0.003315058874365345	Recall@80:0.13900855211610474	NDCG@80:0.04073018250924356	Precision@80:0.0025352437024602267	
Test: time=13s
Recall@20:0.057754701938074894	NDCG@20:0.03110376941445606	Precision@20:0.008269417925943138	Recall@40:0.0913370652604183	NDCG@40:0.04001208986900687	Precision@40:0.006651723186539898	Recall@80:0.13969163028238607	NDCG@80:0.050945242576520826	Precision@80:0.005178513641013328	
U-B Train Epoch: 12 [2048/217864 (1%)]	Loss: 0.774938
U-B Train Epoch: 12 [43008/217864 (20%)]	Loss: 0.793055
U-B Train Epoch: 12 [83968/217864 (38%)]	Loss: 0.812554
U-B Train Epoch: 12 [124928/217864 (57%)]	Loss: 0.807603
U-B Train Epoch: 12 [165888/217864 (76%)]	Loss: 0.819916
U-B Train Epoch: 12 [206848/217864 (94%)]	Loss: 0.818593
Train Epoch: 12: time = 191s
U-B Train Epoch: 13 [2048/217864 (1%)]	Loss: 0.806132
U-B Train Epoch: 13 [43008/217864 (20%)]	Loss: 0.826918
U-B Train Epoch: 13 [83968/217864 (38%)]	Loss: 0.797135
U-B Train Epoch: 13 [124928/217864 (57%)]	Loss: 0.796770
U-B Train Epoch: 13 [165888/217864 (76%)]	Loss: 0.791820
U-B Train Epoch: 13 [206848/217864 (94%)]	Loss: 0.780521
Train Epoch: 13: time = 192s
U-B Train Epoch: 14 [2048/217864 (1%)]	Loss: 0.791047
U-B Train Epoch: 14 [43008/217864 (20%)]	Loss: 0.800593
U-B Train Epoch: 14 [83968/217864 (38%)]	Loss: 0.796658
U-B Train Epoch: 14 [124928/217864 (57%)]	Loss: 0.828760
U-B Train Epoch: 14 [165888/217864 (76%)]	Loss: 0.810214
U-B Train Epoch: 14 [206848/217864 (94%)]	Loss: 0.794703
Train Epoch: 14: time = 191s
U-B Train Epoch: 15 [2048/217864 (1%)]	Loss: 0.813442
U-B Train Epoch: 15 [43008/217864 (20%)]	Loss: 0.787339
U-B Train Epoch: 15 [83968/217864 (38%)]	Loss: 0.800212
U-B Train Epoch: 15 [124928/217864 (57%)]	Loss: 0.763309
U-B Train Epoch: 15 [165888/217864 (76%)]	Loss: 0.784872
U-B Train Epoch: 15 [206848/217864 (94%)]	Loss: 0.823909
Train Epoch: 15: time = 191s
U-B Train Epoch: 16 [2048/217864 (1%)]	Loss: 0.843943
U-B Train Epoch: 16 [43008/217864 (20%)]	Loss: 0.828333
U-B Train Epoch: 16 [83968/217864 (38%)]	Loss: 0.800235
U-B Train Epoch: 16 [124928/217864 (57%)]	Loss: 0.820445
U-B Train Epoch: 16 [165888/217864 (76%)]	Loss: 0.768908
U-B Train Epoch: 16 [206848/217864 (94%)]	Loss: 0.806471
Train Epoch: 16: time = 183s
Test: time=11s
Recall@20:0.06293541583847997	NDCG@20:0.027720274041303488	Precision@20:0.004512801175628997	Recall@40:0.09783612426213033	NDCG@40:0.03537040718356155	Precision@40:0.003550016312287798	Recall@80:0.15094825156991626	NDCG@80:0.04517613415894761	Precision@80:0.00277155135187073	
Test: time=11s
Recall@20:0.0635548985724291	NDCG@20:0.03416599613860164	Precision@20:0.009066112171281063	Recall@40:0.09855689352887927	NDCG@40:0.043423804709343955	Precision@40:0.007148644238295096	Recall@80:0.1505755952178009	NDCG@80:0.055200943231350844	Precision@80:0.005568083757598006	
U-B Train Epoch: 17 [2048/217864 (1%)]	Loss: 0.769115
U-B Train Epoch: 17 [43008/217864 (20%)]	Loss: 0.779793
U-B Train Epoch: 17 [83968/217864 (38%)]	Loss: 0.767070
U-B Train Epoch: 17 [124928/217864 (57%)]	Loss: 0.782892
U-B Train Epoch: 17 [165888/217864 (76%)]	Loss: 0.790103
U-B Train Epoch: 17 [206848/217864 (94%)]	Loss: 0.794654
Train Epoch: 17: time = 189s
U-B Train Epoch: 18 [2048/217864 (1%)]	Loss: 0.789380
U-B Train Epoch: 18 [43008/217864 (20%)]	Loss: 0.743298
U-B Train Epoch: 18 [83968/217864 (38%)]	Loss: 0.792734
U-B Train Epoch: 18 [124928/217864 (57%)]	Loss: 0.764176
U-B Train Epoch: 18 [165888/217864 (76%)]	Loss: 0.778326
U-B Train Epoch: 18 [206848/217864 (94%)]	Loss: 0.768053
Train Epoch: 18: time = 194s
U-B Train Epoch: 19 [2048/217864 (1%)]	Loss: 0.821931
U-B Train Epoch: 19 [43008/217864 (20%)]	Loss: 0.769161
U-B Train Epoch: 19 [83968/217864 (38%)]	Loss: 0.828446
U-B Train Epoch: 19 [124928/217864 (57%)]	Loss: 0.781052
U-B Train Epoch: 19 [165888/217864 (76%)]	Loss: 0.764528
U-B Train Epoch: 19 [206848/217864 (94%)]	Loss: 0.787897
Train Epoch: 19: time = 193s
U-B Train Epoch: 20 [2048/217864 (1%)]	Loss: 0.786192
U-B Train Epoch: 20 [43008/217864 (20%)]	Loss: 0.781338
U-B Train Epoch: 20 [83968/217864 (38%)]	Loss: 0.795072
U-B Train Epoch: 20 [124928/217864 (57%)]	Loss: 0.744448
U-B Train Epoch: 20 [165888/217864 (76%)]	Loss: 0.766619
U-B Train Epoch: 20 [206848/217864 (94%)]	Loss: 0.779720
Train Epoch: 20: time = 195s
U-B Train Epoch: 21 [2048/217864 (1%)]	Loss: 0.767658
U-B Train Epoch: 21 [43008/217864 (20%)]	Loss: 0.789060
U-B Train Epoch: 21 [83968/217864 (38%)]	Loss: 0.808447
U-B Train Epoch: 21 [124928/217864 (57%)]	Loss: 0.792453
U-B Train Epoch: 21 [165888/217864 (76%)]	Loss: 0.836711
U-B Train Epoch: 21 [206848/217864 (94%)]	Loss: 0.763427
Train Epoch: 21: time = 184s
Test: time=12s
Recall@20:0.06723552829595729	NDCG@20:0.02921912036421645	Precision@20:0.004801771725159015	Recall@40:0.10419708572145388	NDCG@40:0.03734795887784205	Precision@40:0.003786323960893443	Recall@80:0.15726891714720176	NDCG@80:0.04714989774206795	Precision@80:0.0028937561176914472	
Test: time=11s
Recall@20:0.06759764056902694	NDCG@20:0.03620389724274852	Precision@20:0.009662958153177314	Recall@40:0.1040894246789051	NDCG@40:0.04590476459389026	Precision@40:0.007565896184240702	Recall@80:0.1583798390891545	NDCG@80:0.05822956174422098	Precision@80:0.0058908125127483495	
U-B Train Epoch: 22 [2048/217864 (1%)]	Loss: 0.777237
U-B Train Epoch: 22 [43008/217864 (20%)]	Loss: 0.742383
U-B Train Epoch: 22 [83968/217864 (38%)]	Loss: 0.781001
U-B Train Epoch: 22 [124928/217864 (57%)]	Loss: 0.767172
U-B Train Epoch: 22 [165888/217864 (76%)]	Loss: 0.770165
U-B Train Epoch: 22 [206848/217864 (94%)]	Loss: 0.792244
Train Epoch: 22: time = 190s
U-B Train Epoch: 23 [2048/217864 (1%)]	Loss: 0.761658
U-B Train Epoch: 23 [43008/217864 (20%)]	Loss: 0.738727
U-B Train Epoch: 23 [83968/217864 (38%)]	Loss: 0.741189
U-B Train Epoch: 23 [124928/217864 (57%)]	Loss: 0.790497
U-B Train Epoch: 23 [165888/217864 (76%)]	Loss: 0.751388
U-B Train Epoch: 23 [206848/217864 (94%)]	Loss: 0.769410
Train Epoch: 23: time = 191s
U-B Train Epoch: 24 [2048/217864 (1%)]	Loss: 0.762609
U-B Train Epoch: 24 [43008/217864 (20%)]	Loss: 0.782427
U-B Train Epoch: 24 [83968/217864 (38%)]	Loss: 0.751656
U-B Train Epoch: 24 [124928/217864 (57%)]	Loss: 0.727687
U-B Train Epoch: 24 [165888/217864 (76%)]	Loss: 0.745581
U-B Train Epoch: 24 [206848/217864 (94%)]	Loss: 0.770192
Train Epoch: 24: time = 193s
U-B Train Epoch: 25 [2048/217864 (1%)]	Loss: 0.712742
U-B Train Epoch: 25 [43008/217864 (20%)]	Loss: 0.771731
U-B Train Epoch: 25 [83968/217864 (38%)]	Loss: 0.772396
U-B Train Epoch: 25 [124928/217864 (57%)]	Loss: 0.756863
U-B Train Epoch: 25 [165888/217864 (76%)]	Loss: 0.776214
U-B Train Epoch: 25 [206848/217864 (94%)]	Loss: 0.764578
Train Epoch: 25: time = 193s
U-B Train Epoch: 26 [2048/217864 (1%)]	Loss: 0.746800
U-B Train Epoch: 26 [43008/217864 (20%)]	Loss: 0.734890
U-B Train Epoch: 26 [83968/217864 (38%)]	Loss: 0.730578
U-B Train Epoch: 26 [124928/217864 (57%)]	Loss: 0.746887
U-B Train Epoch: 26 [165888/217864 (76%)]	Loss: 0.748722
U-B Train Epoch: 26 [206848/217864 (94%)]	Loss: 0.771994
Train Epoch: 26: time = 184s
Test: time=12s
Recall@20:0.07002450895190973	NDCG@20:0.030628492993928322	Precision@20:0.005017824421900452	Recall@40:0.10999660552726317	NDCG@40:0.03938911081429265	Precision@40:0.003998325627984915	Recall@80:0.16602867788277936	NDCG@80:0.04970156596574127	Precision@80:0.003034190373672089	
Test: time=11s
Recall@20:0.07092413737962683	NDCG@20:0.038267427352562416	Precision@20:0.010105865935572566	Recall@40:0.11022861722196373	NDCG@40:0.04861112412049573	Precision@40:0.007919682557039157	Recall@80:0.16646537036943143	NDCG@80:0.06139502494938111	Precision@80:0.006156827388835337	
U-B Train Epoch: 27 [2048/217864 (1%)]	Loss: 0.727025
U-B Train Epoch: 27 [43008/217864 (20%)]	Loss: 0.700585
U-B Train Epoch: 27 [83968/217864 (38%)]	Loss: 0.762263
U-B Train Epoch: 27 [124928/217864 (57%)]	Loss: 0.736478
U-B Train Epoch: 27 [165888/217864 (76%)]	Loss: 0.723420
U-B Train Epoch: 27 [206848/217864 (94%)]	Loss: 0.748951
Train Epoch: 27: time = 191s
U-B Train Epoch: 28 [2048/217864 (1%)]	Loss: 0.768622
U-B Train Epoch: 28 [43008/217864 (20%)]	Loss: 0.753009
U-B Train Epoch: 28 [83968/217864 (38%)]	Loss: 0.769002
U-B Train Epoch: 28 [124928/217864 (57%)]	Loss: 0.780308
U-B Train Epoch: 28 [165888/217864 (76%)]	Loss: 0.708866
U-B Train Epoch: 28 [206848/217864 (94%)]	Loss: 0.725091
Train Epoch: 28: time = 192s
U-B Train Epoch: 29 [2048/217864 (1%)]	Loss: 0.721588
U-B Train Epoch: 29 [43008/217864 (20%)]	Loss: 0.701307
U-B Train Epoch: 29 [83968/217864 (38%)]	Loss: 0.750479
U-B Train Epoch: 29 [124928/217864 (57%)]	Loss: 0.731855
U-B Train Epoch: 29 [165888/217864 (76%)]	Loss: 0.726303
U-B Train Epoch: 29 [206848/217864 (94%)]	Loss: 0.748754
Train Epoch: 29: time = 191s
U-B Train Epoch: 30 [2048/217864 (1%)]	Loss: 0.688186
U-B Train Epoch: 30 [43008/217864 (20%)]	Loss: 0.694145
U-B Train Epoch: 30 [83968/217864 (38%)]	Loss: 0.730646
U-B Train Epoch: 30 [124928/217864 (57%)]	Loss: 0.715811
U-B Train Epoch: 30 [165888/217864 (76%)]	Loss: 0.749695
U-B Train Epoch: 30 [206848/217864 (94%)]	Loss: 0.752404
Train Epoch: 30: time = 192s
U-B Train Epoch: 31 [2048/217864 (1%)]	Loss: 0.701726
U-B Train Epoch: 31 [43008/217864 (20%)]	Loss: 0.690928
U-B Train Epoch: 31 [83968/217864 (38%)]	Loss: 0.696669
U-B Train Epoch: 31 [124928/217864 (57%)]	Loss: 0.709251
U-B Train Epoch: 31 [165888/217864 (76%)]	Loss: 0.705967
U-B Train Epoch: 31 [206848/217864 (94%)]	Loss: 0.728379
Train Epoch: 31: time = 185s
Test: time=11s
Recall@20:0.07289903079174347	NDCG@20:0.031824972706298485	Precision@20:0.005152857411792447	Recall@40:0.11317801331294153	NDCG@40:0.040663422454674504	Precision@40:0.004076644733179539	Recall@80:0.17077582158318114	NDCG@80:0.05131075708554735	Precision@80:0.003118586012073633	
Test: time=11s
Recall@20:0.07408344121065333	NDCG@20:0.03972084259283753	Precision@20:0.010386734566652995	Recall@40:0.11442466924163994	NDCG@40:0.0504343592349198	Precision@40:0.008185697474978817	Recall@80:0.17135711394647188	NDCG@80:0.06340293084826906	Precision@80:0.006308739336260428	
U-B Train Epoch: 32 [2048/217864 (1%)]	Loss: 0.721390
U-B Train Epoch: 32 [43008/217864 (20%)]	Loss: 0.715507
U-B Train Epoch: 32 [83968/217864 (38%)]	Loss: 0.723256
U-B Train Epoch: 32 [124928/217864 (57%)]	Loss: 0.757953
U-B Train Epoch: 32 [165888/217864 (76%)]	Loss: 0.703598
U-B Train Epoch: 32 [206848/217864 (94%)]	Loss: 0.738501
Train Epoch: 32: time = 195s
U-B Train Epoch: 33 [2048/217864 (1%)]	Loss: 0.696171
U-B Train Epoch: 33 [43008/217864 (20%)]	Loss: 0.704483
U-B Train Epoch: 33 [83968/217864 (38%)]	Loss: 0.693516
U-B Train Epoch: 33 [124928/217864 (57%)]	Loss: 0.691505
U-B Train Epoch: 33 [165888/217864 (76%)]	Loss: 0.687829
U-B Train Epoch: 33 [206848/217864 (94%)]	Loss: 0.743238
Train Epoch: 33: time = 193s
U-B Train Epoch: 34 [2048/217864 (1%)]	Loss: 0.681031
U-B Train Epoch: 34 [43008/217864 (20%)]	Loss: 0.675765
U-B Train Epoch: 34 [83968/217864 (38%)]	Loss: 0.737042
U-B Train Epoch: 34 [124928/217864 (57%)]	Loss: 0.690382
U-B Train Epoch: 34 [165888/217864 (76%)]	Loss: 0.661606
U-B Train Epoch: 34 [206848/217864 (94%)]	Loss: 0.681529
Train Epoch: 34: time = 195s
U-B Train Epoch: 35 [2048/217864 (1%)]	Loss: 0.664786
U-B Train Epoch: 35 [43008/217864 (20%)]	Loss: 0.646424
U-B Train Epoch: 35 [83968/217864 (38%)]	Loss: 0.687487
U-B Train Epoch: 35 [124928/217864 (57%)]	Loss: 0.725094
U-B Train Epoch: 35 [165888/217864 (76%)]	Loss: 0.656507
U-B Train Epoch: 35 [206848/217864 (94%)]	Loss: 0.715124
Train Epoch: 35: time = 194s
U-B Train Epoch: 36 [2048/217864 (1%)]	Loss: 0.721559
U-B Train Epoch: 36 [43008/217864 (20%)]	Loss: 0.656090
U-B Train Epoch: 36 [83968/217864 (38%)]	Loss: 0.701553
U-B Train Epoch: 36 [124928/217864 (57%)]	Loss: 0.693149
U-B Train Epoch: 36 [165888/217864 (76%)]	Loss: 0.711742
U-B Train Epoch: 36 [206848/217864 (94%)]	Loss: 0.705639
Train Epoch: 36: time = 184s
Test: time=11s
Recall@20:0.07519994723921758	NDCG@20:0.03316725702127113	Precision@20:0.005263584397634214	Recall@40:0.11635156314986254	NDCG@40:0.04222445249995339	Precision@40:0.004169817538637186	Recall@80:0.17790191220170906	NDCG@80:0.053529292419094036	Precision@80:0.003214459379748004	
Test: time=12s
Recall@20:0.07697678104234564	NDCG@20:0.040681637478297145	Precision@20:0.010678405713813536	Recall@40:0.11766009878311248	NDCG@40:0.05153220944107384	Precision@40:0.008397699020536567	Recall@80:0.17709869826935892	NDCG@80:0.06494368339597091	Precision@80:0.006463352120359193	
U-B Train Epoch: 37 [2048/217864 (1%)]	Loss: 0.723318
U-B Train Epoch: 37 [43008/217864 (20%)]	Loss: 0.669415
U-B Train Epoch: 37 [83968/217864 (38%)]	Loss: 0.663488
U-B Train Epoch: 37 [124928/217864 (57%)]	Loss: 0.663200
U-B Train Epoch: 37 [165888/217864 (76%)]	Loss: 0.719604
U-B Train Epoch: 37 [206848/217864 (94%)]	Loss: 0.688298
Train Epoch: 37: time = 191s
U-B Train Epoch: 38 [2048/217864 (1%)]	Loss: 0.637139
U-B Train Epoch: 38 [43008/217864 (20%)]	Loss: 0.705384
U-B Train Epoch: 38 [83968/217864 (38%)]	Loss: 0.655565
U-B Train Epoch: 38 [124928/217864 (57%)]	Loss: 0.718700
U-B Train Epoch: 38 [165888/217864 (76%)]	Loss: 0.722900
U-B Train Epoch: 38 [206848/217864 (94%)]	Loss: 0.746321
Train Epoch: 38: time = 193s
U-B Train Epoch: 39 [2048/217864 (1%)]	Loss: 0.703733
U-B Train Epoch: 39 [43008/217864 (20%)]	Loss: 0.689154
U-B Train Epoch: 39 [83968/217864 (38%)]	Loss: 0.717304
U-B Train Epoch: 39 [124928/217864 (57%)]	Loss: 0.656966
U-B Train Epoch: 39 [165888/217864 (76%)]	Loss: 0.738361
U-B Train Epoch: 39 [206848/217864 (94%)]	Loss: 0.708494
Train Epoch: 39: time = 193s
U-B Train Epoch: 40 [2048/217864 (1%)]	Loss: 0.663911
U-B Train Epoch: 40 [43008/217864 (20%)]	Loss: 0.692384
U-B Train Epoch: 40 [83968/217864 (38%)]	Loss: 0.671821
U-B Train Epoch: 40 [124928/217864 (57%)]	Loss: 0.651248
U-B Train Epoch: 40 [165888/217864 (76%)]	Loss: 0.684113
U-B Train Epoch: 40 [206848/217864 (94%)]	Loss: 0.661293
Train Epoch: 40: time = 193s
U-B Train Epoch: 41 [2048/217864 (1%)]	Loss: 0.658593
U-B Train Epoch: 41 [43008/217864 (20%)]	Loss: 0.603579
U-B Train Epoch: 41 [83968/217864 (38%)]	Loss: 0.633270
U-B Train Epoch: 41 [124928/217864 (57%)]	Loss: 0.667014
U-B Train Epoch: 41 [165888/217864 (76%)]	Loss: 0.688061
U-B Train Epoch: 41 [206848/217864 (94%)]	Loss: 0.646818
Train Epoch: 41: time = 187s
Test: time=14s
Recall@20:0.0754959751980936	NDCG@20:0.03350201738155003	Precision@20:0.005244679773962625	Recall@40:0.11832144722202445	NDCG@40:0.04290466200678243	Precision@40:0.004186021497874947	Recall@80:0.18035715945250944	NDCG@80:0.05432578772258151	Precision@80:0.0032387653459698537	
Test: time=11s
Recall@20:0.0794188936109276	NDCG@20:0.041543950706936054	Precision@20:0.010799935206077109	Recall@40:0.12047625551268054	NDCG@40:0.05250488744642792	Precision@40:0.008488171196169327	Recall@80:0.18282118087789984	NDCG@80:0.06652097719024991	Precision@80:0.006594334254450786	
U-B Train Epoch: 42 [2048/217864 (1%)]	Loss: 0.640651
U-B Train Epoch: 42 [43008/217864 (20%)]	Loss: 0.636891
U-B Train Epoch: 42 [83968/217864 (38%)]	Loss: 0.590384
U-B Train Epoch: 42 [124928/217864 (57%)]	Loss: 0.614141
U-B Train Epoch: 42 [165888/217864 (76%)]	Loss: 0.616085
U-B Train Epoch: 42 [206848/217864 (94%)]	Loss: 0.644546
Train Epoch: 42: time = 191s
U-B Train Epoch: 43 [2048/217864 (1%)]	Loss: 0.613727
U-B Train Epoch: 43 [43008/217864 (20%)]	Loss: 0.664326
U-B Train Epoch: 43 [83968/217864 (38%)]	Loss: 0.605526
U-B Train Epoch: 43 [124928/217864 (57%)]	Loss: 0.670792
U-B Train Epoch: 43 [165888/217864 (76%)]	Loss: 0.667561
U-B Train Epoch: 43 [206848/217864 (94%)]	Loss: 0.587389
Train Epoch: 43: time = 193s
U-B Train Epoch: 44 [2048/217864 (1%)]	Loss: 0.607625
U-B Train Epoch: 44 [43008/217864 (20%)]	Loss: 0.610260
U-B Train Epoch: 44 [83968/217864 (38%)]	Loss: 0.590343
U-B Train Epoch: 44 [124928/217864 (57%)]	Loss: 0.617962
U-B Train Epoch: 44 [165888/217864 (76%)]	Loss: 0.650830
U-B Train Epoch: 44 [206848/217864 (94%)]	Loss: 0.615025
Train Epoch: 44: time = 193s
U-B Train Epoch: 45 [2048/217864 (1%)]	Loss: 0.596998
U-B Train Epoch: 45 [43008/217864 (20%)]	Loss: 0.656261
U-B Train Epoch: 45 [83968/217864 (38%)]	Loss: 0.591951
U-B Train Epoch: 45 [124928/217864 (57%)]	Loss: 0.645070
U-B Train Epoch: 45 [165888/217864 (76%)]	Loss: 0.579919
U-B Train Epoch: 45 [206848/217864 (94%)]	Loss: 0.569016
Train Epoch: 45: time = 193s
U-B Train Epoch: 46 [2048/217864 (1%)]	Loss: 0.622130
U-B Train Epoch: 46 [43008/217864 (20%)]	Loss: 0.594433
U-B Train Epoch: 46 [83968/217864 (38%)]	Loss: 0.648196
U-B Train Epoch: 46 [124928/217864 (57%)]	Loss: 0.612584
U-B Train Epoch: 46 [165888/217864 (76%)]	Loss: 0.646679
U-B Train Epoch: 46 [206848/217864 (94%)]	Loss: 0.596991
Train Epoch: 46: time = 186s
Test: time=11s
Recall@20:0.07629975832679224	NDCG@20:0.033412658796076564	Precision@20:0.005263584355781541	Recall@40:0.1198262362960761	NDCG@40:0.04297081663346618	Precision@40:0.004230582354791713	Recall@80:0.18196890556852208	NDCG@80:0.05435355803976052	Precision@80:0.0032441666337896967	
Test: time=11s
Recall@20:0.07965191198474479	NDCG@20:0.041872787954638065	Precision@20:0.010786432117317103	Recall@40:0.12346290643186592	NDCG@40:0.053468796582823115	Precision@40:0.008562439504318262	Recall@80:0.18403726583734062	NDCG@80:0.06718870601116278	Precision@80:0.006607837478427118	
U-B Train Epoch: 47 [2048/217864 (1%)]	Loss: 0.549853
U-B Train Epoch: 47 [43008/217864 (20%)]	Loss: 0.614085
U-B Train Epoch: 47 [83968/217864 (38%)]	Loss: 0.614965
U-B Train Epoch: 47 [124928/217864 (57%)]	Loss: 0.622376
U-B Train Epoch: 47 [165888/217864 (76%)]	Loss: 0.614759
U-B Train Epoch: 47 [206848/217864 (94%)]	Loss: 0.614149
Train Epoch: 47: time = 194s
U-B Train Epoch: 48 [2048/217864 (1%)]	Loss: 0.591545
U-B Train Epoch: 48 [43008/217864 (20%)]	Loss: 0.629060
U-B Train Epoch: 48 [83968/217864 (38%)]	Loss: 0.574611
U-B Train Epoch: 48 [124928/217864 (57%)]	Loss: 0.604646
U-B Train Epoch: 48 [165888/217864 (76%)]	Loss: 0.585746
U-B Train Epoch: 48 [206848/217864 (94%)]	Loss: 0.635609
Train Epoch: 48: time = 191s
U-B Train Epoch: 49 [2048/217864 (1%)]	Loss: 0.586059
U-B Train Epoch: 49 [43008/217864 (20%)]	Loss: 0.567671
U-B Train Epoch: 49 [83968/217864 (38%)]	Loss: 0.570383
U-B Train Epoch: 49 [124928/217864 (57%)]	Loss: 0.571811
U-B Train Epoch: 49 [165888/217864 (76%)]	Loss: 0.591077
U-B Train Epoch: 49 [206848/217864 (94%)]	Loss: 0.549852
Train Epoch: 49: time = 194s
U-B Train Epoch: 50 [2048/217864 (1%)]	Loss: 0.543840
U-B Train Epoch: 50 [43008/217864 (20%)]	Loss: 0.587309
U-B Train Epoch: 50 [83968/217864 (38%)]	Loss: 0.563371
U-B Train Epoch: 50 [124928/217864 (57%)]	Loss: 0.550369
U-B Train Epoch: 50 [165888/217864 (76%)]	Loss: 0.536130
U-B Train Epoch: 50 [206848/217864 (94%)]	Loss: 0.573193
Train Epoch: 50: time = 194s
U-B Train Epoch: 51 [2048/217864 (1%)]	Loss: 0.550604
U-B Train Epoch: 51 [43008/217864 (20%)]	Loss: 0.529581
U-B Train Epoch: 51 [83968/217864 (38%)]	Loss: 0.591077
U-B Train Epoch: 51 [124928/217864 (57%)]	Loss: 0.626035
U-B Train Epoch: 51 [165888/217864 (76%)]	Loss: 0.576828
U-B Train Epoch: 51 [206848/217864 (94%)]	Loss: 0.531672
Train Epoch: 51: time = 188s
Test: time=12s
Recall@20:0.0753642631372932	NDCG@20:0.03300388152699524	Precision@20:0.0051663607162546876	Recall@40:0.11905111593807105	NDCG@40:0.04252402789136613	Precision@40:0.004126606959206916	Recall@80:0.18138857707872214	NDCG@80:0.05395109794870545	Precision@80:0.003194879617735597	
Test: time=10s
Recall@20:0.0808069891660224	NDCG@20:0.042169206740210484	Precision@20:0.010835044080345448	Recall@40:0.12388136238262155	NDCG@40:0.05365325246347108	Precision@40:0.008598898275374748	Recall@80:0.18521087102940495	NDCG@80:0.06740129680371869	Precision@80:0.006584206586962219	
U-B Train Epoch: 52 [2048/217864 (1%)]	Loss: 0.587456
U-B Train Epoch: 52 [43008/217864 (20%)]	Loss: 0.511666
U-B Train Epoch: 52 [83968/217864 (38%)]	Loss: 0.544858
U-B Train Epoch: 52 [124928/217864 (57%)]	Loss: 0.532778
U-B Train Epoch: 52 [165888/217864 (76%)]	Loss: 0.531261
U-B Train Epoch: 52 [206848/217864 (94%)]	Loss: 0.558422
Train Epoch: 52: time = 190s
U-B Train Epoch: 53 [2048/217864 (1%)]	Loss: 0.538682
U-B Train Epoch: 53 [43008/217864 (20%)]	Loss: 0.544120
U-B Train Epoch: 53 [83968/217864 (38%)]	Loss: 0.498183
U-B Train Epoch: 53 [124928/217864 (57%)]	Loss: 0.540607
U-B Train Epoch: 53 [165888/217864 (76%)]	Loss: 0.554606
U-B Train Epoch: 53 [206848/217864 (94%)]	Loss: 0.588948
Train Epoch: 53: time = 190s
U-B Train Epoch: 54 [2048/217864 (1%)]	Loss: 0.550176
U-B Train Epoch: 54 [43008/217864 (20%)]	Loss: 0.534145
U-B Train Epoch: 54 [83968/217864 (38%)]	Loss: 0.534428
U-B Train Epoch: 54 [124928/217864 (57%)]	Loss: 0.495466
U-B Train Epoch: 54 [165888/217864 (76%)]	Loss: 0.505562
U-B Train Epoch: 54 [206848/217864 (94%)]	Loss: 0.565617
Train Epoch: 54: time = 192s
U-B Train Epoch: 55 [2048/217864 (1%)]	Loss: 0.516548
U-B Train Epoch: 55 [43008/217864 (20%)]	Loss: 0.534023
U-B Train Epoch: 55 [83968/217864 (38%)]	Loss: 0.519668
U-B Train Epoch: 55 [124928/217864 (57%)]	Loss: 0.523523
U-B Train Epoch: 55 [165888/217864 (76%)]	Loss: 0.541104
U-B Train Epoch: 55 [206848/217864 (94%)]	Loss: 0.507119
Train Epoch: 55: time = 191s
U-B Train Epoch: 56 [2048/217864 (1%)]	Loss: 0.496320
U-B Train Epoch: 56 [43008/217864 (20%)]	Loss: 0.571430
U-B Train Epoch: 56 [83968/217864 (38%)]	Loss: 0.527557
U-B Train Epoch: 56 [124928/217864 (57%)]	Loss: 0.509122
U-B Train Epoch: 56 [165888/217864 (76%)]	Loss: 0.485850
U-B Train Epoch: 56 [206848/217864 (94%)]	Loss: 0.520902
Train Epoch: 56: time = 187s
Test: time=10s
Recall@20:0.07486762858317972	NDCG@20:0.032994722758537626	Precision@20:0.005163660005139032	Recall@40:0.11968034851611581	NDCG@40:0.04274591687972955	Precision@40:0.004165766463110253	Recall@80:0.18213404890037554	NDCG@80:0.054198669308113	Precision@80:0.003211758772459171	
Test: time=11s
Recall@20:0.0805272554313311	NDCG@20:0.042274751866161274	Precision@20:0.010824241280954935	Recall@40:0.1232257202014921	NDCG@40:0.05367350238335626	Precision@40:0.008562439317590953	Recall@80:0.1861930292703761	NDCG@80:0.06773277352563735	Precision@80:0.006588257648806548	
U-B Train Epoch: 57 [2048/217864 (1%)]	Loss: 0.493742
U-B Train Epoch: 57 [43008/217864 (20%)]	Loss: 0.526844
U-B Train Epoch: 57 [83968/217864 (38%)]	Loss: 0.507439
U-B Train Epoch: 57 [124928/217864 (57%)]	Loss: 0.490895
U-B Train Epoch: 57 [165888/217864 (76%)]	Loss: 0.541867
U-B Train Epoch: 57 [206848/217864 (94%)]	Loss: 0.489583
Train Epoch: 57: time = 186s
U-B Train Epoch: 58 [2048/217864 (1%)]	Loss: 0.497142
U-B Train Epoch: 58 [43008/217864 (20%)]	Loss: 0.503710
U-B Train Epoch: 58 [83968/217864 (38%)]	Loss: 0.457526
U-B Train Epoch: 58 [124928/217864 (57%)]	Loss: 0.508793
U-B Train Epoch: 58 [165888/217864 (76%)]	Loss: 0.480258
U-B Train Epoch: 58 [206848/217864 (94%)]	Loss: 0.492356
Train Epoch: 58: time = 194s
U-B Train Epoch: 59 [2048/217864 (1%)]	Loss: 0.530087
U-B Train Epoch: 59 [43008/217864 (20%)]	Loss: 0.573067
U-B Train Epoch: 59 [83968/217864 (38%)]	Loss: 0.484853
U-B Train Epoch: 59 [124928/217864 (57%)]	Loss: 0.508186
U-B Train Epoch: 59 [165888/217864 (76%)]	Loss: 0.529093
U-B Train Epoch: 59 [206848/217864 (94%)]	Loss: 0.517753
Train Epoch: 59: time = 190s
U-B Train Epoch: 60 [2048/217864 (1%)]	Loss: 0.494553
U-B Train Epoch: 60 [43008/217864 (20%)]	Loss: 0.512500
U-B Train Epoch: 60 [83968/217864 (38%)]	Loss: 0.464570
U-B Train Epoch: 60 [124928/217864 (57%)]	Loss: 0.466248
U-B Train Epoch: 60 [165888/217864 (76%)]	Loss: 0.483298
U-B Train Epoch: 60 [206848/217864 (94%)]	Loss: 0.503222
Train Epoch: 60: time = 192s
U-B Train Epoch: 61 [2048/217864 (1%)]	Loss: 0.487414
U-B Train Epoch: 61 [43008/217864 (20%)]	Loss: 0.471829
U-B Train Epoch: 61 [83968/217864 (38%)]	Loss: 0.520050
U-B Train Epoch: 61 [124928/217864 (57%)]	Loss: 0.484304
U-B Train Epoch: 61 [165888/217864 (76%)]	Loss: 0.528375
U-B Train Epoch: 61 [206848/217864 (94%)]	Loss: 0.485021
Train Epoch: 61: time = 187s
Test: time=11s
Recall@20:0.07403739518347628	NDCG@20:0.032385203574869716	Precision@20:0.005098844354915299	Recall@40:0.11919150754778796	NDCG@40:0.04218916142490367	Precision@40:0.004129307572129762	Recall@80:0.17994097029401737	NDCG@80:0.053330427654827206	Precision@80:0.003166522683033073	
Test: time=11s
Recall@20:0.08013383108763145	NDCG@20:0.04228442083801553	Precision@20:0.010840445296532832	Recall@40:0.12334729683274287	NDCG@40:0.053766875026472524	Precision@40:0.008611051335349717	Recall@80:0.18400389908379222	NDCG@80:0.06735848989009703	Precision@80:0.006542346416210477	
U-B Train Epoch: 62 [2048/217864 (1%)]	Loss: 0.508094
U-B Train Epoch: 62 [43008/217864 (20%)]	Loss: 0.479244
U-B Train Epoch: 62 [83968/217864 (38%)]	Loss: 0.458974
U-B Train Epoch: 62 [124928/217864 (57%)]	Loss: 0.449817
U-B Train Epoch: 62 [165888/217864 (76%)]	Loss: 0.459994
U-B Train Epoch: 62 [206848/217864 (94%)]	Loss: 0.569185
Train Epoch: 62: time = 191s
U-B Train Epoch: 63 [2048/217864 (1%)]	Loss: 0.487446
U-B Train Epoch: 63 [43008/217864 (20%)]	Loss: 0.551188
U-B Train Epoch: 63 [83968/217864 (38%)]	Loss: 0.447855
U-B Train Epoch: 63 [124928/217864 (57%)]	Loss: 0.459018
U-B Train Epoch: 63 [165888/217864 (76%)]	Loss: 0.469109
U-B Train Epoch: 63 [206848/217864 (94%)]	Loss: 0.467702
Train Epoch: 63: time = 191s
U-B Train Epoch: 64 [2048/217864 (1%)]	Loss: 0.510061
U-B Train Epoch: 64 [43008/217864 (20%)]	Loss: 0.455958
U-B Train Epoch: 64 [83968/217864 (38%)]	Loss: 0.491092
U-B Train Epoch: 64 [124928/217864 (57%)]	Loss: 0.448449
U-B Train Epoch: 64 [165888/217864 (76%)]	Loss: 0.446280
U-B Train Epoch: 64 [206848/217864 (94%)]	Loss: 0.439436
Train Epoch: 64: time = 192s
U-B Train Epoch: 65 [2048/217864 (1%)]	Loss: 0.454615
U-B Train Epoch: 65 [43008/217864 (20%)]	Loss: 0.457084
U-B Train Epoch: 65 [83968/217864 (38%)]	Loss: 0.436334
U-B Train Epoch: 65 [124928/217864 (57%)]	Loss: 0.418361
U-B Train Epoch: 65 [165888/217864 (76%)]	Loss: 0.461076
U-B Train Epoch: 65 [206848/217864 (94%)]	Loss: 0.436630
Train Epoch: 65: time = 191s
U-B Train Epoch: 66 [2048/217864 (1%)]	Loss: 0.469173
U-B Train Epoch: 66 [43008/217864 (20%)]	Loss: 0.483434
U-B Train Epoch: 66 [83968/217864 (38%)]	Loss: 0.434005
U-B Train Epoch: 66 [124928/217864 (57%)]	Loss: 0.450471
U-B Train Epoch: 66 [165888/217864 (76%)]	Loss: 0.453141
U-B Train Epoch: 66 [206848/217864 (94%)]	Loss: 0.443607
Train Epoch: 66: time = 187s
Test: time=11s
Recall@20:0.07447765748418664	NDCG@20:0.032967308459509084	Precision@20:0.005158258666613067	Recall@40:0.11926687867386213	NDCG@40:0.04277429615973499	Precision@40:0.004196824097660405	Recall@80:0.1814265404147284	NDCG@80:0.0541470411131085	Precision@80:0.0032185103731793103	
Test: time=12s
Recall@20:0.079573922529712	NDCG@20:0.0418723330611581	Precision@20:0.010700011029284162	Recall@40:0.12269620049575422	NDCG@40:0.053306360977237136	Precision@40:0.008523279816102193	Recall@80:0.1820543493580146	NDCG@80:0.06666600921827014	Precision@80:0.006482256785883455	
U-B Train Epoch: 67 [2048/217864 (1%)]	Loss: 0.407208
U-B Train Epoch: 67 [43008/217864 (20%)]	Loss: 0.442496
U-B Train Epoch: 67 [83968/217864 (38%)]	Loss: 0.452171
U-B Train Epoch: 67 [124928/217864 (57%)]	Loss: 0.424683
U-B Train Epoch: 67 [165888/217864 (76%)]	Loss: 0.463515
U-B Train Epoch: 67 [206848/217864 (94%)]	Loss: 0.450907
Train Epoch: 67: time = 190s
U-B Train Epoch: 68 [2048/217864 (1%)]	Loss: 0.451296
U-B Train Epoch: 68 [43008/217864 (20%)]	Loss: 0.414016
U-B Train Epoch: 68 [83968/217864 (38%)]	Loss: 0.458452
U-B Train Epoch: 68 [124928/217864 (57%)]	Loss: 0.477731
U-B Train Epoch: 68 [165888/217864 (76%)]	Loss: 0.423560
U-B Train Epoch: 68 [206848/217864 (94%)]	Loss: 0.443472
Train Epoch: 68: time = 193s
U-B Train Epoch: 69 [2048/217864 (1%)]	Loss: 0.474453
U-B Train Epoch: 69 [43008/217864 (20%)]	Loss: 0.413991
U-B Train Epoch: 69 [83968/217864 (38%)]	Loss: 0.431685
U-B Train Epoch: 69 [124928/217864 (57%)]	Loss: 0.427348
U-B Train Epoch: 69 [165888/217864 (76%)]	Loss: 0.425209
U-B Train Epoch: 69 [206848/217864 (94%)]	Loss: 0.462077
Train Epoch: 69: time = 191s
U-B Train Epoch: 70 [2048/217864 (1%)]	Loss: 0.438485
U-B Train Epoch: 70 [43008/217864 (20%)]	Loss: 0.432654
U-B Train Epoch: 70 [83968/217864 (38%)]	Loss: 0.445168
U-B Train Epoch: 70 [124928/217864 (57%)]	Loss: 0.407320
U-B Train Epoch: 70 [165888/217864 (76%)]	Loss: 0.420005
U-B Train Epoch: 70 [206848/217864 (94%)]	Loss: 0.427469
Train Epoch: 70: time = 191s
U-B Train Epoch: 71 [2048/217864 (1%)]	Loss: 0.444070
U-B Train Epoch: 71 [43008/217864 (20%)]	Loss: 0.449241
U-B Train Epoch: 71 [83968/217864 (38%)]	Loss: 0.431932
U-B Train Epoch: 71 [124928/217864 (57%)]	Loss: 0.427059
U-B Train Epoch: 71 [165888/217864 (76%)]	Loss: 0.418252
U-B Train Epoch: 71 [206848/217864 (94%)]	Loss: 0.409584
Train Epoch: 71: time = 187s
Test: time=11s
Recall@20:0.07397595646443964	NDCG@20:0.03192531257671428	Precision@20:0.00508264023631544	Recall@40:0.11743063291566372	NDCG@40:0.04140960053696004	Precision@40:0.004100950678475052	Recall@80:0.1760542169945717	NDCG@80:0.05218548061034586	Precision@80:0.0031219617174603298	
Test: time=12s
Recall@20:0.07596621725076834	NDCG@20:0.04007690223540551	Precision@20:0.010197688297742745	Recall@40:0.11929939884442521	NDCG@40:0.05146125023058788	Precision@40:0.00814248678608771	Recall@80:0.17784869363089803	NDCG@80:0.06466239583251465	Precision@80:0.006279032135339436	
U-B Train Epoch: 72 [2048/217864 (1%)]	Loss: 0.475752
U-B Train Epoch: 72 [43008/217864 (20%)]	Loss: 0.392133
U-B Train Epoch: 72 [83968/217864 (38%)]	Loss: 0.403574
U-B Train Epoch: 72 [124928/217864 (57%)]	Loss: 0.469481
U-B Train Epoch: 72 [165888/217864 (76%)]	Loss: 0.389956
U-B Train Epoch: 72 [206848/217864 (94%)]	Loss: 0.434496
Train Epoch: 72: time = 188s
U-B Train Epoch: 73 [2048/217864 (1%)]	Loss: 0.472125
U-B Train Epoch: 73 [43008/217864 (20%)]	Loss: 0.389773
U-B Train Epoch: 73 [83968/217864 (38%)]	Loss: 0.431768
U-B Train Epoch: 73 [124928/217864 (57%)]	Loss: 0.463479
U-B Train Epoch: 73 [165888/217864 (76%)]	Loss: 0.430621
U-B Train Epoch: 73 [206848/217864 (94%)]	Loss: 0.434234
Train Epoch: 73: time = 192s
U-B Train Epoch: 74 [2048/217864 (1%)]	Loss: 0.381319
U-B Train Epoch: 74 [43008/217864 (20%)]	Loss: 0.431811
U-B Train Epoch: 74 [83968/217864 (38%)]	Loss: 0.440838
U-B Train Epoch: 74 [124928/217864 (57%)]	Loss: 0.407199
U-B Train Epoch: 74 [165888/217864 (76%)]	Loss: 0.436604
U-B Train Epoch: 74 [206848/217864 (94%)]	Loss: 0.406549
Train Epoch: 74: time = 189s
U-B Train Epoch: 75 [2048/217864 (1%)]	Loss: 0.398012
U-B Train Epoch: 75 [43008/217864 (20%)]	Loss: 0.377689
U-B Train Epoch: 75 [83968/217864 (38%)]	Loss: 0.428882
U-B Train Epoch: 75 [124928/217864 (57%)]	Loss: 0.417037
U-B Train Epoch: 75 [165888/217864 (76%)]	Loss: 0.398978
U-B Train Epoch: 75 [206848/217864 (94%)]	Loss: 0.404363
Train Epoch: 75: time = 193s
U-B Train Epoch: 76 [2048/217864 (1%)]	Loss: 0.416315
U-B Train Epoch: 76 [43008/217864 (20%)]	Loss: 0.440237
U-B Train Epoch: 76 [83968/217864 (38%)]	Loss: 0.402276
U-B Train Epoch: 76 [124928/217864 (57%)]	Loss: 0.430859
U-B Train Epoch: 76 [165888/217864 (76%)]	Loss: 0.379906
U-B Train Epoch: 76 [206848/217864 (94%)]	Loss: 0.402775
Train Epoch: 76: time = 185s
Test: time=10s
Recall@20:0.07525019794042545	NDCG@20:0.03263162159051779	Precision@20:0.005250081215510554	Recall@40:0.11733989982403058	NDCG@40:0.04178782284382135	Precision@40:0.004129307675151726	Recall@80:0.17667449106597818	NDCG@80:0.05271370249689816	Precision@80:0.0031631468440397673	
Test: time=12s
Recall@20:0.07568731567598747	NDCG@20:0.039962305470961426	Precision@20:0.010232797133377849	Recall@40:0.119543305609568	NDCG@40:0.0515651492200944	Precision@40:0.008255914402559223	Recall@80:0.17656604710801754	NDCG@80:0.06437014255974918	Precision@80:0.006249324969832243	
U-B Train Epoch: 77 [2048/217864 (1%)]	Loss: 0.404929
U-B Train Epoch: 77 [43008/217864 (20%)]	Loss: 0.394934
U-B Train Epoch: 77 [83968/217864 (38%)]	Loss: 0.412232
U-B Train Epoch: 77 [124928/217864 (57%)]	Loss: 0.399321
U-B Train Epoch: 77 [165888/217864 (76%)]	Loss: 0.418873
U-B Train Epoch: 77 [206848/217864 (94%)]	Loss: 0.431392
Train Epoch: 77: time = 189s
U-B Train Epoch: 78 [2048/217864 (1%)]	Loss: 0.383290
U-B Train Epoch: 78 [43008/217864 (20%)]	Loss: 0.380460
U-B Train Epoch: 78 [83968/217864 (38%)]	Loss: 0.398139
U-B Train Epoch: 78 [124928/217864 (57%)]	Loss: 0.390448
U-B Train Epoch: 78 [165888/217864 (76%)]	Loss: 0.382884
U-B Train Epoch: 78 [206848/217864 (94%)]	Loss: 0.405882
Train Epoch: 78: time = 193s
U-B Train Epoch: 79 [2048/217864 (1%)]	Loss: 0.373196
U-B Train Epoch: 79 [43008/217864 (20%)]	Loss: 0.441838
U-B Train Epoch: 79 [83968/217864 (38%)]	Loss: 0.448477
U-B Train Epoch: 79 [124928/217864 (57%)]	Loss: 0.412576
U-B Train Epoch: 79 [165888/217864 (76%)]	Loss: 0.463563
U-B Train Epoch: 79 [206848/217864 (94%)]	Loss: 0.379949
Train Epoch: 79: time = 193s
U-B Train Epoch: 80 [2048/217864 (1%)]	Loss: 0.489726
U-B Train Epoch: 80 [43008/217864 (20%)]	Loss: 0.403430
U-B Train Epoch: 80 [83968/217864 (38%)]	Loss: 0.404567
U-B Train Epoch: 80 [124928/217864 (57%)]	Loss: 0.378497
U-B Train Epoch: 80 [165888/217864 (76%)]	Loss: 0.418896
U-B Train Epoch: 80 [206848/217864 (94%)]	Loss: 0.397906
Train Epoch: 80: time = 192s
U-B Train Epoch: 81 [2048/217864 (1%)]	Loss: 0.396514
U-B Train Epoch: 81 [43008/217864 (20%)]	Loss: 0.373994
U-B Train Epoch: 81 [83968/217864 (38%)]	Loss: 0.431262
U-B Train Epoch: 81 [124928/217864 (57%)]	Loss: 0.385895
U-B Train Epoch: 81 [165888/217864 (76%)]	Loss: 0.381628
U-B Train Epoch: 81 [206848/217864 (94%)]	Loss: 0.383343
Train Epoch: 81: time = 186s
Test: time=11s
Recall@20:0.0722214879182962	NDCG@20:0.031249971115216976	Precision@20:0.005001620529465996	Recall@40:0.1156065196935335	NDCG@40:0.04069169392863398	Precision@40:0.004025332325443898	Recall@80:0.17144535591551588	NDCG@80:0.0510112471002037	Precision@80:0.0030503943787868176	
Test: time=11s
Recall@20:0.077498906604206	NDCG@20:0.04106792616022577	Precision@20:0.010637895835840613	Recall@40:0.118620489977008	NDCG@40:0.05198045813317457	Precision@40:0.008362590658158609	Recall@80:0.17445289783450998	NDCG@80:0.0645595769252738	Precision@80:0.006279707434652072	
