nohup: ignoring input
>>>>>>>>>>B-I statistics>>>>>>>>>>
Average interactions 77.80081939697266
Non-zero rows 1.0
Non-zero columns 1.0
Matrix density 0.0006293139276969943
finish loading assist data
>>>>>>>>>>U-I statistics>>>>>>>>>>
Average interactions 60.88433837890625
Non-zero rows 1.0
Non-zero columns 0.7321965897693079
Matrix density 0.0004924801599908087
finish loading item data
>>>>>>>>>>U-B statistics in train>>>>>>>>>>
Average interactions 11.758635520935059
Non-zero rows 0.9992443868739206
Non-zero columns 0.8920136459062281
Matrix density 0.0005142860207568127
finish loading bundle train data
>>>>>>>>>>U-B statistics in test>>>>>>>>>>
Average interactions 3.0524072647094727
Non-zero rows 0.9992443868739206
Non-zero columns 0.6320416375087474
Matrix density 0.00013350276275062213
finish loading bundle test data
>>>>>>>>>>B-I statistics>>>>>>>>>>
Average interactions 77.80081939697266
Non-zero rows 1.0
Non-zero columns 1.0
Matrix density 0.0006293139276969943
finish loading assist data
>>>>>>>>>>U-I statistics>>>>>>>>>>
Average interactions 60.88433837890625
Non-zero rows 1.0
Non-zero columns 0.7321965897693079
Matrix density 0.0004924801599908087
finish loading item data
>>>>>>>>>>U-B statistics in train>>>>>>>>>>
Average interactions 11.758635520935059
Non-zero rows 0.9992443868739206
Non-zero columns 0.8920136459062281
Matrix density 0.0005142860207568127
finish loading bundle train data
>>>>>>>>>>U-B statistics in test>>>>>>>>>>
Average interactions 1.50350821018219
Non-zero rows 0.9992443868739206
Non-zero columns 0.47380160951714484
Matrix density 6.575875628934809e-05
finish loading bundle test data
IHGCN model
/data/nfs/lzm/IHBR/IHBR_1/model/IHGCN.py:170: UserWarning: Creating a tensor from a list of numpy.ndarrays is extremely slow. Please consider converting the list to a single numpy.ndarray with numpy.array() before converting to a tensor. (Triggered internally at  /opt/conda/conda-bld/pytorch_1640811805959/work/torch/csrc/utils/tensor_new.cpp:201.)
  ub_indices = torch.tensor([ub_graph_coo.row, ub_graph_coo.col], dtype=torch.long)
finish generating bi, ui graph
finish generating non-atom graph
U-B Train Epoch: 1 [2048/217864 (1%)]	Loss: 1.387974
U-B Train Epoch: 1 [43008/217864 (20%)]	Loss: 1.388563
U-B Train Epoch: 1 [83968/217864 (38%)]	Loss: 1.386066
U-B Train Epoch: 1 [124928/217864 (57%)]	Loss: 1.388878
U-B Train Epoch: 1 [165888/217864 (76%)]	Loss: 1.381413
U-B Train Epoch: 1 [206848/217864 (94%)]	Loss: 1.368719
Train Epoch: 1: time = 190s
Test: time=14s
Recall@20:0.010431656224997806	NDCG@20:0.003836988749225415	Precision@20:0.0007318786041688569	Recall@40:0.019594160259008227	NDCG@40:0.005808837749639443	Precision@40:0.0006859673812310949	Recall@80:0.03851971626796848	NDCG@80:0.009240619884114731	Precision@80:0.0006690882794270057	
Test: time=11s
Recall@20:0.009982174797836951	NDCG@20:0.00457759528621376	Precision@20:0.0014826618004185831	Recall@40:0.01965169062093665	NDCG@40:0.007195172372847664	Precision@40:0.00147726044639908	Recall@80:0.038311412399603534	NDCG@80:0.011256067000391468	Precision@80:0.0013638328371712981	
U-B Train Epoch: 2 [2048/217864 (1%)]	Loss: 1.356179
U-B Train Epoch: 2 [43008/217864 (20%)]	Loss: 1.354325
U-B Train Epoch: 2 [83968/217864 (38%)]	Loss: 1.347860
U-B Train Epoch: 2 [124928/217864 (57%)]	Loss: 1.340180
U-B Train Epoch: 2 [165888/217864 (76%)]	Loss: 1.341976
U-B Train Epoch: 2 [206848/217864 (94%)]	Loss: 1.343538
Train Epoch: 2: time = 188s
U-B Train Epoch: 3 [2048/217864 (1%)]	Loss: 1.330907
U-B Train Epoch: 3 [43008/217864 (20%)]	Loss: 1.297751
U-B Train Epoch: 3 [83968/217864 (38%)]	Loss: 1.278419
U-B Train Epoch: 3 [124928/217864 (57%)]	Loss: 1.268353
U-B Train Epoch: 3 [165888/217864 (76%)]	Loss: 1.266486
U-B Train Epoch: 3 [206848/217864 (94%)]	Loss: 1.223593
Train Epoch: 3: time = 191s
U-B Train Epoch: 4 [2048/217864 (1%)]	Loss: 1.186164
U-B Train Epoch: 4 [43008/217864 (20%)]	Loss: 1.181167
U-B Train Epoch: 4 [83968/217864 (38%)]	Loss: 1.200851
U-B Train Epoch: 4 [124928/217864 (57%)]	Loss: 1.176444
U-B Train Epoch: 4 [165888/217864 (76%)]	Loss: 1.201516
U-B Train Epoch: 4 [206848/217864 (94%)]	Loss: 1.169446
Train Epoch: 4: time = 194s
U-B Train Epoch: 5 [2048/217864 (1%)]	Loss: 1.150165
U-B Train Epoch: 5 [43008/217864 (20%)]	Loss: 1.163953
U-B Train Epoch: 5 [83968/217864 (38%)]	Loss: 1.166491
U-B Train Epoch: 5 [124928/217864 (57%)]	Loss: 1.154397
U-B Train Epoch: 5 [165888/217864 (76%)]	Loss: 1.156970
U-B Train Epoch: 5 [206848/217864 (94%)]	Loss: 1.131386
Train Epoch: 5: time = 193s
U-B Train Epoch: 6 [2048/217864 (1%)]	Loss: 1.102376
U-B Train Epoch: 6 [43008/217864 (20%)]	Loss: 1.118854
U-B Train Epoch: 6 [83968/217864 (38%)]	Loss: 1.128637
U-B Train Epoch: 6 [124928/217864 (57%)]	Loss: 1.140153
U-B Train Epoch: 6 [165888/217864 (76%)]	Loss: 1.131961
U-B Train Epoch: 6 [206848/217864 (94%)]	Loss: 1.097330
Train Epoch: 6: time = 190s
Test: time=14s
Recall@20:0.03838488990472153	NDCG@20:0.015549555522287794	Precision@20:0.0027708761555800573	Recall@40:0.06701235072175177	NDCG@40:0.02177237016896881	Precision@40:0.0023954844978956212	Recall@80:0.11083620403553943	NDCG@80:0.02978223240940852	Precision@80:0.00198700985100301	
Test: time=17s
Recall@20:0.03997598732858365	NDCG@20:0.020094031454149973	Precision@20:0.0058577294720291925	Recall@40:0.06759516930392125	NDCG@40:0.027414352857514104	Precision@40:0.004958409976596076	Recall@80:0.11067736348439283	NDCG@80:0.03706414676116947	Precision@80:0.004050988462105984	
U-B Train Epoch: 7 [2048/217864 (1%)]	Loss: 1.114229
U-B Train Epoch: 7 [43008/217864 (20%)]	Loss: 1.122427
U-B Train Epoch: 7 [83968/217864 (38%)]	Loss: 1.096599
U-B Train Epoch: 7 [124928/217864 (57%)]	Loss: 1.101171
U-B Train Epoch: 7 [165888/217864 (76%)]	Loss: 1.107725
U-B Train Epoch: 7 [206848/217864 (94%)]	Loss: 1.100837
Train Epoch: 7: time = 190s
U-B Train Epoch: 8 [2048/217864 (1%)]	Loss: 1.096818
U-B Train Epoch: 8 [43008/217864 (20%)]	Loss: 1.100565
U-B Train Epoch: 8 [83968/217864 (38%)]	Loss: 1.107596
U-B Train Epoch: 8 [124928/217864 (57%)]	Loss: 1.106224
U-B Train Epoch: 8 [165888/217864 (76%)]	Loss: 1.105772
U-B Train Epoch: 8 [206848/217864 (94%)]	Loss: 1.091329
Train Epoch: 8: time = 193s
U-B Train Epoch: 9 [2048/217864 (1%)]	Loss: 1.091887
U-B Train Epoch: 9 [43008/217864 (20%)]	Loss: 1.074688
U-B Train Epoch: 9 [83968/217864 (38%)]	Loss: 1.095835
U-B Train Epoch: 9 [124928/217864 (57%)]	Loss: 1.084868
U-B Train Epoch: 9 [165888/217864 (76%)]	Loss: 1.118132
U-B Train Epoch: 9 [206848/217864 (94%)]	Loss: 1.079922
Train Epoch: 9: time = 196s
U-B Train Epoch: 10 [2048/217864 (1%)]	Loss: 1.093307
U-B Train Epoch: 10 [43008/217864 (20%)]	Loss: 1.070611
U-B Train Epoch: 10 [83968/217864 (38%)]	Loss: 1.085801
U-B Train Epoch: 10 [124928/217864 (57%)]	Loss: 1.095945
U-B Train Epoch: 10 [165888/217864 (76%)]	Loss: 1.062711
U-B Train Epoch: 10 [206848/217864 (94%)]	Loss: 1.097856
Train Epoch: 10: time = 194s
U-B Train Epoch: 11 [2048/217864 (1%)]	Loss: 1.073303
U-B Train Epoch: 11 [43008/217864 (20%)]	Loss: 1.054981
U-B Train Epoch: 11 [83968/217864 (38%)]	Loss: 1.075824
U-B Train Epoch: 11 [124928/217864 (57%)]	Loss: 1.062605
U-B Train Epoch: 11 [165888/217864 (76%)]	Loss: 1.076825
U-B Train Epoch: 11 [206848/217864 (94%)]	Loss: 1.075372
Train Epoch: 11: time = 190s
Test: time=13s
Recall@20:0.043081456028102885	NDCG@20:0.017633227993837503	Precision@20:0.0030814519054858515	Recall@40:0.07312081783987398	NDCG@40:0.024133508594579287	Precision@40:0.0025804797097906972	Recall@80:0.11710472102812715	NDCG@80:0.03214155861429176	Precision@80:0.002065328966660802	
Test: time=12s
Recall@20:0.04526147366445755	NDCG@20:0.023218211208729633	Precision@20:0.006419466421904723	Recall@40:0.07536257993869755	NDCG@40:0.031107418053194218	Precision@40:0.005340553136807842	Recall@80:0.11902053657252343	NDCG@80:0.0409215103411914	Precision@80:0.004293372686576081	
U-B Train Epoch: 12 [2048/217864 (1%)]	Loss: 1.050793
U-B Train Epoch: 12 [43008/217864 (20%)]	Loss: 1.066609
U-B Train Epoch: 12 [83968/217864 (38%)]	Loss: 1.062691
U-B Train Epoch: 12 [124928/217864 (57%)]	Loss: 1.076793
U-B Train Epoch: 12 [165888/217864 (76%)]	Loss: 1.099997
U-B Train Epoch: 12 [206848/217864 (94%)]	Loss: 1.083963
Train Epoch: 12: time = 189s
U-B Train Epoch: 13 [2048/217864 (1%)]	Loss: 1.084259
U-B Train Epoch: 13 [43008/217864 (20%)]	Loss: 1.109344
U-B Train Epoch: 13 [83968/217864 (38%)]	Loss: 1.087789
U-B Train Epoch: 13 [124928/217864 (57%)]	Loss: 1.077751
U-B Train Epoch: 13 [165888/217864 (76%)]	Loss: 1.064217
U-B Train Epoch: 13 [206848/217864 (94%)]	Loss: 1.051914
Train Epoch: 13: time = 192s
U-B Train Epoch: 14 [2048/217864 (1%)]	Loss: 1.066374
U-B Train Epoch: 14 [43008/217864 (20%)]	Loss: 1.077065
U-B Train Epoch: 14 [83968/217864 (38%)]	Loss: 1.060689
U-B Train Epoch: 14 [124928/217864 (57%)]	Loss: 1.089390
U-B Train Epoch: 14 [165888/217864 (76%)]	Loss: 1.093755
U-B Train Epoch: 14 [206848/217864 (94%)]	Loss: 1.076682
Train Epoch: 14: time = 192s
U-B Train Epoch: 15 [2048/217864 (1%)]	Loss: 1.091498
U-B Train Epoch: 15 [43008/217864 (20%)]	Loss: 1.060269
U-B Train Epoch: 15 [83968/217864 (38%)]	Loss: 1.062246
U-B Train Epoch: 15 [124928/217864 (57%)]	Loss: 1.039474
U-B Train Epoch: 15 [165888/217864 (76%)]	Loss: 1.061606
U-B Train Epoch: 15 [206848/217864 (94%)]	Loss: 1.086544
Train Epoch: 15: time = 191s
U-B Train Epoch: 16 [2048/217864 (1%)]	Loss: 1.105124
U-B Train Epoch: 16 [43008/217864 (20%)]	Loss: 1.096477
U-B Train Epoch: 16 [83968/217864 (38%)]	Loss: 1.083400
U-B Train Epoch: 16 [124928/217864 (57%)]	Loss: 1.095418
U-B Train Epoch: 16 [165888/217864 (76%)]	Loss: 1.038846
U-B Train Epoch: 16 [206848/217864 (94%)]	Loss: 1.101674
Train Epoch: 16: time = 187s
Test: time=12s
Recall@20:0.0472893995124526	NDCG@20:0.020007757062954226	Precision@20:0.0033515177806381583	Recall@40:0.07785571913128346	NDCG@40:0.026639755554895648	Precision@40:0.002757372814899157	Recall@80:0.12336012991816304	NDCG@80:0.03495438178491937	Precision@80:0.0021828076771710082	
Test: time=11s
Recall@20:0.04516566808040603	NDCG@20:0.02422179888092417	Precision@20:0.0065409961169927856	Recall@40:0.07639709041303289	NDCG@40:0.03236251248516995	Precision@40:0.005451280257865936	Recall@80:0.12266446530104225	NDCG@80:0.04270109826910376	Precision@80:0.00440950084675256	
U-B Train Epoch: 17 [2048/217864 (1%)]	Loss: 1.042741
U-B Train Epoch: 17 [43008/217864 (20%)]	Loss: 1.055200
U-B Train Epoch: 17 [83968/217864 (38%)]	Loss: 1.049989
U-B Train Epoch: 17 [124928/217864 (57%)]	Loss: 1.061284
U-B Train Epoch: 17 [165888/217864 (76%)]	Loss: 1.060925
U-B Train Epoch: 17 [206848/217864 (94%)]	Loss: 1.080177
Train Epoch: 17: time = 187s
U-B Train Epoch: 18 [2048/217864 (1%)]	Loss: 1.081893
U-B Train Epoch: 18 [43008/217864 (20%)]	Loss: 1.041260
U-B Train Epoch: 18 [83968/217864 (38%)]	Loss: 1.071051
U-B Train Epoch: 18 [124928/217864 (57%)]	Loss: 1.043392
U-B Train Epoch: 18 [165888/217864 (76%)]	Loss: 1.055293
U-B Train Epoch: 18 [206848/217864 (94%)]	Loss: 1.055920
Train Epoch: 18: time = 193s
U-B Train Epoch: 19 [2048/217864 (1%)]	Loss: 1.088532
U-B Train Epoch: 19 [43008/217864 (20%)]	Loss: 1.049200
U-B Train Epoch: 19 [83968/217864 (38%)]	Loss: 1.098654
U-B Train Epoch: 19 [124928/217864 (57%)]	Loss: 1.063839
U-B Train Epoch: 19 [165888/217864 (76%)]	Loss: 1.057993
U-B Train Epoch: 19 [206848/217864 (94%)]	Loss: 1.077511
Train Epoch: 19: time = 194s
U-B Train Epoch: 20 [2048/217864 (1%)]	Loss: 1.058866
U-B Train Epoch: 20 [43008/217864 (20%)]	Loss: 1.055336
U-B Train Epoch: 20 [83968/217864 (38%)]	Loss: 1.071371
U-B Train Epoch: 20 [124928/217864 (57%)]	Loss: 1.021930
U-B Train Epoch: 20 [165888/217864 (76%)]	Loss: 1.039468
U-B Train Epoch: 20 [206848/217864 (94%)]	Loss: 1.067048
Train Epoch: 20: time = 190s
U-B Train Epoch: 21 [2048/217864 (1%)]	Loss: 1.043006
U-B Train Epoch: 21 [43008/217864 (20%)]	Loss: 1.051359
U-B Train Epoch: 21 [83968/217864 (38%)]	Loss: 1.093366
U-B Train Epoch: 21 [124928/217864 (57%)]	Loss: 1.062682
U-B Train Epoch: 21 [165888/217864 (76%)]	Loss: 1.113679
U-B Train Epoch: 21 [206848/217864 (94%)]	Loss: 1.028977
Train Epoch: 21: time = 188s
Test: time=11s
Recall@20:0.05040273010131928	NDCG@20:0.02144950080332571	Precision@20:0.0035567679234711053	Recall@40:0.08195354187219411	NDCG@40:0.028250304851880195	Precision@40:0.0028640488636497547	Recall@80:0.1271620228414957	NDCG@80:0.03651471288412555	Precision@80:0.0022395214483832467	
Test: time=11s
Recall@20:0.04973726297308279	NDCG@20:0.026441926122729074	Precision@20:0.006967700234728703	Recall@40:0.08070800159409428	NDCG@40:0.03461899762021242	Precision@40:0.005718645400976251	Recall@80:0.13058606617855334	NDCG@80:0.04571509667757431	Precision@80:0.004658636655845613	
U-B Train Epoch: 22 [2048/217864 (1%)]	Loss: 1.062575
U-B Train Epoch: 22 [43008/217864 (20%)]	Loss: 1.029762
U-B Train Epoch: 22 [83968/217864 (38%)]	Loss: 1.060968
U-B Train Epoch: 22 [124928/217864 (57%)]	Loss: 1.036643
U-B Train Epoch: 22 [165888/217864 (76%)]	Loss: 1.051046
U-B Train Epoch: 22 [206848/217864 (94%)]	Loss: 1.063135
Train Epoch: 22: time = 188s
U-B Train Epoch: 23 [2048/217864 (1%)]	Loss: 1.038580
U-B Train Epoch: 23 [43008/217864 (20%)]	Loss: 1.021429
U-B Train Epoch: 23 [83968/217864 (38%)]	Loss: 1.029400
U-B Train Epoch: 23 [124928/217864 (57%)]	Loss: 1.061461
U-B Train Epoch: 23 [165888/217864 (76%)]	Loss: 1.023693
U-B Train Epoch: 23 [206848/217864 (94%)]	Loss: 1.043473
Train Epoch: 23: time = 191s
U-B Train Epoch: 24 [2048/217864 (1%)]	Loss: 1.056239
U-B Train Epoch: 24 [43008/217864 (20%)]	Loss: 1.065143
U-B Train Epoch: 24 [83968/217864 (38%)]	Loss: 1.037769
U-B Train Epoch: 24 [124928/217864 (57%)]	Loss: 1.031194
U-B Train Epoch: 24 [165888/217864 (76%)]	Loss: 1.027383
U-B Train Epoch: 24 [206848/217864 (94%)]	Loss: 1.042062
Train Epoch: 24: time = 193s
U-B Train Epoch: 25 [2048/217864 (1%)]	Loss: 1.004857
U-B Train Epoch: 25 [43008/217864 (20%)]	Loss: 1.043430
U-B Train Epoch: 25 [83968/217864 (38%)]	Loss: 1.052323
U-B Train Epoch: 25 [124928/217864 (57%)]	Loss: 1.043988
U-B Train Epoch: 25 [165888/217864 (76%)]	Loss: 1.059240
U-B Train Epoch: 25 [206848/217864 (94%)]	Loss: 1.048120
Train Epoch: 25: time = 193s
U-B Train Epoch: 26 [2048/217864 (1%)]	Loss: 1.023571
U-B Train Epoch: 26 [43008/217864 (20%)]	Loss: 1.021241
U-B Train Epoch: 26 [83968/217864 (38%)]	Loss: 1.039187
U-B Train Epoch: 26 [124928/217864 (57%)]	Loss: 1.030964
U-B Train Epoch: 26 [165888/217864 (76%)]	Loss: 1.036127
U-B Train Epoch: 26 [206848/217864 (94%)]	Loss: 1.057069
Train Epoch: 26: time = 189s
Test: time=12s
Recall@20:0.052586512224610096	NDCG@20:0.022536573386081574	Precision@20:0.0036999029155180344	Recall@40:0.08468652994931226	NDCG@40:0.02952660781023401	Precision@40:0.002978826859824869	Recall@80:0.1325332705063092	NDCG@80:0.03827417826593289	Precision@80:0.0023549746706288204	
Test: time=13s
Recall@20:0.0528489166219381	NDCG@20:0.028687629854755085	Precision@20:0.0074187104015869575	Recall@40:0.08612966975318931	NDCG@40:0.037422484425395044	Precision@40:0.006067030428809868	Recall@80:0.1344674386408438	NDCG@80:0.04821415574398414	Precision@80:0.004802446952839192	
U-B Train Epoch: 27 [2048/217864 (1%)]	Loss: 1.014712
U-B Train Epoch: 27 [43008/217864 (20%)]	Loss: 0.987191
U-B Train Epoch: 27 [83968/217864 (38%)]	Loss: 1.049904
U-B Train Epoch: 27 [124928/217864 (57%)]	Loss: 1.030694
U-B Train Epoch: 27 [165888/217864 (76%)]	Loss: 1.013975
U-B Train Epoch: 27 [206848/217864 (94%)]	Loss: 1.026375
Train Epoch: 27: time = 188s
U-B Train Epoch: 28 [2048/217864 (1%)]	Loss: 1.040718
U-B Train Epoch: 28 [43008/217864 (20%)]	Loss: 1.058282
U-B Train Epoch: 28 [83968/217864 (38%)]	Loss: 1.047118
U-B Train Epoch: 28 [124928/217864 (57%)]	Loss: 1.059005
U-B Train Epoch: 28 [165888/217864 (76%)]	Loss: 1.016263
U-B Train Epoch: 28 [206848/217864 (94%)]	Loss: 1.018369
Train Epoch: 28: time = 192s
U-B Train Epoch: 29 [2048/217864 (1%)]	Loss: 1.026442
U-B Train Epoch: 29 [43008/217864 (20%)]	Loss: 1.003294
U-B Train Epoch: 29 [83968/217864 (38%)]	Loss: 1.019046
U-B Train Epoch: 29 [124928/217864 (57%)]	Loss: 1.023101
U-B Train Epoch: 29 [165888/217864 (76%)]	Loss: 1.023838
U-B Train Epoch: 29 [206848/217864 (94%)]	Loss: 1.038823
Train Epoch: 29: time = 191s
U-B Train Epoch: 30 [2048/217864 (1%)]	Loss: 0.993332
U-B Train Epoch: 30 [43008/217864 (20%)]	Loss: 1.002380
U-B Train Epoch: 30 [83968/217864 (38%)]	Loss: 1.033523
U-B Train Epoch: 30 [124928/217864 (57%)]	Loss: 1.025123
U-B Train Epoch: 30 [165888/217864 (76%)]	Loss: 1.035254
U-B Train Epoch: 30 [206848/217864 (94%)]	Loss: 1.047886
Train Epoch: 30: time = 192s
U-B Train Epoch: 31 [2048/217864 (1%)]	Loss: 0.988202
U-B Train Epoch: 31 [43008/217864 (20%)]	Loss: 0.984392
U-B Train Epoch: 31 [83968/217864 (38%)]	Loss: 0.989342
U-B Train Epoch: 31 [124928/217864 (57%)]	Loss: 1.012542
U-B Train Epoch: 31 [165888/217864 (76%)]	Loss: 1.008829
U-B Train Epoch: 31 [206848/217864 (94%)]	Loss: 1.015993
Train Epoch: 31: time = 189s
Test: time=12s
Recall@20:0.05408714579186301	NDCG@20:0.02321601905587864	Precision@20:0.0037944258914159187	Recall@40:0.08690470676642587	NDCG@40:0.030312211953680626	Precision@40:0.0030355407292299167	Recall@80:0.13500643976695134	NDCG@80:0.039105912013124466	Precision@80:0.00238400672837984	
Test: time=15s
Recall@20:0.055249304110537446	NDCG@20:0.028712335629095923	Precision@20:0.0076050556760711525	Recall@40:0.08796609755119726	NDCG@40:0.03732412752817217	Precision@40:0.006130496079223491	Recall@80:0.1389435122900884	NDCG@80:0.04865409267557817	Precision@80:0.004907772580838376	
U-B Train Epoch: 32 [2048/217864 (1%)]	Loss: 1.014753
U-B Train Epoch: 32 [43008/217864 (20%)]	Loss: 1.005759
U-B Train Epoch: 32 [83968/217864 (38%)]	Loss: 1.021433
U-B Train Epoch: 32 [124928/217864 (57%)]	Loss: 1.051206
U-B Train Epoch: 32 [165888/217864 (76%)]	Loss: 1.011400
U-B Train Epoch: 32 [206848/217864 (94%)]	Loss: 1.034573
Train Epoch: 32: time = 193s
U-B Train Epoch: 33 [2048/217864 (1%)]	Loss: 0.996362
U-B Train Epoch: 33 [43008/217864 (20%)]	Loss: 1.006318
U-B Train Epoch: 33 [83968/217864 (38%)]	Loss: 0.995717
U-B Train Epoch: 33 [124928/217864 (57%)]	Loss: 0.997620
U-B Train Epoch: 33 [165888/217864 (76%)]	Loss: 0.985171
U-B Train Epoch: 33 [206848/217864 (94%)]	Loss: 1.036054
Train Epoch: 33: time = 195s
U-B Train Epoch: 34 [2048/217864 (1%)]	Loss: 1.001140
U-B Train Epoch: 34 [43008/217864 (20%)]	Loss: 0.980620
U-B Train Epoch: 34 [83968/217864 (38%)]	Loss: 1.033998
U-B Train Epoch: 34 [124928/217864 (57%)]	Loss: 0.991240
U-B Train Epoch: 34 [165888/217864 (76%)]	Loss: 0.974511
U-B Train Epoch: 34 [206848/217864 (94%)]	Loss: 0.991076
Train Epoch: 34: time = 195s
U-B Train Epoch: 35 [2048/217864 (1%)]	Loss: 0.962827
U-B Train Epoch: 35 [43008/217864 (20%)]	Loss: 0.959826
U-B Train Epoch: 35 [83968/217864 (38%)]	Loss: 0.998146
U-B Train Epoch: 35 [124928/217864 (57%)]	Loss: 1.021928
U-B Train Epoch: 35 [165888/217864 (76%)]	Loss: 0.981337
U-B Train Epoch: 35 [206848/217864 (94%)]	Loss: 1.023643
Train Epoch: 35: time = 197s
U-B Train Epoch: 36 [2048/217864 (1%)]	Loss: 1.022972
U-B Train Epoch: 36 [43008/217864 (20%)]	Loss: 0.985091
U-B Train Epoch: 36 [83968/217864 (38%)]	Loss: 1.021165
U-B Train Epoch: 36 [124928/217864 (57%)]	Loss: 1.001772
U-B Train Epoch: 36 [165888/217864 (76%)]	Loss: 1.025031
U-B Train Epoch: 36 [206848/217864 (94%)]	Loss: 1.026452
Train Epoch: 36: time = 188s
Test: time=13s
Recall@20:0.05438295029610012	NDCG@20:0.023086164828779836	Precision@20:0.003762017984208425	Recall@40:0.08700516204075742	NDCG@40:0.030182531434490085	Precision@40:0.0030287890705599234	Recall@80:0.13887004361910377	NDCG@80:0.03965808125207758	Precision@80:0.00244139570634592	
Test: time=12s
Recall@20:0.055386565166093034	NDCG@20:0.02902966737103305	Precision@20:0.0075807500325977975	Recall@40:0.08989889369073253	NDCG@40:0.03807622528467655	Precision@40:0.006227719644703309	Recall@80:0.14069509882255754	NDCG@80:0.04940643008692522	Precision@80:0.004965161509708051	
U-B Train Epoch: 37 [2048/217864 (1%)]	Loss: 1.024384
U-B Train Epoch: 37 [43008/217864 (20%)]	Loss: 0.976354
U-B Train Epoch: 37 [83968/217864 (38%)]	Loss: 0.967112
U-B Train Epoch: 37 [124928/217864 (57%)]	Loss: 0.986572
U-B Train Epoch: 37 [165888/217864 (76%)]	Loss: 1.023101
U-B Train Epoch: 37 [206848/217864 (94%)]	Loss: 1.000877
Train Epoch: 37: time = 190s
U-B Train Epoch: 38 [2048/217864 (1%)]	Loss: 0.966365
U-B Train Epoch: 38 [43008/217864 (20%)]	Loss: 1.011738
U-B Train Epoch: 38 [83968/217864 (38%)]	Loss: 0.967729
U-B Train Epoch: 38 [124928/217864 (57%)]	Loss: 1.023881
U-B Train Epoch: 38 [165888/217864 (76%)]	Loss: 1.027344
U-B Train Epoch: 38 [206848/217864 (94%)]	Loss: 1.037521
Train Epoch: 38: time = 196s
U-B Train Epoch: 39 [2048/217864 (1%)]	Loss: 1.010124
U-B Train Epoch: 39 [43008/217864 (20%)]	Loss: 0.995886
U-B Train Epoch: 39 [83968/217864 (38%)]	Loss: 1.013733
U-B Train Epoch: 39 [124928/217864 (57%)]	Loss: 0.979516
U-B Train Epoch: 39 [165888/217864 (76%)]	Loss: 1.031724
U-B Train Epoch: 39 [206848/217864 (94%)]	Loss: 1.016583
Train Epoch: 39: time = 194s
U-B Train Epoch: 40 [2048/217864 (1%)]	Loss: 0.992839
U-B Train Epoch: 40 [43008/217864 (20%)]	Loss: 0.994450
U-B Train Epoch: 40 [83968/217864 (38%)]	Loss: 0.987456
U-B Train Epoch: 40 [124928/217864 (57%)]	Loss: 0.966424
U-B Train Epoch: 40 [165888/217864 (76%)]	Loss: 0.999096
U-B Train Epoch: 40 [206848/217864 (94%)]	Loss: 0.980601
Train Epoch: 40: time = 195s
U-B Train Epoch: 41 [2048/217864 (1%)]	Loss: 0.978019
U-B Train Epoch: 41 [43008/217864 (20%)]	Loss: 0.938101
U-B Train Epoch: 41 [83968/217864 (38%)]	Loss: 0.956809
U-B Train Epoch: 41 [124928/217864 (57%)]	Loss: 0.982738
U-B Train Epoch: 41 [165888/217864 (76%)]	Loss: 0.998798
U-B Train Epoch: 41 [206848/217864 (94%)]	Loss: 0.963297
Train Epoch: 41: time = 189s
Test: time=12s
Recall@20:0.05310404634223304	NDCG@20:0.022733498884223508	Precision@20:0.0036782975928036764	Recall@40:0.08511728636193665	NDCG@40:0.029679031200538743	Precision@40:0.0029518203828972772	Recall@80:0.13802435527651927	NDCG@80:0.03935544422819713	Precision@80:0.0024184400997061934	
Test: time=12s
Recall@20:0.05432295451556244	NDCG@20:0.02764738086388489	Precision@20:0.0073511937826926605	Recall@40:0.08739021229566245	NDCG@40:0.03637384907323881	Precision@40:0.006052176834788245	Recall@80:0.13933104867101734	NDCG@80:0.04794279846759263	Precision@80:0.0049003457274874275	
U-B Train Epoch: 42 [2048/217864 (1%)]	Loss: 0.963186
U-B Train Epoch: 42 [43008/217864 (20%)]	Loss: 0.965965
U-B Train Epoch: 42 [83968/217864 (38%)]	Loss: 0.937934
U-B Train Epoch: 42 [124928/217864 (57%)]	Loss: 0.971090
U-B Train Epoch: 42 [165888/217864 (76%)]	Loss: 0.938374
U-B Train Epoch: 42 [206848/217864 (94%)]	Loss: 0.970697
Train Epoch: 42: time = 192s
U-B Train Epoch: 43 [2048/217864 (1%)]	Loss: 0.957110
U-B Train Epoch: 43 [43008/217864 (20%)]	Loss: 0.970852
U-B Train Epoch: 43 [83968/217864 (38%)]	Loss: 0.954975
U-B Train Epoch: 43 [124928/217864 (57%)]	Loss: 0.987418
U-B Train Epoch: 43 [165888/217864 (76%)]	Loss: 0.993962
U-B Train Epoch: 43 [206848/217864 (94%)]	Loss: 0.926889
Train Epoch: 43: time = 193s
U-B Train Epoch: 44 [2048/217864 (1%)]	Loss: 0.945861
U-B Train Epoch: 44 [43008/217864 (20%)]	Loss: 0.936175
U-B Train Epoch: 44 [83968/217864 (38%)]	Loss: 0.933748
U-B Train Epoch: 44 [124928/217864 (57%)]	Loss: 0.964536
U-B Train Epoch: 44 [165888/217864 (76%)]	Loss: 0.956815
U-B Train Epoch: 44 [206848/217864 (94%)]	Loss: 0.946528
Train Epoch: 44: time = 193s
U-B Train Epoch: 45 [2048/217864 (1%)]	Loss: 0.934904
U-B Train Epoch: 45 [43008/217864 (20%)]	Loss: 0.967194
U-B Train Epoch: 45 [83968/217864 (38%)]	Loss: 0.926006
U-B Train Epoch: 45 [124928/217864 (57%)]	Loss: 0.987391
U-B Train Epoch: 45 [165888/217864 (76%)]	Loss: 0.918493
U-B Train Epoch: 45 [206848/217864 (94%)]	Loss: 0.918565
Train Epoch: 45: time = 194s
U-B Train Epoch: 46 [2048/217864 (1%)]	Loss: 0.959048
U-B Train Epoch: 46 [43008/217864 (20%)]	Loss: 0.933478
U-B Train Epoch: 46 [83968/217864 (38%)]	Loss: 0.968059
U-B Train Epoch: 46 [124928/217864 (57%)]	Loss: 0.936589
U-B Train Epoch: 46 [165888/217864 (76%)]	Loss: 0.971171
U-B Train Epoch: 46 [206848/217864 (94%)]	Loss: 0.943851
Train Epoch: 46: time = 190s
Test: time=12s
Recall@20:0.05141903023309245	NDCG@20:0.02211221876470989	Precision@20:0.003559468566978597	Recall@40:0.08369540825664862	NDCG@40:0.029168854293419397	Precision@40:0.002931565394814411	Recall@80:0.13560097544912103	NDCG@80:0.03860336092052313	Precision@80:0.0023772550511980874	
Test: time=12s
Recall@20:0.05490123384699678	NDCG@20:0.02770259753280084	Precision@20:0.0073268880104418515	Recall@40:0.08741863069825855	NDCG@40:0.03632092787532553	Precision@40:0.00602246954694247	Recall@80:0.13867967087802432	NDCG@80:0.04773619031499191	Precision@80:0.004864561933799943	
U-B Train Epoch: 47 [2048/217864 (1%)]	Loss: 0.904979
U-B Train Epoch: 47 [43008/217864 (20%)]	Loss: 0.948994
U-B Train Epoch: 47 [83968/217864 (38%)]	Loss: 0.940001
U-B Train Epoch: 47 [124928/217864 (57%)]	Loss: 0.944044
U-B Train Epoch: 47 [165888/217864 (76%)]	Loss: 0.943716
U-B Train Epoch: 47 [206848/217864 (94%)]	Loss: 0.949920
Train Epoch: 47: time = 192s
U-B Train Epoch: 48 [2048/217864 (1%)]	Loss: 0.934610
U-B Train Epoch: 48 [43008/217864 (20%)]	Loss: 0.972842
U-B Train Epoch: 48 [83968/217864 (38%)]	Loss: 0.911400
U-B Train Epoch: 48 [124928/217864 (57%)]	Loss: 0.951211
U-B Train Epoch: 48 [165888/217864 (76%)]	Loss: 0.934123
U-B Train Epoch: 48 [206848/217864 (94%)]	Loss: 0.960049
Train Epoch: 48: time = 192s
U-B Train Epoch: 49 [2048/217864 (1%)]	Loss: 0.934581
U-B Train Epoch: 49 [43008/217864 (20%)]	Loss: 0.911855
U-B Train Epoch: 49 [83968/217864 (38%)]	Loss: 0.929035
U-B Train Epoch: 49 [124928/217864 (57%)]	Loss: 0.918807
U-B Train Epoch: 49 [165888/217864 (76%)]	Loss: 0.922312
U-B Train Epoch: 49 [206848/217864 (94%)]	Loss: 0.899291
Train Epoch: 49: time = 194s
U-B Train Epoch: 50 [2048/217864 (1%)]	Loss: 0.899456
U-B Train Epoch: 50 [43008/217864 (20%)]	Loss: 0.947105
U-B Train Epoch: 50 [83968/217864 (38%)]	Loss: 0.911164
U-B Train Epoch: 50 [124928/217864 (57%)]	Loss: 0.917814
U-B Train Epoch: 50 [165888/217864 (76%)]	Loss: 0.876996
U-B Train Epoch: 50 [206848/217864 (94%)]	Loss: 0.931971
Train Epoch: 50: time = 195s
U-B Train Epoch: 51 [2048/217864 (1%)]	Loss: 0.908118
U-B Train Epoch: 51 [43008/217864 (20%)]	Loss: 0.903771
U-B Train Epoch: 51 [83968/217864 (38%)]	Loss: 0.946763
U-B Train Epoch: 51 [124928/217864 (57%)]	Loss: 0.940703
U-B Train Epoch: 51 [165888/217864 (76%)]	Loss: 0.914830
U-B Train Epoch: 51 [206848/217864 (94%)]	Loss: 0.880451
Train Epoch: 51: time = 190s
Test: time=11s
Recall@20:0.05296194608749549	NDCG@20:0.02219178506103875	Precision@20:0.0036458896743281556	Recall@40:0.08471432774760006	NDCG@40:0.029093851277698667	Precision@40:0.002931565394814411	Recall@80:0.13811641652730625	NDCG@80:0.03878590629749065	Precision@80:0.002394809394968603	
Test: time=12s
Recall@20:0.05542889256398544	NDCG@20:0.02808654703665877	Precision@20:0.007443016189934948	Recall@40:0.08859690968774238	NDCG@40:0.03684715842458926	Precision@40:0.006094037050612096	Recall@80:0.14042741943026407	NDCG@80:0.04828727550533377	Precision@80:0.004882791493177749	
U-B Train Epoch: 52 [2048/217864 (1%)]	Loss: 0.931597
U-B Train Epoch: 52 [43008/217864 (20%)]	Loss: 0.872759
U-B Train Epoch: 52 [83968/217864 (38%)]	Loss: 0.899878
U-B Train Epoch: 52 [124928/217864 (57%)]	Loss: 0.894635
U-B Train Epoch: 52 [165888/217864 (76%)]	Loss: 0.895854
U-B Train Epoch: 52 [206848/217864 (94%)]	Loss: 0.916069
Train Epoch: 52: time = 189s
U-B Train Epoch: 53 [2048/217864 (1%)]	Loss: 0.904707
U-B Train Epoch: 53 [43008/217864 (20%)]	Loss: 0.897276
U-B Train Epoch: 53 [83968/217864 (38%)]	Loss: 0.874381
U-B Train Epoch: 53 [124928/217864 (57%)]	Loss: 0.888107
U-B Train Epoch: 53 [165888/217864 (76%)]	Loss: 0.921084
U-B Train Epoch: 53 [206848/217864 (94%)]	Loss: 0.921398
Train Epoch: 53: time = 192s
U-B Train Epoch: 54 [2048/217864 (1%)]	Loss: 0.909208
U-B Train Epoch: 54 [43008/217864 (20%)]	Loss: 0.879481
U-B Train Epoch: 54 [83968/217864 (38%)]	Loss: 0.910759
U-B Train Epoch: 54 [124928/217864 (57%)]	Loss: 0.871029
U-B Train Epoch: 54 [165888/217864 (76%)]	Loss: 0.884157
U-B Train Epoch: 54 [206848/217864 (94%)]	Loss: 0.905951
Train Epoch: 54: time = 193s
U-B Train Epoch: 55 [2048/217864 (1%)]	Loss: 0.886115
U-B Train Epoch: 55 [43008/217864 (20%)]	Loss: 0.896666
U-B Train Epoch: 55 [83968/217864 (38%)]	Loss: 0.891883
U-B Train Epoch: 55 [124928/217864 (57%)]	Loss: 0.894285
U-B Train Epoch: 55 [165888/217864 (76%)]	Loss: 0.912178
U-B Train Epoch: 55 [206848/217864 (94%)]	Loss: 0.880414
Train Epoch: 55: time = 190s
U-B Train Epoch: 56 [2048/217864 (1%)]	Loss: 0.878591
U-B Train Epoch: 56 [43008/217864 (20%)]	Loss: 0.918637
U-B Train Epoch: 56 [83968/217864 (38%)]	Loss: 0.892210
U-B Train Epoch: 56 [124928/217864 (57%)]	Loss: 0.864028
U-B Train Epoch: 56 [165888/217864 (76%)]	Loss: 0.845712
U-B Train Epoch: 56 [206848/217864 (94%)]	Loss: 0.890701
Train Epoch: 56: time = 187s
Test: time=12s
Recall@20:0.052836048303006394	NDCG@20:0.022520928953615214	Precision@20:0.0036458896131588646	Recall@40:0.0854636187479745	NDCG@40:0.029610609536914263	Precision@40:0.002968024213357583	Recall@80:0.13904940470307825	NDCG@80:0.03934045334775079	Precision@80:0.0024251917567664687	
Test: time=11s
Recall@20:0.05582000597051015	NDCG@20:0.028411474008468492	Precision@20:0.007545641396567749	Recall@40:0.08964349168338798	NDCG@40:0.03735947951495783	Precision@40:0.006218267373110468	Recall@80:0.14280196854681101	NDCG@80:0.04903844526574616	Precision@80:0.0049719132086209995	
U-B Train Epoch: 57 [2048/217864 (1%)]	Loss: 0.863062
U-B Train Epoch: 57 [43008/217864 (20%)]	Loss: 0.898723
U-B Train Epoch: 57 [83968/217864 (38%)]	Loss: 0.872692
U-B Train Epoch: 57 [124928/217864 (57%)]	Loss: 0.861647
U-B Train Epoch: 57 [165888/217864 (76%)]	Loss: 0.916603
U-B Train Epoch: 57 [206848/217864 (94%)]	Loss: 0.868079
Train Epoch: 57: time = 188s
U-B Train Epoch: 58 [2048/217864 (1%)]	Loss: 0.886136
U-B Train Epoch: 58 [43008/217864 (20%)]	Loss: 0.875247
U-B Train Epoch: 58 [83968/217864 (38%)]	Loss: 0.864448
U-B Train Epoch: 58 [124928/217864 (57%)]	Loss: 0.878853
U-B Train Epoch: 58 [165888/217864 (76%)]	Loss: 0.865679
U-B Train Epoch: 58 [206848/217864 (94%)]	Loss: 0.851333
Train Epoch: 58: time = 196s
U-B Train Epoch: 59 [2048/217864 (1%)]	Loss: 0.899642
U-B Train Epoch: 59 [43008/217864 (20%)]	Loss: 0.912933
U-B Train Epoch: 59 [83968/217864 (38%)]	Loss: 0.861804
U-B Train Epoch: 59 [124928/217864 (57%)]	Loss: 0.879157
U-B Train Epoch: 59 [165888/217864 (76%)]	Loss: 0.893803
U-B Train Epoch: 59 [206848/217864 (94%)]	Loss: 0.881931
Train Epoch: 59: time = 190s
U-B Train Epoch: 60 [2048/217864 (1%)]	Loss: 0.872653
U-B Train Epoch: 60 [43008/217864 (20%)]	Loss: 0.887654
U-B Train Epoch: 60 [83968/217864 (38%)]	Loss: 0.854702
U-B Train Epoch: 60 [124928/217864 (57%)]	Loss: 0.858599
U-B Train Epoch: 60 [165888/217864 (76%)]	Loss: 0.858651
U-B Train Epoch: 60 [206848/217864 (94%)]	Loss: 0.872246
Train Epoch: 60: time = 192s
U-B Train Epoch: 61 [2048/217864 (1%)]	Loss: 0.863796
U-B Train Epoch: 61 [43008/217864 (20%)]	Loss: 0.857987
U-B Train Epoch: 61 [83968/217864 (38%)]	Loss: 0.892208
U-B Train Epoch: 61 [124928/217864 (57%)]	Loss: 0.866253
U-B Train Epoch: 61 [165888/217864 (76%)]	Loss: 0.881893
U-B Train Epoch: 61 [206848/217864 (94%)]	Loss: 0.851523
Train Epoch: 61: time = 188s
Test: time=11s
Recall@20:0.05386761793812627	NDCG@20:0.02271258393180825	Precision@20:0.003737712023620589	Recall@40:0.08614210419512161	NDCG@40:0.0297201036363824	Precision@40:0.003003132846973055	Recall@80:0.139225166096625	NDCG@80:0.03939709952367721	Precision@80:0.002440045437712874	
Test: time=11s
Recall@20:0.055983742640473566	NDCG@20:0.02876195519199971	Precision@20:0.0076698716160441575	Recall@40:0.09071849836596946	NDCG@40:0.03793268024992245	Precision@40:0.006326293686469817	Recall@80:0.14376480419434623	NDCG@80:0.04965497119207548	Precision@80:0.005051582699153237	
U-B Train Epoch: 62 [2048/217864 (1%)]	Loss: 0.880079
U-B Train Epoch: 62 [43008/217864 (20%)]	Loss: 0.875547
U-B Train Epoch: 62 [83968/217864 (38%)]	Loss: 0.842745
U-B Train Epoch: 62 [124928/217864 (57%)]	Loss: 0.838970
U-B Train Epoch: 62 [165888/217864 (76%)]	Loss: 0.843234
U-B Train Epoch: 62 [206848/217864 (94%)]	Loss: 0.906042
Train Epoch: 62: time = 191s
U-B Train Epoch: 63 [2048/217864 (1%)]	Loss: 0.869487
U-B Train Epoch: 63 [43008/217864 (20%)]	Loss: 0.901253
U-B Train Epoch: 63 [83968/217864 (38%)]	Loss: 0.839680
U-B Train Epoch: 63 [124928/217864 (57%)]	Loss: 0.840901
U-B Train Epoch: 63 [165888/217864 (76%)]	Loss: 0.859707
U-B Train Epoch: 63 [206848/217864 (94%)]	Loss: 0.855888
Train Epoch: 63: time = 192s
U-B Train Epoch: 64 [2048/217864 (1%)]	Loss: 0.876648
U-B Train Epoch: 64 [43008/217864 (20%)]	Loss: 0.847335
U-B Train Epoch: 64 [83968/217864 (38%)]	Loss: 0.870133
U-B Train Epoch: 64 [124928/217864 (57%)]	Loss: 0.843650
U-B Train Epoch: 64 [165888/217864 (76%)]	Loss: 0.846819
U-B Train Epoch: 64 [206848/217864 (94%)]	Loss: 0.844405
Train Epoch: 64: time = 192s
U-B Train Epoch: 65 [2048/217864 (1%)]	Loss: 0.844647
U-B Train Epoch: 65 [43008/217864 (20%)]	Loss: 0.856750
U-B Train Epoch: 65 [83968/217864 (38%)]	Loss: 0.825900
U-B Train Epoch: 65 [124928/217864 (57%)]	Loss: 0.808854
U-B Train Epoch: 65 [165888/217864 (76%)]	Loss: 0.852587
U-B Train Epoch: 65 [206848/217864 (94%)]	Loss: 0.831983
Train Epoch: 65: time = 192s
U-B Train Epoch: 66 [2048/217864 (1%)]	Loss: 0.857272
U-B Train Epoch: 66 [43008/217864 (20%)]	Loss: 0.863000
U-B Train Epoch: 66 [83968/217864 (38%)]	Loss: 0.812706
U-B Train Epoch: 66 [124928/217864 (57%)]	Loss: 0.836118
U-B Train Epoch: 66 [165888/217864 (76%)]	Loss: 0.847079
U-B Train Epoch: 66 [206848/217864 (94%)]	Loss: 0.834118
Train Epoch: 66: time = 188s
Test: time=11s
Recall@20:0.05478951121504677	NDCG@20:0.023219049833268265	Precision@20:0.0038349357146584243	Recall@40:0.08884434132361188	NDCG@40:0.030590540340011907	Precision@40:0.0031192610787819926	Recall@80:0.14233307896647351	NDCG@80:0.040344851158911045	Precision@80:0.0025102625560448856	
Test: time=11s
Recall@20:0.057640169742646456	NDCG@20:0.0292146347428522	Precision@20:0.007864319068947427	Recall@40:0.09249415778310198	NDCG@40:0.03838946817502536	Precision@40:0.006412714858208103	Recall@80:0.1465540388638275	NDCG@80:0.0503977771143786	Precision@80:0.005170411694393671	
U-B Train Epoch: 67 [2048/217864 (1%)]	Loss: 0.810869
U-B Train Epoch: 67 [43008/217864 (20%)]	Loss: 0.830425
U-B Train Epoch: 67 [83968/217864 (38%)]	Loss: 0.843797
U-B Train Epoch: 67 [124928/217864 (57%)]	Loss: 0.820912
U-B Train Epoch: 67 [165888/217864 (76%)]	Loss: 0.844464
U-B Train Epoch: 67 [206848/217864 (94%)]	Loss: 0.839734
Train Epoch: 67: time = 192s
U-B Train Epoch: 68 [2048/217864 (1%)]	Loss: 0.835427
U-B Train Epoch: 68 [43008/217864 (20%)]	Loss: 0.818969
U-B Train Epoch: 68 [83968/217864 (38%)]	Loss: 0.843171
U-B Train Epoch: 68 [124928/217864 (57%)]	Loss: 0.865273
U-B Train Epoch: 68 [165888/217864 (76%)]	Loss: 0.835614
U-B Train Epoch: 68 [206848/217864 (94%)]	Loss: 0.845203
Train Epoch: 68: time = 193s
U-B Train Epoch: 69 [2048/217864 (1%)]	Loss: 0.839955
U-B Train Epoch: 69 [43008/217864 (20%)]	Loss: 0.813360
U-B Train Epoch: 69 [83968/217864 (38%)]	Loss: 0.830438
U-B Train Epoch: 69 [124928/217864 (57%)]	Loss: 0.834946
U-B Train Epoch: 69 [165888/217864 (76%)]	Loss: 0.820107
U-B Train Epoch: 69 [206848/217864 (94%)]	Loss: 0.839029
Train Epoch: 69: time = 192s
U-B Train Epoch: 70 [2048/217864 (1%)]	Loss: 0.831787
U-B Train Epoch: 70 [43008/217864 (20%)]	Loss: 0.823758
U-B Train Epoch: 70 [83968/217864 (38%)]	Loss: 0.838207
U-B Train Epoch: 70 [124928/217864 (57%)]	Loss: 0.807833
U-B Train Epoch: 70 [165888/217864 (76%)]	Loss: 0.822236
U-B Train Epoch: 70 [206848/217864 (94%)]	Loss: 0.838787
Train Epoch: 70: time = 192s
U-B Train Epoch: 71 [2048/217864 (1%)]	Loss: 0.839843
U-B Train Epoch: 71 [43008/217864 (20%)]	Loss: 0.844417
U-B Train Epoch: 71 [83968/217864 (38%)]	Loss: 0.815631
U-B Train Epoch: 71 [124928/217864 (57%)]	Loss: 0.825287
U-B Train Epoch: 71 [165888/217864 (76%)]	Loss: 0.813918
U-B Train Epoch: 71 [206848/217864 (94%)]	Loss: 0.813424
Train Epoch: 71: time = 188s
Test: time=13s
Recall@20:0.056051855688928544	NDCG@20:0.023601229548570184	Precision@20:0.003910554278562661	Recall@40:0.09123870885254974	NDCG@40:0.03121397736598725	Precision@40:0.003201631203163413	Recall@80:0.1439865675731806	NDCG@80:0.04082165447439915	Precision@80:0.0025325430484895665	
Test: time=17s
Recall@20:0.05849731824845414	NDCG@20:0.02938319785015184	Precision@20:0.007993950626949803	Recall@40:0.09209986300683246	NDCG@40:0.03830972031536352	Precision@40:0.00643702068518933	Recall@80:0.14822290483787712	NDCG@80:0.050739446777858035	Precision@80:0.005223749606491127	
U-B Train Epoch: 72 [2048/217864 (1%)]	Loss: 0.853441
U-B Train Epoch: 72 [43008/217864 (20%)]	Loss: 0.824783
U-B Train Epoch: 72 [83968/217864 (38%)]	Loss: 0.810352
U-B Train Epoch: 72 [124928/217864 (57%)]	Loss: 0.843001
U-B Train Epoch: 72 [165888/217864 (76%)]	Loss: 0.802991
U-B Train Epoch: 72 [206848/217864 (94%)]	Loss: 0.830493
Train Epoch: 72: time = 201s
U-B Train Epoch: 73 [2048/217864 (1%)]	Loss: 0.841620
U-B Train Epoch: 73 [43008/217864 (20%)]	Loss: 0.800679
U-B Train Epoch: 73 [83968/217864 (38%)]	Loss: 0.835729
U-B Train Epoch: 73 [124928/217864 (57%)]	Loss: 0.841278
U-B Train Epoch: 73 [165888/217864 (76%)]	Loss: 0.822566
U-B Train Epoch: 73 [206848/217864 (94%)]	Loss: 0.830450
Train Epoch: 73: time = 193s
U-B Train Epoch: 74 [2048/217864 (1%)]	Loss: 0.784994
U-B Train Epoch: 74 [43008/217864 (20%)]	Loss: 0.828044
U-B Train Epoch: 74 [83968/217864 (38%)]	Loss: 0.840591
U-B Train Epoch: 74 [124928/217864 (57%)]	Loss: 0.812753
U-B Train Epoch: 74 [165888/217864 (76%)]	Loss: 0.831580
U-B Train Epoch: 74 [206848/217864 (94%)]	Loss: 0.816703
Train Epoch: 74: time = 192s
U-B Train Epoch: 75 [2048/217864 (1%)]	Loss: 0.801980
U-B Train Epoch: 75 [43008/217864 (20%)]	Loss: 0.808653
U-B Train Epoch: 75 [83968/217864 (38%)]	Loss: 0.824962
U-B Train Epoch: 75 [124928/217864 (57%)]	Loss: 0.822067
U-B Train Epoch: 75 [165888/217864 (76%)]	Loss: 0.816383
U-B Train Epoch: 75 [206848/217864 (94%)]	Loss: 0.812434
Train Epoch: 75: time = 193s
U-B Train Epoch: 76 [2048/217864 (1%)]	Loss: 0.825246
U-B Train Epoch: 76 [43008/217864 (20%)]	Loss: 0.835804
U-B Train Epoch: 76 [83968/217864 (38%)]	Loss: 0.808674
U-B Train Epoch: 76 [124928/217864 (57%)]	Loss: 0.825617
U-B Train Epoch: 76 [165888/217864 (76%)]	Loss: 0.788223
U-B Train Epoch: 76 [206848/217864 (94%)]	Loss: 0.801518
Train Epoch: 76: time = 183s
Test: time=11s
Recall@20:0.05588268991601999	NDCG@20:0.023828893606948894	Precision@20:0.004002376647171712	Recall@40:0.09124278769812987	NDCG@40:0.03144916718524077	Precision@40:0.00322998815315826	Recall@80:0.14675449740362564	NDCG@80:0.041560530623903386	Precision@80:0.0025966835595676216	
Test: time=11s
Recall@20:0.059126788729968176	NDCG@20:0.03033533662419166	Precision@20:0.008164092288285645	Recall@40:0.09604961835785587	NDCG@40:0.040064291110805755	Precision@40:0.006721940268653251	Recall@80:0.15069984490842842	NDCG@80:0.05219486033515976	Precision@80:0.005335151817598495	
U-B Train Epoch: 77 [2048/217864 (1%)]	Loss: 0.795914
U-B Train Epoch: 77 [43008/217864 (20%)]	Loss: 0.793395
U-B Train Epoch: 77 [83968/217864 (38%)]	Loss: 0.810877
U-B Train Epoch: 77 [124928/217864 (57%)]	Loss: 0.808246
U-B Train Epoch: 77 [165888/217864 (76%)]	Loss: 0.805974
U-B Train Epoch: 77 [206848/217864 (94%)]	Loss: 0.816492
Train Epoch: 77: time = 192s
U-B Train Epoch: 78 [2048/217864 (1%)]	Loss: 0.769036
U-B Train Epoch: 78 [43008/217864 (20%)]	Loss: 0.785081
U-B Train Epoch: 78 [83968/217864 (38%)]	Loss: 0.812862
U-B Train Epoch: 78 [124928/217864 (57%)]	Loss: 0.800076
U-B Train Epoch: 78 [165888/217864 (76%)]	Loss: 0.779348
U-B Train Epoch: 78 [206848/217864 (94%)]	Loss: 0.803278
Train Epoch: 78: time = 192s
U-B Train Epoch: 79 [2048/217864 (1%)]	Loss: 0.772529
U-B Train Epoch: 79 [43008/217864 (20%)]	Loss: 0.832288
U-B Train Epoch: 79 [83968/217864 (38%)]	Loss: 0.822002
U-B Train Epoch: 79 [124928/217864 (57%)]	Loss: 0.814078
U-B Train Epoch: 79 [165888/217864 (76%)]	Loss: 0.824772
U-B Train Epoch: 79 [206848/217864 (94%)]	Loss: 0.781733
Train Epoch: 79: time = 192s
U-B Train Epoch: 80 [2048/217864 (1%)]	Loss: 0.836914
U-B Train Epoch: 80 [43008/217864 (20%)]	Loss: 0.805220
U-B Train Epoch: 80 [83968/217864 (38%)]	Loss: 0.800672
U-B Train Epoch: 80 [124928/217864 (57%)]	Loss: 0.779019
U-B Train Epoch: 80 [165888/217864 (76%)]	Loss: 0.808346
U-B Train Epoch: 80 [206848/217864 (94%)]	Loss: 0.790185
Train Epoch: 80: time = 193s
U-B Train Epoch: 81 [2048/217864 (1%)]	Loss: 0.818461
U-B Train Epoch: 81 [43008/217864 (20%)]	Loss: 0.790754
U-B Train Epoch: 81 [83968/217864 (38%)]	Loss: 0.820649
U-B Train Epoch: 81 [124928/217864 (57%)]	Loss: 0.791582
U-B Train Epoch: 81 [165888/217864 (76%)]	Loss: 0.799647
U-B Train Epoch: 81 [206848/217864 (94%)]	Loss: 0.796697
Train Epoch: 81: time = 185s
Test: time=11s
Recall@20:0.057122807324003474	NDCG@20:0.02412382736311137	Precision@20:0.004099600354306729	Recall@40:0.09256735179753184	NDCG@40:0.03177691160170914	Precision@40:0.003284001358129479	Recall@80:0.15048021830813962	NDCG@80:0.04232138786149022	Precision@80:0.002655422980016311	
Test: time=11s
Recall@20:0.05983883924794349	NDCG@20:0.03079394901675772	Precision@20:0.008304526381684751	Recall@40:0.09730797765887787	NDCG@40:0.04072599487246995	Precision@40:0.006901534005196316	Recall@80:0.15116035056137378	NDCG@80:0.052771008734544926	Precision@80:0.005449254762357572	
U-B Train Epoch: 82 [2048/217864 (1%)]	Loss: 0.793066
U-B Train Epoch: 82 [43008/217864 (20%)]	Loss: 0.780288
U-B Train Epoch: 82 [83968/217864 (38%)]	Loss: 0.784769
U-B Train Epoch: 82 [124928/217864 (57%)]	Loss: 0.815957
U-B Train Epoch: 82 [165888/217864 (76%)]	Loss: 0.800633
U-B Train Epoch: 82 [206848/217864 (94%)]	Loss: 0.795745
Train Epoch: 82: time = 172s
U-B Train Epoch: 83 [2048/217864 (1%)]	Loss: 0.772434
U-B Train Epoch: 83 [43008/217864 (20%)]	Loss: 0.791627
U-B Train Epoch: 83 [83968/217864 (38%)]	Loss: 0.797129
U-B Train Epoch: 83 [124928/217864 (57%)]	Loss: 0.798360
U-B Train Epoch: 83 [165888/217864 (76%)]	Loss: 0.776567
U-B Train Epoch: 83 [206848/217864 (94%)]	Loss: 0.791820
Train Epoch: 83: time = 173s
U-B Train Epoch: 84 [2048/217864 (1%)]	Loss: 0.786841
U-B Train Epoch: 84 [43008/217864 (20%)]	Loss: 0.795953
U-B Train Epoch: 84 [83968/217864 (38%)]	Loss: 0.797007
U-B Train Epoch: 84 [124928/217864 (57%)]	Loss: 0.798979
U-B Train Epoch: 84 [165888/217864 (76%)]	Loss: 0.786919
U-B Train Epoch: 84 [206848/217864 (94%)]	Loss: 0.793687
Train Epoch: 84: time = 171s
U-B Train Epoch: 85 [2048/217864 (1%)]	Loss: 0.781651
U-B Train Epoch: 85 [43008/217864 (20%)]	Loss: 0.785098
U-B Train Epoch: 85 [83968/217864 (38%)]	Loss: 0.793528
U-B Train Epoch: 85 [124928/217864 (57%)]	Loss: 0.786602
U-B Train Epoch: 85 [165888/217864 (76%)]	Loss: 0.786915
U-B Train Epoch: 85 [206848/217864 (94%)]	Loss: 0.778992
Train Epoch: 85: time = 173s
U-B Train Epoch: 86 [2048/217864 (1%)]	Loss: 0.800288
U-B Train Epoch: 86 [43008/217864 (20%)]	Loss: 0.781900
U-B Train Epoch: 86 [83968/217864 (38%)]	Loss: 0.801456
U-B Train Epoch: 86 [124928/217864 (57%)]	Loss: 0.788903
U-B Train Epoch: 86 [165888/217864 (76%)]	Loss: 0.787838
U-B Train Epoch: 86 [206848/217864 (94%)]	Loss: 0.818196
Train Epoch: 86: time = 168s
Test: time=11s
Recall@20:0.0585384742866212	NDCG@20:0.024422271444587095	Precision@20:0.004134708885705096	Recall@40:0.09266722953073585	NDCG@40:0.031849463840817174	Precision@40:0.0032867020016369712	Recall@80:0.14860246489781262	NDCG@80:0.04206183826716039	Precision@80:0.002635168012054922	
Test: time=10s
Recall@20:0.062017311348801264	NDCG@20:0.031462038414542946	Precision@20:0.008482770102320524	Recall@40:0.0980692367722667	NDCG@40:0.041118510407918314	Precision@40:0.006959598349278336	Recall@80:0.15263018794047906	NDCG@80:0.053298833960782145	Precision@80:0.005474235878993127	
U-B Train Epoch: 87 [2048/217864 (1%)]	Loss: 0.779187
U-B Train Epoch: 87 [43008/217864 (20%)]	Loss: 0.801412
U-B Train Epoch: 87 [83968/217864 (38%)]	Loss: 0.769969
U-B Train Epoch: 87 [124928/217864 (57%)]	Loss: 0.794373
U-B Train Epoch: 87 [165888/217864 (76%)]	Loss: 0.766458
U-B Train Epoch: 87 [206848/217864 (94%)]	Loss: 0.792840
Train Epoch: 87: time = 169s
U-B Train Epoch: 88 [2048/217864 (1%)]	Loss: 0.787807
U-B Train Epoch: 88 [43008/217864 (20%)]	Loss: 0.776036
U-B Train Epoch: 88 [83968/217864 (38%)]	Loss: 0.778825
U-B Train Epoch: 88 [124928/217864 (57%)]	Loss: 0.763189
U-B Train Epoch: 88 [165888/217864 (76%)]	Loss: 0.753425
U-B Train Epoch: 88 [206848/217864 (94%)]	Loss: 0.803071
Train Epoch: 88: time = 176s
U-B Train Epoch: 89 [2048/217864 (1%)]	Loss: 0.778733
U-B Train Epoch: 89 [43008/217864 (20%)]	Loss: 0.774418
U-B Train Epoch: 89 [83968/217864 (38%)]	Loss: 0.769903
U-B Train Epoch: 89 [124928/217864 (57%)]	Loss: 0.770197
U-B Train Epoch: 89 [165888/217864 (76%)]	Loss: 0.782950
U-B Train Epoch: 89 [206848/217864 (94%)]	Loss: 0.769010
Train Epoch: 89: time = 173s
U-B Train Epoch: 90 [2048/217864 (1%)]	Loss: 0.770095
U-B Train Epoch: 90 [43008/217864 (20%)]	Loss: 0.788288
U-B Train Epoch: 90 [83968/217864 (38%)]	Loss: 0.793387
U-B Train Epoch: 90 [124928/217864 (57%)]	Loss: 0.786696
U-B Train Epoch: 90 [165888/217864 (76%)]	Loss: 0.789087
U-B Train Epoch: 90 [206848/217864 (94%)]	Loss: 0.798800
Train Epoch: 90: time = 171s
U-B Train Epoch: 91 [2048/217864 (1%)]	Loss: 0.784724
U-B Train Epoch: 91 [43008/217864 (20%)]	Loss: 0.772583
U-B Train Epoch: 91 [83968/217864 (38%)]	Loss: 0.776156
U-B Train Epoch: 91 [124928/217864 (57%)]	Loss: 0.773392
U-B Train Epoch: 91 [165888/217864 (76%)]	Loss: 0.773093
U-B Train Epoch: 91 [206848/217864 (94%)]	Loss: 0.790563
Train Epoch: 91: time = 168s
Test: time=12s
Recall@20:0.05922452504863823	NDCG@20:0.02470856964865037	Precision@20:0.004210327330490187	Recall@40:0.09553990137941497	NDCG@40:0.03258371412387043	Precision@40:0.0033839257812093063	Recall@80:0.151263487600438	NDCG@80:0.04279027184000846	Precision@80:0.0027094361133550714	
Test: time=11s
Recall@20:0.06315333644656367	NDCG@20:0.03221003824064847	Precision@20:0.008706924402006787	Recall@40:0.09844680397533966	NDCG@40:0.04161289138233506	Precision@40:0.006997407409894205	Recall@80:0.15470808984600495	NDCG@80:0.054221326078621165	Precision@80:0.005586313215563567	
U-B Train Epoch: 92 [2048/217864 (1%)]	Loss: 0.785053
U-B Train Epoch: 92 [43008/217864 (20%)]	Loss: 0.758329
U-B Train Epoch: 92 [83968/217864 (38%)]	Loss: 0.771165
U-B Train Epoch: 92 [124928/217864 (57%)]	Loss: 0.767395
U-B Train Epoch: 92 [165888/217864 (76%)]	Loss: 0.775820
U-B Train Epoch: 92 [206848/217864 (94%)]	Loss: 0.787635
Train Epoch: 92: time = 172s
U-B Train Epoch: 93 [2048/217864 (1%)]	Loss: 0.762483
U-B Train Epoch: 93 [43008/217864 (20%)]	Loss: 0.783075
U-B Train Epoch: 93 [83968/217864 (38%)]	Loss: 0.782523
U-B Train Epoch: 93 [124928/217864 (57%)]	Loss: 0.760653
U-B Train Epoch: 93 [165888/217864 (76%)]	Loss: 0.785465
U-B Train Epoch: 93 [206848/217864 (94%)]	Loss: 0.780555
Train Epoch: 93: time = 173s
U-B Train Epoch: 94 [2048/217864 (1%)]	Loss: 0.776583
U-B Train Epoch: 94 [43008/217864 (20%)]	Loss: 0.774166
U-B Train Epoch: 94 [83968/217864 (38%)]	Loss: 0.775999
U-B Train Epoch: 94 [124928/217864 (57%)]	Loss: 0.755880
U-B Train Epoch: 94 [165888/217864 (76%)]	Loss: 0.766946
U-B Train Epoch: 94 [206848/217864 (94%)]	Loss: 0.771796
Train Epoch: 94: time = 172s
U-B Train Epoch: 95 [2048/217864 (1%)]	Loss: 0.771072
U-B Train Epoch: 95 [43008/217864 (20%)]	Loss: 0.776967
U-B Train Epoch: 95 [83968/217864 (38%)]	Loss: 0.761302
U-B Train Epoch: 95 [124928/217864 (57%)]	Loss: 0.775763
U-B Train Epoch: 95 [165888/217864 (76%)]	Loss: 0.777806
U-B Train Epoch: 95 [206848/217864 (94%)]	Loss: 0.764657
Train Epoch: 95: time = 173s
U-B Train Epoch: 96 [2048/217864 (1%)]	Loss: 0.752640
U-B Train Epoch: 96 [43008/217864 (20%)]	Loss: 0.758402
U-B Train Epoch: 96 [83968/217864 (38%)]	Loss: 0.756508
U-B Train Epoch: 96 [124928/217864 (57%)]	Loss: 0.767215
U-B Train Epoch: 96 [165888/217864 (76%)]	Loss: 0.753656
U-B Train Epoch: 96 [206848/217864 (94%)]	Loss: 0.758072
Train Epoch: 96: time = 169s
Test: time=11s
Recall@20:0.05964437084294839	NDCG@20:0.02542627365140739	Precision@20:0.004283245154303841	Recall@40:0.09884878073885282	NDCG@40:0.033894552027572626	Precision@40:0.003524359953484603	Recall@80:0.1524349869205458	NDCG@80:0.04370960696567479	Precision@80:0.002743194442118838	
Test: time=11s
Recall@20:0.06332838873993543	NDCG@20:0.03235411018123505	Precision@20:0.008682618623317106	Recall@40:0.10036173389142644	NDCG@40:0.042133277057764325	Precision@40:0.007051420827348224	Recall@80:0.15647881590188084	NDCG@80:0.05467417575736869	Precision@80:0.005599816478173135	
U-B Train Epoch: 97 [2048/217864 (1%)]	Loss: 0.762415
U-B Train Epoch: 97 [43008/217864 (20%)]	Loss: 0.772352
U-B Train Epoch: 97 [83968/217864 (38%)]	Loss: 0.747684
U-B Train Epoch: 97 [124928/217864 (57%)]	Loss: 0.764998
U-B Train Epoch: 97 [165888/217864 (76%)]	Loss: 0.776224
U-B Train Epoch: 97 [206848/217864 (94%)]	Loss: 0.764440
Train Epoch: 97: time = 176s
U-B Train Epoch: 98 [2048/217864 (1%)]	Loss: 0.764570
U-B Train Epoch: 98 [43008/217864 (20%)]	Loss: 0.775381
U-B Train Epoch: 98 [83968/217864 (38%)]	Loss: 0.765753
U-B Train Epoch: 98 [124928/217864 (57%)]	Loss: 0.762980
U-B Train Epoch: 98 [165888/217864 (76%)]	Loss: 0.768687
U-B Train Epoch: 98 [206848/217864 (94%)]	Loss: 0.772972
Train Epoch: 98: time = 175s
U-B Train Epoch: 99 [2048/217864 (1%)]	Loss: 0.767922
U-B Train Epoch: 99 [43008/217864 (20%)]	Loss: 0.756423
U-B Train Epoch: 99 [83968/217864 (38%)]	Loss: 0.760528
U-B Train Epoch: 99 [124928/217864 (57%)]	Loss: 0.776671
U-B Train Epoch: 99 [165888/217864 (76%)]	Loss: 0.763111
U-B Train Epoch: 99 [206848/217864 (94%)]	Loss: 0.769278
Train Epoch: 99: time = 176s
U-B Train Epoch: 100 [2048/217864 (1%)]	Loss: 0.761358
U-B Train Epoch: 100 [43008/217864 (20%)]	Loss: 0.746596
U-B Train Epoch: 100 [83968/217864 (38%)]	Loss: 0.768595
U-B Train Epoch: 100 [124928/217864 (57%)]	Loss: 0.749769
U-B Train Epoch: 100 [165888/217864 (76%)]	Loss: 0.748750
U-B Train Epoch: 100 [206848/217864 (94%)]	Loss: 0.758963
Train Epoch: 100: time = 156s
