nohup: ignoring input
>>>>>>>>>>B-I statistics>>>>>>>>>>
Average interactions 77.80081939697266
Non-zero rows 1.0
Non-zero columns 1.0
Matrix density 0.0006293139276969943
finish loading assist data
>>>>>>>>>>U-I statistics>>>>>>>>>>
Average interactions 60.88433837890625
Non-zero rows 1.0
Non-zero columns 0.7321965897693079
Matrix density 0.0004924801599908087
finish loading item data
>>>>>>>>>>U-B statistics in train>>>>>>>>>>
Average interactions 11.758635520935059
Non-zero rows 0.9992443868739206
Non-zero columns 0.8920136459062281
Matrix density 0.0005142860207568127
finish loading bundle train data
>>>>>>>>>>U-B statistics in test>>>>>>>>>>
Average interactions 3.0524072647094727
Non-zero rows 0.9992443868739206
Non-zero columns 0.6320416375087474
Matrix density 0.00013350276275062213
finish loading bundle test data
>>>>>>>>>>B-I statistics>>>>>>>>>>
Average interactions 77.80081939697266
Non-zero rows 1.0
Non-zero columns 1.0
Matrix density 0.0006293139276969943
finish loading assist data
>>>>>>>>>>U-I statistics>>>>>>>>>>
Average interactions 60.88433837890625
Non-zero rows 1.0
Non-zero columns 0.7321965897693079
Matrix density 0.0004924801599908087
finish loading item data
>>>>>>>>>>U-B statistics in train>>>>>>>>>>
Average interactions 11.758635520935059
Non-zero rows 0.9992443868739206
Non-zero columns 0.8920136459062281
Matrix density 0.0005142860207568127
finish loading bundle train data
>>>>>>>>>>U-B statistics in test>>>>>>>>>>
Average interactions 1.50350821018219
Non-zero rows 0.9992443868739206
Non-zero columns 0.47380160951714484
Matrix density 6.575875628934809e-05
finish loading bundle test data
IHGCN model
/data/nfs/lzm/IHBR/IHBR_1/model/IHGCN.py:170: UserWarning: Creating a tensor from a list of numpy.ndarrays is extremely slow. Please consider converting the list to a single numpy.ndarray with numpy.array() before converting to a tensor. (Triggered internally at  /opt/conda/conda-bld/pytorch_1640811805959/work/torch/csrc/utils/tensor_new.cpp:201.)
  ub_indices = torch.tensor([ub_graph_coo.row, ub_graph_coo.col], dtype=torch.long)
finish generating bi, ui graph
finish generating non-atom graph
U-B Train Epoch: 1 [2048/217864 (1%)]	Loss: 1.387934
U-B Train Epoch: 1 [43008/217864 (20%)]	Loss: 1.390102
U-B Train Epoch: 1 [83968/217864 (38%)]	Loss: 1.384255
U-B Train Epoch: 1 [124928/217864 (57%)]	Loss: 1.388412
U-B Train Epoch: 1 [165888/217864 (76%)]	Loss: 1.380894
U-B Train Epoch: 1 [206848/217864 (94%)]	Loss: 1.374294
Train Epoch: 1: time = 185s
Test: time=13s
Recall@20:0.007396173513230539	NDCG@20:0.0028753326999532026	Precision@20:0.0005428324678591419	Recall@40:0.01426425139332508	NDCG@40:0.00438631715431473	Precision@40:0.0005212271813634431	Recall@80:0.029568893162287554	NDCG@80:0.007122212817090189	Precision@80:0.0005138003686578791	
Test: time=11s
Recall@20:0.00693147773166783	NDCG@20:0.0031220082608517915	Precision@20:0.0010748623089700457	Recall@40:0.014997146325864994	NDCG@40:0.005252574092692531	Precision@40:0.0011153721456939412	Recall@80:0.03063532210740799	NDCG@80:0.008720659142090664	Precision@80:0.0011099708512340109	
U-B Train Epoch: 2 [2048/217864 (1%)]	Loss: 1.369031
U-B Train Epoch: 2 [43008/217864 (20%)]	Loss: 1.354117
U-B Train Epoch: 2 [83968/217864 (38%)]	Loss: 1.350123
U-B Train Epoch: 2 [124928/217864 (57%)]	Loss: 1.341543
U-B Train Epoch: 2 [165888/217864 (76%)]	Loss: 1.344186
U-B Train Epoch: 2 [206848/217864 (94%)]	Loss: 1.346848
Train Epoch: 2: time = 184s
U-B Train Epoch: 3 [2048/217864 (1%)]	Loss: 1.336105
U-B Train Epoch: 3 [43008/217864 (20%)]	Loss: 1.318502
U-B Train Epoch: 3 [83968/217864 (38%)]	Loss: 1.283739
U-B Train Epoch: 3 [124928/217864 (57%)]	Loss: 1.273263
U-B Train Epoch: 3 [165888/217864 (76%)]	Loss: 1.272274
U-B Train Epoch: 3 [206848/217864 (94%)]	Loss: 1.231009
Train Epoch: 3: time = 193s
U-B Train Epoch: 4 [2048/217864 (1%)]	Loss: 1.193616
U-B Train Epoch: 4 [43008/217864 (20%)]	Loss: 1.185868
U-B Train Epoch: 4 [83968/217864 (38%)]	Loss: 1.205627
U-B Train Epoch: 4 [124928/217864 (57%)]	Loss: 1.179777
U-B Train Epoch: 4 [165888/217864 (76%)]	Loss: 1.206947
U-B Train Epoch: 4 [206848/217864 (94%)]	Loss: 1.174878
Train Epoch: 4: time = 192s
U-B Train Epoch: 5 [2048/217864 (1%)]	Loss: 1.153123
U-B Train Epoch: 5 [43008/217864 (20%)]	Loss: 1.166255
U-B Train Epoch: 5 [83968/217864 (38%)]	Loss: 1.169622
U-B Train Epoch: 5 [124928/217864 (57%)]	Loss: 1.156599
U-B Train Epoch: 5 [165888/217864 (76%)]	Loss: 1.158011
U-B Train Epoch: 5 [206848/217864 (94%)]	Loss: 1.133078
Train Epoch: 5: time = 194s
U-B Train Epoch: 6 [2048/217864 (1%)]	Loss: 1.103656
U-B Train Epoch: 6 [43008/217864 (20%)]	Loss: 1.119501
U-B Train Epoch: 6 [83968/217864 (38%)]	Loss: 1.130551
U-B Train Epoch: 6 [124928/217864 (57%)]	Loss: 1.141492
U-B Train Epoch: 6 [165888/217864 (76%)]	Loss: 1.132293
U-B Train Epoch: 6 [206848/217864 (94%)]	Loss: 1.096979
Train Epoch: 6: time = 191s
Test: time=13s
Recall@20:0.03878015283633221	NDCG@20:0.015638428549149954	Precision@20:0.002792481442880615	Recall@40:0.06781281448278544	NDCG@40:0.02193136373348675	Precision@40:0.002422491134185313	Recall@80:0.10967580172623338	NDCG@80:0.02960448136555784	Precision@80:0.001966079757578548	
Test: time=11s
Recall@20:0.04102326892062811	NDCG@20:0.02031445845782892	Precision@20:0.00593874908631984	Recall@40:0.06808952905581349	NDCG@40:0.027533243667542374	Precision@40:0.004980015206751638	Recall@80:0.11064948754394571	NDCG@80:0.03708465634791372	Precision@80:0.004046937541916856	
U-B Train Epoch: 7 [2048/217864 (1%)]	Loss: 1.115433
U-B Train Epoch: 7 [43008/217864 (20%)]	Loss: 1.123352
U-B Train Epoch: 7 [83968/217864 (38%)]	Loss: 1.097508
U-B Train Epoch: 7 [124928/217864 (57%)]	Loss: 1.101716
U-B Train Epoch: 7 [165888/217864 (76%)]	Loss: 1.110073
U-B Train Epoch: 7 [206848/217864 (94%)]	Loss: 1.101966
Train Epoch: 7: time = 186s
U-B Train Epoch: 8 [2048/217864 (1%)]	Loss: 1.097655
U-B Train Epoch: 8 [43008/217864 (20%)]	Loss: 1.101580
U-B Train Epoch: 8 [83968/217864 (38%)]	Loss: 1.110088
U-B Train Epoch: 8 [124928/217864 (57%)]	Loss: 1.107181
U-B Train Epoch: 8 [165888/217864 (76%)]	Loss: 1.107936
U-B Train Epoch: 8 [206848/217864 (94%)]	Loss: 1.093124
Train Epoch: 8: time = 194s
U-B Train Epoch: 9 [2048/217864 (1%)]	Loss: 1.092749
U-B Train Epoch: 9 [43008/217864 (20%)]	Loss: 1.075593
U-B Train Epoch: 9 [83968/217864 (38%)]	Loss: 1.095761
U-B Train Epoch: 9 [124928/217864 (57%)]	Loss: 1.087097
U-B Train Epoch: 9 [165888/217864 (76%)]	Loss: 1.119045
U-B Train Epoch: 9 [206848/217864 (94%)]	Loss: 1.078782
Train Epoch: 9: time = 194s
U-B Train Epoch: 10 [2048/217864 (1%)]	Loss: 1.092409
U-B Train Epoch: 10 [43008/217864 (20%)]	Loss: 1.070198
U-B Train Epoch: 10 [83968/217864 (38%)]	Loss: 1.088473
U-B Train Epoch: 10 [124928/217864 (57%)]	Loss: 1.094999
U-B Train Epoch: 10 [165888/217864 (76%)]	Loss: 1.061440
U-B Train Epoch: 10 [206848/217864 (94%)]	Loss: 1.098319
Train Epoch: 10: time = 194s
U-B Train Epoch: 11 [2048/217864 (1%)]	Loss: 1.073198
U-B Train Epoch: 11 [43008/217864 (20%)]	Loss: 1.056011
U-B Train Epoch: 11 [83968/217864 (38%)]	Loss: 1.077675
U-B Train Epoch: 11 [124928/217864 (57%)]	Loss: 1.061738
U-B Train Epoch: 11 [165888/217864 (76%)]	Loss: 1.076052
U-B Train Epoch: 11 [206848/217864 (94%)]	Loss: 1.075271
Train Epoch: 11: time = 192s
Test: time=11s
Recall@20:0.044348823157528174	NDCG@20:0.018132103169416394	Precision@20:0.0031678729355689374	Recall@40:0.07377454607896494	NDCG@40:0.024507671076290496	Precision@40:0.002610186952564363	Recall@80:0.11849525792044724	NDCG@80:0.03262411392931419	Precision@80:0.0020869342595953733	
Test: time=11s
Recall@20:0.046085932477061144	NDCG@20:0.023608682118778777	Precision@20:0.006489683710062003	Recall@40:0.07482749184431983	NDCG@40:0.031216238440531847	Precision@40:0.005341903629191715	Recall@80:0.11971400625520022	NDCG@80:0.0412670386665594	Precision@80:0.004321054285747309	
U-B Train Epoch: 12 [2048/217864 (1%)]	Loss: 1.051770
U-B Train Epoch: 12 [43008/217864 (20%)]	Loss: 1.066849
U-B Train Epoch: 12 [83968/217864 (38%)]	Loss: 1.061282
U-B Train Epoch: 12 [124928/217864 (57%)]	Loss: 1.075632
U-B Train Epoch: 12 [165888/217864 (76%)]	Loss: 1.100615
U-B Train Epoch: 12 [206848/217864 (94%)]	Loss: 1.082316
Train Epoch: 12: time = 184s
U-B Train Epoch: 13 [2048/217864 (1%)]	Loss: 1.083556
U-B Train Epoch: 13 [43008/217864 (20%)]	Loss: 1.109571
U-B Train Epoch: 13 [83968/217864 (38%)]	Loss: 1.087755
U-B Train Epoch: 13 [124928/217864 (57%)]	Loss: 1.078414
U-B Train Epoch: 13 [165888/217864 (76%)]	Loss: 1.065296
U-B Train Epoch: 13 [206848/217864 (94%)]	Loss: 1.050735
Train Epoch: 13: time = 194s
U-B Train Epoch: 14 [2048/217864 (1%)]	Loss: 1.066205
U-B Train Epoch: 14 [43008/217864 (20%)]	Loss: 1.078208
U-B Train Epoch: 14 [83968/217864 (38%)]	Loss: 1.060567
U-B Train Epoch: 14 [124928/217864 (57%)]	Loss: 1.089138
U-B Train Epoch: 14 [165888/217864 (76%)]	Loss: 1.093885
U-B Train Epoch: 14 [206848/217864 (94%)]	Loss: 1.076094
Train Epoch: 14: time = 193s
U-B Train Epoch: 15 [2048/217864 (1%)]	Loss: 1.091513
U-B Train Epoch: 15 [43008/217864 (20%)]	Loss: 1.059861
U-B Train Epoch: 15 [83968/217864 (38%)]	Loss: 1.060469
U-B Train Epoch: 15 [124928/217864 (57%)]	Loss: 1.038156
U-B Train Epoch: 15 [165888/217864 (76%)]	Loss: 1.060226
U-B Train Epoch: 15 [206848/217864 (94%)]	Loss: 1.086088
Train Epoch: 15: time = 192s
U-B Train Epoch: 16 [2048/217864 (1%)]	Loss: 1.105854
U-B Train Epoch: 16 [43008/217864 (20%)]	Loss: 1.096830
U-B Train Epoch: 16 [83968/217864 (38%)]	Loss: 1.085018
U-B Train Epoch: 16 [124928/217864 (57%)]	Loss: 1.096106
U-B Train Epoch: 16 [165888/217864 (76%)]	Loss: 1.035591
U-B Train Epoch: 16 [206848/217864 (94%)]	Loss: 1.101304
Train Epoch: 16: time = 192s
Test: time=11s
Recall@20:0.04777997294963018	NDCG@20:0.020308963781403996	Precision@20:0.0033704224461624196	Recall@40:0.07807541156260694	NDCG@40:0.026881267690395862	Precision@40:0.0027627741896437815	Recall@80:0.12384075555454208	NDCG@80:0.035246373459163954	Precision@80:0.0021922599374958208	
Test: time=12s
Recall@20:0.04641665142092705	NDCG@20:0.0244298543504573	Precision@20:0.00663281856286831	Recall@40:0.07748140294080266	NDCG@40:0.03251369219433093	Precision@40:0.0054904397303797686	Recall@80:0.1232559770310274	NDCG@80:0.042776258251663674	Precision@80:0.004431106303878385	
U-B Train Epoch: 17 [2048/217864 (1%)]	Loss: 1.041399
U-B Train Epoch: 17 [43008/217864 (20%)]	Loss: 1.052603
U-B Train Epoch: 17 [83968/217864 (38%)]	Loss: 1.051557
U-B Train Epoch: 17 [124928/217864 (57%)]	Loss: 1.060481
U-B Train Epoch: 17 [165888/217864 (76%)]	Loss: 1.059713
U-B Train Epoch: 17 [206848/217864 (94%)]	Loss: 1.081731
Train Epoch: 17: time = 185s
U-B Train Epoch: 18 [2048/217864 (1%)]	Loss: 1.083255
U-B Train Epoch: 18 [43008/217864 (20%)]	Loss: 1.040811
U-B Train Epoch: 18 [83968/217864 (38%)]	Loss: 1.069590
U-B Train Epoch: 18 [124928/217864 (57%)]	Loss: 1.042500
U-B Train Epoch: 18 [165888/217864 (76%)]	Loss: 1.054283
U-B Train Epoch: 18 [206848/217864 (94%)]	Loss: 1.057189
Train Epoch: 18: time = 193s
U-B Train Epoch: 19 [2048/217864 (1%)]	Loss: 1.087706
U-B Train Epoch: 19 [43008/217864 (20%)]	Loss: 1.047543
U-B Train Epoch: 19 [83968/217864 (38%)]	Loss: 1.098729
U-B Train Epoch: 19 [124928/217864 (57%)]	Loss: 1.064514
U-B Train Epoch: 19 [165888/217864 (76%)]	Loss: 1.058443
U-B Train Epoch: 19 [206848/217864 (94%)]	Loss: 1.077957
Train Epoch: 19: time = 195s
U-B Train Epoch: 20 [2048/217864 (1%)]	Loss: 1.059922
U-B Train Epoch: 20 [43008/217864 (20%)]	Loss: 1.055580
U-B Train Epoch: 20 [83968/217864 (38%)]	Loss: 1.070544
U-B Train Epoch: 20 [124928/217864 (57%)]	Loss: 1.020856
U-B Train Epoch: 20 [165888/217864 (76%)]	Loss: 1.037938
U-B Train Epoch: 20 [206848/217864 (94%)]	Loss: 1.066862
Train Epoch: 20: time = 192s
U-B Train Epoch: 21 [2048/217864 (1%)]	Loss: 1.041877
U-B Train Epoch: 21 [43008/217864 (20%)]	Loss: 1.050334
U-B Train Epoch: 21 [83968/217864 (38%)]	Loss: 1.096894
U-B Train Epoch: 21 [124928/217864 (57%)]	Loss: 1.060430
U-B Train Epoch: 21 [165888/217864 (76%)]	Loss: 1.113790
U-B Train Epoch: 21 [206848/217864 (94%)]	Loss: 1.027177
Train Epoch: 21: time = 193s
Test: time=13s
Recall@20:0.050430356883147606	NDCG@20:0.02158232600356431	Precision@20:0.003545965246419174	Recall@40:0.08172616498109987	NDCG@40:0.028370855873728514	Precision@40:0.0028680998989337333	Recall@80:0.1282506398587012	NDCG@80:0.03685503907681181	Precision@80:0.0022604516013672816	
Test: time=12s
Recall@20:0.05009734647325786	NDCG@20:0.02653213479393461	Precision@20:0.007024414134718397	Recall@40:0.08183737945721475	NDCG@40:0.0348933612577882	Precision@40:0.005809117518659156	Recall@80:0.13146612326630355	NDCG@80:0.04589476860456826	Precision@80:0.004678891742926148	
U-B Train Epoch: 22 [2048/217864 (1%)]	Loss: 1.060528
U-B Train Epoch: 22 [43008/217864 (20%)]	Loss: 1.029839
U-B Train Epoch: 22 [83968/217864 (38%)]	Loss: 1.059913
U-B Train Epoch: 22 [124928/217864 (57%)]	Loss: 1.035052
U-B Train Epoch: 22 [165888/217864 (76%)]	Loss: 1.050188
U-B Train Epoch: 22 [206848/217864 (94%)]	Loss: 1.062981
Train Epoch: 22: time = 184s
U-B Train Epoch: 23 [2048/217864 (1%)]	Loss: 1.039775
U-B Train Epoch: 23 [43008/217864 (20%)]	Loss: 1.021748
U-B Train Epoch: 23 [83968/217864 (38%)]	Loss: 1.029378
U-B Train Epoch: 23 [124928/217864 (57%)]	Loss: 1.059448
U-B Train Epoch: 23 [165888/217864 (76%)]	Loss: 1.024003
U-B Train Epoch: 23 [206848/217864 (94%)]	Loss: 1.040371
Train Epoch: 23: time = 194s
U-B Train Epoch: 24 [2048/217864 (1%)]	Loss: 1.056065
U-B Train Epoch: 24 [43008/217864 (20%)]	Loss: 1.065073
U-B Train Epoch: 24 [83968/217864 (38%)]	Loss: 1.036603
U-B Train Epoch: 24 [124928/217864 (57%)]	Loss: 1.028360
U-B Train Epoch: 24 [165888/217864 (76%)]	Loss: 1.025040
U-B Train Epoch: 24 [206848/217864 (94%)]	Loss: 1.039276
Train Epoch: 24: time = 192s
U-B Train Epoch: 25 [2048/217864 (1%)]	Loss: 1.003460
U-B Train Epoch: 25 [43008/217864 (20%)]	Loss: 1.041870
U-B Train Epoch: 25 [83968/217864 (38%)]	Loss: 1.052420
U-B Train Epoch: 25 [124928/217864 (57%)]	Loss: 1.044503
U-B Train Epoch: 25 [165888/217864 (76%)]	Loss: 1.058299
U-B Train Epoch: 25 [206848/217864 (94%)]	Loss: 1.047772
Train Epoch: 25: time = 193s
U-B Train Epoch: 26 [2048/217864 (1%)]	Loss: 1.021150
U-B Train Epoch: 26 [43008/217864 (20%)]	Loss: 1.019922
U-B Train Epoch: 26 [83968/217864 (38%)]	Loss: 1.038238
U-B Train Epoch: 26 [124928/217864 (57%)]	Loss: 1.028782
U-B Train Epoch: 26 [165888/217864 (76%)]	Loss: 1.034055
U-B Train Epoch: 26 [206848/217864 (94%)]	Loss: 1.054395
Train Epoch: 26: time = 193s
Test: time=11s
Recall@20:0.052108364627030855	NDCG@20:0.02244617158732765	Precision@20:0.0036620936231027477	Recall@40:0.08546075978546455	NDCG@40:0.029722196637032367	Precision@40:0.002995030870573611	Recall@80:0.13335202313839675	NDCG@80:0.038466881157783475	Precision@80:0.0023630766220776324	
Test: time=11s
Recall@20:0.05353117509396658	NDCG@20:0.029032499882653863	Precision@20:0.007499730089924641	Recall@40:0.08621805765284464	NDCG@40:0.037655636264166	Precision@40:0.006092686864074677	Recall@80:0.13514263243323413	NDCG@80:0.04859486694558465	Precision@80:0.004833504424002949	
U-B Train Epoch: 27 [2048/217864 (1%)]	Loss: 1.013414
U-B Train Epoch: 27 [43008/217864 (20%)]	Loss: 0.984316
U-B Train Epoch: 27 [83968/217864 (38%)]	Loss: 1.048170
U-B Train Epoch: 27 [124928/217864 (57%)]	Loss: 1.029518
U-B Train Epoch: 27 [165888/217864 (76%)]	Loss: 1.010699
U-B Train Epoch: 27 [206848/217864 (94%)]	Loss: 1.024371
Train Epoch: 27: time = 182s
U-B Train Epoch: 28 [2048/217864 (1%)]	Loss: 1.038907
U-B Train Epoch: 28 [43008/217864 (20%)]	Loss: 1.056793
U-B Train Epoch: 28 [83968/217864 (38%)]	Loss: 1.045433
U-B Train Epoch: 28 [124928/217864 (57%)]	Loss: 1.056635
U-B Train Epoch: 28 [165888/217864 (76%)]	Loss: 1.017104
U-B Train Epoch: 28 [206848/217864 (94%)]	Loss: 1.018576
Train Epoch: 28: time = 193s
U-B Train Epoch: 29 [2048/217864 (1%)]	Loss: 1.023394
U-B Train Epoch: 29 [43008/217864 (20%)]	Loss: 1.001503
U-B Train Epoch: 29 [83968/217864 (38%)]	Loss: 1.017388
U-B Train Epoch: 29 [124928/217864 (57%)]	Loss: 1.020481
U-B Train Epoch: 29 [165888/217864 (76%)]	Loss: 1.023132
U-B Train Epoch: 29 [206848/217864 (94%)]	Loss: 1.038538
Train Epoch: 29: time = 194s
U-B Train Epoch: 30 [2048/217864 (1%)]	Loss: 0.991352
U-B Train Epoch: 30 [43008/217864 (20%)]	Loss: 0.999337
U-B Train Epoch: 30 [83968/217864 (38%)]	Loss: 1.032521
U-B Train Epoch: 30 [124928/217864 (57%)]	Loss: 1.022693
U-B Train Epoch: 30 [165888/217864 (76%)]	Loss: 1.033832
U-B Train Epoch: 30 [206848/217864 (94%)]	Loss: 1.046295
Train Epoch: 30: time = 192s
U-B Train Epoch: 31 [2048/217864 (1%)]	Loss: 0.984921
U-B Train Epoch: 31 [43008/217864 (20%)]	Loss: 0.981547
U-B Train Epoch: 31 [83968/217864 (38%)]	Loss: 0.988559
U-B Train Epoch: 31 [124928/217864 (57%)]	Loss: 1.011756
U-B Train Epoch: 31 [165888/217864 (76%)]	Loss: 1.005182
U-B Train Epoch: 31 [206848/217864 (94%)]	Loss: 1.012886
Train Epoch: 31: time = 192s
Test: time=13s
Recall@20:0.054015560774459584	NDCG@20:0.02320725441082026	Precision@20:0.0037782219788599853	Recall@40:0.08685347435604976	NDCG@40:0.03034270047961191	Precision@40:0.003039591733124391	Recall@80:0.1358278330580081	NDCG@80:0.03927407066907303	Precision@80:0.0023948093643839574	
Test: time=13s
Recall@20:0.05499280991584652	NDCG@20:0.02865865372988167	Precision@20:0.007607756364650753	Recall@40:0.08804491903736304	NDCG@40:0.03734443395560434	Precision@40:0.006131846262541474	Recall@80:0.13922159041031476	NDCG@80:0.04871673773029678	Precision@80:0.00491519940199496	
U-B Train Epoch: 32 [2048/217864 (1%)]	Loss: 1.013383
U-B Train Epoch: 32 [43008/217864 (20%)]	Loss: 1.001690
U-B Train Epoch: 32 [83968/217864 (38%)]	Loss: 1.018580
U-B Train Epoch: 32 [124928/217864 (57%)]	Loss: 1.051867
U-B Train Epoch: 32 [165888/217864 (76%)]	Loss: 1.008288
U-B Train Epoch: 32 [206848/217864 (94%)]	Loss: 1.032693
Train Epoch: 32: time = 184s
U-B Train Epoch: 33 [2048/217864 (1%)]	Loss: 0.995337
U-B Train Epoch: 33 [43008/217864 (20%)]	Loss: 1.004602
U-B Train Epoch: 33 [83968/217864 (38%)]	Loss: 0.993707
U-B Train Epoch: 33 [124928/217864 (57%)]	Loss: 0.994859
U-B Train Epoch: 33 [165888/217864 (76%)]	Loss: 0.982835
U-B Train Epoch: 33 [206848/217864 (94%)]	Loss: 1.034863
Train Epoch: 33: time = 193s
U-B Train Epoch: 34 [2048/217864 (1%)]	Loss: 0.999456
U-B Train Epoch: 34 [43008/217864 (20%)]	Loss: 0.980142
U-B Train Epoch: 34 [83968/217864 (38%)]	Loss: 1.034361
U-B Train Epoch: 34 [124928/217864 (57%)]	Loss: 0.987478
U-B Train Epoch: 34 [165888/217864 (76%)]	Loss: 0.972617
U-B Train Epoch: 34 [206848/217864 (94%)]	Loss: 0.990181
Train Epoch: 34: time = 192s
U-B Train Epoch: 35 [2048/217864 (1%)]	Loss: 0.959053
U-B Train Epoch: 35 [43008/217864 (20%)]	Loss: 0.957367
U-B Train Epoch: 35 [83968/217864 (38%)]	Loss: 0.998009
U-B Train Epoch: 35 [124928/217864 (57%)]	Loss: 1.021492
U-B Train Epoch: 35 [165888/217864 (76%)]	Loss: 0.980828
U-B Train Epoch: 35 [206848/217864 (94%)]	Loss: 1.020439
Train Epoch: 35: time = 194s
U-B Train Epoch: 36 [2048/217864 (1%)]	Loss: 1.019602
U-B Train Epoch: 36 [43008/217864 (20%)]	Loss: 0.982535
U-B Train Epoch: 36 [83968/217864 (38%)]	Loss: 1.018880
U-B Train Epoch: 36 [124928/217864 (57%)]	Loss: 0.999947
U-B Train Epoch: 36 [165888/217864 (76%)]	Loss: 1.022249
U-B Train Epoch: 36 [206848/217864 (94%)]	Loss: 1.026019
Train Epoch: 36: time = 190s
Test: time=11s
Recall@20:0.05430970126794175	NDCG@20:0.023056528294486955	Precision@20:0.003783623235290324	Recall@40:0.08705450131953169	NDCG@40:0.03015987739406395	Precision@40:0.003026088432686445	Recall@80:0.13909215073071945	NDCG@80:0.0396565502297998	Precision@80:0.00244004542322541	
Test: time=12s
Recall@20:0.055408791691126	NDCG@20:0.029025332464362577	Precision@20:0.007583450434647562	Recall@40:0.08977409288411112	NDCG@40:0.038077258324538114	Precision@40:0.0062344712631303475	Recall@80:0.14079859499618663	NDCG@80:0.049418273749407646	Precision@80:0.004965836747851397	
U-B Train Epoch: 37 [2048/217864 (1%)]	Loss: 1.022706
U-B Train Epoch: 37 [43008/217864 (20%)]	Loss: 0.974003
U-B Train Epoch: 37 [83968/217864 (38%)]	Loss: 0.965938
U-B Train Epoch: 37 [124928/217864 (57%)]	Loss: 0.984090
U-B Train Epoch: 37 [165888/217864 (76%)]	Loss: 1.021236
U-B Train Epoch: 37 [206848/217864 (94%)]	Loss: 1.000996
Train Epoch: 37: time = 182s
U-B Train Epoch: 38 [2048/217864 (1%)]	Loss: 0.964390
U-B Train Epoch: 38 [43008/217864 (20%)]	Loss: 1.008651
U-B Train Epoch: 38 [83968/217864 (38%)]	Loss: 0.964570
U-B Train Epoch: 38 [124928/217864 (57%)]	Loss: 1.022050
U-B Train Epoch: 38 [165888/217864 (76%)]	Loss: 1.024406
U-B Train Epoch: 38 [206848/217864 (94%)]	Loss: 1.036257
Train Epoch: 38: time = 193s
U-B Train Epoch: 39 [2048/217864 (1%)]	Loss: 1.009642
U-B Train Epoch: 39 [43008/217864 (20%)]	Loss: 0.992370
U-B Train Epoch: 39 [83968/217864 (38%)]	Loss: 1.012188
U-B Train Epoch: 39 [124928/217864 (57%)]	Loss: 0.978145
U-B Train Epoch: 39 [165888/217864 (76%)]	Loss: 1.030158
U-B Train Epoch: 39 [206848/217864 (94%)]	Loss: 1.013774
Train Epoch: 39: time = 193s
U-B Train Epoch: 40 [2048/217864 (1%)]	Loss: 0.989151
U-B Train Epoch: 40 [43008/217864 (20%)]	Loss: 0.989946
U-B Train Epoch: 40 [83968/217864 (38%)]	Loss: 0.984351
U-B Train Epoch: 40 [124928/217864 (57%)]	Loss: 0.963155
U-B Train Epoch: 40 [165888/217864 (76%)]	Loss: 0.996107
U-B Train Epoch: 40 [206848/217864 (94%)]	Loss: 0.978781
Train Epoch: 40: time = 193s
U-B Train Epoch: 41 [2048/217864 (1%)]	Loss: 0.975180
U-B Train Epoch: 41 [43008/217864 (20%)]	Loss: 0.933837
U-B Train Epoch: 41 [83968/217864 (38%)]	Loss: 0.954454
U-B Train Epoch: 41 [124928/217864 (57%)]	Loss: 0.979727
U-B Train Epoch: 41 [165888/217864 (76%)]	Loss: 0.996069
U-B Train Epoch: 41 [206848/217864 (94%)]	Loss: 0.959335
Train Epoch: 41: time = 192s
Test: time=11s
Recall@20:0.05279980929711474	NDCG@20:0.022600915425022336	Precision@20:0.0036674949672627273	Recall@40:0.0852402534033627	NDCG@40:0.029628029263172807	Precision@40:0.0029572216497907836	Recall@80:0.1387469974825652	NDCG@80:0.03939670050673471	Precision@80:0.0024265421590061237	
Test: time=11s
Recall@20:0.05394749715079161	NDCG@20:0.02751354070413933	Precision@20:0.007302581829322624	Recall@40:0.08757552820366196	NDCG@40:0.036375508679804824	Precision@40:0.006046775496262279	Recall@80:0.13896125370242804	NDCG@80:0.04784205766788914	Precision@80:0.0048834666572740585	
U-B Train Epoch: 42 [2048/217864 (1%)]	Loss: 0.960558
U-B Train Epoch: 42 [43008/217864 (20%)]	Loss: 0.960891
U-B Train Epoch: 42 [83968/217864 (38%)]	Loss: 0.935453
U-B Train Epoch: 42 [124928/217864 (57%)]	Loss: 0.970599
U-B Train Epoch: 42 [165888/217864 (76%)]	Loss: 0.935627
U-B Train Epoch: 42 [206848/217864 (94%)]	Loss: 0.969890
Train Epoch: 42: time = 185s
U-B Train Epoch: 43 [2048/217864 (1%)]	Loss: 0.955321
U-B Train Epoch: 43 [43008/217864 (20%)]	Loss: 0.967636
U-B Train Epoch: 43 [83968/217864 (38%)]	Loss: 0.953948
U-B Train Epoch: 43 [124928/217864 (57%)]	Loss: 0.985613
U-B Train Epoch: 43 [165888/217864 (76%)]	Loss: 0.994349
U-B Train Epoch: 43 [206848/217864 (94%)]	Loss: 0.922232
Train Epoch: 43: time = 193s
U-B Train Epoch: 44 [2048/217864 (1%)]	Loss: 0.943921
U-B Train Epoch: 44 [43008/217864 (20%)]	Loss: 0.933383
U-B Train Epoch: 44 [83968/217864 (38%)]	Loss: 0.931596
U-B Train Epoch: 44 [124928/217864 (57%)]	Loss: 0.964211
U-B Train Epoch: 44 [165888/217864 (76%)]	Loss: 0.952249
U-B Train Epoch: 44 [206848/217864 (94%)]	Loss: 0.944044
Train Epoch: 44: time = 192s
U-B Train Epoch: 45 [2048/217864 (1%)]	Loss: 0.932445
U-B Train Epoch: 45 [43008/217864 (20%)]	Loss: 0.963710
U-B Train Epoch: 45 [83968/217864 (38%)]	Loss: 0.921796
U-B Train Epoch: 45 [124928/217864 (57%)]	Loss: 0.987262
U-B Train Epoch: 45 [165888/217864 (76%)]	Loss: 0.915133
U-B Train Epoch: 45 [206848/217864 (94%)]	Loss: 0.916202
Train Epoch: 45: time = 196s
U-B Train Epoch: 46 [2048/217864 (1%)]	Loss: 0.956872
U-B Train Epoch: 46 [43008/217864 (20%)]	Loss: 0.931581
U-B Train Epoch: 46 [83968/217864 (38%)]	Loss: 0.966655
U-B Train Epoch: 46 [124928/217864 (57%)]	Loss: 0.933695
U-B Train Epoch: 46 [165888/217864 (76%)]	Loss: 0.969371
U-B Train Epoch: 46 [206848/217864 (94%)]	Loss: 0.941826
Train Epoch: 46: time = 191s
Test: time=12s
Recall@20:0.051618899023660354	NDCG@20:0.022210991529405175	Precision@20:0.0035945772416418826	Recall@40:0.08342790897250292	NDCG@40:0.029152021380265125	Precision@40:0.002914011101750018	Recall@80:0.13601912758810622	NDCG@80:0.0387160900384236	Precision@80:0.002377255065685551	
Test: time=11s
Recall@20:0.05513125304541166	NDCG@20:0.02767773772774678	Precision@20:0.007343091877925675	Recall@40:0.08712413870671455	NDCG@40:0.03616417581117912	Precision@40:0.005994112854502532	Recall@80:0.13917645267627918	NDCG@80:0.047768083880217325	Precision@80:0.004877390228698819	
U-B Train Epoch: 47 [2048/217864 (1%)]	Loss: 0.901265
U-B Train Epoch: 47 [43008/217864 (20%)]	Loss: 0.947407
U-B Train Epoch: 47 [83968/217864 (38%)]	Loss: 0.936497
U-B Train Epoch: 47 [124928/217864 (57%)]	Loss: 0.941465
U-B Train Epoch: 47 [165888/217864 (76%)]	Loss: 0.940639
U-B Train Epoch: 47 [206848/217864 (94%)]	Loss: 0.946878
Train Epoch: 47: time = 185s
U-B Train Epoch: 48 [2048/217864 (1%)]	Loss: 0.929788
U-B Train Epoch: 48 [43008/217864 (20%)]	Loss: 0.971084
U-B Train Epoch: 48 [83968/217864 (38%)]	Loss: 0.907689
U-B Train Epoch: 48 [124928/217864 (57%)]	Loss: 0.949891
U-B Train Epoch: 48 [165888/217864 (76%)]	Loss: 0.932319
U-B Train Epoch: 48 [206848/217864 (94%)]	Loss: 0.957299
Train Epoch: 48: time = 193s
U-B Train Epoch: 49 [2048/217864 (1%)]	Loss: 0.931853
U-B Train Epoch: 49 [43008/217864 (20%)]	Loss: 0.907107
U-B Train Epoch: 49 [83968/217864 (38%)]	Loss: 0.926980
U-B Train Epoch: 49 [124928/217864 (57%)]	Loss: 0.918205
U-B Train Epoch: 49 [165888/217864 (76%)]	Loss: 0.920322
U-B Train Epoch: 49 [206848/217864 (94%)]	Loss: 0.893303
Train Epoch: 49: time = 192s
U-B Train Epoch: 50 [2048/217864 (1%)]	Loss: 0.895483
U-B Train Epoch: 50 [43008/217864 (20%)]	Loss: 0.947129
U-B Train Epoch: 50 [83968/217864 (38%)]	Loss: 0.907113
U-B Train Epoch: 50 [124928/217864 (57%)]	Loss: 0.917343
U-B Train Epoch: 50 [165888/217864 (76%)]	Loss: 0.872492
U-B Train Epoch: 50 [206848/217864 (94%)]	Loss: 0.929087
Train Epoch: 50: time = 193s
U-B Train Epoch: 51 [2048/217864 (1%)]	Loss: 0.905765
U-B Train Epoch: 51 [43008/217864 (20%)]	Loss: 0.904851
U-B Train Epoch: 51 [83968/217864 (38%)]	Loss: 0.945721
U-B Train Epoch: 51 [124928/217864 (57%)]	Loss: 0.936783
U-B Train Epoch: 51 [165888/217864 (76%)]	Loss: 0.911763
U-B Train Epoch: 51 [206848/217864 (94%)]	Loss: 0.875447
Train Epoch: 51: time = 191s
Test: time=11s
Recall@20:0.05319542847223643	NDCG@20:0.022350630628067202	Precision@20:0.003670195594673037	Recall@40:0.08499562911599942	NDCG@40:0.029257571837602532	Precision@40:0.0029396673969693454	Recall@80:0.13836064436039838	NDCG@80:0.038946992521398306	Precision@80:0.0024029113673437515	
Test: time=13s
Recall@20:0.05529094120976322	NDCG@20:0.028004715325985096	Precision@20:0.007424111505094069	Recall@40:0.08909054725567028	NDCG@40:0.03692475870127707	Precision@40:0.006121043588708979	Recall@80:0.14067387794642155	NDCG@80:0.04832501129157808	Precision@80:0.004896294688179154	
U-B Train Epoch: 52 [2048/217864 (1%)]	Loss: 0.929131
U-B Train Epoch: 52 [43008/217864 (20%)]	Loss: 0.870716
U-B Train Epoch: 52 [83968/217864 (38%)]	Loss: 0.894977
U-B Train Epoch: 52 [124928/217864 (57%)]	Loss: 0.889964
U-B Train Epoch: 52 [165888/217864 (76%)]	Loss: 0.892666
U-B Train Epoch: 52 [206848/217864 (94%)]	Loss: 0.914245
Train Epoch: 52: time = 185s
U-B Train Epoch: 53 [2048/217864 (1%)]	Loss: 0.902526
U-B Train Epoch: 53 [43008/217864 (20%)]	Loss: 0.893611
U-B Train Epoch: 53 [83968/217864 (38%)]	Loss: 0.873431
U-B Train Epoch: 53 [124928/217864 (57%)]	Loss: 0.885806
U-B Train Epoch: 53 [165888/217864 (76%)]	Loss: 0.919082
U-B Train Epoch: 53 [206848/217864 (94%)]	Loss: 0.918233
Train Epoch: 53: time = 191s
U-B Train Epoch: 54 [2048/217864 (1%)]	Loss: 0.904693
U-B Train Epoch: 54 [43008/217864 (20%)]	Loss: 0.874655
U-B Train Epoch: 54 [83968/217864 (38%)]	Loss: 0.909284
U-B Train Epoch: 54 [124928/217864 (57%)]	Loss: 0.866549
U-B Train Epoch: 54 [165888/217864 (76%)]	Loss: 0.883610
U-B Train Epoch: 54 [206848/217864 (94%)]	Loss: 0.904473
Train Epoch: 54: time = 194s
U-B Train Epoch: 55 [2048/217864 (1%)]	Loss: 0.883827
U-B Train Epoch: 55 [43008/217864 (20%)]	Loss: 0.895971
U-B Train Epoch: 55 [83968/217864 (38%)]	Loss: 0.889245
U-B Train Epoch: 55 [124928/217864 (57%)]	Loss: 0.892710
U-B Train Epoch: 55 [165888/217864 (76%)]	Loss: 0.912663
U-B Train Epoch: 55 [206848/217864 (94%)]	Loss: 0.876052
Train Epoch: 55: time = 191s
U-B Train Epoch: 56 [2048/217864 (1%)]	Loss: 0.876810
U-B Train Epoch: 56 [43008/217864 (20%)]	Loss: 0.918352
U-B Train Epoch: 56 [83968/217864 (38%)]	Loss: 0.890484
U-B Train Epoch: 56 [124928/217864 (57%)]	Loss: 0.859376
U-B Train Epoch: 56 [165888/217864 (76%)]	Loss: 0.841131
U-B Train Epoch: 56 [206848/217864 (94%)]	Loss: 0.888077
Train Epoch: 56: time = 194s
Test: time=11s
Recall@20:0.05313078095385718	NDCG@20:0.022502967280317514	Precision@20:0.0036485903339328295	Recall@40:0.08578306925249136	NDCG@40:0.029605942732110528	Precision@40:0.002988279207074463	Recall@80:0.13905766788872914	NDCG@80:0.039282232558378274	Precision@80:0.0024312682658276163	
Test: time=11s
Recall@20:0.05537031757222456	NDCG@20:0.02827182359026822	Precision@20:0.007515933931652974	Recall@40:0.0896498491172465	NDCG@40:0.03735060958145272	Precision@40:0.0062277196575810535	Recall@80:0.14302464897565378	NDCG@80:0.04907050134811904	Precision@80:0.004979340010460966	
U-B Train Epoch: 57 [2048/217864 (1%)]	Loss: 0.862677
U-B Train Epoch: 57 [43008/217864 (20%)]	Loss: 0.898525
U-B Train Epoch: 57 [83968/217864 (38%)]	Loss: 0.868535
U-B Train Epoch: 57 [124928/217864 (57%)]	Loss: 0.856965
U-B Train Epoch: 57 [165888/217864 (76%)]	Loss: 0.913875
U-B Train Epoch: 57 [206848/217864 (94%)]	Loss: 0.868979
Train Epoch: 57: time = 182s
U-B Train Epoch: 58 [2048/217864 (1%)]	Loss: 0.886579
U-B Train Epoch: 58 [43008/217864 (20%)]	Loss: 0.874258
U-B Train Epoch: 58 [83968/217864 (38%)]	Loss: 0.862673
U-B Train Epoch: 58 [124928/217864 (57%)]	Loss: 0.874357
U-B Train Epoch: 58 [165888/217864 (76%)]	Loss: 0.860798
U-B Train Epoch: 58 [206848/217864 (94%)]	Loss: 0.846825
Train Epoch: 58: time = 193s
U-B Train Epoch: 59 [2048/217864 (1%)]	Loss: 0.898556
U-B Train Epoch: 59 [43008/217864 (20%)]	Loss: 0.910486
U-B Train Epoch: 59 [83968/217864 (38%)]	Loss: 0.860154
U-B Train Epoch: 59 [124928/217864 (57%)]	Loss: 0.876232
U-B Train Epoch: 59 [165888/217864 (76%)]	Loss: 0.892035
U-B Train Epoch: 59 [206848/217864 (94%)]	Loss: 0.877251
Train Epoch: 59: time = 193s
U-B Train Epoch: 60 [2048/217864 (1%)]	Loss: 0.871234
U-B Train Epoch: 60 [43008/217864 (20%)]	Loss: 0.886607
U-B Train Epoch: 60 [83968/217864 (38%)]	Loss: 0.853129
U-B Train Epoch: 60 [124928/217864 (57%)]	Loss: 0.855686
U-B Train Epoch: 60 [165888/217864 (76%)]	Loss: 0.855779
U-B Train Epoch: 60 [206848/217864 (94%)]	Loss: 0.870079
Train Epoch: 60: time = 192s
U-B Train Epoch: 61 [2048/217864 (1%)]	Loss: 0.862160
U-B Train Epoch: 61 [43008/217864 (20%)]	Loss: 0.858157
U-B Train Epoch: 61 [83968/217864 (38%)]	Loss: 0.890596
U-B Train Epoch: 61 [124928/217864 (57%)]	Loss: 0.862312
U-B Train Epoch: 61 [165888/217864 (76%)]	Loss: 0.880391
U-B Train Epoch: 61 [206848/217864 (94%)]	Loss: 0.849018
Train Epoch: 61: time = 194s
Test: time=11s
Recall@20:0.053834724673522245	NDCG@20:0.022794423742583805	Precision@20:0.0037350114058685878	Recall@40:0.08591364598549815	NDCG@40:0.029774912492855715	Precision@40:0.0029963811223046163	Recall@80:0.14004120786027516	NDCG@80:0.039638596012716715	Precision@80:0.0024542238772964973	
Test: time=11s
Recall@20:0.05611205567187569	NDCG@20:0.028805310156711866	Precision@20:0.0076725722337961585	Recall@40:0.09122599197590442	NDCG@40:0.0380652026042215	Precision@40:0.006349249391302352	Recall@80:0.1438603706644204	NDCG@80:0.04970290468464637	Precision@80:0.005056308780219239	
U-B Train Epoch: 62 [2048/217864 (1%)]	Loss: 0.878739
U-B Train Epoch: 62 [43008/217864 (20%)]	Loss: 0.873848
U-B Train Epoch: 62 [83968/217864 (38%)]	Loss: 0.840141
U-B Train Epoch: 62 [124928/217864 (57%)]	Loss: 0.837984
U-B Train Epoch: 62 [165888/217864 (76%)]	Loss: 0.839591
U-B Train Epoch: 62 [206848/217864 (94%)]	Loss: 0.904005
Train Epoch: 62: time = 182s
U-B Train Epoch: 63 [2048/217864 (1%)]	Loss: 0.869334
U-B Train Epoch: 63 [43008/217864 (20%)]	Loss: 0.898997
U-B Train Epoch: 63 [83968/217864 (38%)]	Loss: 0.835403
U-B Train Epoch: 63 [124928/217864 (57%)]	Loss: 0.837596
U-B Train Epoch: 63 [165888/217864 (76%)]	Loss: 0.861222
U-B Train Epoch: 63 [206848/217864 (94%)]	Loss: 0.854988
Train Epoch: 63: time = 193s
U-B Train Epoch: 64 [2048/217864 (1%)]	Loss: 0.875823
U-B Train Epoch: 64 [43008/217864 (20%)]	Loss: 0.847380
U-B Train Epoch: 64 [83968/217864 (38%)]	Loss: 0.867034
U-B Train Epoch: 64 [124928/217864 (57%)]	Loss: 0.843506
U-B Train Epoch: 64 [165888/217864 (76%)]	Loss: 0.845100
U-B Train Epoch: 64 [206848/217864 (94%)]	Loss: 0.842667
Train Epoch: 64: time = 193s
U-B Train Epoch: 65 [2048/217864 (1%)]	Loss: 0.843836
U-B Train Epoch: 65 [43008/217864 (20%)]	Loss: 0.854988
U-B Train Epoch: 65 [83968/217864 (38%)]	Loss: 0.822437
U-B Train Epoch: 65 [124928/217864 (57%)]	Loss: 0.807322
U-B Train Epoch: 65 [165888/217864 (76%)]	Loss: 0.850376
U-B Train Epoch: 65 [206848/217864 (94%)]	Loss: 0.829089
Train Epoch: 65: time = 194s
U-B Train Epoch: 66 [2048/217864 (1%)]	Loss: 0.855396
U-B Train Epoch: 66 [43008/217864 (20%)]	Loss: 0.865435
U-B Train Epoch: 66 [83968/217864 (38%)]	Loss: 0.808638
U-B Train Epoch: 66 [124928/217864 (57%)]	Loss: 0.834421
U-B Train Epoch: 66 [165888/217864 (76%)]	Loss: 0.845570
U-B Train Epoch: 66 [206848/217864 (94%)]	Loss: 0.829128
Train Epoch: 66: time = 191s
Test: time=11s
Recall@20:0.05453754669004838	NDCG@20:0.023113134111559158	Precision@20:0.003821432481023783	Recall@40:0.08846275538827451	NDCG@40:0.030502989365032814	Precision@40:0.0031233122114539213	Recall@80:0.14313695193032436	NDCG@80:0.04046129385801993	Precision@80:0.002527816854743292	
Test: time=11s
Recall@20:0.057667207779708685	NDCG@20:0.029230212230358883	Precision@20:0.00785351648525915	Recall@40:0.09200789633020799	NDCG@40:0.03831321402194627	Precision@40:0.006392459883807841	Recall@80:0.14717875034875819	NDCG@80:0.050542279120151946	Precision@80:0.00518796607035855	
U-B Train Epoch: 67 [2048/217864 (1%)]	Loss: 0.810406
U-B Train Epoch: 67 [43008/217864 (20%)]	Loss: 0.826545
U-B Train Epoch: 67 [83968/217864 (38%)]	Loss: 0.842762
U-B Train Epoch: 67 [124928/217864 (57%)]	Loss: 0.817601
U-B Train Epoch: 67 [165888/217864 (76%)]	Loss: 0.845759
U-B Train Epoch: 67 [206848/217864 (94%)]	Loss: 0.836426
Train Epoch: 67: time = 183s
U-B Train Epoch: 68 [2048/217864 (1%)]	Loss: 0.831409
U-B Train Epoch: 68 [43008/217864 (20%)]	Loss: 0.815154
U-B Train Epoch: 68 [83968/217864 (38%)]	Loss: 0.840626
U-B Train Epoch: 68 [124928/217864 (57%)]	Loss: 0.864882
U-B Train Epoch: 68 [165888/217864 (76%)]	Loss: 0.835255
U-B Train Epoch: 68 [206848/217864 (94%)]	Loss: 0.844683
Train Epoch: 68: time = 193s
U-B Train Epoch: 69 [2048/217864 (1%)]	Loss: 0.836756
U-B Train Epoch: 69 [43008/217864 (20%)]	Loss: 0.811643
U-B Train Epoch: 69 [83968/217864 (38%)]	Loss: 0.828379
U-B Train Epoch: 69 [124928/217864 (57%)]	Loss: 0.835683
U-B Train Epoch: 69 [165888/217864 (76%)]	Loss: 0.819584
U-B Train Epoch: 69 [206848/217864 (94%)]	Loss: 0.838677
Train Epoch: 69: time = 193s
U-B Train Epoch: 70 [2048/217864 (1%)]	Loss: 0.829220
U-B Train Epoch: 70 [43008/217864 (20%)]	Loss: 0.823141
U-B Train Epoch: 70 [83968/217864 (38%)]	Loss: 0.839064
U-B Train Epoch: 70 [124928/217864 (57%)]	Loss: 0.807580
U-B Train Epoch: 70 [165888/217864 (76%)]	Loss: 0.821091
U-B Train Epoch: 70 [206848/217864 (94%)]	Loss: 0.838964
Train Epoch: 70: time = 194s
U-B Train Epoch: 71 [2048/217864 (1%)]	Loss: 0.838626
U-B Train Epoch: 71 [43008/217864 (20%)]	Loss: 0.844500
U-B Train Epoch: 71 [83968/217864 (38%)]	Loss: 0.810456
U-B Train Epoch: 71 [124928/217864 (57%)]	Loss: 0.823791
U-B Train Epoch: 71 [165888/217864 (76%)]	Loss: 0.813721
U-B Train Epoch: 71 [206848/217864 (94%)]	Loss: 0.813507
Train Epoch: 71: time = 192s
Test: time=11s
Recall@20:0.05620976899089238	NDCG@20:0.023678271967764355	Precision@20:0.003924057455857165	Recall@40:0.09074806633914562	NDCG@40:0.031172215417019426	Precision@40:0.0031921788864984644	Recall@80:0.14400354724112194	NDCG@80:0.040890200421144884	Precision@80:0.0025386194746502277	
Test: time=11s
Recall@20:0.05818503766051119	NDCG@20:0.029412053568105376	Precision@20:0.007983148155941798	Recall@40:0.09267059283726826	NDCG@40:0.038554796109359725	Precision@40:0.006474830083846016	Recall@80:0.14856696358069083	NDCG@80:0.05091383231308183	Precision@80:0.00523657779836804	
U-B Train Epoch: 72 [2048/217864 (1%)]	Loss: 0.851700
U-B Train Epoch: 72 [43008/217864 (20%)]	Loss: 0.825013
U-B Train Epoch: 72 [83968/217864 (38%)]	Loss: 0.808850
U-B Train Epoch: 72 [124928/217864 (57%)]	Loss: 0.840654
U-B Train Epoch: 72 [165888/217864 (76%)]	Loss: 0.801063
U-B Train Epoch: 72 [206848/217864 (94%)]	Loss: 0.829974
Train Epoch: 72: time = 182s
U-B Train Epoch: 73 [2048/217864 (1%)]	Loss: 0.840133
U-B Train Epoch: 73 [43008/217864 (20%)]	Loss: 0.799713
U-B Train Epoch: 73 [83968/217864 (38%)]	Loss: 0.836995
U-B Train Epoch: 73 [124928/217864 (57%)]	Loss: 0.839093
U-B Train Epoch: 73 [165888/217864 (76%)]	Loss: 0.820536
U-B Train Epoch: 73 [206848/217864 (94%)]	Loss: 0.829627
Train Epoch: 73: time = 194s
U-B Train Epoch: 74 [2048/217864 (1%)]	Loss: 0.781447
U-B Train Epoch: 74 [43008/217864 (20%)]	Loss: 0.827099
U-B Train Epoch: 74 [83968/217864 (38%)]	Loss: 0.843846
U-B Train Epoch: 74 [124928/217864 (57%)]	Loss: 0.810852
U-B Train Epoch: 74 [165888/217864 (76%)]	Loss: 0.829617
U-B Train Epoch: 74 [206848/217864 (94%)]	Loss: 0.816269
Train Epoch: 74: time = 191s
U-B Train Epoch: 75 [2048/217864 (1%)]	Loss: 0.799862
U-B Train Epoch: 75 [43008/217864 (20%)]	Loss: 0.807950
U-B Train Epoch: 75 [83968/217864 (38%)]	Loss: 0.825338
U-B Train Epoch: 75 [124928/217864 (57%)]	Loss: 0.818612
U-B Train Epoch: 75 [165888/217864 (76%)]	Loss: 0.816921
U-B Train Epoch: 75 [206848/217864 (94%)]	Loss: 0.815401
Train Epoch: 75: time = 195s
U-B Train Epoch: 76 [2048/217864 (1%)]	Loss: 0.824538
U-B Train Epoch: 76 [43008/217864 (20%)]	Loss: 0.833660
U-B Train Epoch: 76 [83968/217864 (38%)]	Loss: 0.808372
U-B Train Epoch: 76 [124928/217864 (57%)]	Loss: 0.824796
U-B Train Epoch: 76 [165888/217864 (76%)]	Loss: 0.782934
U-B Train Epoch: 76 [206848/217864 (94%)]	Loss: 0.798423
Train Epoch: 76: time = 191s
Test: time=12s
Recall@20:0.05594825268152325	NDCG@20:0.023866531927976827	Precision@20:0.004002376672927203	Recall@40:0.09117853083903632	NDCG@40:0.03146080999352755	Precision@40:0.0032232365057562936	Recall@80:0.14711948691272603	NDCG@80:0.04166994959460462	Precision@80:0.002608161391057553	
Test: time=12s
Recall@20:0.05950812370380238	NDCG@20:0.030493646805392263	Precision@20:0.008193799598667475	Recall@40:0.09612070243096163	NDCG@40:0.040151198559089656	Precision@40:0.0067259912145978705	Recall@80:0.15064727187324087	NDCG@80:0.052287450268908096	Precision@80:0.005345279298359752	
U-B Train Epoch: 77 [2048/217864 (1%)]	Loss: 0.793467
U-B Train Epoch: 77 [43008/217864 (20%)]	Loss: 0.790859
U-B Train Epoch: 77 [83968/217864 (38%)]	Loss: 0.809178
U-B Train Epoch: 77 [124928/217864 (57%)]	Loss: 0.807879
U-B Train Epoch: 77 [165888/217864 (76%)]	Loss: 0.803934
U-B Train Epoch: 77 [206848/217864 (94%)]	Loss: 0.815884
Train Epoch: 77: time = 184s
U-B Train Epoch: 78 [2048/217864 (1%)]	Loss: 0.765672
U-B Train Epoch: 78 [43008/217864 (20%)]	Loss: 0.783996
U-B Train Epoch: 78 [83968/217864 (38%)]	Loss: 0.815750
U-B Train Epoch: 78 [124928/217864 (57%)]	Loss: 0.797675
U-B Train Epoch: 78 [165888/217864 (76%)]	Loss: 0.777429
U-B Train Epoch: 78 [206848/217864 (94%)]	Loss: 0.802070
Train Epoch: 78: time = 194s
U-B Train Epoch: 79 [2048/217864 (1%)]	Loss: 0.768452
U-B Train Epoch: 79 [43008/217864 (20%)]	Loss: 0.831984
U-B Train Epoch: 79 [83968/217864 (38%)]	Loss: 0.819084
U-B Train Epoch: 79 [124928/217864 (57%)]	Loss: 0.813747
U-B Train Epoch: 79 [165888/217864 (76%)]	Loss: 0.822108
U-B Train Epoch: 79 [206848/217864 (94%)]	Loss: 0.779568
Train Epoch: 79: time = 193s
U-B Train Epoch: 80 [2048/217864 (1%)]	Loss: 0.835658
U-B Train Epoch: 80 [43008/217864 (20%)]	Loss: 0.805864
U-B Train Epoch: 80 [83968/217864 (38%)]	Loss: 0.798081
U-B Train Epoch: 80 [124928/217864 (57%)]	Loss: 0.777113
U-B Train Epoch: 80 [165888/217864 (76%)]	Loss: 0.804494
U-B Train Epoch: 80 [206848/217864 (94%)]	Loss: 0.787482
Train Epoch: 80: time = 193s
U-B Train Epoch: 81 [2048/217864 (1%)]	Loss: 0.820785
U-B Train Epoch: 81 [43008/217864 (20%)]	Loss: 0.788960
U-B Train Epoch: 81 [83968/217864 (38%)]	Loss: 0.820464
U-B Train Epoch: 81 [124928/217864 (57%)]	Loss: 0.789196
U-B Train Epoch: 81 [165888/217864 (76%)]	Loss: 0.801283
U-B Train Epoch: 81 [206848/217864 (94%)]	Loss: 0.799279
Train Epoch: 81: time = 191s
Test: time=11s
Recall@20:0.05719585167327581	NDCG@20:0.024179558176014068	Precision@20:0.004096899747822755	Recall@40:0.09266110508104786	NDCG@40:0.031847240935910064	Precision@40:0.003292103314407446	Recall@80:0.1510668270168364	NDCG@80:0.0424997922963891	Precision@80:0.002673652392104904	
Test: time=11s
Recall@20:0.05994340901345455	NDCG@20:0.030955196470038297	Precision@20:0.008328832456562577	Recall@40:0.09756397899649526	NDCG@40:0.04096067694797621	Precision@40:0.006947445228134078	Recall@80:0.15233880643956899	NDCG@80:0.05313962343200901	Precision@80:0.005473560734213435	
U-B Train Epoch: 82 [2048/217864 (1%)]	Loss: 0.793445
U-B Train Epoch: 82 [43008/217864 (20%)]	Loss: 0.776765
U-B Train Epoch: 82 [83968/217864 (38%)]	Loss: 0.782952
U-B Train Epoch: 82 [124928/217864 (57%)]	Loss: 0.817607
U-B Train Epoch: 82 [165888/217864 (76%)]	Loss: 0.800057
U-B Train Epoch: 82 [206848/217864 (94%)]	Loss: 0.794623
Train Epoch: 82: time = 172s
U-B Train Epoch: 83 [2048/217864 (1%)]	Loss: 0.771719
U-B Train Epoch: 83 [43008/217864 (20%)]	Loss: 0.792139
U-B Train Epoch: 83 [83968/217864 (38%)]	Loss: 0.798394
U-B Train Epoch: 83 [124928/217864 (57%)]	Loss: 0.797425
U-B Train Epoch: 83 [165888/217864 (76%)]	Loss: 0.775512
U-B Train Epoch: 83 [206848/217864 (94%)]	Loss: 0.794340
Train Epoch: 83: time = 172s
U-B Train Epoch: 84 [2048/217864 (1%)]	Loss: 0.787811
U-B Train Epoch: 84 [43008/217864 (20%)]	Loss: 0.795780
U-B Train Epoch: 84 [83968/217864 (38%)]	Loss: 0.794193
U-B Train Epoch: 84 [124928/217864 (57%)]	Loss: 0.799904
U-B Train Epoch: 84 [165888/217864 (76%)]	Loss: 0.785185
U-B Train Epoch: 84 [206848/217864 (94%)]	Loss: 0.792441
Train Epoch: 84: time = 174s
U-B Train Epoch: 85 [2048/217864 (1%)]	Loss: 0.779077
U-B Train Epoch: 85 [43008/217864 (20%)]	Loss: 0.784412
U-B Train Epoch: 85 [83968/217864 (38%)]	Loss: 0.791204
U-B Train Epoch: 85 [124928/217864 (57%)]	Loss: 0.784989
U-B Train Epoch: 85 [165888/217864 (76%)]	Loss: 0.788196
U-B Train Epoch: 85 [206848/217864 (94%)]	Loss: 0.772835
Train Epoch: 85: time = 172s
U-B Train Epoch: 86 [2048/217864 (1%)]	Loss: 0.801847
U-B Train Epoch: 86 [43008/217864 (20%)]	Loss: 0.781418
U-B Train Epoch: 86 [83968/217864 (38%)]	Loss: 0.801296
U-B Train Epoch: 86 [124928/217864 (57%)]	Loss: 0.787996
U-B Train Epoch: 86 [165888/217864 (76%)]	Loss: 0.787014
U-B Train Epoch: 86 [206848/217864 (94%)]	Loss: 0.814848
Train Epoch: 86: time = 173s
Test: time=11s
Recall@20:0.05854515423073655	NDCG@20:0.024415395990540455	Precision@20:0.0041239063116751285	Recall@40:0.0934959761174616	NDCG@40:0.032021485459821274	Precision@40:0.003319109857333483	Recall@80:0.14946305603706464	NDCG@80:0.042232410817858695	Precision@80:0.002651371960829514	
Test: time=10s
Recall@20:0.06205040653645381	NDCG@20:0.03141452643633584	Precision@20:0.008466566086742627	Recall@40:0.09867031455516455	NDCG@40:0.04123371286424149	Precision@40:0.006993356515460567	Recall@80:0.15298334887981466	NDCG@80:0.053382499719961576	Precision@80:0.005501917520017027	
U-B Train Epoch: 87 [2048/217864 (1%)]	Loss: 0.777023
U-B Train Epoch: 87 [43008/217864 (20%)]	Loss: 0.800953
U-B Train Epoch: 87 [83968/217864 (38%)]	Loss: 0.766339
U-B Train Epoch: 87 [124928/217864 (57%)]	Loss: 0.792012
U-B Train Epoch: 87 [165888/217864 (76%)]	Loss: 0.764445
U-B Train Epoch: 87 [206848/217864 (94%)]	Loss: 0.793323
Train Epoch: 87: time = 166s
U-B Train Epoch: 88 [2048/217864 (1%)]	Loss: 0.787287
U-B Train Epoch: 88 [43008/217864 (20%)]	Loss: 0.777002
U-B Train Epoch: 88 [83968/217864 (38%)]	Loss: 0.777804
U-B Train Epoch: 88 [124928/217864 (57%)]	Loss: 0.760211
U-B Train Epoch: 88 [165888/217864 (76%)]	Loss: 0.750238
U-B Train Epoch: 88 [206848/217864 (94%)]	Loss: 0.803283
Train Epoch: 88: time = 169s
U-B Train Epoch: 89 [2048/217864 (1%)]	Loss: 0.780512
U-B Train Epoch: 89 [43008/217864 (20%)]	Loss: 0.773074
U-B Train Epoch: 89 [83968/217864 (38%)]	Loss: 0.769833
U-B Train Epoch: 89 [124928/217864 (57%)]	Loss: 0.769074
U-B Train Epoch: 89 [165888/217864 (76%)]	Loss: 0.779838
U-B Train Epoch: 89 [206848/217864 (94%)]	Loss: 0.766323
Train Epoch: 89: time = 173s
U-B Train Epoch: 90 [2048/217864 (1%)]	Loss: 0.767711
U-B Train Epoch: 90 [43008/217864 (20%)]	Loss: 0.787516
U-B Train Epoch: 90 [83968/217864 (38%)]	Loss: 0.792731
U-B Train Epoch: 90 [124928/217864 (57%)]	Loss: 0.787222
U-B Train Epoch: 90 [165888/217864 (76%)]	Loss: 0.786498
U-B Train Epoch: 90 [206848/217864 (94%)]	Loss: 0.800396
Train Epoch: 90: time = 170s
U-B Train Epoch: 91 [2048/217864 (1%)]	Loss: 0.783600
U-B Train Epoch: 91 [43008/217864 (20%)]	Loss: 0.773955
U-B Train Epoch: 91 [83968/217864 (38%)]	Loss: 0.776727
U-B Train Epoch: 91 [124928/217864 (57%)]	Loss: 0.772209
U-B Train Epoch: 91 [165888/217864 (76%)]	Loss: 0.772472
U-B Train Epoch: 91 [206848/217864 (94%)]	Loss: 0.793936
Train Epoch: 91: time = 172s
Test: time=11s
Recall@20:0.059687859736213135	NDCG@20:0.024924228164847576	Precision@20:0.004248136597149983	Recall@40:0.09521581076566069	NDCG@40:0.03264521815883195	Precision@40:0.0033893269909578173	Recall@80:0.15189303241229873	NDCG@80:0.04300755960992568	Precision@80:0.0027155126530008645	
Test: time=10s
Recall@20:0.06315486297450829	NDCG@20:0.03226494091149732	Precision@20:0.008742033302030617	Recall@40:0.0988152464715917	NDCG@40:0.041732060519075555	Precision@40:0.007020363143701668	Recall@80:0.15569564417138193	NDCG@80:0.05446852653320451	Precision@80:0.005622096915887398	
U-B Train Epoch: 92 [2048/217864 (1%)]	Loss: 0.784593
U-B Train Epoch: 92 [43008/217864 (20%)]	Loss: 0.756496
U-B Train Epoch: 92 [83968/217864 (38%)]	Loss: 0.771036
U-B Train Epoch: 92 [124928/217864 (57%)]	Loss: 0.766498
U-B Train Epoch: 92 [165888/217864 (76%)]	Loss: 0.777187
U-B Train Epoch: 92 [206848/217864 (94%)]	Loss: 0.789505
Train Epoch: 92: time = 164s
U-B Train Epoch: 93 [2048/217864 (1%)]	Loss: 0.763538
U-B Train Epoch: 93 [43008/217864 (20%)]	Loss: 0.784304
U-B Train Epoch: 93 [83968/217864 (38%)]	Loss: 0.780933
U-B Train Epoch: 93 [124928/217864 (57%)]	Loss: 0.760606
U-B Train Epoch: 93 [165888/217864 (76%)]	Loss: 0.785448
U-B Train Epoch: 93 [206848/217864 (94%)]	Loss: 0.780322
Train Epoch: 93: time = 170s
U-B Train Epoch: 94 [2048/217864 (1%)]	Loss: 0.775767
U-B Train Epoch: 94 [43008/217864 (20%)]	Loss: 0.771875
U-B Train Epoch: 94 [83968/217864 (38%)]	Loss: 0.775167
U-B Train Epoch: 94 [124928/217864 (57%)]	Loss: 0.755983
U-B Train Epoch: 94 [165888/217864 (76%)]	Loss: 0.765999
U-B Train Epoch: 94 [206848/217864 (94%)]	Loss: 0.770193
Train Epoch: 94: time = 172s
U-B Train Epoch: 95 [2048/217864 (1%)]	Loss: 0.767510
U-B Train Epoch: 95 [43008/217864 (20%)]	Loss: 0.777783
U-B Train Epoch: 95 [83968/217864 (38%)]	Loss: 0.761504
U-B Train Epoch: 95 [124928/217864 (57%)]	Loss: 0.774466
U-B Train Epoch: 95 [165888/217864 (76%)]	Loss: 0.779247
U-B Train Epoch: 95 [206848/217864 (94%)]	Loss: 0.762898
Train Epoch: 95: time = 172s
U-B Train Epoch: 96 [2048/217864 (1%)]	Loss: 0.751601
U-B Train Epoch: 96 [43008/217864 (20%)]	Loss: 0.755712
U-B Train Epoch: 96 [83968/217864 (38%)]	Loss: 0.757332
U-B Train Epoch: 96 [124928/217864 (57%)]	Loss: 0.766257
U-B Train Epoch: 96 [165888/217864 (76%)]	Loss: 0.752247
U-B Train Epoch: 96 [206848/217864 (94%)]	Loss: 0.757755
Train Epoch: 96: time = 172s
Test: time=11s
Recall@20:0.060163119808443036	NDCG@20:0.025341418014304663	Precision@20:0.004323755090226619	Recall@40:0.09826008686561416	NDCG@40:0.03358488277597253	Precision@40:0.0035162579456956542	Recall@80:0.1529330395977428	NDCG@80:0.04360487678208876	Precision@80:0.002750621177960359	
Test: time=10s
Recall@20:0.06287638579870618	NDCG@20:0.03226535572943348	Precision@20:0.008663714054375935	Recall@40:0.09991300519424212	NDCG@40:0.042053144617112626	Precision@40:0.00702306375179536	Recall@80:0.15737704925767879	NDCG@80:0.0548768174613515	Precision@80:0.005620746481453379	
U-B Train Epoch: 97 [2048/217864 (1%)]	Loss: 0.759859
U-B Train Epoch: 97 [43008/217864 (20%)]	Loss: 0.771318
U-B Train Epoch: 97 [83968/217864 (38%)]	Loss: 0.746214
U-B Train Epoch: 97 [124928/217864 (57%)]	Loss: 0.765301
U-B Train Epoch: 97 [165888/217864 (76%)]	Loss: 0.777077
U-B Train Epoch: 97 [206848/217864 (94%)]	Loss: 0.765579
Train Epoch: 97: time = 163s
U-B Train Epoch: 98 [2048/217864 (1%)]	Loss: 0.760358
U-B Train Epoch: 98 [43008/217864 (20%)]	Loss: 0.775126
U-B Train Epoch: 98 [83968/217864 (38%)]	Loss: 0.768301
U-B Train Epoch: 98 [124928/217864 (57%)]	Loss: 0.763761
U-B Train Epoch: 98 [165888/217864 (76%)]	Loss: 0.769620
U-B Train Epoch: 98 [206848/217864 (94%)]	Loss: 0.770910
Train Epoch: 98: time = 171s
U-B Train Epoch: 99 [2048/217864 (1%)]	Loss: 0.769646
U-B Train Epoch: 99 [43008/217864 (20%)]	Loss: 0.755123
U-B Train Epoch: 99 [83968/217864 (38%)]	Loss: 0.760046
U-B Train Epoch: 99 [124928/217864 (57%)]	Loss: 0.774288
U-B Train Epoch: 99 [165888/217864 (76%)]	Loss: 0.761313
U-B Train Epoch: 99 [206848/217864 (94%)]	Loss: 0.769556
Train Epoch: 99: time = 172s
U-B Train Epoch: 100 [2048/217864 (1%)]	Loss: 0.760001
U-B Train Epoch: 100 [43008/217864 (20%)]	Loss: 0.743459
U-B Train Epoch: 100 [83968/217864 (38%)]	Loss: 0.770206
U-B Train Epoch: 100 [124928/217864 (57%)]	Loss: 0.748810
U-B Train Epoch: 100 [165888/217864 (76%)]	Loss: 0.747508
U-B Train Epoch: 100 [206848/217864 (94%)]	Loss: 0.758316
Train Epoch: 100: time = 172s
