nohup: ignoring input
>>>>>>>>>>B-I statistics>>>>>>>>>>
Average interactions 77.80081939697266
Non-zero rows 1.0
Non-zero columns 1.0
Matrix density 0.0006293139276969943
finish loading assist data
>>>>>>>>>>U-I statistics>>>>>>>>>>
Average interactions 60.88433837890625
Non-zero rows 1.0
Non-zero columns 0.7321965897693079
Matrix density 0.0004924801599908087
finish loading item data
>>>>>>>>>>U-B statistics in train>>>>>>>>>>
Average interactions 11.758635520935059
Non-zero rows 0.9992443868739206
Non-zero columns 0.8920136459062281
Matrix density 0.0005142860207568127
finish loading bundle train data
>>>>>>>>>>U-B statistics in test>>>>>>>>>>
Average interactions 3.0524072647094727
Non-zero rows 0.9992443868739206
Non-zero columns 0.6320416375087474
Matrix density 0.00013350276275062213
finish loading bundle test data
>>>>>>>>>>B-I statistics>>>>>>>>>>
Average interactions 77.80081939697266
Non-zero rows 1.0
Non-zero columns 1.0
Matrix density 0.0006293139276969943
finish loading assist data
>>>>>>>>>>U-I statistics>>>>>>>>>>
Average interactions 60.88433837890625
Non-zero rows 1.0
Non-zero columns 0.7321965897693079
Matrix density 0.0004924801599908087
finish loading item data
>>>>>>>>>>U-B statistics in train>>>>>>>>>>
Average interactions 11.758635520935059
Non-zero rows 0.9992443868739206
Non-zero columns 0.8920136459062281
Matrix density 0.0005142860207568127
finish loading bundle train data
>>>>>>>>>>U-B statistics in test>>>>>>>>>>
Average interactions 1.50350821018219
Non-zero rows 0.9992443868739206
Non-zero columns 0.47380160951714484
Matrix density 6.575875628934809e-05
finish loading bundle test data
IHGCN model
/data/nfs/lzm/IHBR/IHBR_1/model/IHGCN.py:169: UserWarning: Creating a tensor from a list of numpy.ndarrays is extremely slow. Please consider converting the list to a single numpy.ndarray with numpy.array() before converting to a tensor. (Triggered internally at  /opt/conda/conda-bld/pytorch_1640811805959/work/torch/csrc/utils/tensor_new.cpp:201.)
  ub_indices = torch.tensor([ub_graph_coo.row, ub_graph_coo.col], dtype=torch.long)
finish generating bi, ui graph
finish generating non-atom graph
U-B Train Epoch: 1 [2048/217864 (1%)]	Loss: 1.325295
U-B Train Epoch: 1 [43008/217864 (20%)]	Loss: 1.325149
U-B Train Epoch: 1 [83968/217864 (38%)]	Loss: 1.299190
U-B Train Epoch: 1 [124928/217864 (57%)]	Loss: 1.248417
U-B Train Epoch: 1 [165888/217864 (76%)]	Loss: 1.161759
U-B Train Epoch: 1 [206848/217864 (94%)]	Loss: 1.074570
Train Epoch: 1: time = 90s
Test: time=10s
Recall@20:0.01162879432820084	NDCG@20:0.0048532397652774695	Precision@20:0.0008561088970886575	Recall@40:0.02151348232334397	NDCG@40:0.007027812941975556	Precision@40:0.0008061467269989872	Recall@80:0.03804894625348613	NDCG@80:0.010113121756366871	Precision@80:0.0007264772734902674	
Test: time=8s
Recall@20:0.010973940757666162	NDCG@20:0.005768613126605791	Precision@20:0.0018445501478055492	Recall@40:0.020687182694979385	NDCG@40:0.008403492518605586	Precision@40:0.0016879118943563403	Recall@80:0.03770451505407989	NDCG@80:0.012268531930308833	Precision@80:0.0014948147169274182	
U-B Train Epoch: 2 [2048/217864 (1%)]	Loss: 1.009974
U-B Train Epoch: 2 [43008/217864 (20%)]	Loss: 1.074525
U-B Train Epoch: 2 [83968/217864 (38%)]	Loss: 1.082266
U-B Train Epoch: 2 [124928/217864 (57%)]	Loss: 1.004812
U-B Train Epoch: 2 [165888/217864 (76%)]	Loss: 0.986603
U-B Train Epoch: 2 [206848/217864 (94%)]	Loss: 0.943709
Train Epoch: 2: time = 133s
U-B Train Epoch: 3 [2048/217864 (1%)]	Loss: 0.926076
U-B Train Epoch: 3 [43008/217864 (20%)]	Loss: 0.940157
U-B Train Epoch: 3 [83968/217864 (38%)]	Loss: 0.954015
U-B Train Epoch: 3 [124928/217864 (57%)]	Loss: 0.944686
U-B Train Epoch: 3 [165888/217864 (76%)]	Loss: 0.896908
U-B Train Epoch: 3 [206848/217864 (94%)]	Loss: 1.061624
Train Epoch: 3: time = 158s
U-B Train Epoch: 4 [2048/217864 (1%)]	Loss: 1.002457
U-B Train Epoch: 4 [43008/217864 (20%)]	Loss: 0.975176
U-B Train Epoch: 4 [83968/217864 (38%)]	Loss: 0.906736
U-B Train Epoch: 4 [124928/217864 (57%)]	Loss: 0.889449
U-B Train Epoch: 4 [165888/217864 (76%)]	Loss: 0.865610
U-B Train Epoch: 4 [206848/217864 (94%)]	Loss: 0.936309
Train Epoch: 4: time = 159s
U-B Train Epoch: 5 [2048/217864 (1%)]	Loss: 0.936360
U-B Train Epoch: 5 [43008/217864 (20%)]	Loss: 0.958788
U-B Train Epoch: 5 [83968/217864 (38%)]	Loss: 0.860134
U-B Train Epoch: 5 [124928/217864 (57%)]	Loss: 0.876502
U-B Train Epoch: 5 [165888/217864 (76%)]	Loss: 0.878277
U-B Train Epoch: 5 [206848/217864 (94%)]	Loss: 0.845211
Train Epoch: 5: time = 159s
U-B Train Epoch: 6 [2048/217864 (1%)]	Loss: 0.861877
U-B Train Epoch: 6 [43008/217864 (20%)]	Loss: 0.867510
U-B Train Epoch: 6 [83968/217864 (38%)]	Loss: 0.929098
U-B Train Epoch: 6 [124928/217864 (57%)]	Loss: 0.950223
U-B Train Epoch: 6 [165888/217864 (76%)]	Loss: 0.902913
U-B Train Epoch: 6 [206848/217864 (94%)]	Loss: 0.897960
Train Epoch: 6: time = 157s
Test: time=10s
Recall@20:0.0423740570934362	NDCG@20:0.017996973612530772	Precision@20:0.0030274387568547684	Recall@40:0.07071547988837205	NDCG@40:0.024216584462873284	Precision@40:0.0025494220792648408	Recall@80:0.11401423880486532	NDCG@80:0.03210622305950928	Precision@80:0.0020470995384750273	
Test: time=10s
Recall@20:0.04314387616011962	NDCG@20:0.02211583035417441	Precision@20:0.006233120983229274	Recall@40:0.07151301298360917	NDCG@40:0.02968456152256305	Precision@40:0.005235227396128386	Recall@80:0.11258736209966226	NDCG@80:0.03891009332500885	Precision@80:0.004173193388898519	
U-B Train Epoch: 7 [2048/217864 (1%)]	Loss: 0.809468
U-B Train Epoch: 7 [43008/217864 (20%)]	Loss: 0.807554
U-B Train Epoch: 7 [83968/217864 (38%)]	Loss: 0.809466
U-B Train Epoch: 7 [124928/217864 (57%)]	Loss: 0.847918
U-B Train Epoch: 7 [165888/217864 (76%)]	Loss: 0.854170
U-B Train Epoch: 7 [206848/217864 (94%)]	Loss: 0.882783
Train Epoch: 7: time = 153s
U-B Train Epoch: 8 [2048/217864 (1%)]	Loss: 0.809235
U-B Train Epoch: 8 [43008/217864 (20%)]	Loss: 0.868859
U-B Train Epoch: 8 [83968/217864 (38%)]	Loss: 1.002069
U-B Train Epoch: 8 [124928/217864 (57%)]	Loss: 0.889390
U-B Train Epoch: 8 [165888/217864 (76%)]	Loss: 0.906846
U-B Train Epoch: 8 [206848/217864 (94%)]	Loss: 0.816979
Train Epoch: 8: time = 157s
U-B Train Epoch: 9 [2048/217864 (1%)]	Loss: 0.849120
U-B Train Epoch: 9 [43008/217864 (20%)]	Loss: 0.873528
U-B Train Epoch: 9 [83968/217864 (38%)]	Loss: 0.819203
U-B Train Epoch: 9 [124928/217864 (57%)]	Loss: 0.959411
U-B Train Epoch: 9 [165888/217864 (76%)]	Loss: 0.884152
U-B Train Epoch: 9 [206848/217864 (94%)]	Loss: 0.816380
Train Epoch: 9: time = 156s
U-B Train Epoch: 10 [2048/217864 (1%)]	Loss: 0.967682
U-B Train Epoch: 10 [43008/217864 (20%)]	Loss: 0.989283
U-B Train Epoch: 10 [83968/217864 (38%)]	Loss: 0.929898
U-B Train Epoch: 10 [124928/217864 (57%)]	Loss: 0.896691
U-B Train Epoch: 10 [165888/217864 (76%)]	Loss: 0.860358
U-B Train Epoch: 10 [206848/217864 (94%)]	Loss: 0.822463
Train Epoch: 10: time = 157s
U-B Train Epoch: 11 [2048/217864 (1%)]	Loss: 0.868596
U-B Train Epoch: 11 [43008/217864 (20%)]	Loss: 0.934164
U-B Train Epoch: 11 [83968/217864 (38%)]	Loss: 0.782914
U-B Train Epoch: 11 [124928/217864 (57%)]	Loss: 0.847511
U-B Train Epoch: 11 [165888/217864 (76%)]	Loss: 0.928500
U-B Train Epoch: 11 [206848/217864 (94%)]	Loss: 0.789489
Train Epoch: 11: time = 154s
Test: time=10s
Recall@20:0.054281251817101396	NDCG@20:0.02371680902664664	Precision@20:0.0038241330778494478	Recall@40:0.08904824736464213	NDCG@40:0.03132143110258991	Precision@40:0.003171923986145239	Recall@80:0.13628857056188237	NDCG@80:0.04005087816626384	Precision@80:0.002479204987493179	
Test: time=10s
Recall@20:0.05404649790953106	NDCG@20:0.028228355198374213	Precision@20:0.007848114908494895	Recall@40:0.08692217887935286	NDCG@40:0.03693580874694119	Precision@40:0.006373555198966961	Recall@80:0.1349029690912582	NDCG@80:0.04772622832291788	Precision@80:0.004992843459797843	
U-B Train Epoch: 12 [2048/217864 (1%)]	Loss: 0.837682
U-B Train Epoch: 12 [43008/217864 (20%)]	Loss: 0.858647
U-B Train Epoch: 12 [83968/217864 (38%)]	Loss: 0.879212
U-B Train Epoch: 12 [124928/217864 (57%)]	Loss: 0.808970
U-B Train Epoch: 12 [165888/217864 (76%)]	Loss: 0.889036
U-B Train Epoch: 12 [206848/217864 (94%)]	Loss: 0.817408
Train Epoch: 12: time = 150s
U-B Train Epoch: 13 [2048/217864 (1%)]	Loss: 0.881762
U-B Train Epoch: 13 [43008/217864 (20%)]	Loss: 0.798382
U-B Train Epoch: 13 [83968/217864 (38%)]	Loss: 0.784205
U-B Train Epoch: 13 [124928/217864 (57%)]	Loss: 0.889166
U-B Train Epoch: 13 [165888/217864 (76%)]	Loss: 0.961646
U-B Train Epoch: 13 [206848/217864 (94%)]	Loss: 0.853027
Train Epoch: 13: time = 157s
U-B Train Epoch: 14 [2048/217864 (1%)]	Loss: 0.784890
U-B Train Epoch: 14 [43008/217864 (20%)]	Loss: 0.813071
U-B Train Epoch: 14 [83968/217864 (38%)]	Loss: 0.860407
U-B Train Epoch: 14 [124928/217864 (57%)]	Loss: 0.790761
U-B Train Epoch: 14 [165888/217864 (76%)]	Loss: 0.848896
U-B Train Epoch: 14 [206848/217864 (94%)]	Loss: 0.850849
Train Epoch: 14: time = 158s
U-B Train Epoch: 15 [2048/217864 (1%)]	Loss: 0.841513
U-B Train Epoch: 15 [43008/217864 (20%)]	Loss: 0.792377
U-B Train Epoch: 15 [83968/217864 (38%)]	Loss: 0.859479
U-B Train Epoch: 15 [124928/217864 (57%)]	Loss: 0.776059
U-B Train Epoch: 15 [165888/217864 (76%)]	Loss: 0.895046
U-B Train Epoch: 15 [206848/217864 (94%)]	Loss: 0.783892
Train Epoch: 15: time = 157s
U-B Train Epoch: 16 [2048/217864 (1%)]	Loss: 0.851112
U-B Train Epoch: 16 [43008/217864 (20%)]	Loss: 0.891789
U-B Train Epoch: 16 [83968/217864 (38%)]	Loss: 0.941002
U-B Train Epoch: 16 [124928/217864 (57%)]	Loss: 0.785756
U-B Train Epoch: 16 [165888/217864 (76%)]	Loss: 0.835029
U-B Train Epoch: 16 [206848/217864 (94%)]	Loss: 0.833268
Train Epoch: 16: time = 157s
Test: time=10s
Recall@20:0.06244468807440102	NDCG@20:0.026649971869564398	Precision@20:0.004410176134797168	Recall@40:0.09799938988992098	NDCG@40:0.034438127212961224	Precision@40:0.0034933025112957733	Recall@80:0.1516552072397071	NDCG@80:0.044285460709366516	Precision@80:0.0027384682580308727	
Test: time=10s
Recall@20:0.06289058150412699	NDCG@20:0.0329689382540944	Precision@20:0.00893378021444836	Recall@40:0.09903843618951118	NDCG@40:0.04255719126668079	Precision@40:0.007149994711362351	Recall@80:0.15178247336191583	NDCG@80:0.054395309132788935	Precision@80:0.005539726786676823	
U-B Train Epoch: 17 [2048/217864 (1%)]	Loss: 0.804806
U-B Train Epoch: 17 [43008/217864 (20%)]	Loss: 0.924795
U-B Train Epoch: 17 [83968/217864 (38%)]	Loss: 0.864811
U-B Train Epoch: 17 [124928/217864 (57%)]	Loss: 0.846741
U-B Train Epoch: 17 [165888/217864 (76%)]	Loss: 0.831173
U-B Train Epoch: 17 [206848/217864 (94%)]	Loss: 0.852785
Train Epoch: 17: time = 152s
U-B Train Epoch: 18 [2048/217864 (1%)]	Loss: 0.853002
U-B Train Epoch: 18 [43008/217864 (20%)]	Loss: 0.907210
U-B Train Epoch: 18 [83968/217864 (38%)]	Loss: 0.829570
U-B Train Epoch: 18 [124928/217864 (57%)]	Loss: 0.792064
U-B Train Epoch: 18 [165888/217864 (76%)]	Loss: 0.823511
U-B Train Epoch: 18 [206848/217864 (94%)]	Loss: 0.942665
Train Epoch: 18: time = 156s
U-B Train Epoch: 19 [2048/217864 (1%)]	Loss: 0.870225
U-B Train Epoch: 19 [43008/217864 (20%)]	Loss: 0.952129
U-B Train Epoch: 19 [83968/217864 (38%)]	Loss: 0.818723
U-B Train Epoch: 19 [124928/217864 (57%)]	Loss: 0.850258
U-B Train Epoch: 19 [165888/217864 (76%)]	Loss: 0.790472
U-B Train Epoch: 19 [206848/217864 (94%)]	Loss: 0.790174
Train Epoch: 19: time = 156s
U-B Train Epoch: 20 [2048/217864 (1%)]	Loss: 0.850240
U-B Train Epoch: 20 [43008/217864 (20%)]	Loss: 0.816882
U-B Train Epoch: 20 [83968/217864 (38%)]	Loss: 0.855034
U-B Train Epoch: 20 [124928/217864 (57%)]	Loss: 0.891224
U-B Train Epoch: 20 [165888/217864 (76%)]	Loss: 0.936972
U-B Train Epoch: 20 [206848/217864 (94%)]	Loss: 0.869886
Train Epoch: 20: time = 157s
U-B Train Epoch: 21 [2048/217864 (1%)]	Loss: 0.738565
U-B Train Epoch: 21 [43008/217864 (20%)]	Loss: 0.775320
U-B Train Epoch: 21 [83968/217864 (38%)]	Loss: 0.849259
U-B Train Epoch: 21 [124928/217864 (57%)]	Loss: 0.785268
U-B Train Epoch: 21 [165888/217864 (76%)]	Loss: 0.839690
U-B Train Epoch: 21 [206848/217864 (94%)]	Loss: 0.922619
Train Epoch: 21: time = 153s
Test: time=10s
Recall@20:0.06580228976558451	NDCG@20:0.028539194624947074	Precision@20:0.004620827492207782	Recall@40:0.10542244049415123	NDCG@40:0.03720082797048106	Precision@40:0.003744463596975519	Recall@80:0.15872207532192237	NDCG@80:0.047012098010420555	Precision@80:0.0028626984630198177	
Test: time=10s
Recall@20:0.06698557654969363	NDCG@20:0.035425718986821945	Precision@20:0.009441504014083089	Recall@40:0.10536918395974665	NDCG@40:0.04562273511776363	Precision@40:0.007563195534294337	Recall@80:0.1617945440003279	NDCG@80:0.058259791942578715	Precision@80:0.005882035144477474	
U-B Train Epoch: 22 [2048/217864 (1%)]	Loss: 0.811139
U-B Train Epoch: 22 [43008/217864 (20%)]	Loss: 0.748593
U-B Train Epoch: 22 [83968/217864 (38%)]	Loss: 0.733371
U-B Train Epoch: 22 [124928/217864 (57%)]	Loss: 0.736331
U-B Train Epoch: 22 [165888/217864 (76%)]	Loss: 0.815957
U-B Train Epoch: 22 [206848/217864 (94%)]	Loss: 0.907214
Train Epoch: 22: time = 147s
U-B Train Epoch: 23 [2048/217864 (1%)]	Loss: 0.738496
U-B Train Epoch: 23 [43008/217864 (20%)]	Loss: 0.842988
U-B Train Epoch: 23 [83968/217864 (38%)]	Loss: 0.729982
U-B Train Epoch: 23 [124928/217864 (57%)]	Loss: 0.929733
U-B Train Epoch: 23 [165888/217864 (76%)]	Loss: 0.861747
U-B Train Epoch: 23 [206848/217864 (94%)]	Loss: 0.933734
Train Epoch: 23: time = 154s
U-B Train Epoch: 24 [2048/217864 (1%)]	Loss: 0.800941
U-B Train Epoch: 24 [43008/217864 (20%)]	Loss: 0.846212
U-B Train Epoch: 24 [83968/217864 (38%)]	Loss: 0.733882
U-B Train Epoch: 24 [124928/217864 (57%)]	Loss: 0.815991
U-B Train Epoch: 24 [165888/217864 (76%)]	Loss: 0.790029
U-B Train Epoch: 24 [206848/217864 (94%)]	Loss: 0.724167
Train Epoch: 24: time = 158s
U-B Train Epoch: 25 [2048/217864 (1%)]	Loss: 0.766699
U-B Train Epoch: 25 [43008/217864 (20%)]	Loss: 0.854149
U-B Train Epoch: 25 [83968/217864 (38%)]	Loss: 0.881680
U-B Train Epoch: 25 [124928/217864 (57%)]	Loss: 0.886589
U-B Train Epoch: 25 [165888/217864 (76%)]	Loss: 0.729050
U-B Train Epoch: 25 [206848/217864 (94%)]	Loss: 0.718512
Train Epoch: 25: time = 159s
U-B Train Epoch: 26 [2048/217864 (1%)]	Loss: 0.830035
U-B Train Epoch: 26 [43008/217864 (20%)]	Loss: 0.824370
U-B Train Epoch: 26 [83968/217864 (38%)]	Loss: 0.925802
U-B Train Epoch: 26 [124928/217864 (57%)]	Loss: 0.796749
U-B Train Epoch: 26 [165888/217864 (76%)]	Loss: 0.840519
U-B Train Epoch: 26 [206848/217864 (94%)]	Loss: 0.906584
Train Epoch: 26: time = 157s
Test: time=10s
Recall@20:0.06573652932668873	NDCG@20:0.028643364845528076	Precision@20:0.004658636758867577	Recall@40:0.10499391023162581	NDCG@40:0.03720735495273606	Precision@40:0.0037458140410678463	Recall@80:0.1595761713384616	NDCG@80:0.04716477214330678	Precision@80:0.0028498704771868313	
Test: time=10s
Recall@20:0.07092616701533036	NDCG@20:0.03730201252441472	Precision@20:0.00988711260095765	Recall@40:0.10978397236692476	NDCG@40:0.04763341848878839	Precision@40:0.00782515938073136	Recall@80:0.1675191421133789	NDCG@80:0.06060087033066055	Precision@80:0.0060677055510535045	
U-B Train Epoch: 27 [2048/217864 (1%)]	Loss: 0.874979
U-B Train Epoch: 27 [43008/217864 (20%)]	Loss: 0.752182
U-B Train Epoch: 27 [83968/217864 (38%)]	Loss: 0.847374
U-B Train Epoch: 27 [124928/217864 (57%)]	Loss: 0.754755
U-B Train Epoch: 27 [165888/217864 (76%)]	Loss: 0.868825
U-B Train Epoch: 27 [206848/217864 (94%)]	Loss: 0.740822
Train Epoch: 27: time = 152s
U-B Train Epoch: 28 [2048/217864 (1%)]	Loss: 0.786948
U-B Train Epoch: 28 [43008/217864 (20%)]	Loss: 0.726537
U-B Train Epoch: 28 [83968/217864 (38%)]	Loss: 0.787352
U-B Train Epoch: 28 [124928/217864 (57%)]	Loss: 0.711783
U-B Train Epoch: 28 [165888/217864 (76%)]	Loss: 0.725542
U-B Train Epoch: 28 [206848/217864 (94%)]	Loss: 0.772342
Train Epoch: 28: time = 158s
U-B Train Epoch: 29 [2048/217864 (1%)]	Loss: 0.831982
U-B Train Epoch: 29 [43008/217864 (20%)]	Loss: 0.848645
U-B Train Epoch: 29 [83968/217864 (38%)]	Loss: 0.716666
U-B Train Epoch: 29 [124928/217864 (57%)]	Loss: 0.855988
U-B Train Epoch: 29 [165888/217864 (76%)]	Loss: 0.783000
U-B Train Epoch: 29 [206848/217864 (94%)]	Loss: 0.881943
Train Epoch: 29: time = 158s
U-B Train Epoch: 30 [2048/217864 (1%)]	Loss: 0.691465
U-B Train Epoch: 30 [43008/217864 (20%)]	Loss: 0.899462
U-B Train Epoch: 30 [83968/217864 (38%)]	Loss: 0.793862
U-B Train Epoch: 30 [124928/217864 (57%)]	Loss: 0.735218
U-B Train Epoch: 30 [165888/217864 (76%)]	Loss: 0.720585
U-B Train Epoch: 30 [206848/217864 (94%)]	Loss: 0.818546
Train Epoch: 30: time = 157s
U-B Train Epoch: 31 [2048/217864 (1%)]	Loss: 0.684849
U-B Train Epoch: 31 [43008/217864 (20%)]	Loss: 0.878796
U-B Train Epoch: 31 [83968/217864 (38%)]	Loss: 0.838399
U-B Train Epoch: 31 [124928/217864 (57%)]	Loss: 0.688818
U-B Train Epoch: 31 [165888/217864 (76%)]	Loss: 0.783482
U-B Train Epoch: 31 [206848/217864 (94%)]	Loss: 0.677988
Train Epoch: 31: time = 155s
Test: time=12s
Recall@20:0.07044727425988889	NDCG@20:0.03000885415594895	Precision@20:0.004909798063468995	Recall@40:0.11116480191170919	NDCG@40:0.03892654194048366	Precision@40:0.003944312531669673	Recall@80:0.16928317529588305	NDCG@80:0.04954779000007734	Precision@80:0.0030233877577894486	
Test: time=10s
Recall@20:0.0723922583870642	NDCG@20:0.03732747572910918	Precision@20:0.009927622710729993	Recall@40:0.11201503949815927	NDCG@40:0.04787787003407432	Precision@40:0.007908879995886934	Recall@80:0.17294674109238148	NDCG@80:0.061517727662204244	Precision@80:0.0062094903428804105	
U-B Train Epoch: 32 [2048/217864 (1%)]	Loss: 0.801690
U-B Train Epoch: 32 [43008/217864 (20%)]	Loss: 0.764510
U-B Train Epoch: 32 [83968/217864 (38%)]	Loss: 0.744969
U-B Train Epoch: 32 [124928/217864 (57%)]	Loss: 0.752696
U-B Train Epoch: 32 [165888/217864 (76%)]	Loss: 0.690872
U-B Train Epoch: 32 [206848/217864 (94%)]	Loss: 0.786891
Train Epoch: 32: time = 151s
U-B Train Epoch: 33 [2048/217864 (1%)]	Loss: 0.733132
U-B Train Epoch: 33 [43008/217864 (20%)]	Loss: 0.714003
U-B Train Epoch: 33 [83968/217864 (38%)]	Loss: 0.713739
U-B Train Epoch: 33 [124928/217864 (57%)]	Loss: 0.700776
U-B Train Epoch: 33 [165888/217864 (76%)]	Loss: 0.874608
U-B Train Epoch: 33 [206848/217864 (94%)]	Loss: 0.874928
Train Epoch: 33: time = 157s
U-B Train Epoch: 34 [2048/217864 (1%)]	Loss: 0.846039
U-B Train Epoch: 34 [43008/217864 (20%)]	Loss: 0.855052
U-B Train Epoch: 34 [83968/217864 (38%)]	Loss: 0.663830
U-B Train Epoch: 34 [124928/217864 (57%)]	Loss: 0.723689
U-B Train Epoch: 34 [165888/217864 (76%)]	Loss: 0.774264
U-B Train Epoch: 34 [206848/217864 (94%)]	Loss: 0.651662
Train Epoch: 34: time = 155s
U-B Train Epoch: 35 [2048/217864 (1%)]	Loss: 0.686139
U-B Train Epoch: 35 [43008/217864 (20%)]	Loss: 0.730372
U-B Train Epoch: 35 [83968/217864 (38%)]	Loss: 0.695882
U-B Train Epoch: 35 [124928/217864 (57%)]	Loss: 0.715320
U-B Train Epoch: 35 [165888/217864 (76%)]	Loss: 0.799761
U-B Train Epoch: 35 [206848/217864 (94%)]	Loss: 0.836935
Train Epoch: 35: time = 159s
U-B Train Epoch: 36 [2048/217864 (1%)]	Loss: 0.763388
U-B Train Epoch: 36 [43008/217864 (20%)]	Loss: 0.686306
U-B Train Epoch: 36 [83968/217864 (38%)]	Loss: 0.702412
U-B Train Epoch: 36 [124928/217864 (57%)]	Loss: 0.674379
U-B Train Epoch: 36 [165888/217864 (76%)]	Loss: 0.716556
U-B Train Epoch: 36 [206848/217864 (94%)]	Loss: 0.711539
Train Epoch: 36: time = 156s
Test: time=10s
Recall@20:0.07061485473082263	NDCG@20:0.03007862549100103	Precision@20:0.004885492049760459	Recall@40:0.11323252493817232	NDCG@40:0.03936675342561051	Precision@40:0.00396456739499938	Recall@80:0.17193844030701058	NDCG@80:0.05012935480495064	Precision@80:0.0030557956762649694	
Test: time=13s
Recall@20:0.07191943949752665	NDCG@20:0.03688253069382398	Precision@20:0.009746678333708982	Recall@40:0.11443401827878644	NDCG@40:0.04808968880579102	Precision@40:0.00792373377341643	Recall@80:0.17474611642307372	NDCG@80:0.06166263127334692	Precision@80:0.006212190983168466	
U-B Train Epoch: 37 [2048/217864 (1%)]	Loss: 0.757587
U-B Train Epoch: 37 [43008/217864 (20%)]	Loss: 0.708973
U-B Train Epoch: 37 [83968/217864 (38%)]	Loss: 0.653125
U-B Train Epoch: 37 [124928/217864 (57%)]	Loss: 0.838928
U-B Train Epoch: 37 [165888/217864 (76%)]	Loss: 0.721549
U-B Train Epoch: 37 [206848/217864 (94%)]	Loss: 0.702266
Train Epoch: 37: time = 151s
U-B Train Epoch: 38 [2048/217864 (1%)]	Loss: 0.846005
U-B Train Epoch: 38 [43008/217864 (20%)]	Loss: 0.636483
U-B Train Epoch: 38 [83968/217864 (38%)]	Loss: 0.683409
U-B Train Epoch: 38 [124928/217864 (57%)]	Loss: 0.650709
U-B Train Epoch: 38 [165888/217864 (76%)]	Loss: 0.690062
U-B Train Epoch: 38 [206848/217864 (94%)]	Loss: 0.686404
Train Epoch: 38: time = 138s
U-B Train Epoch: 39 [2048/217864 (1%)]	Loss: 0.687283
U-B Train Epoch: 39 [43008/217864 (20%)]	Loss: 0.658925
U-B Train Epoch: 39 [83968/217864 (38%)]	Loss: 0.771049
U-B Train Epoch: 39 [124928/217864 (57%)]	Loss: 0.608921
U-B Train Epoch: 39 [165888/217864 (76%)]	Loss: 0.662494
U-B Train Epoch: 39 [206848/217864 (94%)]	Loss: 0.623274
Train Epoch: 39: time = 135s
U-B Train Epoch: 40 [2048/217864 (1%)]	Loss: 0.665101
U-B Train Epoch: 40 [43008/217864 (20%)]	Loss: 0.712767
U-B Train Epoch: 40 [83968/217864 (38%)]	Loss: 0.779268
U-B Train Epoch: 40 [124928/217864 (57%)]	Loss: 0.618010
U-B Train Epoch: 40 [165888/217864 (76%)]	Loss: 0.668509
U-B Train Epoch: 40 [206848/217864 (94%)]	Loss: 0.637366
Train Epoch: 40: time = 137s
U-B Train Epoch: 41 [2048/217864 (1%)]	Loss: 0.635344
U-B Train Epoch: 41 [43008/217864 (20%)]	Loss: 0.632858
U-B Train Epoch: 41 [83968/217864 (38%)]	Loss: 0.705639
U-B Train Epoch: 41 [124928/217864 (57%)]	Loss: 0.813011
U-B Train Epoch: 41 [165888/217864 (76%)]	Loss: 0.635351
U-B Train Epoch: 41 [206848/217864 (94%)]	Loss: 0.624659
Train Epoch: 41: time = 133s
Test: time=10s
Recall@20:0.07078381157518913	NDCG@20:0.03017873503650073	Precision@20:0.004809873670973813	Recall@40:0.11308680930791308	NDCG@40:0.03941272986145118	Precision@40:0.003918656178500491	Recall@80:0.1714969151115603	NDCG@80:0.05013447409509595	Precision@80:0.003024062923495476	
Test: time=10s
Recall@20:0.07166039803327644	NDCG@20:0.03672429915701479	Precision@20:0.009625148641840355	Recall@40:0.11502743715136049	NDCG@40:0.048198891365980115	Precision@40:0.00795749189774599	Recall@80:0.17657864061586154	NDCG@80:0.06196744039942871	Precision@80:0.006237171942051639	
U-B Train Epoch: 42 [2048/217864 (1%)]	Loss: 0.683466
U-B Train Epoch: 42 [43008/217864 (20%)]	Loss: 0.602973
U-B Train Epoch: 42 [83968/217864 (38%)]	Loss: 0.653121
U-B Train Epoch: 42 [124928/217864 (57%)]	Loss: 0.673671
U-B Train Epoch: 42 [165888/217864 (76%)]	Loss: 0.589518
U-B Train Epoch: 42 [206848/217864 (94%)]	Loss: 0.706050
Train Epoch: 42: time = 134s
U-B Train Epoch: 43 [2048/217864 (1%)]	Loss: 0.581711
U-B Train Epoch: 43 [43008/217864 (20%)]	Loss: 0.713559
U-B Train Epoch: 43 [83968/217864 (38%)]	Loss: 0.734468
U-B Train Epoch: 43 [124928/217864 (57%)]	Loss: 0.784487
U-B Train Epoch: 43 [165888/217864 (76%)]	Loss: 0.607512
U-B Train Epoch: 43 [206848/217864 (94%)]	Loss: 0.680935
Train Epoch: 43: time = 136s
U-B Train Epoch: 44 [2048/217864 (1%)]	Loss: 0.774386
U-B Train Epoch: 44 [43008/217864 (20%)]	Loss: 0.607094
U-B Train Epoch: 44 [83968/217864 (38%)]	Loss: 0.594390
U-B Train Epoch: 44 [124928/217864 (57%)]	Loss: 0.684479
U-B Train Epoch: 44 [165888/217864 (76%)]	Loss: 0.651961
U-B Train Epoch: 44 [206848/217864 (94%)]	Loss: 0.642656
Train Epoch: 44: time = 137s
U-B Train Epoch: 45 [2048/217864 (1%)]	Loss: 0.670216
U-B Train Epoch: 45 [43008/217864 (20%)]	Loss: 0.657534
U-B Train Epoch: 45 [83968/217864 (38%)]	Loss: 0.597479
U-B Train Epoch: 45 [124928/217864 (57%)]	Loss: 0.756747
U-B Train Epoch: 45 [165888/217864 (76%)]	Loss: 0.756593
U-B Train Epoch: 45 [206848/217864 (94%)]	Loss: 0.587084
Train Epoch: 45: time = 135s
U-B Train Epoch: 46 [2048/217864 (1%)]	Loss: 0.700179
U-B Train Epoch: 46 [43008/217864 (20%)]	Loss: 0.659167
U-B Train Epoch: 46 [83968/217864 (38%)]	Loss: 0.678462
U-B Train Epoch: 46 [124928/217864 (57%)]	Loss: 0.565755
U-B Train Epoch: 46 [165888/217864 (76%)]	Loss: 0.658744
U-B Train Epoch: 46 [206848/217864 (94%)]	Loss: 0.571929
Train Epoch: 46: time = 136s
Test: time=9s
Recall@20:0.06860392328290969	NDCG@20:0.029019681548691084	Precision@20:0.004634330941544659	Recall@40:0.11036868799553069	NDCG@40:0.03809977857806686	Precision@40:0.003784973595677306	Recall@80:0.1697822792091959	NDCG@80:0.04897201698697179	Precision@80:0.002961272582052799	
Test: time=9s
Recall@20:0.07254806800628824	NDCG@20:0.037323267500820614	Precision@20:0.009757480888422331	Recall@40:0.11527726948229067	NDCG@40:0.04858587817624461	Precision@40:0.007935886637005781	Recall@80:0.17786057278444692	NDCG@80:0.06260963432523825	Precision@80:0.00627565637602718	
U-B Train Epoch: 47 [2048/217864 (1%)]	Loss: 0.570769
U-B Train Epoch: 47 [43008/217864 (20%)]	Loss: 0.596422
U-B Train Epoch: 47 [83968/217864 (38%)]	Loss: 0.549603
U-B Train Epoch: 47 [124928/217864 (57%)]	Loss: 0.543446
U-B Train Epoch: 47 [165888/217864 (76%)]	Loss: 0.584640
U-B Train Epoch: 47 [206848/217864 (94%)]	Loss: 0.572659
Train Epoch: 47: time = 134s
U-B Train Epoch: 48 [2048/217864 (1%)]	Loss: 0.679337
U-B Train Epoch: 48 [43008/217864 (20%)]	Loss: 0.754756
U-B Train Epoch: 48 [83968/217864 (38%)]	Loss: 0.550559
U-B Train Epoch: 48 [124928/217864 (57%)]	Loss: 0.563249
U-B Train Epoch: 48 [165888/217864 (76%)]	Loss: 0.589874
U-B Train Epoch: 48 [206848/217864 (94%)]	Loss: 0.614046
Train Epoch: 48: time = 139s
U-B Train Epoch: 49 [2048/217864 (1%)]	Loss: 0.647906
U-B Train Epoch: 49 [43008/217864 (20%)]	Loss: 0.647869
U-B Train Epoch: 49 [83968/217864 (38%)]	Loss: 0.766699
U-B Train Epoch: 49 [124928/217864 (57%)]	Loss: 0.566110
U-B Train Epoch: 49 [165888/217864 (76%)]	Loss: 0.631088
U-B Train Epoch: 49 [206848/217864 (94%)]	Loss: 0.526339
Train Epoch: 49: time = 136s
U-B Train Epoch: 50 [2048/217864 (1%)]	Loss: 0.596296
U-B Train Epoch: 50 [43008/217864 (20%)]	Loss: 0.547654
U-B Train Epoch: 50 [83968/217864 (38%)]	Loss: 0.515800
U-B Train Epoch: 50 [124928/217864 (57%)]	Loss: 0.551069
U-B Train Epoch: 50 [165888/217864 (76%)]	Loss: 0.539443
U-B Train Epoch: 50 [206848/217864 (94%)]	Loss: 0.516328
Train Epoch: 50: time = 135s
U-B Train Epoch: 51 [2048/217864 (1%)]	Loss: 0.699927
U-B Train Epoch: 51 [43008/217864 (20%)]	Loss: 0.633764
U-B Train Epoch: 51 [83968/217864 (38%)]	Loss: 0.682873
U-B Train Epoch: 51 [124928/217864 (57%)]	Loss: 0.553486
U-B Train Epoch: 51 [165888/217864 (76%)]	Loss: 0.506317
U-B Train Epoch: 51 [206848/217864 (94%)]	Loss: 0.640971
Train Epoch: 51: time = 152s
Test: time=11s
Recall@20:0.06892880234950638	NDCG@20:0.029193869082139844	Precision@20:0.004720751987724927	Recall@40:0.11318717250636474	NDCG@40:0.03878363185584629	Precision@40:0.0038970510191725285	Recall@80:0.17370732041534395	NDCG@80:0.04987821342544086	Precision@80:0.0030395917234660817	
Test: time=11s
Recall@20:0.0724744352213157	NDCG@20:0.03752361865309952	Precision@20:0.009638651891572179	Recall@40:0.11710402526929645	NDCG@40:0.049254001777321726	Precision@40:0.007941287685782474	Recall@80:0.17899707101057682	NDCG@80:0.06311484831667519	Precision@80:0.006259452543957156	
U-B Train Epoch: 52 [2048/217864 (1%)]	Loss: 0.548999
U-B Train Epoch: 52 [43008/217864 (20%)]	Loss: 0.508165
U-B Train Epoch: 52 [83968/217864 (38%)]	Loss: 0.549788
U-B Train Epoch: 52 [124928/217864 (57%)]	Loss: 0.518054
U-B Train Epoch: 52 [165888/217864 (76%)]	Loss: 0.519397
U-B Train Epoch: 52 [206848/217864 (94%)]	Loss: 0.516488
Train Epoch: 52: time = 156s
U-B Train Epoch: 53 [2048/217864 (1%)]	Loss: 0.589988
U-B Train Epoch: 53 [43008/217864 (20%)]	Loss: 0.543902
U-B Train Epoch: 53 [83968/217864 (38%)]	Loss: 0.512004
U-B Train Epoch: 53 [124928/217864 (57%)]	Loss: 0.545028
U-B Train Epoch: 53 [165888/217864 (76%)]	Loss: 0.614827
U-B Train Epoch: 53 [206848/217864 (94%)]	Loss: 0.523404
Train Epoch: 53: time = 162s
U-B Train Epoch: 54 [2048/217864 (1%)]	Loss: 0.584820
U-B Train Epoch: 54 [43008/217864 (20%)]	Loss: 0.628533
U-B Train Epoch: 54 [83968/217864 (38%)]	Loss: 0.523108
U-B Train Epoch: 54 [124928/217864 (57%)]	Loss: 0.505744
U-B Train Epoch: 54 [165888/217864 (76%)]	Loss: 0.514158
U-B Train Epoch: 54 [206848/217864 (94%)]	Loss: 0.551609
Train Epoch: 54: time = 163s
U-B Train Epoch: 55 [2048/217864 (1%)]	Loss: 0.601037
U-B Train Epoch: 55 [43008/217864 (20%)]	Loss: 0.527110
U-B Train Epoch: 55 [83968/217864 (38%)]	Loss: 0.508479
U-B Train Epoch: 55 [124928/217864 (57%)]	Loss: 0.580334
U-B Train Epoch: 55 [165888/217864 (76%)]	Loss: 0.595935
U-B Train Epoch: 55 [206848/217864 (94%)]	Loss: 0.481187
Train Epoch: 55: time = 162s
U-B Train Epoch: 56 [2048/217864 (1%)]	Loss: 0.493623
U-B Train Epoch: 56 [43008/217864 (20%)]	Loss: 0.471707
U-B Train Epoch: 56 [83968/217864 (38%)]	Loss: 0.502006
U-B Train Epoch: 56 [124928/217864 (57%)]	Loss: 0.480935
U-B Train Epoch: 56 [165888/217864 (76%)]	Loss: 0.518161
U-B Train Epoch: 56 [206848/217864 (94%)]	Loss: 0.548029
Train Epoch: 56: time = 160s
Test: time=10s
Recall@20:0.0660660842253887	NDCG@20:0.027908871173085978	Precision@20:0.004499297890483374	Recall@40:0.10779021720437054	NDCG@40:0.036898140594615936	Precision@40:0.003662093525714798	Recall@80:0.16828788711170378	NDCG@80:0.04796912130042854	Precision@80:0.00291873718281602	
Test: time=10s
Recall@20:0.07302808153767094	NDCG@20:0.037778195248472264	Precision@20:0.009962731008719224	Recall@40:0.11817422695598785	NDCG@40:0.049617962869671156	Precision@40:0.008176245171191613	Recall@80:0.18057126999931586	NDCG@80:0.06361132846662083	Precision@80:0.006400561801452571	
U-B Train Epoch: 57 [2048/217864 (1%)]	Loss: 0.654619
U-B Train Epoch: 57 [43008/217864 (20%)]	Loss: 0.457859
U-B Train Epoch: 57 [83968/217864 (38%)]	Loss: 0.464529
U-B Train Epoch: 57 [124928/217864 (57%)]	Loss: 0.522366
U-B Train Epoch: 57 [165888/217864 (76%)]	Loss: 0.553354
U-B Train Epoch: 57 [206848/217864 (94%)]	Loss: 0.677875
Train Epoch: 57: time = 162s
U-B Train Epoch: 58 [2048/217864 (1%)]	Loss: 0.623638
U-B Train Epoch: 58 [43008/217864 (20%)]	Loss: 0.490633
U-B Train Epoch: 58 [83968/217864 (38%)]	Loss: 0.534248
U-B Train Epoch: 58 [124928/217864 (57%)]	Loss: 0.634089
U-B Train Epoch: 58 [165888/217864 (76%)]	Loss: 0.629204
U-B Train Epoch: 58 [206848/217864 (94%)]	Loss: 0.494462
Train Epoch: 58: time = 165s
U-B Train Epoch: 59 [2048/217864 (1%)]	Loss: 0.660861
U-B Train Epoch: 59 [43008/217864 (20%)]	Loss: 0.471244
U-B Train Epoch: 59 [83968/217864 (38%)]	Loss: 0.473802
U-B Train Epoch: 59 [124928/217864 (57%)]	Loss: 0.477093
U-B Train Epoch: 59 [165888/217864 (76%)]	Loss: 0.651919
U-B Train Epoch: 59 [206848/217864 (94%)]	Loss: 0.468172
Train Epoch: 59: time = 165s
U-B Train Epoch: 60 [2048/217864 (1%)]	Loss: 0.579744
U-B Train Epoch: 60 [43008/217864 (20%)]	Loss: 0.662430
U-B Train Epoch: 60 [83968/217864 (38%)]	Loss: 0.592855
U-B Train Epoch: 60 [124928/217864 (57%)]	Loss: 0.456823
U-B Train Epoch: 60 [165888/217864 (76%)]	Loss: 0.496792
U-B Train Epoch: 60 [206848/217864 (94%)]	Loss: 0.622634
Train Epoch: 60: time = 161s
U-B Train Epoch: 61 [2048/217864 (1%)]	Loss: 0.616252
U-B Train Epoch: 61 [43008/217864 (20%)]	Loss: 0.600242
U-B Train Epoch: 61 [83968/217864 (38%)]	Loss: 0.443589
U-B Train Epoch: 61 [124928/217864 (57%)]	Loss: 0.472615
U-B Train Epoch: 61 [165888/217864 (76%)]	Loss: 0.541518
U-B Train Epoch: 61 [206848/217864 (94%)]	Loss: 0.450314
Train Epoch: 61: time = 151s
Test: time=9s
Recall@20:0.07084567968976978	NDCG@20:0.030252747599064073	Precision@20:0.004923301306761945	Recall@40:0.11506367651782902	NDCG@40:0.03986670375449799	Precision@40:0.004044236928994009	Recall@80:0.17598681425679974	NDCG@80:0.05099329132491342	Precision@80:0.003110484035674189	
Test: time=10s
Recall@20:0.07302215983520718	NDCG@20:0.03816355625625253	Precision@20:0.01005995479634015	Recall@40:0.11928573751392924	NDCG@40:0.05027205549744714	Precision@40:0.008281570622121797	Recall@80:0.1824675838465926	NDCG@80:0.06445479717524556	Precision@80:0.006497785482832097	
U-B Train Epoch: 62 [2048/217864 (1%)]	Loss: 0.429319
U-B Train Epoch: 62 [43008/217864 (20%)]	Loss: 0.432504
U-B Train Epoch: 62 [83968/217864 (38%)]	Loss: 0.509774
U-B Train Epoch: 62 [124928/217864 (57%)]	Loss: 0.479216
U-B Train Epoch: 62 [165888/217864 (76%)]	Loss: 0.518784
U-B Train Epoch: 62 [206848/217864 (94%)]	Loss: 0.443813
Train Epoch: 62: time = 136s
U-B Train Epoch: 63 [2048/217864 (1%)]	Loss: 0.531523
U-B Train Epoch: 63 [43008/217864 (20%)]	Loss: 0.473590
U-B Train Epoch: 63 [83968/217864 (38%)]	Loss: 0.433797
U-B Train Epoch: 63 [124928/217864 (57%)]	Loss: 0.433621
U-B Train Epoch: 63 [165888/217864 (76%)]	Loss: 0.554268
U-B Train Epoch: 63 [206848/217864 (94%)]	Loss: 0.487266
Train Epoch: 63: time = 140s
U-B Train Epoch: 64 [2048/217864 (1%)]	Loss: 0.457563
U-B Train Epoch: 64 [43008/217864 (20%)]	Loss: 0.425751
U-B Train Epoch: 64 [83968/217864 (38%)]	Loss: 0.430263
U-B Train Epoch: 64 [124928/217864 (57%)]	Loss: 0.487390
U-B Train Epoch: 64 [165888/217864 (76%)]	Loss: 0.446965
U-B Train Epoch: 64 [206848/217864 (94%)]	Loss: 0.531693
Train Epoch: 64: time = 139s
U-B Train Epoch: 65 [2048/217864 (1%)]	Loss: 0.443576
U-B Train Epoch: 65 [43008/217864 (20%)]	Loss: 0.496676
U-B Train Epoch: 65 [83968/217864 (38%)]	Loss: 0.422117
U-B Train Epoch: 65 [124928/217864 (57%)]	Loss: 0.455417
U-B Train Epoch: 65 [165888/217864 (76%)]	Loss: 0.495851
U-B Train Epoch: 65 [206848/217864 (94%)]	Loss: 0.427165
Train Epoch: 65: time = 142s
U-B Train Epoch: 66 [2048/217864 (1%)]	Loss: 0.526920
U-B Train Epoch: 66 [43008/217864 (20%)]	Loss: 0.411298
U-B Train Epoch: 66 [83968/217864 (38%)]	Loss: 0.581726
U-B Train Epoch: 66 [124928/217864 (57%)]	Loss: 0.549263
U-B Train Epoch: 66 [165888/217864 (76%)]	Loss: 0.476639
U-B Train Epoch: 66 [206848/217864 (94%)]	Loss: 0.465485
Train Epoch: 66: time = 141s
Test: time=10s
Recall@20:0.06856550793803845	NDCG@20:0.029017797682627085	Precision@20:0.004682942700138795	Recall@40:0.10975518478512236	NDCG@40:0.03796847623561543	Precision@40:0.0037782219482753398	Recall@80:0.17121094071840615	NDCG@80:0.04921405861673132	Precision@80:0.002982202683525852	
Test: time=9s
Recall@20:0.07437958732284376	NDCG@20:0.038997828786569134	Precision@20:0.010305714694807438	Recall@40:0.11942476096621495	NDCG@40:0.050786783103617325	Precision@40:0.008336934451473781	Recall@80:0.1833310877773305	NDCG@80:0.06513190936537429	Precision@80:0.006549773227708752	
U-B Train Epoch: 67 [2048/217864 (1%)]	Loss: 0.407249
U-B Train Epoch: 67 [43008/217864 (20%)]	Loss: 0.504099
U-B Train Epoch: 67 [83968/217864 (38%)]	Loss: 0.428676
U-B Train Epoch: 67 [124928/217864 (57%)]	Loss: 0.471403
U-B Train Epoch: 67 [165888/217864 (76%)]	Loss: 0.582853
U-B Train Epoch: 67 [206848/217864 (94%)]	Loss: 0.464679
Train Epoch: 67: time = 141s
U-B Train Epoch: 68 [2048/217864 (1%)]	Loss: 0.442213
U-B Train Epoch: 68 [43008/217864 (20%)]	Loss: 0.420420
U-B Train Epoch: 68 [83968/217864 (38%)]	Loss: 0.498051
U-B Train Epoch: 68 [124928/217864 (57%)]	Loss: 0.509083
U-B Train Epoch: 68 [165888/217864 (76%)]	Loss: 0.477219
U-B Train Epoch: 68 [206848/217864 (94%)]	Loss: 0.477391
Train Epoch: 68: time = 147s
U-B Train Epoch: 69 [2048/217864 (1%)]	Loss: 0.546455
U-B Train Epoch: 69 [43008/217864 (20%)]	Loss: 0.428935
U-B Train Epoch: 69 [83968/217864 (38%)]	Loss: 0.436552
U-B Train Epoch: 69 [124928/217864 (57%)]	Loss: 0.441020
U-B Train Epoch: 69 [165888/217864 (76%)]	Loss: 0.506587
U-B Train Epoch: 69 [206848/217864 (94%)]	Loss: 0.408868
Train Epoch: 69: time = 145s
U-B Train Epoch: 70 [2048/217864 (1%)]	Loss: 0.393513
U-B Train Epoch: 70 [43008/217864 (20%)]	Loss: 0.528512
U-B Train Epoch: 70 [83968/217864 (38%)]	Loss: 0.494478
U-B Train Epoch: 70 [124928/217864 (57%)]	Loss: 0.439266
U-B Train Epoch: 70 [165888/217864 (76%)]	Loss: 0.448217
U-B Train Epoch: 70 [206848/217864 (94%)]	Loss: 0.514153
Train Epoch: 70: time = 145s
U-B Train Epoch: 71 [2048/217864 (1%)]	Loss: 0.387680
U-B Train Epoch: 71 [43008/217864 (20%)]	Loss: 0.410480
U-B Train Epoch: 71 [83968/217864 (38%)]	Loss: 0.484140
U-B Train Epoch: 71 [124928/217864 (57%)]	Loss: 0.479939
U-B Train Epoch: 71 [165888/217864 (76%)]	Loss: 0.508794
U-B Train Epoch: 71 [206848/217864 (94%)]	Loss: 0.427786
Train Epoch: 71: time = 142s
Test: time=10s
Recall@20:0.07071140351531907	NDCG@20:0.030085817583052583	Precision@20:0.0049070974247906575	Recall@40:0.11514148045606099	NDCG@40:0.03971263886373733	Precision@40:0.004006427599555204	Recall@80:0.17438051130623028	NDCG@80:0.050540444994379714	Precision@80:0.003070649320992716	
Test: time=9s
Recall@20:0.07432057150010093	NDCG@20:0.03887634775970054	Precision@20:0.010154477879284293	Recall@40:0.11955324418990082	NDCG@40:0.05074335919145607	Precision@40:0.008289672887465654	Recall@80:0.18327924424066674	NDCG@80:0.06501854804031687	Precision@80:0.0064937345336680405	
U-B Train Epoch: 72 [2048/217864 (1%)]	Loss: 0.489736
U-B Train Epoch: 72 [43008/217864 (20%)]	Loss: 0.538205
U-B Train Epoch: 72 [83968/217864 (38%)]	Loss: 0.477415
U-B Train Epoch: 72 [124928/217864 (57%)]	Loss: 0.391663
U-B Train Epoch: 72 [165888/217864 (76%)]	Loss: 0.516503
U-B Train Epoch: 72 [206848/217864 (94%)]	Loss: 0.422906
Train Epoch: 72: time = 138s
U-B Train Epoch: 73 [2048/217864 (1%)]	Loss: 0.472481
U-B Train Epoch: 73 [43008/217864 (20%)]	Loss: 0.493011
U-B Train Epoch: 73 [83968/217864 (38%)]	Loss: 0.404687
U-B Train Epoch: 73 [124928/217864 (57%)]	Loss: 0.383830
U-B Train Epoch: 73 [165888/217864 (76%)]	Loss: 0.485695
U-B Train Epoch: 73 [206848/217864 (94%)]	Loss: 0.530667
Train Epoch: 73: time = 140s
U-B Train Epoch: 74 [2048/217864 (1%)]	Loss: 0.480793
U-B Train Epoch: 74 [43008/217864 (20%)]	Loss: 0.448000
U-B Train Epoch: 74 [83968/217864 (38%)]	Loss: 0.452128
U-B Train Epoch: 74 [124928/217864 (57%)]	Loss: 0.425981
U-B Train Epoch: 74 [165888/217864 (76%)]	Loss: 0.397436
U-B Train Epoch: 74 [206848/217864 (94%)]	Loss: 0.387135
Train Epoch: 74: time = 140s
U-B Train Epoch: 75 [2048/217864 (1%)]	Loss: 0.384375
U-B Train Epoch: 75 [43008/217864 (20%)]	Loss: 0.427091
U-B Train Epoch: 75 [83968/217864 (38%)]	Loss: 0.499475
U-B Train Epoch: 75 [124928/217864 (57%)]	Loss: 0.507736
U-B Train Epoch: 75 [165888/217864 (76%)]	Loss: 0.367018
U-B Train Epoch: 75 [206848/217864 (94%)]	Loss: 0.400051
Train Epoch: 75: time = 140s
U-B Train Epoch: 76 [2048/217864 (1%)]	Loss: 0.492884
U-B Train Epoch: 76 [43008/217864 (20%)]	Loss: 0.371225
U-B Train Epoch: 76 [83968/217864 (38%)]	Loss: 0.442421
U-B Train Epoch: 76 [124928/217864 (57%)]	Loss: 0.435047
U-B Train Epoch: 76 [165888/217864 (76%)]	Loss: 0.463716
U-B Train Epoch: 76 [206848/217864 (94%)]	Loss: 0.377412
Train Epoch: 76: time = 142s
Test: time=9s
Recall@20:0.06512013575782706	NDCG@20:0.027585632975935692	Precision@20:0.004483093844320832	Recall@40:0.10703934862866854	NDCG@40:0.036670452409781146	Precision@40:0.003683698858892324	Recall@80:0.16590266522880093	NDCG@80:0.04744701026466504	Precision@80:0.002897807065245785	
Test: time=9s
Recall@20:0.06742783845520514	NDCG@20:0.034432847414596734	Precision@20:0.008968888409415628	Recall@40:0.11014230343774468	NDCG@40:0.04560292445777546	Precision@40:0.007453818854109133	Recall@80:0.1694256212923302	NDCG@80:0.058776750283325234	Precision@80:0.005854353567842301	
