nohup: ignoring input
>>>>>>>>>>B-I statistics>>>>>>>>>>
Average interactions 37.02934265136719
Non-zero rows 1.0
Non-zero columns 0.8566981995727799
Matrix density 0.0011299769286862884
finish loading assist data
>>>>>>>>>>U-I statistics>>>>>>>>>>
Average interactions 17.230377197265625
Non-zero rows 0.9958950118173903
Non-zero columns 0.641867561794324
Matrix density 0.0005257972814327529
finish loading item data
>>>>>>>>>>U-B statistics in train>>>>>>>>>>
Average interactions 4.281129360198975
Non-zero rows 0.3680806070406767
Non-zero columns 0.8645986166422134
Matrix density 0.0008973233061660289
finish loading bundle train data
>>>>>>>>>>U-B statistics in test>>>>>>>>>>
Average interactions 1.2123398780822754
Non-zero rows 0.3680806070406767
Non-zero columns 0.5017815971494446
Matrix density 0.0002541060245785134
finish loading bundle test data
>>>>>>>>>>B-I statistics>>>>>>>>>>
Average interactions 37.02934265136719
Non-zero rows 1.0
Non-zero columns 0.8566981995727799
Matrix density 0.0011299769286862884
finish loading assist data
>>>>>>>>>>U-I statistics>>>>>>>>>>
Average interactions 17.230377197265625
Non-zero rows 0.9958950118173903
Non-zero columns 0.641867561794324
Matrix density 0.0005257972814327529
finish loading item data
>>>>>>>>>>U-B statistics in train>>>>>>>>>>
Average interactions 4.281129360198975
Non-zero rows 0.3680806070406767
Non-zero columns 0.8645986166422134
Matrix density 0.0008973233061660289
finish loading bundle train data
>>>>>>>>>>U-B statistics in test>>>>>>>>>>
Average interactions 0.6454783082008362
Non-zero rows 0.3680806070406767
Non-zero columns 0.34835464263257176
Matrix density 0.00013529203381263145
finish loading bundle test data
IHGCN model
/data/nfs/lzm/IHBR/IHBR_1/model/IHGCN.py:170: UserWarning: Creating a tensor from a list of numpy.ndarrays is extremely slow. Please consider converting the list to a single numpy.ndarray with numpy.array() before converting to a tensor. (Triggered internally at  /opt/conda/conda-bld/pytorch_1640811805959/work/torch/csrc/utils/tensor_new.cpp:201.)
  ub_indices = torch.tensor([ub_graph_coo.row, ub_graph_coo.col], dtype=torch.long)
finish generating bi, ui graph
finish generating non-atom graph
U-B Train Epoch: 1 [2048/34416 (6%)]	Loss: 0.973544
Train Epoch: 1: time = 4s
Test: time=2s
Recall@20:0.16349487975063498	NDCG@20:0.07029435214822298	Precision@20:0.012369043724727856	Recall@40:0.23452394723328193	NDCG@40:0.08646543399028256	Precision@40:0.009141601795842415	Recall@80:0.3250913217124926	NDCG@80:0.10380586686670962	Precision@80:0.006471781200474684	
Test: time=4s
Recall@20:0.11068544842254958	NDCG@20:0.053443442006576865	Precision@20:0.014700912792725352	Recall@40:0.20006351657879035	NDCG@40:0.07621316242637002	Precision@40:0.013374451408115502	Recall@80:0.313617491004998	NDCG@80:0.10073717174678286	Precision@80:0.01066661082477576	
U-B Train Epoch: 2 [2048/34416 (6%)]	Loss: 0.953536
Train Epoch: 2: time = 2s
U-B Train Epoch: 3 [2048/34416 (6%)]	Loss: 0.925965
Train Epoch: 3: time = 4s
U-B Train Epoch: 4 [2048/34416 (6%)]	Loss: 0.851759
Train Epoch: 4: time = 3s
U-B Train Epoch: 5 [2048/34416 (6%)]	Loss: 0.750889
Train Epoch: 5: time = 3s
U-B Train Epoch: 6 [2048/34416 (6%)]	Loss: 0.683389
Train Epoch: 6: time = 3s
Test: time=2s
Recall@20:0.1786970839221641	NDCG@20:0.07571339583066558	Precision@20:0.015309226154354465	Recall@40:0.27276147221664837	NDCG@40:0.09735707150556301	Precision@40:0.01168469135404318	Recall@80:0.38528018498912214	NDCG@80:0.11894303940969289	Precision@80:0.008267150774482297	
Test: time=2s
Recall@20:0.17474518647343776	NDCG@20:0.08730119690374573	Precision@20:0.027357216177860116	Recall@40:0.27772581275148384	NDCG@40:0.1150502227133454	Precision@40:0.021755660696181144	Recall@80:0.39813693434292097	NDCG@80:0.14212589450847785	Precision@80:0.01568942248881689	
U-B Train Epoch: 7 [2048/34416 (6%)]	Loss: 0.693970
Train Epoch: 7: time = 2s
U-B Train Epoch: 8 [2048/34416 (6%)]	Loss: 0.646893
Train Epoch: 8: time = 4s
U-B Train Epoch: 9 [2048/34416 (6%)]	Loss: 0.602869
Train Epoch: 9: time = 2s
U-B Train Epoch: 10 [2048/34416 (6%)]	Loss: 0.586263
Train Epoch: 10: time = 9s
U-B Train Epoch: 11 [2048/34416 (6%)]	Loss: 0.641520
Train Epoch: 11: time = 3s
Test: time=4s
Recall@20:0.22723906408415004	NDCG@20:0.1062480414707381	Precision@20:0.018807029595202633	Recall@40:0.32125839021972163	NDCG@40:0.12812340553647242	Precision@40:0.013627915093930198	Recall@80:0.42908425442307896	NDCG@80:0.1491333090320315	Precision@80:0.009289455961721819	
Test: time=2s
Recall@20:0.22234184881366964	NDCG@20:0.11986839807529069	Precision@20:0.03421764238414913	Recall@40:0.3245811965184342	NDCG@40:0.1471048904939776	Precision@40:0.02495775677215896	Recall@80:0.4423394237027131	NDCG@80:0.17385205226639067	Precision@80:0.017320040876537452	
U-B Train Epoch: 12 [2048/34416 (6%)]	Loss: 0.604628
Train Epoch: 12: time = 2s
U-B Train Epoch: 13 [2048/34416 (6%)]	Loss: 0.580812
Train Epoch: 13: time = 2s
U-B Train Epoch: 14 [2048/34416 (6%)]	Loss: 0.588511
Train Epoch: 14: time = 3s
U-B Train Epoch: 15 [2048/34416 (6%)]	Loss: 0.611255
Train Epoch: 15: time = 2s
U-B Train Epoch: 16 [2048/34416 (6%)]	Loss: 0.605019
Train Epoch: 16: time = 17s
Test: time=2s
Recall@20:0.23867471945692695	NDCG@20:0.11388253859468069	Precision@20:0.019702603261830962	Recall@40:0.3276818814653124	NDCG@40:0.1348729728242359	Precision@40:0.014008110783800317	Recall@80:0.4414339932528409	NDCG@80:0.1567228677587841	Precision@80:0.009492227458277035	
Test: time=4s
Recall@20:0.23326824532444712	NDCG@20:0.12972568152280384	Precision@20:0.03600878649444425	Recall@40:0.3390696307379235	NDCG@40:0.15764410619036334	Precision@40:0.025971613449194658	Recall@80:0.45802178726118936	NDCG@80:0.18479863225144685	Precision@80:0.017919905889110816	
U-B Train Epoch: 17 [2048/34416 (6%)]	Loss: 0.552826
Train Epoch: 17: time = 5s
U-B Train Epoch: 18 [2048/34416 (6%)]	Loss: 0.549994
Train Epoch: 18: time = 10s
U-B Train Epoch: 19 [2048/34416 (6%)]	Loss: 0.565125
Train Epoch: 19: time = 8s
U-B Train Epoch: 20 [2048/34416 (6%)]	Loss: 0.580759
Train Epoch: 20: time = 3s
U-B Train Epoch: 21 [2048/34416 (6%)]	Loss: 0.599630
Train Epoch: 21: time = 3s
Test: time=2s
Recall@20:0.24405794701249103	NDCG@20:0.1159253006007229	Precision@20:0.020192633613052704	Recall@40:0.3343651640370876	NDCG@40:0.137158568222082	Precision@40:0.014286921772855324	Recall@80:0.44271526742763073	NDCG@80:0.15832038665389886	Precision@80:0.00961473512665651	
Test: time=9s
Recall@20:0.24035421760149123	NDCG@20:0.13359517429115886	Precision@20:0.036650896475257884	Recall@40:0.3424346088436497	NDCG@40:0.1611446601065803	Precision@40:0.026512336150823955	Recall@80:0.46332495645237515	NDCG@80:0.18860485699580465	Precision@80:0.018202940569249468	
U-B Train Epoch: 22 [2048/34416 (6%)]	Loss: 0.602068
Train Epoch: 22: time = 2s
U-B Train Epoch: 23 [2048/34416 (6%)]	Loss: 0.583367
Train Epoch: 23: time = 2s
U-B Train Epoch: 24 [2048/34416 (6%)]	Loss: 0.607851
Train Epoch: 24: time = 3s
U-B Train Epoch: 25 [2048/34416 (6%)]	Loss: 0.556807
Train Epoch: 25: time = 3s
U-B Train Epoch: 26 [2048/34416 (6%)]	Loss: 0.579968
Train Epoch: 26: time = 2s
Test: time=3s
Recall@20:0.24291923602878665	NDCG@20:0.11741058824029312	Precision@20:0.020277120971164013	Recall@40:0.34479956128944533	NDCG@40:0.14095142412201783	Precision@40:0.014658668791373545	Recall@80:0.45316817221427214	NDCG@80:0.16186754717219315	Precision@80:0.009775261977267611	
Test: time=2s
Recall@20:0.2397273232220556	NDCG@20:0.13785380227777674	Precision@20:0.036938155168776333	Recall@40:0.3472546844637124	NDCG@40:0.16666331134885096	Precision@40:0.026858736188398014	Recall@80:0.4648060851823885	NDCG@80:0.19343349280168817	Precision@80:0.018300101578980935	
U-B Train Epoch: 27 [2048/34416 (6%)]	Loss: 0.590427
Train Epoch: 27: time = 2s
U-B Train Epoch: 28 [2048/34416 (6%)]	Loss: 0.575629
Train Epoch: 28: time = 2s
U-B Train Epoch: 29 [2048/34416 (6%)]	Loss: 0.581034
Train Epoch: 29: time = 2s
U-B Train Epoch: 30 [2048/34416 (6%)]	Loss: 0.571354
Train Epoch: 30: time = 2s
U-B Train Epoch: 31 [2048/34416 (6%)]	Loss: 0.585085
Train Epoch: 31: time = 3s
Test: time=2s
Recall@20:0.25057009806218844	NDCG@20:0.12377107961228588	Precision@20:0.020784049309681862	Recall@40:0.348188868887161	NDCG@40:0.14634402920644643	Precision@40:0.014709361786373405	Recall@80:0.4560747059586484	NDCG@80:0.16744173906589932	Precision@80:0.009897769806795163	
Test: time=2s
Recall@20:0.2461310796296125	NDCG@20:0.13991395796259823	Precision@20:0.037309901864998406	Recall@40:0.350865633836587	NDCG@40:0.1680633452100583	Precision@40:0.02701081549569375	Recall@80:0.46743114351541376	NDCG@80:0.19476230694821414	Precision@80:0.018393038575332605	
U-B Train Epoch: 32 [2048/34416 (6%)]	Loss: 0.538679
Train Epoch: 32: time = 2s
U-B Train Epoch: 33 [2048/34416 (6%)]	Loss: 0.543051
Train Epoch: 33: time = 2s
U-B Train Epoch: 34 [2048/34416 (6%)]	Loss: 0.552483
Train Epoch: 34: time = 2s
U-B Train Epoch: 35 [2048/34416 (6%)]	Loss: 0.530308
Train Epoch: 35: time = 2s
U-B Train Epoch: 36 [2048/34416 (6%)]	Loss: 0.543179
Train Epoch: 36: time = 2s
Test: time=2s
Recall@20:0.25402390614439	NDCG@20:0.12470826783587942	Precision@20:0.021037512995496558	Recall@40:0.3486944664648636	NDCG@40:0.14673434273944427	Precision@40:0.014836093145836523	Recall@80:0.4552339616358462	NDCG@80:0.16746497275096897	Precision@80:0.009838628301591476	
Test: time=2s
Recall@20:0.245501343887293	NDCG@20:0.13808166050113266	Precision@20:0.03737749381418283	Recall@40:0.3484625318397659	NDCG@40:0.16591598649974126	Precision@40:0.026985468837045744	Recall@80:0.47230002250813197	NDCG@80:0.19405852044180624	Precision@80:0.01857046357438789	
U-B Train Epoch: 37 [2048/34416 (6%)]	Loss: 0.563237
Train Epoch: 37: time = 2s
U-B Train Epoch: 38 [2048/34416 (6%)]	Loss: 0.574584
Train Epoch: 38: time = 13s
U-B Train Epoch: 39 [2048/34416 (6%)]	Loss: 0.561364
Train Epoch: 39: time = 2s
U-B Train Epoch: 40 [2048/34416 (6%)]	Loss: 0.551590
Train Epoch: 40: time = 10s
U-B Train Epoch: 41 [2048/34416 (6%)]	Loss: 0.541546
Train Epoch: 41: time = 4s
Test: time=3s
Recall@20:0.25271245989295105	NDCG@20:0.12313825498363705	Precision@20:0.02088543465508928	Recall@40:0.3450970174332413	NDCG@40:0.14476872038381974	Precision@40:0.014717810457725305	Recall@80:0.456330975232474	NDCG@80:0.16637824942591062	Precision@80:0.009885096638619235	
Test: time=2s
Recall@20:0.24975489506491055	NDCG@20:0.1455400472720276	Precision@20:0.03791821651581213	Recall@40:0.3487900878658727	NDCG@40:0.17270889875251483	Precision@40:0.027238932845156594	Recall@80:0.47240794273033543	NDCG@80:0.20057203802719192	Precision@80:0.018583136581415742	
U-B Train Epoch: 42 [2048/34416 (6%)]	Loss: 0.516151
Train Epoch: 42: time = 2s
U-B Train Epoch: 43 [2048/34416 (6%)]	Loss: 0.563234
Train Epoch: 43: time = 2s
U-B Train Epoch: 44 [2048/34416 (6%)]	Loss: 0.541809
Train Epoch: 44: time = 16s
U-B Train Epoch: 45 [2048/34416 (6%)]	Loss: 0.537818
Train Epoch: 45: time = 8s
U-B Train Epoch: 46 [2048/34416 (6%)]	Loss: 0.581153
Train Epoch: 46: time = 6s
Test: time=2s
Recall@20:0.259495912109045	NDCG@20:0.1270327630901949	Precision@20:0.021189591658199988	Recall@40:0.3540790296156852	NDCG@40:0.14919130171259823	Precision@40:0.014988171808539955	Recall@80:0.4614334957307156	NDCG@80:0.17019041731132772	Precision@80:0.010003379649026607	
Test: time=2s
Recall@20:0.2498564724988251	NDCG@20:0.1465229061496705	Precision@20:0.03800270387392344	Recall@40:0.3513667037979337	NDCG@40:0.1740607841468494	Precision@40:0.027205137515156685	Recall@80:0.47399173180933696	NDCG@80:0.2019654196958036	Precision@80:0.018625381227359857	
U-B Train Epoch: 47 [2048/34416 (6%)]	Loss: 0.533770
Train Epoch: 47: time = 2s
U-B Train Epoch: 48 [2048/34416 (6%)]	Loss: 0.543085
Train Epoch: 48: time = 3s
U-B Train Epoch: 49 [2048/34416 (6%)]	Loss: 0.539371
Train Epoch: 49: time = 2s
U-B Train Epoch: 50 [2048/34416 (6%)]	Loss: 0.500579
Train Epoch: 50: time = 2s
U-B Train Epoch: 51 [2048/34416 (6%)]	Loss: 0.509778
Train Epoch: 51: time = 2s
Test: time=2s
Recall@20:0.25827646722822584	NDCG@20:0.12592770755996008	Precision@20:0.02113889866320013	Recall@40:0.35411993286504095	NDCG@40:0.14837135193758053	Precision@40:0.015005069151243756	Recall@80:0.4626050654517996	NDCG@80:0.16944462143516734	Precision@80:0.009973808976998802	
Test: time=2s
Recall@20:0.2513937529537798	NDCG@20:0.1471700510409846	Precision@20:0.037918215871219824	Recall@40:0.35245942183143586	NDCG@40:0.17483052533798502	Precision@40:0.027391010863267718	Recall@80:0.47208244939960714	NDCG@80:0.2020566063017489	Precision@80:0.018595809910739745	
U-B Train Epoch: 52 [2048/34416 (6%)]	Loss: 0.550701
Train Epoch: 52: time = 3s
U-B Train Epoch: 53 [2048/34416 (6%)]	Loss: 0.509963
Train Epoch: 53: time = 3s
U-B Train Epoch: 54 [2048/34416 (6%)]	Loss: 0.502206
Train Epoch: 54: time = 8s
U-B Train Epoch: 55 [2048/34416 (6%)]	Loss: 0.562254
Train Epoch: 55: time = 8s
U-B Train Epoch: 56 [2048/34416 (6%)]	Loss: 0.481840
Train Epoch: 56: time = 15s
Test: time=2s
Recall@20:0.2619783814672926	NDCG@20:0.12813966473279348	Precision@20:0.021189591013607685	Recall@40:0.35773870501013855	NDCG@40:0.15054684065612195	Precision@40:0.01506421113989167	Recall@80:0.46481638834580413	NDCG@80:0.17141365497327407	Precision@80:0.009965359822202672	
Test: time=2s
Recall@20:0.2513224662014986	NDCG@20:0.14824574152413716	Precision@20:0.038137884549330765	Recall@40:0.3543698490371008	NDCG@40:0.17626426364167713	Precision@40:0.027450152207323327	Recall@80:0.473643940741567	NDCG@80:0.20356532358244972	Precision@80:0.01870142023641542	
U-B Train Epoch: 57 [2048/34416 (6%)]	Loss: 0.551491
Train Epoch: 57: time = 3s
U-B Train Epoch: 58 [2048/34416 (6%)]	Loss: 0.507336
Train Epoch: 58: time = 7s
U-B Train Epoch: 59 [2048/34416 (6%)]	Loss: 0.561570
Train Epoch: 59: time = 3s
U-B Train Epoch: 60 [2048/34416 (6%)]	Loss: 0.493303
Train Epoch: 60: time = 5s
U-B Train Epoch: 61 [2048/34416 (6%)]	Loss: 0.494494
Train Epoch: 61: time = 4s
Test: time=3s
Recall@20:0.2629640868645578	NDCG@20:0.12904091306778578	Precision@20:0.02127408030549591	Recall@40:0.36181288935437966	NDCG@40:0.15209462538729168	Precision@40:0.01516559680759524	Recall@80:0.46240324102248964	NDCG@80:0.17192163754250803	Precision@80:0.009978033473822827	
Test: time=2s
Recall@20:0.2559476274217694	NDCG@20:0.14951788827187712	Precision@20:0.038391349846626226	Recall@40:0.3562372845143392	NDCG@40:0.17692191796594472	Precision@40:0.02752619218326735	Recall@80:0.4788259884601269	NDCG@80:0.20479681976101777	Precision@80:0.01877745892317483	
U-B Train Epoch: 62 [2048/34416 (6%)]	Loss: 0.535676
Train Epoch: 62: time = 3s
U-B Train Epoch: 63 [2048/34416 (6%)]	Loss: 0.498263
Train Epoch: 63: time = 3s
U-B Train Epoch: 64 [2048/34416 (6%)]	Loss: 0.502826
Train Epoch: 64: time = 2s
U-B Train Epoch: 65 [2048/34416 (6%)]	Loss: 0.501213
Train Epoch: 65: time = 4s
U-B Train Epoch: 66 [2048/34416 (6%)]	Loss: 0.506407
Train Epoch: 66: time = 5s
Test: time=2s
Recall@20:0.26249147694269603	NDCG@20:0.1283409167641359	Precision@20:0.021071308325496467	Recall@40:0.3604986326804875	NDCG@40:0.151276905901652	Precision@40:0.015106454818947325	Recall@80:0.460479736328125	NDCG@80:0.17105158747511565	Precision@80:0.009931564975646994	
Test: time=5s
Recall@20:0.2559752469128876	NDCG@20:0.14991183214874113	Precision@20:0.03808719316581167	Recall@40:0.35618612966895224	NDCG@40:0.17729586658948335	Precision@40:0.02733186951921211	Recall@80:0.47997072251433653	NDCG@80:0.20543378525063893	Precision@80:0.01876056093587872	
U-B Train Epoch: 67 [2048/34416 (6%)]	Loss: 0.525343
Train Epoch: 67: time = 2s
U-B Train Epoch: 68 [2048/34416 (6%)]	Loss: 0.508054
Train Epoch: 68: time = 2s
U-B Train Epoch: 69 [2048/34416 (6%)]	Loss: 0.506482
Train Epoch: 69: time = 3s
U-B Train Epoch: 70 [2048/34416 (6%)]	Loss: 0.537264
Train Epoch: 70: time = 3s
U-B Train Epoch: 71 [2048/34416 (6%)]	Loss: 0.517546
Train Epoch: 71: time = 3s
Test: time=3s
Recall@20:0.2604393631914815	NDCG@20:0.12851460602848302	Precision@20:0.020784048665089556	Recall@40:0.3602048017238193	NDCG@40:0.15192633007135936	Precision@40:0.015013518789484115	Recall@80:0.46439809434999685	NDCG@80:0.17248338168841354	Precision@80:0.009965359822202672	
Test: time=2s
Recall@20:0.258287296378963	NDCG@20:0.15028037393201885	Precision@20:0.03825616852662659	Recall@40:0.358934800179273	NDCG@40:0.17773213181877587	Precision@40:0.027483947537323236	Recall@80:0.4827139423521196	NDCG@80:0.20585965965196223	Precision@80:0.0188661719061467	
U-B Train Epoch: 72 [2048/34416 (6%)]	Loss: 0.497635
Train Epoch: 72: time = 3s
U-B Train Epoch: 73 [2048/34416 (6%)]	Loss: 0.479824
Train Epoch: 73: time = 6s
U-B Train Epoch: 74 [2048/34416 (6%)]	Loss: 0.497459
Train Epoch: 74: time = 3s
U-B Train Epoch: 75 [2048/34416 (6%)]	Loss: 0.464313
Train Epoch: 75: time = 3s
U-B Train Epoch: 76 [2048/34416 (6%)]	Loss: 0.464955
Train Epoch: 76: time = 3s
Test: time=3s
Recall@20:0.26371655813863687	NDCG@20:0.13034378108481937	Precision@20:0.02093612765008914	Recall@40:0.3614120560749514	NDCG@40:0.15325413091878062	Precision@40:0.01504731379718787	Recall@80:0.4683601918273699	NDCG@80:0.17419740677524476	Precision@80:0.010003379649026607	
Test: time=2s
Recall@20:0.25906450968410727	NDCG@20:0.15162206703281436	Precision@20:0.038391349202033916	Recall@40:0.36165213319005574	NDCG@40:0.17928719786463174	Precision@40:0.02750084552461934	Recall@80:0.48217514569229997	NDCG@80:0.20687442327037217	Precision@80:0.018823927904794893	
U-B Train Epoch: 77 [2048/34416 (6%)]	Loss: 0.498589
Train Epoch: 77: time = 13s
U-B Train Epoch: 78 [2048/34416 (6%)]	Loss: 0.475091
Train Epoch: 78: time = 6s
U-B Train Epoch: 79 [2048/34416 (6%)]	Loss: 0.489470
Train Epoch: 79: time = 3s
U-B Train Epoch: 80 [2048/34416 (6%)]	Loss: 0.491736
Train Epoch: 80: time = 3s
U-B Train Epoch: 81 [2048/34416 (6%)]	Loss: 0.474036
Train Epoch: 81: time = 3s
Test: time=2s
Recall@20:0.261792646061935	NDCG@20:0.13000933307777912	Precision@20:0.020851639325089374	Recall@40:0.3655941967385651	NDCG@40:0.15416751048096775	Precision@40:0.015131801799891485	Recall@80:0.4673496773614397	NDCG@80:0.17430784090744075	Precision@80:0.010016053139498686	
Test: time=3s
Recall@20:0.25923359913776034	NDCG@20:0.1521405023108789	Precision@20:0.03823927053933049	Recall@40:0.36089210213741446	NDCG@40:0.1797596943382477	Precision@40:0.02746705083921174	Recall@80:0.48174446521074477	NDCG@80:0.20742706577292	Precision@80:0.018807029917498785	
U-B Train Epoch: 82 [2048/34416 (6%)]	Loss: 0.480745
Train Epoch: 82: time = 4s
U-B Train Epoch: 83 [2048/34416 (6%)]	Loss: 0.487166
Train Epoch: 83: time = 3s
U-B Train Epoch: 84 [2048/34416 (6%)]	Loss: 0.459788
Train Epoch: 84: time = 29s
U-B Train Epoch: 85 [2048/34416 (6%)]	Loss: 0.472864
Train Epoch: 85: time = 3s
U-B Train Epoch: 86 [2048/34416 (6%)]	Loss: 0.474239
Train Epoch: 86: time = 3s
Test: time=3s
Recall@20:0.2661180254493706	NDCG@20:0.13139126420867084	Precision@20:0.021172693993200035	Recall@40:0.3652656454619382	NDCG@40:0.15455755328519719	Precision@40:0.015174045156650988	Recall@80:0.4713384661170106	NDCG@80:0.17537091542998454	Precision@80:0.010070969986730268	
Test: time=7s
Recall@20:0.2578737104853572	NDCG@20:0.15191069999712872	Precision@20:0.03825616852662659	Recall@40:0.36505974720925566	NDCG@40:0.1806975452027316	Precision@40:0.02765292289813816	Recall@80:0.48262377162364817	NDCG@80:0.20767796688202306	Precision@80:0.018819703246822788	
U-B Train Epoch: 87 [2048/34416 (6%)]	Loss: 0.484643
Train Epoch: 87: time = 20s
U-B Train Epoch: 88 [2048/34416 (6%)]	Loss: 0.455650
Train Epoch: 88: time = 44s
U-B Train Epoch: 89 [2048/34416 (6%)]	Loss: 0.491401
Train Epoch: 89: time = 3s
U-B Train Epoch: 90 [2048/34416 (6%)]	Loss: 0.487307
Train Epoch: 90: time = 2s
U-B Train Epoch: 91 [2048/34416 (6%)]	Loss: 0.444851
Train Epoch: 91: time = 3s
Test: time=3s
Recall@20:0.26721732348113014	NDCG@20:0.13074989486441654	Precision@20:0.021290976681311254	Recall@40:0.3652055539888238	NDCG@40:0.15372160472914995	Precision@40:0.015258533481650757	Recall@80:0.4722392555022812	NDCG@80:0.17464941810538295	Precision@80:0.010087867651730222	
Test: time=2s
Recall@20:0.2596264807265044	NDCG@20:0.15353855082778442	Precision@20:0.03835755451662631	Recall@40:0.3654415418103403	NDCG@40:0.18203611074165946	Precision@40:0.027678270201378474	Recall@80:0.48740332559300015	NDCG@80:0.2098130731817918	Precision@80:0.018946435573174367	
U-B Train Epoch: 92 [2048/34416 (6%)]	Loss: 0.473634
Train Epoch: 92: time = 24s
U-B Train Epoch: 93 [2048/34416 (6%)]	Loss: 0.428010
Train Epoch: 93: time = 19s
U-B Train Epoch: 94 [2048/34416 (6%)]	Loss: 0.439526
Train Epoch: 94: time = 4s
U-B Train Epoch: 95 [2048/34416 (6%)]	Loss: 0.413858
Train Epoch: 95: time = 3s
U-B Train Epoch: 96 [2048/34416 (6%)]	Loss: 0.435848
Train Epoch: 96: time = 3s
Test: time=2s
Recall@20:0.2676848127617148	NDCG@20:0.1307093500083828	Precision@20:0.021307874990903513	Recall@40:0.3655393496684506	NDCG@40:0.15358853509354406	Precision@40:0.015174045801243295	Recall@80:0.47047534154935156	NDCG@80:0.17424244057209598	Precision@80:0.010058296979702418	
Test: time=2s
Recall@20:0.2589783199577164	NDCG@20:0.15276385401100193	Precision@20:0.0383575532274417	Recall@40:0.3696243373797366	NDCG@40:0.18247302571999618	Precision@40:0.027973977566248826	Recall@80:0.4847645915896154	NDCG@80:0.20885959739981572	Precision@80:0.01890419189411871	
U-B Train Epoch: 97 [2048/34416 (6%)]	Loss: 0.476973
Train Epoch: 97: time = 2s
U-B Train Epoch: 98 [2048/34416 (6%)]	Loss: 0.473355
Train Epoch: 98: time = 2s
U-B Train Epoch: 99 [2048/34416 (6%)]	Loss: 0.447575
Train Epoch: 99: time = 3s
U-B Train Epoch: 100 [2048/34416 (6%)]	Loss: 0.461306
Train Epoch: 100: time = 3s
U-B Train Epoch: 101 [2048/34416 (6%)]	Loss: 0.486525
Train Epoch: 101: time = 3s
Test: time=3s
Recall@20:0.2676059662308714	NDCG@20:0.13095019289914642	Precision@20:0.021240284008607547	Recall@40:0.3645621116357141	NDCG@40:0.15369183487809965	Precision@40:0.01512335248394728	Recall@80:0.47289422316581825	NDCG@80:0.17501454097107078	Precision@80:0.010092091987406172	
Test: time=2s
Recall@20:0.25824417573207537	NDCG@20:0.15249352231143334	Precision@20:0.03818857786662678	Recall@40:0.36704952114939327	NDCG@40:0.1819397055164065	Precision@40:0.02788104218137792	Recall@80:0.4863819819763328	NDCG@80:0.2091704249664028	Precision@80:0.018967557251554117	
U-B Train Epoch: 102 [2048/34416 (6%)]	Loss: 0.446244
Train Epoch: 102: time = 3s
U-B Train Epoch: 103 [2048/34416 (6%)]	Loss: 0.419644
Train Epoch: 103: time = 2s
U-B Train Epoch: 104 [2048/34416 (6%)]	Loss: 0.426885
Train Epoch: 104: time = 2s
U-B Train Epoch: 105 [2048/34416 (6%)]	Loss: 0.427917
Train Epoch: 105: time = 3s
U-B Train Epoch: 106 [2048/34416 (6%)]	Loss: 0.412555
Train Epoch: 106: time = 3s
Test: time=2s
Recall@20:0.2688254111116905	NDCG@20:0.13203610145953024	Precision@20:0.021375464361718718	Recall@40:0.3683687540758861	NDCG@40:0.15509972503032987	Precision@40:0.015190943143947094	Recall@80:0.47315388557354154	NDCG@80:0.17572530454459648	Precision@80:0.010087867329434069	
Test: time=3s
Recall@20:0.25970126374745217	NDCG@20:0.15330225360196117	Precision@20:0.03812098656203466	Recall@40:0.36593123600667454	NDCG@40:0.18231112475973724	Precision@40:0.0278641429048972	Recall@80:0.4886788035937764	NDCG@80:0.21000370233193488	Precision@80:0.018942210915202262	
U-B Train Epoch: 107 [2048/34416 (6%)]	Loss: 0.475622
Train Epoch: 107: time = 3s
U-B Train Epoch: 108 [2048/34416 (6%)]	Loss: 0.424484
Train Epoch: 108: time = 3s
U-B Train Epoch: 109 [2048/34416 (6%)]	Loss: 0.436768
Train Epoch: 109: time = 2s
U-B Train Epoch: 110 [2048/34416 (6%)]	Loss: 0.416612
Train Epoch: 110: time = 2s
U-B Train Epoch: 111 [2048/34416 (6%)]	Loss: 0.385944
Train Epoch: 111: time = 3s
Test: time=3s
Recall@20:0.26925857198443837	NDCG@20:0.1320106065446519	Precision@20:0.02140926001401478	Recall@40:0.36778298984229785	NDCG@40:0.1550036292093837	Precision@40:0.015224737829354696	Recall@80:0.4733641567404265	NDCG@80:0.17579361585879413	Precision@80:0.010096316323082123	
Test: time=2s
Recall@20:0.26037223792712644	NDCG@20:0.15311661875300328	Precision@20:0.038509631890145134	Recall@40:0.36850154009087743	NDCG@40:0.18233710956476798	Precision@40:0.02796552953948923	Recall@80:0.48825769401877744	NDCG@80:0.2097688489928766	Precision@80:0.019035147911553932	
U-B Train Epoch: 112 [2048/34416 (6%)]	Loss: 0.411012
Train Epoch: 112: time = 3s
U-B Train Epoch: 113 [2048/34416 (6%)]	Loss: 0.408419
Train Epoch: 113: time = 3s
U-B Train Epoch: 114 [2048/34416 (6%)]	Loss: 0.442677
Train Epoch: 114: time = 3s
U-B Train Epoch: 115 [2048/34416 (6%)]	Loss: 0.439363
Train Epoch: 115: time = 2s
U-B Train Epoch: 116 [2048/34416 (6%)]	Loss: 0.388287
Train Epoch: 116: time = 3s
Test: time=2s
Recall@20:0.27286418928975953	NDCG@20:0.1333041924324822	Precision@20:0.021662724344421777	Recall@40:0.36717934719651646	NDCG@40:0.1554294133677842	Precision@40:0.015250084810298856	Recall@80:0.4732321958035865	NDCG@80:0.1762947348091561	Precision@80:0.01010054081990615	
Test: time=2s
Recall@20:0.26260881336930236	NDCG@20:0.15507137586072153	Precision@20:0.03891517391636711	Recall@40:0.36757495154316017	NDCG@40:0.18365570305569343	Precision@40:0.028075362911656243	Recall@80:0.488753411285617	NDCG@80:0.2114111361128126	Precision@80:0.019123859927637345	
U-B Train Epoch: 117 [2048/34416 (6%)]	Loss: 0.387103
Train Epoch: 117: time = 18s
U-B Train Epoch: 118 [2048/34416 (6%)]	Loss: 0.383948
Train Epoch: 118: time = 3s
U-B Train Epoch: 119 [2048/34416 (6%)]	Loss: 0.389910
Train Epoch: 119: time = 3s
U-B Train Epoch: 120 [2048/34416 (6%)]	Loss: 0.409184
Train Epoch: 120: time = 2s
U-B Train Epoch: 121 [2048/34416 (6%)]	Loss: 0.408722
Train Epoch: 121: time = 3s
Test: time=2s
Recall@20:0.2704695598142056	NDCG@20:0.13076897737503695	Precision@20:0.021493748339014546	Recall@40:0.36827959406815014	NDCG@40:0.15373354515702228	Precision@40:0.015351470155706273	Recall@80:0.47867644304518525	NDCG@80:0.17525733053059786	Precision@80:0.010185028822609766	
Test: time=2s
Recall@20:0.26322765292328487	NDCG@20:0.15424607596956583	Precision@20:0.03908414992177434	Recall@40:0.36865369481547294	NDCG@40:0.18296159059061073	Precision@40:0.02824433956165578	Recall@80:0.4890045857018577	NDCG@80:0.2104048140752392	Precision@80:0.019085840261961487	
U-B Train Epoch: 122 [2048/34416 (6%)]	Loss: 0.392745
Train Epoch: 122: time = 2s
U-B Train Epoch: 123 [2048/34416 (6%)]	Loss: 0.391499
Train Epoch: 123: time = 2s
U-B Train Epoch: 124 [2048/34416 (6%)]	Loss: 0.416626
Train Epoch: 124: time = 2s
U-B Train Epoch: 125 [2048/34416 (6%)]	Loss: 0.400454
Train Epoch: 125: time = 8s
U-B Train Epoch: 126 [2048/34416 (6%)]	Loss: 0.408150
Train Epoch: 126: time = 3s
Test: time=2s
Recall@20:0.27363383765960314	NDCG@20:0.13298721029855948	Precision@20:0.021865495357532766	Recall@40:0.3692404697697966	NDCG@40:0.15529014275419667	Precision@40:0.01537681681435428	Recall@80:0.47780244807288147	NDCG@80:0.17649773755320103	Precision@80:0.010168131157609811	
Test: time=2s
Recall@20:0.26514430431225444	NDCG@20:0.1554242411591226	Precision@20:0.03933761392988519	Recall@40:0.37004710742451524	NDCG@40:0.18401998537301453	Precision@40:0.028269686220303788	Recall@80:0.4929456849402775	NDCG@80:0.21210990511271227	Precision@80:0.01926748927439657	
U-B Train Epoch: 127 [2048/34416 (6%)]	Loss: 0.382481
Train Epoch: 127: time = 3s
U-B Train Epoch: 128 [2048/34416 (6%)]	Loss: 0.364490
Train Epoch: 128: time = 3s
U-B Train Epoch: 129 [2048/34416 (6%)]	Loss: 0.406194
Train Epoch: 129: time = 3s
U-B Train Epoch: 130 [2048/34416 (6%)]	Loss: 0.361479
Train Epoch: 130: time = 3s
U-B Train Epoch: 131 [2048/34416 (6%)]	Loss: 0.377159
Train Epoch: 131: time = 3s
Test: time=2s
Recall@20:0.2708987139011807	NDCG@20:0.13343585427849225	Precision@20:0.021713417017125487	Recall@40:0.36992105610993475	NDCG@40:0.15652736291244007	Precision@40:0.015402163473002288	Recall@80:0.47801930955150074	NDCG@80:0.1777254048534727	Precision@80:0.010206151306729899	
Test: time=3s
Recall@20:0.26538856869897715	NDCG@20:0.15517715087973133	Precision@20:0.03955728454177305	Recall@40:0.3733103327672197	NDCG@40:0.18429414337251024	Precision@40:0.0283795195924708	Recall@80:0.4914669489369033	NDCG@80:0.2116312669636068	Precision@80:0.01930128460439648	
U-B Train Epoch: 132 [2048/34416 (6%)]	Loss: 0.397874
Train Epoch: 132: time = 3s
U-B Train Epoch: 133 [2048/34416 (6%)]	Loss: 0.415906
Train Epoch: 133: time = 3s
U-B Train Epoch: 134 [2048/34416 (6%)]	Loss: 0.393436
Train Epoch: 134: time = 3s
U-B Train Epoch: 135 [2048/34416 (6%)]	Loss: 0.408795
Train Epoch: 135: time = 2s
U-B Train Epoch: 136 [2048/34416 (6%)]	Loss: 0.362023
Train Epoch: 136: time = 3s
Test: time=15s
Recall@20:0.27085660913176696	NDCG@20:0.13302687850905737	Precision@20:0.021797905019829103	Recall@40:0.3676563764432267	NDCG@40:0.15566650473132815	Precision@40:0.015334572813002472	Recall@80:0.4828243996896386	NDCG@80:0.17819174675975308	Precision@80:0.010303311994165213	
Test: time=2s
Recall@20:0.2664807194912502	NDCG@20:0.15541068925048582	Precision@20:0.03940520523447731	Recall@40:0.37270420973024565	NDCG@40:0.18437329415092196	Precision@40:0.02841331621165532	Recall@80:0.49314840664207715	NDCG@80:0.21201905369476598	Precision@80:0.01931395857831279	
