nohup: ignoring input
>>>>>>>>>>B-I statistics>>>>>>>>>>
Average interactions 37.02934265136719
Non-zero rows 1.0
Non-zero columns 0.8566981995727799
Matrix density 0.0011299769286862884
finish loading assist data
>>>>>>>>>>U-I statistics>>>>>>>>>>
Average interactions 17.230377197265625
Non-zero rows 0.9958950118173903
Non-zero columns 0.641867561794324
Matrix density 0.0005257972814327529
finish loading item data
>>>>>>>>>>U-B statistics in train>>>>>>>>>>
Average interactions 4.281129360198975
Non-zero rows 0.3680806070406767
Non-zero columns 0.8645986166422134
Matrix density 0.0008973233061660289
finish loading bundle train data
>>>>>>>>>>U-B statistics in test>>>>>>>>>>
Average interactions 1.2123398780822754
Non-zero rows 0.3680806070406767
Non-zero columns 0.5017815971494446
Matrix density 0.0002541060245785134
finish loading bundle test data
>>>>>>>>>>B-I statistics>>>>>>>>>>
Average interactions 37.02934265136719
Non-zero rows 1.0
Non-zero columns 0.8566981995727799
Matrix density 0.0011299769286862884
finish loading assist data
>>>>>>>>>>U-I statistics>>>>>>>>>>
Average interactions 17.230377197265625
Non-zero rows 0.9958950118173903
Non-zero columns 0.641867561794324
Matrix density 0.0005257972814327529
finish loading item data
>>>>>>>>>>U-B statistics in train>>>>>>>>>>
Average interactions 4.281129360198975
Non-zero rows 0.3680806070406767
Non-zero columns 0.8645986166422134
Matrix density 0.0008973233061660289
finish loading bundle train data
>>>>>>>>>>U-B statistics in test>>>>>>>>>>
Average interactions 0.6454783082008362
Non-zero rows 0.3680806070406767
Non-zero columns 0.34835464263257176
Matrix density 0.00013529203381263145
finish loading bundle test data
IHGCN model
/data/nfs/lzm/IHBR/IHBR_1/model/IHGCN.py:170: UserWarning: Creating a tensor from a list of numpy.ndarrays is extremely slow. Please consider converting the list to a single numpy.ndarray with numpy.array() before converting to a tensor. (Triggered internally at  /opt/conda/conda-bld/pytorch_1640811805959/work/torch/csrc/utils/tensor_new.cpp:201.)
  ub_indices = torch.tensor([ub_graph_coo.row, ub_graph_coo.col], dtype=torch.long)
finish generating bi, ui graph
finish generating non-atom graph
U-B Train Epoch: 1 [2048/34416 (6%)]	Loss: 0.995782
Train Epoch: 1: time = 4s
Test: time=3s
Recall@20:0.043437694125418806	NDCG@20:0.015929158936887625	Precision@20:0.0037005746151072307	Recall@40:0.08437830340664867	NDCG@40:0.024910661569113826	Precision@40:0.003371071436792743	Recall@80:0.1605162083921339	NDCG@80:0.039202804539645995	Precision@80:0.003206319847635499	
Test: time=3s
Recall@20:0.04770026508317118	NDCG@20:0.022309043190696022	Precision@20:0.007570125235621693	Recall@40:0.09746412023896904	NDCG@40:0.035023568408962195	Precision@40:0.007232173063659152	Recall@80:0.1819083164494841	NDCG@80:0.053331304861508985	Precision@80:0.00664075704473384	
U-B Train Epoch: 2 [2048/34416 (6%)]	Loss: 0.989305
Train Epoch: 2: time = 2s
U-B Train Epoch: 3 [2048/34416 (6%)]	Loss: 0.981759
Train Epoch: 3: time = 3s
U-B Train Epoch: 4 [2048/34416 (6%)]	Loss: 0.964435
Train Epoch: 4: time = 2s
U-B Train Epoch: 5 [2048/34416 (6%)]	Loss: 0.937448
Train Epoch: 5: time = 3s
U-B Train Epoch: 6 [2048/34416 (6%)]	Loss: 0.907994
Train Epoch: 6: time = 2s
Test: time=2s
Recall@20:0.12800683230715612	NDCG@20:0.05353456028573776	Precision@20:0.011422778352284278	Recall@40:0.22008776108773023	NDCG@40:0.07450653339165536	Precision@40:0.009631632630508386	Recall@80:0.33339313431018186	NDCG@80:0.09608349891964267	Precision@80:0.007232173224807229	
Test: time=2s
Recall@20:0.1284746670892167	NDCG@20:0.062309842691424734	Precision@20:0.021933085372940274	Recall@40:0.2149387474356571	NDCG@40:0.08596415904858258	Precision@40:0.01826630624898103	Recall@80:0.3422248894477785	NDCG@80:0.11452945401113393	Precision@80:0.014160190091096054	
U-B Train Epoch: 7 [2048/34416 (6%)]	Loss: 0.905201
Train Epoch: 7: time = 3s
U-B Train Epoch: 8 [2048/34416 (6%)]	Loss: 0.822190
Train Epoch: 8: time = 10s
U-B Train Epoch: 9 [2048/34416 (6%)]	Loss: 0.732740
Train Epoch: 9: time = 3s
U-B Train Epoch: 10 [2048/34416 (6%)]	Loss: 0.701591
Train Epoch: 10: time = 3s
U-B Train Epoch: 11 [2048/34416 (6%)]	Loss: 0.723553
Train Epoch: 11: time = 3s
Test: time=2s
Recall@20:0.1747991156441088	NDCG@20:0.07384486712487656	Precision@20:0.015410611822058036	Recall@40:0.2807239972082656	NDCG@40:0.09825764688618806	Precision@40:0.012267658057024287	Recall@80:0.39833478808362727	NDCG@80:0.12072712136668586	Precision@80:0.008617776598064994	
Test: time=2s
Recall@20:0.1768067086939475	NDCG@20:0.09315818691221432	Precision@20:0.029841162941672585	Recall@40:0.2860652643830924	NDCG@40:0.12185962105893171	Precision@40:0.023090572041327504	Recall@80:0.41867193316800966	NDCG@80:0.15106336794096137	Precision@80:0.0165427508649088	
U-B Train Epoch: 12 [2048/34416 (6%)]	Loss: 0.694099
Train Epoch: 12: time = 2s
U-B Train Epoch: 13 [2048/34416 (6%)]	Loss: 0.665462
Train Epoch: 13: time = 3s
U-B Train Epoch: 14 [2048/34416 (6%)]	Loss: 0.666719
Train Epoch: 14: time = 6s
U-B Train Epoch: 15 [2048/34416 (6%)]	Loss: 0.688108
Train Epoch: 15: time = 2s
U-B Train Epoch: 16 [2048/34416 (6%)]	Loss: 0.676651
Train Epoch: 16: time = 2s
Test: time=3s
Recall@20:0.19439348670106033	NDCG@20:0.08641647720465832	Precision@20:0.016458263184501335	Recall@40:0.30091568617129416	NDCG@40:0.11079332481247624	Precision@40:0.012783035066894037	Recall@80:0.41297764599262843	NDCG@80:0.13227479656873098	Precision@80:0.008790976939148177	
Test: time=3s
Recall@20:0.19331036535780668	NDCG@20:0.10164531206270858	Precision@20:0.029942550220856918	Recall@40:0.29596018428615556	NDCG@40:0.12940195953173184	Precision@40:0.02328489406079044	Recall@80:0.4292046436388455	NDCG@80:0.15894647916050608	Precision@80:0.016737073851260192	
U-B Train Epoch: 17 [2048/34416 (6%)]	Loss: 0.641855
Train Epoch: 17: time = 4s
U-B Train Epoch: 18 [2048/34416 (6%)]	Loss: 0.633839
Train Epoch: 18: time = 2s
U-B Train Epoch: 19 [2048/34416 (6%)]	Loss: 0.640438
Train Epoch: 19: time = 3s
U-B Train Epoch: 20 [2048/34416 (6%)]	Loss: 0.661725
Train Epoch: 20: time = 3s
U-B Train Epoch: 21 [2048/34416 (6%)]	Loss: 0.665594
Train Epoch: 21: time = 3s
Test: time=3s
Recall@20:0.18757356603067443	NDCG@20:0.08254375760722056	Precision@20:0.016306184521797905	Recall@40:0.29716938272768195	NDCG@40:0.10743483388371547	Precision@40:0.012732342071894175	Recall@80:0.4169248301824149	NDCG@80:0.13039611940167972	Precision@80:0.008921933601175703	
Test: time=2s
Recall@20:0.19693577422528463	NDCG@20:0.10096840247708264	Precision@20:0.030719838298708654	Recall@40:0.30403514680285515	NDCG@40:0.12946940451387057	Precision@40:0.02351301141025328	Recall@80:0.4310900812899998	NDCG@80:0.15803889061559412	Precision@80:0.01683845919666761	
U-B Train Epoch: 22 [2048/34416 (6%)]	Loss: 0.671029
Train Epoch: 22: time = 2s
U-B Train Epoch: 23 [2048/34416 (6%)]	Loss: 0.667516
Train Epoch: 23: time = 2s
U-B Train Epoch: 24 [2048/34416 (6%)]	Loss: 0.676800
Train Epoch: 24: time = 2s
U-B Train Epoch: 25 [2048/34416 (6%)]	Loss: 0.639540
Train Epoch: 25: time = 2s
U-B Train Epoch: 26 [2048/34416 (6%)]	Loss: 0.652398
Train Epoch: 26: time = 2s
Test: time=3s
Recall@20:0.19314574679638655	NDCG@20:0.08960273178012922	Precision@20:0.016644136854908523	Recall@40:0.29654564427217545	NDCG@40:0.11332968466585655	Precision@40:0.012732342394190327	Recall@80:0.4212575837058286	NDCG@80:0.13715858369229733	Precision@80:0.008959952783407332	
Test: time=2s
Recall@20:0.1992123762712804	NDCG@20:0.10961597180922476	Precision@20:0.031142278312226733	Recall@40:0.3037530267991984	NDCG@40:0.1372655602313651	Precision@40:0.023546805451068575	Recall@80:0.43134698999939275	NDCG@80:0.1660239402407446	Precision@80:0.01685958119734351	
U-B Train Epoch: 27 [2048/34416 (6%)]	Loss: 0.666069
Train Epoch: 27: time = 3s
U-B Train Epoch: 28 [2048/34416 (6%)]	Loss: 0.657029
Train Epoch: 28: time = 3s
U-B Train Epoch: 29 [2048/34416 (6%)]	Loss: 0.657249
Train Epoch: 29: time = 3s
U-B Train Epoch: 30 [2048/34416 (6%)]	Loss: 0.642489
Train Epoch: 30: time = 2s
U-B Train Epoch: 31 [2048/34416 (6%)]	Loss: 0.655160
Train Epoch: 31: time = 2s
Test: time=2s
Recall@20:0.20366061495219828	NDCG@20:0.0929384092980037	Precision@20:0.016846908190315663	Recall@40:0.30561455781091584	NDCG@40:0.11661320435271628	Precision@40:0.013053396740004839	Recall@80:0.42621808762726004	NDCG@80:0.13950427829836543	Precision@80:0.009027543121110993	
Test: time=2s
Recall@20:0.20190142972842387	NDCG@20:0.1080973742176609	Precision@20:0.031057790954115424	Recall@40:0.3050493173963438	NDCG@40:0.13556159851961178	Precision@40:0.02358905009701269	Recall@80:0.42912845798504035	NDCG@80:0.1639598344942733	Precision@80:0.01693562052869523	
U-B Train Epoch: 32 [2048/34416 (6%)]	Loss: 0.625810
Train Epoch: 32: time = 3s
U-B Train Epoch: 33 [2048/34416 (6%)]	Loss: 0.629575
Train Epoch: 33: time = 2s
U-B Train Epoch: 34 [2048/34416 (6%)]	Loss: 0.628915
Train Epoch: 34: time = 2s
U-B Train Epoch: 35 [2048/34416 (6%)]	Loss: 0.616673
Train Epoch: 35: time = 2s
U-B Train Epoch: 36 [2048/34416 (6%)]	Loss: 0.626742
Train Epoch: 36: time = 3s
Test: time=3s
Recall@20:0.20538362565577212	NDCG@20:0.09554593214194249	Precision@20:0.017015884195722895	Recall@40:0.3066879587021983	NDCG@40:0.11896845181675608	Precision@40:0.013019601087708778	Recall@80:0.428631379339251	NDCG@80:0.14234843355612645	Precision@80:0.00909513378111081	
Test: time=3s
Recall@20:0.20274632522567537	NDCG@20:0.10933134047394469	Precision@20:0.03144643499304129	Recall@40:0.30547466581034555	NDCG@40:0.1369904662838414	Precision@40:0.023943900739715567	Recall@80:0.4317089827248437	NDCG@80:0.1655315361783568	Precision@80:0.01711726954113031	
U-B Train Epoch: 37 [2048/34416 (6%)]	Loss: 0.645263
Train Epoch: 37: time = 3s
U-B Train Epoch: 38 [2048/34416 (6%)]	Loss: 0.650359
Train Epoch: 38: time = 4s
U-B Train Epoch: 39 [2048/34416 (6%)]	Loss: 0.641931
Train Epoch: 39: time = 3s
U-B Train Epoch: 40 [2048/34416 (6%)]	Loss: 0.631268
Train Epoch: 40: time = 3s
U-B Train Epoch: 41 [2048/34416 (6%)]	Loss: 0.628054
Train Epoch: 41: time = 3s
Test: time=3s
Recall@20:0.20676748798521197	NDCG@20:0.09515244463643097	Precision@20:0.01726934788153759	Recall@40:0.29992020875467323	NDCG@40:0.11673800000148514	Precision@40:0.012808381080949737	Recall@80:0.41861108365434374	NDCG@80:0.13958059802737016	Precision@80:0.00896417728023136	
Test: time=3s
Recall@20:0.20548213483031114	NDCG@20:0.11489205265335233	Precision@20:0.0320716456973742	Recall@40:0.30575076274349705	NDCG@40:0.14185103261418422	Precision@40:0.02397769671430778	Recall@80:0.42869902543418914	NDCG@80:0.16993970700154717	Precision@80:0.017053903216806447	
U-B Train Epoch: 42 [2048/34416 (6%)]	Loss: 0.607650
Train Epoch: 42: time = 3s
U-B Train Epoch: 43 [2048/34416 (6%)]	Loss: 0.641634
Train Epoch: 43: time = 2s
U-B Train Epoch: 44 [2048/34416 (6%)]	Loss: 0.625629
Train Epoch: 44: time = 2s
U-B Train Epoch: 45 [2048/34416 (6%)]	Loss: 0.625238
Train Epoch: 45: time = 2s
U-B Train Epoch: 46 [2048/34416 (6%)]	Loss: 0.651706
Train Epoch: 46: time = 2s
Test: time=2s
Recall@20:0.2120269383478503	NDCG@20:0.1027188908614674	Precision@20:0.017505914546944636	Recall@40:0.3099852855562479	NDCG@40:0.1253940650602175	Precision@40:0.013129435104468096	Recall@80:0.42718970997182854	NDCG@80:0.14800882548970037	Precision@80:0.009099357794490606	
Test: time=2s
Recall@20:0.21375570397153018	NDCG@20:0.1192820227681966	Precision@20:0.032494087000076895	Recall@40:0.3107644377950479	NDCG@40:0.14538641514186723	Precision@40:0.023952349411067466	Recall@80:0.43286637141520046	NDCG@80:0.1733281534239423	Precision@80:0.017079250197750605	
U-B Train Epoch: 47 [2048/34416 (6%)]	Loss: 0.627143
Train Epoch: 47: time = 3s
U-B Train Epoch: 48 [2048/34416 (6%)]	Loss: 0.631657
Train Epoch: 48: time = 3s
U-B Train Epoch: 49 [2048/34416 (6%)]	Loss: 0.624946
Train Epoch: 49: time = 3s
U-B Train Epoch: 50 [2048/34416 (6%)]	Loss: 0.592744
Train Epoch: 50: time = 3s
U-B Train Epoch: 51 [2048/34416 (6%)]	Loss: 0.599290
Train Epoch: 51: time = 3s
Test: time=2s
Recall@20:0.21199742633372232	NDCG@20:0.1001421846864835	Precision@20:0.017708685560055625	Recall@40:0.3077395053359454	NDCG@40:0.1222883600284619	Precision@40:0.013146333736356508	Recall@80:0.43133553172656514	NDCG@80:0.1458867760516776	Precision@80:0.009175397125842323	
Test: time=2s
Recall@20:0.22386326198442516	NDCG@20:0.12764902685332355	Precision@20:0.033710713723335124	Recall@40:0.3157499983085898	NDCG@40:0.15280589947792356	Precision@40:0.02450997009999287	Recall@80:0.43544422496448865	NDCG@80:0.17994851347319618	Precision@80:0.017138391541806214	
U-B Train Epoch: 52 [2048/34416 (6%)]	Loss: 0.634312
Train Epoch: 52: time = 4s
U-B Train Epoch: 53 [2048/34416 (6%)]	Loss: 0.605399
Train Epoch: 53: time = 3s
U-B Train Epoch: 54 [2048/34416 (6%)]	Loss: 0.602512
Train Epoch: 54: time = 7s
U-B Train Epoch: 55 [2048/34416 (6%)]	Loss: 0.639415
Train Epoch: 55: time = 3s
U-B Train Epoch: 56 [2048/34416 (6%)]	Loss: 0.575130
Train Epoch: 56: time = 2s
Test: time=2s
Recall@20:0.22441610044303398	NDCG@20:0.11053376811789113	Precision@20:0.018671849242091462	Recall@40:0.3185437851235769	NDCG@40:0.13206802682725108	Precision@40:0.01339134842852315	Recall@80:0.43550470319298645	NDCG@80:0.1545590049070698	Precision@80:0.009217641288342206	
Test: time=3s
Recall@20:0.2185137388713459	NDCG@20:0.12617639127153124	Precision@20:0.03357553369252011	Recall@40:0.31825623507433626	NDCG@40:0.15305427378518793	Precision@40:0.02473808744945571	Recall@80:0.4392100879170275	NDCG@80:0.1805242014398604	Precision@80:0.01735383556194505	
U-B Train Epoch: 57 [2048/34416 (6%)]	Loss: 0.636191
Train Epoch: 57: time = 2s
U-B Train Epoch: 58 [2048/34416 (6%)]	Loss: 0.603540
Train Epoch: 58: time = 2s
U-B Train Epoch: 59 [2048/34416 (6%)]	Loss: 0.648919
Train Epoch: 59: time = 2s
U-B Train Epoch: 60 [2048/34416 (6%)]	Loss: 0.589113
Train Epoch: 60: time = 2s
U-B Train Epoch: 61 [2048/34416 (6%)]	Loss: 0.598352
Train Epoch: 61: time = 3s
Test: time=2s
Recall@20:0.22617290841038462	NDCG@20:0.10911488895603191	Precision@20:0.018688747229387567	Recall@40:0.3191874956270858	NDCG@40:0.13045740208137516	Precision@40:0.013416695087171157	Recall@80:0.4296772896578764	NDCG@80:0.15171396784703448	Precision@80:0.009116255298342485	
Test: time=2s
Recall@20:0.2253311997774929	NDCG@20:0.12853954401560916	Precision@20:0.034099357117668684	Recall@40:0.319979637690032	NDCG@40:0.15433275300773988	Precision@40:0.024966204798918555	Recall@80:0.44299765042494826	NDCG@80:0.18183682342766508	Precision@80:0.017349611548565257	
U-B Train Epoch: 62 [2048/34416 (6%)]	Loss: 0.634546
Train Epoch: 62: time = 2s
U-B Train Epoch: 63 [2048/34416 (6%)]	Loss: 0.601256
Train Epoch: 63: time = 2s
U-B Train Epoch: 64 [2048/34416 (6%)]	Loss: 0.603592
Train Epoch: 64: time = 5s
U-B Train Epoch: 65 [2048/34416 (6%)]	Loss: 0.596045
Train Epoch: 65: time = 3s
U-B Train Epoch: 66 [2048/34416 (6%)]	Loss: 0.608775
Train Epoch: 66: time = 2s
Test: time=2s
Recall@20:0.23466971791568098	NDCG@20:0.1117130497413215	Precision@20:0.019094288611017234	Recall@40:0.3187544636727991	NDCG@40:0.13146897110031763	Precision@40:0.013518080754874727	Recall@80:0.43305665506386765	NDCG@80:0.15348404152403816	Precision@80:0.009204968281314356	
Test: time=2s
Recall@20:0.2297360187206932	NDCG@20:0.13256718363863426	Precision@20:0.03447110510307536	Recall@40:0.3233670115108303	NDCG@40:0.15820886702825993	Precision@40:0.025000000773510767	Recall@80:0.44155519723328196	NDCG@80:0.18492964950515112	Precision@80:0.017286245868833695	
U-B Train Epoch: 67 [2048/34416 (6%)]	Loss: 0.623355
Train Epoch: 67: time = 2s
U-B Train Epoch: 68 [2048/34416 (6%)]	Loss: 0.607443
Train Epoch: 68: time = 2s
U-B Train Epoch: 69 [2048/34416 (6%)]	Loss: 0.611093
Train Epoch: 69: time = 2s
U-B Train Epoch: 70 [2048/34416 (6%)]	Loss: 0.627771
Train Epoch: 70: time = 3s
U-B Train Epoch: 71 [2048/34416 (6%)]	Loss: 0.615988
Train Epoch: 71: time = 3s
Test: time=4s
Recall@20:0.23999340576914446	NDCG@20:0.116004871653318	Precision@20:0.019499831926423822	Recall@40:0.32607205601389566	NDCG@40:0.13596087962076767	Precision@40:0.013611017428930243	Recall@80:0.4363527700843824	NDCG@80:0.15744870705715747	Precision@80:0.009281007612666071	
Test: time=2s
Recall@20:0.23057857305869012	NDCG@20:0.1329894096475068	Precision@20:0.034707672413074715	Recall@40:0.3255030511802578	NDCG@40:0.15883795044316598	Precision@40:0.02510983543486239	Recall@80:0.44325946834934205	NDCG@80:0.18551023637333927	Precision@80:0.01736228487788926	
U-B Train Epoch: 72 [2048/34416 (6%)]	Loss: 0.598059
Train Epoch: 72: time = 2s
U-B Train Epoch: 73 [2048/34416 (6%)]	Loss: 0.586743
Train Epoch: 73: time = 2s
U-B Train Epoch: 74 [2048/34416 (6%)]	Loss: 0.602332
Train Epoch: 74: time = 2s
U-B Train Epoch: 75 [2048/34416 (6%)]	Loss: 0.575863
Train Epoch: 75: time = 2s
U-B Train Epoch: 76 [2048/34416 (6%)]	Loss: 0.573179
Train Epoch: 76: time = 2s
Test: time=2s
Recall@20:0.2357836249874588	NDCG@20:0.11696041786578025	Precision@20:0.019195674923313113	Recall@40:0.3330816054271661	NDCG@40:0.1394208139082434	Precision@40:0.013923622781096701	Recall@80:0.4416839713057621	NDCG@80:0.1605347778072789	Precision@80:0.009411963952397446	
Test: time=2s
Recall@20:0.23049004217304464	NDCG@20:0.13423398847151302	Precision@20:0.03474146709848232	Recall@40:0.3282824558517183	NDCG@40:0.16075996741848889	Precision@40:0.025245016110269716	Recall@80:0.45028220354281956	NDCG@80:0.18852592280040764	Precision@80:0.017649544538296168	
U-B Train Epoch: 77 [2048/34416 (6%)]	Loss: 0.603371
Train Epoch: 77: time = 2s
U-B Train Epoch: 78 [2048/34416 (6%)]	Loss: 0.581103
Train Epoch: 78: time = 2s
U-B Train Epoch: 79 [2048/34416 (6%)]	Loss: 0.591945
Train Epoch: 79: time = 3s
U-B Train Epoch: 80 [2048/34416 (6%)]	Loss: 0.594402
Train Epoch: 80: time = 2s
U-B Train Epoch: 81 [2048/34416 (6%)]	Loss: 0.577121
Train Epoch: 81: time = 3s
Test: time=2s
Recall@20:0.23811066509219753	NDCG@20:0.11768598127864671	Precision@20:0.01926326493872062	Recall@40:0.32958541411167463	NDCG@40:0.13906795118821155	Precision@40:0.013771544440689423	Recall@80:0.4412523935517172	NDCG@80:0.16077800568957393	Precision@80:0.009399290461925365	
Test: time=2s
Recall@20:0.23033913537915313	NDCG@20:0.13460989923403044	Precision@20:0.03485975043118584	Recall@40:0.3262795992661425	NDCG@40:0.16053448645155668	Precision@40:0.025084488776214383	Recall@80:0.44635213972467475	NDCG@80:0.18802172785556248	Precision@80:0.017603075878972255	
U-B Train Epoch: 82 [2048/34416 (6%)]	Loss: 0.590633
Train Epoch: 82: time = 3s
U-B Train Epoch: 83 [2048/34416 (6%)]	Loss: 0.597673
Train Epoch: 83: time = 2s
U-B Train Epoch: 84 [2048/34416 (6%)]	Loss: 0.573927
Train Epoch: 84: time = 2s
U-B Train Epoch: 85 [2048/34416 (6%)]	Loss: 0.583792
Train Epoch: 85: time = 2s
U-B Train Epoch: 86 [2048/34416 (6%)]	Loss: 0.586421
Train Epoch: 86: time = 12s
Test: time=2s
Recall@20:0.24164802265070548	NDCG@20:0.11632153149108783	Precision@20:0.019364650284128038	Recall@40:0.3359977874291753	NDCG@40:0.13823753581251716	Precision@40:0.013872930108392993	Recall@80:0.441744057622138	NDCG@80:0.15889539393108815	Precision@80:0.009365495131925458	
Test: time=3s
Recall@20:0.22945263531611715	NDCG@20:0.13491605479558524	Precision@20:0.03438661774496405	Recall@40:0.330870622877899	NDCG@40:0.1624572408404774	Precision@40:0.025413992115676947	Recall@80:0.44893405678385856	NDCG@80:0.18922224234954535	Precision@80:0.017598851221000154	
U-B Train Epoch: 87 [2048/34416 (6%)]	Loss: 0.599962
Train Epoch: 87: time = 2s
U-B Train Epoch: 88 [2048/34416 (6%)]	Loss: 0.572903
Train Epoch: 88: time = 3s
U-B Train Epoch: 89 [2048/34416 (6%)]	Loss: 0.604032
Train Epoch: 89: time = 3s
U-B Train Epoch: 90 [2048/34416 (6%)]	Loss: 0.601620
Train Epoch: 90: time = 3s
U-B Train Epoch: 91 [2048/34416 (6%)]	Loss: 0.560393
Train Epoch: 91: time = 3s
Test: time=3s
Recall@20:0.24098955356176338	NDCG@20:0.11683681858033093	Precision@20:0.019533626934127576	Recall@40:0.3343115184870311	NDCG@40:0.13850318519357654	Precision@40:0.01399121408568882	Recall@80:0.4437494925769369	NDCG@80:0.1599275899038157	Precision@80:0.00950912512327699	
Test: time=2s
Recall@20:0.23401604975023235	NDCG@20:0.13799311930201028	Precision@20:0.03464008239766721	Recall@40:0.3315820671408996	NDCG@40:0.16446443166471728	Precision@40:0.025261912163788904	Recall@80:0.4509351600783626	NDCG@80:0.1916987195777184	Precision@80:0.017628422537620262	
U-B Train Epoch: 92 [2048/34416 (6%)]	Loss: 0.578441
Train Epoch: 92: time = 2s
U-B Train Epoch: 93 [2048/34416 (6%)]	Loss: 0.552059
Train Epoch: 93: time = 2s
U-B Train Epoch: 94 [2048/34416 (6%)]	Loss: 0.555245
Train Epoch: 94: time = 2s
U-B Train Epoch: 95 [2048/34416 (6%)]	Loss: 0.532667
Train Epoch: 95: time = 2s
U-B Train Epoch: 96 [2048/34416 (6%)]	Loss: 0.554792
Train Epoch: 96: time = 22s
Test: time=2s
Recall@20:0.24406062851648308	NDCG@20:0.11692117250783494	Precision@20:0.019533626934127576	Recall@40:0.3320170638125343	NDCG@40:0.13756177617956472	Precision@40:0.013779993434337475	Recall@80:0.4416614466722288	NDCG@80:0.15899339774525942	Precision@80:0.009382392958073488	
Test: time=2s
Recall@20:0.23280122015032265	NDCG@20:0.136276366300541	Precision@20:0.03425143642496442	Recall@40:0.331710428674304	NDCG@40:0.1631549527089956	Precision@40:0.025245016754862022	Recall@80:0.44884751639925335	NDCG@80:0.18988926131083136	Precision@80:0.01753548521897244	
U-B Train Epoch: 97 [2048/34416 (6%)]	Loss: 0.590838
Train Epoch: 97: time = 2s
U-B Train Epoch: 98 [2048/34416 (6%)]	Loss: 0.587388
Train Epoch: 98: time = 2s
U-B Train Epoch: 99 [2048/34416 (6%)]	Loss: 0.571589
Train Epoch: 99: time = 2s
U-B Train Epoch: 100 [2048/34416 (6%)]	Loss: 0.582554
Train Epoch: 100: time = 2s
U-B Train Epoch: 101 [2048/34416 (6%)]	Loss: 0.598456
Train Epoch: 101: time = 4s
Test: time=2s
Recall@20:0.24526639257020424	NDCG@20:0.11683248692003606	Precision@20:0.019685704629942548	Recall@40:0.3354852282545703	NDCG@40:0.13787006405246705	Precision@40:0.013940520446096654	Recall@80:0.44398014317416146	NDCG@80:0.15887562299588517	Precision@80:0.009403514958749392	
Test: time=2s
Recall@20:0.23428577811140272	NDCG@20:0.13603999430201028	Precision@20:0.03450490043307527	Recall@40:0.32706548104861494	NDCG@40:0.16154298721112365	Precision@40:0.02511828281702968	Recall@80:0.4510873663703426	NDCG@80:0.1895669806281551	Precision@80:0.0175946268853242	
U-B Train Epoch: 102 [2048/34416 (6%)]	Loss: 0.567384
Train Epoch: 102: time = 2s
U-B Train Epoch: 103 [2048/34416 (6%)]	Loss: 0.543939
Train Epoch: 103: time = 2s
U-B Train Epoch: 104 [2048/34416 (6%)]	Loss: 0.544450
Train Epoch: 104: time = 2s
U-B Train Epoch: 105 [2048/34416 (6%)]	Loss: 0.546974
Train Epoch: 105: time = 2s
U-B Train Epoch: 106 [2048/34416 (6%)]	Loss: 0.537083
Train Epoch: 106: time = 2s
Test: time=2s
Recall@20:0.24532928930903336	NDCG@20:0.11635857750008581	Precision@20:0.019449138286831653	Recall@40:0.33410096885627005	NDCG@40:0.1371554380818451	Precision@40:0.013796890777041276	Recall@80:0.44506577069229997	NDCG@80:0.15861720336212745	Precision@80:0.00938661729374944	
Test: time=2s
Recall@20:0.23272576159663844	NDCG@20:0.1352122191764004	Precision@20:0.03386279238603856	Recall@40:0.3298488203115099	NDCG@40:0.16150503361615912	Precision@40:0.02484792146621503	Recall@80:0.446342517250734	NDCG@80:0.18833370021808465	Precision@80:0.017429875537889074	
U-B Train Epoch: 107 [2048/34416 (6%)]	Loss: 0.591986
Train Epoch: 107: time = 2s
U-B Train Epoch: 108 [2048/34416 (6%)]	Loss: 0.546503
Train Epoch: 108: time = 6s
U-B Train Epoch: 109 [2048/34416 (6%)]	Loss: 0.558311
Train Epoch: 109: time = 7s
U-B Train Epoch: 110 [2048/34416 (6%)]	Loss: 0.534557
Train Epoch: 110: time = 3s
U-B Train Epoch: 111 [2048/34416 (6%)]	Loss: 0.514277
Train Epoch: 111: time = 18s
Test: time=5s
Recall@20:0.2455537827605531	NDCG@20:0.11782535760537238	Precision@20:0.019533626934127576	Recall@40:0.33514915329655026	NDCG@40:0.13879225905902806	Precision@40:0.013898276767041	Recall@80:0.44114701044482935	NDCG@80:0.1592842145883058	Precision@80:0.009327475627397677	
Test: time=2s
Recall@20:0.23080245285833473	NDCG@20:0.13541335775949698	Precision@20:0.034166948422260805	Recall@40:0.33063135021399226	NDCG@40:0.1623559212434852	Precision@40:0.025084488776214383	Recall@80:0.4493128707901212	NDCG@80:0.18956621743086505	Precision@80:0.01756505718018486	
U-B Train Epoch: 112 [2048/34416 (6%)]	Loss: 0.536825
Train Epoch: 112: time = 3s
U-B Train Epoch: 113 [2048/34416 (6%)]	Loss: 0.532586
Train Epoch: 113: time = 2s
U-B Train Epoch: 114 [2048/34416 (6%)]	Loss: 0.561127
Train Epoch: 114: time = 2s
U-B Train Epoch: 115 [2048/34416 (6%)]	Loss: 0.564246
Train Epoch: 115: time = 2s
U-B Train Epoch: 116 [2048/34416 (6%)]	Loss: 0.518345
Train Epoch: 116: time = 2s
Test: time=2s
Recall@20:0.2467618260926675	NDCG@20:0.1191507115804009	Precision@20:0.0196857049522387	Recall@40:0.33453466602981635	NDCG@40:0.13971376821937573	Precision@40:0.013906725116096747	Recall@80:0.44513000302638667	NDCG@80:0.1610920072286747	Precision@80:0.009433085630777197	
Test: time=2s
Recall@20:0.23572712776104152	NDCG@20:0.13597477703088037	Precision@20:0.03452179713118676	Recall@40:0.3321041147142457	NDCG@40:0.162141429286182	Precision@40:0.0251943227929737	Recall@80:0.4507925453198927	NDCG@80:0.1893050750392077	Precision@80:0.01757772922032425	
U-B Train Epoch: 117 [2048/34416 (6%)]	Loss: 0.516042
Train Epoch: 117: time = 2s
U-B Train Epoch: 118 [2048/34416 (6%)]	Loss: 0.509660
Train Epoch: 118: time = 2s
U-B Train Epoch: 119 [2048/34416 (6%)]	Loss: 0.518820
Train Epoch: 119: time = 2s
U-B Train Epoch: 120 [2048/34416 (6%)]	Loss: 0.534942
Train Epoch: 120: time = 2s
U-B Train Epoch: 121 [2048/34416 (6%)]	Loss: 0.532314
Train Epoch: 121: time = 3s
Test: time=3s
Recall@20:0.2468857476742697	NDCG@20:0.11946884366699714	Precision@20:0.019736398269534716	Recall@40:0.33810610447271566	NDCG@40:0.14074805009280478	Precision@40:0.01405880410109633	Recall@80:0.4486775709270182	NDCG@80:0.16207725367621822	Precision@80:0.009471105296453055	
Test: time=2s
Recall@20:0.2332924716816677	NDCG@20:0.13864517598669446	Precision@20:0.03438661838955636	Recall@40:0.3355212996400019	NDCG@40:0.16617804679084203	Precision@40:0.025321054797029126	Recall@80:0.4531453072360014	NDCG@80:0.19320715323780469	Precision@80:0.017687563237083568	
U-B Train Epoch: 122 [2048/34416 (6%)]	Loss: 0.512868
Train Epoch: 122: time = 2s
U-B Train Epoch: 123 [2048/34416 (6%)]	Loss: 0.519754
Train Epoch: 123: time = 17s
U-B Train Epoch: 124 [2048/34416 (6%)]	Loss: 0.540249
Train Epoch: 124: time = 3s
U-B Train Epoch: 125 [2048/34416 (6%)]	Loss: 0.524634
Train Epoch: 125: time = 2s
U-B Train Epoch: 126 [2048/34416 (6%)]	Loss: 0.531549
Train Epoch: 126: time = 4s
Test: time=2s
Recall@20:0.24275977936255122	NDCG@20:0.11754546531272442	Precision@20:0.019499831604127667	Recall@40:0.33466892687200334	NDCG@40:0.13901099501207254	Precision@40:0.013906725116096747	Recall@80:0.4487057267189348	NDCG@80:0.16105457446429325	Precision@80:0.009500675807332782	
Test: time=2s
Recall@20:0.23721856481120893	NDCG@20:0.13721331215742755	Precision@20:0.034352823059556455	Recall@40:0.333720417029151	NDCG@40:0.16346014653883015	Precision@40:0.02509293809215859	Recall@80:0.4511590037808381	NDCG@80:0.1905000408826224	Precision@80:0.017590402871944407	
U-B Train Epoch: 127 [2048/34416 (6%)]	Loss: 0.509847
Train Epoch: 127: time = 2s
U-B Train Epoch: 128 [2048/34416 (6%)]	Loss: 0.489482
Train Epoch: 128: time = 2s
U-B Train Epoch: 129 [2048/34416 (6%)]	Loss: 0.532291
Train Epoch: 129: time = 2s
U-B Train Epoch: 130 [2048/34416 (6%)]	Loss: 0.490661
Train Epoch: 130: time = 2s
U-B Train Epoch: 131 [2048/34416 (6%)]	Loss: 0.505442
Train Epoch: 131: time = 2s
Test: time=2s
Recall@20:0.2470134130479839	NDCG@20:0.11791561857676659	Precision@20:0.0196857049522387	Recall@40:0.3325811130205253	NDCG@40:0.13790422486630433	Precision@40:0.013796890777041276	Recall@80:0.44534417268753695	NDCG@80:0.15961426131908216	Precision@80:0.00937816894469369	
Test: time=2s
Recall@20:0.23552537552606984	NDCG@20:0.13641709884947803	Precision@20:0.033981074429557466	Recall@40:0.3355892396690314	NDCG@40:0.16360694599054923	Precision@40:0.025160527462973793	Recall@80:0.45234775575442504	NDCG@80:0.19049877748170307	Precision@80:0.01758617789167615	
U-B Train Epoch: 132 [2048/34416 (6%)]	Loss: 0.523362
Train Epoch: 132: time = 2s
U-B Train Epoch: 133 [2048/34416 (6%)]	Loss: 0.536927
Train Epoch: 133: time = 2s
U-B Train Epoch: 134 [2048/34416 (6%)]	Loss: 0.520025
Train Epoch: 134: time = 2s
U-B Train Epoch: 135 [2048/34416 (6%)]	Loss: 0.523897
Train Epoch: 135: time = 2s
U-B Train Epoch: 136 [2048/34416 (6%)]	Loss: 0.486718
Train Epoch: 136: time = 2s
Test: time=2s
Recall@20:0.24736679917696805	NDCG@20:0.1181868449704556	Precision@20:0.019837783614942133	Recall@40:0.33567057174780596	NDCG@40:0.1387610221158898	Precision@40:0.013940520768392807	Recall@80:0.44883768765577475	NDCG@80:0.16057636948121726	Precision@80:0.009479553967804956	
Test: time=2s
Recall@20:0.23697373833999558	NDCG@20:0.13682424139839525	Precision@20:0.034420413719556266	Recall@40:0.339091175591152	NDCG@40:0.164260985441166	Precision@40:0.025304156809733018	Recall@80:0.45601644512768247	NDCG@80:0.19128428282226892	Precision@80:0.017704461224379672	
U-B Train Epoch: 137 [2048/34416 (6%)]	Loss: 0.481719
Train Epoch: 137: time = 2s
U-B Train Epoch: 138 [2048/34416 (6%)]	Loss: 0.466899
Train Epoch: 138: time = 2s
U-B Train Epoch: 139 [2048/34416 (6%)]	Loss: 0.504337
Train Epoch: 139: time = 2s
U-B Train Epoch: 140 [2048/34416 (6%)]	Loss: 0.485054
Train Epoch: 140: time = 3s
U-B Train Epoch: 141 [2048/34416 (6%)]	Loss: 0.510449
Train Epoch: 141: time = 6s
Test: time=2s
Recall@20:0.24653075779962877	NDCG@20:0.11751208574476174	Precision@20:0.019719499959942457	Recall@40:0.33735133329328953	NDCG@40:0.13865544305294097	Precision@40:0.0139320714524486	Recall@80:0.4493834974798813	NDCG@80:0.16031000073514462	Precision@80:0.00952602246598079	
Test: time=2s
Recall@20:0.23670628410048	NDCG@20:0.13781833680911257	Precision@20:0.03445420840496387	Recall@40:0.33936154854462813	NDCG@40:0.1653888569606563	Precision@40:0.025346402744861742	Recall@80:0.45627629317798984	NDCG@80:0.19238891807832037	Precision@80:0.017734032540999783	
U-B Train Epoch: 142 [2048/34416 (6%)]	Loss: 0.471448
Train Epoch: 142: time = 2s
U-B Train Epoch: 143 [2048/34416 (6%)]	Loss: 0.481831
Train Epoch: 143: time = 2s
U-B Train Epoch: 144 [2048/34416 (6%)]	Loss: 0.507793
Train Epoch: 144: time = 2s
U-B Train Epoch: 145 [2048/34416 (6%)]	Loss: 0.475330
Train Epoch: 145: time = 2s
U-B Train Epoch: 146 [2048/34416 (6%)]	Loss: 0.482972
Train Epoch: 146: time = 2s
Test: time=2s
Recall@20:0.2496577627395367	NDCG@20:0.11927629621015202	Precision@20:0.019989862277645563	Recall@40:0.3393180308288801	NDCG@40:0.14015280003884467	Precision@40:0.014075701443800132	Recall@80:0.4519205509145826	NDCG@80:0.16186274624869967	Precision@80:0.009551368802332644	
Test: time=2s
Recall@20:0.23522416011994657	NDCG@20:0.13779457455835217	Precision@20:0.03443731106226007	Recall@40:0.34037551802531735	NDCG@40:0.16594579244796068	Precision@40:0.02538864545702894	Recall@80:0.45793886690697344	NDCG@80:0.19317659956251057	Precision@80:0.017822744234787045	
U-B Train Epoch: 147 [2048/34416 (6%)]	Loss: 0.475530
Train Epoch: 147: time = 2s
U-B Train Epoch: 148 [2048/34416 (6%)]	Loss: 0.467898
Train Epoch: 148: time = 2s
U-B Train Epoch: 149 [2048/34416 (6%)]	Loss: 0.477312
Train Epoch: 149: time = 2s
U-B Train Epoch: 150 [2048/34416 (6%)]	Loss: 0.470897
Train Epoch: 150: time = 5s
U-B Train Epoch: 151 [2048/34416 (6%)]	Loss: 0.475259
Train Epoch: 151: time = 2s
Test: time=2s
Recall@20:0.24838721458071508	NDCG@20:0.11817118911253274	Precision@20:0.019685704629942548	Recall@40:0.3362389062054458	NDCG@40:0.13883010436248522	Precision@40:0.0139151741097448	Recall@80:0.44771010491363744	NDCG@80:0.16042960096992886	Precision@80:0.00948377814233283	
Test: time=2s
Recall@20:0.23918520046593814	NDCG@20:0.1376520784048665	Precision@20:0.0345724923822597	Recall@40:0.341749463946725	NDCG@40:0.16524219931924453	Precision@40:0.02546468543297296	Recall@80:0.4591406551153525	NDCG@80:0.19248075959004837	Precision@80:0.017852315229111	
U-B Train Epoch: 152 [2048/34416 (6%)]	Loss: 0.487165
Train Epoch: 152: time = 2s
U-B Train Epoch: 153 [2048/34416 (6%)]	Loss: 0.449361
Train Epoch: 153: time = 2s
U-B Train Epoch: 154 [2048/34416 (6%)]	Loss: 0.485987
Train Epoch: 154: time = 2s
U-B Train Epoch: 155 [2048/34416 (6%)]	Loss: 0.478411
Train Epoch: 155: time = 2s
U-B Train Epoch: 156 [2048/34416 (6%)]	Loss: 0.450280
Train Epoch: 156: time = 2s
Test: time=2s
Recall@20:0.25398045546624176	NDCG@20:0.12152577896865892	Precision@20:0.02015883763846049	Recall@40:0.3417799918383269	NDCG@40:0.1419406541500111	Precision@40:0.014075702088392438	Recall@80:0.45516946115136026	NDCG@80:0.16401748940847177	Precision@80:0.009648530134360265	
Test: time=2s
Recall@20:0.24173196919587223	NDCG@20:0.13890073878735293	Precision@20:0.034809057113889826	Recall@40:0.34447901327088704	NDCG@40:0.16665030089775104	Precision@40:0.0256674567683801	Recall@80:0.4631718528879055	NDCG@80:0.19401511617430403	Precision@80:0.017966374226138573	
U-B Train Epoch: 157 [2048/34416 (6%)]	Loss: 0.458217
Train Epoch: 157: time = 2s
U-B Train Epoch: 158 [2048/34416 (6%)]	Loss: 0.443096
Train Epoch: 158: time = 3s
U-B Train Epoch: 159 [2048/34416 (6%)]	Loss: 0.444341
Train Epoch: 159: time = 3s
U-B Train Epoch: 160 [2048/34416 (6%)]	Loss: 0.464740
Train Epoch: 160: time = 2s
U-B Train Epoch: 161 [2048/34416 (6%)]	Loss: 0.453608
Train Epoch: 161: time = 5s
Test: time=2s
Recall@20:0.2501986117812579	NDCG@20:0.1196501494340294	Precision@20:0.019972963968053304	Recall@40:0.3392926854594167	NDCG@40:0.14054400053085528	Precision@40:0.014067252450152078	Recall@80:0.45543930296077645	NDCG@80:0.16299772375376895	Precision@80:0.009648529650916034	
Test: time=2s
Recall@20:0.23952657139434247	NDCG@20:0.1396985249005286	Precision@20:0.034876647773889644	Recall@40:0.3456691678773313	NDCG@40:0.1681042304108295	Precision@40:0.025743494165954898	Recall@80:0.4640269638840191	NDCG@80:0.1955014016427636	Precision@80:0.018038188899518186	
U-B Train Epoch: 162 [2048/34416 (6%)]	Loss: 0.488461
Train Epoch: 162: time = 2s
U-B Train Epoch: 163 [2048/34416 (6%)]	Loss: 0.443152
Train Epoch: 163: time = 2s
U-B Train Epoch: 164 [2048/34416 (6%)]	Loss: 0.448900
Train Epoch: 164: time = 4s
U-B Train Epoch: 165 [2048/34416 (6%)]	Loss: 0.444401
Train Epoch: 165: time = 2s
U-B Train Epoch: 166 [2048/34416 (6%)]	Loss: 0.458151
Train Epoch: 166: time = 2s
Test: time=2s
Recall@20:0.25125324214459593	NDCG@20:0.11961729585338823	Precision@20:0.02007435028034918	Recall@40:0.3413354345736128	NDCG@40:0.140663121188964	Precision@40:0.01411794544515194	Recall@80:0.457358115023155	NDCG@80:0.16330564291987237	Precision@80:0.009733017975915803	
Test: time=2s
Recall@20:0.24268898250042245	NDCG@20:0.14031147030246705	Precision@20:0.035147009124704295	Recall@40:0.3447231384256717	NDCG@40:0.16801218778630211	Precision@40:0.025827983457843127	Recall@80:0.46519112852869426	NDCG@80:0.19577128470608737	Precision@80:0.018118452566545852	
U-B Train Epoch: 167 [2048/34416 (6%)]	Loss: 0.460219
Train Epoch: 167: time = 2s
U-B Train Epoch: 168 [2048/34416 (6%)]	Loss: 0.468902
Train Epoch: 168: time = 5s
U-B Train Epoch: 169 [2048/34416 (6%)]	Loss: 0.420573
Train Epoch: 169: time = 2s
U-B Train Epoch: 170 [2048/34416 (6%)]	Loss: 0.436921
Train Epoch: 170: time = 2s
U-B Train Epoch: 171 [2048/34416 (6%)]	Loss: 0.435491
Train Epoch: 171: time = 2s
Test: time=2s
Recall@20:0.252218284490907	NDCG@20:0.11967275915374705	Precision@20:0.02020953063346035	Recall@40:0.3423267401888307	NDCG@40:0.14065296757096332	Precision@40:0.014151740775151847	Recall@80:0.460359295544974	NDCG@80:0.16355687406023597	Precision@80:0.009758364795711887	
Test: time=2s
Recall@20:0.24331419062638612	NDCG@20:0.13951367903255296	Precision@20:0.03524839511470401	Recall@40:0.3476038884778166	NDCG@40:0.16763860529119318	Precision@40:0.025963164777842756	Recall@80:0.4679059553645921	NDCG@80:0.195269410293543	Precision@80:0.01815224757424961	
U-B Train Epoch: 172 [2048/34416 (6%)]	Loss: 0.432962
Train Epoch: 172: time = 11s
U-B Train Epoch: 173 [2048/34416 (6%)]	Loss: 0.442948
Train Epoch: 173: time = 2s
U-B Train Epoch: 174 [2048/34416 (6%)]	Loss: 0.435984
Train Epoch: 174: time = 2s
U-B Train Epoch: 175 [2048/34416 (6%)]	Loss: 0.422484
Train Epoch: 175: time = 4s
U-B Train Epoch: 176 [2048/34416 (6%)]	Loss: 0.433931
Train Epoch: 176: time = 2s
Test: time=4s
Recall@20:0.253353767356344	NDCG@20:0.11968735788028842	Precision@20:0.020209530955756505	Recall@40:0.3440634471897178	NDCG@40:0.14087616925950225	Precision@40:0.014236228777855464	Recall@80:0.46004388879464664	NDCG@80:0.16347750154207105	Precision@80:0.009792159642267565	
Test: time=2s
Recall@20:0.24443905576736227	NDCG@20:0.13946365609125497	Precision@20:0.03548496178011106	Recall@40:0.3478377981337392	NDCG@40:0.1674710293402741	Precision@40:0.026157486152713384	Recall@80:0.46842828140181436	NDCG@80:0.1951565911698156	Precision@80:0.018240959912629175	
U-B Train Epoch: 177 [2048/34416 (6%)]	Loss: 0.448635
Train Epoch: 177: time = 2s
U-B Train Epoch: 178 [2048/34416 (6%)]	Loss: 0.439848
Train Epoch: 178: time = 9s
U-B Train Epoch: 179 [2048/34416 (6%)]	Loss: 0.472428
Train Epoch: 179: time = 8s
U-B Train Epoch: 180 [2048/34416 (6%)]	Loss: 0.444150
Train Epoch: 180: time = 2s
U-B Train Epoch: 181 [2048/34416 (6%)]	Loss: 0.450122
Train Epoch: 181: time = 2s
Test: time=2s
Recall@20:0.25584415230810664	NDCG@20:0.1202618391701562	Precision@20:0.020361609296163784	Recall@40:0.3417818585776445	NDCG@40:0.14037620799692146	Precision@40:0.014177087111503702	Recall@80:0.46179466337801517	NDCG@80:0.16368250767900236	Precision@80:0.009800608313619466	
Test: time=2s
Recall@20:0.24427561809904635	NDCG@20:0.1396646683342596	Precision@20:0.035637040442814495	Recall@40:0.3470919893657327	NDCG@40:0.1674968878052129	Precision@40:0.026132139494065378	Recall@80:0.4712064845532169	NDCG@80:0.19582302741965718	Precision@80:0.018287428571953087	
U-B Train Epoch: 182 [2048/34416 (6%)]	Loss: 0.440848
Train Epoch: 182: time = 2s
U-B Train Epoch: 183 [2048/34416 (6%)]	Loss: 0.441982
Train Epoch: 183: time = 2s
U-B Train Epoch: 184 [2048/34416 (6%)]	Loss: 0.433643
Train Epoch: 184: time = 2s
U-B Train Epoch: 185 [2048/34416 (6%)]	Loss: 0.430594
Train Epoch: 185: time = 3s
U-B Train Epoch: 186 [2048/34416 (6%)]	Loss: 0.420657
Train Epoch: 186: time = 2s
Test: time=2s
Recall@20:0.25389207928274965	NDCG@20:0.12080091171548268	Precision@20:0.02036160897386763	Recall@40:0.34893277481868085	NDCG@40:0.14287532846361206	Precision@40:0.014439000113262603	Recall@80:0.4634519669203067	NDCG@80:0.16524883088488643	Precision@80:0.009868198812471205	
Test: time=2s
Recall@20:0.24223624664853255	NDCG@20:0.14068472534468465	Precision@20:0.03590740243822145	Recall@40:0.3508462599702444	NDCG@40:0.16971459989815235	Precision@40:0.02638560414676853	Recall@80:0.4695991085525621	NDCG@80:0.19713548954857005	Precision@80:0.01832122357965684	
U-B Train Epoch: 187 [2048/34416 (6%)]	Loss: 0.426191
Train Epoch: 187: time = 2s
U-B Train Epoch: 188 [2048/34416 (6%)]	Loss: 0.420637
Train Epoch: 188: time = 2s
U-B Train Epoch: 189 [2048/34416 (6%)]	Loss: 0.426376
Train Epoch: 189: time = 2s
U-B Train Epoch: 190 [2048/34416 (6%)]	Loss: 0.419711
Train Epoch: 190: time = 3s
U-B Train Epoch: 191 [2048/34416 (6%)]	Loss: 0.397240
Train Epoch: 191: time = 4s
Test: time=2s
Recall@20:0.2572992291954894	NDCG@20:0.12204274715463549	Precision@20:0.02056438030927477	Recall@40:0.3484042349116308	NDCG@40:0.14333810964199528	Precision@40:0.014472795120966359	Recall@80:0.4644254560041927	NDCG@80:0.16586258589476094	Precision@80:0.009859749818823151	
Test: time=2s
Recall@20:0.2471779594150658	NDCG@20:0.143068902111408	Precision@20:0.03624535380444361	Recall@40:0.3521499814274908	NDCG@40:0.1712669560779547	Precision@40:0.026453194162176043	Recall@80:0.4725750519964251	NDCG@80:0.19899461236343308	Precision@80:0.018426833905332514	
U-B Train Epoch: 192 [2048/34416 (6%)]	Loss: 0.435053
Train Epoch: 192: time = 2s
U-B Train Epoch: 193 [2048/34416 (6%)]	Loss: 0.419212
Train Epoch: 193: time = 2s
U-B Train Epoch: 194 [2048/34416 (6%)]	Loss: 0.415063
Train Epoch: 194: time = 2s
U-B Train Epoch: 195 [2048/34416 (6%)]	Loss: 0.408023
Train Epoch: 195: time = 2s
U-B Train Epoch: 196 [2048/34416 (6%)]	Loss: 0.421878
Train Epoch: 196: time = 2s
Test: time=2s
Recall@20:0.255075855003736	NDCG@20:0.12080573068756073	Precision@20:0.020462993996978894	Recall@40:0.349075461771489	NDCG@40:0.14265074734753877	Precision@40:0.014455897778262557	Recall@80:0.4624427932063725	NDCG@80:0.1648101471452626	Precision@80:0.009847076972943377	
Test: time=2s
Recall@20:0.24876761170568076	NDCG@20:0.14354266972105098	Precision@20:0.03666779381796169	Recall@40:0.35496823696640545	NDCG@40:0.171847914231311	Precision@40:0.02662217081217558	Recall@80:0.47526141363609964	NDCG@80:0.19966686541424203	Precision@80:0.018549341251415833	
