nohup: ignoring input
>>>>>>>>>>B-I statistics>>>>>>>>>>
Average interactions 37.02934265136719
Non-zero rows 1.0
Non-zero columns 0.8566981995727799
Matrix density 0.0011299769286862884
finish loading assist data
>>>>>>>>>>U-I statistics>>>>>>>>>>
Average interactions 17.230377197265625
Non-zero rows 0.9958950118173903
Non-zero columns 0.641867561794324
Matrix density 0.0005257972814327529
finish loading item data
>>>>>>>>>>U-B statistics in train>>>>>>>>>>
Average interactions 4.281129360198975
Non-zero rows 0.3680806070406767
Non-zero columns 0.8645986166422134
Matrix density 0.0008973233061660289
finish loading bundle train data
>>>>>>>>>>U-B statistics in test>>>>>>>>>>
Average interactions 1.2123398780822754
Non-zero rows 0.3680806070406767
Non-zero columns 0.5017815971494446
Matrix density 0.0002541060245785134
finish loading bundle test data
>>>>>>>>>>B-I statistics>>>>>>>>>>
Average interactions 37.02934265136719
Non-zero rows 1.0
Non-zero columns 0.8566981995727799
Matrix density 0.0011299769286862884
finish loading assist data
>>>>>>>>>>U-I statistics>>>>>>>>>>
Average interactions 17.230377197265625
Non-zero rows 0.9958950118173903
Non-zero columns 0.641867561794324
Matrix density 0.0005257972814327529
finish loading item data
>>>>>>>>>>U-B statistics in train>>>>>>>>>>
Average interactions 4.281129360198975
Non-zero rows 0.3680806070406767
Non-zero columns 0.8645986166422134
Matrix density 0.0008973233061660289
finish loading bundle train data
>>>>>>>>>>U-B statistics in test>>>>>>>>>>
Average interactions 0.6454783082008362
Non-zero rows 0.3680806070406767
Non-zero columns 0.34835464263257176
Matrix density 0.00013529203381263145
finish loading bundle test data
IHGCN model
/data/nfs/lzm/IHBR/IHBR_1/model/IHGCN.py:170: UserWarning: Creating a tensor from a list of numpy.ndarrays is extremely slow. Please consider converting the list to a single numpy.ndarray with numpy.array() before converting to a tensor. (Triggered internally at  /opt/conda/conda-bld/pytorch_1640811805959/work/torch/csrc/utils/tensor_new.cpp:201.)
  ub_indices = torch.tensor([ub_graph_coo.row, ub_graph_coo.col], dtype=torch.long)
finish generating bi, ui graph
finish generating non-atom graph
U-B Train Epoch: 1 [2048/34416 (6%)]	Loss: 0.997980
Train Epoch: 1: time = 27s
Test: time=4s
Recall@20:0.044285929899998876	NDCG@20:0.01595533679731394	Precision@20:0.0036160866929776524	Recall@40:0.08813681027179394	NDCG@40:0.025632031909031173	Precision@40:0.003447110606996382	Recall@80:0.15749073189712529	NDCG@80:0.03868549794270888	Precision@80:0.0031640756851356146	
Test: time=4s
Recall@20:0.043335782148097565	NDCG@20:0.01954064042071065	Precision@20:0.006809733050141072	Recall@40:0.08852529574101259	NDCG@40:0.03120988250866497	Precision@40:0.0065731667070301775	Recall@80:0.1628593065803943	NDCG@80:0.04755678786019612	Precision@80:0.006066238690808481	
U-B Train Epoch: 2 [2048/34416 (6%)]	Loss: 0.989516
Train Epoch: 2: time = 27s
U-B Train Epoch: 3 [2048/34416 (6%)]	Loss: 0.984887
Train Epoch: 3: time = 13s
U-B Train Epoch: 4 [2048/34416 (6%)]	Loss: 0.966521
Train Epoch: 4: time = 13s
U-B Train Epoch: 5 [2048/34416 (6%)]	Loss: 0.939920
Train Epoch: 5: time = 15s
U-B Train Epoch: 6 [2048/34416 (6%)]	Loss: 0.906178
Train Epoch: 6: time = 14s
Test: time=6s
Recall@20:0.12572056653331204	NDCG@20:0.05245779462261915	Precision@20:0.010865157179914644	Recall@40:0.20366611719212044	NDCG@40:0.07029363793994817	Precision@40:0.008795201435972204	Recall@80:0.32480594780687627	NDCG@80:0.09321285091811396	Precision@80:0.006936465376492649	
Test: time=6s
Recall@20:0.11367537694107886	NDCG@20:0.057906810558096065	Precision@20:0.019026698917905878	Recall@40:0.20265528300840654	NDCG@40:0.08106543414292201	Precision@40:0.01602737482192751	Recall@80:0.3210351550123828	NDCG@80:0.10734930679821493	Precision@80:0.012601386376755105	
U-B Train Epoch: 7 [2048/34416 (6%)]	Loss: 0.897413
Train Epoch: 7: time = 14s
U-B Train Epoch: 8 [2048/34416 (6%)]	Loss: 0.811973
Train Epoch: 8: time = 13s
U-B Train Epoch: 9 [2048/34416 (6%)]	Loss: 0.716176
Train Epoch: 9: time = 13s
U-B Train Epoch: 10 [2048/34416 (6%)]	Loss: 0.684029
Train Epoch: 10: time = 16s
U-B Train Epoch: 11 [2048/34416 (6%)]	Loss: 0.709921
Train Epoch: 11: time = 15s
Test: time=5s
Recall@20:0.1789029486560467	NDCG@20:0.07598124069311846	Precision@20:0.015562690484761466	Recall@40:0.286182719414683	NDCG@40:0.10071420621211241	Precision@40:0.01241973704202387	Recall@80:0.4028134566781166	NDCG@80:0.12295530163867122	Precision@80:0.008660020599416802	
Test: time=4s
Recall@20:0.18567062640923349	NDCG@20:0.0962601997192424	Precision@20:0.030314295627894373	Recall@40:0.28616031338613396	NDCG@40:0.12283465200761316	Precision@40:0.022887800705920364	Recall@80:0.41777579516081764	NDCG@80:0.151785004497501	Precision@80:0.016323082186797858	
U-B Train Epoch: 12 [2048/34416 (6%)]	Loss: 0.680735
Train Epoch: 12: time = 13s
U-B Train Epoch: 13 [2048/34416 (6%)]	Loss: 0.656157
Train Epoch: 13: time = 15s
U-B Train Epoch: 14 [2048/34416 (6%)]	Loss: 0.656923
Train Epoch: 14: time = 13s
U-B Train Epoch: 15 [2048/34416 (6%)]	Loss: 0.681037
Train Epoch: 15: time = 13s
U-B Train Epoch: 16 [2048/34416 (6%)]	Loss: 0.677263
Train Epoch: 16: time = 13s
Test: time=4s
Recall@20:0.19846647468198186	NDCG@20:0.08805246021184376	Precision@20:0.0165596482076126	Recall@40:0.3025975357885899	NDCG@40:0.11187180766949746	Precision@40:0.012774586073245983	Recall@80:0.4209614734707672	NDCG@80:0.13442338258279823	Precision@80:0.008875464780703717	
Test: time=5s
Recall@20:0.18734322999449507	NDCG@20:0.09886999410646677	Precision@20:0.029891856258968598	Recall@40:0.2939184871466025	NDCG@40:0.12700611564427383	Precision@40:0.02294694140538367	Recall@80:0.42968384902918005	NDCG@80:0.15717632039731805	Precision@80:0.016661034519908476	
U-B Train Epoch: 17 [2048/34416 (6%)]	Loss: 0.633361
Train Epoch: 17: time = 14s
U-B Train Epoch: 18 [2048/34416 (6%)]	Loss: 0.620759
Train Epoch: 18: time = 16s
U-B Train Epoch: 19 [2048/34416 (6%)]	Loss: 0.633604
Train Epoch: 19: time = 13s
U-B Train Epoch: 20 [2048/34416 (6%)]	Loss: 0.657206
Train Epoch: 20: time = 14s
U-B Train Epoch: 21 [2048/34416 (6%)]	Loss: 0.665868
Train Epoch: 21: time = 15s
Test: time=5s
Recall@20:0.19196089331706498	NDCG@20:0.08378477570332962	Precision@20:0.016407570189501473	Recall@40:0.2934973724148651	NDCG@40:0.10699183653238134	Precision@40:0.012614058416894499	Recall@80:0.4130607829298591	NDCG@80:0.13010062024012414	Precision@80:0.008900811278203646	
Test: time=6s
Recall@20:0.19490351391708824	NDCG@20:0.10100509267112781	Precision@20:0.030246705612486866	Recall@40:0.3036807757368278	NDCG@40:0.1300057182041283	Precision@40:0.023605947762012643	Recall@80:0.4307796972029191	NDCG@80:0.15843099869357125	Precision@80:0.016821561853963808	
U-B Train Epoch: 22 [2048/34416 (6%)]	Loss: 0.668407
Train Epoch: 22: time = 13s
U-B Train Epoch: 23 [2048/34416 (6%)]	Loss: 0.663774
Train Epoch: 23: time = 15s
U-B Train Epoch: 24 [2048/34416 (6%)]	Loss: 0.674301
Train Epoch: 24: time = 15s
U-B Train Epoch: 25 [2048/34416 (6%)]	Loss: 0.639442
Train Epoch: 25: time = 14s
U-B Train Epoch: 26 [2048/34416 (6%)]	Loss: 0.650277
Train Epoch: 26: time = 15s
Test: time=7s
Recall@20:0.19417945369347886	NDCG@20:0.08815737792308688	Precision@20:0.01647516084950129	Recall@40:0.29527041379484464	NDCG@40:0.11136214400353002	Precision@40:0.012639405397838659	Recall@80:0.42205954935551493	NDCG@80:0.13549100534865163	Precision@80:0.008959952783407332	
Test: time=4s
Recall@20:0.19504923818884123	NDCG@20:0.10866285957730916	Precision@20:0.03068604232411644	Recall@40:0.29853034398168193	NDCG@40:0.13622612677622825	Precision@40:0.023352484720790254	Recall@80:0.4304325043168089	NDCG@80:0.16562444513494318	Precision@80:0.016775093839232202	
U-B Train Epoch: 27 [2048/34416 (6%)]	Loss: 0.656887
Train Epoch: 27: time = 15s
U-B Train Epoch: 28 [2048/34416 (6%)]	Loss: 0.653261
Train Epoch: 28: time = 14s
U-B Train Epoch: 29 [2048/34416 (6%)]	Loss: 0.652427
Train Epoch: 29: time = 14s
U-B Train Epoch: 30 [2048/34416 (6%)]	Loss: 0.640218
Train Epoch: 30: time = 14s
U-B Train Epoch: 31 [2048/34416 (6%)]	Loss: 0.649649
Train Epoch: 31: time = 14s
Test: time=5s
Recall@20:0.19575723001545206	NDCG@20:0.08834820431847555	Precision@20:0.016390672846797672	Recall@40:0.30276772878427044	NDCG@40:0.11306054417286905	Precision@40:0.012943562078653215	Recall@80:0.4288165784438102	NDCG@80:0.13681614789740384	Precision@80:0.009031767779083098	
Test: time=4s
Recall@20:0.20013307066695357	NDCG@20:0.10803892000900325	Precision@20:0.030871916316819778	Recall@40:0.30228546544803725	NDCG@40:0.13532611863683228	Precision@40:0.02336093274754985	Recall@80:0.42685716222290576	NDCG@80:0.16395656254372915	Precision@80:0.016906049534371272	
U-B Train Epoch: 32 [2048/34416 (6%)]	Loss: 0.618658
Train Epoch: 32: time = 14s
U-B Train Epoch: 33 [2048/34416 (6%)]	Loss: 0.618691
Train Epoch: 33: time = 17s
U-B Train Epoch: 34 [2048/34416 (6%)]	Loss: 0.624669
Train Epoch: 34: time = 14s
U-B Train Epoch: 35 [2048/34416 (6%)]	Loss: 0.612043
Train Epoch: 35: time = 14s
U-B Train Epoch: 36 [2048/34416 (6%)]	Loss: 0.616290
Train Epoch: 36: time = 14s
Test: time=4s
Recall@20:0.19912320079332915	NDCG@20:0.09296797030114692	Precision@20:0.016576546194908708	Recall@40:0.3006832771262594	NDCG@40:0.11644629877779523	Precision@40:0.012816830396893944	Recall@80:0.42471596065829353	NDCG@80:0.14007087235677965	Precision@80:0.008985299442055339	
Test: time=7s
Recall@20:0.20517554610272684	NDCG@20:0.11061209639652068	Precision@20:0.031412639018449075	Recall@40:0.30566140162296174	NDCG@40:0.13775352176358144	Precision@40:0.023834067367548555	Recall@80:0.4307259227344014	NDCG@80:0.16604897104916277	Precision@80:0.016994761550454682	
U-B Train Epoch: 37 [2048/34416 (6%)]	Loss: 0.642271
Train Epoch: 37: time = 13s
U-B Train Epoch: 38 [2048/34416 (6%)]	Loss: 0.646804
Train Epoch: 38: time = 14s
U-B Train Epoch: 39 [2048/34416 (6%)]	Loss: 0.636591
Train Epoch: 39: time = 15s
U-B Train Epoch: 40 [2048/34416 (6%)]	Loss: 0.621857
Train Epoch: 40: time = 17s
U-B Train Epoch: 41 [2048/34416 (6%)]	Loss: 0.619022
Train Epoch: 41: time = 14s
Test: time=4s
Recall@20:0.20250125123101662	NDCG@20:0.093124557242437	Precision@20:0.01701588387342674	Recall@40:0.2991579396775463	NDCG@40:0.11552926824478815	Precision@40:0.012859074075949599	Recall@80:0.4177853970078046	NDCG@80:0.13835045033590582	Precision@80:0.00897262595158326	
Test: time=4s
Recall@20:0.20249936386474526	NDCG@20:0.11259934611318884	Precision@20:0.031632308341152326	Recall@40:0.3030264423521196	NDCG@40:0.13984981844980357	Precision@40:0.023893206777827247	Recall@80:0.42995017394297586	NDCG@80:0.16866954301973983	Precision@80:0.01710459653410246	
U-B Train Epoch: 42 [2048/34416 (6%)]	Loss: 0.604999
Train Epoch: 42: time = 16s
U-B Train Epoch: 43 [2048/34416 (6%)]	Loss: 0.634322
Train Epoch: 43: time = 14s
U-B Train Epoch: 44 [2048/34416 (6%)]	Loss: 0.620328
Train Epoch: 44: time = 14s
U-B Train Epoch: 45 [2048/34416 (6%)]	Loss: 0.621228
Train Epoch: 45: time = 20s
U-B Train Epoch: 46 [2048/34416 (6%)]	Loss: 0.653516
Train Epoch: 46: time = 13s
Test: time=4s
Recall@20:0.20833226416956213	NDCG@20:0.09995536120931374	Precision@20:0.01738763121424111	Recall@40:0.3021091204633903	NDCG@40:0.12176390683663056	Precision@40:0.012960459743653169	Recall@80:0.42709210322651764	NDCG@80:0.1455704101479992	Precision@80:0.009082460935231036	
Test: time=5s
Recall@20:0.20786557418343665	NDCG@20:0.11584602863895768	Precision@20:0.03224062299196605	Recall@40:0.30580556340296555	NDCG@40:0.1422489652282364	Precision@40:0.023918554081067557	Recall@80:0.43050838056630725	NDCG@80:0.17056960260275852	Precision@80:0.017041231176667053	
U-B Train Epoch: 47 [2048/34416 (6%)]	Loss: 0.626557
Train Epoch: 47: time = 13s
U-B Train Epoch: 48 [2048/34416 (6%)]	Loss: 0.627971
Train Epoch: 48: time = 15s
U-B Train Epoch: 49 [2048/34416 (6%)]	Loss: 0.622402
Train Epoch: 49: time = 13s
U-B Train Epoch: 50 [2048/34416 (6%)]	Loss: 0.584222
Train Epoch: 50: time = 14s
U-B Train Epoch: 51 [2048/34416 (6%)]	Loss: 0.592981
Train Epoch: 51: time = 14s
Test: time=4s
Recall@20:0.1990417965202164	NDCG@20:0.09853625257259367	Precision@20:0.01689760086301937	Recall@40:0.30326110489185537	NDCG@40:0.12248754420768736	Precision@40:0.012960460065949322	Recall@80:0.42768994454154696	NDCG@80:0.14641161857726165	Precision@80:0.009162724118814471	
Test: time=7s
Recall@20:0.2159151191363346	NDCG@20:0.12307189291657206	Precision@20:0.032595472345484315	Recall@40:0.3114361442315816	NDCG@40:0.14957029878307573	Precision@40:0.024476174769992965	Recall@80:0.43615456568546174	NDCG@80:0.17755713274286342	Precision@80:0.01718063554315802	
U-B Train Epoch: 52 [2048/34416 (6%)]	Loss: 0.633951
Train Epoch: 52: time = 16s
U-B Train Epoch: 53 [2048/34416 (6%)]	Loss: 0.599026
Train Epoch: 53: time = 16s
U-B Train Epoch: 54 [2048/34416 (6%)]	Loss: 0.598009
Train Epoch: 54: time = 15s
U-B Train Epoch: 55 [2048/34416 (6%)]	Loss: 0.639460
Train Epoch: 55: time = 13s
U-B Train Epoch: 56 [2048/34416 (6%)]	Loss: 0.573917
Train Epoch: 56: time = 14s
Test: time=5s
Recall@20:0.22011298269547092	NDCG@20:0.10660905441588427	Precision@20:0.01838458958168455	Recall@40:0.3191055498964362	NDCG@40:0.12927802763665275	Precision@40:0.01342514408081921	Recall@80:0.43405886718089937	NDCG@80:0.15128255253025066	Precision@80:0.009175397125842323	
Test: time=6s
Recall@20:0.21220094217324265	NDCG@20:0.12240337076602896	Precision@20:0.03313619504711361	Recall@40:0.3124773155075749	NDCG@40:0.14936693506733958	Precision@40:0.024493072112696766	Recall@80:0.4376078274009114	NDCG@80:0.17776093220299827	Precision@80:0.017379182542889213	
U-B Train Epoch: 57 [2048/34416 (6%)]	Loss: 0.636583
Train Epoch: 57: time = 14s
U-B Train Epoch: 58 [2048/34416 (6%)]	Loss: 0.597200
Train Epoch: 58: time = 11s
U-B Train Epoch: 59 [2048/34416 (6%)]	Loss: 0.646702
Train Epoch: 59: time = 15s
U-B Train Epoch: 60 [2048/34416 (6%)]	Loss: 0.586246
Train Epoch: 60: time = 12s
U-B Train Epoch: 61 [2048/34416 (6%)]	Loss: 0.594479
Train Epoch: 61: time = 13s
Test: time=4s
Recall@20:0.22311833501869296	NDCG@20:0.10692019912188583	Precision@20:0.018401486924388352	Recall@40:0.318472570565634	NDCG@40:0.12892553878015825	Precision@40:0.013475836753522919	Recall@80:0.43077295218903133	NDCG@80:0.15037118151768836	Precision@80:0.009137377782462618	
Test: time=4s
Recall@20:0.21521253930672313	NDCG@20:0.12423359264026988	Precision@20:0.03320378570711343	Recall@40:0.31581325601911014	NDCG@40:0.15161332893951715	Precision@40:0.024856371426751542	Recall@80:0.4384404859578299	NDCG@80:0.179078061180205	Precision@80:0.017282021210861594	
U-B Train Epoch: 62 [2048/34416 (6%)]	Loss: 0.631373
Train Epoch: 62: time = 15s
U-B Train Epoch: 63 [2048/34416 (6%)]	Loss: 0.597547
Train Epoch: 63: time = 13s
U-B Train Epoch: 64 [2048/34416 (6%)]	Loss: 0.603391
Train Epoch: 64: time = 13s
U-B Train Epoch: 65 [2048/34416 (6%)]	Loss: 0.587603
Train Epoch: 65: time = 22s
U-B Train Epoch: 66 [2048/34416 (6%)]	Loss: 0.606202
Train Epoch: 66: time = 14s
Test: time=4s
Recall@20:0.22690970319958706	NDCG@20:0.10804222032160886	Precision@20:0.018756337244795078	Recall@40:0.3179193711353339	NDCG@40:0.12901170530122613	Precision@40:0.013425143436226904	Recall@80:0.4308416193181818	NDCG@80:0.15079576415603085	Precision@80:0.009209192616990306	
Test: time=4s
Recall@20:0.22172627347512355	NDCG@20:0.12953283755349806	Precision@20:0.033997972416853574	Recall@40:0.321364299313931	NDCG@40:0.1563895361856175	Precision@40:0.02494085878486285	Recall@80:0.4384582045111313	NDCG@80:0.1829781720830847	Precision@80:0.017286245868833695	
U-B Train Epoch: 67 [2048/34416 (6%)]	Loss: 0.623602
Train Epoch: 67: time = 13s
U-B Train Epoch: 68 [2048/34416 (6%)]	Loss: 0.602960
Train Epoch: 68: time = 14s
U-B Train Epoch: 69 [2048/34416 (6%)]	Loss: 0.613752
Train Epoch: 69: time = 13s
U-B Train Epoch: 70 [2048/34416 (6%)]	Loss: 0.627444
Train Epoch: 70: time = 14s
U-B Train Epoch: 71 [2048/34416 (6%)]	Loss: 0.611598
Train Epoch: 71: time = 13s
Test: time=8s
Recall@20:0.23369663105739374	NDCG@20:0.11296712985591495	Precision@20:0.019128083941017143	Recall@40:0.3241254903851993	NDCG@40:0.13387156000166336	Precision@40:0.013611017428930243	Recall@80:0.4335951320059036	NDCG@80:0.15520040261338555	Precision@80:0.009268333961045915	
Test: time=4s
Recall@20:0.22723490259622392	NDCG@20:0.13088467138044815	Precision@20:0.034488003734963774	Recall@40:0.322140388450094	NDCG@40:0.15660607278971464	Precision@40:0.025008449444862666	Recall@80:0.44034729313310556	NDCG@80:0.18356215466353973	Precision@80:0.01740030486586127	
U-B Train Epoch: 72 [2048/34416 (6%)]	Loss: 0.601163
Train Epoch: 72: time = 13s
U-B Train Epoch: 73 [2048/34416 (6%)]	Loss: 0.589161
Train Epoch: 73: time = 14s
U-B Train Epoch: 74 [2048/34416 (6%)]	Loss: 0.597638
Train Epoch: 74: time = 14s
U-B Train Epoch: 75 [2048/34416 (6%)]	Loss: 0.578484
Train Epoch: 75: time = 11s
U-B Train Epoch: 76 [2048/34416 (6%)]	Loss: 0.572726
Train Epoch: 76: time = 11s
Test: time=6s
Recall@20:0.23275238068049806	NDCG@20:0.11428059239208638	Precision@20:0.019128084263313295	Recall@40:0.3275825265856682	NDCG@40:0.13615785929430735	Precision@40:0.013763095769337522	Recall@80:0.4382072260509515	NDCG@80:0.15773083995266032	Precision@80:0.00939506596510134	
Test: time=5s
Recall@20:0.22365002053619518	NDCG@20:0.13043441849812015	Precision@20:0.034200745041445324	Recall@40:0.325883154371132	NDCG@40:0.15805691599483304	Precision@40:0.02517742351649298	Recall@80:0.4469592219149998	NDCG@80:0.18565924033074413	Precision@80:0.0175777295426204	
U-B Train Epoch: 77 [2048/34416 (6%)]	Loss: 0.603005
Train Epoch: 77: time = 11s
U-B Train Epoch: 78 [2048/34416 (6%)]	Loss: 0.580664
Train Epoch: 78: time = 10s
U-B Train Epoch: 79 [2048/34416 (6%)]	Loss: 0.592600
Train Epoch: 79: time = 11s
U-B Train Epoch: 80 [2048/34416 (6%)]	Loss: 0.600076
Train Epoch: 80: time = 10s
U-B Train Epoch: 81 [2048/34416 (6%)]	Loss: 0.577145
Train Epoch: 81: time = 11s
Test: time=5s
Recall@20:0.23830189758073886	NDCG@20:0.11796600764649427	Precision@20:0.01936465060642419	Recall@40:0.3307380792296146	NDCG@40:0.1394634472433479	Precision@40:0.013889827773392946	Recall@80:0.4395584874799341	NDCG@80:0.16051614908964176	Precision@80:0.009365495293073536	
Test: time=5s
Recall@20:0.22749273436179876	NDCG@20:0.1323074206745113	Precision@20:0.03455559439496359	Recall@40:0.3251537801285538	NDCG@40:0.15869047288034122	Precision@40:0.025033796103510676	Recall@80:0.44296162545016265	NDCG@80:0.18580482021382067	Precision@80:0.017548158226000293	
U-B Train Epoch: 82 [2048/34416 (6%)]	Loss: 0.586169
Train Epoch: 82: time = 14s
U-B Train Epoch: 83 [2048/34416 (6%)]	Loss: 0.597079
Train Epoch: 83: time = 12s
U-B Train Epoch: 84 [2048/34416 (6%)]	Loss: 0.565922
Train Epoch: 84: time = 14s
U-B Train Epoch: 85 [2048/34416 (6%)]	Loss: 0.586797
Train Epoch: 85: time = 13s
U-B Train Epoch: 86 [2048/34416 (6%)]	Loss: 0.591587
Train Epoch: 86: time = 12s
Test: time=6s
Recall@20:0.23712214411574065	NDCG@20:0.11664693457889332	Precision@20:0.01926326493872062	Recall@40:0.33272918360827136	NDCG@40:0.13879936762297626	Precision@40:0.013864481114744939	Recall@80:0.43856957974809374	NDCG@80:0.1594776515825329	Precision@80:0.009319026956045777	
Test: time=5s
Recall@20:0.2305332968951319	NDCG@20:0.13487844154535816	Precision@20:0.03455559439496359	Recall@40:0.33219957109962456	NDCG@40:0.16240992003012525	Precision@40:0.02553227415919586	Recall@80:0.4449472379023741	NDCG@80:0.18827392330601556	Precision@80:0.01756928054897235	
U-B Train Epoch: 87 [2048/34416 (6%)]	Loss: 0.599463
Train Epoch: 87: time = 9s
U-B Train Epoch: 88 [2048/34416 (6%)]	Loss: 0.573087
Train Epoch: 88: time = 12s
U-B Train Epoch: 89 [2048/34416 (6%)]	Loss: 0.609515
Train Epoch: 89: time = 10s
U-B Train Epoch: 90 [2048/34416 (6%)]	Loss: 0.607613
Train Epoch: 90: time = 9s
U-B Train Epoch: 91 [2048/34416 (6%)]	Loss: 0.559029
Train Epoch: 91: time = 10s
Test: time=5s
Recall@20:0.23133445293688218	NDCG@20:0.11328705906585972	Precision@20:0.01907739062372113	Recall@40:0.3311394642800566	NDCG@40:0.1363434322624039	Precision@40:0.013965867749336967	Recall@80:0.4417223168128485	NDCG@80:0.15790305181144257	Precision@80:0.009471105135304978	
Test: time=5s
Recall@20:0.2331347579930271	NDCG@20:0.1359095339760582	Precision@20:0.03482595510118593	Recall@40:0.32827800558643916	NDCG@40:0.16191562344472768	Precision@40:0.025253464781621614	Recall@80:0.44772412092873437	NDCG@80:0.1892114492959773	Precision@80:0.01764532052491637	
U-B Train Epoch: 92 [2048/34416 (6%)]	Loss: 0.584686
Train Epoch: 92: time = 10s
U-B Train Epoch: 93 [2048/34416 (6%)]	Loss: 0.549639
Train Epoch: 93: time = 10s
U-B Train Epoch: 94 [2048/34416 (6%)]	Loss: 0.558935
Train Epoch: 94: time = 10s
U-B Train Epoch: 95 [2048/34416 (6%)]	Loss: 0.533775
Train Epoch: 95: time = 9s
U-B Train Epoch: 96 [2048/34416 (6%)]	Loss: 0.559667
Train Epoch: 96: time = 12s
Test: time=5s
Recall@20:0.2405558460747402	NDCG@20:0.11595490285777368	Precision@20:0.019466035951831606	Recall@40:0.3380661397497571	NDCG@40:0.13847558117267367	Precision@40:0.01403345712015217	Recall@80:0.4407724249640926	NDCG@80:0.15863641479120902	Precision@80:0.009403514797601317	
Test: time=4s
Recall@20:0.23022945155240104	NDCG@20:0.13427198074201588	Precision@20:0.03460628642307499	Recall@40:0.32998591735984234	NDCG@40:0.16129359960475456	Precision@40:0.02528726075621383	Recall@80:0.4507128840243748	NDCG@80:0.1887329658490252	Precision@80:0.01767066621667592	
U-B Train Epoch: 97 [2048/34416 (6%)]	Loss: 0.593716
Train Epoch: 97: time = 12s
U-B Train Epoch: 98 [2048/34416 (6%)]	Loss: 0.594807
Train Epoch: 98: time = 14s
U-B Train Epoch: 99 [2048/34416 (6%)]	Loss: 0.571791
Train Epoch: 99: time = 12s
U-B Train Epoch: 100 [2048/34416 (6%)]	Loss: 0.592225
Train Epoch: 100: time = 17s
U-B Train Epoch: 101 [2048/34416 (6%)]	Loss: 0.608833
Train Epoch: 101: time = 13s
Test: time=6s
Recall@20:0.24146832062933002	NDCG@20:0.11851989550137688	Precision@20:0.01961811493683119	Recall@40:0.3373726615635033	NDCG@40:0.1405367939888766	Precision@40:0.01397431545380041	Recall@80:0.44227859481600096	NDCG@80:0.1609787317335948	Precision@80:0.009357046460573558	
Test: time=6s
Recall@20:0.2321688957253031	NDCG@20:0.13536700899434195	Precision@20:0.034656979740371005	Recall@40:0.328976614727447	NDCG@40:0.1617930323016446	Precision@40:0.02529570813838112	Recall@80:0.4506850273232881	NDCG@80:0.18941908021277776	Precision@80:0.017696012553027773	
U-B Train Epoch: 102 [2048/34416 (6%)]	Loss: 0.572707
Train Epoch: 102: time = 14s
U-B Train Epoch: 103 [2048/34416 (6%)]	Loss: 0.548425
Train Epoch: 103: time = 14s
U-B Train Epoch: 104 [2048/34416 (6%)]	Loss: 0.555081
Train Epoch: 104: time = 13s
U-B Train Epoch: 105 [2048/34416 (6%)]	Loss: 0.550671
Train Epoch: 105: time = 13s
U-B Train Epoch: 106 [2048/34416 (6%)]	Loss: 0.541575
Train Epoch: 106: time = 14s
Test: time=4s
Recall@20:0.24356268353863478	NDCG@20:0.11779506950210825	Precision@20:0.019533626611831424	Recall@40:0.3361821872392753	NDCG@40:0.13928381483794144	Precision@40:0.013932072097040907	Recall@80:0.4428418447295328	NDCG@80:0.1599977318601618	Precision@80:0.009390841790573465	
Test: time=5s
Recall@20:0.23224638087719668	NDCG@20:0.13465557762318747	Precision@20:0.033828997056038645	Recall@40:0.32807302007646166	NDCG@40:0.16102557038890225	Precision@40:0.02498310278621466	Recall@80:0.44751700568577857	NDCG@80:0.18843099240235034	Precision@80:0.01759462656302805	
U-B Train Epoch: 107 [2048/34416 (6%)]	Loss: 0.603622
Train Epoch: 107: time = 13s
U-B Train Epoch: 108 [2048/34416 (6%)]	Loss: 0.550977
Train Epoch: 108: time = 13s
U-B Train Epoch: 109 [2048/34416 (6%)]	Loss: 0.567124
Train Epoch: 109: time = 13s
U-B Train Epoch: 110 [2048/34416 (6%)]	Loss: 0.537892
Train Epoch: 110: time = 15s
U-B Train Epoch: 111 [2048/34416 (6%)]	Loss: 0.518963
Train Epoch: 111: time = 13s
Test: time=4s
Recall@20:0.24375942342383672	NDCG@20:0.11976854557038642	Precision@20:0.019567422264127485	Recall@40:0.33628169166433447	NDCG@40:0.14126938861461458	Precision@40:0.013991213441096516	Recall@80:0.44095590171801075	NDCG@80:0.16159037763744483	Precision@80:0.009357046460573558	
Test: time=4s
Recall@20:0.2326970230932774	NDCG@20:0.13650233457925634	Precision@20:0.03438661838955636	Recall@40:0.3298844482174352	NDCG@40:0.16316277805958782	Precision@40:0.02534640210026944	Recall@80:0.4537824428979913	NDCG@80:0.19118484027807114	Precision@80:0.01774670490343533	
U-B Train Epoch: 112 [2048/34416 (6%)]	Loss: 0.542181
Train Epoch: 112: time = 14s
U-B Train Epoch: 113 [2048/34416 (6%)]	Loss: 0.542235
Train Epoch: 113: time = 15s
U-B Train Epoch: 114 [2048/34416 (6%)]	Loss: 0.571994
Train Epoch: 114: time = 13s
U-B Train Epoch: 115 [2048/34416 (6%)]	Loss: 0.577907
Train Epoch: 115: time = 14s
U-B Train Epoch: 116 [2048/34416 (6%)]	Loss: 0.526995
Train Epoch: 116: time = 14s
Test: time=6s
Recall@20:0.24636526774941123	NDCG@20:0.119917407717484	Precision@20:0.019803988284942224	Recall@40:0.33614879735783576	NDCG@40:0.1408486657949991	Precision@40:0.013999662112448416	Recall@80:0.44562902060583176	NDCG@80:0.16210339060503312	Precision@80:0.009471104813008826	
Test: time=4s
Recall@20:0.23321955024329905	NDCG@20:0.13652125980935415	Precision@20:0.03445420840496387	Recall@40:0.32901078327639194	NDCG@40:0.16286161164247978	Precision@40:0.02527881144026962	Recall@80:0.4542296868234359	NDCG@80:0.1911918018749736	Precision@80:0.01772980788302768	
U-B Train Epoch: 117 [2048/34416 (6%)]	Loss: 0.521786
Train Epoch: 117: time = 14s
U-B Train Epoch: 118 [2048/34416 (6%)]	Loss: 0.518051
Train Epoch: 118: time = 18s
U-B Train Epoch: 119 [2048/34416 (6%)]	Loss: 0.526077
Train Epoch: 119: time = 13s
U-B Train Epoch: 120 [2048/34416 (6%)]	Loss: 0.545674
Train Epoch: 120: time = 14s
U-B Train Epoch: 121 [2048/34416 (6%)]	Loss: 0.542085
Train Epoch: 121: time = 13s
Test: time=5s
Recall@20:0.24714389915762822	NDCG@20:0.12143196758284444	Precision@20:0.01975329496764621	Recall@40:0.33986828576152733	NDCG@40:0.14286099273073147	Precision@40:0.014008111428392622	Recall@80:0.44627434516847436	NDCG@80:0.1636124920627482	Precision@80:0.009428861456249323	
Test: time=7s
Recall@20:0.23755863108478636	NDCG@20:0.13942883005815812	Precision@20:0.03485975043118584	Recall@40:0.334969812246866	NDCG@40:0.16600744641282422	Precision@40:0.02547313281514025	Recall@80:0.4561401759099622	NDCG@80:0.19343853093515018	Precision@80:0.017712910218027726	
U-B Train Epoch: 122 [2048/34416 (6%)]	Loss: 0.522507
Train Epoch: 122: time = 14s
U-B Train Epoch: 123 [2048/34416 (6%)]	Loss: 0.530576
Train Epoch: 123: time = 13s
U-B Train Epoch: 124 [2048/34416 (6%)]	Loss: 0.553978
Train Epoch: 124: time = 13s
U-B Train Epoch: 125 [2048/34416 (6%)]	Loss: 0.532824
Train Epoch: 125: time = 14s
U-B Train Epoch: 126 [2048/34416 (6%)]	Loss: 0.545476
Train Epoch: 126: time = 13s
Test: time=4s
Recall@20:0.2447590674851222	NDCG@20:0.11862690555924457	Precision@20:0.019651909299942642	Recall@40:0.3350256597242391	NDCG@40:0.13965909132162999	Precision@40:0.0139151741097448	Recall@80:0.44668043832111776	NDCG@80:0.16138137760658688	Precision@80:0.009488003122601086	
Test: time=4s
Recall@20:0.23267066700307854	NDCG@20:0.13805922611052218	Precision@20:0.03438661838955636	Recall@40:0.33529420719230524	NDCG@40:0.1656962810798689	Precision@40:0.025354850771621338	Recall@80:0.45226046248600665	NDCG@80:0.1924956522506812	Precision@80:0.017649544216000016	
U-B Train Epoch: 127 [2048/34416 (6%)]	Loss: 0.521662
Train Epoch: 127: time = 15s
U-B Train Epoch: 128 [2048/34416 (6%)]	Loss: 0.502190
Train Epoch: 128: time = 14s
U-B Train Epoch: 129 [2048/34416 (6%)]	Loss: 0.544017
Train Epoch: 129: time = 13s
U-B Train Epoch: 130 [2048/34416 (6%)]	Loss: 0.503555
Train Epoch: 130: time = 13s
U-B Train Epoch: 131 [2048/34416 (6%)]	Loss: 0.513247
Train Epoch: 131: time = 13s
Test: time=4s
Recall@20:0.24562500247523444	NDCG@20:0.11956762872704303	Precision@20:0.019618114292238885	Recall@40:0.3356597013431612	NDCG@40:0.14059642909063846	Precision@40:0.013923622781096701	Recall@80:0.4447217852975034	NDCG@80:0.1616980426010952	Precision@80:0.009403514797601317	
Test: time=4s
Recall@20:0.23676272975951282	NDCG@20:0.13780137113962435	Precision@20:0.03421764173955682	Recall@40:0.3361298102468766	NDCG@40:0.16473911822990372	Precision@40:0.025202770819733294	Recall@80:0.44922415426189166	NDCG@80:0.1909455985545951	Precision@80:0.017531261527888798	
U-B Train Epoch: 132 [2048/34416 (6%)]	Loss: 0.537543
Train Epoch: 132: time = 12s
U-B Train Epoch: 133 [2048/34416 (6%)]	Loss: 0.550001
Train Epoch: 133: time = 15s
U-B Train Epoch: 134 [2048/34416 (6%)]	Loss: 0.524150
Train Epoch: 134: time = 14s
U-B Train Epoch: 135 [2048/34416 (6%)]	Loss: 0.538307
Train Epoch: 135: time = 15s
U-B Train Epoch: 136 [2048/34416 (6%)]	Loss: 0.501565
Train Epoch: 136: time = 13s
Test: time=4s
Recall@20:0.24783053950870226	NDCG@20:0.12049107166430804	Precision@20:0.01980398860723838	Recall@40:0.33486417645979427	NDCG@40:0.14086330319707882	Precision@40:0.0139151741097448	Recall@80:0.44703151938801644	NDCG@80:0.16250037695758043	Precision@80:0.009433085791925274	
Test: time=7s
Recall@20:0.238228084026619	NDCG@20:0.1396031948552417	Precision@20:0.0346231844103711	Recall@40:0.33934844011549775	NDCG@40:0.166868846051473	Precision@40:0.025405542155140435	Recall@80:0.45633482215935495	NDCG@80:0.19392409974072744	Precision@80:0.01778472489140734	
U-B Train Epoch: 137 [2048/34416 (6%)]	Loss: 0.486213
Train Epoch: 137: time = 15s
U-B Train Epoch: 138 [2048/34416 (6%)]	Loss: 0.480590
Train Epoch: 138: time = 14s
U-B Train Epoch: 139 [2048/34416 (6%)]	Loss: 0.512887
Train Epoch: 139: time = 14s
U-B Train Epoch: 140 [2048/34416 (6%)]	Loss: 0.503275
Train Epoch: 140: time = 16s
U-B Train Epoch: 141 [2048/34416 (6%)]	Loss: 0.526835
Train Epoch: 141: time = 14s
Test: time=4s
Recall@20:0.24933670936061064	NDCG@20:0.12140779537137758	Precision@20:0.020006759942645516	Recall@40:0.33570852534277046	NDCG@40:0.14151805169923196	Precision@40:0.013932071774744753	Recall@80:0.4503340700181121	NDCG@80:0.1636672205278784	Precision@80:0.00954714462780477	
Test: time=5s
Recall@20:0.23664941558889457	NDCG@20:0.1384623515601898	Precision@20:0.03469077507037092	Recall@40:0.3383478781547688	NDCG@40:0.16581249849423238	Precision@40:0.025363298153788627	Recall@80:0.45775813353790873	NDCG@80:0.1932864277779391	Precision@80:0.017822744557083197	
U-B Train Epoch: 142 [2048/34416 (6%)]	Loss: 0.479965
Train Epoch: 142: time = 14s
U-B Train Epoch: 143 [2048/34416 (6%)]	Loss: 0.496779
Train Epoch: 143: time = 15s
U-B Train Epoch: 144 [2048/34416 (6%)]	Loss: 0.523795
Train Epoch: 144: time = 15s
U-B Train Epoch: 145 [2048/34416 (6%)]	Loss: 0.484936
Train Epoch: 145: time = 14s
U-B Train Epoch: 146 [2048/34416 (6%)]	Loss: 0.494001
Train Epoch: 146: time = 13s
Test: time=4s
Recall@20:0.24678234475494518	NDCG@20:0.12093531694634616	Precision@20:0.019820885949942177	Recall@40:0.341358882263328	NDCG@40:0.14278650622224437	Precision@40:0.014126393794207687	Recall@80:0.44927982641015757	NDCG@80:0.16373275493842276	Precision@80:0.009513349297804863	
Test: time=4s
Recall@20:0.23609775286665152	NDCG@20:0.13928638031531845	Precision@20:0.03447110510307536	Recall@40:0.3381969868310926	NDCG@40:0.16689511447711827	Precision@40:0.02533795278432523	Recall@80:0.4580677750546532	NDCG@80:0.19435204715090612	Precision@80:0.017772051562083335	
U-B Train Epoch: 147 [2048/34416 (6%)]	Loss: 0.485214
Train Epoch: 147: time = 13s
U-B Train Epoch: 148 [2048/34416 (6%)]	Loss: 0.481700
Train Epoch: 148: time = 13s
U-B Train Epoch: 149 [2048/34416 (6%)]	Loss: 0.490564
Train Epoch: 149: time = 17s
U-B Train Epoch: 150 [2048/34416 (6%)]	Loss: 0.480713
Train Epoch: 150: time = 14s
U-B Train Epoch: 151 [2048/34416 (6%)]	Loss: 0.485412
Train Epoch: 151: time = 13s
Test: time=5s
Recall@20:0.2502675367473307	NDCG@20:0.12043273090389622	Precision@20:0.01992227161764575	Recall@40:0.3369063841164535	NDCG@40:0.1407550709921994	Precision@40:0.013974315776096561	Recall@80:0.4497003996843581	NDCG@80:0.16248756246254145	Precision@80:0.009504900465304887	
Test: time=7s
Recall@20:0.23720099064658404	NDCG@20:0.13869555989968368	Precision@20:0.0346569790957787	Recall@40:0.3388565027379393	NDCG@40:0.1660946159195199	Precision@40:0.025413990826492334	Recall@80:0.4571399437329704	NDCG@80:0.193352176193129	Precision@80:0.01778050055573139	
U-B Train Epoch: 152 [2048/34416 (6%)]	Loss: 0.503012
Train Epoch: 152: time = 13s
U-B Train Epoch: 153 [2048/34416 (6%)]	Loss: 0.455270
Train Epoch: 153: time = 14s
U-B Train Epoch: 154 [2048/34416 (6%)]	Loss: 0.501616
Train Epoch: 154: time = 13s
U-B Train Epoch: 155 [2048/34416 (6%)]	Loss: 0.483944
Train Epoch: 155: time = 14s
U-B Train Epoch: 156 [2048/34416 (6%)]	Loss: 0.459609
Train Epoch: 156: time = 15s
Test: time=4s
Recall@20:0.24930961585681397	NDCG@20:0.12237542640038865	Precision@20:0.0199222719399419	Recall@40:0.3418860556346897	NDCG@40:0.1438909171601734	Precision@40:0.014075701443800132	Recall@80:0.45604545693818116	NDCG@80:0.16609457724398155	Precision@80:0.009627407811388208	
Test: time=6s
Recall@20:0.2398150084025959	NDCG@20:0.13975804913241383	Precision@20:0.03494423778929715	Recall@40:0.3425684519900225	NDCG@40:0.16743701549348255	Precision@40:0.02561676280649178	Recall@80:0.4615209643282412	NDCG@80:0.19477816907567486	Precision@80:0.01791990621140697	
U-B Train Epoch: 157 [2048/34416 (6%)]	Loss: 0.467983
Train Epoch: 157: time = 15s
U-B Train Epoch: 158 [2048/34416 (6%)]	Loss: 0.453322
Train Epoch: 158: time = 14s
U-B Train Epoch: 159 [2048/34416 (6%)]	Loss: 0.451258
Train Epoch: 159: time = 13s
U-B Train Epoch: 160 [2048/34416 (6%)]	Loss: 0.484117
Train Epoch: 160: time = 13s
U-B Train Epoch: 161 [2048/34416 (6%)]	Loss: 0.463698
Train Epoch: 161: time = 13s
Test: time=5s
Recall@20:0.24765405013537883	NDCG@20:0.12038610883160353	Precision@20:0.019854681279942086	Recall@40:0.3394447628329355	NDCG@40:0.14181199094740754	Precision@40:0.014041906113800224	Recall@80:0.45109243028749685	NDCG@80:0.16345059625922767	Precision@80:0.009547144466656695	
Test: time=4s
Recall@20:0.24058694636430963	NDCG@20:0.14052254334218037	Precision@20:0.03496113642118556	Recall@40:0.34309996733515596	NDCG@40:0.1682033815993051	Precision@40:0.025667456123787794	Recall@80:0.46459790765131276	NDCG@80:0.19608981128317474	Precision@80:0.018038188899518186	
U-B Train Epoch: 162 [2048/34416 (6%)]	Loss: 0.510735
Train Epoch: 162: time = 14s
U-B Train Epoch: 163 [2048/34416 (6%)]	Loss: 0.449822
Train Epoch: 163: time = 16s
U-B Train Epoch: 164 [2048/34416 (6%)]	Loss: 0.452461
Train Epoch: 164: time = 13s
U-B Train Epoch: 165 [2048/34416 (6%)]	Loss: 0.452602
Train Epoch: 165: time = 14s
U-B Train Epoch: 166 [2048/34416 (6%)]	Loss: 0.470807
Train Epoch: 166: time = 15s
Test: time=4s
Recall@20:0.2465318407147025	NDCG@20:0.12003520567218127	Precision@20:0.019854681279942086	Recall@40:0.34132657014022366	NDCG@40:0.14201343377807246	Precision@40:0.014092599108800086	Recall@80:0.4557707884215793	NDCG@80:0.16422403998856772	Precision@80:0.009656978805712164	
Test: time=4s
Recall@20:0.23799425687851153	NDCG@20:0.1405169405458585	Precision@20:0.03475836573037073	Recall@40:0.34451347575392344	NDCG@40:0.16918763279632848	Precision@40:0.0257688401800106	Recall@80:0.46327527643418387	NDCG@80:0.19650550112606666	Precision@80:0.017979047233166425	
