nohup: ignoring input
>>>>>>>>>>B-I statistics>>>>>>>>>>
Average interactions 37.02934265136719
Non-zero rows 1.0
Non-zero columns 0.8566981995727799
Matrix density 0.0011299769286862884
finish loading assist data
>>>>>>>>>>U-I statistics>>>>>>>>>>
Average interactions 17.230377197265625
Non-zero rows 0.9958950118173903
Non-zero columns 0.641867561794324
Matrix density 0.0005257972814327529
finish loading item data
>>>>>>>>>>U-B statistics in train>>>>>>>>>>
Average interactions 4.281129360198975
Non-zero rows 0.3680806070406767
Non-zero columns 0.8645986166422134
Matrix density 0.0008973233061660289
finish loading bundle train data
>>>>>>>>>>U-B statistics in test>>>>>>>>>>
Average interactions 1.2123398780822754
Non-zero rows 0.3680806070406767
Non-zero columns 0.5017815971494446
Matrix density 0.0002541060245785134
finish loading bundle test data
>>>>>>>>>>B-I statistics>>>>>>>>>>
Average interactions 37.02934265136719
Non-zero rows 1.0
Non-zero columns 0.8566981995727799
Matrix density 0.0011299769286862884
finish loading assist data
>>>>>>>>>>U-I statistics>>>>>>>>>>
Average interactions 17.230377197265625
Non-zero rows 0.9958950118173903
Non-zero columns 0.641867561794324
Matrix density 0.0005257972814327529
finish loading item data
>>>>>>>>>>U-B statistics in train>>>>>>>>>>
Average interactions 4.281129360198975
Non-zero rows 0.3680806070406767
Non-zero columns 0.8645986166422134
Matrix density 0.0008973233061660289
finish loading bundle train data
>>>>>>>>>>U-B statistics in test>>>>>>>>>>
Average interactions 0.6454783082008362
Non-zero rows 0.3680806070406767
Non-zero columns 0.34835464263257176
Matrix density 0.00013529203381263145
finish loading bundle test data
IHGCN model
/data/nfs/lzm/IHBR/IHBR_1/model/IHGCN.py:170: UserWarning: Creating a tensor from a list of numpy.ndarrays is extremely slow. Please consider converting the list to a single numpy.ndarray with numpy.array() before converting to a tensor. (Triggered internally at  /opt/conda/conda-bld/pytorch_1640811805959/work/torch/csrc/utils/tensor_new.cpp:201.)
  ub_indices = torch.tensor([ub_graph_coo.row, ub_graph_coo.col], dtype=torch.long)
finish generating bi, ui graph
finish generating non-atom graph
U-B Train Epoch: 1 [2048/34416 (6%)]	Loss: 0.997332
Train Epoch: 1: time = 4s
Test: time=2s
Recall@20:0.04911998479339713	NDCG@20:0.017885627437177726	Precision@20:0.004004731457069864	Recall@40:0.09398244514220387	NDCG@40:0.02788100543961649	Precision@40:0.003709023367033169	Recall@80:0.16619192357400092	NDCG@80:0.04153809800426796	Precision@80:0.003358398188042778	
Test: time=2s
Recall@20:0.050075872639781444	NDCG@20:0.021626229139549098	Precision@20:0.007502534736769954	Recall@40:0.09374719602346984	NDCG@40:0.033160206110504034	Precision@40:0.0070969922271037515	Recall@80:0.17238340800015578	NDCG@80:0.05032373900830887	Precision@80:0.0064126395341229225	
U-B Train Epoch: 2 [2048/34416 (6%)]	Loss: 0.988965
Train Epoch: 2: time = 17s
U-B Train Epoch: 3 [2048/34416 (6%)]	Loss: 0.981885
Train Epoch: 3: time = 2s
U-B Train Epoch: 4 [2048/34416 (6%)]	Loss: 0.962456
Train Epoch: 4: time = 2s
U-B Train Epoch: 5 [2048/34416 (6%)]	Loss: 0.933580
Train Epoch: 5: time = 2s
U-B Train Epoch: 6 [2048/34416 (6%)]	Loss: 0.898112
Train Epoch: 6: time = 2s
Test: time=3s
Recall@20:0.12397085939480187	NDCG@20:0.05236742922727141	Precision@20:0.010966543331062444	Recall@40:0.2038036989738668	NDCG@40:0.07057890097568792	Precision@40:0.008862791612527789	Recall@80:0.31157325159339094	NDCG@80:0.09117665086174462	Precision@80:0.0067590403774373635	
Test: time=3s
Recall@20:0.11685162099804093	NDCG@20:0.05930338038025212	Precision@20:0.019364651251016496	Recall@40:0.19831679003510214	NDCG@40:0.08086803032764514	Precision@40:0.015951335490575792	Recall@80:0.31613166399121323	NDCG@80:0.10703051722746679	Precision@80:0.012546468723783141	
U-B Train Epoch: 7 [2048/34416 (6%)]	Loss: 0.875420
Train Epoch: 7: time = 3s
U-B Train Epoch: 8 [2048/34416 (6%)]	Loss: 0.787478
Train Epoch: 8: time = 2s
U-B Train Epoch: 9 [2048/34416 (6%)]	Loss: 0.707212
Train Epoch: 9: time = 2s
U-B Train Epoch: 10 [2048/34416 (6%)]	Loss: 0.680228
Train Epoch: 10: time = 3s
U-B Train Epoch: 11 [2048/34416 (6%)]	Loss: 0.708317
Train Epoch: 11: time = 2s
Test: time=2s
Recall@20:0.17951072700606202	NDCG@20:0.07634099926163757	Precision@20:0.015596485170169068	Recall@40:0.28363172215922294	NDCG@40:0.1004794044404386	Precision@40:0.012411288048375817	Recall@80:0.404826131693694	NDCG@80:0.12345380096590249	Precision@80:0.008710713594416664	
Test: time=2s
Recall@20:0.18170950355542678	NDCG@20:0.09482925636778816	Precision@20:0.029942548931672308	Recall@40:0.28678822879978194	NDCG@40:0.12262066798904692	Precision@40:0.02290469837092032	Recall@80:0.4190380512842176	NDCG@80:0.15167164391623675	Precision@80:0.016344204509769915	
U-B Train Epoch: 12 [2048/34416 (6%)]	Loss: 0.680261
Train Epoch: 12: time = 2s
U-B Train Epoch: 13 [2048/34416 (6%)]	Loss: 0.654886
Train Epoch: 13: time = 2s
U-B Train Epoch: 14 [2048/34416 (6%)]	Loss: 0.657180
Train Epoch: 14: time = 5s
U-B Train Epoch: 15 [2048/34416 (6%)]	Loss: 0.679877
Train Epoch: 15: time = 4s
U-B Train Epoch: 16 [2048/34416 (6%)]	Loss: 0.675988
Train Epoch: 16: time = 9s
Test: time=7s
Recall@20:0.19955906379702285	NDCG@20:0.08835529612302377	Precision@20:0.016661034519908476	Recall@40:0.30192350366301696	NDCG@40:0.11173744369254156	Precision@40:0.012749240381486435	Recall@80:0.4199273720831837	NDCG@80:0.1342480844160559	Precision@80:0.008862791773675865	
Test: time=2s
Recall@20:0.18853215214045074	NDCG@20:0.09901354996970313	Precision@20:0.029773573570857383	Recall@40:0.2939476897564237	NDCG@40:0.1270269540243352	Precision@40:0.02295539007673557	Recall@80:0.4288078841827898	NDCG@80:0.15704775517274497	Precision@80:0.01667370784923248	
U-B Train Epoch: 17 [2048/34416 (6%)]	Loss: 0.633249
Train Epoch: 17: time = 2s
U-B Train Epoch: 18 [2048/34416 (6%)]	Loss: 0.622657
Train Epoch: 18: time = 3s
U-B Train Epoch: 19 [2048/34416 (6%)]	Loss: 0.634883
Train Epoch: 19: time = 10s
U-B Train Epoch: 20 [2048/34416 (6%)]	Loss: 0.655886
Train Epoch: 20: time = 14s
U-B Train Epoch: 21 [2048/34416 (6%)]	Loss: 0.666438
Train Epoch: 21: time = 2s
Test: time=5s
Recall@20:0.18962661830828617	NDCG@20:0.08288105213388312	Precision@20:0.016272389191797996	Recall@40:0.2936631306154819	NDCG@40:0.10672650429073642	Precision@40:0.01263940572013481	Recall@80:0.413688801478276	NDCG@80:0.12985223561938286	Precision@80:0.008905035775027673	
Test: time=2s
Recall@20:0.19303590311074265	NDCG@20:0.09999319619929399	Precision@20:0.03026360359978297	Recall@40:0.3024541320491377	NDCG@40:0.12907933076921047	Precision@40:0.023529908430660926	Recall@80:0.4298431303663083	NDCG@80:0.15758178442787102	Precision@80:0.016770868536667795	
U-B Train Epoch: 22 [2048/34416 (6%)]	Loss: 0.668787
Train Epoch: 22: time = 2s
U-B Train Epoch: 23 [2048/34416 (6%)]	Loss: 0.662702
Train Epoch: 23: time = 13s
U-B Train Epoch: 24 [2048/34416 (6%)]	Loss: 0.674304
Train Epoch: 24: time = 22s
U-B Train Epoch: 25 [2048/34416 (6%)]	Loss: 0.637292
Train Epoch: 25: time = 6s
U-B Train Epoch: 26 [2048/34416 (6%)]	Loss: 0.651578
Train Epoch: 26: time = 3s
Test: time=3s
Recall@20:0.1932955423131429	NDCG@20:0.08825884706549404	Precision@20:0.016458263184501335	Recall@40:0.28944262381782804	NDCG@40:0.11042536316227373	Precision@40:0.012461980721079525	Recall@80:0.421700145312764	NDCG@80:0.13560590521634208	Precision@80:0.008947279454083329	
Test: time=2s
Recall@20:0.19522764071212825	NDCG@20:0.10897422086632545	Precision@20:0.030804325656819963	Recall@40:0.29945018751551145	NDCG@40:0.13654651493589473	Precision@40:0.02333558608890184	Recall@80:0.428735215424605	NDCG@80:0.16550755476621246	Precision@80:0.016775093194639896	
U-B Train Epoch: 27 [2048/34416 (6%)]	Loss: 0.657410
Train Epoch: 27: time = 3s
U-B Train Epoch: 28 [2048/34416 (6%)]	Loss: 0.653103
Train Epoch: 28: time = 3s
U-B Train Epoch: 29 [2048/34416 (6%)]	Loss: 0.652430
Train Epoch: 29: time = 3s
U-B Train Epoch: 30 [2048/34416 (6%)]	Loss: 0.639916
Train Epoch: 30: time = 3s
U-B Train Epoch: 31 [2048/34416 (6%)]	Loss: 0.651422
Train Epoch: 31: time = 3s
Test: time=2s
Recall@20:0.19549156258580813	NDCG@20:0.08893605960950371	Precision@20:0.016373774859501568	Recall@40:0.30152347483478636	NDCG@40:0.11347093804537665	Precision@40:0.012909767393245614	Recall@80:0.4278632109533415	NDCG@80:0.13733078265923349	Precision@80:0.009027543121110993	
Test: time=5s
Recall@20:0.19950734686714525	NDCG@20:0.10766184382359698	Precision@20:0.03080432759059688	Recall@40:0.3062792304562088	NDCG@40:0.13589620638554384	Precision@40:0.02346231873754957	Recall@80:0.4298308160748986	NDCG@80:0.16427415832952696	Precision@80:0.016944069200047127	
U-B Train Epoch: 32 [2048/34416 (6%)]	Loss: 0.618576
Train Epoch: 32: time = 18s
U-B Train Epoch: 33 [2048/34416 (6%)]	Loss: 0.620516
Train Epoch: 33: time = 3s
U-B Train Epoch: 34 [2048/34416 (6%)]	Loss: 0.624866
Train Epoch: 34: time = 3s
U-B Train Epoch: 35 [2048/34416 (6%)]	Loss: 0.610239
Train Epoch: 35: time = 3s
U-B Train Epoch: 36 [2048/34416 (6%)]	Loss: 0.616907
Train Epoch: 36: time = 17s
Test: time=5s
Recall@20:0.20009012019243463	NDCG@20:0.0935710740677607	Precision@20:0.016694829205316078	Recall@40:0.29988399813730354	NDCG@40:0.1165986159396518	Precision@40:0.01279993273189399	Recall@80:0.425006986349247	NDCG@80:0.14044133502512857	Precision@80:0.00900219678475914	
Test: time=2s
Recall@20:0.20364266950240525	NDCG@20:0.1108751777218338	Precision@20:0.031294355685745553	Recall@40:0.30576667643834227	NDCG@40:0.1382905058298372	Precision@40:0.023834065433771638	Recall@80:0.4312634611500401	NDCG@80:0.1667518241859119	Precision@80:0.017020108209102693	
U-B Train Epoch: 37 [2048/34416 (6%)]	Loss: 0.642220
Train Epoch: 37: time = 4s
U-B Train Epoch: 38 [2048/34416 (6%)]	Loss: 0.646962
Train Epoch: 38: time = 3s
U-B Train Epoch: 39 [2048/34416 (6%)]	Loss: 0.637118
Train Epoch: 39: time = 3s
U-B Train Epoch: 40 [2048/34416 (6%)]	Loss: 0.623405
Train Epoch: 40: time = 3s
U-B Train Epoch: 41 [2048/34416 (6%)]	Loss: 0.621066
Train Epoch: 41: time = 4s
Test: time=3s
Recall@20:0.20158234622358429	NDCG@20:0.09340870642267235	Precision@20:0.016948293858019232	Recall@40:0.2975076080456341	NDCG@40:0.11569830097431828	Precision@40:0.012808381080949737	Recall@80:0.4159773516872518	NDCG@80:0.13851435984578958	Precision@80:0.00893460676935163	
Test: time=4s
Recall@20:0.2035438302966057	NDCG@20:0.11267279611724823	Precision@20:0.03154782033844871	Recall@40:0.3040039640054706	NDCG@40:0.13992930183784508	Precision@40:0.023901656093771453	Recall@80:0.4279625194223397	NDCG@80:0.16827183988054847	Precision@80:0.01707925052004676	
U-B Train Epoch: 42 [2048/34416 (6%)]	Loss: 0.603228
Train Epoch: 42: time = 34s
U-B Train Epoch: 43 [2048/34416 (6%)]	Loss: 0.635639
Train Epoch: 43: time = 3s
U-B Train Epoch: 44 [2048/34416 (6%)]	Loss: 0.622378
Train Epoch: 44: time = 23s
U-B Train Epoch: 45 [2048/34416 (6%)]	Loss: 0.621171
Train Epoch: 45: time = 4s
U-B Train Epoch: 46 [2048/34416 (6%)]	Loss: 0.654424
Train Epoch: 46: time = 3s
Test: time=3s
Recall@20:0.2107406982339367	NDCG@20:0.10103596864257483	Precision@20:0.017556607219648347	Recall@40:0.30457992527927247	NDCG@40:0.12280779829215423	Precision@40:0.013044948068652938	Recall@80:0.42709209291304073	NDCG@80:0.14616637183186493	Precision@80:0.009082460451786806	
Test: time=3s
Recall@20:0.2096783430764062	NDCG@20:0.11669481489536689	Precision@20:0.03222372500466994	Recall@40:0.3059583678766053	NDCG@40:0.1427229107453558	Precision@40:0.023850963421067743	Recall@80:0.4290469299502049	NDCG@80:0.1708605406291584	Precision@80:0.017041231176667053	
U-B Train Epoch: 47 [2048/34416 (6%)]	Loss: 0.625603
Train Epoch: 47: time = 3s
U-B Train Epoch: 48 [2048/34416 (6%)]	Loss: 0.627948
Train Epoch: 48: time = 3s
U-B Train Epoch: 49 [2048/34416 (6%)]	Loss: 0.621220
Train Epoch: 49: time = 3s
U-B Train Epoch: 50 [2048/34416 (6%)]	Loss: 0.587482
Train Epoch: 50: time = 3s
U-B Train Epoch: 51 [2048/34416 (6%)]	Loss: 0.595577
Train Epoch: 51: time = 4s
Test: time=2s
Recall@20:0.20285823676343623	NDCG@20:0.10006487744206631	Precision@20:0.017083474533426558	Recall@40:0.3054119237736698	NDCG@40:0.12354112001801311	Precision@40:0.01299425539594923	Recall@80:0.4314243204491329	NDCG@80:0.14768775148382055	Precision@80:0.00921341679151818	
Test: time=3s
Recall@20:0.2175788840718993	NDCG@20:0.12415091207439169	Precision@20:0.03281514102359526	Recall@40:0.3114678942701953	NDCG@40:0.15021486014842825	Precision@40:0.024484624730529477	Recall@80:0.4364091332356001	NDCG@80:0.17821844577305862	Precision@80:0.01716796221383402	
U-B Train Epoch: 52 [2048/34416 (6%)]	Loss: 0.634347
Train Epoch: 52: time = 3s
U-B Train Epoch: 53 [2048/34416 (6%)]	Loss: 0.600781
Train Epoch: 53: time = 6s
U-B Train Epoch: 54 [2048/34416 (6%)]	Loss: 0.598834
Train Epoch: 54: time = 3s
U-B Train Epoch: 55 [2048/34416 (6%)]	Loss: 0.640292
Train Epoch: 55: time = 3s
U-B Train Epoch: 56 [2048/34416 (6%)]	Loss: 0.574179
Train Epoch: 56: time = 3s
Test: time=3s
Recall@20:0.22148730505878517	NDCG@20:0.1080095111296442	Precision@20:0.01851977057938803	Recall@40:0.3198176645354348	NDCG@40:0.13046376549661784	Precision@40:0.013458939088522965	Recall@80:0.4333234028302161	NDCG@80:0.1522148366955818	Precision@80:0.009175397448138474	
Test: time=3s
Recall@20:0.21230542285090243	NDCG@20:0.12294909292558191	Precision@20:0.033068605031706104	Recall@40:0.3129496160251299	NDCG@40:0.1499802208140155	Precision@40:0.024450827466752652	Recall@80:0.43791540622227737	NDCG@80:0.17841240359786878	Precision@80:0.017383407200861317	
U-B Train Epoch: 57 [2048/34416 (6%)]	Loss: 0.636783
Train Epoch: 57: time = 3s
U-B Train Epoch: 58 [2048/34416 (6%)]	Loss: 0.596907
Train Epoch: 58: time = 3s
U-B Train Epoch: 59 [2048/34416 (6%)]	Loss: 0.648143
Train Epoch: 59: time = 3s
U-B Train Epoch: 60 [2048/34416 (6%)]	Loss: 0.587032
Train Epoch: 60: time = 3s
U-B Train Epoch: 61 [2048/34416 (6%)]	Loss: 0.594000
Train Epoch: 61: time = 8s
Test: time=6s
Recall@20:0.22226178529255292	NDCG@20:0.10821556408448008	Precision@20:0.01841838458938831	Recall@40:0.31923296258996653	NDCG@40:0.1305187002312859	Precision@40:0.013501183412170926	Recall@80:0.429733755943863	NDCG@80:0.15169158502380845	Precision@80:0.00913737762131454	
Test: time=3s
Recall@20:0.2155696950115115	NDCG@20:0.12479854685585819	Precision@20:0.033288273709817046	Recall@40:0.31811530656933823	NDCG@40:0.15252227886337894	Precision@40:0.024915512126214845	Recall@80:0.4363272029751658	NDCG@80:0.1792339493834356	Precision@80:0.01724822620315784	
U-B Train Epoch: 62 [2048/34416 (6%)]	Loss: 0.631863
Train Epoch: 62: time = 3s
U-B Train Epoch: 63 [2048/34416 (6%)]	Loss: 0.597844
Train Epoch: 63: time = 3s
U-B Train Epoch: 64 [2048/34416 (6%)]	Loss: 0.602234
Train Epoch: 64: time = 7s
U-B Train Epoch: 65 [2048/34416 (6%)]	Loss: 0.591339
Train Epoch: 65: time = 23s
U-B Train Epoch: 66 [2048/34416 (6%)]	Loss: 0.607252
Train Epoch: 66: time = 3s
Test: time=3s
Recall@20:0.22707116068033964	NDCG@20:0.10907155172612949	Precision@20:0.01873943957979512	Recall@40:0.31858454914099466	NDCG@40:0.13016257845255602	Precision@40:0.013458939088522965	Recall@80:0.4303829583738172	NDCG@80:0.1517609173722185	Precision@80:0.009204967959018203	
Test: time=29s
Recall@20:0.22140429188327718	NDCG@20:0.1284998577565267	Precision@20:0.03403176774685348	Recall@40:0.32321469692734295	NDCG@40:0.1557764077194642	Precision@40:0.024991552102158865	Recall@80:0.43881346253617143	NDCG@80:0.18202998195801606	Precision@80:0.0172820218554539	
U-B Train Epoch: 67 [2048/34416 (6%)]	Loss: 0.623921
Train Epoch: 67: time = 4s
U-B Train Epoch: 68 [2048/34416 (6%)]	Loss: 0.606930
Train Epoch: 68: time = 3s
U-B Train Epoch: 69 [2048/34416 (6%)]	Loss: 0.613472
Train Epoch: 69: time = 3s
U-B Train Epoch: 70 [2048/34416 (6%)]	Loss: 0.629066
Train Epoch: 70: time = 3s
U-B Train Epoch: 71 [2048/34416 (6%)]	Loss: 0.614346
Train Epoch: 71: time = 10s
Test: time=59s
Recall@20:0.23339958229593508	NDCG@20:0.11325479335340144	Precision@20:0.019009800930609774	Recall@40:0.3251139907347024	NDCG@40:0.13457919343495217	Precision@40:0.013670159095282006	Recall@80:0.43431044382273887	NDCG@80:0.15583082678028762	Precision@80:0.009289455961721819	
Test: time=5s
Recall@20:0.22850108299758154	NDCG@20:0.1319610038775373	Precision@20:0.0345893897249635	Recall@40:0.32409228098960535	NDCG@40:0.15779020432565372	Precision@40:0.025067589499733665	Recall@80:0.44061801158805763	NDCG@80:0.18440327542824855	Precision@80:0.01740875353721317	
U-B Train Epoch: 72 [2048/34416 (6%)]	Loss: 0.601403
Train Epoch: 72: time = 3s
U-B Train Epoch: 73 [2048/34416 (6%)]	Loss: 0.589265
Train Epoch: 73: time = 4s
U-B Train Epoch: 74 [2048/34416 (6%)]	Loss: 0.599401
Train Epoch: 74: time = 3s
U-B Train Epoch: 75 [2048/34416 (6%)]	Loss: 0.578035
Train Epoch: 75: time = 2s
U-B Train Epoch: 76 [2048/34416 (6%)]	Loss: 0.576933
Train Epoch: 76: time = 3s
Test: time=2s
Recall@20:0.23436139652397875	NDCG@20:0.11582736382415143	Precision@20:0.019178777258313157	Recall@40:0.32825843060729715	NDCG@40:0.13751436254792054	Precision@40:0.013779993112041323	Recall@80:0.43570637292014297	NDCG@80:0.15856064683321805	Precision@80:0.009352821802601455	
Test: time=2s
Recall@20:0.22538232883918766	NDCG@20:0.1317466253684799	Precision@20:0.034369721046852555	Recall@40:0.32829475467291264	NDCG@40:0.15946990873975583	Precision@40:0.02532105415243682	Recall@80:0.4483659492227104	NDCG@80:0.18682730346968465	Precision@80:0.01761997354397221	
U-B Train Epoch: 77 [2048/34416 (6%)]	Loss: 0.604583
Train Epoch: 77: time = 3s
U-B Train Epoch: 78 [2048/34416 (6%)]	Loss: 0.584317
Train Epoch: 78: time = 3s
U-B Train Epoch: 79 [2048/34416 (6%)]	Loss: 0.594510
Train Epoch: 79: time = 5s
U-B Train Epoch: 80 [2048/34416 (6%)]	Loss: 0.600143
Train Epoch: 80: time = 3s
U-B Train Epoch: 81 [2048/34416 (6%)]	Loss: 0.580126
Train Epoch: 81: time = 3s
Test: time=3s
Recall@20:0.23747808283025568	NDCG@20:0.11823613049815579	Precision@20:0.019246367273720668	Recall@40:0.3312779949016771	NDCG@40:0.14012752944208876	Precision@40:0.013915174754337106	Recall@80:0.43821043354226513	NDCG@80:0.16083259492276608	Precision@80:0.009344373453545708	
Test: time=3s
Recall@20:0.22895801643456667	NDCG@20:0.13348572251763688	Precision@20:0.03467387708307481	Recall@40:0.32627979522220346	NDCG@40:0.15973185042587235	Precision@40:0.025067591433510582	Recall@80:0.44342750582835205	NDCG@80:0.18671699052084215	Precision@80:0.017560831555324296	
U-B Train Epoch: 82 [2048/34416 (6%)]	Loss: 0.589383
Train Epoch: 82: time = 3s
U-B Train Epoch: 83 [2048/34416 (6%)]	Loss: 0.599860
Train Epoch: 83: time = 4s
U-B Train Epoch: 84 [2048/34416 (6%)]	Loss: 0.572019
Train Epoch: 84: time = 3s
U-B Train Epoch: 85 [2048/34416 (6%)]	Loss: 0.588708
Train Epoch: 85: time = 4s
U-B Train Epoch: 86 [2048/34416 (6%)]	Loss: 0.592168
Train Epoch: 86: time = 3s
Test: time=3s
Recall@20:0.23812098888256697	NDCG@20:0.11707544149519343	Precision@20:0.019313957933720483	Recall@40:0.33353369668675015	NDCG@40:0.1391712251890749	Precision@40:0.013864481114744939	Recall@80:0.4396284953610806	NDCG@80:0.15993712471320284	Precision@80:0.009348597466925505	
Test: time=3s
Recall@20:0.23069933355962477	NDCG@20:0.13528794072374536	Precision@20:0.03460628577848269	Recall@40:0.33053447572554073	NDCG@40:0.16248673738439004	Precision@40:0.025490031447028664	Recall@80:0.4443427340812722	NDCG@80:0.18853501413028842	Precision@80:0.017560831555324296	
U-B Train Epoch: 87 [2048/34416 (6%)]	Loss: 0.602120
Train Epoch: 87: time = 3s
U-B Train Epoch: 88 [2048/34416 (6%)]	Loss: 0.575134
Train Epoch: 88: time = 3s
U-B Train Epoch: 89 [2048/34416 (6%)]	Loss: 0.610423
Train Epoch: 89: time = 3s
U-B Train Epoch: 90 [2048/34416 (6%)]	Loss: 0.607545
Train Epoch: 90: time = 6s
U-B Train Epoch: 91 [2048/34416 (6%)]	Loss: 0.562262
Train Epoch: 91: time = 6s
Test: time=3s
Recall@20:0.23368604427336356	NDCG@20:0.11492139965185003	Precision@20:0.019280162603720574	Recall@40:0.33366378057079565	NDCG@40:0.13796451229547962	Precision@40:0.014067252450152078	Recall@80:0.44108397447406217	NDCG@80:0.15896213244005972	Precision@80:0.009471105135304978	
Test: time=3s
Recall@20:0.2339213256217129	NDCG@20:0.13649243621980875	Precision@20:0.03491044310388955	Recall@40:0.32719500284816977	NDCG@40:0.1620514158382332	Precision@40:0.025219668807029402	Recall@80:0.44782703911464494	NDCG@80:0.18956287586435186	Precision@80:0.017632646873296215	
U-B Train Epoch: 92 [2048/34416 (6%)]	Loss: 0.588028
Train Epoch: 92: time = 3s
U-B Train Epoch: 93 [2048/34416 (6%)]	Loss: 0.553115
Train Epoch: 93: time = 3s
U-B Train Epoch: 94 [2048/34416 (6%)]	Loss: 0.561954
Train Epoch: 94: time = 3s
U-B Train Epoch: 95 [2048/34416 (6%)]	Loss: 0.536221
Train Epoch: 95: time = 3s
U-B Train Epoch: 96 [2048/34416 (6%)]	Loss: 0.561905
Train Epoch: 96: time = 3s
Test: time=3s
Recall@20:0.24271820058045898	NDCG@20:0.11740107147949054	Precision@20:0.019618114292238885	Recall@40:0.33667584696747477	NDCG@40:0.13919877248585485	Precision@40:0.01400811110609647	Recall@80:0.44060856444322405	NDCG@80:0.15956691730340697	Precision@80:0.009390841790573465	
Test: time=49s
Recall@20:0.23095845450981117	NDCG@20:0.13459267830598914	Precision@20:0.034572491093075086	Recall@40:0.33061119768014424	NDCG@40:0.1617393841732189	Precision@40:0.025405542155140435	Recall@80:0.45107967251658077	NDCG@80:0.18902647708790976	Precision@80:0.017674890552351868	
U-B Train Epoch: 97 [2048/34416 (6%)]	Loss: 0.596693
Train Epoch: 97: time = 3s
U-B Train Epoch: 98 [2048/34416 (6%)]	Loss: 0.596542
Train Epoch: 98: time = 4s
U-B Train Epoch: 99 [2048/34416 (6%)]	Loss: 0.575434
Train Epoch: 99: time = 3s
U-B Train Epoch: 100 [2048/34416 (6%)]	Loss: 0.593536
Train Epoch: 100: time = 3s
U-B Train Epoch: 101 [2048/34416 (6%)]	Loss: 0.609572
Train Epoch: 101: time = 3s
Test: time=3s
Recall@20:0.2413613079930931	NDCG@20:0.11883889649840133	Precision@20:0.019550524276831377	Recall@40:0.33715018439671607	NDCG@40:0.14086074029807102	Precision@40:0.01394052109068896	Recall@80:0.44124501941573907	NDCG@80:0.16125033972592884	Precision@80:0.009365495293073536	
Test: time=3s
Recall@20:0.2317197489633718	NDCG@20:0.1352359504867301	Precision@20:0.03464008046389029	Recall@40:0.3291536455583073	NDCG@40:0.16180207979924857	Precision@40:0.025295708782973422	Recall@80:0.45181420865434374	NDCG@80:0.1895452140351734	Precision@80:0.01769178789505567	
U-B Train Epoch: 102 [2048/34416 (6%)]	Loss: 0.575166
Train Epoch: 102: time = 3s
U-B Train Epoch: 103 [2048/34416 (6%)]	Loss: 0.550444
Train Epoch: 103: time = 12s
U-B Train Epoch: 104 [2048/34416 (6%)]	Loss: 0.555992
Train Epoch: 104: time = 18s
U-B Train Epoch: 105 [2048/34416 (6%)]	Loss: 0.554995
Train Epoch: 105: time = 3s
U-B Train Epoch: 106 [2048/34416 (6%)]	Loss: 0.545191
Train Epoch: 106: time = 3s
Test: time=3s
Recall@20:0.2431913364896423	NDCG@20:0.11747062556765377	Precision@20:0.019432241266424007	Recall@40:0.3369200546300746	NDCG@40:0.13922406370956458	Precision@40:0.013940520446096654	Recall@80:0.4447756938412206	NDCG@80:0.160102818454589	Precision@80:0.009416188288073396	
Test: time=3s
Recall@20:0.23332573780138455	NDCG@20:0.13508759112163105	Precision@20:0.03398107571874208	Recall@40:0.3252413467041098	NDCG@40:0.16053641765010482	Precision@40:0.024898614783511044	Recall@80:0.4471730615448895	NDCG@80:0.18837993037825543	Precision@80:0.017565056213296397	
U-B Train Epoch: 107 [2048/34416 (6%)]	Loss: 0.604235
Train Epoch: 107: time = 3s
U-B Train Epoch: 108 [2048/34416 (6%)]	Loss: 0.554682
Train Epoch: 108: time = 3s
U-B Train Epoch: 109 [2048/34416 (6%)]	Loss: 0.568071
Train Epoch: 109: time = 3s
U-B Train Epoch: 110 [2048/34416 (6%)]	Loss: 0.543719
Train Epoch: 110: time = 3s
U-B Train Epoch: 111 [2048/34416 (6%)]	Loss: 0.520834
Train Epoch: 111: time = 3s
Test: time=3s
Recall@20:0.2449291212488647	NDCG@20:0.11934870197467604	Precision@20:0.019601216627238932	Recall@40:0.33500499151654645	NDCG@40:0.14042527951997613	Precision@40:0.013999662112448416	Recall@80:0.44072307497716184	NDCG@80:0.1609307921146291	Precision@80:0.00936971946760141	
Test: time=3s
Recall@20:0.23131529049681585	NDCG@20:0.1355785667674692	Precision@20:0.034183847054149216	Recall@40:0.3267434375759072	NDCG@40:0.16189608971949324	Precision@40:0.025168976778918	Recall@80:0.45409302294113296	NDCG@80:0.1905963429731064	Precision@80:0.017717134231407524	
U-B Train Epoch: 112 [2048/34416 (6%)]	Loss: 0.545994
Train Epoch: 112: time = 3s
U-B Train Epoch: 113 [2048/34416 (6%)]	Loss: 0.543843
Train Epoch: 113: time = 3s
U-B Train Epoch: 114 [2048/34416 (6%)]	Loss: 0.575560
Train Epoch: 114: time = 3s
U-B Train Epoch: 115 [2048/34416 (6%)]	Loss: 0.577609
Train Epoch: 115: time = 3s
U-B Train Epoch: 116 [2048/34416 (6%)]	Loss: 0.527156
Train Epoch: 116: time = 2s
Test: time=2s
Recall@20:0.24435592914360849	NDCG@20:0.1193734311138951	Precision@20:0.019635012601831144	Recall@40:0.3358023986094463	NDCG@40:0.14072423111792148	Precision@40:0.013982764447448462	Recall@80:0.445490613745934	NDCG@80:0.1619954420207682	Precision@80:0.009458431967129052	
Test: time=2s
Recall@20:0.23373764775499536	NDCG@20:0.1366982055540301	Precision@20:0.034352822414964145	Recall@40:0.33071113011449443	NDCG@40:0.16330961360847598	Precision@40:0.02533795278432523	Recall@80:0.45526059103318267	NDCG@80:0.1914721892145124	Precision@80:0.017738256876675733	
U-B Train Epoch: 117 [2048/34416 (6%)]	Loss: 0.524046
Train Epoch: 117: time = 2s
U-B Train Epoch: 118 [2048/34416 (6%)]	Loss: 0.519397
Train Epoch: 118: time = 4s
U-B Train Epoch: 119 [2048/34416 (6%)]	Loss: 0.529865
Train Epoch: 119: time = 13s
U-B Train Epoch: 120 [2048/34416 (6%)]	Loss: 0.548149
Train Epoch: 120: time = 4s
U-B Train Epoch: 121 [2048/34416 (6%)]	Loss: 0.545758
Train Epoch: 121: time = 3s
Test: time=2s
Recall@20:0.24637976334118367	NDCG@20:0.12106086805729739	Precision@20:0.0197026022949425	Recall@40:0.3414510280226243	NDCG@40:0.14298740243863398	Precision@40:0.014058804423392484	Recall@80:0.44723615939651806	NDCG@80:0.16358308060501991	Precision@80:0.009445758798953124	
Test: time=3s
Recall@20:0.23387500779698853	NDCG@20:0.1387875690054112	Precision@20:0.03445420969414848	Recall@40:0.335085642905846	NDCG@40:0.16631870972381005	Precision@40:0.025447787445676856	Recall@80:0.4569085608788864	NDCG@80:0.19389343777392595	Precision@80:0.01772558354735173	
U-B Train Epoch: 122 [2048/34416 (6%)]	Loss: 0.526068
Train Epoch: 122: time = 3s
U-B Train Epoch: 123 [2048/34416 (6%)]	Loss: 0.532321
Train Epoch: 123: time = 3s
U-B Train Epoch: 124 [2048/34416 (6%)]	Loss: 0.555011
Train Epoch: 124: time = 3s
U-B Train Epoch: 125 [2048/34416 (6%)]	Loss: 0.536136
Train Epoch: 125: time = 2s
U-B Train Epoch: 126 [2048/34416 (6%)]	Loss: 0.546183
Train Epoch: 126: time = 3s
Test: time=2s
Recall@20:0.24484167843503138	NDCG@20:0.11875850810276249	Precision@20:0.01953362628953527	Recall@40:0.3354016839350023	NDCG@40:0.13991877435630704	Precision@40:0.013881379424337198	Recall@80:0.44696767896605166	NDCG@80:0.1616104270365239	Precision@80:0.009471105618749209	
Test: time=2s
Recall@20:0.23316954019384717	NDCG@20:0.1374686377481175	Precision@20:0.03431902708496424	Recall@40:0.33478306096403454	NDCG@40:0.16488269987683232	Precision@40:0.025304158098917628	Recall@80:0.45230713096894537	NDCG@80:0.1918550976711014	Precision@80:0.017666441236407662	
U-B Train Epoch: 127 [2048/34416 (6%)]	Loss: 0.522883
Train Epoch: 127: time = 3s
U-B Train Epoch: 128 [2048/34416 (6%)]	Loss: 0.503605
Train Epoch: 128: time = 3s
U-B Train Epoch: 129 [2048/34416 (6%)]	Loss: 0.546044
Train Epoch: 129: time = 5s
U-B Train Epoch: 130 [2048/34416 (6%)]	Loss: 0.504429
Train Epoch: 130: time = 3s
U-B Train Epoch: 131 [2048/34416 (6%)]	Loss: 0.517204
Train Epoch: 131: time = 3s
Test: time=6s
Recall@20:0.24460229232287883	NDCG@20:0.1199865466882023	Precision@20:0.019550523954535222	Recall@40:0.33422059487474653	NDCG@40:0.1409335225045016	Precision@40:0.013872930752985298	Recall@80:0.4448165970905764	NDCG@80:0.16231026090291273	Precision@80:0.009399290461925365	
Test: time=3s
Recall@20:0.23621846695694015	NDCG@20:0.13731473746755793	Precision@20:0.0340317696806304	Recall@40:0.33760284289752923	NDCG@40:0.16471042871555794	Precision@40:0.02521966945162171	Recall@80:0.4493542175189834	NDCG@80:0.19060383571406883	Precision@80:0.01750169053356484	
U-B Train Epoch: 132 [2048/34416 (6%)]	Loss: 0.538583
Train Epoch: 132: time = 4s
U-B Train Epoch: 133 [2048/34416 (6%)]	Loss: 0.553947
Train Epoch: 133: time = 3s
U-B Train Epoch: 134 [2048/34416 (6%)]	Loss: 0.530918
Train Epoch: 134: time = 4s
U-B Train Epoch: 135 [2048/34416 (6%)]	Loss: 0.543810
Train Epoch: 135: time = 3s
U-B Train Epoch: 136 [2048/34416 (6%)]	Loss: 0.503270
Train Epoch: 136: time = 3s
Test: time=7s
Recall@20:0.2472532065424737	NDCG@20:0.12085092176493457	Precision@20:0.01978709061994227	Recall@40:0.33507728383282465	NDCG@40:0.1413650229074698	Precision@40:0.0139067254383929	Recall@80:0.4469470416987897	NDCG@80:0.162970465234342	Precision@80:0.00944153462442525	
Test: time=15s
Recall@20:0.23784118941121102	NDCG@20:0.13923653528149688	Precision@20:0.03450490043307527	Recall@40:0.3378902124609243	NDCG@40:0.16628917192598983	Precision@40:0.025312606125677223	Recall@80:0.45712801104020573	NDCG@80:0.1937457281578711	Precision@80:0.017772051562083335	
U-B Train Epoch: 137 [2048/34416 (6%)]	Loss: 0.492105
Train Epoch: 137: time = 4s
U-B Train Epoch: 138 [2048/34416 (6%)]	Loss: 0.480566
Train Epoch: 138: time = 3s
U-B Train Epoch: 139 [2048/34416 (6%)]	Loss: 0.516869
Train Epoch: 139: time = 3s
U-B Train Epoch: 140 [2048/34416 (6%)]	Loss: 0.500048
Train Epoch: 140: time = 3s
U-B Train Epoch: 141 [2048/34416 (6%)]	Loss: 0.527364
Train Epoch: 141: time = 2s
Test: time=3s
Recall@20:0.24856987656995871	NDCG@20:0.12174008528337804	Precision@20:0.019922271295349594	Recall@40:0.33759823793009675	NDCG@40:0.14239835594102473	Precision@40:0.013974315776096561	Recall@80:0.4504241891791991	NDCG@80:0.16416566055261755	Precision@80:0.009530246962804818	
Test: time=24s
Recall@20:0.23600363723326873	NDCG@20:0.13831080790910014	Precision@20:0.03452179970955599	Recall@40:0.3376292247714203	NDCG@40:0.1657682407865173	Precision@40:0.025371747469732833	Recall@80:0.45605823533605105	NDCG@80:0.193026559100678	Precision@80:0.017767827226407386	
U-B Train Epoch: 142 [2048/34416 (6%)]	Loss: 0.483330
Train Epoch: 142: time = 6s
U-B Train Epoch: 143 [2048/34416 (6%)]	Loss: 0.497763
Train Epoch: 143: time = 6s
U-B Train Epoch: 144 [2048/34416 (6%)]	Loss: 0.525080
Train Epoch: 144: time = 3s
U-B Train Epoch: 145 [2048/34416 (6%)]	Loss: 0.485474
Train Epoch: 145: time = 3s
U-B Train Epoch: 146 [2048/34416 (6%)]	Loss: 0.493748
Train Epoch: 146: time = 4s
Test: time=3s
Recall@20:0.24654055560267668	NDCG@20:0.12080571263897616	Precision@20:0.01988847596534969	Recall@40:0.3414715260579482	NDCG@40:0.14265903938296035	Precision@40:0.014117945767448093	Recall@80:0.4487278491268693	NDCG@80:0.16349027736157168	Precision@80:0.009513349136656787	
Test: time=3s
Recall@20:0.2369569892535221	NDCG@20:0.13940616361431754	Precision@20:0.03443731041766776	Recall@40:0.33771168617591457	NDCG@40:0.16668986597348	Precision@40:0.025337953428917537	Recall@80:0.4580499017991984	NDCG@80:0.19423627837278748	Precision@80:0.01774670490343533	
U-B Train Epoch: 147 [2048/34416 (6%)]	Loss: 0.487194
Train Epoch: 147: time = 3s
U-B Train Epoch: 148 [2048/34416 (6%)]	Loss: 0.481076
Train Epoch: 148: time = 3s
U-B Train Epoch: 149 [2048/34416 (6%)]	Loss: 0.492029
Train Epoch: 149: time = 3s
U-B Train Epoch: 150 [2048/34416 (6%)]	Loss: 0.482915
Train Epoch: 150: time = 16s
U-B Train Epoch: 151 [2048/34416 (6%)]	Loss: 0.490543
Train Epoch: 151: time = 4s
Test: time=4s
Recall@20:0.24956669989531408	NDCG@20:0.12051801820105901	Precision@20:0.0199391692826457	Recall@40:0.3354315878612522	NDCG@40:0.14063510205061625	Precision@40:0.013923623103392853	Recall@80:0.4505509005563007	NDCG@80:0.16276829530355616	Precision@80:0.009504900626452963	
Test: time=3s
Recall@20:0.237856257400951	NDCG@20:0.1395990050052541	Precision@20:0.034589388435778884	Recall@40:0.3389454152222299	NDCG@40:0.16685873368737986	Precision@40:0.025388646101621247	Recall@80:0.45824167058853815	NDCG@80:0.19428936699509178	Precision@80:0.017788949227083288	
U-B Train Epoch: 152 [2048/34416 (6%)]	Loss: 0.505207
Train Epoch: 152: time = 3s
U-B Train Epoch: 153 [2048/34416 (6%)]	Loss: 0.458326
Train Epoch: 153: time = 3s
U-B Train Epoch: 154 [2048/34416 (6%)]	Loss: 0.504141
Train Epoch: 154: time = 3s
U-B Train Epoch: 155 [2048/34416 (6%)]	Loss: 0.490102
Train Epoch: 155: time = 3s
U-B Train Epoch: 156 [2048/34416 (6%)]	Loss: 0.460765
Train Epoch: 156: time = 6s
Test: time=12s
Recall@20:0.25183016772848726	NDCG@20:0.12334663104914298	Precision@20:0.02004055462805312	Recall@40:0.34302854135093674	NDCG@40:0.1445314382209533	Precision@40:0.014092599108800086	Recall@80:0.45680304369679897	NDCG@80:0.16662354258195336	Precision@80:0.00961895946233246	
Test: time=3s
Recall@20:0.24024358493486503	NDCG@20:0.14054323991193446	Precision@20:0.034961135132000956	Recall@40:0.34276464010421065	NDCG@40:0.1681481684007609	Precision@40:0.02562521147784368	Recall@80:0.4619030373932019	NDCG@80:0.19555303606482605	Precision@80:0.017932578573842513	
U-B Train Epoch: 157 [2048/34416 (6%)]	Loss: 0.470964
Train Epoch: 157: time = 4s
U-B Train Epoch: 158 [2048/34416 (6%)]	Loss: 0.453040
Train Epoch: 158: time = 3s
U-B Train Epoch: 159 [2048/34416 (6%)]	Loss: 0.455900
Train Epoch: 159: time = 21s
U-B Train Epoch: 160 [2048/34416 (6%)]	Loss: 0.483203
Train Epoch: 160: time = 13s
U-B Train Epoch: 161 [2048/34416 (6%)]	Loss: 0.464972
Train Epoch: 161: time = 11s
Test: time=3s
Recall@20:0.2470401043261818	NDCG@20:0.12135868775115378	Precision@20:0.019820886594534484	Recall@40:0.33925889335237835	NDCG@40:0.14288786707314416	Precision@40:0.014041906436096378	Recall@80:0.4509596752129362	NDCG@80:0.1645168653812389	Precision@80:0.009542919969832668	
Test: time=3s
Recall@20:0.24233723621426423	NDCG@20:0.14122649744258775	Precision@20:0.03497803311929706	Recall@40:0.3436239847825886	NDCG@40:0.1685550608478635	Precision@40:0.025608314135139882	Recall@80:0.46409830220368475	NDCG@80:0.19626449579804198	Precision@80:0.017991720240194277	
U-B Train Epoch: 162 [2048/34416 (6%)]	Loss: 0.507937
Train Epoch: 162: time = 3s
U-B Train Epoch: 163 [2048/34416 (6%)]	Loss: 0.455035
Train Epoch: 163: time = 3s
U-B Train Epoch: 164 [2048/34416 (6%)]	Loss: 0.458404
Train Epoch: 164: time = 3s
U-B Train Epoch: 165 [2048/34416 (6%)]	Loss: 0.451443
Train Epoch: 165: time = 3s
U-B Train Epoch: 166 [2048/34416 (6%)]	Loss: 0.474288
Train Epoch: 166: time = 25s
Test: time=2s
Recall@20:0.24989727261341194	NDCG@20:0.12049021048898752	Precision@20:0.019939168638053395	Recall@40:0.3396715355628485	NDCG@40:0.14146498628225065	Precision@40:0.014058804745688637	Recall@80:0.4563077802229427	NDCG@80:0.16405243920329132	Precision@80:0.009665427477064064	
Test: time=3s
Recall@20:0.2395939957495274	NDCG@20:0.14069057566445195	Precision@20:0.03475836444118612	Recall@40:0.34344166313808244	NDCG@40:0.16878714501837613	Precision@40:0.02570125016460309	Recall@80:0.4629247007276529	NDCG@80:0.19626316020278442	Precision@80:0.017966374226138573	
U-B Train Epoch: 167 [2048/34416 (6%)]	Loss: 0.474018
Train Epoch: 167: time = 2s
U-B Train Epoch: 168 [2048/34416 (6%)]	Loss: 0.483921
Train Epoch: 168: time = 6s
U-B Train Epoch: 169 [2048/34416 (6%)]	Loss: 0.429830
Train Epoch: 169: time = 7s
U-B Train Epoch: 170 [2048/34416 (6%)]	Loss: 0.445498
Train Epoch: 170: time = 11s
U-B Train Epoch: 171 [2048/34416 (6%)]	Loss: 0.444271
Train Epoch: 171: time = 3s
Test: time=3s
Recall@20:0.24804270319859698	NDCG@20:0.12108136867099052	Precision@20:0.01992227161764575	Recall@40:0.34104629109219226	NDCG@40:0.14281424173997762	Precision@40:0.0141432924260961	Recall@80:0.459152608435071	NDCG@80:0.1656410085788326	Precision@80:0.009716120472063926	
Test: time=3s
Recall@20:0.24196831798907992	NDCG@20:0.14128484593810725	Precision@20:0.03519770244200031	Recall@40:0.34548322104569745	NDCG@40:0.16911000067738916	Precision@40:0.02582798281325082	Recall@80:0.46413075871546555	NDCG@80:0.196473415899454	Precision@80:0.018055086564518142	
