nohup: ignoring input
>>>>>>>>>>B-I statistics>>>>>>>>>>
Average interactions 37.02934265136719
Non-zero rows 1.0
Non-zero columns 0.8566981995727799
Matrix density 0.0011299769286862884
finish loading assist data
>>>>>>>>>>U-I statistics>>>>>>>>>>
Average interactions 17.230377197265625
Non-zero rows 0.9958950118173903
Non-zero columns 0.641867561794324
Matrix density 0.0005257972814327529
finish loading item data
>>>>>>>>>>U-B statistics in train>>>>>>>>>>
Average interactions 4.281129360198975
Non-zero rows 0.3680806070406767
Non-zero columns 0.8645986166422134
Matrix density 0.0008973233061660289
finish loading bundle train data
>>>>>>>>>>U-B statistics in test>>>>>>>>>>
Average interactions 1.2123398780822754
Non-zero rows 0.3680806070406767
Non-zero columns 0.5017815971494446
Matrix density 0.0002541060245785134
finish loading bundle test data
>>>>>>>>>>B-I statistics>>>>>>>>>>
Average interactions 37.02934265136719
Non-zero rows 1.0
Non-zero columns 0.8566981995727799
Matrix density 0.0011299769286862884
finish loading assist data
>>>>>>>>>>U-I statistics>>>>>>>>>>
Average interactions 17.230377197265625
Non-zero rows 0.9958950118173903
Non-zero columns 0.641867561794324
Matrix density 0.0005257972814327529
finish loading item data
>>>>>>>>>>U-B statistics in train>>>>>>>>>>
Average interactions 4.281129360198975
Non-zero rows 0.3680806070406767
Non-zero columns 0.8645986166422134
Matrix density 0.0008973233061660289
finish loading bundle train data
>>>>>>>>>>U-B statistics in test>>>>>>>>>>
Average interactions 0.6454783082008362
Non-zero rows 0.3680806070406767
Non-zero columns 0.34835464263257176
Matrix density 0.00013529203381263145
finish loading bundle test data
IHGCN model
/data/nfs/lzm/IHBR/IHBR_1/model/IHGCN.py:170: UserWarning: Creating a tensor from a list of numpy.ndarrays is extremely slow. Please consider converting the list to a single numpy.ndarray with numpy.array() before converting to a tensor. (Triggered internally at  /opt/conda/conda-bld/pytorch_1640811805959/work/torch/csrc/utils/tensor_new.cpp:201.)
  ub_indices = torch.tensor([ub_graph_coo.row, ub_graph_coo.col], dtype=torch.long)
finish generating bi, ui graph
finish generating non-atom graph
U-B Train Epoch: 1 [2048/34416 (6%)]	Loss: 0.980030
Train Epoch: 1: time = 5s
Test: time=2s
Recall@20:0.18447405682016202	NDCG@20:0.08538026155431193	Precision@20:0.013450490739467217	Recall@40:0.25566365614901043	NDCG@40:0.10185838076020061	Precision@40:0.009859750141119304	Recall@80:0.3527336674954852	NDCG@80:0.12026559843248352	Precision@80:0.006906894382168692	
Test: time=2s
Recall@20:0.16086186199181787	NDCG@20:0.07846501986293142	Precision@20:0.01988847596534969	Recall@40:0.240092729708358	NDCG@40:0.0988640561221459	Precision@40:0.015376817136650433	Recall@80:0.33655163145178113	NDCG@80:0.12038475003102293	Precision@80:0.011439675694988079	
U-B Train Epoch: 2 [2048/34416 (6%)]	Loss: 0.955611
Train Epoch: 2: time = 2s
U-B Train Epoch: 3 [2048/34416 (6%)]	Loss: 0.945591
Train Epoch: 3: time = 3s
U-B Train Epoch: 4 [2048/34416 (6%)]	Loss: 0.855729
Train Epoch: 4: time = 2s
U-B Train Epoch: 5 [2048/34416 (6%)]	Loss: 0.756695
Train Epoch: 5: time = 4s
U-B Train Epoch: 6 [2048/34416 (6%)]	Loss: 0.690942
Train Epoch: 6: time = 2s
Test: time=2s
Recall@20:0.17116585822071567	NDCG@20:0.07435424717022947	Precision@20:0.01515714813624334	Recall@40:0.2669456149323964	NDCG@40:0.09617794974102448	Precision@40:0.011549510356339703	Recall@80:0.38060853061501987	NDCG@80:0.11796831786531821	Precision@80:0.008191111765426733	
Test: time=2s
Recall@20:0.16394232221050978	NDCG@20:0.08276310205540169	Precision@20:0.026613721496231372	Recall@40:0.2625278113217884	NDCG@40:0.10905124964686655	Precision@40:0.020910780669144983	Recall@80:0.3810354054236017	NDCG@80:0.13593632065391734	Precision@80:0.015300778127594871	
U-B Train Epoch: 7 [2048/34416 (6%)]	Loss: 0.705528
Train Epoch: 7: time = 2s
U-B Train Epoch: 8 [2048/34416 (6%)]	Loss: 0.652613
Train Epoch: 8: time = 2s
U-B Train Epoch: 9 [2048/34416 (6%)]	Loss: 0.612840
Train Epoch: 9: time = 2s
U-B Train Epoch: 10 [2048/34416 (6%)]	Loss: 0.602306
Train Epoch: 10: time = 3s
U-B Train Epoch: 11 [2048/34416 (6%)]	Loss: 0.651069
Train Epoch: 11: time = 3s
Test: time=5s
Recall@20:0.2191064801720519	NDCG@20:0.10175678785607073	Precision@20:0.018469077906684322	Recall@40:0.320435240688498	NDCG@40:0.12510553780904127	Precision@40:0.013585671414874542	Recall@80:0.42511307077256355	NDCG@80:0.1455635001184812	Precision@80:0.009166948293342345	
Test: time=3s
Recall@20:0.22317812740097742	NDCG@20:0.11949896159789256	Precision@20:0.034352822414964145	Recall@40:0.3255935261562975	NDCG@40:0.14680543869240295	Precision@40:0.02503379545891837	Recall@80:0.4299404586477431	NDCG@80:0.17098789917693505	Precision@80:0.017032781860722847	
U-B Train Epoch: 12 [2048/34416 (6%)]	Loss: 0.614318
Train Epoch: 12: time = 3s
U-B Train Epoch: 13 [2048/34416 (6%)]	Loss: 0.591462
Train Epoch: 13: time = 2s
U-B Train Epoch: 14 [2048/34416 (6%)]	Loss: 0.602026
Train Epoch: 14: time = 3s
U-B Train Epoch: 15 [2048/34416 (6%)]	Loss: 0.622446
Train Epoch: 15: time = 2s
U-B Train Epoch: 16 [2048/34416 (6%)]	Loss: 0.610252
Train Epoch: 16: time = 2s
Test: time=3s
Recall@20:0.23037505206243136	NDCG@20:0.11000444180822808	Precision@20:0.01921257226601691	Recall@40:0.3279362891565589	NDCG@40:0.13269024404491594	Precision@40:0.013948969762040861	Recall@80:0.43755989036031495	NDCG@80:0.15385368684934336	Precision@80:0.009407739133277266	
Test: time=3s
Recall@20:0.23424628780838122	NDCG@20:0.130198330120204	Precision@20:0.03583981113362933	Recall@40:0.3340796302725794	NDCG@40:0.15692753097260873	Precision@40:0.025692802137843498	Recall@80:0.44817582027619657	NDCG@80:0.18318618717689938	Precision@80:0.017674890552351868	
U-B Train Epoch: 17 [2048/34416 (6%)]	Loss: 0.565380
Train Epoch: 17: time = 3s
U-B Train Epoch: 18 [2048/34416 (6%)]	Loss: 0.563685
Train Epoch: 18: time = 3s
U-B Train Epoch: 19 [2048/34416 (6%)]	Loss: 0.575295
Train Epoch: 19: time = 3s
U-B Train Epoch: 20 [2048/34416 (6%)]	Loss: 0.592815
Train Epoch: 20: time = 3s
U-B Train Epoch: 21 [2048/34416 (6%)]	Loss: 0.611061
Train Epoch: 21: time = 3s
Test: time=8s
Recall@20:0.24346318427031408	NDCG@20:0.11453389396293617	Precision@20:0.02012504295305289	Recall@40:0.3393133278834171	NDCG@40:0.13678083970926228	Precision@40:0.014388307118262741	Recall@80:0.443252754275885	NDCG@80:0.15711885886081128	Precision@80:0.009580939957804678	
Test: time=2s
Recall@20:0.24231134938726395	NDCG@20:0.13629528895226956	Precision@20:0.03685366781066503	Recall@40:0.3389980758352431	NDCG@40:0.16254984554949545	Precision@40:0.026318014131361023	Recall@80:0.46017697390046786	NDCG@80:0.1900174114179595	Precision@80:0.018059311222490243	
U-B Train Epoch: 22 [2048/34416 (6%)]	Loss: 0.609947
Train Epoch: 22: time = 5s
U-B Train Epoch: 23 [2048/34416 (6%)]	Loss: 0.594891
Train Epoch: 23: time = 3s
U-B Train Epoch: 24 [2048/34416 (6%)]	Loss: 0.613533
Train Epoch: 24: time = 3s
U-B Train Epoch: 25 [2048/34416 (6%)]	Loss: 0.565349
Train Epoch: 25: time = 2s
U-B Train Epoch: 26 [2048/34416 (6%)]	Loss: 0.587726
Train Epoch: 26: time = 3s
Test: time=2s
Recall@20:0.2411641607255539	NDCG@20:0.11668522336185684	Precision@20:0.02010814464346063	Recall@40:0.3432917980053571	NDCG@40:0.14018333308718503	Precision@40:0.01448124379231826	Recall@80:0.4438605274691619	NDCG@80:0.1600311810440935	Precision@80:0.009627408133684361	
Test: time=3s
Recall@20:0.24507766109980939	NDCG@20:0.13940093983827148	Precision@20:0.03749577714688635	Recall@40:0.3446373612383565	NDCG@40:0.1661582371801007	Precision@40:0.02667286284028698	Recall@80:0.46075511647463246	NDCG@80:0.19262443147989977	Precision@80:0.018148023238573657	
U-B Train Epoch: 27 [2048/34416 (6%)]	Loss: 0.599938
Train Epoch: 27: time = 3s
U-B Train Epoch: 28 [2048/34416 (6%)]	Loss: 0.585951
Train Epoch: 28: time = 3s
U-B Train Epoch: 29 [2048/34416 (6%)]	Loss: 0.591187
Train Epoch: 29: time = 11s
U-B Train Epoch: 30 [2048/34416 (6%)]	Loss: 0.582294
Train Epoch: 30: time = 3s
U-B Train Epoch: 31 [2048/34416 (6%)]	Loss: 0.589938
Train Epoch: 31: time = 2s
Test: time=3s
Recall@20:0.24447005807890124	NDCG@20:0.1206006214158605	Precision@20:0.02041230196886749	Recall@40:0.34551154185324434	NDCG@40:0.14391332576709165	Precision@40:0.014565732117318028	Recall@80:0.454045230289213	NDCG@80:0.16514253503529355	Precision@80:0.009813281804091547	
Test: time=2s
Recall@20:0.24673767192978519	NDCG@20:0.1402575385534268	Precision@20:0.03742818648688654	Recall@40:0.3465722416977336	NDCG@40:0.16714328767158326	Precision@40:0.02673200418434259	Recall@80:0.46585116010938554	NDCG@80:0.19437807320984443	Precision@80:0.018287428249656932	
U-B Train Epoch: 32 [2048/34416 (6%)]	Loss: 0.552659
Train Epoch: 32: time = 2s
U-B Train Epoch: 33 [2048/34416 (6%)]	Loss: 0.553188
Train Epoch: 33: time = 3s
U-B Train Epoch: 34 [2048/34416 (6%)]	Loss: 0.563661
Train Epoch: 34: time = 2s
U-B Train Epoch: 35 [2048/34416 (6%)]	Loss: 0.541587
Train Epoch: 35: time = 2s
U-B Train Epoch: 36 [2048/34416 (6%)]	Loss: 0.553146
Train Epoch: 36: time = 3s
Test: time=6s
Recall@20:0.2505753218382345	NDCG@20:0.12200919741430408	Precision@20:0.020750253979681957	Recall@40:0.3466682292271724	NDCG@40:0.14436856005875875	Precision@40:0.014709362108669558	Recall@80:0.45326914115305	NDCG@80:0.16520766979860832	Precision@80:0.009792159642267565	
Test: time=3s
Recall@20:0.24599078024670495	NDCG@20:0.13954536719030528	Precision@20:0.0378168305258124	Recall@40:0.3452674631091057	NDCG@40:0.16611110459070183	Precision@40:0.026774248830286704	Recall@80:0.46657640380446835	NDCG@80:0.19395393662937754	Precision@80:0.01845640489965647	
U-B Train Epoch: 37 [2048/34416 (6%)]	Loss: 0.575112
Train Epoch: 37: time = 5s
U-B Train Epoch: 38 [2048/34416 (6%)]	Loss: 0.583226
Train Epoch: 38: time = 3s
U-B Train Epoch: 39 [2048/34416 (6%)]	Loss: 0.572271
Train Epoch: 39: time = 3s
U-B Train Epoch: 40 [2048/34416 (6%)]	Loss: 0.561832
Train Epoch: 40: time = 3s
U-B Train Epoch: 41 [2048/34416 (6%)]	Loss: 0.552253
Train Epoch: 41: time = 3s
Test: time=3s
Recall@20:0.24884894894119372	NDCG@20:0.12038945813322438	Precision@20:0.020682662675089836	Recall@40:0.34786903249850826	NDCG@40:0.14336196213567848	Precision@40:0.014827644474484623	Recall@80:0.45505184626087786	NDCG@80:0.16415105924770695	Precision@80:0.00983862862388763	
Test: time=2s
Recall@20:0.2483440165827507	NDCG@20:0.14408810310325093	Precision@20:0.03783372851310851	Recall@40:0.34650968014690353	NDCG@40:0.17086185301909296	Precision@40:0.02697701952110154	Recall@80:0.4683879763341184	NDCG@80:0.19850607327651076	Precision@80:0.01845640489965647	
U-B Train Epoch: 42 [2048/34416 (6%)]	Loss: 0.527263
Train Epoch: 42: time = 2s
U-B Train Epoch: 43 [2048/34416 (6%)]	Loss: 0.574629
Train Epoch: 43: time = 2s
U-B Train Epoch: 44 [2048/34416 (6%)]	Loss: 0.547780
Train Epoch: 44: time = 3s
U-B Train Epoch: 45 [2048/34416 (6%)]	Loss: 0.549686
Train Epoch: 45: time = 3s
U-B Train Epoch: 46 [2048/34416 (6%)]	Loss: 0.587132
Train Epoch: 46: time = 3s
Test: time=3s
Recall@20:0.25693540067115156	NDCG@20:0.1246747516143479	Precision@20:0.021020615330496605	Recall@40:0.35538992409611037	NDCG@40:0.14745459986844953	Precision@40:0.014945928129484299	Recall@80:0.46143726014978137	NDCG@80:0.1682483225748643	Precision@80:0.009965360305646901	
Test: time=2s
Recall@20:0.24619993240134705	NDCG@20:0.14544074395976786	Precision@20:0.037698548482293495	Recall@40:0.34646459478266783	NDCG@40:0.17273232065853777	Precision@40:0.027036161509749454	Recall@80:0.4713914567612844	NDCG@80:0.2009206696433286	Precision@80:0.018485975249388123	
U-B Train Epoch: 47 [2048/34416 (6%)]	Loss: 0.546060
Train Epoch: 47: time = 3s
U-B Train Epoch: 48 [2048/34416 (6%)]	Loss: 0.551091
Train Epoch: 48: time = 3s
U-B Train Epoch: 49 [2048/34416 (6%)]	Loss: 0.544060
Train Epoch: 49: time = 2s
U-B Train Epoch: 50 [2048/34416 (6%)]	Loss: 0.513197
Train Epoch: 50: time = 12s
U-B Train Epoch: 51 [2048/34416 (6%)]	Loss: 0.517904
Train Epoch: 51: time = 2s
Test: time=2s
Recall@20:0.2536639606441022	NDCG@20:0.12441641191003612	Precision@20:0.020784049309681862	Recall@40:0.3551439889261311	NDCG@40:0.14810882754001958	Precision@40:0.015030416132187916	Recall@80:0.4621976728010677	NDCG@80:0.16890666274534524	Precision@80:0.009952687137470974	
Test: time=2s
Recall@20:0.24941734012295644	NDCG@20:0.1472836720375404	Precision@20:0.0378168305258124	Recall@40:0.3479474819604913	NDCG@40:0.17418577059494075	Precision@40:0.02703616215434176	Recall@80:0.47324872830704523	NDCG@80:0.20251505581983725	Precision@80:0.018562014580739836	
U-B Train Epoch: 52 [2048/34416 (6%)]	Loss: 0.557141
Train Epoch: 52: time = 3s
U-B Train Epoch: 53 [2048/34416 (6%)]	Loss: 0.519832
Train Epoch: 53: time = 3s
U-B Train Epoch: 54 [2048/34416 (6%)]	Loss: 0.508928
Train Epoch: 54: time = 2s
U-B Train Epoch: 55 [2048/34416 (6%)]	Loss: 0.565934
Train Epoch: 55: time = 2s
U-B Train Epoch: 56 [2048/34416 (6%)]	Loss: 0.490259
Train Epoch: 56: time = 2s
Test: time=2s
Recall@20:0.25961232547946944	NDCG@20:0.12706176716558593	Precision@20:0.021071309292384925	Recall@40:0.35855031891745787	NDCG@40:0.15011397887420397	Precision@40:0.015038865125835969	Recall@80:0.4653392816242555	NDCG@80:0.17088836638981444	Precision@80:0.009948462640646947	
Test: time=2s
Recall@20:0.2506900180147564	NDCG@20:0.1489021066637932	Precision@20:0.038154783181219176	Recall@40:0.35182969640259326	NDCG@40:0.17640062327641173	Precision@40:0.027357216822452422	Recall@80:0.4731745331542804	NDCG@80:0.20392406756267953	Precision@80:0.01865917623506361	
U-B Train Epoch: 57 [2048/34416 (6%)]	Loss: 0.556238
Train Epoch: 57: time = 2s
U-B Train Epoch: 58 [2048/34416 (6%)]	Loss: 0.516999
Train Epoch: 58: time = 11s
U-B Train Epoch: 59 [2048/34416 (6%)]	Loss: 0.564299
Train Epoch: 59: time = 2s
U-B Train Epoch: 60 [2048/34416 (6%)]	Loss: 0.501731
Train Epoch: 60: time = 3s
U-B Train Epoch: 61 [2048/34416 (6%)]	Loss: 0.503787
Train Epoch: 61: time = 2s
Test: time=2s
Recall@20:0.2664474018041489	NDCG@20:0.12847159625147195	Precision@20:0.02139236299360713	Recall@40:0.3595617615963084	NDCG@40:0.1502804048724495	Precision@40:0.01505576246853977	Recall@80:0.46238405795546955	NDCG@80:0.1704957787351618	Precision@80:0.009944238304970997	
Test: time=2s
Recall@20:0.25272061785317307	NDCG@20:0.14954524219096532	Precision@20:0.03817167987933067	Recall@40:0.3548149168189211	NDCG@40:0.17719092180536342	Precision@40:0.027407908850563826	Recall@80:0.475946393517394	NDCG@80:0.2047705410218956	Precision@80:0.018709868585471166	
U-B Train Epoch: 62 [2048/34416 (6%)]	Loss: 0.545625
Train Epoch: 62: time = 3s
U-B Train Epoch: 63 [2048/34416 (6%)]	Loss: 0.506963
Train Epoch: 63: time = 2s
U-B Train Epoch: 64 [2048/34416 (6%)]	Loss: 0.511883
Train Epoch: 64: time = 2s
U-B Train Epoch: 65 [2048/34416 (6%)]	Loss: 0.510550
Train Epoch: 65: time = 2s
U-B Train Epoch: 66 [2048/34416 (6%)]	Loss: 0.515803
Train Epoch: 66: time = 3s
Test: time=2s
Recall@20:0.26166148957629265	NDCG@20:0.12744524544177324	Precision@20:0.020986820645089003	Recall@40:0.36177855063306597	NDCG@40:0.15079528715772458	Precision@40:0.015089557476243525	Recall@80:0.46003395691639914	NDCG@80:0.17028141569631974	Precision@80:0.00991466731064704	
Test: time=2s
Recall@20:0.25523419265772856	NDCG@20:0.14930230824276175	Precision@20:0.03788442118581222	Recall@40:0.3523124290020251	NDCG@40:0.17598716630126707	Precision@40:0.02712064951245307	Recall@80:0.4773857836064232	NDCG@80:0.20443584291304073	Precision@80:0.018684522571415466	
U-B Train Epoch: 67 [2048/34416 (6%)]	Loss: 0.533529
Train Epoch: 67: time = 7s
U-B Train Epoch: 68 [2048/34416 (6%)]	Loss: 0.512777
Train Epoch: 68: time = 4s
U-B Train Epoch: 69 [2048/34416 (6%)]	Loss: 0.515054
Train Epoch: 69: time = 4s
U-B Train Epoch: 70 [2048/34416 (6%)]	Loss: 0.541616
Train Epoch: 70: time = 3s
U-B Train Epoch: 71 [2048/34416 (6%)]	Loss: 0.521096
Train Epoch: 71: time = 2s
Test: time=2s
Recall@20:0.2612222798493473	NDCG@20:0.12850032186298685	Precision@20:0.020953024992792942	Recall@40:0.36362564277713383	NDCG@40:0.1523530682263724	Precision@40:0.015140250471243386	Recall@80:0.46269212151024947	NDCG@80:0.17187229529068493	Precision@80:0.009914667149498964	
Test: time=3s
Recall@20:0.25566892117896406	NDCG@20:0.14972740655494887	Precision@20:0.037952010556627426	Recall@40:0.3569545146378765	NDCG@40:0.17728765190513845	Precision@40:0.027340317545971705	Recall@80:0.47852627882162996	NDCG@80:0.20502685154962877	Precision@80:0.018735215244119172	
U-B Train Epoch: 72 [2048/34416 (6%)]	Loss: 0.502324
Train Epoch: 72: time = 4s
U-B Train Epoch: 73 [2048/34416 (6%)]	Loss: 0.486616
Train Epoch: 73: time = 10s
U-B Train Epoch: 74 [2048/34416 (6%)]	Loss: 0.503582
Train Epoch: 74: time = 2s
U-B Train Epoch: 75 [2048/34416 (6%)]	Loss: 0.472053
Train Epoch: 75: time = 2s
U-B Train Epoch: 76 [2048/34416 (6%)]	Loss: 0.467082
Train Epoch: 76: time = 2s
Test: time=2s
Recall@20:0.2638038668772706	NDCG@20:0.12965401575024688	Precision@20:0.021037512995496558	Recall@40:0.36159418176339664	NDCG@40:0.15249956343052315	Precision@40:0.015021967138539863	Recall@80:0.465271284871103	NDCG@80:0.1728866154295885	Precision@80:0.009927340639971043	
Test: time=2s
Recall@20:0.25704758035931163	NDCG@20:0.15092438610472683	Precision@20:0.03795201120121973	Recall@40:0.3590169367092451	NDCG@40:0.1785741318073898	Precision@40:0.027340318835156315	Recall@80:0.48257000746860745	NDCG@80:0.20672861133406556	Precision@80:0.01879858092385073	
U-B Train Epoch: 77 [2048/34416 (6%)]	Loss: 0.500458
Train Epoch: 77: time = 3s
U-B Train Epoch: 78 [2048/34416 (6%)]	Loss: 0.480640
Train Epoch: 78: time = 3s
U-B Train Epoch: 79 [2048/34416 (6%)]	Loss: 0.494086
Train Epoch: 79: time = 3s
U-B Train Epoch: 80 [2048/34416 (6%)]	Loss: 0.493712
Train Epoch: 80: time = 3s
U-B Train Epoch: 81 [2048/34416 (6%)]	Loss: 0.478105
Train Epoch: 81: time = 2s
Test: time=2s
Recall@20:0.26392254921261143	NDCG@20:0.12987345817645848	Precision@20:0.021105103655496373	Recall@40:0.363270792134431	NDCG@40:0.15298573557449863	Precision@40:0.015064211462187824	Recall@80:0.4677155273272484	NDCG@80:0.1735450613132076	Precision@80:0.009990706641998755	
Test: time=2s
Recall@20:0.25493361153043415	NDCG@20:0.15073155502726718	Precision@20:0.03793511385851593	Recall@40:0.3579945772151038	NDCG@40:0.17881462403993906	Precision@40:0.027467050194619435	Recall@80:0.4804824256703595	NDCG@80:0.2066343667822216	Precision@80:0.018760561580471027	
U-B Train Epoch: 82 [2048/34416 (6%)]	Loss: 0.483562
Train Epoch: 82: time = 2s
U-B Train Epoch: 83 [2048/34416 (6%)]	Loss: 0.489190
Train Epoch: 83: time = 2s
U-B Train Epoch: 84 [2048/34416 (6%)]	Loss: 0.464388
Train Epoch: 84: time = 2s
U-B Train Epoch: 85 [2048/34416 (6%)]	Loss: 0.476925
Train Epoch: 85: time = 2s
U-B Train Epoch: 86 [2048/34416 (6%)]	Loss: 0.477838
Train Epoch: 86: time = 2s
Test: time=2s
Recall@20:0.26610756758380155	NDCG@20:0.13144422391251398	Precision@20:0.021257181029015193	Recall@40:0.36396359994468674	NDCG@40:0.15424756111023835	Precision@40:0.015098006469891578	Recall@80:0.47068428227771736	NDCG@80:0.17514227338238478	Precision@80:0.010028726307674613	
Test: time=2s
Recall@20:0.25508973178689487	NDCG@20:0.151264692166642	Precision@20:0.037985807175811945	Recall@40:0.360304151446725	NDCG@40:0.17981030514772858	Precision@40:0.027568434895434545	Recall@80:0.48164420790187246	NDCG@80:0.20743050016072523	Precision@80:0.018790132252498832	
U-B Train Epoch: 87 [2048/34416 (6%)]	Loss: 0.487481
Train Epoch: 87: time = 2s
U-B Train Epoch: 88 [2048/34416 (6%)]	Loss: 0.459527
Train Epoch: 88: time = 2s
U-B Train Epoch: 89 [2048/34416 (6%)]	Loss: 0.491484
Train Epoch: 89: time = 2s
U-B Train Epoch: 90 [2048/34416 (6%)]	Loss: 0.488907
Train Epoch: 90: time = 2s
U-B Train Epoch: 91 [2048/34416 (6%)]	Loss: 0.450299
Train Epoch: 91: time = 2s
Test: time=2s
Recall@20:0.2714299095285305	NDCG@20:0.13198944329006843	Precision@20:0.021510646004014502	Recall@40:0.3648591552404344	NDCG@40:0.15391945846985627	Precision@40:0.015224738796243155	Recall@80:0.47191054436676244	NDCG@80:0.17486971655017663	Precision@80:0.010104765316730175	
Test: time=2s
Recall@20:0.25593813902302825	NDCG@20:0.15098119015708167	Precision@20:0.037935114503108235	Recall@40:0.3626516328626648	NDCG@40:0.17992848212270166	Precision@40:0.027627577528674768	Recall@80:0.48499602601108377	NDCG@80:0.20767155705613435	Precision@80:0.018857723234794798	
U-B Train Epoch: 92 [2048/34416 (6%)]	Loss: 0.473698
Train Epoch: 92: time = 2s
U-B Train Epoch: 93 [2048/34416 (6%)]	Loss: 0.432098
Train Epoch: 93: time = 2s
U-B Train Epoch: 94 [2048/34416 (6%)]	Loss: 0.441964
Train Epoch: 94: time = 3s
U-B Train Epoch: 95 [2048/34416 (6%)]	Loss: 0.417506
Train Epoch: 95: time = 2s
U-B Train Epoch: 96 [2048/34416 (6%)]	Loss: 0.437774
Train Epoch: 96: time = 2s
Test: time=3s
Recall@20:0.26934547849747326	NDCG@20:0.13129956450725014	Precision@20:0.021392362349014822	Recall@40:0.3633562238202703	NDCG@40:0.15340326895138506	Precision@40:0.015114903812595379	Recall@80:0.4693780598023245	NDCG@80:0.17420068388252735	Precision@80:0.010024501810850586	
Test: time=3s
Recall@20:0.25524328914434774	NDCG@20:0.1507686165064805	Precision@20:0.03795201120121973	Recall@40:0.3644751380850794	NDCG@40:0.18033422719549996	Precision@40:0.027821898903545392	Recall@80:0.48558828773511425	NDCG@80:0.2077617638817749	Precision@80:0.018887293906822603	
U-B Train Epoch: 97 [2048/34416 (6%)]	Loss: 0.477496
Train Epoch: 97: time = 3s
U-B Train Epoch: 98 [2048/34416 (6%)]	Loss: 0.474735
Train Epoch: 98: time = 2s
U-B Train Epoch: 99 [2048/34416 (6%)]	Loss: 0.449267
Train Epoch: 99: time = 3s
U-B Train Epoch: 100 [2048/34416 (6%)]	Loss: 0.462955
Train Epoch: 100: time = 3s
U-B Train Epoch: 101 [2048/34416 (6%)]	Loss: 0.483998
Train Epoch: 101: time = 2s
Test: time=3s
Recall@20:0.26726184676087517	NDCG@20:0.13108921341091928	Precision@20:0.021274079338607452	Recall@40:0.3639312465676749	NDCG@40:0.1537462462038154	Precision@40:0.015123352806243433	Recall@80:0.47275007169929134	NDCG@80:0.1750648114358142	Precision@80:0.01007519464470237	
Test: time=2s
Recall@20:0.25737084597903115	NDCG@20:0.1523009825896959	Precision@20:0.03808719252121936	Recall@40:0.3628970420453225	NDCG@40:0.1810869924036705	Precision@40:0.02777965554678589	Recall@80:0.48762429183542266	NDCG@80:0.20915372229057536	Precision@80:0.018912640243174458	
U-B Train Epoch: 102 [2048/34416 (6%)]	Loss: 0.448172
Train Epoch: 102: time = 3s
U-B Train Epoch: 103 [2048/34416 (6%)]	Loss: 0.420333
Train Epoch: 103: time = 2s
U-B Train Epoch: 104 [2048/34416 (6%)]	Loss: 0.427740
Train Epoch: 104: time = 2s
U-B Train Epoch: 105 [2048/34416 (6%)]	Loss: 0.428553
Train Epoch: 105: time = 2s
U-B Train Epoch: 106 [2048/34416 (6%)]	Loss: 0.416301
Train Epoch: 106: time = 7s
Test: time=2s
Recall@20:0.26728718697360015	NDCG@20:0.13061636885745817	Precision@20:0.021290977003607405	Recall@40:0.3679115937424093	NDCG@40:0.15407175758312827	Precision@40:0.015233186500706597	Recall@80:0.47418128320114483	NDCG@80:0.17489260473377038	Precision@80:0.010104764994434023	
Test: time=4s
Recall@20:0.2587639285568129	NDCG@20:0.1517425258645499	Precision@20:0.03815478382581148	Recall@40:0.36291233693155417	NDCG@40:0.18025050754682484	Precision@40:0.027720514202730282	Recall@80:0.48926534133813154	NDCG@80:0.2086680864473983	Precision@80:0.018933761599258057	
U-B Train Epoch: 107 [2048/34416 (6%)]	Loss: 0.473052
Train Epoch: 107: time = 2s
U-B Train Epoch: 108 [2048/34416 (6%)]	Loss: 0.424175
Train Epoch: 108: time = 4s
U-B Train Epoch: 109 [2048/34416 (6%)]	Loss: 0.436762
Train Epoch: 109: time = 2s
U-B Train Epoch: 110 [2048/34416 (6%)]	Loss: 0.417742
Train Epoch: 110: time = 2s
U-B Train Epoch: 111 [2048/34416 (6%)]	Loss: 0.389719
Train Epoch: 111: time = 5s
Test: time=2s
Recall@20:0.269539258414807	NDCG@20:0.13067023614726786	Precision@20:0.021392362349014822	Recall@40:0.36796978753577536	NDCG@40:0.1537779885073214	Precision@40:0.015292329133946818	Recall@80:0.47243933695399626	NDCG@80:0.17425362811615516	Precision@80:0.010075194483554295	
Test: time=2s
Recall@20:0.259952809448861	NDCG@20:0.15307928912339078	Precision@20:0.03859412118203336	Recall@40:0.36522244230723533	NDCG@40:0.1816843283583321	Precision@40:0.02790638819543362	Recall@80:0.4902430898879742	NDCG@80:0.2099100456482738	Precision@80:0.01901824927966552	
U-B Train Epoch: 112 [2048/34416 (6%)]	Loss: 0.412161
Train Epoch: 112: time = 3s
U-B Train Epoch: 113 [2048/34416 (6%)]	Loss: 0.408533
Train Epoch: 113: time = 2s
U-B Train Epoch: 114 [2048/34416 (6%)]	Loss: 0.441194
Train Epoch: 114: time = 2s
U-B Train Epoch: 115 [2048/34416 (6%)]	Loss: 0.436660
Train Epoch: 115: time = 5s
U-B Train Epoch: 116 [2048/34416 (6%)]	Loss: 0.388303
Train Epoch: 116: time = 2s
Test: time=4s
Recall@20:0.27270005546175335	NDCG@20:0.13245199499359078	Precision@20:0.021595134006718118	Recall@40:0.3661298271609787	NDCG@40:0.15449679401445404	Precision@40:0.015275431146650711	Recall@80:0.47241683294741676	NDCG@80:0.1753228314223423	Precision@80:0.010087867651730222	
Test: time=2s
Recall@20:0.2618143610875322	NDCG@20:0.1538263587139474	Precision@20:0.03894896989095932	Recall@40:0.3678487331007493	NDCG@40:0.1823784975475377	Precision@40:0.02795708086813733	Recall@80:0.4898394204024005	NDCG@80:0.21033824573863635	Precision@80:0.019140757592637298	
U-B Train Epoch: 117 [2048/34416 (6%)]	Loss: 0.387647
Train Epoch: 117: time = 2s
U-B Train Epoch: 118 [2048/34416 (6%)]	Loss: 0.384618
Train Epoch: 118: time = 2s
U-B Train Epoch: 119 [2048/34416 (6%)]	Loss: 0.387764
Train Epoch: 119: time = 3s
U-B Train Epoch: 120 [2048/34416 (6%)]	Loss: 0.407922
Train Epoch: 120: time = 2s
U-B Train Epoch: 121 [2048/34416 (6%)]	Loss: 0.407327
Train Epoch: 121: time = 4s
Test: time=2s
Recall@20:0.2719935668243996	NDCG@20:0.13204329510966278	Precision@20:0.021628929336718023	Recall@40:0.36757887066437933	NDCG@40:0.1545611243265712	Precision@40:0.015326124463946725	Recall@80:0.4750284425065742	NDCG@80:0.175607596832822	Precision@80:0.010147009156933907	
Test: time=2s
Recall@20:0.2573875022442126	NDCG@20:0.1525411989367383	Precision@20:0.0388475839009596	Recall@40:0.36743453355526834	NDCG@40:0.18212750877388106	Precision@40:0.028075364200840853	Recall@80:0.49203814022764236	NDCG@80:0.2104665041372719	Precision@80:0.019178777258313157	
U-B Train Epoch: 122 [2048/34416 (6%)]	Loss: 0.391358
Train Epoch: 122: time = 6s
U-B Train Epoch: 123 [2048/34416 (6%)]	Loss: 0.390770
Train Epoch: 123: time = 2s
U-B Train Epoch: 124 [2048/34416 (6%)]	Loss: 0.412279
Train Epoch: 124: time = 3s
U-B Train Epoch: 125 [2048/34416 (6%)]	Loss: 0.399410
Train Epoch: 125: time = 3s
U-B Train Epoch: 126 [2048/34416 (6%)]	Loss: 0.403438
Train Epoch: 126: time = 3s
Test: time=3s
Recall@20:0.2734877936700664	NDCG@20:0.13254311714030553	Precision@20:0.021797904052940645	Recall@40:0.367886238059469	NDCG@40:0.15483388742831722	Precision@40:0.015393714479354234	Recall@80:0.4755090814701969	NDCG@80:0.17584175916892847	Precision@80:0.010151233653757934	
Test: time=2s
Recall@20:0.26181832146265893	NDCG@20:0.15418601285851297	Precision@20:0.03915173993718185	Recall@40:0.3714460686841258	NDCG@40:0.18364188299665743	Precision@40:0.028218993547600078	Recall@80:0.49679270464248376	NDCG@80:0.21213854563804282	Precision@80:0.019330855276424284	
U-B Train Epoch: 127 [2048/34416 (6%)]	Loss: 0.381456
Train Epoch: 127: time = 2s
U-B Train Epoch: 128 [2048/34416 (6%)]	Loss: 0.363862
Train Epoch: 128: time = 2s
U-B Train Epoch: 129 [2048/34416 (6%)]	Loss: 0.403832
Train Epoch: 129: time = 5s
U-B Train Epoch: 130 [2048/34416 (6%)]	Loss: 0.361055
Train Epoch: 130: time = 2s
U-B Train Epoch: 131 [2048/34416 (6%)]	Loss: 0.375057
Train Epoch: 131: time = 3s
Test: time=3s
Recall@20:0.27491470960879416	NDCG@20:0.13303357711229907	Precision@20:0.02198377772334783	Recall@40:0.37051382319433296	NDCG@40:0.1554175760746808	Precision@40:0.01547820248205785	Recall@80:0.4769697998294398	NDCG@80:0.176203457960288	Precision@80:0.010176580634702094	
Test: time=2s
Recall@20:0.2626466689862364	NDCG@20:0.15484689787941713	Precision@20:0.03923622858447777	Recall@40:0.3714000293232775	NDCG@40:0.18412788496826418	Precision@40:0.02824433956165578	Recall@80:0.4935560468162544	NDCG@80:0.21226697420904708	Precision@80:0.01933930459236849	
U-B Train Epoch: 132 [2048/34416 (6%)]	Loss: 0.394958
Train Epoch: 132: time = 2s
U-B Train Epoch: 133 [2048/34416 (6%)]	Loss: 0.410111
Train Epoch: 133: time = 2s
U-B Train Epoch: 134 [2048/34416 (6%)]	Loss: 0.389879
Train Epoch: 134: time = 3s
U-B Train Epoch: 135 [2048/34416 (6%)]	Loss: 0.400788
Train Epoch: 135: time = 2s
U-B Train Epoch: 136 [2048/34416 (6%)]	Loss: 0.360837
Train Epoch: 136: time = 2s
Test: time=2s
Recall@20:0.2736877565167973	NDCG@20:0.13237741566381167	Precision@20:0.022017574020236196	Recall@40:0.368332146389656	NDCG@40:0.15457746087396898	Precision@40:0.015393714479354234	Recall@80:0.47873704503540576	NDCG@80:0.17616924815743548	Precision@80:0.010235721978757703	
Test: time=2s
Recall@20:0.2637130154593243	NDCG@20:0.15492906792818917	Precision@20:0.039574182529069156	Recall@40:0.3707019616398065	NDCG@40:0.1837668462394258	Precision@40:0.028328827564359397	Recall@80:0.49410550761118094	NDCG@80:0.2121385301678275	Precision@80:0.019389996942776044	
