nohup: ignoring input
>>>>>>>>>>B-I statistics>>>>>>>>>>
Average interactions 37.02934265136719
Non-zero rows 1.0
Non-zero columns 0.8566981995727799
Matrix density 0.0011299769286862884
finish loading assist data
>>>>>>>>>>U-I statistics>>>>>>>>>>
Average interactions 17.230377197265625
Non-zero rows 0.9958950118173903
Non-zero columns 0.641867561794324
Matrix density 0.0005257972814327529
finish loading item data
>>>>>>>>>>U-B statistics in train>>>>>>>>>>
Average interactions 4.281129360198975
Non-zero rows 0.3680806070406767
Non-zero columns 0.8645986166422134
Matrix density 0.0008973233061660289
finish loading bundle train data
>>>>>>>>>>U-B statistics in test>>>>>>>>>>
Average interactions 1.2123398780822754
Non-zero rows 0.3680806070406767
Non-zero columns 0.5017815971494446
Matrix density 0.0002541060245785134
finish loading bundle test data
>>>>>>>>>>B-I statistics>>>>>>>>>>
Average interactions 37.02934265136719
Non-zero rows 1.0
Non-zero columns 0.8566981995727799
Matrix density 0.0011299769286862884
finish loading assist data
>>>>>>>>>>U-I statistics>>>>>>>>>>
Average interactions 17.230377197265625
Non-zero rows 0.9958950118173903
Non-zero columns 0.641867561794324
Matrix density 0.0005257972814327529
finish loading item data
>>>>>>>>>>U-B statistics in train>>>>>>>>>>
Average interactions 4.281129360198975
Non-zero rows 0.3680806070406767
Non-zero columns 0.8645986166422134
Matrix density 0.0008973233061660289
finish loading bundle train data
>>>>>>>>>>U-B statistics in test>>>>>>>>>>
Average interactions 0.6454783082008362
Non-zero rows 0.3680806070406767
Non-zero columns 0.34835464263257176
Matrix density 0.00013529203381263145
finish loading bundle test data
IHGCN model
/data/lzm/IHBR - 副本/model/IHGCN.py:169: UserWarning: Creating a tensor from a list of numpy.ndarrays is extremely slow. Please consider converting the list to a single numpy.ndarray with numpy.array() before converting to a tensor. (Triggered internally at  /opt/conda/conda-bld/pytorch_1640811805959/work/torch/csrc/utils/tensor_new.cpp:201.)
  ub_indices = torch.tensor([ub_graph_coo.row, ub_graph_coo.col], dtype=torch.long)
finish generating bi, ui graph
finish generating non-atom graph
U-B Train Epoch: 1 [2048/34416 (6%)]	Loss: 0.964761
Train Epoch: 1: time = 14s
Test: time=3s
Recall@20:0.12737532006844188	NDCG@20:0.05667444289073061	Precision@20:0.00971612031091585	Recall@40:0.20565077564771936	NDCG@40:0.07422109244843922	Precision@40:0.007916525917788058	Recall@80:0.273323252459723	NDCG@80:0.08725614634749454	Precision@80:0.005419905341207357	
Test: time=3s
Recall@20:0.04258114439927875	NDCG@20:0.019854026374159412	Precision@20:0.006894221052844688	Recall@40:0.08610665262369901	NDCG@40:0.031010519132778507	Precision@40:0.0065309228668264455	Recall@80:0.1632835772360608	NDCG@80:0.04762076235736049	Precision@80:0.005977526191280838	
U-B Train Epoch: 2 [2048/34416 (6%)]	Loss: 0.919669
Train Epoch: 2: time = 9s
U-B Train Epoch: 3 [2048/34416 (6%)]	Loss: 0.888770
Train Epoch: 3: time = 8s
U-B Train Epoch: 4 [2048/34416 (6%)]	Loss: 0.831747
Train Epoch: 4: time = 8s
U-B Train Epoch: 5 [2048/34416 (6%)]	Loss: 0.864039
Train Epoch: 5: time = 7s
U-B Train Epoch: 6 [2048/34416 (6%)]	Loss: 0.667788
Train Epoch: 6: time = 8s
Test: time=3s
Recall@20:0.15287326195224712	NDCG@20:0.06464973081000232	Precision@20:0.012892869405949506	Recall@40:0.2535694170014284	NDCG@40:0.08753735747600012	Precision@40:0.010611693171803795	Recall@80:0.3660836949788384	NDCG@80:0.1088883121821799	Precision@80:0.007667286567649313	
Test: time=3s
Recall@20:0.12602821754901625	NDCG@20:0.06313001807374945	Precision@20:0.02130787466860736	Recall@40:0.21498471975890557	NDCG@40:0.08731798337657293	Precision@40:0.018038188899518186	Recall@80:0.34748511332118376	NDCG@80:0.1164762439579527	Precision@80:0.01399966243474457	
U-B Train Epoch: 7 [2048/34416 (6%)]	Loss: 0.608894
Train Epoch: 7: time = 9s
U-B Train Epoch: 8 [2048/34416 (6%)]	Loss: 0.754666
Train Epoch: 8: time = 9s
U-B Train Epoch: 9 [2048/34416 (6%)]	Loss: 0.560960
Train Epoch: 9: time = 9s
U-B Train Epoch: 10 [2048/34416 (6%)]	Loss: 0.550807
Train Epoch: 10: time = 9s
U-B Train Epoch: 11 [2048/34416 (6%)]	Loss: 0.533816
Train Epoch: 11: time = 9s
Test: time=3s
Recall@20:0.18687311593404127	NDCG@20:0.08354957299524161	Precision@20:0.016086516165983118	Recall@40:0.28845705765250085	NDCG@40:0.10667242557465043	Precision@40:0.012377492396079756	Recall@80:0.40657639060321793	NDCG@80:0.12921662377360382	Precision@80:0.008672693445296576	
Test: time=3s
Recall@20:0.18011603269999235	NDCG@20:0.08939140090349358	Precision@20:0.028438661581118713	Recall@40:0.2914453463282042	NDCG@40:0.11859803813742238	Precision@40:0.022355525386458356	Recall@80:0.41844974993531386	NDCG@80:0.146474992314397	Precision@80:0.015925989798816244	
U-B Train Epoch: 12 [2048/34416 (6%)]	Loss: 0.704786
Train Epoch: 12: time = 9s
U-B Train Epoch: 13 [2048/34416 (6%)]	Loss: 0.515938
Train Epoch: 13: time = 9s
U-B Train Epoch: 14 [2048/34416 (6%)]	Loss: 0.523080
Train Epoch: 14: time = 9s
U-B Train Epoch: 15 [2048/34416 (6%)]	Loss: 0.661117
Train Epoch: 15: time = 9s
U-B Train Epoch: 16 [2048/34416 (6%)]	Loss: 0.498307
Train Epoch: 16: time = 9s
Test: time=3s
Recall@20:0.21572563478212656	NDCG@20:0.09744166522140477	Precision@20:0.01794525190316652	Recall@40:0.3135874220631178	NDCG@40:0.12007401786409709	Precision@40:0.01332375841311564	Recall@80:0.43177273032551644	NDCG@80:0.14252184177822824	Precision@80:0.009099357955638683	
Test: time=3s
Recall@20:0.21951982885568921	NDCG@20:0.1208633082506825	Precision@20:0.03408246041955719	Recall@40:0.33100420303061107	NDCG@40:0.15007217577398932	Precision@40:0.0252281174783813	Recall@80:0.4399006370758438	NDCG@80:0.17476071341289948	Precision@80:0.017079249875454453	
U-B Train Epoch: 17 [2048/34416 (6%)]	Loss: 0.685726
Train Epoch: 17: time = 9s
U-B Train Epoch: 18 [2048/34416 (6%)]	Loss: 0.674906
Train Epoch: 18: time = 9s
U-B Train Epoch: 19 [2048/34416 (6%)]	Loss: 0.601506
Train Epoch: 19: time = 9s
U-B Train Epoch: 20 [2048/34416 (6%)]	Loss: 0.593514
Train Epoch: 20: time = 9s
U-B Train Epoch: 21 [2048/34416 (6%)]	Loss: 0.546153
Train Epoch: 21: time = 9s
Test: time=3s
Recall@20:0.22018325357027818	NDCG@20:0.10038715296800413	Precision@20:0.018435281932092106	Recall@40:0.3198600477687247	NDCG@40:0.12344220088276761	Precision@40:0.013619466422578297	Recall@80:0.4350769929927763	NDCG@80:0.14545337023385355	Precision@80:0.009242987785842137	
Test: time=3s
Recall@20:0.22992773594264848	NDCG@20:0.13095991850785607	Precision@20:0.03513011178200049	Recall@40:0.3373680565960708	NDCG@40:0.15961051494860093	Precision@40:0.025836431484602723	Recall@80:0.4536904776245406	NDCG@80:0.18605253445856393	Precision@80:0.01768756388167587	
U-B Train Epoch: 22 [2048/34416 (6%)]	Loss: 0.478468
Train Epoch: 22: time = 9s
U-B Train Epoch: 23 [2048/34416 (6%)]	Loss: 0.544913
Train Epoch: 23: time = 9s
U-B Train Epoch: 24 [2048/34416 (6%)]	Loss: 0.564454
Train Epoch: 24: time = 9s
U-B Train Epoch: 25 [2048/34416 (6%)]	Loss: 0.662189
Train Epoch: 25: time = 10s
U-B Train Epoch: 26 [2048/34416 (6%)]	Loss: 0.471529
Train Epoch: 26: time = 9s
Test: time=3s
Recall@20:0.24869741818195018	NDCG@20:0.11807578945127682	Precision@20:0.020344711631163827	Recall@40:0.33070964497382194	NDCG@40:0.13745189124001325	Precision@40:0.01405880410109633	Recall@80:0.4540932395241477	NDCG@80:0.16087293608763123	Precision@80:0.00961051030753633	
Test: time=3s
Recall@20:0.23639822570243854	NDCG@20:0.13447052806404322	Precision@20:0.035958095755517464	Recall@40:0.34334290128335954	NDCG@40:0.16301400615541303	Precision@40:0.026250422826768902	Recall@80:0.4585568710693277	NDCG@80:0.18920878841893904	Precision@80:0.017881886223434958	
U-B Train Epoch: 27 [2048/34416 (6%)]	Loss: 0.642317
Train Epoch: 27: time = 9s
U-B Train Epoch: 28 [2048/34416 (6%)]	Loss: 0.656871
Train Epoch: 28: time = 9s
U-B Train Epoch: 29 [2048/34416 (6%)]	Loss: 0.611338
Train Epoch: 29: time = 9s
U-B Train Epoch: 30 [2048/34416 (6%)]	Loss: 0.475228
Train Epoch: 30: time = 9s
U-B Train Epoch: 31 [2048/34416 (6%)]	Loss: 0.659456
Train Epoch: 31: time = 10s
Test: time=3s
Recall@20:0.22836784834634535	NDCG@20:0.10218444004297338	Precision@20:0.018959107935609912	Recall@40:0.32757609097608725	NDCG@40:0.12519730970480022	Precision@40:0.013923622781096701	Recall@80:0.44665468556931714	NDCG@80:0.14786101531724585	Precision@80:0.009492227458277035	
Test: time=3s
Recall@20:0.24265125580194957	NDCG@20:0.13770493497394073	Precision@20:0.036617100500665675	Recall@40:0.33982415955064266	NDCG@40:0.1643305034321601	Precision@40:0.026284218156768808	Recall@80:0.462192464495237	NDCG@80:0.19201408507413822	Precision@80:0.018076208565194044	
U-B Train Epoch: 32 [2048/34416 (6%)]	Loss: 0.475088
Train Epoch: 32: time = 8s
U-B Train Epoch: 33 [2048/34416 (6%)]	Loss: 0.654390
Train Epoch: 33: time = 9s
U-B Train Epoch: 34 [2048/34416 (6%)]	Loss: 0.521173
Train Epoch: 34: time = 9s
U-B Train Epoch: 35 [2048/34416 (6%)]	Loss: 0.461759
Train Epoch: 35: time = 9s
U-B Train Epoch: 36 [2048/34416 (6%)]	Loss: 0.452221
Train Epoch: 36: time = 9s
Test: time=3s
Recall@20:0.2258702233338042	NDCG@20:0.10508758709937505	Precision@20:0.019060493925609635	Recall@40:0.32810514140024344	NDCG@40:0.12854678665475694	Precision@40:0.013898276444744846	Recall@80:0.44714847421597775	NDCG@80:0.1515011621432032	Precision@80:0.00959361296483253	
Test: time=3s
Recall@20:0.24519102683781208	NDCG@20:0.14165448094993557	Precision@20:0.037293005811479214	Recall@40:0.34946857025672473	NDCG@40:0.16941822151269167	Precision@40:0.02670665817028689	Recall@80:0.4661179800700722	NDCG@80:0.19610565794042012	Precision@80:0.018253633886545485	
U-B Train Epoch: 37 [2048/34416 (6%)]	Loss: 0.546786
Train Epoch: 37: time = 8s
U-B Train Epoch: 38 [2048/34416 (6%)]	Loss: 0.467400
Train Epoch: 38: time = 10s
U-B Train Epoch: 39 [2048/34416 (6%)]	Loss: 0.655687
Train Epoch: 39: time = 10s
U-B Train Epoch: 40 [2048/34416 (6%)]	Loss: 0.509725
Train Epoch: 40: time = 9s
U-B Train Epoch: 41 [2048/34416 (6%)]	Loss: 0.652580
Train Epoch: 41: time = 10s
Test: time=3s
Recall@20:0.23403485637534588	NDCG@20:0.1087638336728255	Precision@20:0.019685705596831006	Recall@40:0.333474404508095	NDCG@40:0.1314667614378934	Precision@40:0.014041906436096378	Recall@80:0.4498168078980441	NDCG@80:0.15383760298212948	Precision@80:0.009623183475712256	
Test: time=3s
Recall@20:0.24813513257850783	NDCG@20:0.14322363778359587	Precision@20:0.03741128849959043	Recall@40:0.35185655785315983	NDCG@40:0.17098485670125174	Precision@40:0.02685028816163842	Recall@80:0.46848193210860933	NDCG@80:0.19763670389859328	Precision@80:0.01831277490830494	
U-B Train Epoch: 42 [2048/34416 (6%)]	Loss: 0.654577
Train Epoch: 42: time = 8s
U-B Train Epoch: 43 [2048/34416 (6%)]	Loss: 0.651357
Train Epoch: 43: time = 9s
U-B Train Epoch: 44 [2048/34416 (6%)]	Loss: 0.647943
Train Epoch: 44: time = 9s
U-B Train Epoch: 45 [2048/34416 (6%)]	Loss: 0.619758
Train Epoch: 45: time = 9s
U-B Train Epoch: 46 [2048/34416 (6%)]	Loss: 0.650644
Train Epoch: 46: time = 9s
Test: time=3s
Recall@20:0.2612418599852278	NDCG@20:0.12772923734148597	Precision@20:0.021172693993200035	Recall@40:0.34917777661900135	NDCG@40:0.14823741596991566	Precision@40:0.014684014483133093	Recall@80:0.4618748506608546	NDCG@80:0.17012641187373267	Precision@80:0.009889320651999033	
Test: time=3s
Recall@20:0.23190750065346188	NDCG@20:0.12477469436217499	Precision@20:0.03526529245740782	Recall@40:0.3412318408549658	NDCG@40:0.1540635557906295	Precision@40:0.026174383495417185	Recall@80:0.4695620212896566	NDCG@80:0.1827268403863214	Precision@80:0.01812690188249006	
U-B Train Epoch: 47 [2048/34416 (6%)]	Loss: 0.582371
Train Epoch: 47: time = 9s
U-B Train Epoch: 48 [2048/34416 (6%)]	Loss: 0.643839
Train Epoch: 48: time = 10s
U-B Train Epoch: 49 [2048/34416 (6%)]	Loss: 0.645234
Train Epoch: 49: time = 9s
U-B Train Epoch: 50 [2048/34416 (6%)]	Loss: 0.439260
Train Epoch: 50: time = 9s
U-B Train Epoch: 51 [2048/34416 (6%)]	Loss: 0.649063
Train Epoch: 51: time = 9s
Test: time=3s
Recall@20:0.24008097750143895	NDCG@20:0.1109420399925281	Precision@20:0.020006759298053213	Recall@40:0.3330165583284049	NDCG@40:0.1324918101711344	Precision@40:0.014143291781503795	Recall@80:0.4577539978336748	NDCG@80:0.15644001291989879	Precision@80:0.00981328164294347	
Test: time=3s
Recall@20:0.250894946800611	NDCG@20:0.1472997791100773	Precision@20:0.03774923922122028	Recall@40:0.3566972088596232	NDCG@40:0.17579999990099063	Precision@40:0.027255830187860396	Recall@80:0.47335132677517217	NDCG@80:0.20248087180067695	Precision@80:0.01855356526479563	
U-B Train Epoch: 52 [2048/34416 (6%)]	Loss: 0.643371
Train Epoch: 52: time = 9s
U-B Train Epoch: 53 [2048/34416 (6%)]	Loss: 0.639435
Train Epoch: 53: time = 10s
U-B Train Epoch: 54 [2048/34416 (6%)]	Loss: 0.583286
Train Epoch: 54: time = 9s
U-B Train Epoch: 55 [2048/34416 (6%)]	Loss: 0.439994
Train Epoch: 55: time = 9s
U-B Train Epoch: 56 [2048/34416 (6%)]	Loss: 0.439509
Train Epoch: 56: time = 9s
Test: time=3s
Recall@20:0.2590188931758116	NDCG@20:0.127480393771023	Precision@20:0.021155796005903928	Recall@40:0.35277497297043975	NDCG@40:0.14932049090252328	Precision@40:0.01486143980448453	Recall@80:0.4616893730924193	NDCG@80:0.17038727580151392	Precision@80:0.009885096638619235	
Test: time=3s
Recall@20:0.2324539550698742	NDCG@20:0.12753779858340683	Precision@20:0.03595809446633285	Recall@40:0.3421949958350055	NDCG@40:0.15675579869050196	Precision@40:0.026343358856232114	Recall@80:0.4675589790614967	NDCG@80:0.18518890195216792	Precision@80:0.018274755564925235	
U-B Train Epoch: 57 [2048/34416 (6%)]	Loss: 0.641011
Train Epoch: 57: time = 9s
U-B Train Epoch: 58 [2048/34416 (6%)]	Loss: 0.638946
Train Epoch: 58: time = 9s
U-B Train Epoch: 59 [2048/34416 (6%)]	Loss: 0.442150
Train Epoch: 59: time = 9s
U-B Train Epoch: 60 [2048/34416 (6%)]	Loss: 0.633080
Train Epoch: 60: time = 9s
U-B Train Epoch: 61 [2048/34416 (6%)]	Loss: 0.636606
Train Epoch: 61: time = 9s
Test: time=3s
Recall@20:0.2595169722288595	NDCG@20:0.12684013828227308	Precision@20:0.020936127972385293	Recall@40:0.35998888392833567	NDCG@40:0.15008468086472151	Precision@40:0.014954376478540048	Recall@80:0.4629225142705517	NDCG@80:0.17027230631785442	Precision@80:0.009880871980647132	
Test: time=3s
Recall@20:0.24172787474554588	NDCG@20:0.13385907553788495	Precision@20:0.03683676917877662	Recall@40:0.34576175711613405	NDCG@40:0.1617996844942403	Precision@40:0.026563028823527665	Recall@80:0.4715157238443625	NDCG@80:0.19024706676466394	Precision@80:0.018371916252360548	
U-B Train Epoch: 62 [2048/34416 (6%)]	Loss: 0.637127
Train Epoch: 62: time = 8s
U-B Train Epoch: 63 [2048/34416 (6%)]	Loss: 0.642044
Train Epoch: 63: time = 9s
U-B Train Epoch: 64 [2048/34416 (6%)]	Loss: 0.634839
Train Epoch: 64: time = 9s
U-B Train Epoch: 65 [2048/34416 (6%)]	Loss: 0.625767
Train Epoch: 65: time = 9s
U-B Train Epoch: 66 [2048/34416 (6%)]	Loss: 0.639510
Train Epoch: 66: time = 9s
Test: time=3s
Recall@20:0.26225478264801244	NDCG@20:0.1279015987456832	Precision@20:0.021122000998200174	Recall@40:0.3587286905003142	NDCG@40:0.1503850969763856	Precision@40:0.014971274465836154	Recall@80:0.46375665796814275	NDCG@80:0.17092880811107927	Precision@80:0.009914667149498964	
Test: time=3s
Recall@20:0.23606344508576851	NDCG@20:0.1298629848406741	Precision@20:0.03654951048525816	Recall@40:0.3465513053396418	NDCG@40:0.15934582472089256	Precision@40:0.026740453500286795	Recall@80:0.47071934809915195	NDCG@80:0.18736846191571266	Precision@80:0.018359243889925003	
U-B Train Epoch: 67 [2048/34416 (6%)]	Loss: 0.417710
Train Epoch: 67: time = 8s
U-B Train Epoch: 68 [2048/34416 (6%)]	Loss: 0.603150
Train Epoch: 68: time = 9s
U-B Train Epoch: 69 [2048/34416 (6%)]	Loss: 0.424862
Train Epoch: 69: time = 9s
U-B Train Epoch: 70 [2048/34416 (6%)]	Loss: 0.504382
Train Epoch: 70: time = 9s
U-B Train Epoch: 71 [2048/34416 (6%)]	Loss: 0.411151
Train Epoch: 71: time = 9s
Test: time=3s
Recall@20:0.26437356271386026	NDCG@20:0.1288723908553618	Precision@20:0.02113889898549628	Recall@40:0.3612088754234301	NDCG@40:0.15145669300921183	Precision@40:0.015038864803539817	Recall@80:0.4643813143230927	NDCG@80:0.17175160956245775	Precision@80:0.009956911473146923	
Test: time=3s
Recall@20:0.2412251597846348	NDCG@20:0.13172178793775347	Precision@20:0.03712402916147967	Recall@40:0.34889423335553343	NDCG@40:0.16042966800752867	Precision@40:0.026943224191101633	Recall@80:0.47430891247768986	NDCG@80:0.1885152741355161	Precision@80:0.01842260924736041	
U-B Train Epoch: 72 [2048/34416 (6%)]	Loss: 0.413079
Train Epoch: 72: time = 8s
U-B Train Epoch: 73 [2048/34416 (6%)]	Loss: 0.432357
Train Epoch: 73: time = 9s
U-B Train Epoch: 74 [2048/34416 (6%)]	Loss: 0.407496
Train Epoch: 74: time = 9s
U-B Train Epoch: 75 [2048/34416 (6%)]	Loss: 0.624811
Train Epoch: 75: time = 9s
U-B Train Epoch: 76 [2048/34416 (6%)]	Loss: 0.399974
Train Epoch: 76: time = 9s
Test: time=3s
Recall@20:0.26164379680668354	NDCG@20:0.12766004680338322	Precision@20:0.020885434977385434	Recall@40:0.362219374419145	NDCG@40:0.15107142534478366	Precision@40:0.014971274465836154	Recall@80:0.46721396231901086	NDCG@80:0.17179978896976122	Precision@80:0.010003379810174682	
Test: time=3s
Recall@20:0.2393935172289519	NDCG@20:0.13171991862006668	Precision@20:0.037343698484182924	Recall@40:0.35096865000052807	NDCG@40:0.16109054271495596	Precision@40:0.026934776164342037	Recall@80:0.4757272115064739	NDCG@80:0.18910414272564896	Precision@80:0.01845640489965647	
U-B Train Epoch: 77 [2048/34416 (6%)]	Loss: 0.425731
Train Epoch: 77: time = 8s
U-B Train Epoch: 78 [2048/34416 (6%)]	Loss: 0.428175
Train Epoch: 78: time = 9s
U-B Train Epoch: 79 [2048/34416 (6%)]	Loss: 0.397142
Train Epoch: 79: time = 10s
U-B Train Epoch: 80 [2048/34416 (6%)]	Loss: 0.622177
Train Epoch: 80: time = 9s
U-B Train Epoch: 81 [2048/34416 (6%)]	Loss: 0.621810
Train Epoch: 81: time = 9s
Test: time=3s
Recall@20:0.24288651136660663	NDCG@20:0.1117039223142716	Precision@20:0.020192632646164246	Recall@40:0.3439917014877149	NDCG@40:0.1349468895131247	Precision@40:0.01451503944461432	Recall@80:0.4638428992619181	NDCG@80:0.15804453466582355	Precision@80:0.009952687137470974	
Test: time=3s
Recall@20:0.2411150376351148	NDCG@20:0.13326595779527237	Precision@20:0.0372930045222946	Recall@40:0.35264921043321223	NDCG@40:0.1628221007125045	Precision@40:0.02708685418245316	Recall@80:0.47621015037544356	NDCG@80:0.19078411013341184	Precision@80:0.01858736091709169	
U-B Train Epoch: 82 [2048/34416 (6%)]	Loss: 0.619219
Train Epoch: 82: time = 8s
U-B Train Epoch: 83 [2048/34416 (6%)]	Loss: 0.394326
Train Epoch: 83: time = 9s
U-B Train Epoch: 84 [2048/34416 (6%)]	Loss: 0.615471
Train Epoch: 84: time = 9s
U-B Train Epoch: 85 [2048/34416 (6%)]	Loss: 0.516677
Train Epoch: 85: time = 9s
U-B Train Epoch: 86 [2048/34416 (6%)]	Loss: 0.389234
Train Epoch: 86: time = 9s
Test: time=3s
Recall@20:0.2631035560125755	NDCG@20:0.12844274172149586	Precision@20:0.020885434332793128	Recall@40:0.364312272814731	NDCG@40:0.15206666039469757	Precision@40:0.015089557798539677	Recall@80:0.46701496378236945	NDCG@80:0.17228945738240325	Precision@80:0.009986481984026652	
Test: time=3s
Recall@20:0.2584750790094838	NDCG@20:0.14916228216699184	Precision@20:0.037698547837701185	Recall@40:0.3649457214087318	NDCG@40:0.17792133255236936	Precision@40:0.027314972176508308	Recall@80:0.4850542765285728	NDCG@80:0.20567520311773932	Precision@80:0.018874620255202448	
U-B Train Epoch: 87 [2048/34416 (6%)]	Loss: 0.385901
Train Epoch: 87: time = 8s
U-B Train Epoch: 88 [2048/34416 (6%)]	Loss: 0.385412
Train Epoch: 88: time = 9s
U-B Train Epoch: 89 [2048/34416 (6%)]	Loss: 0.407282
Train Epoch: 89: time = 9s
U-B Train Epoch: 90 [2048/34416 (6%)]	Loss: 0.606135
Train Epoch: 90: time = 9s
U-B Train Epoch: 91 [2048/34416 (6%)]	Loss: 0.601298
Train Epoch: 91: time = 9s
Test: time=3s
Recall@20:0.2438562463449038	NDCG@20:0.11422615270430915	Precision@20:0.020141940618052842	Recall@40:0.3469924952541505	NDCG@40:0.13806994181301352	Precision@40:0.014667117140429292	Recall@80:0.4661386895316724	NDCG@80:0.16094086064644544	Precision@80:0.009952686976322898	
Test: time=3s
Recall@20:0.2607249227396819	NDCG@20:0.15113801172997107	Precision@20:0.037799933183108606	Recall@40:0.36322162263334584	NDCG@40:0.17901118859603382	Precision@40:0.027238932200564288	Recall@80:0.48573194415475035	NDCG@80:0.20718029521131243	Precision@80:0.018840825247498694	
U-B Train Epoch: 92 [2048/34416 (6%)]	Loss: 0.599177
Train Epoch: 92: time = 7s
U-B Train Epoch: 93 [2048/34416 (6%)]	Loss: 0.378397
Train Epoch: 93: time = 9s
U-B Train Epoch: 94 [2048/34416 (6%)]	Loss: 0.369778
Train Epoch: 94: time = 9s
U-B Train Epoch: 95 [2048/34416 (6%)]	Loss: 0.590324
Train Epoch: 95: time = 9s
U-B Train Epoch: 96 [2048/34416 (6%)]	Loss: 0.364394
Train Epoch: 96: time = 9s
Test: time=3s
Recall@20:0.2646069051285538	NDCG@20:0.12840250884813809	Precision@20:0.020919229662793033	Recall@40:0.3648492285189253	NDCG@40:0.1517680852386588	Precision@40:0.015098006469891578	Recall@80:0.46948252500976895	NDCG@80:0.1723804480322876	Precision@80:0.01002872598537846	
Test: time=3s
Recall@20:0.258450110081927	NDCG@20:0.14922322450194983	Precision@20:0.03764785516499748	Recall@40:0.36435614634543184	NDCG@40:0.17784363081746102	Precision@40:0.0272727281751565	Recall@80:0.48720922595788274	NDCG@80:0.20624017022517374	Precision@80:0.01893798625723016	
U-B Train Epoch: 97 [2048/34416 (6%)]	Loss: 0.371006
Train Epoch: 97: time = 9s
U-B Train Epoch: 98 [2048/34416 (6%)]	Loss: 0.589052
Train Epoch: 98: time = 9s
U-B Train Epoch: 99 [2048/34416 (6%)]	Loss: 0.404940
Train Epoch: 99: time = 9s
U-B Train Epoch: 100 [2048/34416 (6%)]	Loss: 0.357595
Train Epoch: 100: time = 9s
U-B Train Epoch: 101 [2048/34416 (6%)]	Loss: 0.575691
Train Epoch: 101: time = 9s
Test: time=3s
Recall@20:0.2547989278356946	NDCG@20:0.12247763295639363	Precision@20:0.020682662997385987	Recall@40:0.3591201488292471	NDCG@40:0.14662566963342769	Precision@40:0.014996620479891856	Recall@80:0.4691004519448082	NDCG@80:0.16817982303971332	Precision@80:0.010037174334434207	
Test: time=3s
Recall@20:0.24884563315837277	NDCG@20:0.13928282216579055	Precision@20:0.03773234252310879	Recall@40:0.35210607179962083	NDCG@40:0.16728937033665828	Precision@40:0.027205137515156685	Recall@80:0.4822564468306438	NDCG@80:0.1965115345100488	Precision@80:0.018752111942230667	
U-B Train Epoch: 102 [2048/34416 (6%)]	Loss: 0.502414
Train Epoch: 102: time = 9s
U-B Train Epoch: 103 [2048/34416 (6%)]	Loss: 0.352622
Train Epoch: 103: time = 9s
U-B Train Epoch: 104 [2048/34416 (6%)]	Loss: 0.574329
Train Epoch: 104: time = 9s
U-B Train Epoch: 105 [2048/34416 (6%)]	Loss: 0.472793
Train Epoch: 105: time = 9s
U-B Train Epoch: 106 [2048/34416 (6%)]	Loss: 0.573637
Train Epoch: 106: time = 9s
Test: time=3s
Recall@20:0.26840430153669154	NDCG@20:0.13085448125521448	Precision@20:0.02117269431549619	Recall@40:0.36649018520034216	NDCG@40:0.15385842331360627	Precision@40:0.015165597129891394	Recall@80:0.4770310721956584	NDCG@80:0.1754522552438667	Precision@80:0.01015968248625791	
Test: time=3s
Recall@20:0.2598163930900035	NDCG@20:0.1498166748541922	Precision@20:0.03744508382959034	Recall@40:0.3630812458993616	NDCG@40:0.17783116440226718	Precision@40:0.027061507523805154	Recall@80:0.4869276577252397	NDCG@80:0.20639840990113584	Precision@80:0.01887039624182265	
U-B Train Epoch: 107 [2048/34416 (6%)]	Loss: 0.352440
Train Epoch: 107: time = 9s
U-B Train Epoch: 108 [2048/34416 (6%)]	Loss: 0.572754
Train Epoch: 108: time = 8s
U-B Train Epoch: 109 [2048/34416 (6%)]	Loss: 0.349840
Train Epoch: 109: time = 9s
U-B Train Epoch: 110 [2048/34416 (6%)]	Loss: 0.338648
Train Epoch: 110: time = 9s
U-B Train Epoch: 111 [2048/34416 (6%)]	Loss: 0.337986
Train Epoch: 111: time = 9s
Test: time=3s
Recall@20:0.263135465910081	NDCG@20:0.12872218795626822	Precision@20:0.020851639647385525	Recall@40:0.36978710467205456	NDCG@40:0.15333442649312742	Precision@40:0.015224738796243155	Recall@80:0.47231622498033016	NDCG@80:0.1735384967851655	Precision@80:0.010054072321730315	
Test: time=3s
Recall@20:0.2550237977291209	NDCG@20:0.14601150466284665	Precision@20:0.03818857915581139	Recall@40:0.3597826865848233	NDCG@40:0.17429157655438124	Precision@40:0.02744170353597143	Recall@80:0.4854719414022896	NDCG@80:0.20270095624082513	Precision@80:0.018819703246822788	
U-B Train Epoch: 112 [2048/34416 (6%)]	Loss: 0.564799
Train Epoch: 112: time = 9s
U-B Train Epoch: 113 [2048/34416 (6%)]	Loss: 0.559368
Train Epoch: 113: time = 7s
U-B Train Epoch: 114 [2048/34416 (6%)]	Loss: 0.552778
Train Epoch: 114: time = 9s
U-B Train Epoch: 115 [2048/34416 (6%)]	Loss: 0.384610
Train Epoch: 115: time = 9s
U-B Train Epoch: 116 [2048/34416 (6%)]	Loss: 0.374491
Train Epoch: 116: time = 9s
Test: time=3s
Recall@20:0.2507866810769316	NDCG@20:0.1199733712214721	Precision@20:0.020344711631163827	Recall@40:0.3565432544333099	NDCG@40:0.14440036939986456	Precision@40:0.014886786140836385	Recall@80:0.46607725214982365	NDCG@80:0.16585069961264232	Precision@80:0.00995268681517482	
Test: time=3s
Recall@20:0.2603475216797535	NDCG@20:0.1520559627407908	Precision@20:0.03800270387392344	Recall@40:0.36623897468693234	NDCG@40:0.18056847203942158	Precision@40:0.02738256219191582	Recall@80:0.4902502474409376	NDCG@80:0.20906031313035972	Precision@80:0.018984454271961767	
U-B Train Epoch: 117 [2048/34416 (6%)]	Loss: 0.446113
Train Epoch: 117: time = 8s
U-B Train Epoch: 118 [2048/34416 (6%)]	Loss: 0.317324
Train Epoch: 118: time = 9s
U-B Train Epoch: 119 [2048/34416 (6%)]	Loss: 0.320640
Train Epoch: 119: time = 9s
U-B Train Epoch: 120 [2048/34416 (6%)]	Loss: 0.547887
Train Epoch: 120: time = 9s
U-B Train Epoch: 121 [2048/34416 (6%)]	Loss: 0.336944
Train Epoch: 121: time = 9s
Test: time=3s
Recall@20:0.266016112827457	NDCG@20:0.130296238534714	Precision@20:0.02108820599049642	Recall@40:0.36999884035265823	NDCG@40:0.15440583172663114	Precision@40:0.015250084810298856	Recall@80:0.47823562441584466	NDCG@80:0.1755832209301865	Precision@80:0.010138560969026236	
Test: time=3s
Recall@20:0.2614021984537375	NDCG@20:0.15056454373920797	Precision@20:0.037833729157700814	Recall@40:0.36657202779622283	NDCG@40:0.17898992220668142	Precision@40:0.02741635687732342	Recall@80:0.48882026324283434	NDCG@80:0.20703873242748552	Precision@80:0.018912638953989848	
U-B Train Epoch: 122 [2048/34416 (6%)]	Loss: 0.320404
Train Epoch: 122: time = 9s
U-B Train Epoch: 123 [2048/34416 (6%)]	Loss: 0.323158
Train Epoch: 123: time = 9s
U-B Train Epoch: 124 [2048/34416 (6%)]	Loss: 0.532449
Train Epoch: 124: time = 10s
U-B Train Epoch: 125 [2048/34416 (6%)]	Loss: 0.330865
Train Epoch: 125: time = 9s
U-B Train Epoch: 126 [2048/34416 (6%)]	Loss: 0.526372
Train Epoch: 126: time = 9s
Test: time=3s
Recall@20:0.2632223827365928	NDCG@20:0.1264108759037906	Precision@20:0.020953024992792942	Recall@40:0.3640617584610114	NDCG@40:0.14994865126124746	Precision@40:0.015114903490299226	Recall@80:0.4763373155455285	NDCG@80:0.17180131020760286	Precision@80:0.010100541464498455	
Test: time=3s
Recall@20:0.2612923135141861	NDCG@20:0.15120913088825275	Precision@20:0.037918215226627514	Recall@40:0.36745825970885965	NDCG@40:0.17981171293732442	Precision@40:0.027450152207323327	Recall@80:0.48961698964625927	NDCG@80:0.20784189959722985	Precision@80:0.01894643492858206	
