nohup: ignoring input
>>>>>>>>>>B-I statistics>>>>>>>>>>
Average interactions 37.02934265136719
Non-zero rows 1.0
Non-zero columns 0.8566981995727799
Matrix density 0.0011299769286862884
finish loading assist data
>>>>>>>>>>U-I statistics>>>>>>>>>>
Average interactions 17.230377197265625
Non-zero rows 0.9958950118173903
Non-zero columns 0.641867561794324
Matrix density 0.0005257972814327529
finish loading item data
>>>>>>>>>>U-B statistics in train>>>>>>>>>>
Average interactions 4.281129360198975
Non-zero rows 0.3680806070406767
Non-zero columns 0.8645986166422134
Matrix density 0.0008973233061660289
finish loading bundle train data
>>>>>>>>>>U-B statistics in test>>>>>>>>>>
Average interactions 1.2123398780822754
Non-zero rows 0.3680806070406767
Non-zero columns 0.5017815971494446
Matrix density 0.0002541060245785134
finish loading bundle test data
>>>>>>>>>>B-I statistics>>>>>>>>>>
Average interactions 37.02934265136719
Non-zero rows 1.0
Non-zero columns 0.8566981995727799
Matrix density 0.0011299769286862884
finish loading assist data
>>>>>>>>>>U-I statistics>>>>>>>>>>
Average interactions 17.230377197265625
Non-zero rows 0.9958950118173903
Non-zero columns 0.641867561794324
Matrix density 0.0005257972814327529
finish loading item data
>>>>>>>>>>U-B statistics in train>>>>>>>>>>
Average interactions 4.281129360198975
Non-zero rows 0.3680806070406767
Non-zero columns 0.8645986166422134
Matrix density 0.0008973233061660289
finish loading bundle train data
>>>>>>>>>>U-B statistics in test>>>>>>>>>>
Average interactions 0.6454783082008362
Non-zero rows 0.3680806070406767
Non-zero columns 0.34835464263257176
Matrix density 0.00013529203381263145
finish loading bundle test data
IHGCN model
/data/lzm/IHBR - 副本/model/IHGCN.py:169: UserWarning: Creating a tensor from a list of numpy.ndarrays is extremely slow. Please consider converting the list to a single numpy.ndarray with numpy.array() before converting to a tensor. (Triggered internally at  /opt/conda/conda-bld/pytorch_1640811805959/work/torch/csrc/utils/tensor_new.cpp:201.)
  ub_indices = torch.tensor([ub_graph_coo.row, ub_graph_coo.col], dtype=torch.long)
finish generating bi, ui graph
finish generating non-atom graph
U-B Train Epoch: 1 [2048/34416 (6%)]	Loss: 0.959929
Train Epoch: 1: time = 15s
Test: time=3s
Recall@20:0.12883320222153943	NDCG@20:0.05636835565596023	Precision@20:0.009952686976322898	Recall@40:0.20625626956260296	NDCG@40:0.07363493372435988	Precision@40:0.008043258082991559	Recall@80:0.3088580998829709	NDCG@80:0.09297998034498828	Precision@80:0.006078911536688255	
Test: time=3s
Recall@20:0.18752518808894078	NDCG@20:0.10265915262493663	Precision@20:0.02342007473619776	Recall@40:0.26177438089435834	NDCG@40:0.1221167463513394	Precision@40:0.017117269863426463	Recall@80:0.35600953716085987	NDCG@80:0.14316203280774756	Precision@80:0.012246536056348383	
U-B Train Epoch: 2 [2048/34416 (6%)]	Loss: 0.937802
Train Epoch: 2: time = 9s
U-B Train Epoch: 3 [2048/34416 (6%)]	Loss: 0.897396
Train Epoch: 3: time = 9s
U-B Train Epoch: 4 [2048/34416 (6%)]	Loss: 0.828897
Train Epoch: 4: time = 9s
U-B Train Epoch: 5 [2048/34416 (6%)]	Loss: 0.737665
Train Epoch: 5: time = 8s
U-B Train Epoch: 6 [2048/34416 (6%)]	Loss: 0.662716
Train Epoch: 6: time = 9s
Test: time=3s
Recall@20:0.16452227995660748	NDCG@20:0.07119582995807613	Precision@20:0.013687057082578112	Recall@40:0.2580510352503089	NDCG@40:0.09263287125587785	Precision@40:0.010907401503562605	Recall@80:0.3628537254423739	NDCG@80:0.11281845592977066	Precision@80:0.007739101079880848	
Test: time=3s
Recall@20:0.1311779918200102	NDCG@20:0.0638893748828389	Precision@20:0.02215275534023583	Recall@40:0.22942149377264015	NDCG@40:0.08990743314144216	Precision@40:0.018578912568035944	Recall@80:0.35623060138131285	NDCG@80:0.1183228694171912	Precision@80:0.014206657783531506	
U-B Train Epoch: 7 [2048/34416 (6%)]	Loss: 0.668343
Train Epoch: 7: time = 9s
U-B Train Epoch: 8 [2048/34416 (6%)]	Loss: 0.662541
Train Epoch: 8: time = 9s
U-B Train Epoch: 9 [2048/34416 (6%)]	Loss: 0.654299
Train Epoch: 9: time = 9s
U-B Train Epoch: 10 [2048/34416 (6%)]	Loss: 0.533011
Train Epoch: 10: time = 8s
U-B Train Epoch: 11 [2048/34416 (6%)]	Loss: 0.601917
Train Epoch: 11: time = 9s
Test: time=3s
Recall@20:0.2144636829062949	NDCG@20:0.09804503456004852	Precision@20:0.018097330243573795	Recall@40:0.30500678977437745	NDCG@40:0.11887199244574946	Precision@40:0.013011152416356878	Recall@80:0.42011137482442334	NDCG@80:0.14095929588325606	Precision@80:0.008972626112731336	
Test: time=3s
Recall@20:0.20721930593765842	NDCG@20:0.11154628081996927	Precision@20:0.03210544231655872	Recall@40:0.305951004054104	NDCG@40:0.1378725083464906	Precision@40:0.023715782101068113	Recall@80:0.42306646441800966	NDCG@80:0.16451070307879562	Precision@80:0.016652585848556577	
U-B Train Epoch: 12 [2048/34416 (6%)]	Loss: 0.595035
Train Epoch: 12: time = 9s
U-B Train Epoch: 13 [2048/34416 (6%)]	Loss: 0.703191
Train Epoch: 13: time = 9s
U-B Train Epoch: 14 [2048/34416 (6%)]	Loss: 0.501132
Train Epoch: 14: time = 9s
U-B Train Epoch: 15 [2048/34416 (6%)]	Loss: 0.513853
Train Epoch: 15: time = 6s
U-B Train Epoch: 16 [2048/34416 (6%)]	Loss: 0.684744
Train Epoch: 16: time = 9s
Test: time=3s
Recall@20:0.232447019256664	NDCG@20:0.10882736726885271	Precision@20:0.019347753586016543	Recall@40:0.32307112301552204	NDCG@40:0.12979149181885508	Precision@40:0.013687056760281958	Recall@80:0.43859760146481075	NDCG@80:0.15203542345155932	Precision@80:0.009361270635101431	
Test: time=3s
Recall@20:0.22763870100025874	NDCG@20:0.12727976312666336	Precision@20:0.034302129742260434	Recall@40:0.33261092928222163	NDCG@40:0.15560432477914307	Precision@40:0.025540723475140064	Recall@80:0.4490045597118959	NDCG@80:0.18194553263085078	Precision@80:0.01748479222397258	
U-B Train Epoch: 17 [2048/34416 (6%)]	Loss: 0.514608
Train Epoch: 17: time = 9s
U-B Train Epoch: 18 [2048/34416 (6%)]	Loss: 0.589352
Train Epoch: 18: time = 9s
U-B Train Epoch: 19 [2048/34416 (6%)]	Loss: 0.655196
Train Epoch: 19: time = 8s
U-B Train Epoch: 20 [2048/34416 (6%)]	Loss: 0.602629
Train Epoch: 20: time = 9s
U-B Train Epoch: 21 [2048/34416 (6%)]	Loss: 0.473230
Train Epoch: 21: time = 8s
Test: time=3s
Recall@20:0.23944556934682854	NDCG@20:0.11404313490011274	Precision@20:0.019803988284942224	Recall@40:0.332372316680836	NDCG@40:0.13546495092765187	Precision@40:0.01399121408568882	Recall@80:0.43987754520108147	NDCG@80:0.1564075821918102	Precision@80:0.009433085469629121	
Test: time=3s
Recall@20:0.23120316237604027	NDCG@20:0.1308944176161116	Precision@20:0.03553565445281477	Recall@40:0.33632501858075997	NDCG@40:0.1586789449915446	Precision@40:0.025692802137843498	Recall@80:0.4566349649638814	NDCG@80:0.1859547730110996	Precision@80:0.01773825655437958	
U-B Train Epoch: 22 [2048/34416 (6%)]	Loss: 0.553800
Train Epoch: 22: time = 9s
U-B Train Epoch: 23 [2048/34416 (6%)]	Loss: 0.491813
Train Epoch: 23: time = 9s
U-B Train Epoch: 24 [2048/34416 (6%)]	Loss: 0.579834
Train Epoch: 24: time = 9s
U-B Train Epoch: 25 [2048/34416 (6%)]	Loss: 0.501771
Train Epoch: 25: time = 10s
U-B Train Epoch: 26 [2048/34416 (6%)]	Loss: 0.518221
Train Epoch: 26: time = 8s
Test: time=3s
Recall@20:0.2449128826794974	NDCG@20:0.11726993819917123	Precision@20:0.02019263329075655	Recall@40:0.34118911727693846	NDCG@40:0.13954218032594548	Precision@40:0.014337614123262881	Recall@80:0.4494490911929178	NDCG@80:0.16053907852714308	Precision@80:0.00961895946233246	
Test: time=3s
Recall@20:0.24162718942738257	NDCG@20:0.13957831617060767	Precision@20:0.036718487779850005	Recall@40:0.344739469816331	NDCG@40:0.16690666814960714	Precision@40:0.026258872142713108	Recall@80:0.46396057603326185	NDCG@80:0.19423883611505682	Precision@80:0.018164921225869764	
U-B Train Epoch: 27 [2048/34416 (6%)]	Loss: 0.496487
Train Epoch: 27: time = 9s
U-B Train Epoch: 28 [2048/34416 (6%)]	Loss: 0.638495
Train Epoch: 28: time = 9s
U-B Train Epoch: 29 [2048/34416 (6%)]	Loss: 0.504652
Train Epoch: 29: time = 9s
U-B Train Epoch: 30 [2048/34416 (6%)]	Loss: 0.474391
Train Epoch: 30: time = 9s
U-B Train Epoch: 31 [2048/34416 (6%)]	Loss: 0.469824
Train Epoch: 31: time = 9s
Test: time=3s
Recall@20:0.2501121074938218	NDCG@20:0.12102564237697094	Precision@20:0.020429199633867443	Recall@40:0.3437932134681797	NDCG@40:0.1428359877060055	Precision@40:0.014430550797318397	Recall@80:0.4492791663476364	NDCG@80:0.16341934126750485	Precision@80:0.00963585680503626	
Test: time=3s
Recall@20:0.2451243089557943	NDCG@20:0.142649190012528	Precision@20:0.03681987119148051	Recall@40:0.34662217955284724	NDCG@40:0.16993486740251537	Precision@40:0.026495437518935544	Recall@80:0.4660336777099527	NDCG@80:0.19709054341627238	Precision@80:0.01817336957492551	
U-B Train Epoch: 32 [2048/34416 (6%)]	Loss: 0.521306
Train Epoch: 32: time = 9s
U-B Train Epoch: 33 [2048/34416 (6%)]	Loss: 0.492768
Train Epoch: 33: time = 9s
U-B Train Epoch: 34 [2048/34416 (6%)]	Loss: 0.467334
Train Epoch: 34: time = 10s
U-B Train Epoch: 35 [2048/34416 (6%)]	Loss: 0.511707
Train Epoch: 35: time = 9s
U-B Train Epoch: 36 [2048/34416 (6%)]	Loss: 0.523805
Train Epoch: 36: time = 8s
Test: time=3s
Recall@20:0.254222126013526	NDCG@20:0.1222624680447232	Precision@20:0.020648867989682233	Recall@40:0.34975525913064487	NDCG@40:0.14450830767065256	Precision@40:0.014709361786373405	Recall@80:0.4580193842210734	NDCG@80:0.1655592974797823	Precision@80:0.009809056984971367	
Test: time=3s
Recall@20:0.2478104694826694	NDCG@20:0.14565663339319002	Precision@20:0.03727610653499849	Recall@40:0.34962122002821105	NDCG@40:0.17290924577625993	Precision@40:0.026664414168935082	Recall@80:0.467311548437368	NDCG@80:0.19996522914400452	Precision@80:0.018295877243304986	
U-B Train Epoch: 37 [2048/34416 (6%)]	Loss: 0.451778
Train Epoch: 37: time = 10s
U-B Train Epoch: 38 [2048/34416 (6%)]	Loss: 0.512551
Train Epoch: 38: time = 9s
U-B Train Epoch: 39 [2048/34416 (6%)]	Loss: 0.472328
Train Epoch: 39: time = 9s
U-B Train Epoch: 40 [2048/34416 (6%)]	Loss: 0.473791
Train Epoch: 40: time = 9s
U-B Train Epoch: 41 [2048/34416 (6%)]	Loss: 0.471831
Train Epoch: 41: time = 8s
Test: time=3s
Recall@20:0.2543389312960724	NDCG@20:0.1233756248110571	Precision@20:0.02061507330427463	Recall@40:0.35170653286154263	NDCG@40:0.1461907580479773	Precision@40:0.014852991455428783	Recall@80:0.45500317696342196	NDCG@80:0.16626272043612972	Precision@80:0.009754140137739785	
Test: time=3s
Recall@20:0.2506918435001663	NDCG@20:0.14837310007191382	Precision@20:0.03752957054310934	Recall@40:0.348652629845849	NDCG@40:0.17500570232137388	Precision@40:0.0267995941997501	Recall@80:0.47200151954643144	NDCG@80:0.20300369288479006	Precision@80:0.018426834227628665	
U-B Train Epoch: 42 [2048/34416 (6%)]	Loss: 0.614815
Train Epoch: 42: time = 9s
U-B Train Epoch: 43 [2048/34416 (6%)]	Loss: 0.474131
Train Epoch: 43: time = 9s
U-B Train Epoch: 44 [2048/34416 (6%)]	Loss: 0.525891
Train Epoch: 44: time = 9s
U-B Train Epoch: 45 [2048/34416 (6%)]	Loss: 0.597750
Train Epoch: 45: time = 9s
U-B Train Epoch: 46 [2048/34416 (6%)]	Loss: 0.497290
Train Epoch: 46: time = 9s
Test: time=3s
Recall@20:0.2593509458778436	NDCG@20:0.12634824989372995	Precision@20:0.020953024348200636	Recall@40:0.35518956933725765	NDCG@40:0.1486084097823246	Precision@40:0.014836093468132677	Recall@80:0.4578607526329894	NDCG@80:0.16875377318552112	Precision@80:0.009838628301591476	
Test: time=3s
Recall@20:0.24888631466797534	NDCG@20:0.1477339352333453	Precision@20:0.037580264504997664	Recall@40:0.35107324412643365	NDCG@40:0.1752563894258314	Precision@40:0.026934776808934344	Recall@80:0.46856737926466396	NDCG@80:0.20243574518253368	Precision@80:0.018490199585064072	
U-B Train Epoch: 47 [2048/34416 (6%)]	Loss: 0.437399
Train Epoch: 47: time = 9s
U-B Train Epoch: 48 [2048/34416 (6%)]	Loss: 0.602302
Train Epoch: 48: time = 9s
U-B Train Epoch: 49 [2048/34416 (6%)]	Loss: 0.590052
Train Epoch: 49: time = 9s
U-B Train Epoch: 50 [2048/34416 (6%)]	Loss: 0.508978
Train Epoch: 50: time = 9s
U-B Train Epoch: 51 [2048/34416 (6%)]	Loss: 0.576291
Train Epoch: 51: time = 9s
Test: time=3s
Recall@20:0.23754217593240431	NDCG@20:0.10770510241323808	Precision@20:0.019820885627646025	Recall@40:0.3390140153137805	NDCG@40:0.13126859055777262	Precision@40:0.01445589810055871	Recall@80:0.46090165035432157	NDCG@80:0.15453006529090935	Precision@80:0.009792159803415641	
Test: time=3s
Recall@20:0.2484455785464499	NDCG@20:0.14891388723277368	Precision@20:0.03747887915959024	Recall@40:0.35435889612464094	NDCG@40:0.1774245091651331	Precision@40:0.02715444484245298	Recall@80:0.47385083940150813	NDCG@80:0.2045788650538479	Precision@80:0.018511321263443823	
U-B Train Epoch: 52 [2048/34416 (6%)]	Loss: 0.583888
Train Epoch: 52: time = 9s
U-B Train Epoch: 53 [2048/34416 (6%)]	Loss: 0.474519
Train Epoch: 53: time = 9s
U-B Train Epoch: 54 [2048/34416 (6%)]	Loss: 0.498549
Train Epoch: 54: time = 9s
U-B Train Epoch: 55 [2048/34416 (6%)]	Loss: 0.501361
Train Epoch: 55: time = 9s
U-B Train Epoch: 56 [2048/34416 (6%)]	Loss: 0.419786
Train Epoch: 56: time = 8s
Test: time=3s
Recall@20:0.25743105605712974	NDCG@20:0.12657751590668168	Precision@20:0.020868536990089327	Recall@40:0.3562644656826895	NDCG@40:0.14943346215003486	Precision@40:0.01486988847583643	Recall@80:0.46131401410091566	NDCG@80:0.17004697231796795	Precision@80:0.009897769806795163	
Test: time=3s
Recall@20:0.24967385176348902	NDCG@20:0.14932551356576995	Precision@20:0.037512673844997846	Recall@40:0.3570040090134838	NDCG@40:0.17808089493174292	Precision@40:0.027238932845156594	Recall@80:0.477968515677805	NDCG@80:0.20549088581545444	Precision@80:0.018608482917767597	
U-B Train Epoch: 57 [2048/34416 (6%)]	Loss: 0.444904
Train Epoch: 57: time = 8s
U-B Train Epoch: 58 [2048/34416 (6%)]	Loss: 0.454228
Train Epoch: 58: time = 9s
U-B Train Epoch: 59 [2048/34416 (6%)]	Loss: 0.616711
Train Epoch: 59: time = 9s
U-B Train Epoch: 60 [2048/34416 (6%)]	Loss: 0.481865
Train Epoch: 60: time = 9s
U-B Train Epoch: 61 [2048/34416 (6%)]	Loss: 0.428021
Train Epoch: 61: time = 8s
Test: time=3s
Recall@20:0.2550581519206499	NDCG@20:0.12523109407673094	Precision@20:0.020800946007793357	Recall@40:0.35795421026654645	NDCG@40:0.14894501588440456	Precision@40:0.01490368380583634	Recall@80:0.4662871417180635	NDCG@80:0.17017750225988906	Precision@80:0.009952687137470974	
Test: time=3s
Recall@20:0.2500739321591041	NDCG@20:0.14996633629574893	Precision@20:0.03791821651581213	Recall@40:0.3563135887731286	NDCG@40:0.178338729275687	Precision@40:0.027289624873267995	Recall@80:0.48414901109433084	NDCG@80:0.20697620697382457	Precision@80:0.018735215566415327	
U-B Train Epoch: 62 [2048/34416 (6%)]	Loss: 0.474828
Train Epoch: 62: time = 9s
U-B Train Epoch: 63 [2048/34416 (6%)]	Loss: 0.488389
Train Epoch: 63: time = 9s
U-B Train Epoch: 64 [2048/34416 (6%)]	Loss: 0.483111
Train Epoch: 64: time = 9s
U-B Train Epoch: 65 [2048/34416 (6%)]	Loss: 0.403800
Train Epoch: 65: time = 9s
U-B Train Epoch: 66 [2048/34416 (6%)]	Loss: 0.540792
Train Epoch: 66: time = 9s
Test: time=3s
Recall@20:0.25642659560213543	NDCG@20:0.12558041153908098	Precision@20:0.02090233167549693	Recall@40:0.3593341741017209	NDCG@40:0.14938081185049848	Precision@40:0.015021966493947556	Recall@80:0.4673548959807473	NDCG@80:0.17054425981166435	Precision@80:0.010003379971322758	
Test: time=3s
Recall@20:0.2530011547381268	NDCG@20:0.15045745375189437	Precision@20:0.03825616788203429	Recall@40:0.35762043521387343	NDCG@40:0.17833626951144813	Precision@40:0.027306522860564102	Recall@80:0.4870588864052203	NDCG@80:0.20735395353522887	Precision@80:0.018802805581822835	
U-B Train Epoch: 67 [2048/34416 (6%)]	Loss: 0.479065
Train Epoch: 67: time = 9s
U-B Train Epoch: 68 [2048/34416 (6%)]	Loss: 0.399144
Train Epoch: 68: time = 9s
U-B Train Epoch: 69 [2048/34416 (6%)]	Loss: 0.487434
Train Epoch: 69: time = 9s
U-B Train Epoch: 70 [2048/34416 (6%)]	Loss: 0.463515
Train Epoch: 70: time = 9s
U-B Train Epoch: 71 [2048/34416 (6%)]	Loss: 0.408931
Train Epoch: 71: time = 9s
Test: time=3s
Recall@20:0.228290342567498	NDCG@20:0.10376621154805783	Precision@20:0.019347753263720388	Recall@40:0.3412444954911129	NDCG@40:0.12973255287678348	Precision@40:0.014481244436910564	Recall@80:0.46554942902941765	NDCG@80:0.15351789035519944	Precision@80:0.00993578947247102	
Test: time=3s
Recall@20:0.24959700604716278	NDCG@20:0.1484703045916259	Precision@20:0.03714092650418348	Recall@40:0.354915354613639	NDCG@40:0.17695409343548021	Precision@40:0.02696012153380543	Recall@80:0.48628068300629435	NDCG@80:0.20646020825467587	Precision@80:0.018760561580471027	
U-B Train Epoch: 72 [2048/34416 (6%)]	Loss: 0.454240
Train Epoch: 72: time = 9s
U-B Train Epoch: 73 [2048/34416 (6%)]	Loss: 0.476672
Train Epoch: 73: time = 9s
U-B Train Epoch: 74 [2048/34416 (6%)]	Loss: 0.410988
Train Epoch: 74: time = 9s
U-B Train Epoch: 75 [2048/34416 (6%)]	Loss: 0.578288
Train Epoch: 75: time = 9s
U-B Train Epoch: 76 [2048/34416 (6%)]	Loss: 0.528514
Train Epoch: 76: time = 9s
Test: time=3s
Recall@20:0.26372688708574477	NDCG@20:0.12730976503094374	Precision@20:0.02088543465508928	Recall@40:0.3625428359949254	NDCG@40:0.15029764900581383	Precision@40:0.01498817245313226	Recall@80:0.4655782551973323	NDCG@80:0.17062347504930667	Precision@80:0.00995268681517482	
Test: time=3s
Recall@20:0.24924437795873025	NDCG@20:0.14845566203280774	Precision@20:0.037090233186887464	Recall@40:0.35460886902082367	NDCG@40:0.17692070613240987	Precision@40:0.02690943079487864	Recall@80:0.4858677313915174	NDCG@80:0.2064682115127445	Precision@80:0.018714093888035573	
U-B Train Epoch: 77 [2048/34416 (6%)]	Loss: 0.404041
Train Epoch: 77: time = 9s
U-B Train Epoch: 78 [2048/34416 (6%)]	Loss: 0.498742
Train Epoch: 78: time = 9s
U-B Train Epoch: 79 [2048/34416 (6%)]	Loss: 0.419866
Train Epoch: 79: time = 9s
U-B Train Epoch: 80 [2048/34416 (6%)]	Loss: 0.409122
Train Epoch: 80: time = 9s
U-B Train Epoch: 81 [2048/34416 (6%)]	Loss: 0.571534
Train Epoch: 81: time = 8s
Test: time=3s
Recall@20:0.26092188952137546	NDCG@20:0.12629854151347716	Precision@20:0.020699560984682095	Recall@40:0.36291084147740477	NDCG@40:0.14999016042737068	Precision@40:0.0149628254721881	Recall@80:0.4694115786022252	NDCG@80:0.17091419391432255	Precision@80:0.009990706803146832	
Test: time=3s
Recall@20:0.25335758334279423	NDCG@20:0.1488763487552541	Precision@20:0.03810408986392316	Recall@40:0.35848015117741955	NDCG@40:0.17708651332204187	Precision@40:0.02734876686191591	Recall@80:0.48737865575627326	NDCG@80:0.20601486200897948	Precision@80:0.018819703569118943	
U-B Train Epoch: 82 [2048/34416 (6%)]	Loss: 0.553911
Train Epoch: 82: time = 9s
U-B Train Epoch: 83 [2048/34416 (6%)]	Loss: 0.569432
Train Epoch: 83: time = 9s
U-B Train Epoch: 84 [2048/34416 (6%)]	Loss: 0.551562
Train Epoch: 84: time = 8s
U-B Train Epoch: 85 [2048/34416 (6%)]	Loss: 0.394566
Train Epoch: 85: time = 9s
U-B Train Epoch: 86 [2048/34416 (6%)]	Loss: 0.405267
Train Epoch: 86: time = 9s
Test: time=3s
Recall@20:0.2607079828538859	NDCG@20:0.12702565968298518	Precision@20:0.02063197129157074	Recall@40:0.3664518139095635	NDCG@40:0.15157923000654122	Precision@40:0.015114904134891532	Recall@80:0.4725021047743642	NDCG@80:0.17235990874305615	Precision@80:0.010058296979702418	
Test: time=3s
Recall@20:0.2520052235285226	NDCG@20:0.14919500940754107	Precision@20:0.03741128785499812	Recall@40:0.3594216117588158	NDCG@40:0.17810624030120634	Precision@40:0.02717979085650868	Recall@80:0.4871616086350699	NDCG@80:0.20718797875159736	Precision@80:0.018887292939934144	
U-B Train Epoch: 87 [2048/34416 (6%)]	Loss: 0.481731
Train Epoch: 87: time = 9s
U-B Train Epoch: 88 [2048/34416 (6%)]	Loss: 0.533412
Train Epoch: 88: time = 9s
U-B Train Epoch: 89 [2048/34416 (6%)]	Loss: 0.356531
Train Epoch: 89: time = 9s
U-B Train Epoch: 90 [2048/34416 (6%)]	Loss: 0.354725
Train Epoch: 90: time = 9s
U-B Train Epoch: 91 [2048/34416 (6%)]	Loss: 0.576209
Train Epoch: 91: time = 8s
Test: time=3s
Recall@20:0.2524342022863906	NDCG@20:0.11848331617720831	Precision@20:0.02041230196886749	Recall@40:0.3569272200212804	NDCG@40:0.1427006980944985	Precision@40:0.01490368380583634	Recall@80:0.47740858670383257	NDCG@80:0.16595559540774701	Precision@80:0.010108990135850355	
Test: time=3s
Recall@20:0.25532054224301126	NDCG@20:0.14851907444548149	Precision@20:0.03746198052770183	Recall@40:0.35971843362378286	NDCG@40:0.17673091495226428	Precision@40:0.027129098828397275	Recall@80:0.48658204280109413	NDCG@80:0.20567761647133218	Precision@80:0.018853498576822697	
U-B Train Epoch: 92 [2048/34416 (6%)]	Loss: 0.462196
Train Epoch: 92: time = 8s
U-B Train Epoch: 93 [2048/34416 (6%)]	Loss: 0.410416
Train Epoch: 93: time = 9s
U-B Train Epoch: 94 [2048/34416 (6%)]	Loss: 0.364563
Train Epoch: 94: time = 9s
U-B Train Epoch: 95 [2048/34416 (6%)]	Loss: 0.489434
Train Epoch: 95: time = 9s
U-B Train Epoch: 96 [2048/34416 (6%)]	Loss: 0.399661
Train Epoch: 96: time = 9s
Test: time=3s
Recall@20:0.26122926207320357	NDCG@20:0.126724098775386	Precision@20:0.020665765654682186	Recall@40:0.364798682168675	NDCG@40:0.15073483213454977	Precision@40:0.014996620802188007	Recall@80:0.47461727512329965	NDCG@80:0.1721755398733868	Precision@80:0.010054072644026467	
Test: time=3s
Recall@20:0.2535190408235468	NDCG@20:0.14831866038413657	Precision@20:0.03741128785499812	Recall@40:0.36451636105221885	NDCG@40:0.1779463375770953	Precision@40:0.027340318835156315	Recall@80:0.487156420956193	NDCG@80:0.20608785564168638	Precision@80:0.01888729358452645	
U-B Train Epoch: 97 [2048/34416 (6%)]	Loss: 0.532848
Train Epoch: 97: time = 9s
U-B Train Epoch: 98 [2048/34416 (6%)]	Loss: 0.337141
Train Epoch: 98: time = 8s
U-B Train Epoch: 99 [2048/34416 (6%)]	Loss: 0.459355
Train Epoch: 99: time = 9s
U-B Train Epoch: 100 [2048/34416 (6%)]	Loss: 0.486438
Train Epoch: 100: time = 9s
U-B Train Epoch: 101 [2048/34416 (6%)]	Loss: 0.332573
Train Epoch: 101: time = 9s
Test: time=3s
Recall@20:0.2638752206671516	NDCG@20:0.12819569011764295	Precision@20:0.020868536990089327	Recall@40:0.36590454472847667	NDCG@40:0.15174874231274688	Precision@40:0.015021967138539863	Recall@80:0.47295847612685876	NDCG@80:0.17272267497927404	Precision@80:0.010024501971998662	
Test: time=3s
Recall@20:0.2560709817621425	NDCG@20:0.14839992800368051	Precision@20:0.03732680114147912	Recall@40:0.3610823342186972	NDCG@40:0.17684748818158055	Precision@40:0.02715444484245298	Recall@80:0.4883758658370121	NDCG@80:0.20590625078382424	Precision@80:0.018878844590878397	
U-B Train Epoch: 102 [2048/34416 (6%)]	Loss: 0.399244
Train Epoch: 102: time = 9s
U-B Train Epoch: 103 [2048/34416 (6%)]	Loss: 0.359834
Train Epoch: 103: time = 9s
U-B Train Epoch: 104 [2048/34416 (6%)]	Loss: 0.440089
Train Epoch: 104: time = 9s
U-B Train Epoch: 105 [2048/34416 (6%)]	Loss: 0.340086
Train Epoch: 105: time = 9s
U-B Train Epoch: 106 [2048/34416 (6%)]	Loss: 0.433085
Train Epoch: 106: time = 9s
Test: time=3s
Recall@20:0.26515057490620514	NDCG@20:0.12921440379770271	Precision@20:0.021037512995496558	Recall@40:0.365422565012858	NDCG@40:0.1524969927964077	Precision@40:0.015072659488947418	Recall@80:0.476944830901883	NDCG@80:0.17429229334102525	Precision@80:0.01009209214855425	
Test: time=3s
Recall@20:0.25818304259779484	NDCG@20:0.149605661116971	Precision@20:0.03749577650229405	Recall@40:0.3636228890788035	NDCG@40:0.17821803323398291	Precision@40:0.027306522860564102	Recall@80:0.48827926981243663	NDCG@80:0.20669696443022084	Precision@80:0.0188661719061467	
U-B Train Epoch: 107 [2048/34416 (6%)]	Loss: 0.386556
Train Epoch: 107: time = 9s
U-B Train Epoch: 108 [2048/34416 (6%)]	Loss: 0.339156
Train Epoch: 108: time = 9s
U-B Train Epoch: 109 [2048/34416 (6%)]	Loss: 0.393158
Train Epoch: 109: time = 9s
U-B Train Epoch: 110 [2048/34416 (6%)]	Loss: 0.332594
Train Epoch: 110: time = 9s
U-B Train Epoch: 111 [2048/34416 (6%)]	Loss: 0.335104
Train Epoch: 111: time = 8s
Test: time=3s
Recall@20:0.26650761703898596	NDCG@20:0.12889192458059628	Precision@20:0.020986820000496696	Recall@40:0.364026486370039	NDCG@40:0.15154439365996747	Precision@40:0.014971274788132307	Recall@80:0.4746031662869107	NDCG@80:0.17319307781708082	Precision@80:0.010062521154230291	
Test: time=3s
Recall@20:0.2567583285863837	NDCG@20:0.15076191016813112	Precision@20:0.03779993189392399	Recall@40:0.3689030024923961	NDCG@40:0.18065538886593338	Precision@40:0.027602230870026757	Recall@80:0.49401564628701633	NDCG@80:0.20918822602751933	Precision@80:0.019018249924257824	
U-B Train Epoch: 112 [2048/34416 (6%)]	Loss: 0.378021
Train Epoch: 112: time = 9s
U-B Train Epoch: 113 [2048/34416 (6%)]	Loss: 0.418579
Train Epoch: 113: time = 9s
U-B Train Epoch: 114 [2048/34416 (6%)]	Loss: 0.475709
Train Epoch: 114: time = 9s
U-B Train Epoch: 115 [2048/34416 (6%)]	Loss: 0.479801
Train Epoch: 115: time = 8s
U-B Train Epoch: 116 [2048/34416 (6%)]	Loss: 0.493679
Train Epoch: 116: time = 9s
Test: time=3s
Recall@20:0.2699264314940911	NDCG@20:0.12996556783858568	Precision@20:0.021155796005903928	Recall@40:0.36781584342293905	NDCG@40:0.15277814591160574	Precision@40:0.01513180115529918	Recall@80:0.4760586453998923	NDCG@80:0.1740473766268891	Precision@80:0.010100541142202301	
Test: time=3s
Recall@20:0.26096710896081077	NDCG@20:0.15126905218899833	Precision@20:0.038087191232034745	Recall@40:0.36797116438494054	NDCG@40:0.18026410844447685	Precision@40:0.027737411545434083	Recall@80:0.4915562533333157	NDCG@80:0.20839665120580222	Precision@80:0.018997128245878073	
U-B Train Epoch: 117 [2048/34416 (6%)]	Loss: 0.388279
Train Epoch: 117: time = 9s
U-B Train Epoch: 118 [2048/34416 (6%)]	Loss: 0.361764
Train Epoch: 118: time = 9s
U-B Train Epoch: 119 [2048/34416 (6%)]	Loss: 0.297273
Train Epoch: 119: time = 8s
U-B Train Epoch: 120 [2048/34416 (6%)]	Loss: 0.383981
Train Epoch: 120: time = 9s
U-B Train Epoch: 121 [2048/34416 (6%)]	Loss: 0.319226
Train Epoch: 121: time = 9s
Test: time=3s
Recall@20:0.2655527540943678	NDCG@20:0.12880951732185572	Precision@20:0.02093612765008914	Recall@40:0.36799462238813263	NDCG@40:0.15268546385151102	Precision@40:0.015123352806243433	Recall@80:0.4788739770681079	NDCG@80:0.17443329919709996	Precision@80:0.010134336149906057	
Test: time=3s
Recall@20:0.257837448300603	NDCG@20:0.15043938454037867	Precision@20:0.03769854654851658	Recall@40:0.36637687618646236	NDCG@40:0.1797091325177821	Precision@40:0.02755153819732305	Recall@80:0.4973188363526793	NDCG@80:0.20920543922045295	Precision@80:0.019022473937637622	
U-B Train Epoch: 122 [2048/34416 (6%)]	Loss: 0.295831
Train Epoch: 122: time = 9s
U-B Train Epoch: 123 [2048/34416 (6%)]	Loss: 0.282061
Train Epoch: 123: time = 7s
U-B Train Epoch: 124 [2048/34416 (6%)]	Loss: 0.322221
Train Epoch: 124: time = 9s
U-B Train Epoch: 125 [2048/34416 (6%)]	Loss: 0.276422
Train Epoch: 125: time = 9s
U-B Train Epoch: 126 [2048/34416 (6%)]	Loss: 0.347121
Train Epoch: 126: time = 9s
Test: time=3s
Recall@20:0.26842026164218274	NDCG@20:0.1296591028727241	Precision@20:0.02117269334860773	Recall@40:0.369505588006796	NDCG@40:0.1531524993391124	Precision@40:0.015233187467595055	Recall@80:0.47627550687851156	NDCG@80:0.1741021901782037	Precision@80:0.010113213988082076	
Test: time=3s
Recall@20:0.26161853910177374	NDCG@20:0.1508999173807993	Precision@20:0.038154782536626866	Recall@40:0.3739171261801918	NDCG@40:0.18109652721305763	Precision@40:0.028033120199489045	Recall@80:0.4968378879847499	NDCG@80:0.20903989760285094	Precision@80:0.019102737926961443	
U-B Train Epoch: 127 [2048/34416 (6%)]	Loss: 0.293722
Train Epoch: 127: time = 8s
U-B Train Epoch: 128 [2048/34416 (6%)]	Loss: 0.279016
Train Epoch: 128: time = 8s
U-B Train Epoch: 129 [2048/34416 (6%)]	Loss: 0.392911
Train Epoch: 129: time = 8s
U-B Train Epoch: 130 [2048/34416 (6%)]	Loss: 0.274921
Train Epoch: 130: time = 9s
U-B Train Epoch: 131 [2048/34416 (6%)]	Loss: 0.420257
Train Epoch: 131: time = 9s
Test: time=3s
Recall@20:0.2678442694279502	NDCG@20:0.1290910700842834	Precision@20:0.0212571816736075	Recall@40:0.3681611644129932	NDCG@40:0.15240670346295201	Precision@40:0.015224738473947003	Recall@80:0.47455475482637716	NDCG@80:0.17333251602466784	Precision@80:0.010092091987406172	
Test: time=3s
Recall@20:0.2585932766114106	NDCG@20:0.1509242803915887	Precision@20:0.03773234252310879	Recall@40:0.3680604997217837	NDCG@40:0.18028584151865865	Precision@40:0.027483948826507846	Recall@80:0.5009616285854596	NDCG@80:0.21030977538567452	Precision@80:0.01911541093398929	
U-B Train Epoch: 132 [2048/34416 (6%)]	Loss: 0.325755
Train Epoch: 132: time = 8s
U-B Train Epoch: 133 [2048/34416 (6%)]	Loss: 0.386745
Train Epoch: 133: time = 8s
U-B Train Epoch: 134 [2048/34416 (6%)]	Loss: 0.418857
Train Epoch: 134: time = 8s
U-B Train Epoch: 135 [2048/34416 (6%)]	Loss: 0.256167
Train Epoch: 135: time = 8s
U-B Train Epoch: 136 [2048/34416 (6%)]	Loss: 0.269558
Train Epoch: 136: time = 8s
Test: time=3s
Recall@20:0.2714336687908579	NDCG@20:0.12975383989308967	Precision@20:0.021510645681718347	Recall@40:0.37151641175327127	NDCG@40:0.15286473012848778	Precision@40:0.015258534126243064	Recall@80:0.4769518028122624	NDCG@80:0.17366229202667577	Precision@80:0.010130111814230106	
Test: time=3s
Recall@20:0.2595012080794293	NDCG@20:0.15044236771356984	Precision@20:0.03786752319851611	Recall@40:0.3699561734987538	NDCG@40:0.1801192272994598	Precision@40:0.02762757688408246	Recall@80:0.5019430796735067	NDCG@80:0.20984465820477516	Precision@80:0.019119635591961396	
U-B Train Epoch: 137 [2048/34416 (6%)]	Loss: 0.316543
Train Epoch: 137: time = 8s
U-B Train Epoch: 138 [2048/34416 (6%)]	Loss: 0.368706
Train Epoch: 138: time = 8s
U-B Train Epoch: 139 [2048/34416 (6%)]	Loss: 0.241105
Train Epoch: 139: time = 8s
U-B Train Epoch: 140 [2048/34416 (6%)]	Loss: 0.321530
Train Epoch: 140: time = 8s
U-B Train Epoch: 141 [2048/34416 (6%)]	Loss: 0.302656
Train Epoch: 141: time = 8s
Test: time=3s
Recall@20:0.27253858766752387	NDCG@20:0.13085264545632763	Precision@20:0.021595134973606576	Recall@40:0.37337421444309205	NDCG@40:0.15416533691571266	Precision@40:0.01538526548570618	Recall@80:0.4775578330279444	NDCG@80:0.17466739707397586	Precision@80:0.010147009640378136	
Test: time=3s
Recall@20:0.26715283846685955	NDCG@20:0.1541828620913223	Precision@20:0.0393545125617736	Recall@40:0.3751335388988045	NDCG@40:0.18313685266018398	Precision@40:0.028252788877599987	Recall@80:0.49498783587281386	NDCG@80:0.2106983871949851	Precision@80:0.019254816589664873	
U-B Train Epoch: 142 [2048/34416 (6%)]	Loss: 0.260292
Train Epoch: 142: time = 8s
U-B Train Epoch: 143 [2048/34416 (6%)]	Loss: 0.245328
Train Epoch: 143: time = 8s
U-B Train Epoch: 144 [2048/34416 (6%)]	Loss: 0.277226
Train Epoch: 144: time = 8s
U-B Train Epoch: 145 [2048/34416 (6%)]	Loss: 0.312786
Train Epoch: 145: time = 8s
U-B Train Epoch: 146 [2048/34416 (6%)]	Loss: 0.345335
Train Epoch: 146: time = 8s
Test: time=3s
Recall@20:0.2706047488693129	NDCG@20:0.13062846914422235	Precision@20:0.021662724989014084	Recall@40:0.37118355975678013	NDCG@40:0.1539232847697834	Precision@40:0.015385265808002334	Recall@80:0.47724429301693455	NDCG@80:0.17479400531630856	Precision@80:0.010172355815581914	
Test: time=3s
Recall@20:0.2677327858994804	NDCG@20:0.15607456517968882	Precision@20:0.0393545119171813	Recall@40:0.37667774485349254	NDCG@40:0.18525520471674076	Precision@40:0.0282865848521922	Recall@80:0.4962909230512314	NDCG@80:0.21288112628778197	Precision@80:0.019292835933044577	
U-B Train Epoch: 147 [2048/34416 (6%)]	Loss: 0.283477
Train Epoch: 147: time = 8s
U-B Train Epoch: 148 [2048/34416 (6%)]	Loss: 0.322924
Train Epoch: 148: time = 8s
U-B Train Epoch: 149 [2048/34416 (6%)]	Loss: 0.285180
Train Epoch: 149: time = 8s
U-B Train Epoch: 150 [2048/34416 (6%)]	Loss: 0.229703
Train Epoch: 150: time = 8s
U-B Train Epoch: 151 [2048/34416 (6%)]	Loss: 0.276985
Train Epoch: 151: time = 8s
Test: time=3s
Recall@20:0.2723264291343676	NDCG@20:0.1317346978324537	Precision@20:0.021696519996717838	Recall@40:0.372729704645124	NDCG@40:0.1549268866278264	Precision@40:0.015368367498410074	Recall@80:0.4856668042346971	NDCG@80:0.17689083314659065	Precision@80:0.010256843979433607	
Test: time=3s
Recall@20:0.2685214059100678	NDCG@20:0.15521563304038657	Precision@20:0.03948969323718093	Recall@40:0.3765371412230166	NDCG@40:0.18429122981528812	Precision@40:0.028345724907063198	Recall@80:0.4963446459523646	NDCG@80:0.21206657303954832	Precision@80:0.019385772929396246	
U-B Train Epoch: 152 [2048/34416 (6%)]	Loss: 0.276096
Train Epoch: 152: time = 8s
U-B Train Epoch: 153 [2048/34416 (6%)]	Loss: 0.248408
Train Epoch: 153: time = 8s
U-B Train Epoch: 154 [2048/34416 (6%)]	Loss: 0.337911
Train Epoch: 154: time = 8s
U-B Train Epoch: 155 [2048/34416 (6%)]	Loss: 0.259080
Train Epoch: 155: time = 8s
U-B Train Epoch: 156 [2048/34416 (6%)]	Loss: 0.232675
Train Epoch: 156: time = 8s
Test: time=3s
Recall@20:0.2700700569732965	NDCG@20:0.1310326620387483	Precision@20:0.02171341733942164	Recall@40:0.37407974392709475	NDCG@40:0.1549805115509291	Precision@40:0.01544440682976179	Recall@80:0.4795399492114893	NDCG@80:0.17582365643861286	Precision@80:0.010227273146257727	
Test: time=3s
Recall@20:0.2676303421335069	NDCG@20:0.15489854003658726	Precision@20:0.039236230518254686	Recall@40:0.3765122702734903	NDCG@40:0.1842407505026376	Precision@40:0.02831192957706329	Recall@80:0.4978499391587371	NDCG@80:0.21214284635790703	Precision@80:0.019318182269396432	
