nohup: ignoring input
>>>>>>>>>>B-I statistics>>>>>>>>>>
Average interactions 37.02934265136719
Non-zero rows 1.0
Non-zero columns 0.8566981995727799
Matrix density 0.0011299769286862884
finish loading assist data
>>>>>>>>>>U-I statistics>>>>>>>>>>
Average interactions 17.230377197265625
Non-zero rows 0.9958950118173903
Non-zero columns 0.641867561794324
Matrix density 0.0005257972814327529
finish loading item data
>>>>>>>>>>U-B statistics in train>>>>>>>>>>
Average interactions 4.281129360198975
Non-zero rows 0.3680806070406767
Non-zero columns 0.8645986166422134
Matrix density 0.0008973233061660289
finish loading bundle train data
>>>>>>>>>>U-B statistics in test>>>>>>>>>>
Average interactions 1.2123398780822754
Non-zero rows 0.3680806070406767
Non-zero columns 0.5017815971494446
Matrix density 0.0002541060245785134
finish loading bundle test data
>>>>>>>>>>B-I statistics>>>>>>>>>>
Average interactions 37.02934265136719
Non-zero rows 1.0
Non-zero columns 0.8566981995727799
Matrix density 0.0011299769286862884
finish loading assist data
>>>>>>>>>>U-I statistics>>>>>>>>>>
Average interactions 17.230377197265625
Non-zero rows 0.9958950118173903
Non-zero columns 0.641867561794324
Matrix density 0.0005257972814327529
finish loading item data
>>>>>>>>>>U-B statistics in train>>>>>>>>>>
Average interactions 4.281129360198975
Non-zero rows 0.3680806070406767
Non-zero columns 0.8645986166422134
Matrix density 0.0008973233061660289
finish loading bundle train data
>>>>>>>>>>U-B statistics in test>>>>>>>>>>
Average interactions 0.6454783082008362
Non-zero rows 0.3680806070406767
Non-zero columns 0.34835464263257176
Matrix density 0.00013529203381263145
finish loading bundle test data
IHGCN model
/data/lzm/IHBR - 副本/model/IHGCN.py:169: UserWarning: Creating a tensor from a list of numpy.ndarrays is extremely slow. Please consider converting the list to a single numpy.ndarray with numpy.array() before converting to a tensor. (Triggered internally at  /opt/conda/conda-bld/pytorch_1640811805959/work/torch/csrc/utils/tensor_new.cpp:201.)
  ub_indices = torch.tensor([ub_graph_coo.row, ub_graph_coo.col], dtype=torch.long)
finish generating bi, ui graph
finish generating non-atom graph
U-B Train Epoch: 1 [2048/34416 (6%)]	Loss: 0.961455
Train Epoch: 1: time = 15s
Test: time=3s
Recall@20:0.14481082773160273	NDCG@20:0.06405506088911742	Precision@20:0.011017235520321923	Recall@40:0.219772483255864	NDCG@40:0.08089493947804235	Precision@40:0.008541737266713279	Recall@80:0.32184242178919187	NDCG@80:0.10030713843590265	Precision@80:0.006378844204123014	
Test: time=3s
Recall@20:0.18201097937684158	NDCG@20:0.09933512417921225	Precision@20:0.022862452758087747	Recall@40:0.25725221005433635	NDCG@40:0.1189445786961191	Precision@40:0.016779317852612	Recall@80:0.35198715225431154	NDCG@80:0.14017291647552357	Precision@80:0.012107131045265108	
U-B Train Epoch: 2 [2048/34416 (6%)]	Loss: 0.938347
Train Epoch: 2: time = 9s
U-B Train Epoch: 3 [2048/34416 (6%)]	Loss: 0.894152
Train Epoch: 3: time = 9s
U-B Train Epoch: 4 [2048/34416 (6%)]	Loss: 0.822159
Train Epoch: 4: time = 9s
U-B Train Epoch: 5 [2048/34416 (6%)]	Loss: 0.837511
Train Epoch: 5: time = 9s
U-B Train Epoch: 6 [2048/34416 (6%)]	Loss: 0.636411
Train Epoch: 6: time = 9s
Test: time=4s
Recall@20:0.1628974277693583	NDCG@20:0.06754945250289107	Precision@20:0.013230822061356277	Recall@40:0.25561670920219565	NDCG@40:0.08880722494534682	Precision@40:0.010594795990248072	Recall@80:0.3772786286442052	NDCG@80:0.11193764632761015	Precision@80:0.007832037915084442	
Test: time=3s
Recall@20:0.1395459163829498	NDCG@20:0.07078949572791035	Precision@20:0.022946942049975973	Recall@40:0.23586059446550778	NDCG@40:0.09591835437090102	Precision@40:0.018621155924795445	Recall@80:0.35821347560540934	NDCG@80:0.12341147445673555	Precision@80:0.014117945767448093	
U-B Train Epoch: 7 [2048/34416 (6%)]	Loss: 0.671251
Train Epoch: 7: time = 12s
U-B Train Epoch: 8 [2048/34416 (6%)]	Loss: 0.574059
Train Epoch: 8: time = 11s
U-B Train Epoch: 9 [2048/34416 (6%)]	Loss: 0.588576
Train Epoch: 9: time = 12s
U-B Train Epoch: 10 [2048/34416 (6%)]	Loss: 0.545391
Train Epoch: 10: time = 12s
U-B Train Epoch: 11 [2048/34416 (6%)]	Loss: 0.520098
Train Epoch: 11: time = 12s
Test: time=3s
Recall@20:0.20667186658420286	NDCG@20:0.0933344016892155	Precision@20:0.01745522187424093	Recall@40:0.3087042743751188	NDCG@40:0.11673903650591284	Precision@40:0.013053396740004839	Recall@80:0.41258737371353815	NDCG@80:0.1367969725654914	Precision@80:0.008807874443000054	
Test: time=3s
Recall@20:0.20974405023768852	NDCG@20:0.1121033349122579	Precision@20:0.032139237001966324	Recall@40:0.31405442145355006	NDCG@40:0.13954992832546098	Precision@40:0.023884759395659958	Recall@80:0.42875792570072235	NDCG@80:0.16548890799999075	Precision@80:0.016610341524908614	
U-B Train Epoch: 12 [2048/34416 (6%)]	Loss: 0.630281
Train Epoch: 12: time = 11s
U-B Train Epoch: 13 [2048/34416 (6%)]	Loss: 0.691492
Train Epoch: 13: time = 12s
U-B Train Epoch: 14 [2048/34416 (6%)]	Loss: 0.562104
Train Epoch: 14: time = 11s
U-B Train Epoch: 15 [2048/34416 (6%)]	Loss: 0.489985
Train Epoch: 15: time = 11s
U-B Train Epoch: 16 [2048/34416 (6%)]	Loss: 0.497979
Train Epoch: 16: time = 11s
Test: time=3s
Recall@20:0.2303696838977088	NDCG@20:0.11126311915514638	Precision@20:0.019280161959128267	Recall@40:0.32603624762212474	NDCG@40:0.13330427236192813	Precision@40:0.013788441783393224	Recall@80:0.42689655970463525	NDCG@80:0.15275682537649965	Precision@80:0.009154275286314495	
Test: time=3s
Recall@20:0.2295561671539028	NDCG@20:0.128857810177405	Precision@20:0.0346231844103711	Recall@40:0.33275353372721467	NDCG@40:0.1565563901931541	Precision@40:0.025481582131084455	Recall@80:0.451216594235806	NDCG@80:0.18330081631582143	Precision@80:0.017539710199240697	
U-B Train Epoch: 17 [2048/34416 (6%)]	Loss: 0.500570
Train Epoch: 17: time = 11s
U-B Train Epoch: 18 [2048/34416 (6%)]	Loss: 0.524617
Train Epoch: 18: time = 12s
U-B Train Epoch: 19 [2048/34416 (6%)]	Loss: 0.520051
Train Epoch: 19: time = 12s
U-B Train Epoch: 20 [2048/34416 (6%)]	Loss: 0.550031
Train Epoch: 20: time = 12s
U-B Train Epoch: 21 [2048/34416 (6%)]	Loss: 0.568611
Train Epoch: 21: time = 12s
Test: time=3s
Recall@20:0.24380234295792497	NDCG@20:0.11790359048434068	Precision@20:0.019837782970349827	Recall@40:0.3358066787023567	NDCG@40:0.13948708057564713	Precision@40:0.01421933111285551	Recall@80:0.4343107119731381	NDCG@80:0.15874282408904772	Precision@80:0.009378168783545615	
Test: time=3s
Recall@20:0.23170813083165237	NDCG@20:0.12921880765233584	Precision@20:0.035113215083888996	Recall@40:0.3335933756207888	NDCG@40:0.1563536349725546	Precision@40:0.02540554279973274	Recall@80:0.45659965161900135	NDCG@80:0.18423168237807985	Precision@80:0.01768756388167587	
U-B Train Epoch: 22 [2048/34416 (6%)]	Loss: 0.493144
Train Epoch: 22: time = 11s
U-B Train Epoch: 23 [2048/34416 (6%)]	Loss: 0.486570
Train Epoch: 23: time = 11s
U-B Train Epoch: 24 [2048/34416 (6%)]	Loss: 0.540353
Train Epoch: 24: time = 11s
U-B Train Epoch: 25 [2048/34416 (6%)]	Loss: 0.475466
Train Epoch: 25: time = 11s
U-B Train Epoch: 26 [2048/34416 (6%)]	Loss: 0.469703
Train Epoch: 26: time = 10s
Test: time=3s
Recall@20:0.24238656041750276	NDCG@20:0.11898709858297778	Precision@20:0.01988847596534969	Recall@40:0.33734477392198586	NDCG@40:0.1410647743898052	Precision@40:0.014312268431503333	Recall@80:0.4466821709852357	NDCG@80:0.16221613753442227	Precision@80:0.009597837139360403	
Test: time=3s
Recall@20:0.24582542427168702	NDCG@20:0.14011617172566085	Precision@20:0.03663399848796178	Recall@40:0.34863759279653966	NDCG@40:0.16762881522325296	Precision@40:0.02653768216487966	Recall@80:0.4623092955614756	NDCG@80:0.19373924613764415	Precision@80:0.018105780204110307	
U-B Train Epoch: 27 [2048/34416 (6%)]	Loss: 0.516329
Train Epoch: 27: time = 10s
U-B Train Epoch: 28 [2048/34416 (6%)]	Loss: 0.478511
Train Epoch: 28: time = 10s
U-B Train Epoch: 29 [2048/34416 (6%)]	Loss: 0.659158
Train Epoch: 29: time = 10s
U-B Train Epoch: 30 [2048/34416 (6%)]	Loss: 0.597518
Train Epoch: 30: time = 10s
U-B Train Epoch: 31 [2048/34416 (6%)]	Loss: 0.506873
Train Epoch: 31: time = 11s
Test: time=4s
Recall@20:0.246429778547374	NDCG@20:0.12269745698125026	Precision@20:0.02022642797616415	Recall@40:0.33998321399127923	NDCG@40:0.14446878642720037	Precision@40:0.014354511788262834	Recall@80:0.4466065422591828	NDCG@80:0.16534647630573568	Precision@80:0.009623183636860334	
Test: time=3s
Recall@20:0.24539057198872877	NDCG@20:0.14079933643502213	Precision@20:0.03703954115877606	Recall@40:0.3438200388215772	NDCG@40:0.1675183321020417	Precision@40:0.02658837419299106	Recall@80:0.46950915440710544	NDCG@80:0.19572955122184174	Precision@80:0.018287428249656932	
U-B Train Epoch: 32 [2048/34416 (6%)]	Loss: 0.570773
Train Epoch: 32: time = 12s
U-B Train Epoch: 33 [2048/34416 (6%)]	Loss: 0.658080
Train Epoch: 33: time = 11s
U-B Train Epoch: 34 [2048/34416 (6%)]	Loss: 0.548989
Train Epoch: 34: time = 12s
U-B Train Epoch: 35 [2048/34416 (6%)]	Loss: 0.461929
Train Epoch: 35: time = 12s
U-B Train Epoch: 36 [2048/34416 (6%)]	Loss: 0.582508
Train Epoch: 36: time = 12s
Test: time=3s
Recall@20:0.25666985958159955	NDCG@20:0.1251773763323362	Precision@20:0.02091922934049688	Recall@40:0.3480311551985204	NDCG@40:0.14653012300512605	Precision@40:0.01474315679407716	Recall@80:0.45258267613108316	NDCG@80:0.1668713341777733	Precision@80:0.009741466969563857	
Test: time=3s
Recall@20:0.24942766391332588	NDCG@20:0.1458091877650151	Precision@20:0.03737749445877513	Recall@40:0.34953586053671004	NDCG@40:0.1730063677881569	Precision@40:0.026867184859749916	Recall@80:0.46870286741060113	NDCG@80:0.20009328642984064	Precision@80:0.0183550192319529	
U-B Train Epoch: 37 [2048/34416 (6%)]	Loss: 0.459255
Train Epoch: 37: time = 11s
U-B Train Epoch: 38 [2048/34416 (6%)]	Loss: 0.452917
Train Epoch: 38: time = 12s
U-B Train Epoch: 39 [2048/34416 (6%)]	Loss: 0.511765
Train Epoch: 39: time = 12s
U-B Train Epoch: 40 [2048/34416 (6%)]	Loss: 0.451830
Train Epoch: 40: time = 12s
U-B Train Epoch: 41 [2048/34416 (6%)]	Loss: 0.444327
Train Epoch: 41: time = 11s
Test: time=3s
Recall@20:0.251258465920642	NDCG@20:0.12341598144613758	Precision@20:0.02053058465697871	Recall@40:0.3503540492855483	NDCG@40:0.14656693180415548	Precision@40:0.01484454246178073	Recall@80:0.4537776986986207	NDCG@80:0.16688755727692528	Precision@80:0.009830179146795346	
Test: time=3s
Recall@20:0.2437300403281699	NDCG@20:0.1376930048595453	Precision@20:0.03712402980607198	Recall@40:0.3462346815990411	NDCG@40:0.16503449878647505	Precision@40:0.026503887479472056	Recall@80:0.47335893812111884	NDCG@80:0.19365818736600732	Precision@80:0.018350794573980797	
U-B Train Epoch: 42 [2048/34416 (6%)]	Loss: 0.470674
Train Epoch: 42: time = 12s
U-B Train Epoch: 43 [2048/34416 (6%)]	Loss: 0.649263
Train Epoch: 43: time = 11s
U-B Train Epoch: 44 [2048/34416 (6%)]	Loss: 0.506856
Train Epoch: 44: time = 12s
U-B Train Epoch: 45 [2048/34416 (6%)]	Loss: 0.651769
Train Epoch: 45: time = 12s
U-B Train Epoch: 46 [2048/34416 (6%)]	Loss: 0.436998
Train Epoch: 46: time = 11s
Test: time=3s
Recall@20:0.2572978832867549	NDCG@20:0.12688890555775942	Precision@20:0.020885434332793128	Recall@40:0.35276209143780096	NDCG@40:0.14919557407040096	Precision@40:0.01483609379042883	Recall@80:0.45504220315998334	NDCG@80:0.16932041107621215	Precision@80:0.009825954811119397	
Test: time=3s
Recall@20:0.25034760026844743	NDCG@20:0.1469095919171714	Precision@20:0.037461981816886446	Recall@40:0.3528623178062426	NDCG@40:0.17471133764227648	Precision@40:0.027053058852453255	Recall@80:0.4745771660116646	NDCG@80:0.2023751019384056	Precision@80:0.01851132190803613	
U-B Train Epoch: 47 [2048/34416 (6%)]	Loss: 0.551576
Train Epoch: 47: time = 11s
U-B Train Epoch: 48 [2048/34416 (6%)]	Loss: 0.638486
Train Epoch: 48: time = 12s
U-B Train Epoch: 49 [2048/34416 (6%)]	Loss: 0.648425
Train Epoch: 49: time = 12s
U-B Train Epoch: 50 [2048/34416 (6%)]	Loss: 0.431528
Train Epoch: 50: time = 10s
U-B Train Epoch: 51 [2048/34416 (6%)]	Loss: 0.465992
Train Epoch: 51: time = 9s
Test: time=3s
Recall@20:0.23946153460905817	NDCG@20:0.10856374706437194	Precision@20:0.020125041663868276	Recall@40:0.33778935697039225	NDCG@40:0.1311905433213884	Precision@40:0.014295370444207225	Recall@80:0.4567577056523794	NDCG@80:0.15416768838844416	Precision@80:0.009792159642267565	
Test: time=3s
Recall@20:0.2545416581546104	NDCG@20:0.1484436880861355	Precision@20:0.03768164985040508	Recall@40:0.35105869696727676	NDCG@40:0.17489850662092213	Precision@40:0.026968570205157333	Recall@80:0.47875887866598726	NDCG@80:0.2036099603104406	Precision@80:0.018566238594119634	
U-B Train Epoch: 52 [2048/34416 (6%)]	Loss: 0.490311
Train Epoch: 52: time = 10s
U-B Train Epoch: 53 [2048/34416 (6%)]	Loss: 0.453436
Train Epoch: 53: time = 10s
U-B Train Epoch: 54 [2048/34416 (6%)]	Loss: 0.484966
Train Epoch: 54: time = 10s
U-B Train Epoch: 55 [2048/34416 (6%)]	Loss: 0.505653
Train Epoch: 55: time = 10s
U-B Train Epoch: 56 [2048/34416 (6%)]	Loss: 0.577840
Train Epoch: 56: time = 11s
Test: time=3s
Recall@20:0.26123569252604606	NDCG@20:0.12847698762151752	Precision@20:0.02093612732779299	Recall@40:0.35523597482653557	NDCG@40:0.15050360913935767	Precision@40:0.014878337469484484	Recall@80:0.46213152216027903	NDCG@80:0.1714667590657937	Precision@80:0.009935789311322944	
Test: time=3s
Recall@20:0.2525647812173269	NDCG@20:0.1496826898975121	Precision@20:0.03768164985040508	Recall@40:0.3551533535631495	NDCG@40:0.17761622380871916	Precision@40:0.027323420203267904	Recall@80:0.48096050689171277	NDCG@80:0.20585247115856814	Precision@80:0.018667624584119358	
U-B Train Epoch: 57 [2048/34416 (6%)]	Loss: 0.604132
Train Epoch: 57: time = 11s
U-B Train Epoch: 58 [2048/34416 (6%)]	Loss: 0.493419
Train Epoch: 58: time = 12s
U-B Train Epoch: 59 [2048/34416 (6%)]	Loss: 0.426866
Train Epoch: 59: time = 11s
U-B Train Epoch: 60 [2048/34416 (6%)]	Loss: 0.581278
Train Epoch: 60: time = 11s
U-B Train Epoch: 61 [2048/34416 (6%)]	Loss: 0.609345
Train Epoch: 61: time = 11s
Test: time=3s
Recall@20:0.26000660454433244	NDCG@20:0.12839753259553746	Precision@20:0.020868537312385478	Recall@40:0.3585024386009843	NDCG@40:0.15130761427909953	Precision@40:0.014937479135836247	Recall@80:0.46405170591508427	NDCG@80:0.17204363050393134	Precision@80:0.009956911473146923	
Test: time=3s
Recall@20:0.2518818330909804	NDCG@20:0.14949803225048977	Precision@20:0.03781683117040471	Recall@40:0.3551020337021323	NDCG@40:0.1775298484397442	Precision@40:0.027281176846508402	Recall@80:0.47536660078692655	NDCG@80:0.20498916610506346	Precision@80:0.01868029759114721	
U-B Train Epoch: 62 [2048/34416 (6%)]	Loss: 0.476647
Train Epoch: 62: time = 12s
U-B Train Epoch: 63 [2048/34416 (6%)]	Loss: 0.410358
Train Epoch: 63: time = 12s
U-B Train Epoch: 64 [2048/34416 (6%)]	Loss: 0.624028
Train Epoch: 64: time = 12s
U-B Train Epoch: 65 [2048/34416 (6%)]	Loss: 0.536621
Train Epoch: 65: time = 12s
U-B Train Epoch: 66 [2048/34416 (6%)]	Loss: 0.502679
Train Epoch: 66: time = 12s
Test: time=3s
Recall@20:0.260642141617404	NDCG@20:0.1271376459934535	Precision@20:0.020834741015497114	Recall@40:0.3581597991149222	NDCG@40:0.14982713014139198	Precision@40:0.014861440449076837	Recall@80:0.4645137084259621	NDCG@80:0.1707844581101222	Precision@80:0.009965360305646901	
Test: time=3s
Recall@20:0.25460362152378074	NDCG@20:0.1481594950736234	Precision@20:0.03759716249229377	Recall@40:0.36038342083012104	NDCG@40:0.1766005887015118	Precision@40:0.027179791501100985	Recall@80:0.47895508225039074	NDCG@80:0.20390093959074804	Precision@80:0.018705644249795216	
U-B Train Epoch: 67 [2048/34416 (6%)]	Loss: 0.631906
Train Epoch: 67: time = 12s
U-B Train Epoch: 68 [2048/34416 (6%)]	Loss: 0.530090
Train Epoch: 68: time = 12s
U-B Train Epoch: 69 [2048/34416 (6%)]	Loss: 0.605231
Train Epoch: 69: time = 11s
U-B Train Epoch: 70 [2048/34416 (6%)]	Loss: 0.467309
Train Epoch: 70: time = 11s
U-B Train Epoch: 71 [2048/34416 (6%)]	Loss: 0.406222
Train Epoch: 71: time = 11s
Test: time=4s
Recall@20:0.2626595247351829	NDCG@20:0.12863697027507445	Precision@20:0.021189591658199988	Recall@40:0.35554308438470295	NDCG@40:0.1503346176637351	Precision@40:0.014886786140836385	Recall@80:0.4683461036179347	NDCG@80:0.1723276249820133	Precision@80:0.010028725824230384	
Test: time=3s
Recall@20:0.2521474979422551	NDCG@20:0.14531446574869572	Precision@20:0.03808719252121936	Recall@40:0.3562376815831996	NDCG@40:0.17329379665404407	Precision@40:0.027323419558675597	Recall@80:0.4842216592255618	NDCG@80:0.20208444753262028	Precision@80:0.018764785593850825	
U-B Train Epoch: 72 [2048/34416 (6%)]	Loss: 0.405288
Train Epoch: 72: time = 12s
U-B Train Epoch: 73 [2048/34416 (6%)]	Loss: 0.495295
Train Epoch: 73: time = 11s
U-B Train Epoch: 74 [2048/34416 (6%)]	Loss: 0.577312
Train Epoch: 74: time = 11s
U-B Train Epoch: 75 [2048/34416 (6%)]	Loss: 0.384909
Train Epoch: 75: time = 9s
U-B Train Epoch: 76 [2048/34416 (6%)]	Loss: 0.392943
Train Epoch: 76: time = 9s
Test: time=3s
Recall@20:0.2632955981090529	NDCG@20:0.12926785597006749	Precision@20:0.021037512673200406	Recall@40:0.361438871114872	NDCG@40:0.15209578049670364	Precision@40:0.015013518467187962	Recall@80:0.4674857946294673	NDCG@80:0.1730265667326509	Precision@80:0.010011828481526583	
Test: time=3s
Recall@20:0.2552282366248231	NDCG@20:0.14956923907332503	Precision@20:0.037850625855812316	Recall@40:0.35800455034725887	NDCG@40:0.17737884882456068	Precision@40:0.027188240172452884	Recall@80:0.48688616660770107	NDCG@80:0.20669962015052065	Precision@80:0.018921088269934053	
U-B Train Epoch: 77 [2048/34416 (6%)]	Loss: 0.517472
Train Epoch: 77: time = 9s
U-B Train Epoch: 78 [2048/34416 (6%)]	Loss: 0.414000
Train Epoch: 78: time = 9s
U-B Train Epoch: 79 [2048/34416 (6%)]	Loss: 0.604859
Train Epoch: 79: time = 9s
U-B Train Epoch: 80 [2048/34416 (6%)]	Loss: 0.459476
Train Epoch: 80: time = 10s
U-B Train Epoch: 81 [2048/34416 (6%)]	Loss: 0.411856
Train Epoch: 81: time = 12s
Test: time=3s
Recall@20:0.2588079516329287	NDCG@20:0.12454521176620849	Precision@20:0.0209699233023852	Recall@40:0.35655735811296047	NDCG@40:0.14716053428018203	Precision@40:0.01489523545678059	Recall@80:0.47026583357975665	NDCG@80:0.16932020738504353	Precision@80:0.010049848308350517	
Test: time=3s
Recall@20:0.2534084390973513	NDCG@20:0.14731840267097598	Precision@20:0.037208516519590985	Recall@40:0.35667436450830625	NDCG@40:0.17534427829754035	Precision@40:0.02697701887650923	Recall@80:0.4834187241090476	NDCG@80:0.20430265467245057	Precision@80:0.018760561258174876	
U-B Train Epoch: 82 [2048/34416 (6%)]	Loss: 0.410263
Train Epoch: 82: time = 12s
U-B Train Epoch: 83 [2048/34416 (6%)]	Loss: 0.608159
Train Epoch: 83: time = 12s
U-B Train Epoch: 84 [2048/34416 (6%)]	Loss: 0.563885
Train Epoch: 84: time = 11s
U-B Train Epoch: 85 [2048/34416 (6%)]	Loss: 0.526379
Train Epoch: 85: time = 12s
U-B Train Epoch: 86 [2048/34416 (6%)]	Loss: 0.451998
Train Epoch: 86: time = 11s
Test: time=3s
Recall@20:0.2621700264949096	NDCG@20:0.12716991686265022	Precision@20:0.020784049309681862	Recall@40:0.36171581890986715	NDCG@40:0.15021841829795618	Precision@40:0.014895234812188286	Recall@80:0.4644005077035897	NDCG@80:0.17059099275383363	Precision@80:0.00995268729861905	
Test: time=3s
Recall@20:0.23871035767632912	NDCG@20:0.13399758811092086	Precision@20:0.037259209836887	Recall@40:0.34372452571207546	NDCG@40:0.16191058788963492	Precision@40:0.02665596420839857	Recall@80:0.4807158299659144	NDCG@80:0.1924887989452861	Precision@80:0.01864227792547135	
U-B Train Epoch: 87 [2048/34416 (6%)]	Loss: 0.400936
Train Epoch: 87: time = 12s
U-B Train Epoch: 88 [2048/34416 (6%)]	Loss: 0.369436
Train Epoch: 88: time = 11s
U-B Train Epoch: 89 [2048/34416 (6%)]	Loss: 0.472071
Train Epoch: 89: time = 11s
U-B Train Epoch: 90 [2048/34416 (6%)]	Loss: 0.383205
Train Epoch: 90: time = 11s
U-B Train Epoch: 91 [2048/34416 (6%)]	Loss: 0.531685
Train Epoch: 91: time = 11s
Test: time=3s
Recall@20:0.26393300707818046	NDCG@20:0.12890080190583153	Precision@20:0.020936127972385293	Recall@40:0.3632530735811296	NDCG@40:0.15187872564039265	Precision@40:0.014971274465836154	Recall@80:0.4688738236035717	NDCG@80:0.17269294122539286	Precision@80:0.009990706641998755	
Test: time=3s
Recall@20:0.23990666427173982	NDCG@20:0.1363644537066801	Precision@20:0.037259209836887	Recall@40:0.3469639527068504	NDCG@40:0.16485933727330151	Precision@40:0.02684183949028652	Recall@80:0.48073275438149504	NDCG@80:0.19485334916548294	Precision@80:0.01866340057073956	
U-B Train Epoch: 92 [2048/34416 (6%)]	Loss: 0.424774
Train Epoch: 92: time = 12s
U-B Train Epoch: 93 [2048/34416 (6%)]	Loss: 0.482034
Train Epoch: 93: time = 11s
U-B Train Epoch: 94 [2048/34416 (6%)]	Loss: 0.460343
Train Epoch: 94: time = 11s
U-B Train Epoch: 95 [2048/34416 (6%)]	Loss: 0.422621
Train Epoch: 95: time = 11s
U-B Train Epoch: 96 [2048/34416 (6%)]	Loss: 0.533482
Train Epoch: 96: time = 12s
Test: time=3s
Recall@20:0.2415914377597346	NDCG@20:0.11594216055707296	Precision@20:0.02005745197075692	Recall@40:0.35237987398416376	NDCG@40:0.14111757939149497	Precision@40:0.014726259451373359	Recall@80:0.4712404262056702	NDCG@80:0.16405616494681877	Precision@80:0.010016052656054457	
Test: time=3s
Recall@20:0.25945120318671583	NDCG@20:0.1505524640793976	Precision@20:0.03732679985229451	Recall@40:0.35931363481248946	NDCG@40:0.17796005192299313	Precision@40:0.02710375216974927	Recall@80:0.48687046949587065	NDCG@80:0.20685555992113572	Precision@80:0.01877323490979503	
U-B Train Epoch: 97 [2048/34416 (6%)]	Loss: 0.395411
Train Epoch: 97: time = 12s
U-B Train Epoch: 98 [2048/34416 (6%)]	Loss: 0.502927
Train Epoch: 98: time = 12s
U-B Train Epoch: 99 [2048/34416 (6%)]	Loss: 0.446352
Train Epoch: 99: time = 11s
U-B Train Epoch: 100 [2048/34416 (6%)]	Loss: 0.334550
Train Epoch: 100: time = 10s
U-B Train Epoch: 101 [2048/34416 (6%)]	Loss: 0.430904
Train Epoch: 101: time = 10s
Test: time=3s
Recall@20:0.2642145031164852	NDCG@20:0.1272078885061993	Precision@20:0.021088205668200268	Recall@40:0.36220021197907865	NDCG@40:0.14992176402698865	Precision@40:0.014988172130836109	Recall@80:0.4753696226356561	NDCG@80:0.1720117592819642	Precision@80:0.010087867812878298	
Test: time=3s
Recall@20:0.2598634225446334	NDCG@20:0.15047924097182985	Precision@20:0.037630957177701374	Recall@40:0.3618347075147458	NDCG@40:0.17828562518316735	Precision@40:0.027238934134341204	Recall@80:0.4886473990566386	NDCG@80:0.20716091618823135	Precision@80:0.0188746205774986	
U-B Train Epoch: 102 [2048/34416 (6%)]	Loss: 0.426520
Train Epoch: 102: time = 9s
U-B Train Epoch: 103 [2048/34416 (6%)]	Loss: 0.409426
Train Epoch: 103: time = 10s
U-B Train Epoch: 104 [2048/34416 (6%)]	Loss: 0.558038
Train Epoch: 104: time = 9s
U-B Train Epoch: 105 [2048/34416 (6%)]	Loss: 0.329379
Train Epoch: 105: time = 10s
U-B Train Epoch: 106 [2048/34416 (6%)]	Loss: 0.547944
Train Epoch: 106: time = 12s
Test: time=4s
Recall@20:0.26572790787243367	NDCG@20:0.1291815888925999	Precision@20:0.020986820645089003	Recall@40:0.3655468578796284	NDCG@40:0.15221714949277496	Precision@40:0.014979723137188055	Recall@80:0.4707021142792645	NDCG@80:0.1729701107601412	Precision@80:0.009999155635646809	
Test: time=3s
Recall@20:0.25640046640842823	NDCG@20:0.14707014181195743	Precision@20:0.037039540514183754	Recall@40:0.3584146760693673	NDCG@40:0.17502901593588946	Precision@40:0.027010816784878364	Recall@80:0.4858942679675619	NDCG@80:0.20407273117534694	Precision@80:0.01877745924547098	
U-B Train Epoch: 107 [2048/34416 (6%)]	Loss: 0.545157
Train Epoch: 107: time = 12s
U-B Train Epoch: 108 [2048/34416 (6%)]	Loss: 0.499153
Train Epoch: 108: time = 12s
U-B Train Epoch: 109 [2048/34416 (6%)]	Loss: 0.490824
Train Epoch: 109: time = 11s
U-B Train Epoch: 110 [2048/34416 (6%)]	Loss: 0.465967
Train Epoch: 110: time = 12s
U-B Train Epoch: 111 [2048/34416 (6%)]	Loss: 0.312883
Train Epoch: 111: time = 12s
Test: time=4s
Recall@20:0.2705686723271428	NDCG@20:0.13102131979253576	Precision@20:0.021324772011311163	Recall@40:0.36383510433608274	NDCG@40:0.1527984711961917	Precision@40:0.014996620802188007	Recall@80:0.4752499863037027	NDCG@80:0.17457539054661758	Precision@80:0.010041399636998617	
Test: time=4s
Recall@20:0.25731187351815965	NDCG@20:0.14738303723066148	Precision@20:0.03714092585959117	Recall@40:0.36105345132665967	NDCG@40:0.17577183379559713	Precision@40:0.027188240172452884	Recall@80:0.4881321686915185	NDCG@80:0.20458758509856054	Precision@80:0.01879858092385073	
U-B Train Epoch: 112 [2048/34416 (6%)]	Loss: 0.325629
Train Epoch: 112: time = 11s
U-B Train Epoch: 113 [2048/34416 (6%)]	Loss: 0.521204
Train Epoch: 113: time = 12s
U-B Train Epoch: 114 [2048/34416 (6%)]	Loss: 0.316925
Train Epoch: 114: time = 12s
U-B Train Epoch: 115 [2048/34416 (6%)]	Loss: 0.338884
Train Epoch: 115: time = 12s
U-B Train Epoch: 116 [2048/34416 (6%)]	Loss: 0.351476
Train Epoch: 116: time = 12s
Test: time=4s
Recall@20:0.27129942341888624	NDCG@20:0.13212043991681893	Precision@20:0.021358567341311068	Recall@40:0.3652004746014543	NDCG@40:0.15405093209491302	Precision@40:0.01504731379718787	Recall@80:0.4757486119710259	NDCG@80:0.17568324102909028	Precision@80:0.010054072321730315	
Test: time=3s
Recall@20:0.25936417806869666	NDCG@20:0.14843207511115453	Precision@20:0.03744508382959034	Recall@40:0.3630013216101829	NDCG@40:0.1766222650515707	Precision@40:0.027238933489748898	Recall@80:0.4859024465547377	NDCG@80:0.20481240342460239	Precision@80:0.018807029595202633	
U-B Train Epoch: 117 [2048/34416 (6%)]	Loss: 0.499647
Train Epoch: 117: time = 12s
U-B Train Epoch: 118 [2048/34416 (6%)]	Loss: 0.316564
Train Epoch: 118: time = 11s
U-B Train Epoch: 119 [2048/34416 (6%)]	Loss: 0.398938
Train Epoch: 119: time = 12s
U-B Train Epoch: 120 [2048/34416 (6%)]	Loss: 0.405357
Train Epoch: 120: time = 11s
U-B Train Epoch: 121 [2048/34416 (6%)]	Loss: 0.364503
Train Epoch: 121: time = 12s
Test: time=3s
Recall@20:0.26376457253031005	NDCG@20:0.12965102484194804	Precision@20:0.020885434332793128	Recall@40:0.36644391894300227	NDCG@40:0.15347959125875904	Precision@40:0.015038864803539817	Recall@80:0.4739775714055635	NDCG@80:0.17470556983032434	Precision@80:0.010062521315378367	
Test: time=3s
Recall@20:0.26020165301932396	NDCG@20:0.15089845028871135	Precision@20:0.03783372851310851	Recall@40:0.368122463090954	NDCG@40:0.1799172069140889	Precision@40:0.027559987513267256	Recall@80:0.4929428281071783	NDCG@80:0.20846713350688578	Precision@80:0.018980229936285814	
U-B Train Epoch: 122 [2048/34416 (6%)]	Loss: 0.282330
Train Epoch: 122: time = 12s
U-B Train Epoch: 123 [2048/34416 (6%)]	Loss: 0.292695
Train Epoch: 123: time = 11s
U-B Train Epoch: 124 [2048/34416 (6%)]	Loss: 0.331145
Train Epoch: 124: time = 10s
U-B Train Epoch: 125 [2048/34416 (6%)]	Loss: 0.446101
Train Epoch: 125: time = 10s
U-B Train Epoch: 126 [2048/34416 (6%)]	Loss: 0.458926
Train Epoch: 126: time = 10s
Test: time=3s
Recall@20:0.26293430670003065	NDCG@20:0.12789424007992037	Precision@20:0.020868536990089327	Recall@40:0.36715215055795086	NDCG@40:0.15195077301159465	Precision@40:0.015055761823947465	Recall@80:0.4735705500399998	NDCG@80:0.172937765118237	Precision@80:0.010045623489230337	
Test: time=3s
Recall@20:0.25934373160075724	NDCG@20:0.14928183341276086	Precision@20:0.03766475315229358	Recall@40:0.3651000522769517	NDCG@40:0.17813778149191292	Precision@40:0.027619128857322865	Recall@80:0.4909510997631696	NDCG@80:0.2067922145460618	Precision@80:0.019009801252905925	
U-B Train Epoch: 127 [2048/34416 (6%)]	Loss: 0.487597
Train Epoch: 127: time = 9s
U-B Train Epoch: 128 [2048/34416 (6%)]	Loss: 0.285886
Train Epoch: 128: time = 10s
U-B Train Epoch: 129 [2048/34416 (6%)]	Loss: 0.351622
Train Epoch: 129: time = 10s
U-B Train Epoch: 130 [2048/34416 (6%)]	Loss: 0.358873
Train Epoch: 130: time = 10s
U-B Train Epoch: 131 [2048/34416 (6%)]	Loss: 0.371081
Train Epoch: 131: time = 12s
Test: time=3s
Recall@20:0.26316390532261213	NDCG@20:0.12808472999812542	Precision@20:0.02093612732779299	Recall@40:0.36795329112948577	NDCG@40:0.15218263802072332	Precision@40:0.015072659811243571	Recall@80:0.47438875941579184	NDCG@80:0.17323951424678946	Precision@80:0.010070969986730268	
Test: time=3s
Recall@20:0.26176143232411975	NDCG@20:0.15084806379735288	Precision@20:0.03798580588662733	Recall@40:0.37098364847743376	NDCG@40:0.18028167487399407	Precision@40:0.02781345216597041	Recall@80:0.4954151851013328	NDCG@80:0.208647098521922	Precision@80:0.019085840584257642	
U-B Train Epoch: 132 [2048/34416 (6%)]	Loss: 0.354715
Train Epoch: 132: time = 11s
U-B Train Epoch: 133 [2048/34416 (6%)]	Loss: 0.298576
Train Epoch: 133: time = 11s
U-B Train Epoch: 134 [2048/34416 (6%)]	Loss: 0.306713
Train Epoch: 134: time = 11s
U-B Train Epoch: 135 [2048/34416 (6%)]	Loss: 0.404225
Train Epoch: 135: time = 11s
U-B Train Epoch: 136 [2048/34416 (6%)]	Loss: 0.264234
Train Epoch: 136: time = 12s
Test: time=3s
Recall@20:0.26548357129137273	NDCG@20:0.13092765021702857	Precision@20:0.02105441066049651	Recall@40:0.36869303041634105	NDCG@40:0.15489862770114085	Precision@40:0.015123352806243433	Recall@80:0.4787060633508206	NDCG@80:0.17647257266958327	Precision@80:0.010092091665110018	
Test: time=3s
Recall@20:0.25589862293631455	NDCG@20:0.14847320525700194	Precision@20:0.03742818584229423	Recall@40:0.3641989277036821	NDCG@40:0.17778919628642226	Precision@40:0.02745860087867523	Recall@80:0.4951470243886501	NDCG@80:0.20730050909797176	Precision@80:0.018967556929257966	
U-B Train Epoch: 137 [2048/34416 (6%)]	Loss: 0.266602
Train Epoch: 137: time = 11s
U-B Train Epoch: 138 [2048/34416 (6%)]	Loss: 0.256926
Train Epoch: 138: time = 12s
U-B Train Epoch: 139 [2048/34416 (6%)]	Loss: 0.442185
Train Epoch: 139: time = 11s
U-B Train Epoch: 140 [2048/34416 (6%)]	Loss: 0.421924
Train Epoch: 140: time = 11s
U-B Train Epoch: 141 [2048/34416 (6%)]	Loss: 0.256822
Train Epoch: 141: time = 11s
Test: time=3s
Recall@20:0.26721838576925006	NDCG@20:0.1302879464992924	Precision@20:0.021240284008607547	Recall@40:0.3696858314857083	NDCG@40:0.15399812451485403	Precision@40:0.015174045801243295	Recall@80:0.4797683308437975	NDCG@80:0.17562192483059497	Precision@80:0.010147008834637754	
Test: time=3s
Recall@20:0.26249711325781777	NDCG@20:0.1525595362986532	Precision@20:0.03808719252121936	Recall@40:0.3708598300306005	NDCG@40:0.18175000457918375	Precision@40:0.02773741219002639	Recall@80:0.49457015037214325	NDCG@80:0.2101298980351919	Precision@80:0.019064718583581736	
U-B Train Epoch: 142 [2048/34416 (6%)]	Loss: 0.245210
Train Epoch: 142: time = 11s
U-B Train Epoch: 143 [2048/34416 (6%)]	Loss: 0.248023
Train Epoch: 143: time = 11s
U-B Train Epoch: 144 [2048/34416 (6%)]	Loss: 0.314656
Train Epoch: 144: time = 11s
U-B Train Epoch: 145 [2048/34416 (6%)]	Loss: 0.428703
Train Epoch: 145: time = 11s
U-B Train Epoch: 146 [2048/34416 (6%)]	Loss: 0.282732
Train Epoch: 146: time = 12s
Test: time=3s
Recall@20:0.26753945461839146	NDCG@20:0.1299653925094785	Precision@20:0.021324772011311163	Recall@40:0.367110819299304	NDCG@40:0.15301468292576673	Precision@40:0.015140250148947234	Recall@80:0.4783863661941059	NDCG@80:0.17494437323103243	Precision@80:0.010168130996461735	
Test: time=3s
Recall@20:0.26427923565420114	NDCG@20:0.15142349134872554	Precision@20:0.038678608540144675	Recall@40:0.37330241201696623	NDCG@40:0.18077089980712974	Precision@40:0.028092261543544654	Recall@80:0.49499681891118724	NDCG@80:0.20880284749321457	Precision@80:0.01929706026872053	
U-B Train Epoch: 147 [2048/34416 (6%)]	Loss: 0.410405
Train Epoch: 147: time = 11s
U-B Train Epoch: 148 [2048/34416 (6%)]	Loss: 0.319901
Train Epoch: 148: time = 11s
U-B Train Epoch: 149 [2048/34416 (6%)]	Loss: 0.276365
Train Epoch: 149: time = 10s
U-B Train Epoch: 150 [2048/34416 (6%)]	Loss: 0.241203
Train Epoch: 150: time = 9s
U-B Train Epoch: 151 [2048/34416 (6%)]	Loss: 0.272417
Train Epoch: 151: time = 9s
Test: time=3s
Recall@20:0.26885638248279875	NDCG@20:0.13070025094339435	Precision@20:0.021290976681311254	Recall@40:0.3632003923411626	NDCG@40:0.15256256330412116	Precision@40:0.014878337791780638	Recall@80:0.4814509849122909	NDCG@80:0.17568244689136955	Precision@80:0.010125887317406079	
Test: time=3s
Recall@20:0.2658938826560652	NDCG@20:0.1525656986010965	Precision@20:0.03903345724907063	Recall@40:0.3734988424978614	NDCG@40:0.18150231611813272	Precision@40:0.028117607557600358	Recall@80:0.4931706940656419	NDCG@80:0.20928093387130628	Precision@80:0.019288611275072476	
U-B Train Epoch: 152 [2048/34416 (6%)]	Loss: 0.337077
Train Epoch: 152: time = 9s
U-B Train Epoch: 153 [2048/34416 (6%)]	Loss: 0.224491
Train Epoch: 153: time = 9s
U-B Train Epoch: 154 [2048/34416 (6%)]	Loss: 0.359287
Train Epoch: 154: time = 9s
U-B Train Epoch: 155 [2048/34416 (6%)]	Loss: 0.349430
Train Epoch: 155: time = 9s
U-B Train Epoch: 156 [2048/34416 (6%)]	Loss: 0.231211
Train Epoch: 156: time = 11s
Test: time=3s
Recall@20:0.2677477198140208	NDCG@20:0.1313136269329931	Precision@20:0.02140926033631093	Recall@40:0.36747265216586317	NDCG@40:0.1544493752260714	Precision@40:0.015148698498002981	Recall@80:0.478469369056137	NDCG@80:0.1765000632422403	Precision@80:0.010214599816933722	
Test: time=3s
Recall@20:0.26111305497231696	NDCG@20:0.1515915442979509	Precision@20:0.037968908543923534	Recall@40:0.37087371197049784	NDCG@40:0.18117752926057157	Precision@40:0.02770361686002648	Recall@80:0.49576922613609964	NDCG@80:0.20967269644780753	Precision@80:0.019039371602637578	
U-B Train Epoch: 157 [2048/34416 (6%)]	Loss: 0.257416
Train Epoch: 157: time = 11s
U-B Train Epoch: 158 [2048/34416 (6%)]	Loss: 0.230746
Train Epoch: 158: time = 11s
U-B Train Epoch: 159 [2048/34416 (6%)]	Loss: 0.257943
Train Epoch: 159: time = 10s
U-B Train Epoch: 160 [2048/34416 (6%)]	Loss: 0.262469
Train Epoch: 160: time = 10s
U-B Train Epoch: 161 [2048/34416 (6%)]	Loss: 0.288992
Train Epoch: 161: time = 11s
Test: time=3s
Recall@20:0.27150984928792454	NDCG@20:0.13255603992685186	Precision@20:0.02167962265401404	Recall@40:0.3688353409272426	NDCG@40:0.15515113771263914	Precision@40:0.015216289158002796	Recall@80:0.4791926325636564	NDCG@80:0.17703932916525852	Precision@80:0.01022304816598947	
Test: time=3s
Recall@20:0.26765950864615895	NDCG@20:0.15466834065397675	Precision@20:0.03927002520366229	Recall@40:0.3763898028921299	NDCG@40:0.1839360388278478	Precision@40:0.028311930221655596	Recall@80:0.4966338152174774	NDCG@80:0.2118375571284112	Precision@80:0.0194195679371	
U-B Train Epoch: 162 [2048/34416 (6%)]	Loss: 0.323704
Train Epoch: 162: time = 10s
U-B Train Epoch: 163 [2048/34416 (6%)]	Loss: 0.214944
Train Epoch: 163: time = 10s
U-B Train Epoch: 164 [2048/34416 (6%)]	Loss: 0.218707
Train Epoch: 164: time = 10s
U-B Train Epoch: 165 [2048/34416 (6%)]	Loss: 0.293652
Train Epoch: 165: time = 10s
U-B Train Epoch: 166 [2048/34416 (6%)]	Loss: 0.330224
Train Epoch: 166: time = 11s
Test: time=3s
Recall@20:0.2699355434509257	NDCG@20:0.1315574994075939	Precision@20:0.0215275433467183	Recall@40:0.3713709143780099	NDCG@40:0.15505322929812912	Precision@40:0.015258533481650757	Recall@80:0.4853622472620607	NDCG@80:0.17732845975483297	Precision@80:0.010235721978757703	
Test: time=3s
Recall@20:0.26704485636379477	NDCG@20:0.1549418798448589	Precision@20:0.03928692190177378	Recall@40:0.3775115739900383	NDCG@40:0.1845114715359589	Precision@40:0.028320378893007495	Recall@80:0.4991043054723143	NDCG@80:0.2125979233690515	Precision@80:0.019402670272100048	
