nohup: ignoring input
>>>>>>>>>>B-I statistics>>>>>>>>>>
Average interactions 37.02934265136719
Non-zero rows 1.0
Non-zero columns 0.8566981995727799
Matrix density 0.0011299769286862884
finish loading assist data
>>>>>>>>>>U-I statistics>>>>>>>>>>
Average interactions 17.230377197265625
Non-zero rows 0.9958950118173903
Non-zero columns 0.641867561794324
Matrix density 0.0005257972814327529
finish loading item data
>>>>>>>>>>U-B statistics in train>>>>>>>>>>
Average interactions 4.281129360198975
Non-zero rows 0.3680806070406767
Non-zero columns 0.8645986166422134
Matrix density 0.0008973233061660289
finish loading bundle train data
>>>>>>>>>>U-B statistics in test>>>>>>>>>>
Average interactions 1.2123398780822754
Non-zero rows 0.3680806070406767
Non-zero columns 0.5017815971494446
Matrix density 0.0002541060245785134
finish loading bundle test data
>>>>>>>>>>B-I statistics>>>>>>>>>>
Average interactions 37.02934265136719
Non-zero rows 1.0
Non-zero columns 0.8566981995727799
Matrix density 0.0011299769286862884
finish loading assist data
>>>>>>>>>>U-I statistics>>>>>>>>>>
Average interactions 17.230377197265625
Non-zero rows 0.9958950118173903
Non-zero columns 0.641867561794324
Matrix density 0.0005257972814327529
finish loading item data
>>>>>>>>>>U-B statistics in train>>>>>>>>>>
Average interactions 4.281129360198975
Non-zero rows 0.3680806070406767
Non-zero columns 0.8645986166422134
Matrix density 0.0008973233061660289
finish loading bundle train data
>>>>>>>>>>U-B statistics in test>>>>>>>>>>
Average interactions 0.6454783082008362
Non-zero rows 0.3680806070406767
Non-zero columns 0.34835464263257176
Matrix density 0.00013529203381263145
finish loading bundle test data
IHGCN model
/data/lzm/IHBR - 副本/model/IHGCN.py:169: UserWarning: Creating a tensor from a list of numpy.ndarrays is extremely slow. Please consider converting the list to a single numpy.ndarray with numpy.array() before converting to a tensor. (Triggered internally at  /opt/conda/conda-bld/pytorch_1640811805959/work/torch/csrc/utils/tensor_new.cpp:201.)
  ub_indices = torch.tensor([ub_graph_coo.row, ub_graph_coo.col], dtype=torch.long)
finish generating bi, ui graph
finish generating non-atom graph
U-B Train Epoch: 1 [2048/34416 (6%)]	Loss: 0.950922
Train Epoch: 1: time = 13s
Test: time=3s
Recall@20:0.19035375452637873	NDCG@20:0.08967026829437534	Precision@20:0.01402500844880027	Recall@40:0.2708254933719822	NDCG@40:0.10803725696085434	Precision@40:0.010383575661192879	Recall@80:0.3679575866926115	NDCG@80:0.12658609414108704	Precision@80:0.007253294742038904	
Test: time=3s
Recall@20:0.19496101670750254	NDCG@20:0.10611892705352051	Precision@20:0.024366340753233646	Recall@40:0.2737584966548031	NDCG@40:0.12674464322135592	Precision@40:0.018088881894518048	Recall@80:0.3786969998673274	NDCG@80:0.15042116320507878	Precision@80:0.013251943095143721	
U-B Train Epoch: 2 [2048/34416 (6%)]	Loss: 0.947530
Train Epoch: 2: time = 8s
U-B Train Epoch: 3 [2048/34416 (6%)]	Loss: 0.900280
Train Epoch: 3: time = 8s
U-B Train Epoch: 4 [2048/34416 (6%)]	Loss: 0.880955
Train Epoch: 4: time = 8s
U-B Train Epoch: 5 [2048/34416 (6%)]	Loss: 0.851548
Train Epoch: 5: time = 9s
U-B Train Epoch: 6 [2048/34416 (6%)]	Loss: 0.650307
Train Epoch: 6: time = 9s
Test: time=3s
Recall@20:0.16162930585597568	NDCG@20:0.06820226078220379	Precision@20:0.013839135100689237	Recall@40:0.2534845319298644	NDCG@40:0.08934736493553169	Precision@40:0.01087360601241462	Recall@80:0.3607196659605098	NDCG@80:0.10996942755417793	Precision@80:0.007781345242380733	
Test: time=3s
Recall@20:0.14122134586087995	NDCG@20:0.06779144663551281	Precision@20:0.023639743414308703	Recall@40:0.24043937598019285	NDCG@40:0.09390359603299124	Precision@40:0.019271713287776368	Recall@80:0.3699587828084076	NDCG@80:0.12276602871073948	Precision@80:0.01462064944799384	
U-B Train Epoch: 7 [2048/34416 (6%)]	Loss: 0.644348
Train Epoch: 7: time = 8s
U-B Train Epoch: 8 [2048/34416 (6%)]	Loss: 0.591536
Train Epoch: 8: time = 9s
U-B Train Epoch: 9 [2048/34416 (6%)]	Loss: 0.612010
Train Epoch: 9: time = 8s
U-B Train Epoch: 10 [2048/34416 (6%)]	Loss: 0.556041
Train Epoch: 10: time = 8s
U-B Train Epoch: 11 [2048/34416 (6%)]	Loss: 0.594780
Train Epoch: 11: time = 9s
Test: time=3s
Recall@20:0.21938061754459381	NDCG@20:0.10094478719336795	Precision@20:0.01831699924398089	Recall@40:0.3075789863815901	NDCG@40:0.12153425148992612	Precision@40:0.013205475080412117	Recall@80:0.4173075633098967	NDCG@80:0.1426271243287164	Precision@80:0.008972625790435182	
Test: time=3s
Recall@20:0.2086560248361725	NDCG@20:0.10826775285592552	Precision@20:0.03215613370007782	Recall@40:0.3126952856849601	NDCG@40:0.1354513242463076	Precision@40:0.02366509007295671	Recall@80:0.43232048939675566	NDCG@80:0.16250942703355362	Precision@80:0.01667793218490843	
U-B Train Epoch: 12 [2048/34416 (6%)]	Loss: 0.645839
Train Epoch: 12: time = 9s
U-B Train Epoch: 13 [2048/34416 (6%)]	Loss: 0.608151
Train Epoch: 13: time = 9s
U-B Train Epoch: 14 [2048/34416 (6%)]	Loss: 0.583146
Train Epoch: 14: time = 8s
U-B Train Epoch: 15 [2048/34416 (6%)]	Loss: 0.516666
Train Epoch: 15: time = 9s
U-B Train Epoch: 16 [2048/34416 (6%)]	Loss: 0.479207
Train Epoch: 16: time = 9s
Test: time=3s
Recall@20:0.22911751951144813	NDCG@20:0.1104049734184572	Precision@20:0.019246366951424513	Recall@40:0.3267081397012425	NDCG@40:0.1327425462646072	Precision@40:0.013788442105689375	Recall@80:0.43473557565372595	NDCG@80:0.15367625121451503	Precision@80:0.009314802781517903	
Test: time=3s
Recall@20:0.23192629696509853	NDCG@20:0.12665622836232548	Precision@20:0.03511321443929669	Recall@40:0.3361536240650214	NDCG@40:0.1544306717357268	Precision@40:0.025447786156492243	Recall@80:0.45091812221453614	NDCG@80:0.18055212002180845	Precision@80:0.01751436321829654	
U-B Train Epoch: 17 [2048/34416 (6%)]	Loss: 0.623313
Train Epoch: 17: time = 9s
U-B Train Epoch: 18 [2048/34416 (6%)]	Loss: 0.524075
Train Epoch: 18: time = 9s
U-B Train Epoch: 19 [2048/34416 (6%)]	Loss: 0.603898
Train Epoch: 19: time = 10s
U-B Train Epoch: 20 [2048/34416 (6%)]	Loss: 0.571130
Train Epoch: 20: time = 10s
U-B Train Epoch: 21 [2048/34416 (6%)]	Loss: 0.536564
Train Epoch: 21: time = 9s
Test: time=3s
Recall@20:0.21359519017391326	NDCG@20:0.09537464076097288	Precision@20:0.017995945542758685	Recall@40:0.3235356729551923	NDCG@40:0.12075543443912508	Precision@40:0.013788442750281682	Recall@80:0.438103152755629	NDCG@80:0.1425955109436716	Precision@80:0.009323251291721726	
Test: time=3s
Recall@20:0.22033929131892374	NDCG@20:0.11918334342128886	Precision@20:0.03389658836063077	Recall@40:0.3314782980931454	NDCG@40:0.14849318246174278	Precision@40:0.02515207879162189	Recall@80:0.46174274533533816	NDCG@80:0.17774411607892499	Precision@80:0.017734031574111325	
U-B Train Epoch: 22 [2048/34416 (6%)]	Loss: 0.479675
Train Epoch: 22: time = 9s
U-B Train Epoch: 23 [2048/34416 (6%)]	Loss: 0.545860
Train Epoch: 23: time = 9s
U-B Train Epoch: 24 [2048/34416 (6%)]	Loss: 0.600708
Train Epoch: 24: time = 9s
U-B Train Epoch: 25 [2048/34416 (6%)]	Loss: 0.579795
Train Epoch: 25: time = 9s
U-B Train Epoch: 26 [2048/34416 (6%)]	Loss: 0.500938
Train Epoch: 26: time = 9s
Test: time=3s
Recall@20:0.24454838377916155	NDCG@20:0.11882308335995585	Precision@20:0.02014194029575669	Recall@40:0.34489236195452433	NDCG@40:0.14188702922690838	Precision@40:0.014422102125966497	Recall@80:0.4503799340498532	NDCG@80:0.16240934763215772	Precision@80:0.009618959140036307	
Test: time=3s
Recall@20:0.24298238544779963	NDCG@20:0.13773399319508545	Precision@20:0.036650896475257884	Recall@40:0.34101477826354715	NDCG@40:0.16433162760114137	Precision@40:0.026258870853528495	Recall@80:0.4664328505196012	NDCG@80:0.19236620780220304	Precision@80:0.0181015549015459	
U-B Train Epoch: 27 [2048/34416 (6%)]	Loss: 0.498652
Train Epoch: 27: time = 10s
U-B Train Epoch: 28 [2048/34416 (6%)]	Loss: 0.522973
Train Epoch: 28: time = 10s
U-B Train Epoch: 29 [2048/34416 (6%)]	Loss: 0.479543
Train Epoch: 29: time = 10s
U-B Train Epoch: 30 [2048/34416 (6%)]	Loss: 0.454857
Train Epoch: 30: time = 10s
U-B Train Epoch: 31 [2048/34416 (6%)]	Loss: 0.520211
Train Epoch: 31: time = 9s
Test: time=3s
Recall@20:0.23628920709494602	NDCG@20:0.10789708907477716	Precision@20:0.019685705274534854	Recall@40:0.3388044042094167	NDCG@40:0.13152588860091827	Precision@40:0.014362961748799346	Recall@80:0.45249440308235994	NDCG@80:0.15334985029782022	Precision@80:0.009627407972536283	
Test: time=3s
Recall@20:0.2479662236107004	NDCG@20:0.14213666435672287	Precision@20:0.03717472183418338	Recall@40:0.348006815393054	NDCG@40:0.16927959806977916	Precision@40:0.026622170167583274	Recall@80:0.4610114785697501	NDCG@80:0.19531569202109825	Precision@80:0.018181818890869717	
U-B Train Epoch: 32 [2048/34416 (6%)]	Loss: 0.606686
Train Epoch: 32: time = 9s
U-B Train Epoch: 33 [2048/34416 (6%)]	Loss: 0.498902
Train Epoch: 33: time = 9s
U-B Train Epoch: 34 [2048/34416 (6%)]	Loss: 0.475061
Train Epoch: 34: time = 9s
U-B Train Epoch: 35 [2048/34416 (6%)]	Loss: 0.521454
Train Epoch: 35: time = 10s
U-B Train Epoch: 36 [2048/34416 (6%)]	Loss: 0.550975
Train Epoch: 36: time = 10s
Test: time=3s
Recall@20:0.2541792013226993	NDCG@20:0.12390864334544768	Precision@20:0.020750253657385802	Recall@40:0.34491194724714325	NDCG@40:0.1451114526911739	Precision@40:0.014540384814077715	Recall@80:0.45570387458350053	NDCG@80:0.16664816085129583	Precision@80:0.009775262138415688	
Test: time=3s
Recall@20:0.24653769876957746	NDCG@20:0.14201050990737343	Precision@20:0.037461981816886446	Recall@40:0.34815282844216006	NDCG@40:0.16945946510678492	Precision@40:0.02690098018974982	Recall@80:0.46803061435979215	NDCG@80:0.19644319225542042	Precision@80:0.018291652907629036	
U-B Train Epoch: 37 [2048/34416 (6%)]	Loss: 0.462008
Train Epoch: 37: time = 9s
U-B Train Epoch: 38 [2048/34416 (6%)]	Loss: 0.453702
Train Epoch: 38: time = 10s
U-B Train Epoch: 39 [2048/34416 (6%)]	Loss: 0.569196
Train Epoch: 39: time = 9s
U-B Train Epoch: 40 [2048/34416 (6%)]	Loss: 0.612096
Train Epoch: 40: time = 9s
U-B Train Epoch: 41 [2048/34416 (6%)]	Loss: 0.613674
Train Epoch: 41: time = 9s
Test: time=3s
Recall@20:0.25579936087796235	NDCG@20:0.12268626428045265	Precision@20:0.020919230951977646	Recall@40:0.3490664890465925	NDCG@40:0.14432149966369814	Precision@40:0.014675566134077344	Recall@80:0.4555396015235563	NDCG@80:0.16510830976222568	Precision@80:0.009766812983619559	
Test: time=3s
Recall@20:0.24929555858780944	NDCG@20:0.1458251272435525	Precision@20:0.03751267320040554	Recall@40:0.3495862573415454	NDCG@40:0.17295060797533743	Precision@40:0.026867184859749916	Recall@80:0.4686268570859032	NDCG@80:0.2001776352006062	Precision@80:0.018409936562628713	
U-B Train Epoch: 42 [2048/34416 (6%)]	Loss: 0.591642
Train Epoch: 42: time = 9s
U-B Train Epoch: 43 [2048/34416 (6%)]	Loss: 0.555213
Train Epoch: 43: time = 9s
U-B Train Epoch: 44 [2048/34416 (6%)]	Loss: 0.509406
Train Epoch: 44: time = 9s
U-B Train Epoch: 45 [2048/34416 (6%)]	Loss: 0.471610
Train Epoch: 45: time = 10s
U-B Train Epoch: 46 [2048/34416 (6%)]	Loss: 0.501078
Train Epoch: 46: time = 9s
Test: time=3s
Recall@20:0.25680718868316205	NDCG@20:0.12446833253108235	Precision@20:0.020851639647385525	Recall@40:0.3503289720664841	NDCG@40:0.14641259062245876	Precision@40:0.014793848822188562	Recall@80:0.46110173180603664	NDCG@80:0.16786747165691535	Precision@80:0.009872423309295232	
Test: time=3s
Recall@20:0.25187636179148887	NDCG@20:0.14869137654718656	Precision@20:0.037884421830404524	Recall@40:0.35420847406416334	NDCG@40:0.1762222723205092	Precision@40:0.02710375216974927	Recall@80:0.4690645713586991	NDCG@80:0.20259099395019697	Precision@80:0.01843105888560077	
U-B Train Epoch: 47 [2048/34416 (6%)]	Loss: 0.599384
Train Epoch: 47: time = 9s
U-B Train Epoch: 48 [2048/34416 (6%)]	Loss: 0.430204
Train Epoch: 48: time = 10s
U-B Train Epoch: 49 [2048/34416 (6%)]	Loss: 0.527155
Train Epoch: 49: time = 9s
U-B Train Epoch: 50 [2048/34416 (6%)]	Loss: 0.450330
Train Epoch: 50: time = 9s
U-B Train Epoch: 51 [2048/34416 (6%)]	Loss: 0.437758
Train Epoch: 51: time = 9s
Test: time=3s
Recall@20:0.26002805141953045	NDCG@20:0.12638109573926343	Precision@20:0.021138899307792433	Recall@40:0.3527642469544715	NDCG@40:0.14803842774675116	Precision@40:0.01486988847583643	Recall@80:0.46582221017974823	NDCG@80:0.1699617649502511	Precision@80:0.009969584319026698	
Test: time=3s
Recall@20:0.25317274005318785	NDCG@20:0.15062212903743744	Precision@20:0.03779993382770091	Recall@40:0.3553619848872085	NDCG@40:0.1782872598692548	Precision@40:0.027205137515156685	Recall@80:0.4727676252369624	NDCG@80:0.2051208692049811	Precision@80:0.01852399491506398	
U-B Train Epoch: 52 [2048/34416 (6%)]	Loss: 0.430753
Train Epoch: 52: time = 9s
U-B Train Epoch: 53 [2048/34416 (6%)]	Loss: 0.445614
Train Epoch: 53: time = 9s
U-B Train Epoch: 54 [2048/34416 (6%)]	Loss: 0.456231
Train Epoch: 54: time = 9s
U-B Train Epoch: 55 [2048/34416 (6%)]	Loss: 0.481342
Train Epoch: 55: time = 9s
U-B Train Epoch: 56 [2048/34416 (6%)]	Loss: 0.519518
Train Epoch: 56: time = 9s
Test: time=3s
Recall@20:0.26010879047338364	NDCG@20:0.126614023036512	Precision@20:0.02090233199779308	Recall@40:0.35515941788756233	NDCG@40:0.14873522687256438	Precision@40:0.014785401117725121	Recall@80:0.4635866093611387	NDCG@80:0.17004850902602495	Precision@80:0.009940013646998893	
Test: time=3s
Recall@20:0.25090556968181027	NDCG@20:0.15010210548393144	Precision@20:0.03759716249229377	Recall@40:0.3577379160291563	NDCG@40:0.17870659552622825	Precision@40:0.0272558308324527	Recall@80:0.4740871417840698	NDCG@80:0.2054239152532528	Precision@80:0.01857046357438789	
U-B Train Epoch: 57 [2048/34416 (6%)]	Loss: 0.482759
Train Epoch: 57: time = 9s
U-B Train Epoch: 58 [2048/34416 (6%)]	Loss: 0.504032
Train Epoch: 58: time = 9s
U-B Train Epoch: 59 [2048/34416 (6%)]	Loss: 0.554787
Train Epoch: 59: time = 9s
U-B Train Epoch: 60 [2048/34416 (6%)]	Loss: 0.503348
Train Epoch: 60: time = 9s
U-B Train Epoch: 61 [2048/34416 (6%)]	Loss: 0.437422
Train Epoch: 61: time = 9s
Test: time=3s
Recall@20:0.2592747705375153	NDCG@20:0.1254449698037898	Precision@20:0.02098682032279285	Recall@40:0.3557018655182019	NDCG@40:0.14787537941218792	Precision@40:0.014878337469484484	Recall@80:0.46546411594856263	NDCG@80:0.1693979710008132	Precision@80:0.009961135808822874	
Test: time=3s
Recall@20:0.25398937146701533	NDCG@20:0.1508708153273778	Precision@20:0.03790131981770063	Recall@40:0.3595285779844067	NDCG@40:0.17912584867538653	Precision@40:0.027306522860564102	Recall@80:0.4761841604136744	NDCG@80:0.2059238919860489	Precision@80:0.018604258259795493	
U-B Train Epoch: 62 [2048/34416 (6%)]	Loss: 0.452996
Train Epoch: 62: time = 9s
U-B Train Epoch: 63 [2048/34416 (6%)]	Loss: 0.606604
Train Epoch: 63: time = 9s
U-B Train Epoch: 64 [2048/34416 (6%)]	Loss: 0.592255
Train Epoch: 64: time = 9s
U-B Train Epoch: 65 [2048/34416 (6%)]	Loss: 0.560784
Train Epoch: 65: time = 9s
U-B Train Epoch: 66 [2048/34416 (6%)]	Loss: 0.475393
Train Epoch: 66: time = 9s
Test: time=3s
Recall@20:0.25928282536296837	NDCG@20:0.12605847213348048	Precision@20:0.020513686991978756	Recall@40:0.3617490540891533	NDCG@40:0.14997545340932192	Precision@40:0.014929030142188193	Recall@80:0.4634026169333759	NDCG@80:0.17014686607677978	Precision@80:0.009927340639971043	
Test: time=3s
Recall@20:0.25479603490542624	NDCG@20:0.152265416564632	Precision@20:0.037918215871219824	Recall@40:0.36052912963165873	NDCG@40:0.18056189719790258	Precision@40:0.027281176846508402	Recall@80:0.47831353242029084	NDCG@80:0.2076434425181253	Precision@80:0.01866340024844341	
U-B Train Epoch: 67 [2048/34416 (6%)]	Loss: 0.414757
Train Epoch: 67: time = 9s
U-B Train Epoch: 68 [2048/34416 (6%)]	Loss: 0.468984
Train Epoch: 68: time = 9s
U-B Train Epoch: 69 [2048/34416 (6%)]	Loss: 0.508623
Train Epoch: 69: time = 9s
U-B Train Epoch: 70 [2048/34416 (6%)]	Loss: 0.402689
Train Epoch: 70: time = 9s
U-B Train Epoch: 71 [2048/34416 (6%)]	Loss: 0.391566
Train Epoch: 71: time = 8s
Test: time=3s
Recall@20:0.26261165473218623	NDCG@20:0.12781481083763255	Precision@20:0.020750253979681957	Recall@40:0.36076338994579565	NDCG@40:0.1508535479886905	Precision@40:0.014988171808539955	Recall@80:0.4637828129455422	NDCG@80:0.17122379933389792	Precision@80:0.009940013969295046	
Test: time=3s
Recall@20:0.25157232049269707	NDCG@20:0.15040134070249134	Precision@20:0.037580264504997664	Recall@40:0.3621367789394511	NDCG@40:0.17978663829662947	Precision@40:0.027255830187860396	Recall@80:0.48024510225358547	NDCG@80:0.20692358245798043	Precision@80:0.01865917623506361	
U-B Train Epoch: 72 [2048/34416 (6%)]	Loss: 0.389113
Train Epoch: 72: time = 9s
U-B Train Epoch: 73 [2048/34416 (6%)]	Loss: 0.558789
Train Epoch: 73: time = 9s
U-B Train Epoch: 74 [2048/34416 (6%)]	Loss: 0.426088
Train Epoch: 74: time = 9s
U-B Train Epoch: 75 [2048/34416 (6%)]	Loss: 0.428931
Train Epoch: 75: time = 9s
U-B Train Epoch: 76 [2048/34416 (6%)]	Loss: 0.412191
Train Epoch: 76: time = 9s
Test: time=3s
Recall@20:0.2610720846853614	NDCG@20:0.1266315533688601	Precision@20:0.02061507330427463	Recall@40:0.3611990879338591	NDCG@40:0.1500500172688857	Precision@40:0.01491213247718824	Recall@80:0.46841047002722097	NDCG@80:0.17113064543223533	Precision@80:0.009973809138146878	
Test: time=3s
Recall@20:0.2562932010920074	NDCG@20:0.1523830288767452	Precision@20:0.03790131917310833	Recall@40:0.3648809837142774	NDCG@40:0.18144620049036045	Precision@40:0.027500844880027037	Recall@80:0.4826122411564823	NDCG@80:0.20845659829024005	Precision@80:0.018722542237091324	
U-B Train Epoch: 77 [2048/34416 (6%)]	Loss: 0.540602
Train Epoch: 77: time = 9s
U-B Train Epoch: 78 [2048/34416 (6%)]	Loss: 0.576203
Train Epoch: 78: time = 9s
U-B Train Epoch: 79 [2048/34416 (6%)]	Loss: 0.449959
Train Epoch: 79: time = 9s
U-B Train Epoch: 80 [2048/34416 (6%)]	Loss: 0.511959
Train Epoch: 80: time = 10s
U-B Train Epoch: 81 [2048/34416 (6%)]	Loss: 0.529678
Train Epoch: 81: time = 9s
Test: time=3s
Recall@20:0.25952877084642456	NDCG@20:0.12560265770873816	Precision@20:0.020496789971571106	Recall@40:0.3591788737666732	NDCG@40:0.14895281287293533	Precision@40:0.014793849789077022	Recall@80:0.4680486629443541	NDCG@80:0.17040800846843712	Precision@80:0.009961135647674797	
Test: time=3s
Recall@20:0.2530240403433513	NDCG@20:0.14967369654566182	Precision@20:0.03712402851688737	Recall@40:0.36209010014303555	NDCG@40:0.1789747407686956	Precision@40:0.027222034857860487	Recall@80:0.4850647756480494	NDCG@80:0.20709139304049878	Precision@80:0.018739439902091277	
U-B Train Epoch: 82 [2048/34416 (6%)]	Loss: 0.569433
Train Epoch: 82: time = 10s
U-B Train Epoch: 83 [2048/34416 (6%)]	Loss: 0.406549
Train Epoch: 83: time = 9s
U-B Train Epoch: 84 [2048/34416 (6%)]	Loss: 0.380806
Train Epoch: 84: time = 9s
U-B Train Epoch: 85 [2048/34416 (6%)]	Loss: 0.355929
Train Epoch: 85: time = 9s
U-B Train Epoch: 86 [2048/34416 (6%)]	Loss: 0.452788
Train Epoch: 86: time = 9s
Test: time=3s
Recall@20:0.25530853735590836	NDCG@20:0.11952502633236921	Precision@20:0.020547482644274816	Recall@40:0.3616354820816128	NDCG@40:0.14416396388253394	Precision@40:0.01505576246853977	Recall@80:0.4730414893023667	NDCG@80:0.16579197725358547	Precision@80:0.010045623650378414	
Test: time=3s
Recall@20:0.25399796259326685	NDCG@20:0.15056292710170507	Precision@20:0.037309901220406096	Recall@40:0.364200278769155	NDCG@40:0.1801004258310847	Precision@40:0.027357216177860116	Recall@80:0.48514266302554176	NDCG@80:0.20773858434245893	Precision@80:0.01874366359317492	
U-B Train Epoch: 87 [2048/34416 (6%)]	Loss: 0.351316
Train Epoch: 87: time = 9s
U-B Train Epoch: 88 [2048/34416 (6%)]	Loss: 0.474696
Train Epoch: 88: time = 9s
U-B Train Epoch: 89 [2048/34416 (6%)]	Loss: 0.571827
Train Epoch: 89: time = 9s
U-B Train Epoch: 90 [2048/34416 (6%)]	Loss: 0.486171
Train Epoch: 90: time = 9s
U-B Train Epoch: 91 [2048/34416 (6%)]	Loss: 0.522274
Train Epoch: 91: time = 9s
Test: time=3s
Recall@20:0.2626773618934686	NDCG@20:0.12675929351528176	Precision@20:0.020699561306978247	Recall@40:0.3652205755679178	NDCG@40:0.1506855466068496	Precision@40:0.015038864803539817	Recall@80:0.46694561596374407	NDCG@80:0.1707981002616818	Precision@80:0.009961135808822874	
Test: time=3s
Recall@20:0.2538897278100182	NDCG@20:0.14904246277082364	Precision@20:0.03705643850147986	Recall@40:0.36425370773619675	NDCG@40:0.17869704524662577	Precision@40:0.027306522215971796	Recall@80:0.48626700733593486	NDCG@80:0.20648939539428174	Precision@80:0.018730990263850916	
U-B Train Epoch: 92 [2048/34416 (6%)]	Loss: 0.522727
Train Epoch: 92: time = 9s
U-B Train Epoch: 93 [2048/34416 (6%)]	Loss: 0.409602
Train Epoch: 93: time = 9s
U-B Train Epoch: 94 [2048/34416 (6%)]	Loss: 0.454885
Train Epoch: 94: time = 9s
U-B Train Epoch: 95 [2048/34416 (6%)]	Loss: 0.342905
Train Epoch: 95: time = 9s
U-B Train Epoch: 96 [2048/34416 (6%)]	Loss: 0.385441
Train Epoch: 96: time = 9s
Test: time=3s
Recall@20:0.26146501784148996	NDCG@20:0.12678328524090302	Precision@20:0.020648867989682233	Recall@40:0.3641982779546379	NDCG@40:0.1507533680308949	Precision@40:0.015005069151243756	Recall@80:0.4698356481450923	NDCG@80:0.1714971631956729	Precision@80:0.009982257648350703	
Test: time=3s
Recall@20:0.25483193611848914	NDCG@20:0.15087397125130692	Precision@20:0.037309901220406096	Recall@40:0.3672879377947179	NDCG@40:0.18095542337895246	Precision@40:0.027475498865971334	Recall@80:0.4849488418543004	NDCG@80:0.20807023997563048	Precision@80:0.01878168358114693	
U-B Train Epoch: 97 [2048/34416 (6%)]	Loss: 0.488940
Train Epoch: 97: time = 9s
U-B Train Epoch: 98 [2048/34416 (6%)]	Loss: 0.410341
Train Epoch: 98: time = 9s
U-B Train Epoch: 99 [2048/34416 (6%)]	Loss: 0.374329
Train Epoch: 99: time = 9s
U-B Train Epoch: 100 [2048/34416 (6%)]	Loss: 0.429136
Train Epoch: 100: time = 9s
U-B Train Epoch: 101 [2048/34416 (6%)]	Loss: 0.435805
Train Epoch: 101: time = 9s
Test: time=3s
Recall@20:0.26244118842936803	NDCG@20:0.1271058675927784	Precision@20:0.020733356314682	Recall@40:0.36313614453686055	NDCG@40:0.1506987452789028	Precision@40:0.014971273821243847	Recall@80:0.47180568724719607	NDCG@80:0.17199992198886077	Precision@80:0.010011828481526583	
Test: time=3s
Recall@20:0.2530859521451372	NDCG@20:0.1515255277323618	Precision@20:0.03746198117229414	Recall@40:0.3692105194329007	NDCG@40:0.18221655017663274	Precision@40:0.027509293551378936	Recall@80:0.48994915579653703	NDCG@80:0.20999098065818794	Precision@80:0.018912639920878306	
U-B Train Epoch: 102 [2048/34416 (6%)]	Loss: 0.381569
Train Epoch: 102: time = 9s
U-B Train Epoch: 103 [2048/34416 (6%)]	Loss: 0.375321
Train Epoch: 103: time = 9s
U-B Train Epoch: 104 [2048/34416 (6%)]	Loss: 0.385005
Train Epoch: 104: time = 9s
U-B Train Epoch: 105 [2048/34416 (6%)]	Loss: 0.396416
Train Epoch: 105: time = 9s
U-B Train Epoch: 106 [2048/34416 (6%)]	Loss: 0.356444
Train Epoch: 106: time = 9s
Test: time=3s
Recall@20:0.26294530602313654	NDCG@20:0.12844222089091278	Precision@20:0.02080094729697797	Recall@40:0.366020009259027	NDCG@40:0.1524588535588591	Precision@40:0.015064210817595517	Recall@80:0.47604096810049845	NDCG@80:0.1739378475022904	Precision@80:0.010070969986730268	
Test: time=3s
Recall@20:0.256998983256194	NDCG@20:0.15137620147880407	Precision@20:0.03771544518040499	Recall@40:0.36796448125191417	NDCG@40:0.1809979510009188	Precision@40:0.02754308952597115	Recall@80:0.4894462809767341	NDCG@80:0.20876149560761395	Precision@80:0.01887039624182265	
U-B Train Epoch: 107 [2048/34416 (6%)]	Loss: 0.394923
Train Epoch: 107: time = 9s
U-B Train Epoch: 108 [2048/34416 (6%)]	Loss: 0.301726
Train Epoch: 108: time = 9s
U-B Train Epoch: 109 [2048/34416 (6%)]	Loss: 0.327171
Train Epoch: 109: time = 10s
U-B Train Epoch: 110 [2048/34416 (6%)]	Loss: 0.314834
Train Epoch: 110: time = 9s
U-B Train Epoch: 111 [2048/34416 (6%)]	Loss: 0.354213
Train Epoch: 111: time = 8s
Test: time=3s
Recall@20:0.2632571133700284	NDCG@20:0.12780523735270705	Precision@20:0.020834741660089418	Recall@40:0.36574213840784997	NDCG@40:0.15174168531618315	Precision@40:0.01506421113989167	Recall@80:0.47439571069921743	NDCG@80:0.1730285391851066	Precision@80:0.010066745651054318	
Test: time=3s
Recall@20:0.2516860317321757	NDCG@20:0.14890267906176072	Precision@20:0.037580264504997664	Recall@40:0.3629250018811782	NDCG@40:0.1784056740541964	Precision@40:0.02730652350515641	Recall@80:0.48679736757165637	NDCG@80:0.2068014090107115	Precision@80:0.01884082492520254	
U-B Train Epoch: 112 [2048/34416 (6%)]	Loss: 0.421320
Train Epoch: 112: time = 9s
U-B Train Epoch: 113 [2048/34416 (6%)]	Loss: 0.301800
Train Epoch: 113: time = 9s
U-B Train Epoch: 114 [2048/34416 (6%)]	Loss: 0.346434
Train Epoch: 114: time = 9s
U-B Train Epoch: 115 [2048/34416 (6%)]	Loss: 0.305005
Train Epoch: 115: time = 9s
U-B Train Epoch: 116 [2048/34416 (6%)]	Loss: 0.317992
Train Epoch: 116: time = 9s
Test: time=3s
Recall@20:0.26577055409938427	NDCG@20:0.13057703841332852	Precision@20:0.020953025315089094	Recall@40:0.3655112041900109	NDCG@40:0.15394353528166188	Precision@40:0.015081109127187776	Recall@80:0.4806285263840191	NDCG@80:0.17634220000818476	Precision@80:0.01014278514355411	
Test: time=3s
Recall@20:0.24682565620115537	NDCG@20:0.14181833373569644	Precision@20:0.03683677046796122	Recall@40:0.3530176336115057	NDCG@40:0.17039315964008112	Precision@40:0.026917877532453623	Recall@80:0.4807283814672926	NDCG@80:0.1991691731165776	Precision@80:0.018574687587767688	
U-B Train Epoch: 117 [2048/34416 (6%)]	Loss: 0.369764
Train Epoch: 117: time = 9s
U-B Train Epoch: 118 [2048/34416 (6%)]	Loss: 0.369987
Train Epoch: 118: time = 9s
U-B Train Epoch: 119 [2048/34416 (6%)]	Loss: 0.307016
Train Epoch: 119: time = 9s
U-B Train Epoch: 120 [2048/34416 (6%)]	Loss: 0.428495
Train Epoch: 120: time = 9s
U-B Train Epoch: 121 [2048/34416 (6%)]	Loss: 0.386045
Train Epoch: 121: time = 9s
Test: time=3s
Recall@20:0.26594704347270776	NDCG@20:0.1289994632041547	Precision@20:0.021071308325496467	Recall@40:0.36664616106812636	NDCG@40:0.15254365612260792	Precision@40:0.015148699142595286	Recall@80:0.4769551650057293	NDCG@80:0.17412804606477325	Precision@80:0.010113214471526305	
Test: time=3s
Recall@20:0.26457080795942994	NDCG@20:0.15295504266726645	Precision@20:0.03856032520744115	Recall@40:0.3730235046613615	NDCG@40:0.18195850440641237	Precision@40:0.02786414483867412	Recall@80:0.4878167206872835	NDCG@80:0.20863434590774438	Precision@80:0.01897600624520217	
U-B Train Epoch: 122 [2048/34416 (6%)]	Loss: 0.364042
Train Epoch: 122: time = 9s
U-B Train Epoch: 123 [2048/34416 (6%)]	Loss: 0.417547
Train Epoch: 123: time = 9s
U-B Train Epoch: 124 [2048/34416 (6%)]	Loss: 0.367626
Train Epoch: 124: time = 9s
U-B Train Epoch: 125 [2048/34416 (6%)]	Loss: 0.287130
Train Epoch: 125: time = 8s
U-B Train Epoch: 126 [2048/34416 (6%)]	Loss: 0.405970
Train Epoch: 126: time = 9s
Test: time=3s
Recall@20:0.26609723863669366	NDCG@20:0.13179927308964706	Precision@20:0.021071308325496467	Recall@40:0.36596125853790873	NDCG@40:0.15516808275517358	Precision@40:0.015089557153947372	Recall@80:0.4806735653376088	NDCG@80:0.17747142259314802	Precision@80:0.010130111814230106	
Test: time=3s
Recall@20:0.2622792719988937	NDCG@20:0.1530495347425558	Precision@20:0.03837445185933012	Recall@40:0.3739733552562099	NDCG@40:0.1828526699611487	Precision@40:0.02796552953948923	Recall@80:0.487968586634526	NDCG@80:0.20931970223094531	Precision@80:0.018946435895470518	
U-B Train Epoch: 127 [2048/34416 (6%)]	Loss: 0.463889
Train Epoch: 127: time = 10s
U-B Train Epoch: 128 [2048/34416 (6%)]	Loss: 0.294752
Train Epoch: 128: time = 9s
U-B Train Epoch: 129 [2048/34416 (6%)]	Loss: 0.401412
Train Epoch: 129: time = 9s
U-B Train Epoch: 130 [2048/34416 (6%)]	Loss: 0.305674
Train Epoch: 130: time = 8s
U-B Train Epoch: 131 [2048/34416 (6%)]	Loss: 0.282697
Train Epoch: 131: time = 9s
Test: time=3s
Recall@20:0.26896326620057454	NDCG@20:0.13083446021819686	Precision@20:0.021392362671310977	Recall@40:0.36930282505108886	NDCG@40:0.15419353653990606	Precision@40:0.015266982797594962	Recall@80:0.4806082500884484	NDCG@80:0.1759533226268442	Precision@80:0.010210375320109696	
Test: time=3s
Recall@20:0.26370192331492637	NDCG@20:0.15314522833790317	Precision@20:0.038695506527440776	Recall@40:0.3733714194908542	NDCG@40:0.1826461425863758	Precision@40:0.02811760691300805	Recall@80:0.488913868359111	NDCG@80:0.2093576300422176	Precision@80:0.019068942919257686	
U-B Train Epoch: 132 [2048/34416 (6%)]	Loss: 0.314674
Train Epoch: 132: time = 9s
U-B Train Epoch: 133 [2048/34416 (6%)]	Loss: 0.283197
Train Epoch: 133: time = 9s
U-B Train Epoch: 134 [2048/34416 (6%)]	Loss: 0.296816
Train Epoch: 134: time = 9s
U-B Train Epoch: 135 [2048/34416 (6%)]	Loss: 0.385869
Train Epoch: 135: time = 8s
U-B Train Epoch: 136 [2048/34416 (6%)]	Loss: 0.270303
Train Epoch: 136: time = 8s
Test: time=3s
Recall@20:0.2677312234077312	NDCG@20:0.1315938260515786	Precision@20:0.02113889866320013	Recall@40:0.3700270167715286	NDCG@40:0.15546773051280918	Precision@40:0.015241636138946956	Recall@80:0.48083036112680594	NDCG@80:0.1770978220494545	Precision@80:0.01016813164105404	
Test: time=3s
Recall@20:0.2639619054404333	NDCG@20:0.15411322033860547	Precision@20:0.038729300568256075	Recall@40:0.3753896483137383	NDCG@40:0.1839368432790454	Precision@40:0.028134505544896462	Recall@80:0.492070132632963	NDCG@80:0.21084558629393377	Precision@80:0.019022474259933777	
U-B Train Epoch: 137 [2048/34416 (6%)]	Loss: 0.250364
Train Epoch: 137: time = 9s
U-B Train Epoch: 138 [2048/34416 (6%)]	Loss: 0.258492
Train Epoch: 138: time = 9s
U-B Train Epoch: 139 [2048/34416 (6%)]	Loss: 0.250492
Train Epoch: 139: time = 9s
U-B Train Epoch: 140 [2048/34416 (6%)]	Loss: 0.268521
Train Epoch: 140: time = 9s
U-B Train Epoch: 141 [2048/34416 (6%)]	Loss: 0.323087
Train Epoch: 141: time = 9s
Test: time=3s
Recall@20:0.26729000770953026	NDCG@20:0.13017395937430692	Precision@20:0.02107130864779262	Recall@40:0.3687057778737802	NDCG@40:0.15386206397094934	Precision@40:0.015190942821650942	Recall@80:0.4825966884333284	NDCG@80:0.17602593208253686	Precision@80:0.010185028500313612	
Test: time=3s
Recall@20:0.2601890447938229	NDCG@20:0.15232459787341057	Precision@20:0.03835755451662631	Recall@40:0.3763963725769105	NDCG@40:0.18321743701188375	Precision@40:0.02810915695247154	Recall@80:0.49260157578375824	NDCG@80:0.20998462755642214	Precision@80:0.01900557659493382	
