nohup: ignoring input
>>>>>>>>>>B-I statistics>>>>>>>>>>
Average interactions 37.02934265136719
Non-zero rows 1.0
Non-zero columns 0.8566981995727799
Matrix density 0.0011299769286862884
finish loading assist data
>>>>>>>>>>U-I statistics>>>>>>>>>>
Average interactions 17.230377197265625
Non-zero rows 0.9958950118173903
Non-zero columns 0.641867561794324
Matrix density 0.0005257972814327529
finish loading item data
>>>>>>>>>>U-B statistics in train>>>>>>>>>>
Average interactions 4.281129360198975
Non-zero rows 0.3680806070406767
Non-zero columns 0.8645986166422134
Matrix density 0.0008973233061660289
finish loading bundle train data
>>>>>>>>>>U-B statistics in test>>>>>>>>>>
Average interactions 1.2123398780822754
Non-zero rows 0.3680806070406767
Non-zero columns 0.5017815971494446
Matrix density 0.0002541060245785134
finish loading bundle test data
>>>>>>>>>>B-I statistics>>>>>>>>>>
Average interactions 37.02934265136719
Non-zero rows 1.0
Non-zero columns 0.8566981995727799
Matrix density 0.0011299769286862884
finish loading assist data
>>>>>>>>>>U-I statistics>>>>>>>>>>
Average interactions 17.230377197265625
Non-zero rows 0.9958950118173903
Non-zero columns 0.641867561794324
Matrix density 0.0005257972814327529
finish loading item data
>>>>>>>>>>U-B statistics in train>>>>>>>>>>
Average interactions 4.281129360198975
Non-zero rows 0.3680806070406767
Non-zero columns 0.8645986166422134
Matrix density 0.0008973233061660289
finish loading bundle train data
>>>>>>>>>>U-B statistics in test>>>>>>>>>>
Average interactions 0.6454783082008362
Non-zero rows 0.3680806070406767
Non-zero columns 0.34835464263257176
Matrix density 0.00013529203381263145
finish loading bundle test data
IHGCN model
/data/lzm/IHBR - 副本/model/IHGCN.py:169: UserWarning: Creating a tensor from a list of numpy.ndarrays is extremely slow. Please consider converting the list to a single numpy.ndarray with numpy.array() before converting to a tensor. (Triggered internally at  /opt/conda/conda-bld/pytorch_1640811805959/work/torch/csrc/utils/tensor_new.cpp:201.)
  ub_indices = torch.tensor([ub_graph_coo.row, ub_graph_coo.col], dtype=torch.long)
finish generating bi, ui graph
finish generating non-atom graph
U-B Train Epoch: 1 [2048/34416 (6%)]	Loss: 0.898921
Train Epoch: 1: time = 15s
Test: time=3s
Recall@20:0.19495552993779572	NDCG@20:0.09116085061514527	Precision@20:0.01432916545191098	Recall@40:0.2689207540488235	NDCG@40:0.10821488339500518	Precision@40:0.010400472842748603	Recall@80:0.3755557520158309	NDCG@80:0.1284150577711471	Precision@80:0.007392700236566407	
Test: time=2s
Recall@20:0.18495535326793655	NDCG@20:0.09872045642663273	Precision@20:0.02304832610619878	Recall@40:0.2627679039071081	NDCG@40:0.1190845944584121	Precision@40:0.017201757543833927	Recall@80:0.3580334126123426	NDCG@80:0.14050069681975277	Precision@80:0.012398614719051813	
U-B Train Epoch: 2 [2048/34416 (6%)]	Loss: 0.883900
Train Epoch: 2: time = 9s
U-B Train Epoch: 3 [2048/34416 (6%)]	Loss: 0.836829
Train Epoch: 3: time = 9s
U-B Train Epoch: 4 [2048/34416 (6%)]	Loss: 0.809932
Train Epoch: 4: time = 9s
U-B Train Epoch: 5 [2048/34416 (6%)]	Loss: 0.672067
Train Epoch: 5: time = 9s
U-B Train Epoch: 6 [2048/34416 (6%)]	Loss: 0.578150
Train Epoch: 6: time = 9s
Test: time=3s
Recall@20:0.15133316849647	NDCG@20:0.063551776108608	Precision@20:0.012690098392838519	Recall@40:0.23799373089119003	NDCG@40:0.08337537063541908	Precision@40:0.010130111975378183	Recall@80:0.3662494480227167	NDCG@80:0.1079136886158357	Precision@80:0.007722203737177048	
Test: time=3s
Recall@20:0.1436464516606513	NDCG@20:0.0698181325094488	Precision@20:0.02347076837578993	Recall@40:0.24345902278238796	NDCG@40:0.09634247290278335	Precision@40:0.019415342956831744	Recall@80:0.3758042655550334	NDCG@80:0.1258453312416502	Precision@80:0.014848767119752833	
U-B Train Epoch: 7 [2048/34416 (6%)]	Loss: 0.670838
Train Epoch: 7: time = 9s
U-B Train Epoch: 8 [2048/34416 (6%)]	Loss: 0.561521
Train Epoch: 8: time = 10s
U-B Train Epoch: 9 [2048/34416 (6%)]	Loss: 0.595770
Train Epoch: 9: time = 10s
U-B Train Epoch: 10 [2048/34416 (6%)]	Loss: 0.525003
Train Epoch: 10: time = 10s
U-B Train Epoch: 11 [2048/34416 (6%)]	Loss: 0.594359
Train Epoch: 11: time = 9s
Test: time=3s
Recall@20:0.2109256395015736	NDCG@20:0.09696982623194068	Precision@20:0.017624197235055854	Recall@40:0.30622677095599493	NDCG@40:0.11876382212173137	Precision@40:0.012884421056893759	Recall@80:0.41990201124350496	NDCG@80:0.14045897364898402	Precision@80:0.008862791612527789	
Test: time=3s
Recall@20:0.21072955967889279	NDCG@20:0.11328013098775716	Precision@20:0.03232511035007736	Recall@40:0.3110868628664007	NDCG@40:0.14033290944255739	Precision@40:0.02406218407241909	Recall@80:0.4323769350557885	NDCG@80:0.16770023862910294	Precision@80:0.016889152513963623	
U-B Train Epoch: 12 [2048/34416 (6%)]	Loss: 0.463652
Train Epoch: 12: time = 9s
U-B Train Epoch: 13 [2048/34416 (6%)]	Loss: 0.577101
Train Epoch: 13: time = 9s
U-B Train Epoch: 14 [2048/34416 (6%)]	Loss: 0.500778
Train Epoch: 14: time = 9s
U-B Train Epoch: 15 [2048/34416 (6%)]	Loss: 0.588228
Train Epoch: 15: time = 9s
U-B Train Epoch: 16 [2048/34416 (6%)]	Loss: 0.541680
Train Epoch: 16: time = 9s
Test: time=3s
Recall@20:0.22855680671323186	NDCG@20:0.11126678301781245	Precision@20:0.018925312927906158	Recall@40:0.32492249009576185	NDCG@40:0.13340300327622032	Precision@40:0.01361101710663409	Recall@80:0.433031861465418	NDCG@80:0.15434735946938893	Precision@80:0.009226089798546031	
Test: time=3s
Recall@20:0.22456191237934056	NDCG@20:0.1229007304540636	Precision@20:0.034065563721445695	Recall@40:0.32842112054853834	NDCG@40:0.1507336409279687	Precision@40:0.0251436307648623	Recall@80:0.4470754547995786	NDCG@80:0.1775760244541613	Precision@80:0.01737073387153731	
U-B Train Epoch: 17 [2048/34416 (6%)]	Loss: 0.522833
Train Epoch: 17: time = 9s
U-B Train Epoch: 18 [2048/34416 (6%)]	Loss: 0.474250
Train Epoch: 18: time = 9s
U-B Train Epoch: 19 [2048/34416 (6%)]	Loss: 0.554312
Train Epoch: 19: time = 10s
U-B Train Epoch: 20 [2048/34416 (6%)]	Loss: 0.464281
Train Epoch: 20: time = 9s
U-B Train Epoch: 21 [2048/34416 (6%)]	Loss: 0.439289
Train Epoch: 21: time = 10s
Test: time=3s
Recall@20:0.23695451917580634	NDCG@20:0.11551568023898223	Precision@20:0.019668806964942595	Recall@40:0.33567499622939284	NDCG@40:0.13821157679117865	Precision@40:0.014084150437448185	Recall@80:0.44198464009761007	NDCG@80:0.15875078609320875	Precision@80:0.009403514797601317	
Test: time=3s
Recall@20:0.23545936927395764	NDCG@20:0.12962271434787803	Precision@20:0.03524839447011171	Recall@40:0.3361471265745791	NDCG@40:0.15671969894300888	Precision@40:0.025608314135139882	Recall@80:0.4541665374044229	NDCG@80:0.18363206456665576	Precision@80:0.01770446186897198	
U-B Train Epoch: 22 [2048/34416 (6%)]	Loss: 0.453752
Train Epoch: 22: time = 9s
U-B Train Epoch: 23 [2048/34416 (6%)]	Loss: 0.427397
Train Epoch: 23: time = 9s
U-B Train Epoch: 24 [2048/34416 (6%)]	Loss: 0.507643
Train Epoch: 24: time = 10s
U-B Train Epoch: 25 [2048/34416 (6%)]	Loss: 0.521266
Train Epoch: 25: time = 9s
U-B Train Epoch: 26 [2048/34416 (6%)]	Loss: 0.453673
Train Epoch: 26: time = 10s
Test: time=3s
Recall@20:0.24437390037709372	NDCG@20:0.11922694106648282	Precision@20:0.020023656963053166	Recall@40:0.33775982948604893	NDCG@40:0.14105351207303857	Precision@40:0.014244677771503516	Recall@80:0.446761027829556	NDCG@80:0.16206460677517875	Precision@80:0.009530246962804818	
Test: time=3s
Recall@20:0.24241461823138888	NDCG@20:0.13675429797647934	Precision@20:0.03626225179173971	Recall@40:0.34486838827748767	NDCG@40:0.16412532454449086	Precision@40:0.026157485508121078	Recall@80:0.4629294139865928	NDCG@80:0.19107680145088343	Precision@80:0.017991720884786584	
U-B Train Epoch: 27 [2048/34416 (6%)]	Loss: 0.470614
Train Epoch: 27: time = 9s
U-B Train Epoch: 28 [2048/34416 (6%)]	Loss: 0.455629
Train Epoch: 28: time = 9s
U-B Train Epoch: 29 [2048/34416 (6%)]	Loss: 0.580191
Train Epoch: 29: time = 9s
U-B Train Epoch: 30 [2048/34416 (6%)]	Loss: 0.483834
Train Epoch: 30: time = 9s
U-B Train Epoch: 31 [2048/34416 (6%)]	Loss: 0.462298
Train Epoch: 31: time = 10s
Test: time=3s
Recall@20:0.24871886505714821	NDCG@20:0.12186582203691333	Precision@20:0.020260223628460212	Recall@40:0.34308821512823695	NDCG@40:0.14380823917266444	Precision@40:0.014405205105558849	Recall@80:0.44691107860486545	NDCG@80:0.16407562647771498	Precision@80:0.009610510468684406	
Test: time=3s
Recall@20:0.24390820048474993	NDCG@20:0.14027724502939917	Precision@20:0.03648192046985065	Recall@40:0.3489137825509832	NDCG@40:0.16845746957276794	Precision@40:0.02642784814812034	Recall@80:0.4660076671212297	NDCG@80:0.19506653904632848	Precision@80:0.018105779559518004	
U-B Train Epoch: 32 [2048/34416 (6%)]	Loss: 0.471448
Train Epoch: 32: time = 9s
U-B Train Epoch: 33 [2048/34416 (6%)]	Loss: 0.483107
Train Epoch: 33: time = 9s
U-B Train Epoch: 34 [2048/34416 (6%)]	Loss: 0.438626
Train Epoch: 34: time = 9s
U-B Train Epoch: 35 [2048/34416 (6%)]	Loss: 0.512887
Train Epoch: 35: time = 9s
U-B Train Epoch: 36 [2048/34416 (6%)]	Loss: 0.445693
Train Epoch: 36: time = 10s
Test: time=3s
Recall@20:0.24967841547701397	NDCG@20:0.1222916268222676	Precision@20:0.02037850631657143	Recall@40:0.34602384319092705	NDCG@40:0.14475400563066335	Precision@40:0.014506590128670113	Recall@80:0.4494351473721591	NDCG@80:0.16487086516209815	Precision@80:0.00966120330253619	
Test: time=3s
Recall@20:0.2423764222697174	NDCG@20:0.14196197210674796	Precision@20:0.03660020315796187	Recall@40:0.34775842045883587	NDCG@40:0.17043034745938634	Precision@40:0.026630618838935173	Recall@80:0.46701328268563597	NDCG@80:0.1974807538145013	Precision@80:0.018215613898573475	
U-B Train Epoch: 37 [2048/34416 (6%)]	Loss: 0.518691
Train Epoch: 37: time = 9s
U-B Train Epoch: 38 [2048/34416 (6%)]	Loss: 0.462669
Train Epoch: 38: time = 9s
U-B Train Epoch: 39 [2048/34416 (6%)]	Loss: 0.417866
Train Epoch: 39: time = 10s
U-B Train Epoch: 40 [2048/34416 (6%)]	Loss: 0.498924
Train Epoch: 40: time = 9s
U-B Train Epoch: 41 [2048/34416 (6%)]	Loss: 0.443513
Train Epoch: 41: time = 9s
Test: time=3s
Recall@20:0.2555687102807378	NDCG@20:0.12453309085249055	Precision@20:0.02054748232197866	Recall@40:0.3471815980097135	NDCG@40:0.14597728712488647	Precision@40:0.014515038800022013	Recall@80:0.4582001588440457	NDCG@80:0.16763524825446466	Precision@80:0.009800608474767542	
Test: time=3s
Recall@20:0.2456735686379214	NDCG@20:0.14079563647518692	Precision@20:0.03678607715066521	Recall@40:0.34767812488448907	NDCG@40:0.16864150325443827	Precision@40:0.026799594844342405	Recall@80:0.4688206885706214	NDCG@80:0.19594445829658985	Precision@80:0.018253632919657026	
U-B Train Epoch: 42 [2048/34416 (6%)]	Loss: 0.495958
Train Epoch: 42: time = 9s
U-B Train Epoch: 43 [2048/34416 (6%)]	Loss: 0.571353
Train Epoch: 43: time = 10s
U-B Train Epoch: 44 [2048/34416 (6%)]	Loss: 0.410617
Train Epoch: 44: time = 10s
U-B Train Epoch: 45 [2048/34416 (6%)]	Loss: 0.483859
Train Epoch: 45: time = 9s
U-B Train Epoch: 46 [2048/34416 (6%)]	Loss: 0.413347
Train Epoch: 46: time = 10s
Test: time=3s
Recall@20:0.2559806769584715	NDCG@20:0.12418551636773535	Precision@20:0.02066576597697834	Recall@40:0.34810397865885856	NDCG@40:0.14571025831629272	Precision@40:0.014574180466373775	Recall@80:0.45252311580202875	NDCG@80:0.16623898654743077	Precision@80:0.009728793640239854	
Test: time=3s
Recall@20:0.23983085505984128	NDCG@20:0.13582006198564628	Precision@20:0.03654951112985047	Recall@40:0.3462275549865083	NDCG@40:0.16435999997607273	Precision@40:0.026630618838935173	Recall@80:0.4703297668230135	NDCG@80:0.1925565894289007	Precision@80:0.01841838523398061	
U-B Train Epoch: 47 [2048/34416 (6%)]	Loss: 0.529568
Train Epoch: 47: time = 10s
U-B Train Epoch: 48 [2048/34416 (6%)]	Loss: 0.549830
Train Epoch: 48: time = 10s
U-B Train Epoch: 49 [2048/34416 (6%)]	Loss: 0.594581
Train Epoch: 49: time = 9s
U-B Train Epoch: 50 [2048/34416 (6%)]	Loss: 0.471266
Train Epoch: 50: time = 10s
U-B Train Epoch: 51 [2048/34416 (6%)]	Loss: 0.460977
Train Epoch: 51: time = 10s
Test: time=3s
Recall@20:0.25501497454963934	NDCG@20:0.12537539251030358	Precision@20:0.020665766299274493	Recall@40:0.34897648849048984	NDCG@40:0.14731836657380687	Precision@40:0.014633322132725536	Recall@80:0.4587508056888148	NDCG@80:0.16872235833490648	Precision@80:0.009830179146795346	
Test: time=3s
Recall@20:0.22551464043424194	NDCG@20:0.12098374129872581	Precision@20:0.03523149712740791	Recall@40:0.33733264011642183	NDCG@40:0.15062310108263455	Precision@40:0.026081447465953974	Recall@80:0.47301798488852864	NDCG@80:0.1808443266058661	Precision@80:0.018287428571953087	
U-B Train Epoch: 52 [2048/34416 (6%)]	Loss: 0.582272
Train Epoch: 52: time = 9s
U-B Train Epoch: 53 [2048/34416 (6%)]	Loss: 0.456020
Train Epoch: 53: time = 10s
U-B Train Epoch: 54 [2048/34416 (6%)]	Loss: 0.475489
Train Epoch: 54: time = 9s
U-B Train Epoch: 55 [2048/34416 (6%)]	Loss: 0.528820
Train Epoch: 55: time = 10s
U-B Train Epoch: 56 [2048/34416 (6%)]	Loss: 0.386359
Train Epoch: 56: time = 10s
Test: time=3s
Recall@20:0.25750749439111875	NDCG@20:0.12509628919863788	Precision@20:0.020631970002386125	Recall@40:0.35470572288232144	NDCG@40:0.1476960383625037	Precision@40:0.01475160546542906	Recall@80:0.4609597152292265	NDCG@80:0.16852906057261743	Precision@80:0.00986819897361928	
Test: time=3s
Recall@20:0.24342836081558644	NDCG@20:0.1453595047022854	Precision@20:0.036870565153368826	Recall@40:0.35316171288369436	NDCG@40:0.17486137294737059	Precision@40:0.026993917508397646	Recall@80:0.4723150389304875	NDCG@80:0.2019090101339399	Precision@80:0.01841838491168446	
U-B Train Epoch: 57 [2048/34416 (6%)]	Loss: 0.397288
Train Epoch: 57: time = 10s
U-B Train Epoch: 58 [2048/34416 (6%)]	Loss: 0.461071
Train Epoch: 58: time = 9s
U-B Train Epoch: 59 [2048/34416 (6%)]	Loss: 0.378971
Train Epoch: 59: time = 9s
U-B Train Epoch: 60 [2048/34416 (6%)]	Loss: 0.389708
Train Epoch: 60: time = 10s
U-B Train Epoch: 61 [2048/34416 (6%)]	Loss: 0.424783
Train Epoch: 61: time = 10s
Test: time=3s
Recall@20:0.25988415778992585	NDCG@20:0.1276857144689995	Precision@20:0.02075025430197811	Recall@40:0.3565015467327565	NDCG@40:0.15014432627996024	Precision@40:0.014810747776373128	Recall@80:0.4624297982254879	NDCG@80:0.17097647442290734	Precision@80:0.009906218961591292	
Test: time=3s
Recall@20:0.24973899684028072	NDCG@20:0.14664777657114683	Precision@20:0.03692125847066484	Recall@40:0.3560827009659355	NDCG@40:0.1751810417420238	Precision@40:0.02690098018974982	Recall@80:0.4737180224460861	NDCG@80:0.20221196336091954	Precision@80:0.01846062923533242	
U-B Train Epoch: 62 [2048/34416 (6%)]	Loss: 0.436083
Train Epoch: 62: time = 10s
U-B Train Epoch: 63 [2048/34416 (6%)]	Loss: 0.437555
Train Epoch: 63: time = 10s
U-B Train Epoch: 64 [2048/34416 (6%)]	Loss: 0.528960
Train Epoch: 64: time = 9s
U-B Train Epoch: 65 [2048/34416 (6%)]	Loss: 0.475481
Train Epoch: 65: time = 9s
U-B Train Epoch: 66 [2048/34416 (6%)]	Loss: 0.424454
Train Epoch: 66: time = 10s
Test: time=3s
Recall@20:0.2486227073553407	NDCG@20:0.11995449498038954	Precision@20:0.02036160897386763	Recall@40:0.3538163092620633	NDCG@40:0.1441448117559445	Precision@40:0.014768502808132862	Recall@80:0.46376188690092723	NDCG@80:0.16556426084053683	Precision@80:0.009901994142471112	
Test: time=3s
Recall@20:0.24781457940321108	NDCG@20:0.14604266425490822	Precision@20:0.037157824491479585	Recall@40:0.3563955912279011	NDCG@40:0.17525529104054235	Precision@40:0.027171342829749083	Recall@80:0.47675538264484413	NDCG@80:0.20257657570950122	Precision@80:0.018498648901008278	
U-B Train Epoch: 67 [2048/34416 (6%)]	Loss: 0.458665
Train Epoch: 67: time = 10s
U-B Train Epoch: 68 [2048/34416 (6%)]	Loss: 0.366914
Train Epoch: 68: time = 9s
U-B Train Epoch: 69 [2048/34416 (6%)]	Loss: 0.373618
Train Epoch: 69: time = 9s
U-B Train Epoch: 70 [2048/34416 (6%)]	Loss: 0.455024
Train Epoch: 70: time = 9s
U-B Train Epoch: 71 [2048/34416 (6%)]	Loss: 0.512915
Train Epoch: 71: time = 9s
Test: time=3s
Recall@20:0.23262390054210935	NDCG@20:0.1108636524114064	Precision@20:0.019432240944127852	Recall@40:0.3418466581529602	NDCG@40:0.13609189687447196	Precision@40:0.014464346127318305	Recall@80:0.46038827641504204	NDCG@80:0.1590738686487134	Precision@80:0.009872423148147154	
Test: time=3s
Recall@20:0.24773978091204799	NDCG@20:0.14766303007970916	Precision@20:0.037124027872295066	Recall@40:0.35516229534761534	NDCG@40:0.1766037652523947	Precision@40:0.02708685418245316	Recall@80:0.47844293561486145	NDCG@80:0.2044665151933191	Precision@80:0.018502872592091924	
U-B Train Epoch: 72 [2048/34416 (6%)]	Loss: 0.571112
Train Epoch: 72: time = 9s
U-B Train Epoch: 73 [2048/34416 (6%)]	Loss: 0.523089
Train Epoch: 73: time = 9s
U-B Train Epoch: 74 [2048/34416 (6%)]	Loss: 0.397546
Train Epoch: 74: time = 9s
U-B Train Epoch: 75 [2048/34416 (6%)]	Loss: 0.529535
Train Epoch: 75: time = 9s
U-B Train Epoch: 76 [2048/34416 (6%)]	Loss: 0.350946
Train Epoch: 76: time = 9s
Test: time=3s
Recall@20:0.26193467295222206	NDCG@20:0.12770315971516322	Precision@20:0.020767151322385758	Recall@40:0.35400861950893986	NDCG@40:0.14916317428274306	Precision@40:0.014599527125021782	Recall@80:0.4662655556109275	NDCG@80:0.17126509707374482	Precision@80:0.009910442652674937	
Test: time=3s
Recall@20:0.24856796341999515	NDCG@20:0.14642476052519193	Precision@20:0.03621155911903601	Recall@40:0.3548020559132361	NDCG@40:0.17532770711854326	Precision@40:0.026647516181638974	Recall@80:0.47581814543223533	NDCG@80:0.20300149611421195	Precision@80:0.018422609569656564	
U-B Train Epoch: 77 [2048/34416 (6%)]	Loss: 0.424651
Train Epoch: 77: time = 9s
U-B Train Epoch: 78 [2048/34416 (6%)]	Loss: 0.409384
Train Epoch: 78: time = 9s
U-B Train Epoch: 79 [2048/34416 (6%)]	Loss: 0.328541
Train Epoch: 79: time = 9s
U-B Train Epoch: 80 [2048/34416 (6%)]	Loss: 0.389071
Train Epoch: 80: time = 9s
U-B Train Epoch: 81 [2048/34416 (6%)]	Loss: 0.410228
Train Epoch: 81: time = 9s
Test: time=3s
Recall@20:0.26138227797311964	NDCG@20:0.1254525708362596	Precision@20:0.020598175316978523	Recall@40:0.3508468839355964	NDCG@40:0.14640416451183755	Precision@40:0.01445589713367025	Recall@80:0.46166752914836096	NDCG@80:0.16825817968040432	Precision@80:0.009796384139091592	
Test: time=3s
Recall@20:0.24892907949991022	NDCG@20:0.14623368531717323	Precision@20:0.036143967169851576	Recall@40:0.35390901710585027	NDCG@40:0.17484818201042504	Precision@40:0.026647516181638974	Recall@80:0.47940835955981753	NDCG@80:0.20330009705394295	Precision@80:0.018485975571684275	
U-B Train Epoch: 82 [2048/34416 (6%)]	Loss: 0.438451
Train Epoch: 82: time = 9s
U-B Train Epoch: 83 [2048/34416 (6%)]	Loss: 0.342215
Train Epoch: 83: time = 9s
U-B Train Epoch: 84 [2048/34416 (6%)]	Loss: 0.432294
Train Epoch: 84: time = 9s
U-B Train Epoch: 85 [2048/34416 (6%)]	Loss: 0.441984
Train Epoch: 85: time = 9s
U-B Train Epoch: 86 [2048/34416 (6%)]	Loss: 0.347012
Train Epoch: 86: time = 9s
Test: time=3s
Recall@20:0.2613203146039493	NDCG@20:0.12600727345581675	Precision@20:0.02069956066238594	Recall@40:0.3575462606880624	NDCG@40:0.148404197783114	Precision@40:0.014717809813133	Recall@80:0.4679549031259241	NDCG@80:0.1701445945334942	Precision@80:0.009948462640646947	
Test: time=3s
Recall@20:0.24954531490097742	NDCG@20:0.1471597633477843	Precision@20:0.036887463785257237	Recall@40:0.36027737250397357	NDCG@40:0.176858505553271	Precision@40:0.027112200196508864	Recall@80:0.4825215650676432	NDCG@80:0.2047430452925001	Precision@80:0.018671849886683765	
U-B Train Epoch: 87 [2048/34416 (6%)]	Loss: 0.321657
Train Epoch: 87: time = 9s
U-B Train Epoch: 88 [2048/34416 (6%)]	Loss: 0.473352
Train Epoch: 88: time = 9s
U-B Train Epoch: 89 [2048/34416 (6%)]	Loss: 0.429987
Train Epoch: 89: time = 9s
U-B Train Epoch: 90 [2048/34416 (6%)]	Loss: 0.344450
Train Epoch: 90: time = 9s
U-B Train Epoch: 91 [2048/34416 (6%)]	Loss: 0.412013
Train Epoch: 91: time = 9s
Test: time=3s
Recall@20:0.259025194710193	NDCG@20:0.12324559249439607	Precision@20:0.020513687958867214	Recall@40:0.3571993204821361	NDCG@40:0.1461342247243909	Precision@40:0.014743156149484854	Recall@80:0.46884189307911245	NDCG@80:0.1680632343401817	Precision@80:0.009982257809498778	
Test: time=3s
Recall@20:0.2501782942317796	NDCG@20:0.14704061174924488	Precision@20:0.03654951048525816	Recall@40:0.35801599314987115	NDCG@40:0.17628497310327734	Precision@40:0.02691787817704593	Recall@80:0.4857194339072797	NDCG@80:0.20512622189948831	Precision@80:0.018671848919795307	
U-B Train Epoch: 92 [2048/34416 (6%)]	Loss: 0.438920
Train Epoch: 92: time = 9s
U-B Train Epoch: 93 [2048/34416 (6%)]	Loss: 0.418888
Train Epoch: 93: time = 9s
U-B Train Epoch: 94 [2048/34416 (6%)]	Loss: 0.462680
Train Epoch: 94: time = 10s
U-B Train Epoch: 95 [2048/34416 (6%)]	Loss: 0.322705
Train Epoch: 95: time = 9s
U-B Train Epoch: 96 [2048/34416 (6%)]	Loss: 0.361594
Train Epoch: 96: time = 9s
Test: time=3s
Recall@20:0.2643352068932969	NDCG@20:0.12719903438628707	Precision@20:0.02078404898738571	Recall@40:0.3564516552882889	NDCG@40:0.1486833346135796	Precision@40:0.014650220120021644	Recall@80:0.46922410021927274	NDCG@80:0.17090344727140055	Precision@80:0.009944237982674844	
Test: time=3s
Recall@20:0.24683347381663992	NDCG@20:0.1430294685325094	Precision@20:0.03678607715066521	Recall@40:0.35372133761009844	NDCG@40:0.17200087598547334	Precision@40:0.02696857084974964	Recall@80:0.48765561386474526	NDCG@80:0.20202416526018344	Precision@80:0.01877745892317483	
U-B Train Epoch: 97 [2048/34416 (6%)]	Loss: 0.341132
Train Epoch: 97: time = 9s
U-B Train Epoch: 98 [2048/34416 (6%)]	Loss: 0.375309
Train Epoch: 98: time = 9s
U-B Train Epoch: 99 [2048/34416 (6%)]	Loss: 0.464257
Train Epoch: 99: time = 10s
U-B Train Epoch: 100 [2048/34416 (6%)]	Loss: 0.308798
Train Epoch: 100: time = 10s
U-B Train Epoch: 101 [2048/34416 (6%)]	Loss: 0.323147
Train Epoch: 101: time = 9s
Test: time=3s
Recall@20:0.26205215376750485	NDCG@20:0.12503888438625407	Precision@20:0.020682662997385987	Recall@40:0.3558433509509521	NDCG@40:0.14685680238569698	Precision@40:0.014624873461373636	Recall@80:0.46496777987310955	NDCG@80:0.1682930521241472	Precision@80:0.009838627979295324	
Test: time=3s
Recall@20:0.2522763751495042	NDCG@20:0.1481200614947248	Precision@20:0.036802974493369014	Recall@40:0.35721552811107266	NDCG@40:0.17660701399761586	Precision@40:0.026867186148934526	Recall@80:0.484973161032813	NDCG@80:0.2056743316289419	Precision@80:0.018705644249795216	
U-B Train Epoch: 102 [2048/34416 (6%)]	Loss: 0.400164
Train Epoch: 102: time = 9s
U-B Train Epoch: 103 [2048/34416 (6%)]	Loss: 0.423829
Train Epoch: 103: time = 9s
U-B Train Epoch: 104 [2048/34416 (6%)]	Loss: 0.306163
Train Epoch: 104: time = 9s
U-B Train Epoch: 105 [2048/34416 (6%)]	Loss: 0.400257
Train Epoch: 105: time = 10s
U-B Train Epoch: 106 [2048/34416 (6%)]	Loss: 0.298502
Train Epoch: 106: time = 9s
Test: time=3s
Recall@20:0.2608492001362369	NDCG@20:0.12503098168458515	Precision@20:0.020665765332386034	Recall@40:0.3567032525570822	NDCG@40:0.14729589350765804	Precision@40:0.01465021979772549	Recall@80:0.4685646977606719	NDCG@80:0.16913202768566238	Precision@80:0.009859749979971228	
Test: time=3s
Recall@20:0.25160139934079556	NDCG@20:0.1479104091364534	Precision@20:0.036802973848776704	Recall@40:0.36436272634368927	NDCG@40:0.17819521208798897	Precision@40:0.02729807290002759	Recall@80:0.4895539124215846	NDCG@80:0.20665234832918375	Precision@80:0.01883660058952659	
U-B Train Epoch: 107 [2048/34416 (6%)]	Loss: 0.316723
Train Epoch: 107: time = 9s
U-B Train Epoch: 108 [2048/34416 (6%)]	Loss: 0.272679
Train Epoch: 108: time = 9s
U-B Train Epoch: 109 [2048/34416 (6%)]	Loss: 0.285810
Train Epoch: 109: time = 10s
U-B Train Epoch: 110 [2048/34416 (6%)]	Loss: 0.355279
Train Epoch: 110: time = 9s
U-B Train Epoch: 111 [2048/34416 (6%)]	Loss: 0.292777
Train Epoch: 111: time = 9s
Test: time=3s
Recall@20:0.26061263476001445	NDCG@20:0.1253849917789213	Precision@20:0.02068266331968214	Recall@40:0.36110695248803965	NDCG@40:0.1485799445861012	Precision@40:0.014776951801780914	Recall@80:0.46955323420734413	NDCG@80:0.16985035619448874	Precision@80:0.009901994142471112	
Test: time=3s
Recall@20:0.2547942352037085	NDCG@20:0.1492507305448222	Precision@20:0.03714092650418348	Recall@40:0.36129008889722036	NDCG@40:0.17816669532438112	Precision@40:0.027213586186508588	Recall@80:0.48763228478001436	NDCG@80:0.2067947104074698	Precision@80:0.01878168358114693	
