nohup: ignoring input
>>>>>>>>>>B-I statistics>>>>>>>>>>
Average interactions 37.02934265136719
Non-zero rows 1.0
Non-zero columns 0.8566981995727799
Matrix density 0.0011299769286862884
finish loading assist data
>>>>>>>>>>U-I statistics>>>>>>>>>>
Average interactions 17.230377197265625
Non-zero rows 0.9958950118173903
Non-zero columns 0.641867561794324
Matrix density 0.0005257972814327529
finish loading item data
>>>>>>>>>>U-B statistics in train>>>>>>>>>>
Average interactions 4.281129360198975
Non-zero rows 0.3680806070406767
Non-zero columns 0.8645986166422134
Matrix density 0.0008973233061660289
finish loading bundle train data
>>>>>>>>>>U-B statistics in test>>>>>>>>>>
Average interactions 1.2123398780822754
Non-zero rows 0.3680806070406767
Non-zero columns 0.5017815971494446
Matrix density 0.0002541060245785134
finish loading bundle test data
>>>>>>>>>>B-I statistics>>>>>>>>>>
Average interactions 37.02934265136719
Non-zero rows 1.0
Non-zero columns 0.8566981995727799
Matrix density 0.0011299769286862884
finish loading assist data
>>>>>>>>>>U-I statistics>>>>>>>>>>
Average interactions 17.230377197265625
Non-zero rows 0.9958950118173903
Non-zero columns 0.641867561794324
Matrix density 0.0005257972814327529
finish loading item data
>>>>>>>>>>U-B statistics in train>>>>>>>>>>
Average interactions 4.281129360198975
Non-zero rows 0.3680806070406767
Non-zero columns 0.8645986166422134
Matrix density 0.0008973233061660289
finish loading bundle train data
>>>>>>>>>>U-B statistics in test>>>>>>>>>>
Average interactions 0.6454783082008362
Non-zero rows 0.3680806070406767
Non-zero columns 0.34835464263257176
Matrix density 0.00013529203381263145
finish loading bundle test data
IHGCN model
/data/lzm/IHBR - 副本/model/IHGCN.py:169: UserWarning: Creating a tensor from a list of numpy.ndarrays is extremely slow. Please consider converting the list to a single numpy.ndarray with numpy.array() before converting to a tensor. (Triggered internally at  /opt/conda/conda-bld/pytorch_1640811805959/work/torch/csrc/utils/tensor_new.cpp:201.)
  ub_indices = torch.tensor([ub_graph_coo.row, ub_graph_coo.col], dtype=torch.long)
finish generating bi, ui graph
finish generating non-atom graph
U-B Train Epoch: 1 [2048/34416 (6%)]	Loss: 0.975613
Train Epoch: 1: time = 14s
Test: time=2s
Recall@20:0.19246702719556597	NDCG@20:0.09039514843939768	Precision@20:0.014177086466911395	Recall@40:0.2652333199313139	NDCG@40:0.1070609471410382	Precision@40:0.010231496998489447	Recall@80:0.36071550447258366	NDCG@80:0.12510691465820642	Precision@80:0.007050524051224069	
Test: time=2s
Recall@20:0.18388888045475668	NDCG@20:0.09380294552281242	Precision@20:0.022642784724569112	Recall@40:0.2522546188699994	NDCG@40:0.11188333040155564	Precision@40:0.016416019505445682	Recall@80:0.3410427587263566	NDCG@80:0.13163042858107019	Precision@80:0.011604427042423208	
U-B Train Epoch: 2 [2048/34416 (6%)]	Loss: 0.955036
Train Epoch: 2: time = 9s
U-B Train Epoch: 3 [2048/34416 (6%)]	Loss: 0.910439
Train Epoch: 3: time = 11s
U-B Train Epoch: 4 [2048/34416 (6%)]	Loss: 0.865929
Train Epoch: 4: time = 11s
U-B Train Epoch: 5 [2048/34416 (6%)]	Loss: 0.733769
Train Epoch: 5: time = 10s
U-B Train Epoch: 6 [2048/34416 (6%)]	Loss: 0.655942
Train Epoch: 6: time = 11s
Test: time=3s
Recall@20:0.16318697347637767	NDCG@20:0.06778489886687067	Precision@20:0.013433592107578805	Recall@40:0.25658658341243085	NDCG@40:0.08933386717264859	Precision@40:0.010831361849914737	Recall@80:0.3798902588303164	NDCG@80:0.11285292099117629	Precision@80:0.0079967897459638	
Test: time=3s
Recall@20:0.15173384707374482	NDCG@20:0.07520149542939707	Precision@20:0.02483947408404774	Recall@40:0.25054559839783025	NDCG@40:0.10154008107960485	Precision@40:0.020175736270348903	Recall@80:0.37936424056836665	NDCG@80:0.1300572262860988	Precision@80:0.01495860113651215	
U-B Train Epoch: 7 [2048/34416 (6%)]	Loss: 0.733234
Train Epoch: 7: time = 11s
U-B Train Epoch: 8 [2048/34416 (6%)]	Loss: 0.636421
Train Epoch: 8: time = 11s
U-B Train Epoch: 9 [2048/34416 (6%)]	Loss: 0.665922
Train Epoch: 9: time = 11s
U-B Train Epoch: 10 [2048/34416 (6%)]	Loss: 0.602105
Train Epoch: 10: time = 11s
U-B Train Epoch: 11 [2048/34416 (6%)]	Loss: 0.663645
Train Epoch: 11: time = 11s
Test: time=3s
Recall@20:0.2178676098575057	NDCG@20:0.10195828483248934	Precision@20:0.018148022916277505	Recall@40:0.31058247196549454	NDCG@40:0.12326473946424706	Precision@40:0.0131294357490604	Recall@80:0.42307784018302214	NDCG@80:0.1449790740585198	Precision@80:0.009014870114083143	
Test: time=3s
Recall@20:0.21589664254248161	NDCG@20:0.11619903316929679	Precision@20:0.03325447709063253	Recall@40:0.3146228642026973	NDCG@40:0.14256719529286313	Precision@40:0.02429875009323383	Recall@80:0.4343601754083147	NDCG@80:0.16980031520460617	Precision@80:0.017037006196398797	
U-B Train Epoch: 12 [2048/34416 (6%)]	Loss: 0.545400
Train Epoch: 12: time = 11s
U-B Train Epoch: 13 [2048/34416 (6%)]	Loss: 0.648118
Train Epoch: 13: time = 11s
U-B Train Epoch: 14 [2048/34416 (6%)]	Loss: 0.579013
Train Epoch: 14: time = 11s
U-B Train Epoch: 15 [2048/34416 (6%)]	Loss: 0.658062
Train Epoch: 15: time = 11s
U-B Train Epoch: 16 [2048/34416 (6%)]	Loss: 0.614693
Train Epoch: 16: time = 11s
Test: time=3s
Recall@20:0.23140727639722034	NDCG@20:0.1116543325390031	Precision@20:0.01921257226601691	Recall@40:0.32353165069920425	NDCG@40:0.13305543910494202	Precision@40:0.013712403418929967	Recall@80:0.4357291657040755	NDCG@80:0.15483649931634025	Precision@80:0.009386617132601362	
Test: time=3s
Recall@20:0.2261825927651867	NDCG@20:0.12349403383926026	Precision@20:0.034690773781186304	Recall@40:0.3326737538267125	NDCG@40:0.15195505052613584	Precision@40:0.025490032091620967	Recall@80:0.4533967704295951	NDCG@80:0.1791559949683434	Precision@80:0.017586178213972303	
U-B Train Epoch: 17 [2048/34416 (6%)]	Loss: 0.596421
Train Epoch: 17: time = 12s
U-B Train Epoch: 18 [2048/34416 (6%)]	Loss: 0.552495
Train Epoch: 18: time = 11s
U-B Train Epoch: 19 [2048/34416 (6%)]	Loss: 0.625888
Train Epoch: 19: time = 11s
U-B Train Epoch: 20 [2048/34416 (6%)]	Loss: 0.543403
Train Epoch: 20: time = 11s
U-B Train Epoch: 21 [2048/34416 (6%)]	Loss: 0.520942
Train Epoch: 21: time = 11s
Test: time=3s
Recall@20:0.23628370485502387	NDCG@20:0.1145870186824096	Precision@20:0.019635012279534993	Recall@40:0.33826676265900907	NDCG@40:0.13817547446531636	Precision@40:0.014253126120559264	Recall@80:0.44468905032184647	NDCG@80:0.15879361022763577	Precision@80:0.00950067596848086	
Test: time=3s
Recall@20:0.23838929398392616	NDCG@20:0.13062781166007045	Precision@20:0.03590740179362914	Recall@40:0.3395631306072311	NDCG@40:0.15769768470282006	Precision@40:0.025912470171362133	Recall@80:0.45733303264735237	NDCG@80:0.18456563533822923	Precision@80:0.017839642544379305	
U-B Train Epoch: 22 [2048/34416 (6%)]	Loss: 0.534183
Train Epoch: 22: time = 10s
U-B Train Epoch: 23 [2048/34416 (6%)]	Loss: 0.510094
Train Epoch: 23: time = 9s
U-B Train Epoch: 24 [2048/34416 (6%)]	Loss: 0.582455
Train Epoch: 24: time = 9s
U-B Train Epoch: 25 [2048/34416 (6%)]	Loss: 0.595769
Train Epoch: 25: time = 9s
U-B Train Epoch: 26 [2048/34416 (6%)]	Loss: 0.532753
Train Epoch: 26: time = 9s
Test: time=3s
Recall@20:0.2432398871821139	NDCG@20:0.11846890051488176	Precision@20:0.020175735303460444	Recall@40:0.3443649101192865	NDCG@40:0.1418339328694964	Precision@40:0.014531937109614272	Recall@80:0.4472167288060525	NDCG@80:0.16189389294891512	Precision@80:0.00964853029550834	
Test: time=3s
Recall@20:0.24376905105451588	NDCG@20:0.13706133791867767	Precision@20:0.036853666521480415	Recall@40:0.3470048920533753	NDCG@40:0.16474931568018122	Precision@40:0.02659682415352757	Recall@80:0.4647371499028388	NDCG@80:0.19156537663497486	Precision@80:0.018164920903573613	
U-B Train Epoch: 27 [2048/34416 (6%)]	Loss: 0.550078
Train Epoch: 27: time = 9s
U-B Train Epoch: 28 [2048/34416 (6%)]	Loss: 0.535327
Train Epoch: 28: time = 9s
U-B Train Epoch: 29 [2048/34416 (6%)]	Loss: 0.651009
Train Epoch: 29: time = 11s
U-B Train Epoch: 30 [2048/34416 (6%)]	Loss: 0.560626
Train Epoch: 30: time = 11s
U-B Train Epoch: 31 [2048/34416 (6%)]	Loss: 0.541896
Train Epoch: 31: time = 11s
Test: time=3s
Recall@20:0.2474919068084129	NDCG@20:0.12107229281132509	Precision@20:0.02037850599427528	Recall@40:0.3451990692870929	NDCG@40:0.14376395568125713	Precision@40:0.014540385780966173	Recall@80:0.4515615594109074	NDCG@80:0.16456975546911304	Precision@80:0.009754140137739785	
Test: time=3s
Recall@20:0.2485561441754763	NDCG@20:0.14140552650959598	Precision@20:0.03720851716418329	Recall@40:0.34766560432354154	NDCG@40:0.16841645545353556	Precision@40:0.026732004828934897	Recall@80:0.46763018330596273	NDCG@80:0.19549496603318267	Precision@80:0.01822406321451768	
U-B Train Epoch: 32 [2048/34416 (6%)]	Loss: 0.549711
Train Epoch: 32: time = 11s
U-B Train Epoch: 33 [2048/34416 (6%)]	Loss: 0.560860
Train Epoch: 33: time = 11s
U-B Train Epoch: 34 [2048/34416 (6%)]	Loss: 0.520686
Train Epoch: 34: time = 11s
U-B Train Epoch: 35 [2048/34416 (6%)]	Loss: 0.588695
Train Epoch: 35: time = 11s
U-B Train Epoch: 36 [2048/34416 (6%)]	Loss: 0.526616
Train Epoch: 36: time = 11s
Test: time=3s
Recall@20:0.25058431003334636	NDCG@20:0.12202152459755988	Precision@20:0.02042919931157129	Recall@40:0.3496904853390213	NDCG@40:0.14513720544297457	Precision@40:0.0147093611417811	Recall@80:0.4582701667251922	NDCG@80:0.16621200907024913	Precision@80:0.009838627495851094	
Test: time=3s
Recall@20:0.24664461342778388	NDCG@20:0.14220769327208174	Precision@20:0.03744508382959034	Recall@40:0.34869349699803565	NDCG@40:0.16978406890013123	Precision@40:0.026850288806230724	Recall@80:0.4695778318497328	NDCG@80:0.1973328482423855	Precision@80:0.018414160898304662	
U-B Train Epoch: 37 [2048/34416 (6%)]	Loss: 0.593987
Train Epoch: 37: time = 11s
U-B Train Epoch: 38 [2048/34416 (6%)]	Loss: 0.542669
Train Epoch: 38: time = 12s
U-B Train Epoch: 39 [2048/34416 (6%)]	Loss: 0.501518
Train Epoch: 39: time = 11s
U-B Train Epoch: 40 [2048/34416 (6%)]	Loss: 0.576623
Train Epoch: 40: time = 11s
U-B Train Epoch: 41 [2048/34416 (6%)]	Loss: 0.526261
Train Epoch: 41: time = 11s
Test: time=3s
Recall@20:0.25828130424888845	NDCG@20:0.1266465440075234	Precision@20:0.021020615330496605	Recall@40:0.35107380105418584	NDCG@40:0.14820384044589202	Precision@40:0.014726259773669512	Recall@80:0.46101964684344904	NDCG@80:0.16965914175453198	Precision@80:0.009880871819499055	
Test: time=3s
Recall@20:0.2441418626172271	NDCG@20:0.1411935871378237	Precision@20:0.03709023383147977	Recall@40:0.35204635161167463	NDCG@40:0.1702126041784928	Precision@40:0.02702771219380525	Recall@80:0.47706274488319533	NDCG@80:0.19833853600113002	Precision@80:0.018562015225332143	
U-B Train Epoch: 42 [2048/34416 (6%)]	Loss: 0.572965
Train Epoch: 42: time = 11s
U-B Train Epoch: 43 [2048/34416 (6%)]	Loss: 0.644874
Train Epoch: 43: time = 11s
U-B Train Epoch: 44 [2048/34416 (6%)]	Loss: 0.496547
Train Epoch: 44: time = 11s
U-B Train Epoch: 45 [2048/34416 (6%)]	Loss: 0.563586
Train Epoch: 45: time = 11s
U-B Train Epoch: 46 [2048/34416 (6%)]	Loss: 0.500056
Train Epoch: 46: time = 11s
Test: time=3s
Recall@20:0.25800651712730227	NDCG@20:0.12622802053685525	Precision@20:0.021020615330496605	Recall@40:0.3487466268742475	NDCG@40:0.14735430904077734	Precision@40:0.01464177112637359	Recall@80:0.45431359727143356	NDCG@80:0.16820380960859613	Precision@80:0.009809057468415596	
Test: time=3s
Recall@20:0.24614414164809692	NDCG@20:0.1409771794521877	Precision@20:0.037259209192294696	Recall@40:0.3501818761023044	NDCG@40:0.16910213922962783	Precision@40:0.027036161509749454	Recall@80:0.4724032397848724	NDCG@80:0.1968521319276862	Precision@80:0.018536668566684136	
U-B Train Epoch: 47 [2048/34416 (6%)]	Loss: 0.605548
Train Epoch: 47: time = 11s
U-B Train Epoch: 48 [2048/34416 (6%)]	Loss: 0.624167
Train Epoch: 48: time = 11s
U-B Train Epoch: 49 [2048/34416 (6%)]	Loss: 0.668347
Train Epoch: 49: time = 9s
U-B Train Epoch: 50 [2048/34416 (6%)]	Loss: 0.553229
Train Epoch: 50: time = 9s
U-B Train Epoch: 51 [2048/34416 (6%)]	Loss: 0.544161
Train Epoch: 51: time = 9s
Test: time=2s
Recall@20:0.2595141514929294	NDCG@20:0.1277599328270874	Precision@20:0.020986820000496696	Recall@40:0.3498762310578558	NDCG@40:0.14899094437537624	Precision@40:0.014717810780021458	Recall@80:0.46275381672902055	NDCG@80:0.17107326640354376	Precision@80:0.009969584319026698	
Test: time=2s
Recall@20:0.23552173486872677	NDCG@20:0.12983462535758888	Precision@20:0.035991890440925066	Recall@40:0.34308639995630386	NDCG@40:0.15880650465212065	Precision@40:0.026453195451360653	Recall@80:0.4752448605056871	NDCG@80:0.18842474243535348	Precision@80:0.018426833905332514	
U-B Train Epoch: 52 [2048/34416 (6%)]	Loss: 0.657319
Train Epoch: 52: time = 9s
U-B Train Epoch: 53 [2048/34416 (6%)]	Loss: 0.539859
Train Epoch: 53: time = 9s
U-B Train Epoch: 54 [2048/34416 (6%)]	Loss: 0.557892
Train Epoch: 54: time = 9s
U-B Train Epoch: 55 [2048/34416 (6%)]	Loss: 0.606953
Train Epoch: 55: time = 10s
U-B Train Epoch: 56 [2048/34416 (6%)]	Loss: 0.477401
Train Epoch: 56: time = 11s
Test: time=3s
Recall@20:0.261828583372167	NDCG@20:0.1279226769140823	Precision@20:0.021122000675904022	Recall@40:0.35630669937056436	NDCG@40:0.1499858287670758	Precision@40:0.014954377123132353	Recall@80:0.4662511889376162	NDCG@80:0.17150614623404628	Precision@80:0.01003295080449864	
Test: time=3s
Recall@20:0.2501035782484317	NDCG@20:0.1478920408341078	Precision@20:0.03805339654662715	Recall@40:0.3563587772721332	NDCG@40:0.17647356792010338	Precision@40:0.027467050194619435	Recall@80:0.4790319692206246	NDCG@80:0.20423342545880946	Precision@80:0.018743664237767226	
U-B Train Epoch: 57 [2048/34416 (6%)]	Loss: 0.487727
Train Epoch: 57: time = 11s
U-B Train Epoch: 58 [2048/34416 (6%)]	Loss: 0.545804
Train Epoch: 58: time = 11s
U-B Train Epoch: 59 [2048/34416 (6%)]	Loss: 0.471825
Train Epoch: 59: time = 11s
U-B Train Epoch: 60 [2048/34416 (6%)]	Loss: 0.481850
Train Epoch: 60: time = 11s
U-B Train Epoch: 61 [2048/34416 (6%)]	Loss: 0.514251
Train Epoch: 61: time = 11s
Test: time=3s
Recall@20:0.2629041294666431	NDCG@20:0.12949827451406198	Precision@20:0.021189591013607685	Recall@40:0.3581618050861778	NDCG@40:0.15171672154536478	Precision@40:0.015005069473539908	Recall@80:0.4665320249133998	NDCG@80:0.17299597696018768	Precision@80:0.010045624133822643	
Test: time=3s
Recall@20:0.2526363154930535	NDCG@20:0.15048051210785685	Precision@20:0.03803649984851565	Recall@40:0.36101611138357026	NDCG@40:0.17942388237388845	Precision@40:0.02749239685326744	Recall@80:0.4791685609085893	NDCG@80:0.20663606334917042	Precision@80:0.018790132574794983	
U-B Train Epoch: 62 [2048/34416 (6%)]	Loss: 0.524089
Train Epoch: 62: time = 11s
U-B Train Epoch: 63 [2048/34416 (6%)]	Loss: 0.526044
Train Epoch: 63: time = 11s
U-B Train Epoch: 64 [2048/34416 (6%)]	Loss: 0.610062
Train Epoch: 64: time = 11s
U-B Train Epoch: 65 [2048/34416 (6%)]	Loss: 0.561952
Train Epoch: 65: time = 11s
U-B Train Epoch: 66 [2048/34416 (6%)]	Loss: 0.514698
Train Epoch: 66: time = 11s
Test: time=3s
Recall@20:0.25321095148507466	NDCG@20:0.12468253828940178	Precision@20:0.020834742304681724	Recall@40:0.35845699226505734	NDCG@40:0.14888574948944164	Precision@40:0.015055762790835923	Recall@80:0.4651539278175429	NDCG@80:0.1697167554148229	Precision@80:0.009978033634970905	
Test: time=3s
Recall@20:0.24846650974780332	NDCG@20:0.14917441597255593	Precision@20:0.03812098656203466	Recall@40:0.36020101667779975	NDCG@40:0.17895627964505798	Precision@40:0.027644474226786262	Recall@80:0.4820303857306364	NDCG@80:0.20655582965568497	Precision@80:0.01879435658817478	
U-B Train Epoch: 67 [2048/34416 (6%)]	Loss: 0.547049
Train Epoch: 67: time = 11s
U-B Train Epoch: 68 [2048/34416 (6%)]	Loss: 0.464313
Train Epoch: 68: time = 11s
U-B Train Epoch: 69 [2048/34416 (6%)]	Loss: 0.469463
Train Epoch: 69: time = 11s
U-B Train Epoch: 70 [2048/34416 (6%)]	Loss: 0.544872
Train Epoch: 70: time = 11s
U-B Train Epoch: 71 [2048/34416 (6%)]	Loss: 0.598630
Train Epoch: 71: time = 11s
Test: time=3s
Recall@20:0.24780546228963807	NDCG@20:0.11897706099159212	Precision@20:0.02044609633197894	Recall@40:0.3478735858985563	NDCG@40:0.14214573763801908	Precision@40:0.014667117462725445	Recall@80:0.4667474012513465	NDCG@80:0.16523273154745718	Precision@80:0.009982257487202625	
Test: time=3s
Recall@20:0.2495936644806496	NDCG@20:0.15068170741507636	Precision@20:0.03818857722203447	Recall@40:0.3606407317651128	NDCG@40:0.1802712015382097	Precision@40:0.027652924187322774	Recall@80:0.4835307697220081	NDCG@80:0.2082184910492222	Precision@80:0.018904190927230252	
U-B Train Epoch: 72 [2048/34416 (6%)]	Loss: 0.653991
Train Epoch: 72: time = 11s
U-B Train Epoch: 73 [2048/34416 (6%)]	Loss: 0.609175
Train Epoch: 73: time = 11s
U-B Train Epoch: 74 [2048/34416 (6%)]	Loss: 0.493388
Train Epoch: 74: time = 11s
U-B Train Epoch: 75 [2048/34416 (6%)]	Loss: 0.616186
Train Epoch: 75: time = 10s
U-B Train Epoch: 76 [2048/34416 (6%)]	Loss: 0.451552
Train Epoch: 76: time = 9s
Test: time=3s
Recall@20:0.2639460226860188	NDCG@20:0.13017890210810767	Precision@20:0.02108820631279257	Recall@40:0.36213635608689854	NDCG@40:0.15307330988516232	Precision@40:0.015089557476243525	Recall@80:0.4718308933847214	NDCG@80:0.17464895399892277	Precision@80:0.010130111814230106	
Test: time=3s
Recall@20:0.25669239452860976	NDCG@20:0.15056401775188646	Precision@20:0.03798580782040425	Recall@40:0.36176146635859346	NDCG@40:0.17888495679560767	Precision@40:0.027441704825156038	Recall@80:0.47753804146578765	NDCG@80:0.20565121912722573	Precision@80:0.01870142055871157	
U-B Train Epoch: 77 [2048/34416 (6%)]	Loss: 0.519265
Train Epoch: 77: time = 9s
U-B Train Epoch: 78 [2048/34416 (6%)]	Loss: 0.506673
Train Epoch: 78: time = 9s
U-B Train Epoch: 79 [2048/34416 (6%)]	Loss: 0.431653
Train Epoch: 79: time = 9s
U-B Train Epoch: 80 [2048/34416 (6%)]	Loss: 0.487422
Train Epoch: 80: time = 9s
U-B Train Epoch: 81 [2048/34416 (6%)]	Loss: 0.508104
Train Epoch: 81: time = 10s
Test: time=3s
Recall@20:0.26276239651044747	NDCG@20:0.129368139062632	Precision@20:0.020868537312385478	Recall@40:0.36010247656283	NDCG@40:0.15208571712162577	Precision@40:0.014920581793132446	Recall@80:0.4724688438113858	NDCG@80:0.17417302571587082	Precision@80:0.010096316484230199	
Test: time=3s
Recall@20:0.25346127503947175	NDCG@20:0.14985031741581561	Precision@20:0.03754646917499776	Recall@40:0.36189743408120617	NDCG@40:0.17903343992242945	Precision@40:0.02740790820597152	Recall@80:0.4825592814526392	NDCG@80:0.2066859238532074	Precision@80:0.018798581568443037	
U-B Train Epoch: 82 [2048/34416 (6%)]	Loss: 0.535480
Train Epoch: 82: time = 11s
U-B Train Epoch: 83 [2048/34416 (6%)]	Loss: 0.446229
Train Epoch: 83: time = 11s
U-B Train Epoch: 84 [2048/34416 (6%)]	Loss: 0.530345
Train Epoch: 84: time = 11s
U-B Train Epoch: 85 [2048/34416 (6%)]	Loss: 0.539806
Train Epoch: 85: time = 12s
U-B Train Epoch: 86 [2048/34416 (6%)]	Loss: 0.450359
Train Epoch: 86: time = 12s
Test: time=3s
Recall@20:0.2638136646803185	NDCG@20:0.12840875365839652	Precision@20:0.02110510333320022	Recall@40:0.36406403773940466	NDCG@40:0.1517988683888138	Precision@40:0.015174045801243295	Recall@80:0.4714158481341353	NDCG@80:0.17293988195936918	Precision@80:0.01013011165308203	
Test: time=3s
Recall@20:0.2540198581047097	NDCG@20:0.15100887152906123	Precision@20:0.038222373196626684	Recall@40:0.3629349131324719	NDCG@40:0.1801926901953653	Precision@40:0.027678269556786168	Recall@80:0.48663363081251054	NDCG@80:0.20835784674899407	Precision@80:0.018954883599933962	
U-B Train Epoch: 87 [2048/34416 (6%)]	Loss: 0.426678
Train Epoch: 87: time = 11s
U-B Train Epoch: 88 [2048/34416 (6%)]	Loss: 0.570815
Train Epoch: 88: time = 11s
U-B Train Epoch: 89 [2048/34416 (6%)]	Loss: 0.529871
Train Epoch: 89: time = 11s
U-B Train Epoch: 90 [2048/34416 (6%)]	Loss: 0.449484
Train Epoch: 90: time = 11s
U-B Train Epoch: 91 [2048/34416 (6%)]	Loss: 0.514567
Train Epoch: 91: time = 11s
Test: time=3s
Recall@20:0.2638286759459356	NDCG@20:0.12827905395136527	Precision@20:0.021071308325496467	Recall@40:0.36428278658429525	NDCG@40:0.15165018157082338	Precision@40:0.015114904134891532	Recall@80:0.4711309899023636	NDCG@80:0.1727114358678304	Precision@80:0.010092091987406172	
Test: time=3s
Recall@20:0.255179495133029	NDCG@20:0.15112454490751864	Precision@20:0.037985807175811945	Recall@40:0.36465245253655426	NDCG@40:0.1805030356069077	Precision@40:0.02759378219867486	Recall@80:0.4849994707123659	NDCG@80:0.20819599219938112	Precision@80:0.01894643492858206	
U-B Train Epoch: 92 [2048/34416 (6%)]	Loss: 0.539779
Train Epoch: 92: time = 11s
U-B Train Epoch: 93 [2048/34416 (6%)]	Loss: 0.521980
Train Epoch: 93: time = 11s
U-B Train Epoch: 94 [2048/34416 (6%)]	Loss: 0.564078
Train Epoch: 94: time = 11s
U-B Train Epoch: 95 [2048/34416 (6%)]	Loss: 0.430152
Train Epoch: 95: time = 11s
U-B Train Epoch: 96 [2048/34416 (6%)]	Loss: 0.468481
Train Epoch: 96: time = 11s
Test: time=3s
Recall@20:0.2634875112870691	NDCG@20:0.12843431561087465	Precision@20:0.021122000675904022	Recall@40:0.36373171688697353	NDCG@40:0.1517001838851676	Precision@40:0.015089557798539677	Recall@80:0.4722049322511828	NDCG@80:0.17323615978843016	Precision@80:0.01015123381490601	
Test: time=3s
Recall@20:0.2540037381403267	NDCG@20:0.14962247208430582	Precision@20:0.0383406558847379	Recall@40:0.36368118600693855	NDCG@40:0.17900815643382742	Precision@40:0.027771206230841686	Recall@80:0.4906389830119709	NDCG@80:0.20760321995824443	Precision@80:0.01900557659493382	
U-B Train Epoch: 97 [2048/34416 (6%)]	Loss: 0.449374
Train Epoch: 97: time = 11s
U-B Train Epoch: 98 [2048/34416 (6%)]	Loss: 0.481162
Train Epoch: 98: time = 10s
U-B Train Epoch: 99 [2048/34416 (6%)]	Loss: 0.568792
Train Epoch: 99: time = 11s
U-B Train Epoch: 100 [2048/34416 (6%)]	Loss: 0.419168
Train Epoch: 100: time = 11s
U-B Train Epoch: 101 [2048/34416 (6%)]	Loss: 0.433095
Train Epoch: 101: time = 11s
Test: time=2s
Recall@20:0.2636428064653784	NDCG@20:0.12811884182294747	Precision@20:0.020969922013200592	Recall@40:0.36200211071492694	NDCG@40:0.1510224543781287	Precision@40:0.014988172130836109	Recall@80:0.4722078715920972	NDCG@80:0.17269188151564216	Precision@80:0.01007519464470237	
Test: time=2s
Recall@20:0.25664754121760414	NDCG@20:0.15269544471877375	Precision@20:0.03818857851121908	Recall@40:0.3652537540230811	NDCG@40:0.1818523194266961	Precision@40:0.027669821530026575	Recall@80:0.4894820790550281	NDCG@80:0.21020587741945918	Precision@80:0.01904359626060968	
U-B Train Epoch: 102 [2048/34416 (6%)]	Loss: 0.507958
Train Epoch: 102: time = 9s
U-B Train Epoch: 103 [2048/34416 (6%)]	Loss: 0.532636
Train Epoch: 103: time = 9s
U-B Train Epoch: 104 [2048/34416 (6%)]	Loss: 0.417189
Train Epoch: 104: time = 9s
U-B Train Epoch: 105 [2048/34416 (6%)]	Loss: 0.510198
Train Epoch: 105: time = 9s
U-B Train Epoch: 106 [2048/34416 (6%)]	Loss: 0.410508
Train Epoch: 106: time = 9s
Test: time=2s
Recall@20:0.26461589848040407	NDCG@20:0.12933832022256647	Precision@20:0.021020615330496605	Recall@40:0.36074419656529866	NDCG@40:0.15180450728230477	Precision@40:0.014945928129484299	Recall@80:0.4711179742945252	NDCG@80:0.17359787662837423	Precision@80:0.010058296979702418	
Test: time=2s
Recall@20:0.255754337394588	NDCG@20:0.15202314267894956	Precision@20:0.03818857722203447	Recall@40:0.3690548117155157	NDCG@40:0.18216700423364102	Precision@40:0.027838798180026113	Recall@80:0.49040454736872674	NDCG@80:0.20995162443036605	Precision@80:0.01903092325358183	
U-B Train Epoch: 107 [2048/34416 (6%)]	Loss: 0.428266
Train Epoch: 107: time = 9s
U-B Train Epoch: 108 [2048/34416 (6%)]	Loss: 0.387347
Train Epoch: 108: time = 11s
U-B Train Epoch: 109 [2048/34416 (6%)]	Loss: 0.399628
Train Epoch: 109: time = 10s
U-B Train Epoch: 110 [2048/34416 (6%)]	Loss: 0.467879
Train Epoch: 110: time = 11s
U-B Train Epoch: 111 [2048/34416 (6%)]	Loss: 0.408724
Train Epoch: 111: time = 11s
Test: time=2s
Recall@20:0.2627633144098909	NDCG@20:0.1292360930396077	Precision@20:0.02096992298008905	Recall@40:0.3640377486868056	NDCG@40:0.15277686446210184	Precision@40:0.01503886415894751	Recall@80:0.4728274640298929	NDCG@80:0.1742632196496652	Precision@80:0.010079419141526397	
Test: time=3s
Recall@20:0.25992182776427586	NDCG@20:0.15290604849528847	Precision@20:0.03818857851121908	Recall@40:0.3675055160599812	NDCG@40:0.18198671434408267	Precision@40:0.027788104862730097	Recall@80:0.4894105860332091	NDCG@80:0.20993056946728994	Precision@80:0.019026698595609726	
U-B Train Epoch: 112 [2048/34416 (6%)]	Loss: 0.514563
Train Epoch: 112: time = 11s
U-B Train Epoch: 113 [2048/34416 (6%)]	Loss: 0.588963
Train Epoch: 113: time = 11s
U-B Train Epoch: 114 [2048/34416 (6%)]	Loss: 0.523320
Train Epoch: 114: time = 10s
U-B Train Epoch: 115 [2048/34416 (6%)]	Loss: 0.408958
Train Epoch: 115: time = 11s
U-B Train Epoch: 116 [2048/34416 (6%)]	Loss: 0.381165
Train Epoch: 116: time = 11s
Test: time=3s
Recall@20:0.26712195991704335	NDCG@20:0.1303499511223703	Precision@20:0.021223386665903746	Recall@40:0.36391664784113353	NDCG@40:0.1529277738343626	Precision@40:0.015064210817595517	Recall@80:0.4748640147444766	NDCG@80:0.17474780093983003	Precision@80:0.010108989652406126	
Test: time=3s
Recall@20:0.2613198711244429	NDCG@20:0.15228717542250603	Precision@20:0.0382899638566265	Recall@40:0.36726427867872646	NDCG@40:0.1810501887613795	Precision@40:0.027796552889489692	Recall@80:0.4892827092332186	NDCG@80:0.20898312191255755	Precision@80:0.019026699240202033	
U-B Train Epoch: 117 [2048/34416 (6%)]	Loss: 0.462342
Train Epoch: 117: time = 11s
U-B Train Epoch: 118 [2048/34416 (6%)]	Loss: 0.432222
Train Epoch: 118: time = 11s
U-B Train Epoch: 119 [2048/34416 (6%)]	Loss: 0.425629
Train Epoch: 119: time = 11s
U-B Train Epoch: 120 [2048/34416 (6%)]	Loss: 0.559029
Train Epoch: 120: time = 11s
U-B Train Epoch: 121 [2048/34416 (6%)]	Loss: 0.394482
Train Epoch: 121: time = 11s
Test: time=3s
Recall@20:0.2642527248618489	NDCG@20:0.12719153906695543	Precision@20:0.021020615975088912	Recall@40:0.3630731291930472	NDCG@40:0.1503580008942197	Precision@40:0.015098006147595426	Recall@80:0.47892428620838967	NDCG@80:0.17275561880283802	Precision@80:0.010134336311054133	
Test: time=3s
Recall@20:0.25565383771900874	NDCG@20:0.14839656838858276	Precision@20:0.038036499203923345	Recall@40:0.36621514539857214	NDCG@40:0.17796838779069155	Precision@40:0.02773741219002639	Recall@80:0.48665127717147366	NDCG@80:0.20538986015255364	Precision@80:0.018895742255878353	
U-B Train Epoch: 122 [2048/34416 (6%)]	Loss: 0.436635
Train Epoch: 122: time = 11s
U-B Train Epoch: 123 [2048/34416 (6%)]	Loss: 0.550141
Train Epoch: 123: time = 11s
U-B Train Epoch: 124 [2048/34416 (6%)]	Loss: 0.381864
Train Epoch: 124: time = 11s
U-B Train Epoch: 125 [2048/34416 (6%)]	Loss: 0.361593
Train Epoch: 125: time = 11s
U-B Train Epoch: 126 [2048/34416 (6%)]	Loss: 0.451474
Train Epoch: 126: time = 11s
Test: time=3s
Recall@20:0.2668595128705591	NDCG@20:0.130895577882262	Precision@20:0.02125718199590365	Recall@40:0.36882446536585944	NDCG@40:0.15447053332391644	Precision@40:0.015199392137595148	Recall@80:0.4785674192809543	NDCG@80:0.17614227325862306	Precision@80:0.010185029144905919	
Test: time=3s
Recall@20:0.2606261918253897	NDCG@20:0.15407135020079102	Precision@20:0.03881378857095969	Recall@40:0.369262024936502	NDCG@40:0.1832786990646254	Precision@40:0.027965528894896924	Recall@80:0.492476648638159	NDCG@80:0.21159373106445642	Precision@80:0.019199899258989062	
U-B Train Epoch: 127 [2048/34416 (6%)]	Loss: 0.371044
Train Epoch: 127: time = 11s
U-B Train Epoch: 128 [2048/34416 (6%)]	Loss: 0.375679
Train Epoch: 128: time = 9s
U-B Train Epoch: 129 [2048/34416 (6%)]	Loss: 0.372882
Train Epoch: 129: time = 9s
U-B Train Epoch: 130 [2048/34416 (6%)]	Loss: 0.378099
Train Epoch: 130: time = 9s
U-B Train Epoch: 131 [2048/34416 (6%)]	Loss: 0.371298
Train Epoch: 131: time = 9s
Test: time=3s
Recall@20:0.2656845964262235	NDCG@20:0.13143140168236736	Precision@20:0.021257182318199806	Recall@40:0.36610729737070696	NDCG@40:0.15482136686736966	Precision@40:0.015182494472595193	Recall@80:0.4756010673706013	NDCG@80:0.1764165550198415	Precision@80:0.010134336149906057	
Test: time=2s
Recall@20:0.2618207502864671	NDCG@20:0.153587367092286	Precision@20:0.0388306872028481	Recall@40:0.3748871344656266	NDCG@40:0.18377397027358933	Precision@40:0.02822744221895198	Recall@80:0.4948637853727505	NDCG@80:0.21126651538308708	Precision@80:0.01921257194372076	
U-B Train Epoch: 132 [2048/34416 (6%)]	Loss: 0.352023
Train Epoch: 132: time = 9s
U-B Train Epoch: 133 [2048/34416 (6%)]	Loss: 0.455010
Train Epoch: 133: time = 9s
U-B Train Epoch: 134 [2048/34416 (6%)]	Loss: 0.399746
Train Epoch: 134: time = 9s
U-B Train Epoch: 135 [2048/34416 (6%)]	Loss: 0.416798
Train Epoch: 135: time = 11s
U-B Train Epoch: 136 [2048/34416 (6%)]	Loss: 0.502249
Train Epoch: 136: time = 11s
Test: time=3s
Recall@20:0.2692293281207096	NDCG@20:0.1322950728643017	Precision@20:0.021544440044829798	Recall@40:0.3708764347283975	NDCG@40:0.15585941058149527	Precision@40:0.01530077683841026	Recall@80:0.48187879824727	NDCG@80:0.17766474871749852	Precision@80:0.010227273146257727	
Test: time=3s
Recall@20:0.258988437478548	NDCG@20:0.1509878346145697	Precision@20:0.0382899638566265	Recall@40:0.37000238818870923	NDCG@40:0.18074140326321708	Precision@40:0.027872592865433712	Recall@80:0.49075183307612896	NDCG@80:0.20836574687229376	Precision@80:0.01904359626060968	
U-B Train Epoch: 137 [2048/34416 (6%)]	Loss: 0.338457
Train Epoch: 137: time = 11s
U-B Train Epoch: 138 [2048/34416 (6%)]	Loss: 0.377458
Train Epoch: 138: time = 11s
U-B Train Epoch: 139 [2048/34416 (6%)]	Loss: 0.480649
Train Epoch: 139: time = 11s
U-B Train Epoch: 140 [2048/34416 (6%)]	Loss: 0.463163
Train Epoch: 140: time = 11s
U-B Train Epoch: 141 [2048/34416 (6%)]	Loss: 0.428599
Train Epoch: 141: time = 10s
Test: time=3s
Recall@20:0.2729163703260973	NDCG@20:0.13286896112924818	Precision@20:0.02178100735482915	Recall@40:0.37148769903360246	NDCG@40:0.1558220061791753	Precision@40:0.015368367498410074	Recall@80:0.482792211328257	NDCG@80:0.17765128705178454	Precision@80:0.010261067992813405	
Test: time=3s
Recall@20:0.26741693051290816	NDCG@20:0.15568422586299874	Precision@20:0.039303818599885285	Recall@40:0.3721553780574096	NDCG@40:0.18412763744481878	Precision@40:0.02824433956165578	Recall@80:0.495615545016924	NDCG@80:0.21255167258192695	Precision@80:0.01938154794912799	
U-B Train Epoch: 142 [2048/34416 (6%)]	Loss: 0.505789
Train Epoch: 142: time = 11s
U-B Train Epoch: 143 [2048/34416 (6%)]	Loss: 0.332467
Train Epoch: 143: time = 11s
U-B Train Epoch: 144 [2048/34416 (6%)]	Loss: 0.342735
Train Epoch: 144: time = 11s
U-B Train Epoch: 145 [2048/34416 (6%)]	Loss: 0.470863
Train Epoch: 145: time = 11s
U-B Train Epoch: 146 [2048/34416 (6%)]	Loss: 0.401693
Train Epoch: 146: time = 11s
Test: time=3s
Recall@20:0.27093183047548264	NDCG@20:0.1325217347243381	Precision@20:0.02174721202482924	Recall@40:0.36984676813587786	NDCG@40:0.1555136100147656	Precision@40:0.015309226476650619	Recall@80:0.4835869266036879	NDCG@80:0.17781269038678343	Precision@80:0.01027374116098933	
Test: time=3s
Recall@20:0.26672046141835554	NDCG@20:0.15648497194404254	Precision@20:0.0393545125617736	Recall@40:0.3730351124796041	NDCG@40:0.1853569935769316	Precision@40:0.028311930221655596	Recall@80:0.4975659060051168	NDCG@80:0.21400217028556945	Precision@80:0.019453362944803758	
