nohup: ignoring input
>>>>>>>>>>B-I statistics>>>>>>>>>>
Average interactions 37.02934265136719
Non-zero rows 1.0
Non-zero columns 0.8566981995727799
Matrix density 0.0011299769286862884
finish loading assist data
>>>>>>>>>>U-I statistics>>>>>>>>>>
Average interactions 17.230377197265625
Non-zero rows 0.9958950118173903
Non-zero columns 0.641867561794324
Matrix density 0.0005257972814327529
finish loading item data
>>>>>>>>>>U-B statistics in train>>>>>>>>>>
Average interactions 4.281129360198975
Non-zero rows 0.3680806070406767
Non-zero columns 0.8645986166422134
Matrix density 0.0008973233061660289
finish loading bundle train data
>>>>>>>>>>U-B statistics in test>>>>>>>>>>
Average interactions 1.2123398780822754
Non-zero rows 0.3680806070406767
Non-zero columns 0.5017815971494446
Matrix density 0.0002541060245785134
finish loading bundle test data
>>>>>>>>>>B-I statistics>>>>>>>>>>
Average interactions 37.02934265136719
Non-zero rows 1.0
Non-zero columns 0.8566981995727799
Matrix density 0.0011299769286862884
finish loading assist data
>>>>>>>>>>U-I statistics>>>>>>>>>>
Average interactions 17.230377197265625
Non-zero rows 0.9958950118173903
Non-zero columns 0.641867561794324
Matrix density 0.0005257972814327529
finish loading item data
>>>>>>>>>>U-B statistics in train>>>>>>>>>>
Average interactions 4.281129360198975
Non-zero rows 0.3680806070406767
Non-zero columns 0.8645986166422134
Matrix density 0.0008973233061660289
finish loading bundle train data
>>>>>>>>>>U-B statistics in test>>>>>>>>>>
Average interactions 0.6454783082008362
Non-zero rows 0.3680806070406767
Non-zero columns 0.34835464263257176
Matrix density 0.00013529203381263145
finish loading bundle test data
IHGCN model
/data/lzm/IHBR - 副本/model/IHGCN.py:169: UserWarning: Creating a tensor from a list of numpy.ndarrays is extremely slow. Please consider converting the list to a single numpy.ndarray with numpy.array() before converting to a tensor. (Triggered internally at  /opt/conda/conda-bld/pytorch_1640811805959/work/torch/csrc/utils/tensor_new.cpp:201.)
  ub_indices = torch.tensor([ub_graph_coo.row, ub_graph_coo.col], dtype=torch.long)
finish generating bi, ui graph
finish generating non-atom graph
U-B Train Epoch: 1 [2048/34416 (6%)]	Loss: 0.957657
Train Epoch: 1: time = 14s
Test: time=3s
Recall@20:0.1789364648775782	NDCG@20:0.08302089643462279	Precision@20:0.013298412076763785	Recall@40:0.255542008689063	NDCG@40:0.1007479880056739	Precision@40:0.010070969825582192	Recall@80:0.3624956518381421	NDCG@80:0.12094708462348054	Precision@80:0.0071814805521035205	
Test: time=3s
Recall@20:0.1458191737890163	NDCG@20:0.06737703824212479	Precision@20:0.01824940890627723	Recall@40:0.23192349169938375	NDCG@40:0.08961030058298372	Precision@40:0.015182494150299042	Recall@80:0.33784844287950955	NDCG@80:0.11324626668638053	Precision@80:0.011655120682015376	
U-B Train Epoch: 2 [2048/34416 (6%)]	Loss: 0.939608
Train Epoch: 2: time = 8s
U-B Train Epoch: 3 [2048/34416 (6%)]	Loss: 0.894478
Train Epoch: 3: time = 9s
U-B Train Epoch: 4 [2048/34416 (6%)]	Loss: 0.803118
Train Epoch: 4: time = 8s
U-B Train Epoch: 5 [2048/34416 (6%)]	Loss: 0.712352
Train Epoch: 5: time = 8s
U-B Train Epoch: 6 [2048/34416 (6%)]	Loss: 0.660952
Train Epoch: 6: time = 8s
Test: time=3s
Recall@20:0.17686570693851122	NDCG@20:0.07460564977214641	Precision@20:0.015190943143947094	Recall@40:0.2724543678152195	NDCG@40:0.09654149206637853	Precision@40:0.011726934710802682	Recall@80:0.3890275661910696	NDCG@80:0.11862912295677647	Precision@80:0.00827560025157458	
Test: time=3s
Recall@20:0.17036682933357447	NDCG@20:0.08651438948672219	Precision@20:0.02698546819245344	Recall@40:0.27657384894997256	NDCG@40:0.11471603512159671	Precision@40:0.02165427599536603	Recall@80:0.39610248757762334	NDCG@80:0.1413936917948618	Precision@80:0.01546975381070595	
U-B Train Epoch: 7 [2048/34416 (6%)]	Loss: 0.669340
Train Epoch: 7: time = 8s
U-B Train Epoch: 8 [2048/34416 (6%)]	Loss: 0.580832
Train Epoch: 8: time = 8s
U-B Train Epoch: 9 [2048/34416 (6%)]	Loss: 0.581032
Train Epoch: 9: time = 9s
U-B Train Epoch: 10 [2048/34416 (6%)]	Loss: 0.586024
Train Epoch: 10: time = 9s
U-B Train Epoch: 11 [2048/34416 (6%)]	Loss: 0.582630
Train Epoch: 11: time = 9s
Test: time=3s
Recall@20:0.22665166516447438	NDCG@20:0.10420095811787793	Precision@20:0.018857721623314037	Recall@40:0.3240314675731085	NDCG@40:0.12693480826503886	Precision@40:0.013881379746633352	Recall@80:0.42659426138343826	NDCG@80:0.1467562227806718	Precision@80:0.009200743623342254	
Test: time=3s
Recall@20:0.22328952326489365	NDCG@20:0.1191793675759468	Precision@20:0.0341331537368532	Recall@40:0.32524973156082343	NDCG@40:0.14632800206335544	Precision@40:0.02479722879351132	Recall@80:0.4406689911043374	NDCG@80:0.17260923446856385	Precision@80:0.01714261619977832	
U-B Train Epoch: 12 [2048/34416 (6%)]	Loss: 0.533140
Train Epoch: 12: time = 9s
U-B Train Epoch: 13 [2048/34416 (6%)]	Loss: 0.590817
Train Epoch: 13: time = 9s
U-B Train Epoch: 14 [2048/34416 (6%)]	Loss: 0.550034
Train Epoch: 14: time = 9s
U-B Train Epoch: 15 [2048/34416 (6%)]	Loss: 0.577004
Train Epoch: 15: time = 8s
U-B Train Epoch: 16 [2048/34416 (6%)]	Loss: 0.598631
Train Epoch: 16: time = 9s
Test: time=3s
Recall@20:0.23884033842560567	NDCG@20:0.11226865479010673	Precision@20:0.019888476609941995	Recall@40:0.33332047070873555	NDCG@40:0.13432271015648103	Precision@40:0.014244677449207365	Recall@80:0.44133447851430485	NDCG@80:0.15516487268549076	Precision@80:0.00950490030415681	
Test: time=3s
Recall@20:0.2366509780806438	NDCG@20:0.12921761644575475	Precision@20:0.03585670976551774	Recall@40:0.33620686738947914	NDCG@40:0.15594282082586364	Precision@40:0.025709700125139602	Recall@80:0.4557760173543638	NDCG@80:0.1830565622425756	Precision@80:0.017712910218027726	
U-B Train Epoch: 17 [2048/34416 (6%)]	Loss: 0.532941
Train Epoch: 17: time = 9s
U-B Train Epoch: 18 [2048/34416 (6%)]	Loss: 0.562046
Train Epoch: 18: time = 9s
U-B Train Epoch: 19 [2048/34416 (6%)]	Loss: 0.537978
Train Epoch: 19: time = 9s
U-B Train Epoch: 20 [2048/34416 (6%)]	Loss: 0.565176
Train Epoch: 20: time = 9s
U-B Train Epoch: 21 [2048/34416 (6%)]	Loss: 0.552011
Train Epoch: 21: time = 9s
Test: time=3s
Recall@20:0.2494981771548401	NDCG@20:0.12108044819317786	Precision@20:0.02056438063157092	Recall@40:0.3399794650424288	NDCG@40:0.14229867618685843	Precision@40:0.014472795765558663	Recall@80:0.44811095882001944	NDCG@80:0.16326048536129842	Precision@80:0.009673876148415965	
Test: time=3s
Recall@20:0.24095215689455105	NDCG@20:0.13450186040684273	Precision@20:0.03680297513796132	Recall@40:0.34195867282549003	NDCG@40:0.16167769926792466	Precision@40:0.026385602212991615	Recall@80:0.46296976030819637	NDCG@80:0.18895700550756167	Precision@80:0.018076208565194044	
U-B Train Epoch: 22 [2048/34416 (6%)]	Loss: 0.556507
Train Epoch: 22: time = 9s
U-B Train Epoch: 23 [2048/34416 (6%)]	Loss: 0.535338
Train Epoch: 23: time = 9s
U-B Train Epoch: 24 [2048/34416 (6%)]	Loss: 0.536031
Train Epoch: 24: time = 10s
U-B Train Epoch: 25 [2048/34416 (6%)]	Loss: 0.529420
Train Epoch: 25: time = 8s
U-B Train Epoch: 26 [2048/34416 (6%)]	Loss: 0.574638
Train Epoch: 26: time = 9s
Test: time=3s
Recall@20:0.24678650108613287	NDCG@20:0.11922571118436338	Precision@20:0.020412301324275184	Recall@40:0.3459217603966448	NDCG@40:0.1422408614137681	Precision@40:0.014658668469077391	Recall@80:0.449292738883227	NDCG@80:0.16231264073770568	Precision@80:0.009699222807063973	
Test: time=3s
Recall@20:0.24259042175849896	NDCG@20:0.13749964779476412	Precision@20:0.03685366781066503	Recall@40:0.34087354035424233	NDCG@40:0.1643857656197195	Precision@40:0.026546131480823864	Recall@80:0.4659951362468053	NDCG@80:0.19241755860365095	Precision@80:0.018270531229249286	
U-B Train Epoch: 27 [2048/34416 (6%)]	Loss: 0.512882
Train Epoch: 27: time = 10s
U-B Train Epoch: 28 [2048/34416 (6%)]	Loss: 0.546932
Train Epoch: 28: time = 10s
U-B Train Epoch: 29 [2048/34416 (6%)]	Loss: 0.546797
Train Epoch: 29: time = 10s
U-B Train Epoch: 30 [2048/34416 (6%)]	Loss: 0.499313
Train Epoch: 30: time = 9s
U-B Train Epoch: 31 [2048/34416 (6%)]	Loss: 0.524024
Train Epoch: 31: time = 9s
Test: time=3s
Recall@20:0.2510324924851882	NDCG@20:0.1214140272897899	Precision@20:0.02059817499468237	Recall@40:0.3487540061669641	NDCG@40:0.14427521793614292	Precision@40:0.014768503452725167	Recall@80:0.4547576130786108	NDCG@80:0.16479964286904755	Precision@80:0.009766813467063788	
Test: time=3s
Recall@20:0.2518054772648065	NDCG@20:0.14133316973408722	Precision@20:0.03783372786851621	Recall@40:0.345780615308632	NDCG@40:0.16711843477064148	Precision@40:0.02676580080352711	Recall@80:0.4680868124953796	NDCG@80:0.1946174954191661	Precision@80:0.01830855089492514	
U-B Train Epoch: 32 [2048/34416 (6%)]	Loss: 0.487332
Train Epoch: 32: time = 9s
U-B Train Epoch: 33 [2048/34416 (6%)]	Loss: 0.536517
Train Epoch: 33: time = 10s
U-B Train Epoch: 34 [2048/34416 (6%)]	Loss: 0.498072
Train Epoch: 34: time = 9s
U-B Train Epoch: 35 [2048/34416 (6%)]	Loss: 0.503280
Train Epoch: 35: time = 9s
U-B Train Epoch: 36 [2048/34416 (6%)]	Loss: 0.587998
Train Epoch: 36: time = 9s
Test: time=3s
Recall@20:0.2557403574766602	NDCG@20:0.12419805497726745	Precision@20:0.02105441033820036	Recall@40:0.3531846706832571	NDCG@40:0.14694009144671183	Precision@40:0.014920581793132446	Recall@80:0.4596235836708453	NDCG@80:0.16767763664449298	Precision@80:0.009889320974295185	
Test: time=3s
Recall@20:0.25319611554856475	NDCG@20:0.1425534371146885	Precision@20:0.03788442118581222	Recall@40:0.35087470969625245	NDCG@40:0.16919839748783505	Precision@40:0.026985468837045744	Recall@80:0.47163830983070715	NDCG@80:0.19656705195616128	Precision@80:0.018426833905332514	
U-B Train Epoch: 37 [2048/34416 (6%)]	Loss: 0.528430
Train Epoch: 37: time = 9s
U-B Train Epoch: 38 [2048/34416 (6%)]	Loss: 0.525309
Train Epoch: 38: time = 10s
U-B Train Epoch: 39 [2048/34416 (6%)]	Loss: 0.499751
Train Epoch: 39: time = 10s
U-B Train Epoch: 40 [2048/34416 (6%)]	Loss: 0.510778
Train Epoch: 40: time = 9s
U-B Train Epoch: 41 [2048/34416 (6%)]	Loss: 0.478747
Train Epoch: 41: time = 9s
Test: time=3s
Recall@20:0.25795635753243545	NDCG@20:0.1260043934173945	Precision@20:0.021189591335903837	Recall@40:0.355825647867866	NDCG@40:0.14873696469342076	Precision@40:0.015005069473539908	Recall@80:0.4661235390341173	NDCG@80:0.17016717846951962	Precision@80:0.010007604145850632	
Test: time=3s
Recall@20:0.2539817085536842	NDCG@20:0.14606083660119287	Precision@20:0.038171680523922974	Recall@40:0.35013727031474423	NDCG@40:0.17244753462110432	Precision@40:0.027137546210564564	Recall@80:0.47281611920531114	NDCG@80:0.20005903537308053	Precision@80:0.01851554656600823	
U-B Train Epoch: 42 [2048/34416 (6%)]	Loss: 0.481743
Train Epoch: 42: time = 9s
U-B Train Epoch: 43 [2048/34416 (6%)]	Loss: 0.488851
Train Epoch: 43: time = 10s
U-B Train Epoch: 44 [2048/34416 (6%)]	Loss: 0.511316
Train Epoch: 44: time = 9s
U-B Train Epoch: 45 [2048/34416 (6%)]	Loss: 0.517390
Train Epoch: 45: time = 9s
U-B Train Epoch: 46 [2048/34416 (6%)]	Loss: 0.551942
Train Epoch: 46: time = 9s
Test: time=3s
Recall@20:0.25557754377369624	NDCG@20:0.12485217435733012	Precision@20:0.020834741015497114	Recall@40:0.3535114789822892	NDCG@40:0.14769207540900775	Precision@40:0.014903683483540186	Recall@80:0.4654119606959171	NDCG@80:0.16944373963289303	Precision@80:0.010003379649026607	
Test: time=3s
Recall@20:0.2517944830984391	NDCG@20:0.1441651267270536	Precision@20:0.03813788583851537	Recall@40:0.35534960355819906	NDCG@40:0.17204148272236847	Precision@40:0.02733186951921211	Recall@80:0.47365810114534046	NDCG@80:0.19902073640040185	Precision@80:0.018595810233035897	
U-B Train Epoch: 47 [2048/34416 (6%)]	Loss: 0.488682
Train Epoch: 47: time = 9s
U-B Train Epoch: 48 [2048/34416 (6%)]	Loss: 0.491702
Train Epoch: 48: time = 9s
U-B Train Epoch: 49 [2048/34416 (6%)]	Loss: 0.494285
Train Epoch: 49: time = 9s
U-B Train Epoch: 50 [2048/34416 (6%)]	Loss: 0.495211
Train Epoch: 50: time = 9s
U-B Train Epoch: 51 [2048/34416 (6%)]	Loss: 0.512173
Train Epoch: 51: time = 9s
Test: time=3s
Recall@20:0.2582383795580617	NDCG@20:0.1255194872527076	Precision@20:0.02113889866320013	Recall@40:0.3518278967008755	NDCG@40:0.14725281153630873	Precision@40:0.014827644796780776	Recall@80:0.4622348219448346	NDCG@80:0.16876613904431528	Precision@80:0.009923116304295094	
Test: time=3s
Recall@20:0.253393020449397	NDCG@20:0.14756338900108118	Precision@20:0.03823927053933049	Recall@40:0.3558724916799119	NDCG@40:0.1753733623023773	Precision@40:0.027365664849212018	Recall@80:0.4783668634093021	NDCG@80:0.2030764699344822	Precision@80:0.01866762490641551	
U-B Train Epoch: 52 [2048/34416 (6%)]	Loss: 0.496881
Train Epoch: 52: time = 9s
U-B Train Epoch: 53 [2048/34416 (6%)]	Loss: 0.468557
Train Epoch: 53: time = 9s
U-B Train Epoch: 54 [2048/34416 (6%)]	Loss: 0.505047
Train Epoch: 54: time = 9s
U-B Train Epoch: 55 [2048/34416 (6%)]	Loss: 0.485612
Train Epoch: 55: time = 9s
U-B Train Epoch: 56 [2048/34416 (6%)]	Loss: 0.487826
Train Epoch: 56: time = 9s
Test: time=3s
Recall@20:0.2587293526255307	NDCG@20:0.12695592768734554	Precision@20:0.020868537312385478	Recall@40:0.35591428704501893	NDCG@40:0.14957859081849734	Precision@40:0.014878337469484484	Recall@80:0.46371052578600247	NDCG@80:0.17073961253422423	Precision@80:0.009973808654702649	
Test: time=3s
Recall@20:0.25707498842415355	NDCG@20:0.14913300736283241	Precision@20:0.038594119248256446	Recall@40:0.35468257428343614	NDCG@40:0.17564855422793146	Precision@40:0.027222034857860487	Recall@80:0.47741820917777333	NDCG@80:0.20359406724254922	Precision@80:0.01865917591276746	
U-B Train Epoch: 57 [2048/34416 (6%)]	Loss: 0.491644
Train Epoch: 57: time = 9s
U-B Train Epoch: 58 [2048/34416 (6%)]	Loss: 0.478053
Train Epoch: 58: time = 9s
U-B Train Epoch: 59 [2048/34416 (6%)]	Loss: 0.465198
Train Epoch: 59: time = 9s
U-B Train Epoch: 60 [2048/34416 (6%)]	Loss: 0.471436
Train Epoch: 60: time = 9s
U-B Train Epoch: 61 [2048/34416 (6%)]	Loss: 0.456505
Train Epoch: 61: time = 9s
Test: time=3s
Recall@20:0.2596990979173047	NDCG@20:0.12794601115555165	Precision@20:0.02091922998508919	Recall@40:0.35464456912108716	NDCG@40:0.1500711908369461	Precision@40:0.014785400795428968	Recall@80:0.4631743590627904	NDCG@80:0.17149618857210655	Precision@80:0.009978032990378598	
Test: time=3s
Recall@20:0.2531693881731978	NDCG@20:0.14863911300303365	Precision@20:0.03856032520744115	Recall@40:0.3564257942449809	NDCG@40:0.17631805615877935	Precision@40:0.027365663560027405	Recall@80:0.47989151501180194	NDCG@80:0.2043837443845181	Precision@80:0.018760561258174876	
U-B Train Epoch: 62 [2048/34416 (6%)]	Loss: 0.441052
Train Epoch: 62: time = 9s
U-B Train Epoch: 63 [2048/34416 (6%)]	Loss: 0.421132
Train Epoch: 63: time = 9s
U-B Train Epoch: 64 [2048/34416 (6%)]	Loss: 0.490673
Train Epoch: 64: time = 9s
U-B Train Epoch: 65 [2048/34416 (6%)]	Loss: 0.419106
Train Epoch: 65: time = 9s
U-B Train Epoch: 66 [2048/34416 (6%)]	Loss: 0.439953
Train Epoch: 66: time = 9s
Test: time=3s
Recall@20:0.25722211532876393	NDCG@20:0.1254539528421632	Precision@20:0.02076715164468191	Recall@40:0.35508255154428225	NDCG@40:0.14835220754609876	Precision@40:0.0149290307867805	Recall@80:0.4628055800695442	NDCG@80:0.16946663555159444	Precision@80:0.009978032990378598	
Test: time=3s
Recall@20:0.25596402069329005	NDCG@20:0.14982663767287038	Precision@20:0.038509631890145134	Recall@40:0.35572279671955526	NDCG@40:0.176766617630897	Precision@40:0.027247381516508493	Recall@80:0.4814115977440383	NDCG@80:0.20531096205432578	Precision@80:0.018794357232767088	
U-B Train Epoch: 67 [2048/34416 (6%)]	Loss: 0.479737
Train Epoch: 67: time = 9s
U-B Train Epoch: 68 [2048/34416 (6%)]	Loss: 0.445074
Train Epoch: 68: time = 9s
U-B Train Epoch: 69 [2048/34416 (6%)]	Loss: 0.464017
Train Epoch: 69: time = 9s
U-B Train Epoch: 70 [2048/34416 (6%)]	Loss: 0.447686
Train Epoch: 70: time = 9s
U-B Train Epoch: 71 [2048/34416 (6%)]	Loss: 0.449810
Train Epoch: 71: time = 9s
Test: time=3s
Recall@20:0.2561383906471121	NDCG@20:0.1268079267155685	Precision@20:0.02058127765197857	Recall@40:0.35841835282387946	NDCG@40:0.15048446990461437	Precision@40:0.014827644796780776	Recall@80:0.4661742297730441	NDCG@80:0.1718160378526054	Precision@80:0.01000760382355448	
Test: time=3s
Recall@20:0.2549182083526952	NDCG@20:0.15003495443588416	Precision@20:0.03808719252121936	Recall@40:0.36091146053354173	NDCG@40:0.17849661571506553	Precision@40:0.027407909495156133	Recall@80:0.481190043633433	NDCG@80:0.2059985667154893	Precision@80:0.018764785593850825	
U-B Train Epoch: 72 [2048/34416 (6%)]	Loss: 0.476506
Train Epoch: 72: time = 9s
U-B Train Epoch: 73 [2048/34416 (6%)]	Loss: 0.443557
Train Epoch: 73: time = 10s
U-B Train Epoch: 74 [2048/34416 (6%)]	Loss: 0.423141
Train Epoch: 74: time = 9s
U-B Train Epoch: 75 [2048/34416 (6%)]	Loss: 0.450682
Train Epoch: 75: time = 10s
U-B Train Epoch: 76 [2048/34416 (6%)]	Loss: 0.439613
Train Epoch: 76: time = 10s
Test: time=3s
Recall@20:0.2586966331200891	NDCG@20:0.12759414110767073	Precision@20:0.020665766299274493	Recall@40:0.35722572813971937	NDCG@40:0.15046899968927557	Precision@40:0.014760054459077113	Recall@80:0.4669897370178903	NDCG@80:0.17213475265064607	Precision@80:0.009978033312674751	
Test: time=3s
Recall@20:0.2537343965345398	NDCG@20:0.14921667286575385	Precision@20:0.037563366517701556	Recall@40:0.3612521868696403	NDCG@40:0.17798984497936646	Precision@40:0.027222035502452793	Recall@80:0.4840414827842493	NDCG@80:0.20605063430358123	Precision@80:0.018773234265202724	
U-B Train Epoch: 77 [2048/34416 (6%)]	Loss: 0.427722
Train Epoch: 77: time = 9s
U-B Train Epoch: 78 [2048/34416 (6%)]	Loss: 0.461955
Train Epoch: 78: time = 10s
U-B Train Epoch: 79 [2048/34416 (6%)]	Loss: 0.447265
Train Epoch: 79: time = 9s
U-B Train Epoch: 80 [2048/34416 (6%)]	Loss: 0.386166
Train Epoch: 80: time = 10s
U-B Train Epoch: 81 [2048/34416 (6%)]	Loss: 0.446296
Train Epoch: 81: time = 10s
Test: time=3s
Recall@20:0.26189430600366465	NDCG@20:0.1280082684588134	Precision@20:0.020936126683200683	Recall@40:0.3593351126281181	NDCG@40:0.15064015183830712	Precision@40:0.014869889120428737	Recall@80:0.4681289636754393	NDCG@80:0.17210085740883876	Precision@80:0.010003379810174682	
Test: time=3s
Recall@20:0.2553862339340782	NDCG@20:0.15001713790455232	Precision@20:0.03774923857662798	Recall@40:0.3614717401657285	NDCG@40:0.1785594196326026	Precision@40:0.02734876686191591	Recall@80:0.48540993677921174	NDCG@80:0.20682705347100477	Precision@80:0.018857722912498646	
U-B Train Epoch: 82 [2048/34416 (6%)]	Loss: 0.402844
Train Epoch: 82: time = 9s
U-B Train Epoch: 83 [2048/34416 (6%)]	Loss: 0.458855
Train Epoch: 83: time = 9s
U-B Train Epoch: 84 [2048/34416 (6%)]	Loss: 0.425415
Train Epoch: 84: time = 9s
U-B Train Epoch: 85 [2048/34416 (6%)]	Loss: 0.434532
Train Epoch: 85: time = 10s
U-B Train Epoch: 86 [2048/34416 (6%)]	Loss: 0.414200
Train Epoch: 86: time = 10s
Test: time=3s
Recall@20:0.2606874693483467	NDCG@20:0.12755211626770288	Precision@20:0.020969922657792895	Recall@40:0.3614247932189137	NDCG@40:0.15088480040204408	Precision@40:0.014988171808539955	Recall@80:0.47524420044316595	NDCG@80:0.17313833903847373	Precision@80:0.010108989813554202	
Test: time=3s
Recall@20:0.2560122826084087	NDCG@20:0.1498876986128126	Precision@20:0.037749240510404895	Recall@40:0.36106726107221876	NDCG@40:0.1781389159743711	Precision@40:0.02719668819921248	Recall@80:0.4872865976615305	NDCG@80:0.20687203570047155	Precision@80:0.018845048938582337	
U-B Train Epoch: 87 [2048/34416 (6%)]	Loss: 0.393112
Train Epoch: 87: time = 10s
U-B Train Epoch: 88 [2048/34416 (6%)]	Loss: 0.420986
Train Epoch: 88: time = 9s
U-B Train Epoch: 89 [2048/34416 (6%)]	Loss: 0.409180
Train Epoch: 89: time = 9s
U-B Train Epoch: 90 [2048/34416 (6%)]	Loss: 0.440610
Train Epoch: 90: time = 9s
U-B Train Epoch: 91 [2048/34416 (6%)]	Loss: 0.381381
Train Epoch: 91: time = 9s
Test: time=3s
Recall@20:0.26470414058869657	NDCG@20:0.12932147057969332	Precision@20:0.02105441066049651	Recall@40:0.3604851013988045	NDCG@40:0.15163443804834695	Precision@40:0.014869888153540279	Recall@80:0.4694864131905574	NDCG@80:0.17315049862773002	Precision@80:0.010007603984702556	
Test: time=3s
Recall@20:0.25675577084411433	NDCG@20:0.1499934169076995	Precision@20:0.03807029388933095	Recall@40:0.3610046015433582	NDCG@40:0.1781473884956383	Precision@40:0.027391010863267718	Recall@80:0.48491485894793956	NDCG@80:0.2064745439875565	Precision@80:0.018857723234794798	
U-B Train Epoch: 92 [2048/34416 (6%)]	Loss: 0.409694
Train Epoch: 92: time = 9s
U-B Train Epoch: 93 [2048/34416 (6%)]	Loss: 0.383449
Train Epoch: 93: time = 9s
U-B Train Epoch: 94 [2048/34416 (6%)]	Loss: 0.404572
Train Epoch: 94: time = 8s
U-B Train Epoch: 95 [2048/34416 (6%)]	Loss: 0.403645
Train Epoch: 95: time = 9s
U-B Train Epoch: 96 [2048/34416 (6%)]	Loss: 0.363791
Train Epoch: 96: time = 9s
Test: time=3s
Recall@20:0.26645988111118885	NDCG@20:0.13016000781844056	Precision@20:0.021189591335903837	Recall@40:0.36132528879385456	NDCG@40:0.15219925045362798	Precision@40:0.014895234812188286	Recall@80:0.4736311623436972	NDCG@80:0.1742533083983715	Precision@80:0.010062521315378367	
Test: time=3s
Recall@20:0.2581999876403293	NDCG@20:0.1512684668991847	Precision@20:0.03783372851310851	Recall@40:0.36254235126151146	NDCG@40:0.1796235564432663	Precision@40:0.02744170418056373	Recall@80:0.4876439596358567	NDCG@80:0.2080218903959583	Precision@80:0.0188746205774986	
U-B Train Epoch: 97 [2048/34416 (6%)]	Loss: 0.367080
Train Epoch: 97: time = 9s
U-B Train Epoch: 98 [2048/34416 (6%)]	Loss: 0.432110
Train Epoch: 98: time = 10s
U-B Train Epoch: 99 [2048/34416 (6%)]	Loss: 0.339875
Train Epoch: 99: time = 9s
U-B Train Epoch: 100 [2048/34416 (6%)]	Loss: 0.390054
Train Epoch: 100: time = 9s
U-B Train Epoch: 101 [2048/34416 (6%)]	Loss: 0.387075
Train Epoch: 101: time = 9s
Test: time=3s
Recall@20:0.2662896932722468	NDCG@20:0.12949996850264156	Precision@20:0.021172693670903884	Recall@40:0.36188290754900304	NDCG@40:0.1516909662151949	Precision@40:0.014895234812188286	Recall@80:0.4732186438949497	NDCG@80:0.17360445404826244	Precision@80:0.010070969986730268	
Test: time=3s
Recall@20:0.25992893890659324	NDCG@20:0.15145645837761254	Precision@20:0.03837445250392242	Recall@40:0.3655746320728999	NDCG@40:0.18004704327468898	Precision@40:0.027788104218137794	Recall@80:0.4890537500462044	NDCG@80:0.20797042614626457	Precision@80:0.018916864256554256	
U-B Train Epoch: 102 [2048/34416 (6%)]	Loss: 0.400349
Train Epoch: 102: time = 9s
U-B Train Epoch: 103 [2048/34416 (6%)]	Loss: 0.369383
Train Epoch: 103: time = 9s
U-B Train Epoch: 104 [2048/34416 (6%)]	Loss: 0.339527
Train Epoch: 104: time = 9s
U-B Train Epoch: 105 [2048/34416 (6%)]	Loss: 0.341682
Train Epoch: 105: time = 9s
U-B Train Epoch: 106 [2048/34416 (6%)]	Loss: 0.374594
Train Epoch: 106: time = 9s
Test: time=3s
Recall@20:0.2649829396527939	NDCG@20:0.12913451560569317	Precision@20:0.021138898340903975	Recall@40:0.363762286032483	NDCG@40:0.1520133165138402	Precision@40:0.014954376478540048	Recall@80:0.4748684289125866	NDCG@80:0.17390089947132292	Precision@80:0.01009209214855425	
Test: time=3s
Recall@20:0.26035024443765314	NDCG@20:0.15223853706548085	Precision@20:0.03857722190555264	Recall@40:0.36974650567026707	NDCG@40:0.1815604738143297	Precision@40:0.027999324224896833	Recall@80:0.4878018280266507	NDCG@80:0.2085106718495876	Precision@80:0.018916864256554256	
U-B Train Epoch: 107 [2048/34416 (6%)]	Loss: 0.354369
Train Epoch: 107: time = 10s
U-B Train Epoch: 108 [2048/34416 (6%)]	Loss: 0.387840
Train Epoch: 108: time = 9s
U-B Train Epoch: 109 [2048/34416 (6%)]	Loss: 0.341192
Train Epoch: 109: time = 9s
U-B Train Epoch: 110 [2048/34416 (6%)]	Loss: 0.343238
Train Epoch: 110: time = 9s
U-B Train Epoch: 111 [2048/34416 (6%)]	Loss: 0.365884
Train Epoch: 111: time = 9s
Test: time=3s
Recall@20:0.2655240620016528	NDCG@20:0.12977639031031518	Precision@20:0.0212571816736075	Recall@40:0.36605513696132297	NDCG@40:0.15303139333670185	Precision@40:0.015081108804891625	Recall@80:0.47873797324832607	NDCG@80:0.17510803779584003	Precision@80:0.01015123381490601	
Test: time=3s
Recall@20:0.261080711908782	NDCG@20:0.1531144451877482	Precision@20:0.03835755516121862	Recall@40:0.3687248371790776	NDCG@40:0.18218448557697386	Precision@40:0.027855694878137608	Recall@80:0.48921343360893144	NDCG@80:0.2098503460872814	Precision@80:0.019047820273989477	
U-B Train Epoch: 112 [2048/34416 (6%)]	Loss: 0.378716
Train Epoch: 112: time = 9s
U-B Train Epoch: 113 [2048/34416 (6%)]	Loss: 0.338938
Train Epoch: 113: time = 9s
U-B Train Epoch: 114 [2048/34416 (6%)]	Loss: 0.352556
Train Epoch: 114: time = 9s
U-B Train Epoch: 115 [2048/34416 (6%)]	Loss: 0.306283
Train Epoch: 115: time = 9s
U-B Train Epoch: 116 [2048/34416 (6%)]	Loss: 0.338851
Train Epoch: 116: time = 9s
Test: time=3s
Recall@20:0.2656109685146877	NDCG@20:0.12950491897154998	Precision@20:0.021274079338607452	Recall@40:0.366436266343148	NDCG@40:0.15284304862169046	Precision@40:0.01512335248394728	Recall@80:0.4777677122827074	NDCG@80:0.17466902918169408	Precision@80:0.01013011165308203	
Test: time=3s
Recall@20:0.26443228765128635	NDCG@20:0.15277991725126203	Precision@20:0.03896586594447851	Recall@40:0.37162546130119445	NDCG@40:0.18164994838311085	Precision@40:0.028159851558952165	Recall@80:0.4918021059954799	NDCG@80:0.20906452102893186	Precision@80:0.01907316757722979	
U-B Train Epoch: 117 [2048/34416 (6%)]	Loss: 0.358838
Train Epoch: 117: time = 9s
U-B Train Epoch: 118 [2048/34416 (6%)]	Loss: 0.320737
Train Epoch: 118: time = 10s
U-B Train Epoch: 119 [2048/34416 (6%)]	Loss: 0.345510
Train Epoch: 119: time = 9s
U-B Train Epoch: 120 [2048/34416 (6%)]	Loss: 0.326785
Train Epoch: 120: time = 9s
U-B Train Epoch: 121 [2048/34416 (6%)]	Loss: 0.335535
Train Epoch: 121: time = 9s
Test: time=3s
Recall@20:0.2702304470091907	NDCG@20:0.13128103634601268	Precision@20:0.021645826679421824	Recall@40:0.36571531305445254	NDCG@40:0.15344805006805246	Precision@40:0.015148698820299135	Recall@80:0.4821601602103751	NDCG@80:0.1761257046579952	Precision@80:0.010214599816933722	
Test: time=3s
Recall@20:0.2621574440531007	NDCG@20:0.15212145847579683	Precision@20:0.03884758454555191	Recall@40:0.3722719822271566	NDCG@40:0.18182370984179622	Precision@40:0.028210544231655872	Recall@80:0.49353186171294144	NDCG@80:0.20946794814779857	Precision@80:0.01916610425128531	
U-B Train Epoch: 122 [2048/34416 (6%)]	Loss: 0.313117
Train Epoch: 122: time = 9s
U-B Train Epoch: 123 [2048/34416 (6%)]	Loss: 0.324698
Train Epoch: 123: time = 9s
U-B Train Epoch: 124 [2048/34416 (6%)]	Loss: 0.290312
Train Epoch: 124: time = 9s
U-B Train Epoch: 125 [2048/34416 (6%)]	Loss: 0.302578
Train Epoch: 125: time = 9s
U-B Train Epoch: 126 [2048/34416 (6%)]	Loss: 0.301827
Train Epoch: 126: time = 9s
Test: time=3s
Recall@20:0.2707975954169879	NDCG@20:0.13120634356798777	Precision@20:0.021578235697125858	Recall@40:0.3668953449833268	NDCG@40:0.15357541635093677	Precision@40:0.01514869946489144	Recall@80:0.4829829075159999	NDCG@80:0.1762054072074207	Precision@80:0.010210375320109696	
Test: time=3s
Recall@20:0.26282073984922855	NDCG@20:0.15344535051547584	Precision@20:0.039033457893662936	Recall@40:0.3724860023428919	NDCG@40:0.18296638377899654	Precision@40:0.028218993547600078	Recall@80:0.494281507094352	NDCG@80:0.21083209626615834	Precision@80:0.01925904060304467	
U-B Train Epoch: 127 [2048/34416 (6%)]	Loss: 0.313340
Train Epoch: 127: time = 9s
U-B Train Epoch: 128 [2048/34416 (6%)]	Loss: 0.286541
Train Epoch: 128: time = 10s
U-B Train Epoch: 129 [2048/34416 (6%)]	Loss: 0.310189
Train Epoch: 129: time = 9s
U-B Train Epoch: 130 [2048/34416 (6%)]	Loss: 0.298186
Train Epoch: 130: time = 9s
U-B Train Epoch: 131 [2048/34416 (6%)]	Loss: 0.307198
Train Epoch: 131: time = 9s
Test: time=3s
Recall@20:0.2720826133838897	NDCG@20:0.13238404980782278	Precision@20:0.021865495357532766	Recall@40:0.36982707970849	NDCG@40:0.154935178663248	Precision@40:0.015241636138946956	Recall@80:0.4810804629414498	NDCG@80:0.17671601971326223	Precision@80:0.010197701990785693	
Test: time=3s
Recall@20:0.26529051331742143	NDCG@20:0.1539865399019345	Precision@20:0.039455898551773325	Recall@40:0.3731191105921553	NDCG@40:0.18304984301238014	Precision@40:0.028345724907063198	Recall@80:0.4934112456006833	NDCG@80:0.2106447725853593	Precision@80:0.019288611597368627	
U-B Train Epoch: 132 [2048/34416 (6%)]	Loss: 0.273267
Train Epoch: 132: time = 9s
U-B Train Epoch: 133 [2048/34416 (6%)]	Loss: 0.319887
Train Epoch: 133: time = 9s
U-B Train Epoch: 134 [2048/34416 (6%)]	Loss: 0.260691
Train Epoch: 134: time = 9s
U-B Train Epoch: 135 [2048/34416 (6%)]	Loss: 0.335480
Train Epoch: 135: time = 9s
U-B Train Epoch: 136 [2048/34416 (6%)]	Loss: 0.285157
Train Epoch: 136: time = 9s
Test: time=3s
Recall@20:0.2697212397145758	NDCG@20:0.13294015506023732	Precision@20:0.021764109689829194	Recall@40:0.3710371083849062	NDCG@40:0.15622860211381723	Precision@40:0.015300777160706412	Recall@80:0.48102695662333134	NDCG@80:0.17784138247949846	Precision@80:0.010210375481257772	
Test: time=3s
Recall@20:0.2673585613904349	NDCG@20:0.15445643480100435	Precision@20:0.039810748549883895	Recall@40:0.3730568378186782	NDCG@40:0.18288182100358547	Precision@40:0.02831192957706329	Recall@80:0.4935890705692643	NDCG@80:0.2104991411348983	Precision@80:0.01926326493872062	
U-B Train Epoch: 137 [2048/34416 (6%)]	Loss: 0.287417
Train Epoch: 137: time = 9s
U-B Train Epoch: 138 [2048/34416 (6%)]	Loss: 0.288748
Train Epoch: 138: time = 9s
U-B Train Epoch: 139 [2048/34416 (6%)]	Loss: 0.251533
Train Epoch: 139: time = 8s
U-B Train Epoch: 140 [2048/34416 (6%)]	Loss: 0.264255
Train Epoch: 140: time = 9s
U-B Train Epoch: 141 [2048/34416 (6%)]	Loss: 0.278688
Train Epoch: 141: time = 9s
Test: time=3s
Recall@20:0.27161136484097775	NDCG@20:0.13405011980547296	Precision@20:0.021831699705236705	Recall@40:0.37175954681427426	NDCG@40:0.157257368855478	Precision@40:0.01541061246665034	Recall@80:0.47988769902535167	NDCG@80:0.17846570880318785	Precision@80:0.010201926809905872	
Test: time=3s
Recall@20:0.26712768905345713	NDCG@20:0.15504976396989323	Precision@20:0.03987833727610679	Recall@40:0.3732381074885413	NDCG@40:0.1836205805101359	Precision@40:0.028404866251118807	Recall@80:0.495001068063667	NDCG@80:0.21146695264975499	Precision@80:0.019326631585340637	
U-B Train Epoch: 142 [2048/34416 (6%)]	Loss: 0.290744
Train Epoch: 142: time = 9s
U-B Train Epoch: 143 [2048/34416 (6%)]	Loss: 0.238361
Train Epoch: 143: time = 9s
U-B Train Epoch: 144 [2048/34416 (6%)]	Loss: 0.248116
Train Epoch: 144: time = 9s
U-B Train Epoch: 145 [2048/34416 (6%)]	Loss: 0.298239
Train Epoch: 145: time = 9s
U-B Train Epoch: 146 [2048/34416 (6%)]	Loss: 0.270481
Train Epoch: 146: time = 9s
Test: time=3s
Recall@20:0.2721394767387367	NDCG@20:0.13346159929518525	Precision@20:0.021899291009828827	Recall@40:0.37035048866078596	NDCG@40:0.15629676130423073	Precision@40:0.015334571846114014	Recall@80:0.48210760273213077	NDCG@80:0.17814197907700818	Precision@80:0.010223048327137546	
Test: time=3s
Recall@20:0.2693758671571371	NDCG@20:0.15517523515139853	Precision@20:0.04008110925610624	Recall@40:0.37723693125712865	NDCG@40:0.18406789147318034	Precision@40:0.028616087547062456	Recall@80:0.4926488218214029	NDCG@80:0.21075614782232174	Precision@80:0.019318182269396432	
U-B Train Epoch: 147 [2048/34416 (6%)]	Loss: 0.260521
Train Epoch: 147: time = 9s
U-B Train Epoch: 148 [2048/34416 (6%)]	Loss: 0.253463
Train Epoch: 148: time = 9s
U-B Train Epoch: 149 [2048/34416 (6%)]	Loss: 0.271012
Train Epoch: 149: time = 9s
U-B Train Epoch: 150 [2048/34416 (6%)]	Loss: 0.258620
Train Epoch: 150: time = 9s
U-B Train Epoch: 151 [2048/34416 (6%)]	Loss: 0.244070
Train Epoch: 151: time = 9s
Test: time=3s
Recall@20:0.2732109954204862	NDCG@20:0.13327690555099378	Precision@20:0.022017573053347738	Recall@40:0.3713342912215645	NDCG@40:0.15601791067274892	Precision@40:0.015343021806650526	Recall@80:0.48542314834311107	NDCG@80:0.17831463441529682	Precision@80:0.010290638987137361	
Test: time=3s
Recall@20:0.2676706936118489	NDCG@20:0.15573777601339397	Precision@20:0.04013180257340225	Recall@40:0.37491584202855693	NDCG@40:0.18453394975884616	Precision@40:0.028590740243822146	Recall@80:0.49571656552308635	NDCG@80:0.21233246478731466	Precision@80:0.019440689615479755	
U-B Train Epoch: 152 [2048/34416 (6%)]	Loss: 0.239670
Train Epoch: 152: time = 9s
U-B Train Epoch: 153 [2048/34416 (6%)]	Loss: 0.270975
Train Epoch: 153: time = 9s
U-B Train Epoch: 154 [2048/34416 (6%)]	Loss: 0.261117
Train Epoch: 154: time = 9s
U-B Train Epoch: 155 [2048/34416 (6%)]	Loss: 0.230354
Train Epoch: 155: time = 9s
U-B Train Epoch: 156 [2048/34416 (6%)]	Loss: 0.233855
Train Epoch: 156: time = 9s
Test: time=3s
Recall@20:0.2737305419756859	NDCG@20:0.1348226353218927	Precision@20:0.022186549381051125	Recall@40:0.37694751446857044	NDCG@40:0.15851982093493897	Precision@40:0.015579587827465267	Recall@80:0.48447634022394603	NDCG@80:0.17960253242062088	Precision@80:0.010307536329841162	
Test: time=3s
Recall@20:0.27003232511808517	NDCG@20:0.15637336981058847	Precision@20:0.040435958609624505	Recall@40:0.37458648114399395	NDCG@40:0.18453907297849254	Precision@40:0.028666780219766166	Recall@80:0.4966333614244941	NDCG@80:0.21263925462769834	Precision@80:0.019520952960211266	
U-B Train Epoch: 157 [2048/34416 (6%)]	Loss: 0.254493
Train Epoch: 157: time = 9s
U-B Train Epoch: 158 [2048/34416 (6%)]	Loss: 0.231389
Train Epoch: 158: time = 8s
U-B Train Epoch: 159 [2048/34416 (6%)]	Loss: 0.223395
Train Epoch: 159: time = 8s
U-B Train Epoch: 160 [2048/34416 (6%)]	Loss: 0.202753
Train Epoch: 160: time = 8s
U-B Train Epoch: 161 [2048/34416 (6%)]	Loss: 0.203571
Train Epoch: 161: time = 8s
Test: time=3s
Recall@20:0.2745040682128411	NDCG@20:0.13198311339362565	Precision@20:0.02208516468023601	Recall@40:0.375962360842319	NDCG@40:0.1553947162531485	Precision@40:0.015520446483409658	Recall@80:0.4846839402003158	NDCG@80:0.17658283662941054	Precision@80:0.010265292650785508	
Test: time=3s
Recall@20:0.2697869726595503	NDCG@20:0.15571036537018287	Precision@20:0.04011490523069845	Recall@40:0.3778021201043163	NDCG@40:0.18481891886049445	Precision@40:0.028751268222469782	Recall@80:0.4937273124135318	NDCG@80:0.21153479470075406	Precision@80:0.019347752941424236	
U-B Train Epoch: 162 [2048/34416 (6%)]	Loss: 0.224922
Train Epoch: 162: time = 8s
U-B Train Epoch: 163 [2048/34416 (6%)]	Loss: 0.262285
Train Epoch: 163: time = 8s
U-B Train Epoch: 164 [2048/34416 (6%)]	Loss: 0.218526
Train Epoch: 164: time = 8s
U-B Train Epoch: 165 [2048/34416 (6%)]	Loss: 0.228459
Train Epoch: 165: time = 8s
U-B Train Epoch: 166 [2048/34416 (6%)]	Loss: 0.217399
Train Epoch: 166: time = 8s
Test: time=3s
Recall@20:0.27432008609855524	NDCG@20:0.13547541394995935	Precision@20:0.02228793472645854	Recall@40:0.3780923929114566	NDCG@40:0.15930837390792657	Precision@40:0.015664075830168885	Recall@80:0.4844237724322248	NDCG@80:0.18015536572249125	Precision@80:0.010303312638757518	
Test: time=3s
Recall@20:0.2717229308772627	NDCG@20:0.15761504539084942	Precision@20:0.040689423262327655	Recall@40:0.37567641969547355	NDCG@40:0.18581597681744916	Precision@40:0.028894897569229007	Recall@80:0.4987967060239946	NDCG@80:0.21400702793318582	Precision@80:0.01960121727183124	
