nohup: ignoring input
>>>>>>>>>>B-I statistics>>>>>>>>>>
Average interactions 37.02934265136719
Non-zero rows 1.0
Non-zero columns 0.8566981995727799
Matrix density 0.0011299769286862884
finish loading assist data
>>>>>>>>>>U-I statistics>>>>>>>>>>
Average interactions 17.230377197265625
Non-zero rows 0.9958950118173903
Non-zero columns 0.641867561794324
Matrix density 0.0005257972814327529
finish loading item data
>>>>>>>>>>U-B statistics in train>>>>>>>>>>
Average interactions 4.281129360198975
Non-zero rows 0.3680806070406767
Non-zero columns 0.8645986166422134
Matrix density 0.0008973233061660289
finish loading bundle train data
>>>>>>>>>>U-B statistics in test>>>>>>>>>>
Average interactions 1.2123398780822754
Non-zero rows 0.3680806070406767
Non-zero columns 0.5017815971494446
Matrix density 0.0002541060245785134
finish loading bundle test data
>>>>>>>>>>B-I statistics>>>>>>>>>>
Average interactions 37.02934265136719
Non-zero rows 1.0
Non-zero columns 0.8566981995727799
Matrix density 0.0011299769286862884
finish loading assist data
>>>>>>>>>>U-I statistics>>>>>>>>>>
Average interactions 17.230377197265625
Non-zero rows 0.9958950118173903
Non-zero columns 0.641867561794324
Matrix density 0.0005257972814327529
finish loading item data
>>>>>>>>>>U-B statistics in train>>>>>>>>>>
Average interactions 4.281129360198975
Non-zero rows 0.3680806070406767
Non-zero columns 0.8645986166422134
Matrix density 0.0008973233061660289
finish loading bundle train data
>>>>>>>>>>U-B statistics in test>>>>>>>>>>
Average interactions 0.6454783082008362
Non-zero rows 0.3680806070406767
Non-zero columns 0.34835464263257176
Matrix density 0.00013529203381263145
finish loading bundle test data
IHGCN model
/data/lzm/IHBR - 副本/model/IHGCN.py:169: UserWarning: Creating a tensor from a list of numpy.ndarrays is extremely slow. Please consider converting the list to a single numpy.ndarray with numpy.array() before converting to a tensor. (Triggered internally at  /opt/conda/conda-bld/pytorch_1640811805959/work/torch/csrc/utils/tensor_new.cpp:201.)
  ub_indices = torch.tensor([ub_graph_coo.row, ub_graph_coo.col], dtype=torch.long)
finish generating bi, ui graph
finish generating non-atom graph
U-B Train Epoch: 1 [2048/34416 (6%)]	Loss: 1.000764
Train Epoch: 1: time = 19s
Test: time=3s
Recall@20:0.011878477072707701	NDCG@20:0.0042129437961301195	Precision@20:0.000996958468160987	Recall@40:0.025687974786065486	NDCG@40:0.007335928574974934	Precision@40:0.0011152416598599437	Recall@80:0.06295777785290572	NDCG@80:0.014352192867442779	Precision@80:0.0013264616464754744	
Test: time=3s
Recall@20:0.02114111606073202	NDCG@20:0.010598240691530177	Precision@20:0.0037512674489590153	Recall@40:0.048262415966821626	NDCG@40:0.017533114086175618	Precision@40:0.0037935113697367853	Recall@80:0.0943500638692997	NDCG@80:0.027849815551716558	Precision@80:0.003683677030681315	
U-B Train Epoch: 2 [2048/34416 (6%)]	Loss: 0.991529
Train Epoch: 2: time = 11s
U-B Train Epoch: 3 [2048/34416 (6%)]	Loss: 0.978307
Train Epoch: 3: time = 11s
U-B Train Epoch: 4 [2048/34416 (6%)]	Loss: 0.970683
Train Epoch: 4: time = 11s
U-B Train Epoch: 5 [2048/34416 (6%)]	Loss: 0.922638
Train Epoch: 5: time = 11s
U-B Train Epoch: 6 [2048/34416 (6%)]	Loss: 0.879085
Train Epoch: 6: time = 11s
Test: time=3s
Recall@20:0.1023369647635524	NDCG@20:0.044834355479682286	Precision@20:0.009141601795842415	Recall@40:0.18471210475868774	NDCG@40:0.06346220485098099	Precision@40:0.008026360095695451	Recall@80:0.28937771079426644	NDCG@80:0.0833530574281621	Precision@80:0.006222541528039786	
Test: time=3s
Recall@20:0.11317199418253897	NDCG@20:0.05504386672380608	Precision@20:0.018300102223573242	Recall@40:0.1957315314094051	NDCG@40:0.07684415512368581	Precision@40:0.01546975381070595	Recall@80:0.32645219014520055	NDCG@80:0.10558165678828099	Precision@80:0.012668976392162615	
U-B Train Epoch: 7 [2048/34416 (6%)]	Loss: 0.932401
Train Epoch: 7: time = 11s
U-B Train Epoch: 8 [2048/34416 (6%)]	Loss: 0.824062
Train Epoch: 8: time = 11s
U-B Train Epoch: 9 [2048/34416 (6%)]	Loss: 0.790024
Train Epoch: 9: time = 11s
U-B Train Epoch: 10 [2048/34416 (6%)]	Loss: 0.685606
Train Epoch: 10: time = 11s
U-B Train Epoch: 11 [2048/34416 (6%)]	Loss: 0.746478
Train Epoch: 11: time = 11s
Test: time=3s
Recall@20:0.18405228718264194	NDCG@20:0.07938873997488792	Precision@20:0.015985130175983395	Recall@40:0.28540678498067334	NDCG@40:0.10244765157593227	Precision@40:0.012233862404728226	Recall@80:0.4003219991247571	NDCG@80:0.12410027290284936	Precision@80:0.008453024606037559	
Test: time=3s
Recall@20:0.1724824070648472	NDCG@20:0.08928045496500679	Precision@20:0.02913146359004375	Recall@40:0.2747917420238045	NDCG@40:0.11635421232099104	Precision@40:0.02240621870375437	Recall@80:0.398205931503332	NDCG@80:0.1439423427343288	Precision@80:0.016035823493279408	
U-B Train Epoch: 12 [2048/34416 (6%)]	Loss: 0.640103
Train Epoch: 12: time = 11s
U-B Train Epoch: 13 [2048/34416 (6%)]	Loss: 0.715679
Train Epoch: 13: time = 11s
U-B Train Epoch: 14 [2048/34416 (6%)]	Loss: 0.659723
Train Epoch: 14: time = 11s
U-B Train Epoch: 15 [2048/34416 (6%)]	Loss: 0.727084
Train Epoch: 15: time = 11s
U-B Train Epoch: 16 [2048/34416 (6%)]	Loss: 0.694265
Train Epoch: 16: time = 10s
Test: time=3s
Recall@20:0.19045473893537196	NDCG@20:0.0867413117620501	Precision@20:0.016373775826390026	Recall@40:0.29457613631413165	NDCG@40:0.11043048896028931	Precision@40:0.01258026405378305	Recall@80:0.4133477863648245	NDCG@80:0.13299445035933805	Precision@80:0.008752957273472318	
Test: time=3s
Recall@20:0.19034470960714397	NDCG@20:0.09859661993121488	Precision@20:0.030263602955190667	Recall@40:0.2972840995311576	NDCG@40:0.12727734461633206	Precision@40:0.02352146137078979	Recall@80:0.42940560173609643	NDCG@80:0.1562045691342884	Precision@80:0.016627238867612415	
U-B Train Epoch: 17 [2048/34416 (6%)]	Loss: 0.667892
Train Epoch: 17: time = 11s
U-B Train Epoch: 18 [2048/34416 (6%)]	Loss: 0.634824
Train Epoch: 18: time = 11s
U-B Train Epoch: 19 [2048/34416 (6%)]	Loss: 0.695601
Train Epoch: 19: time = 11s
U-B Train Epoch: 20 [2048/34416 (6%)]	Loss: 0.619759
Train Epoch: 20: time = 9s
U-B Train Epoch: 21 [2048/34416 (6%)]	Loss: 0.599936
Train Epoch: 21: time = 9s
Test: time=2s
Recall@20:0.1948457068791056	NDCG@20:0.08696696032298179	Precision@20:0.016830010525315707	Recall@40:0.2929366699301258	NDCG@40:0.10927866181234687	Precision@40:0.012546468723783141	Recall@80:0.4192147211433867	NDCG@80:0.13339060389862628	Precision@80:0.008900810955907494	
Test: time=3s
Recall@20:0.1950208658139099	NDCG@20:0.10221028174851222	Precision@20:0.03060155496600513	Recall@40:0.30206922793477	NDCG@40:0.13070348164003096	Precision@40:0.023546806740253185	Recall@80:0.42880044816595025	NDCG@80:0.15904893066158726	Precision@80:0.016703278198964132	
U-B Train Epoch: 22 [2048/34416 (6%)]	Loss: 0.612624
Train Epoch: 22: time = 9s
U-B Train Epoch: 23 [2048/34416 (6%)]	Loss: 0.592580
Train Epoch: 23: time = 9s
U-B Train Epoch: 24 [2048/34416 (6%)]	Loss: 0.654069
Train Epoch: 24: time = 9s
U-B Train Epoch: 25 [2048/34416 (6%)]	Loss: 0.661933
Train Epoch: 25: time = 9s
U-B Train Epoch: 26 [2048/34416 (6%)]	Loss: 0.600072
Train Epoch: 26: time = 10s
Test: time=3s
Recall@20:0.1974653609502392	NDCG@20:0.0915317361360468	Precision@20:0.01667793218490843	Recall@40:0.29795016449583106	NDCG@40:0.11445779339531541	Precision@40:0.01267320105013472	Recall@80:0.4188703335229913	NDCG@80:0.1376632556354488	Precision@80:0.008959952783407332	
Test: time=3s
Recall@20:0.19645803850540725	NDCG@20:0.10642885734761796	Precision@20:0.03063535029600504	Recall@40:0.3041050979598788	NDCG@40:0.13528740442294696	Precision@40:0.023707334074308518	Recall@80:0.43072795448934925	NDCG@80:0.16370976104169088	Precision@80:0.0168046638666677	
U-B Train Epoch: 27 [2048/34416 (6%)]	Loss: 0.627410
Train Epoch: 27: time = 11s
U-B Train Epoch: 28 [2048/34416 (6%)]	Loss: 0.612453
Train Epoch: 28: time = 11s
U-B Train Epoch: 29 [2048/34416 (6%)]	Loss: 0.721543
Train Epoch: 29: time = 11s
U-B Train Epoch: 30 [2048/34416 (6%)]	Loss: 0.632113
Train Epoch: 30: time = 11s
U-B Train Epoch: 31 [2048/34416 (6%)]	Loss: 0.611068
Train Epoch: 31: time = 11s
Test: time=3s
Recall@20:0.19852883512001257	NDCG@20:0.09253455674821519	Precision@20:0.016610341524908614	Recall@40:0.30033727544673033	NDCG@40:0.11594787422327142	Precision@40:0.012723893400542275	Recall@80:0.4179624381521418	NDCG@80:0.13863539881060033	Precision@80:0.008938830943879504	
Test: time=3s
Recall@20:0.19942536503932654	NDCG@20:0.11034862573745485	Precision@20:0.031023994334930905	Recall@40:0.3055831945276857	NDCG@40:0.1390125162499142	Precision@40:0.023994592767826967	Recall@80:0.42858353511994657	NDCG@80:0.16668747582521015	Precision@80:0.016935620206399077	
U-B Train Epoch: 32 [2048/34416 (6%)]	Loss: 0.623341
Train Epoch: 32: time = 11s
U-B Train Epoch: 33 [2048/34416 (6%)]	Loss: 0.634313
Train Epoch: 33: time = 11s
U-B Train Epoch: 34 [2048/34416 (6%)]	Loss: 0.598440
Train Epoch: 34: time = 11s
U-B Train Epoch: 35 [2048/34416 (6%)]	Loss: 0.661624
Train Epoch: 35: time = 11s
U-B Train Epoch: 36 [2048/34416 (6%)]	Loss: 0.598662
Train Epoch: 36: time = 11s
Test: time=3s
Recall@20:0.20484988259962983	NDCG@20:0.09617922087705147	Precision@20:0.017117269863426463	Recall@40:0.3088358382430984	NDCG@40:0.11994890765428301	Precision@40:0.013011152738653031	Recall@80:0.42590978686251163	NDCG@80:0.14236134345082666	Precision@80:0.008993747791111086	
Test: time=3s
Recall@20:0.2077479438227389	NDCG@20:0.11286313906840756	Precision@20:0.03156471832574481	Recall@40:0.3054625577884737	NDCG@40:0.13943724585530243	Precision@40:0.023825616762419736	Recall@80:0.43567317383802595	NDCG@80:0.1685681795904708	Precision@80:0.017091923204778457	
U-B Train Epoch: 37 [2048/34416 (6%)]	Loss: 0.668964
Train Epoch: 37: time = 11s
U-B Train Epoch: 38 [2048/34416 (6%)]	Loss: 0.622999
Train Epoch: 38: time = 11s
U-B Train Epoch: 39 [2048/34416 (6%)]	Loss: 0.583177
Train Epoch: 39: time = 11s
U-B Train Epoch: 40 [2048/34416 (6%)]	Loss: 0.649697
Train Epoch: 40: time = 11s
U-B Train Epoch: 41 [2048/34416 (6%)]	Loss: 0.608529
Train Epoch: 41: time = 11s
Test: time=3s
Recall@20:0.20792899690958727	NDCG@20:0.09838566549648582	Precision@20:0.017100371553834204	Recall@40:0.3025729845568472	NDCG@40:0.12047913381480493	Precision@40:0.012842176733245798	Recall@80:0.42935128065330347	NDCG@80:0.14466569390640183	Precision@80:0.00908668462631468	
Test: time=3s
Recall@20:0.20429404807598375	NDCG@20:0.11057594508164313	Precision@20:0.031311254317633964	Recall@40:0.3048488904431528	NDCG@40:0.13772331358976322	Precision@40:0.02384251539430815	Recall@80:0.43512491971989586	NDCG@80:0.16671092093655612	Precision@80:0.016956742851667286	
U-B Train Epoch: 42 [2048/34416 (6%)]	Loss: 0.649345
Train Epoch: 42: time = 11s
U-B Train Epoch: 43 [2048/34416 (6%)]	Loss: 0.722578
Train Epoch: 43: time = 11s
U-B Train Epoch: 44 [2048/34416 (6%)]	Loss: 0.582938
Train Epoch: 44: time = 11s
U-B Train Epoch: 45 [2048/34416 (6%)]	Loss: 0.639182
Train Epoch: 45: time = 11s
U-B Train Epoch: 46 [2048/34416 (6%)]	Loss: 0.587105
Train Epoch: 46: time = 10s
Test: time=2s
Recall@20:0.20861295575666927	NDCG@20:0.09874399435927071	Precision@20:0.01706657654613045	Recall@40:0.30669653951497283	NDCG@40:0.12152904060572617	Precision@40:0.012918215742301361	Recall@80:0.42288136844821944	NDCG@80:0.1438943850667785	Precision@80:0.00900219678475914	
Test: time=3s
Recall@20:0.19879583556654487	NDCG@20:0.10683687396370184	Precision@20:0.031125380969522932	Recall@40:0.3028658769871182	NDCG@40:0.13487596115416553	Precision@40:0.023808719419715935	Recall@80:0.436738019700226	NDCG@80:0.1647483333215072	Precision@80:0.01710459653410246	
U-B Train Epoch: 47 [2048/34416 (6%)]	Loss: 0.684183
Train Epoch: 47: time = 9s
U-B Train Epoch: 48 [2048/34416 (6%)]	Loss: 0.697857
Train Epoch: 48: time = 9s
U-B Train Epoch: 49 [2048/34416 (6%)]	Loss: 0.748428
Train Epoch: 49: time = 9s
U-B Train Epoch: 50 [2048/34416 (6%)]	Loss: 0.632701
Train Epoch: 50: time = 9s
U-B Train Epoch: 51 [2048/34416 (6%)]	Loss: 0.632980
Train Epoch: 51: time = 9s
Test: time=2s
Recall@20:0.21211772272819682	NDCG@20:0.10106710502931338	Precision@20:0.01755660689735219	Recall@40:0.30268605120402003	NDCG@40:0.12207537383878501	Precision@40:0.012850625726893852	Recall@80:0.4206445918932441	NDCG@80:0.14475260299780596	Precision@80:0.008981074945231312	
Test: time=3s
Recall@20:0.19255649660760868	NDCG@20:0.10080475596085961	Precision@20:0.030229808269783064	Recall@40:0.2990638498278557	NDCG@40:0.12936571281719306	Precision@40:0.02359749876836459	Recall@80:0.43334553555162747	NDCG@80:0.15917158110716248	Precision@80:0.016910273870047222	
U-B Train Epoch: 52 [2048/34416 (6%)]	Loss: 0.724954
Train Epoch: 52: time = 11s
U-B Train Epoch: 53 [2048/34416 (6%)]	Loss: 0.623855
Train Epoch: 53: time = 10s
U-B Train Epoch: 54 [2048/34416 (6%)]	Loss: 0.637393
Train Epoch: 54: time = 11s
U-B Train Epoch: 55 [2048/34416 (6%)]	Loss: 0.689213
Train Epoch: 55: time = 11s
U-B Train Epoch: 56 [2048/34416 (6%)]	Loss: 0.560564
Train Epoch: 56: time = 11s
Test: time=3s
Recall@20:0.21806099270597912	NDCG@20:0.10275551917465123	Precision@20:0.017877661565462857	Recall@40:0.3069513545885566	NDCG@40:0.12337243536832809	Precision@40:0.012977357408653122	Recall@80:0.4251565111372349	NDCG@80:0.14619418727904407	Precision@80:0.009061338289962825	
Test: time=3s
Recall@20:0.21480290863150558	NDCG@20:0.1255497186318488	Precision@20:0.03350794303252029	Recall@40:0.318862863471678	NDCG@40:0.15317368064228043	Precision@40:0.02479722879351132	Recall@80:0.44271706197261007	NDCG@80:0.18099943871996055	Precision@80:0.017349611870861408	
U-B Train Epoch: 57 [2048/34416 (6%)]	Loss: 0.576062
Train Epoch: 57: time = 11s
U-B Train Epoch: 58 [2048/34416 (6%)]	Loss: 0.634630
Train Epoch: 58: time = 11s
U-B Train Epoch: 59 [2048/34416 (6%)]	Loss: 0.562158
Train Epoch: 59: time = 11s
U-B Train Epoch: 60 [2048/34416 (6%)]	Loss: 0.567348
Train Epoch: 60: time = 11s
U-B Train Epoch: 61 [2048/34416 (6%)]	Loss: 0.602545
Train Epoch: 61: time = 11s
Test: time=3s
Recall@20:0.21911441123578226	NDCG@20:0.10640670399925281	Precision@20:0.018029739905870135	Recall@40:0.31988083973814	NDCG@40:0.12957924562114523	Precision@40:0.013425144403115362	Recall@80:0.4348243437493399	NDCG@80:0.15180267148341792	Precision@80:0.009264109947666119	
Test: time=3s
Recall@20:0.22386906847191565	NDCG@20:0.12847392967561888	Precision@20:0.034065564366038	Recall@40:0.32524644671843317	NDCG@40:0.15556331581664914	Precision@40:0.024974654759455067	Recall@80:0.44695723141395954	NDCG@80:0.18313449087397557	Precision@80:0.01746367054559283	
U-B Train Epoch: 62 [2048/34416 (6%)]	Loss: 0.609603
Train Epoch: 62: time = 11s
U-B Train Epoch: 63 [2048/34416 (6%)]	Loss: 0.607928
Train Epoch: 63: time = 11s
U-B Train Epoch: 64 [2048/34416 (6%)]	Loss: 0.704434
Train Epoch: 64: time = 11s
U-B Train Epoch: 65 [2048/34416 (6%)]	Loss: 0.661887
Train Epoch: 65: time = 11s
U-B Train Epoch: 66 [2048/34416 (6%)]	Loss: 0.608899
Train Epoch: 66: time = 11s
Test: time=3s
Recall@20:0.20901044231284588	NDCG@20:0.09941297030279708	Precision@20:0.017472119539240882	Recall@40:0.3128944853344009	NDCG@40:0.12329994193925048	Precision@40:0.013264616424467725	Recall@80:0.43352711462579735	NDCG@80:0.14657054667780633	Precision@80:0.009272558457869942	
Test: time=3s
Recall@20:0.21672094202637873	NDCG@20:0.12568746285085625	Precision@20:0.03362622636522381	Recall@40:0.31669788418609013	NDCG@40:0.15231268580759968	Precision@40:0.024526867442696672	Recall@80:0.4460501198673538	NDCG@80:0.18140379147337835	Precision@80:0.017446772880592876	
U-B Train Epoch: 67 [2048/34416 (6%)]	Loss: 0.648927
Train Epoch: 67: time = 11s
U-B Train Epoch: 68 [2048/34416 (6%)]	Loss: 0.560683
Train Epoch: 68: time = 11s
U-B Train Epoch: 69 [2048/34416 (6%)]	Loss: 0.564992
Train Epoch: 69: time = 10s
U-B Train Epoch: 70 [2048/34416 (6%)]	Loss: 0.635445
Train Epoch: 70: time = 11s
U-B Train Epoch: 71 [2048/34416 (6%)]	Loss: 0.691397
Train Epoch: 71: time = 11s
Test: time=3s
Recall@20:0.20272909140578796	NDCG@20:0.09593443565974569	Precision@20:0.017184860201130126	Recall@40:0.3077896597740738	NDCG@40:0.11980562767655352	Precision@40:0.012943562400949368	Recall@80:0.43299994125443564	NDCG@80:0.143849833424972	Precision@80:0.009175397125842323	
Test: time=3s
Recall@20:0.21751181037492873	NDCG@20:0.1272732707929595	Precision@20:0.03366002040603911	Recall@40:0.3158150402506125	NDCG@40:0.1537816085377107	Precision@40:0.024628254077288702	Recall@80:0.4429525599039741	NDCG@80:0.18235294590853646	Precision@80:0.017353836851129664	
U-B Train Epoch: 72 [2048/34416 (6%)]	Loss: 0.738775
Train Epoch: 72: time = 9s
U-B Train Epoch: 73 [2048/34416 (6%)]	Loss: 0.700284
Train Epoch: 73: time = 9s
U-B Train Epoch: 74 [2048/34416 (6%)]	Loss: 0.590321
Train Epoch: 74: time = 9s
U-B Train Epoch: 75 [2048/34416 (6%)]	Loss: 0.705127
Train Epoch: 75: time = 9s
U-B Train Epoch: 76 [2048/34416 (6%)]	Loss: 0.558167
Train Epoch: 76: time = 9s
Test: time=3s
Recall@20:0.23603092153638794	NDCG@20:0.11262681090215365	Precision@20:0.019144981283720944	Recall@40:0.3341043258929986	NDCG@40:0.13525267636788058	Precision@40:0.013889827773392946	Recall@80:0.4387404224928185	NDCG@80:0.15549103381384785	Precision@80:0.009293680780841999	
Test: time=3s
Recall@20:0.22786276128574898	NDCG@20:0.13400874213618014	Precision@20:0.03423453908226062	Recall@40:0.32876503890573516	NDCG@40:0.16108546848432484	Precision@40:0.0251436307648623	Recall@80:0.44346576882762334	NDCG@80:0.18741029337798876	Precision@80:0.017412978195185273	
U-B Train Epoch: 77 [2048/34416 (6%)]	Loss: 0.615791
Train Epoch: 77: time = 9s
U-B Train Epoch: 78 [2048/34416 (6%)]	Loss: 0.607738
Train Epoch: 78: time = 9s
U-B Train Epoch: 79 [2048/34416 (6%)]	Loss: 0.539319
Train Epoch: 79: time = 11s
U-B Train Epoch: 80 [2048/34416 (6%)]	Loss: 0.583000
Train Epoch: 80: time = 11s
U-B Train Epoch: 81 [2048/34416 (6%)]	Loss: 0.605363
Train Epoch: 81: time = 11s
Test: time=3s
Recall@20:0.24263599701288707	NDCG@20:0.11596047987040332	Precision@20:0.019466035951831606	Recall@40:0.3330003455427298	NDCG@40:0.13698816637849437	Precision@40:0.013839134778393084	Recall@80:0.439405621125433	NDCG@80:0.1576838930058455	Precision@80:0.0093190267948977	
Test: time=3s
Recall@20:0.23210368876765008	NDCG@20:0.1345827309575263	Precision@20:0.0346738764384825	Recall@40:0.3238745944328347	NDCG@40:0.15987085546742988	Precision@40:0.025185873477029493	Recall@80:0.4461523470503126	NDCG@80:0.18733114775631549	Precision@80:0.017467894558972626	
U-B Train Epoch: 82 [2048/34416 (6%)]	Loss: 0.632326
Train Epoch: 82: time = 11s
U-B Train Epoch: 83 [2048/34416 (6%)]	Loss: 0.553582
Train Epoch: 83: time = 11s
U-B Train Epoch: 84 [2048/34416 (6%)]	Loss: 0.633822
Train Epoch: 84: time = 11s
U-B Train Epoch: 85 [2048/34416 (6%)]	Loss: 0.634611
Train Epoch: 85: time = 10s
U-B Train Epoch: 86 [2048/34416 (6%)]	Loss: 0.567885
Train Epoch: 86: time = 11s
Test: time=3s
Recall@20:0.23319506604915619	NDCG@20:0.11307338445160026	Precision@20:0.01894221059290611	Recall@40:0.32803768610462786	NDCG@40:0.13506116541546315	Precision@40:0.013754646453393315	Recall@80:0.441176888587387	NDCG@80:0.1569557718507097	Precision@80:0.009378168622397539	
Test: time=3s
Recall@20:0.22588410011696308	NDCG@20:0.13131970930599046	Precision@20:0.03415005172414931	Recall@40:0.32807452584408797	NDCG@40:0.15849961425533726	Precision@40:0.024991552102158865	Recall@80:0.4492077042662481	NDCG@80:0.1861064223753274	Precision@80:0.01755660689735219	
U-B Train Epoch: 87 [2048/34416 (6%)]	Loss: 0.537584
Train Epoch: 87: time = 11s
U-B Train Epoch: 88 [2048/34416 (6%)]	Loss: 0.661493
Train Epoch: 88: time = 11s
U-B Train Epoch: 89 [2048/34416 (6%)]	Loss: 0.637618
Train Epoch: 89: time = 11s
U-B Train Epoch: 90 [2048/34416 (6%)]	Loss: 0.558642
Train Epoch: 90: time = 11s
U-B Train Epoch: 91 [2048/34416 (6%)]	Loss: 0.616695
Train Epoch: 91: time = 11s
Test: time=3s
Recall@20:0.221986735177306	NDCG@20:0.11049542776754315	Precision@20:0.018367692561276905	Recall@40:0.3223775210675455	NDCG@40:0.13353787261354397	Precision@40:0.01357722242122649	Recall@80:0.4418006373563704	NDCG@80:0.15658688972269452	Precision@80:0.009386617454897515	
Test: time=3s
Recall@20:0.2300423857085243	NDCG@20:0.13424922663362174	Precision@20:0.0346231844103711	Recall@40:0.3306102488402701	NDCG@40:0.1614705324575844	Precision@40:0.025464684788380654	Recall@80:0.4481312660560208	NDCG@80:0.1881471448913141	Precision@80:0.0175735048846483	
U-B Train Epoch: 92 [2048/34416 (6%)]	Loss: 0.638258
Train Epoch: 92: time = 11s
U-B Train Epoch: 93 [2048/34416 (6%)]	Loss: 0.630308
Train Epoch: 93: time = 11s
U-B Train Epoch: 94 [2048/34416 (6%)]	Loss: 0.669125
Train Epoch: 94: time = 11s
U-B Train Epoch: 95 [2048/34416 (6%)]	Loss: 0.544812
Train Epoch: 95: time = 11s
U-B Train Epoch: 96 [2048/34416 (6%)]	Loss: 0.582701
Train Epoch: 96: time = 11s
Test: time=3s
Recall@20:0.2405283606588216	NDCG@20:0.11721767981175676	Precision@20:0.019567421619535178	Recall@40:0.3304343163946989	NDCG@40:0.138016492219018	Precision@40:0.013805340092985483	Recall@80:0.44190443218781683	NDCG@80:0.15959669488956493	Precision@80:0.009373943964425435	
Test: time=3s
Recall@20:0.22320629350637092	NDCG@20:0.1301355803484206	Precision@20:0.03433592442766804	Recall@40:0.3263546813779201	NDCG@40:0.15756981563793723	Precision@40:0.0251943227929737	Recall@80:0.4482689509725361	NDCG@80:0.18529634517606508	Precision@80:0.017603075878972255	
U-B Train Epoch: 97 [2048/34416 (6%)]	Loss: 0.567702
Train Epoch: 97: time = 11s
U-B Train Epoch: 98 [2048/34416 (6%)]	Loss: 0.591488
Train Epoch: 98: time = 11s
U-B Train Epoch: 99 [2048/34416 (6%)]	Loss: 0.673527
Train Epoch: 99: time = 9s
U-B Train Epoch: 100 [2048/34416 (6%)]	Loss: 0.533509
Train Epoch: 100: time = 9s
U-B Train Epoch: 101 [2048/34416 (6%)]	Loss: 0.551583
Train Epoch: 101: time = 9s
Test: time=3s
Recall@20:0.24282924578616086	NDCG@20:0.11476228590872127	Precision@20:0.01939844625872025	Recall@40:0.33255391122522127	NDCG@40:0.1357061315847837	Precision@40:0.013788442427985529	Recall@80:0.4440010795322533	NDCG@80:0.15729771517708158	Precision@80:0.009373944286721588	
Test: time=2s
Recall@20:0.23541551121347215	NDCG@20:0.13853417977000781	Precision@20:0.03501182909388927	Recall@40:0.33174185899513403	NDCG@40:0.16466457499729376	Precision@40:0.025447786156492243	Recall@80:0.45246237973660863	NDCG@80:0.1919751156016998	Precision@80:0.017687564203972026	
U-B Train Epoch: 102 [2048/34416 (6%)]	Loss: 0.612964
Train Epoch: 102: time = 9s
U-B Train Epoch: 103 [2048/34416 (6%)]	Loss: 0.641447
Train Epoch: 103: time = 9s
U-B Train Epoch: 104 [2048/34416 (6%)]	Loss: 0.534036
Train Epoch: 104: time = 8s
U-B Train Epoch: 105 [2048/34416 (6%)]	Loss: 0.622006
Train Epoch: 105: time = 10s
U-B Train Epoch: 106 [2048/34416 (6%)]	Loss: 0.531660
Train Epoch: 106: time = 11s
Test: time=3s
Recall@20:0.24576527607444978	NDCG@20:0.11660049814918469	Precision@20:0.0196350129241273	Recall@40:0.335723010621066	NDCG@40:0.13756562052807642	Precision@40:0.0139067254383929	Recall@80:0.4481668888052076	NDCG@80:0.15917839058028077	Precision@80:0.00942886113395317	
Test: time=3s
Recall@20:0.2342703388364946	NDCG@20:0.1356132174714589	Precision@20:0.03509631709659289	Recall@40:0.33401759470907083	NDCG@40:0.1625054228261501	Precision@40:0.025549173435676576	Recall@80:0.45765663861180933	NDCG@80:0.19039123885814466	Precision@80:0.017788949227083288	
U-B Train Epoch: 107 [2048/34416 (6%)]	Loss: 0.541206
Train Epoch: 107: time = 11s
U-B Train Epoch: 108 [2048/34416 (6%)]	Loss: 0.506175
Train Epoch: 108: time = 11s
U-B Train Epoch: 109 [2048/34416 (6%)]	Loss: 0.526327
Train Epoch: 109: time = 10s
U-B Train Epoch: 110 [2048/34416 (6%)]	Loss: 0.591295
Train Epoch: 110: time = 11s
U-B Train Epoch: 111 [2048/34416 (6%)]	Loss: 0.533106
Train Epoch: 111: time = 11s
Test: time=3s
Recall@20:0.24635360320704577	NDCG@20:0.11609480259345165	Precision@20:0.019651909944534945	Recall@40:0.3337305706471517	NDCG@40:0.13639827675414914	Precision@40:0.01379689109933743	Recall@80:0.4461316582156662	NDCG@80:0.1580875856967422	Precision@80:0.009382392958073488	
Test: time=3s
Recall@20:0.23522313392899574	NDCG@20:0.13851452228305064	Precision@20:0.03442041243037165	Recall@40:0.33337013009997307	NDCG@40:0.16506847395772828	Precision@40:0.025270362124325416	Recall@80:0.45415074747130046	NDCG@80:0.19250607917581952	Precision@80:0.01761574920829626	
U-B Train Epoch: 112 [2048/34416 (6%)]	Loss: 0.633762
Train Epoch: 112: time = 11s
U-B Train Epoch: 113 [2048/34416 (6%)]	Loss: 0.695281
Train Epoch: 113: time = 11s
U-B Train Epoch: 114 [2048/34416 (6%)]	Loss: 0.646826
Train Epoch: 114: time = 11s
U-B Train Epoch: 115 [2048/34416 (6%)]	Loss: 0.543617
Train Epoch: 115: time = 11s
U-B Train Epoch: 116 [2048/34416 (6%)]	Loss: 0.498404
Train Epoch: 116: time = 11s
Test: time=3s
Recall@20:0.24558328961794262	NDCG@20:0.11770140766170872	Precision@20:0.01961811493683119	Recall@40:0.3358611390170877	NDCG@40:0.1387683085873144	Precision@40:0.013898276122448693	Recall@80:0.447257374218486	NDCG@80:0.16033101186594395	Precision@80:0.009458431967129052	
Test: time=3s
Recall@20:0.23250254185951494	NDCG@20:0.13836924664754247	Precision@20:0.03433592442766804	Recall@40:0.33169015753547176	NDCG@40:0.16527853885507535	Precision@40:0.025211220780269807	Recall@80:0.4527933288966131	NDCG@80:0.19290196714307778	Precision@80:0.017641095544648114	
U-B Train Epoch: 117 [2048/34416 (6%)]	Loss: 0.578149
Train Epoch: 117: time = 11s
U-B Train Epoch: 118 [2048/34416 (6%)]	Loss: 0.559609
Train Epoch: 118: time = 11s
U-B Train Epoch: 119 [2048/34416 (6%)]	Loss: 0.546366
Train Epoch: 119: time = 11s
U-B Train Epoch: 120 [2048/34416 (6%)]	Loss: 0.681109
Train Epoch: 120: time = 11s
U-B Train Epoch: 121 [2048/34416 (6%)]	Loss: 0.519055
Train Epoch: 121: time = 11s
Test: time=3s
Recall@20:0.2420523573555387	NDCG@20:0.11695976038162835	Precision@20:0.01958431928453513	Recall@40:0.33735147768196605	NDCG@40:0.13893751406758248	Precision@40:0.013991213118800363	Recall@80:0.44935306240957146	NDCG@80:0.16079223055257794	Precision@80:0.009509124800980836	
Test: time=3s
Recall@20:0.22836840527409757	NDCG@20:0.13499064701721047	Precision@20:0.03450490043307527	Recall@40:0.33433993727260847	NDCG@40:0.1635549583319032	Precision@40:0.025659006163251282	Recall@80:0.457658299081589	NDCG@80:0.19143019789334445	Precision@80:0.017822744234787045	
U-B Train Epoch: 122 [2048/34416 (6%)]	Loss: 0.558501
Train Epoch: 122: time = 11s
U-B Train Epoch: 123 [2048/34416 (6%)]	Loss: 0.673445
Train Epoch: 123: time = 11s
U-B Train Epoch: 124 [2048/34416 (6%)]	Loss: 0.509490
Train Epoch: 124: time = 11s
U-B Train Epoch: 125 [2048/34416 (6%)]	Loss: 0.489076
Train Epoch: 125: time = 10s
U-B Train Epoch: 126 [2048/34416 (6%)]	Loss: 0.574707
Train Epoch: 126: time = 9s
Test: time=3s
Recall@20:0.24145733677643946	NDCG@20:0.11621638043743003	Precision@20:0.019330855276424284	Recall@40:0.33177903392259317	NDCG@40:0.13723005350879336	Precision@40:0.01371240277433766	Recall@80:0.44410581289009693	NDCG@80:0.15892625443231984	Precision@80:0.009361271279693738	
Test: time=2s
Recall@20:0.23266412310199022	NDCG@20:0.13729662700213463	Precision@20:0.03415005172414931	Recall@40:0.3354735069880819	NDCG@40:0.16514111177548238	Precision@40:0.02546468414378835	Recall@80:0.4565278904467831	NDCG@80:0.19259004119120163	Precision@80:0.017696012875323925	
U-B Train Epoch: 127 [2048/34416 (6%)]	Loss: 0.497597
Train Epoch: 127: time = 9s
U-B Train Epoch: 128 [2048/34416 (6%)]	Loss: 0.515935
Train Epoch: 128: time = 9s
U-B Train Epoch: 129 [2048/34416 (6%)]	Loss: 0.497019
Train Epoch: 129: time = 9s
U-B Train Epoch: 130 [2048/34416 (6%)]	Loss: 0.501171
Train Epoch: 130: time = 9s
U-B Train Epoch: 131 [2048/34416 (6%)]	Loss: 0.498652
Train Epoch: 131: time = 9s
Test: time=3s
Recall@20:0.24208026046727146	NDCG@20:0.11673826041677668	Precision@20:0.01926326493872062	Recall@40:0.33397008567776537	NDCG@40:0.13814693191801627	Precision@40:0.013788442750281682	Recall@80:0.443150166121235	NDCG@80:0.159262411898155	Precision@80:0.009340149117869756	
Test: time=2s
Recall@20:0.23604180225450955	NDCG@20:0.13829938315507245	Precision@20:0.034403515087667855	Recall@40:0.33450259111668057	NDCG@40:0.16534308317183805	Precision@40:0.025532275448380472	Recall@80:0.4550221021935198	NDCG@80:0.1926801861359808	Precision@80:0.017704461546675827	
U-B Train Epoch: 132 [2048/34416 (6%)]	Loss: 0.479714
Train Epoch: 132: time = 11s
U-B Train Epoch: 133 [2048/34416 (6%)]	Loss: 0.582826
Train Epoch: 133: time = 11s
U-B Train Epoch: 134 [2048/34416 (6%)]	Loss: 0.529646
Train Epoch: 134: time = 11s
U-B Train Epoch: 135 [2048/34416 (6%)]	Loss: 0.545495
Train Epoch: 135: time = 11s
U-B Train Epoch: 136 [2048/34416 (6%)]	Loss: 0.630722
Train Epoch: 136: time = 11s
Test: time=3s
Recall@20:0.24404976842531526	NDCG@20:0.11750392262780131	Precision@20:0.019550523954535222	Recall@40:0.3381128082326958	NDCG@40:0.13937136336491293	Precision@40:0.013991213441096516	Recall@80:0.44854425892470534	NDCG@80:0.16071414464065537	Precision@80:0.009466880960777104	
Test: time=3s
Recall@20:0.23901047469716333	NDCG@20:0.13900726411180667	Precision@20:0.03555255244011088	Recall@40:0.3371690374324756	NDCG@40:0.1656584409331502	Precision@40:0.0257096994805473	Recall@80:0.4618007483293818	NDCG@80:0.19394028158597182	Precision@80:0.01794947623884247	
U-B Train Epoch: 137 [2048/34416 (6%)]	Loss: 0.464588
Train Epoch: 137: time = 11s
U-B Train Epoch: 138 [2048/34416 (6%)]	Loss: 0.511623
Train Epoch: 138: time = 11s
U-B Train Epoch: 139 [2048/34416 (6%)]	Loss: 0.605816
Train Epoch: 139: time = 11s
U-B Train Epoch: 140 [2048/34416 (6%)]	Loss: 0.586582
Train Epoch: 140: time = 11s
U-B Train Epoch: 141 [2048/34416 (6%)]	Loss: 0.559271
Train Epoch: 141: time = 11s
Test: time=3s
Recall@20:0.24964287523564233	NDCG@20:0.11854157185143577	Precision@20:0.019837782970349827	Recall@40:0.33906283415665134	NDCG@40:0.1393184939039926	Precision@40:0.0139320714524486	Recall@80:0.4525264676820188	NDCG@80:0.16121151979890536	Precision@80:0.009500676129628936	
Test: time=3s
Recall@20:0.2351422762701583	NDCG@20:0.13762943774471817	Precision@20:0.034166949066853115	Recall@40:0.3337049571272891	NDCG@40:0.16425861591984992	Precision@40:0.025050693446214474	Recall@80:0.4531977512659999	NDCG@80:0.19173861726307717	Precision@80:0.01762842221532411	
U-B Train Epoch: 142 [2048/34416 (6%)]	Loss: 0.647190
Train Epoch: 142: time = 11s
U-B Train Epoch: 143 [2048/34416 (6%)]	Loss: 0.471064
Train Epoch: 143: time = 11s
U-B Train Epoch: 144 [2048/34416 (6%)]	Loss: 0.474121
Train Epoch: 144: time = 10s
U-B Train Epoch: 145 [2048/34416 (6%)]	Loss: 0.618717
Train Epoch: 145: time = 10s
U-B Train Epoch: 146 [2048/34416 (6%)]	Loss: 0.545175
Train Epoch: 146: time = 10s
Test: time=3s
Recall@20:0.24698230244493757	NDCG@20:0.11839107759661995	Precision@20:0.019719499637646302	Recall@40:0.338148343317329	NDCG@40:0.13962831332821346	Precision@40:0.013965866460152356	Recall@80:0.45293254020770846	NDCG@80:0.16175787623728718	Precision@80:0.00954714462780477	
Test: time=3s
Recall@20:0.23541714589955962	NDCG@20:0.13875838186580533	Precision@20:0.03428523175496433	Recall@40:0.33641218808745565	NDCG@40:0.16612495043343006	Precision@40:0.025337952139732927	Recall@80:0.45645976993190795	NDCG@80:0.1937204704529613	Precision@80:0.01780162223411114	
U-B Train Epoch: 147 [2048/34416 (6%)]	Loss: 0.473071
Train Epoch: 147: time = 10s
U-B Train Epoch: 148 [2048/34416 (6%)]	Loss: 0.450609
Train Epoch: 148: time = 11s
U-B Train Epoch: 149 [2048/34416 (6%)]	Loss: 0.479692
Train Epoch: 149: time = 10s
U-B Train Epoch: 150 [2048/34416 (6%)]	Loss: 0.458109
Train Epoch: 150: time = 10s
U-B Train Epoch: 151 [2048/34416 (6%)]	Loss: 0.577049
Train Epoch: 151: time = 10s
Test: time=2s
Recall@20:0.24371691642882415	NDCG@20:0.11815144911776043	Precision@20:0.019567421619535178	Recall@40:0.3432919217670798	NDCG@40:0.14117257342865516	Precision@40:0.014126393794207687	Recall@80:0.4518366198396312	NDCG@80:0.16219497685820802	Precision@80:0.00951757379462889	
Test: time=3s
Recall@20:0.2434887771632229	NDCG@20:0.14194564329445786	Precision@20:0.03536667844740754	Recall@40:0.3442828045297451	NDCG@40:0.1692748203516087	Precision@40:0.025912471460546743	Recall@80:0.46482809414207715	NDCG@80:0.19678479523705486	Precision@80:0.01801284224087018	
U-B Train Epoch: 152 [2048/34416 (6%)]	Loss: 0.604368
Train Epoch: 152: time = 9s
U-B Train Epoch: 153 [2048/34416 (6%)]	Loss: 0.454084
Train Epoch: 153: time = 8s
U-B Train Epoch: 154 [2048/34416 (6%)]	Loss: 0.627672
Train Epoch: 154: time = 8s
U-B Train Epoch: 155 [2048/34416 (6%)]	Loss: 0.565087
Train Epoch: 155: time = 9s
U-B Train Epoch: 156 [2048/34416 (6%)]	Loss: 0.577567
Train Epoch: 156: time = 9s
Test: time=2s
Recall@20:0.24791984906185313	NDCG@20:0.11884040226602764	Precision@20:0.019719499959942457	Recall@40:0.3362351624133338	NDCG@40:0.13951944684450512	Precision@40:0.0139067254383929	Recall@80:0.4512784544702074	NDCG@80:0.16163399075285412	Precision@80:0.009483778303480905	
Test: time=2s
Recall@20:0.23956413307718508	NDCG@20:0.13983323953569882	Precision@20:0.03477526307307453	Recall@40:0.3380991841297208	NDCG@40:0.16652502825067592	Precision@40:0.025380196785677038	Recall@80:0.4554879825717092	NDCG@80:0.19376012061487463	Precision@80:0.017822744234787045	
U-B Train Epoch: 157 [2048/34416 (6%)]	Loss: 0.462743
Train Epoch: 157: time = 9s
U-B Train Epoch: 158 [2048/34416 (6%)]	Loss: 0.458895
Train Epoch: 158: time = 9s
U-B Train Epoch: 159 [2048/34416 (6%)]	Loss: 0.470611
Train Epoch: 159: time = 10s
U-B Train Epoch: 160 [2048/34416 (6%)]	Loss: 0.492232
Train Epoch: 160: time = 10s
U-B Train Epoch: 161 [2048/34416 (6%)]	Loss: 0.517155
Train Epoch: 161: time = 11s
Test: time=2s
Recall@20:0.24728297123678555	NDCG@20:0.11863993148055983	Precision@20:0.019651909622238794	Recall@40:0.34041235776477746	NDCG@40:0.14032896195927677	Precision@40:0.01399966243474457	Recall@80:0.45889028515030944	NDCG@80:0.16322927935859086	Precision@80:0.00965275463118429	
Test: time=3s
Recall@20:0.23941083871339294	NDCG@20:0.13994572604979644	Precision@20:0.03472456975577852	Recall@40:0.3387990927688171	NDCG@40:0.16687435344813362	Precision@40:0.025439338129732647	Recall@80:0.45689663849959866	NDCG@80:0.19403704262617755	Precision@80:0.017780500233435238	
