nohup: ignoring input
>>>>>>>>>>B-I statistics>>>>>>>>>>
Average interactions 37.02934265136719
Non-zero rows 1.0
Non-zero columns 0.8566981995727799
Matrix density 0.0011299769286862884
finish loading assist data
>>>>>>>>>>U-I statistics>>>>>>>>>>
Average interactions 17.230377197265625
Non-zero rows 0.9958950118173903
Non-zero columns 0.641867561794324
Matrix density 0.0005257972814327529
finish loading item data
>>>>>>>>>>U-B statistics in train>>>>>>>>>>
Average interactions 4.281129360198975
Non-zero rows 0.3680806070406767
Non-zero columns 0.8645986166422134
Matrix density 0.0008973233061660289
finish loading bundle train data
>>>>>>>>>>U-B statistics in test>>>>>>>>>>
Average interactions 1.2123398780822754
Non-zero rows 0.3680806070406767
Non-zero columns 0.5017815971494446
Matrix density 0.0002541060245785134
finish loading bundle test data
>>>>>>>>>>B-I statistics>>>>>>>>>>
Average interactions 37.02934265136719
Non-zero rows 1.0
Non-zero columns 0.8566981995727799
Matrix density 0.0011299769286862884
finish loading assist data
>>>>>>>>>>U-I statistics>>>>>>>>>>
Average interactions 17.230377197265625
Non-zero rows 0.9958950118173903
Non-zero columns 0.641867561794324
Matrix density 0.0005257972814327529
finish loading item data
>>>>>>>>>>U-B statistics in train>>>>>>>>>>
Average interactions 4.281129360198975
Non-zero rows 0.3680806070406767
Non-zero columns 0.8645986166422134
Matrix density 0.0008973233061660289
finish loading bundle train data
>>>>>>>>>>U-B statistics in test>>>>>>>>>>
Average interactions 0.6454783082008362
Non-zero rows 0.3680806070406767
Non-zero columns 0.34835464263257176
Matrix density 0.00013529203381263145
finish loading bundle test data
IHGCN model
/data/lzm/IHBR - 副本/model/IHGCN.py:169: UserWarning: Creating a tensor from a list of numpy.ndarrays is extremely slow. Please consider converting the list to a single numpy.ndarray with numpy.array() before converting to a tensor. (Triggered internally at  /opt/conda/conda-bld/pytorch_1640811805959/work/torch/csrc/utils/tensor_new.cpp:201.)
  ub_indices = torch.tensor([ub_graph_coo.row, ub_graph_coo.col], dtype=torch.long)
finish generating bi, ui graph
finish generating non-atom graph
U-B Train Epoch: 1 [2048/34416 (6%)]	Loss: 0.981742
Train Epoch: 1: time = 14s
Test: time=3s
Recall@20:0.07248051402616355	NDCG@20:0.027929213208981406	Precision@20:0.00552551566688303	Recall@40:0.13605975234536716	NDCG@40:0.04206081015228137	Precision@40:0.005229807496272297	Recall@80:0.24214596762855378	NDCG@80:0.06201047597603445	Precision@80:0.004756674810050508	
Test: time=3s
Recall@20:0.0757299940825395	NDCG@20:0.0345204073901755	Precision@20:0.010307536652137315	Recall@40:0.14331712429488822	NDCG@40:0.05169162060530373	Precision@40:0.009673876309564042	Recall@80:0.24533776183030057	NDCG@80:0.07356897259370908	Precision@80:0.008317844252926388	
U-B Train Epoch: 2 [2048/34416 (6%)]	Loss: 0.953921
Train Epoch: 2: time = 9s
U-B Train Epoch: 3 [2048/34416 (6%)]	Loss: 0.905185
Train Epoch: 3: time = 8s
U-B Train Epoch: 4 [2048/34416 (6%)]	Loss: 0.831683
Train Epoch: 4: time = 9s
U-B Train Epoch: 5 [2048/34416 (6%)]	Loss: 0.734554
Train Epoch: 5: time = 9s
U-B Train Epoch: 6 [2048/34416 (6%)]	Loss: 0.664636
Train Epoch: 6: time = 9s
Test: time=3s
Recall@20:0.16848355751256758	NDCG@20:0.07008030753798	Precision@20:0.014464346449614458	Recall@40:0.2694646971336125	NDCG@40:0.09329731055875612	Precision@40:0.011659345017691326	Recall@80:0.3819839462068847	NDCG@80:0.11476248444315146	Precision@80:0.00818688759089886	
Test: time=3s
Recall@20:0.16104457297007674	NDCG@20:0.0772434336464725	Precision@20:0.025920919487306338	Recall@40:0.2635678790557542	NDCG@40:0.10456179573391691	Precision@40:0.020834741337793266	Recall@80:0.3885547757833622	NDCG@80:0.13254472346433155	Precision@80:0.015389490143678285	
U-B Train Epoch: 7 [2048/34416 (6%)]	Loss: 0.629425
Train Epoch: 7: time = 9s
U-B Train Epoch: 8 [2048/34416 (6%)]	Loss: 0.596176
Train Epoch: 8: time = 9s
U-B Train Epoch: 9 [2048/34416 (6%)]	Loss: 0.576920
Train Epoch: 9: time = 9s
U-B Train Epoch: 10 [2048/34416 (6%)]	Loss: 0.550635
Train Epoch: 10: time = 9s
U-B Train Epoch: 11 [2048/34416 (6%)]	Loss: 0.541901
Train Epoch: 11: time = 9s
Test: time=2s
Recall@20:0.225858966173776	NDCG@20:0.10450339051427451	Precision@20:0.018840824280610236	Recall@40:0.3158047577141507	NDCG@40:0.12532313670125833	Precision@40:0.013416695087171157	Recall@80:0.4261001014516095	NDCG@80:0.14650503289421574	Precision@80:0.00910358245246271	
Test: time=3s
Recall@20:0.21719784235462783	NDCG@20:0.11808077601735437	Precision@20:0.03325447837981713	Recall@40:0.3211864537183962	NDCG@40:0.14617152599194197	Precision@40:0.02492396144215905	Recall@80:0.4413536409543712	NDCG@80:0.17351290389225668	Precision@80:0.01737073354924116	
U-B Train Epoch: 12 [2048/34416 (6%)]	Loss: 0.534111
Train Epoch: 12: time = 9s
U-B Train Epoch: 13 [2048/34416 (6%)]	Loss: 0.525066
Train Epoch: 13: time = 9s
U-B Train Epoch: 14 [2048/34416 (6%)]	Loss: 0.525304
Train Epoch: 14: time = 9s
U-B Train Epoch: 15 [2048/34416 (6%)]	Loss: 0.510798
Train Epoch: 15: time = 9s
U-B Train Epoch: 16 [2048/34416 (6%)]	Loss: 0.509922
Train Epoch: 16: time = 10s
Test: time=3s
Recall@20:0.23981906159901467	NDCG@20:0.11532370002336621	Precision@20:0.019854680957645934	Recall@40:0.33307691279518	NDCG@40:0.13700128254273244	Precision@40:0.014117945122855786	Recall@80:0.4417266278461896	NDCG@80:0.15803885709679422	Precision@80:0.009479554128953032	
Test: time=3s
Recall@20:0.23910443562839273	NDCG@20:0.1331466231325181	Precision@20:0.03631294381985112	Recall@40:0.34399805974621916	NDCG@40:0.1611197169627157	Precision@40:0.02644474549082414	Recall@80:0.4542931869006632	NDCG@80:0.18626112452871535	Precision@80:0.0178565392424908	
U-B Train Epoch: 17 [2048/34416 (6%)]	Loss: 0.503432
Train Epoch: 17: time = 9s
U-B Train Epoch: 18 [2048/34416 (6%)]	Loss: 0.503331
Train Epoch: 18: time = 9s
U-B Train Epoch: 19 [2048/34416 (6%)]	Loss: 0.506633
Train Epoch: 19: time = 10s
U-B Train Epoch: 20 [2048/34416 (6%)]	Loss: 0.496843
Train Epoch: 20: time = 10s
U-B Train Epoch: 21 [2048/34416 (6%)]	Loss: 0.489684
Train Epoch: 21: time = 10s
Test: time=3s
Recall@20:0.2457666168264458	NDCG@20:0.12043672737619207	Precision@20:0.020294018313867814	Recall@40:0.342901262732606	NDCG@40:0.14293908122102325	Precision@40:0.014472795120966359	Recall@80:0.44813428790475035	NDCG@80:0.16339031656516007	Precision@80:0.009597837139360403	
Test: time=3s
Recall@20:0.24159101490718202	NDCG@20:0.13907988903771465	Precision@20:0.036938155168776333	Recall@40:0.34665095931011586	NDCG@40:0.16712743843596867	Precision@40:0.026520784822175857	Recall@80:0.46754014665269095	NDCG@80:0.1944123861474659	Precision@80:0.01821138924060137	
U-B Train Epoch: 22 [2048/34416 (6%)]	Loss: 0.496653
Train Epoch: 22: time = 9s
U-B Train Epoch: 23 [2048/34416 (6%)]	Loss: 0.485241
Train Epoch: 23: time = 9s
U-B Train Epoch: 24 [2048/34416 (6%)]	Loss: 0.486293
Train Epoch: 24: time = 9s
U-B Train Epoch: 25 [2048/34416 (6%)]	Loss: 0.487081
Train Epoch: 25: time = 9s
U-B Train Epoch: 26 [2048/34416 (6%)]	Loss: 0.478457
Train Epoch: 26: time = 9s
Test: time=3s
Recall@20:0.25122105378321435	NDCG@20:0.12417618782788606	Precision@20:0.020851639647385525	Recall@40:0.3433257190308566	NDCG@40:0.14537841446216784	Precision@40:0.014439000113262603	Recall@80:0.45467568281817655	NDCG@80:0.1670164757380819	Precision@80:0.009754139815443631	
Test: time=3s
Recall@20:0.24893944970092566	NDCG@20:0.14268594466580375	Precision@20:0.03747887915959024	Recall@40:0.3536294960983704	NDCG@40:0.17087645174563434	Precision@40:0.027044610181101353	Recall@80:0.46959960359945296	NDCG@80:0.1973290322559353	Precision@80:0.01839726323330471	
U-B Train Epoch: 27 [2048/34416 (6%)]	Loss: 0.478594
Train Epoch: 27: time = 9s
U-B Train Epoch: 28 [2048/34416 (6%)]	Loss: 0.482970
Train Epoch: 28: time = 9s
U-B Train Epoch: 29 [2048/34416 (6%)]	Loss: 0.469425
Train Epoch: 29: time = 9s
U-B Train Epoch: 30 [2048/34416 (6%)]	Loss: 0.471966
Train Epoch: 30: time = 9s
U-B Train Epoch: 31 [2048/34416 (6%)]	Loss: 0.476014
Train Epoch: 31: time = 9s
Test: time=3s
Recall@20:0.2560970954856344	NDCG@20:0.1268516326522698	Precision@20:0.02095302467049679	Recall@40:0.3476185233015271	NDCG@40:0.14805873498275257	Precision@40:0.01460797547407753	Recall@80:0.45861160469119633	NDCG@80:0.16970953082425969	Precision@80:0.009863974315647178	
Test: time=3s
Recall@20:0.2510714928980573	NDCG@20:0.14689126486873336	Precision@20:0.037614059190405266	Recall@40:0.354183845481344	NDCG@40:0.17488941271267214	Precision@40:0.02712909818380497	Recall@80:0.4706377891238858	NDCG@80:0.2015023394265905	Precision@80:0.01847330192006412	
U-B Train Epoch: 32 [2048/34416 (6%)]	Loss: 0.467633
Train Epoch: 32: time = 9s
U-B Train Epoch: 33 [2048/34416 (6%)]	Loss: 0.467429
Train Epoch: 33: time = 9s
U-B Train Epoch: 34 [2048/34416 (6%)]	Loss: 0.464919
Train Epoch: 34: time = 9s
U-B Train Epoch: 35 [2048/34416 (6%)]	Loss: 0.467672
Train Epoch: 35: time = 9s
U-B Train Epoch: 36 [2048/34416 (6%)]	Loss: 0.459987
Train Epoch: 36: time = 9s
Test: time=3s
Recall@20:0.259227436835317	NDCG@20:0.1260521087182378	Precision@20:0.02093612732779299	Recall@40:0.35131533236953205	NDCG@40:0.14760402667840697	Precision@40:0.01473470812272526	Recall@80:0.4601537170100752	NDCG@80:0.16891127544788542	Precision@80:0.009876647806119259	
Test: time=3s
Recall@20:0.256145022212754	NDCG@20:0.15036480263223032	Precision@20:0.03837445185933012	Recall@40:0.35324687641913444	NDCG@40:0.1768216219815341	Precision@40:0.02714599552650877	Recall@80:0.47303706482077984	NDCG@80:0.20418629802614904	Precision@80:0.01858736091709169	
U-B Train Epoch: 37 [2048/34416 (6%)]	Loss: 0.459889
Train Epoch: 37: time = 10s
U-B Train Epoch: 38 [2048/34416 (6%)]	Loss: 0.457784
Train Epoch: 38: time = 9s
U-B Train Epoch: 39 [2048/34416 (6%)]	Loss: 0.455548
Train Epoch: 39: time = 9s
U-B Train Epoch: 40 [2048/34416 (6%)]	Loss: 0.452473
Train Epoch: 40: time = 9s
U-B Train Epoch: 41 [2048/34416 (6%)]	Loss: 0.450110
Train Epoch: 41: time = 9s
Test: time=3s
Recall@20:0.256794719689599	NDCG@20:0.1265877597676052	Precision@20:0.020817843995089465	Recall@40:0.3588236260551099	NDCG@40:0.15015920347037773	Precision@40:0.014945927484891994	Recall@80:0.46162836887659997	NDCG@80:0.17039353092524923	Precision@80:0.009906218478147063	
Test: time=3s
Recall@20:0.25295786907560885	NDCG@20:0.1502033632000623	Precision@20:0.03823927118392279	Recall@40:0.3568554949462313	NDCG@40:0.1781910686486474	Precision@40:0.027365664849212018	Recall@80:0.4737344930686835	NDCG@80:0.20496692509214473	Precision@80:0.01858736091709169	
U-B Train Epoch: 42 [2048/34416 (6%)]	Loss: 0.447628
Train Epoch: 42: time = 9s
U-B Train Epoch: 43 [2048/34416 (6%)]	Loss: 0.446233
Train Epoch: 43: time = 9s
U-B Train Epoch: 44 [2048/34416 (6%)]	Loss: 0.445901
Train Epoch: 44: time = 9s
U-B Train Epoch: 45 [2048/34416 (6%)]	Loss: 0.442700
Train Epoch: 45: time = 9s
U-B Train Epoch: 46 [2048/34416 (6%)]	Loss: 0.441689
Train Epoch: 46: time = 9s
Test: time=3s
Recall@20:0.2626080295450585	NDCG@20:0.12882890150167522	Precision@20:0.021189591335903837	Recall@40:0.359263248321131	NDCG@40:0.1512961869467026	Precision@40:0.0149628254721881	Recall@80:0.46029117503009886	NDCG@80:0.17120444609450908	Precision@80:0.009880872141795208	
Test: time=3s
Recall@20:0.254325245312236	NDCG@20:0.15087288575786398	Precision@20:0.0382899638566265	Recall@40:0.36088456814254444	NDCG@40:0.17939156767241493	Precision@40:0.02752619218326735	Recall@80:0.47403500715837804	NDCG@80:0.20568947181302014	Precision@80:0.018722541270202862	
U-B Train Epoch: 47 [2048/34416 (6%)]	Loss: 0.435796
Train Epoch: 47: time = 9s
U-B Train Epoch: 48 [2048/34416 (6%)]	Loss: 0.439708
Train Epoch: 48: time = 9s
U-B Train Epoch: 49 [2048/34416 (6%)]	Loss: 0.437558
Train Epoch: 49: time = 10s
U-B Train Epoch: 50 [2048/34416 (6%)]	Loss: 0.437225
Train Epoch: 50: time = 9s
U-B Train Epoch: 51 [2048/34416 (6%)]	Loss: 0.432716
Train Epoch: 51: time = 9s
Test: time=3s
Recall@20:0.2601912673480932	NDCG@20:0.1286822180765712	Precision@20:0.020919229662793033	Recall@40:0.3589040969585639	NDCG@40:0.15185024497395394	Precision@40:0.015013518467187962	Recall@80:0.46915396857640357	NDCG@80:0.17332242686589774	Precision@80:0.01002872598537846	
Test: time=3s
Recall@20:0.2531895097666151	NDCG@20:0.15128867100041715	Precision@20:0.0382899638566265	Recall@40:0.3633303318365316	NDCG@40:0.18053837731384917	Precision@40:0.027509294195971243	Recall@80:0.4783504752945199	NDCG@80:0.20721468550001057	Precision@80:0.01879435658817478	
U-B Train Epoch: 52 [2048/34416 (6%)]	Loss: 0.428385
Train Epoch: 52: time = 9s
U-B Train Epoch: 53 [2048/34416 (6%)]	Loss: 0.429919
Train Epoch: 53: time = 9s
U-B Train Epoch: 54 [2048/34416 (6%)]	Loss: 0.421673
Train Epoch: 54: time = 9s
U-B Train Epoch: 55 [2048/34416 (6%)]	Loss: 0.418792
Train Epoch: 55: time = 9s
U-B Train Epoch: 56 [2048/34416 (6%)]	Loss: 0.411714
Train Epoch: 56: time = 9s
Test: time=3s
Recall@20:0.2633378421104047	NDCG@20:0.1296998849387264	Precision@20:0.021172693026311577	Recall@40:0.36473899807789795	NDCG@40:0.15330356857026498	Precision@40:0.015165596485299087	Recall@80:0.4685424515910147	NDCG@80:0.1737364175634716	Precision@80:0.010032950482202487	
Test: time=3s
Recall@20:0.25600530554129086	NDCG@20:0.15132076138376827	Precision@20:0.03823927053933049	Recall@40:0.3629711804739645	NDCG@40:0.18003266370953155	Precision@40:0.02759378219867486	Recall@80:0.479822125939269	NDCG@80:0.20694724157397187	Precision@80:0.01879013193020268	
U-B Train Epoch: 57 [2048/34416 (6%)]	Loss: 0.418896
Train Epoch: 57: time = 9s
U-B Train Epoch: 58 [2048/34416 (6%)]	Loss: 0.408740
Train Epoch: 58: time = 9s
U-B Train Epoch: 59 [2048/34416 (6%)]	Loss: 0.410958
Train Epoch: 59: time = 9s
U-B Train Epoch: 60 [2048/34416 (6%)]	Loss: 0.410811
Train Epoch: 60: time = 9s
U-B Train Epoch: 61 [2048/34416 (6%)]	Loss: 0.416832
Train Epoch: 61: time = 9s
Test: time=3s
Recall@20:0.2674721179277601	NDCG@20:0.1307107861600401	Precision@20:0.021375465328607176	Recall@40:0.36464794039041376	NDCG@40:0.15345418400843427	Precision@40:0.015165596163002934	Recall@80:0.4714131460031894	NDCG@80:0.17436351821244508	Precision@80:0.010066745812202394	
Test: time=3s
Recall@20:0.25414272771166885	NDCG@20:0.15117041409599818	Precision@20:0.03805339654662715	Recall@40:0.36640677495597385	NDCG@40:0.18112333709623976	Precision@40:0.027720513558137976	Recall@80:0.48198997752817146	NDCG@80:0.20795009312657095	Precision@80:0.018908415585202357	
U-B Train Epoch: 62 [2048/34416 (6%)]	Loss: 0.403726
Train Epoch: 62: time = 9s
U-B Train Epoch: 63 [2048/34416 (6%)]	Loss: 0.406856
Train Epoch: 63: time = 9s
U-B Train Epoch: 64 [2048/34416 (6%)]	Loss: 0.395645
Train Epoch: 64: time = 9s
U-B Train Epoch: 65 [2048/34416 (6%)]	Loss: 0.390004
Train Epoch: 65: time = 9s
U-B Train Epoch: 66 [2048/34416 (6%)]	Loss: 0.385586
Train Epoch: 66: time = 9s
Test: time=3s
Recall@20:0.26806823173541	NDCG@20:0.13185516697766614	Precision@20:0.021307874024015055	Recall@40:0.3665517360304368	NDCG@40:0.15484061439362037	Precision@40:0.015174045801243295	Recall@80:0.4725428739485204	NDCG@80:0.17567895062270297	Precision@80:0.010079418980378322	
Test: time=3s
Recall@20:0.2544976402352331	NDCG@20:0.1514420452936552	Precision@20:0.038154782536626866	Recall@40:0.36591448176346264	NDCG@40:0.18114176212270827	Precision@40:0.027703616215434174	Recall@80:0.4836422068398319	NDCG@80:0.2083134678579255	Precision@80:0.018916864578850407	
U-B Train Epoch: 67 [2048/34416 (6%)]	Loss: 0.393192
Train Epoch: 67: time = 9s
U-B Train Epoch: 68 [2048/34416 (6%)]	Loss: 0.392327
Train Epoch: 68: time = 9s
U-B Train Epoch: 69 [2048/34416 (6%)]	Loss: 0.389208
Train Epoch: 69: time = 9s
U-B Train Epoch: 70 [2048/34416 (6%)]	Loss: 0.382664
Train Epoch: 70: time = 9s
U-B Train Epoch: 71 [2048/34416 (6%)]	Loss: 0.374096
Train Epoch: 71: time = 9s
Test: time=3s
Recall@20:0.2675686778551664	NDCG@20:0.13066090245068013	Precision@20:0.021375465006311024	Recall@40:0.36877001536460535	NDCG@40:0.15423612604273376	Precision@40:0.015283879818002612	Recall@80:0.47223227327842493	NDCG@80:0.17457350318034623	Precision@80:0.010075194805850448	
Test: time=3s
Recall@20:0.25633659504603273	NDCG@20:0.15188735286381327	Precision@20:0.03837445185933012	Recall@40:0.3647451500668643	NDCG@40:0.18103479074037893	Precision@40:0.02777965554678589	Recall@80:0.4879179062090761	NDCG@80:0.2091254272667207	Precision@80:0.019026698595609726	
U-B Train Epoch: 72 [2048/34416 (6%)]	Loss: 0.373244
Train Epoch: 72: time = 10s
U-B Train Epoch: 73 [2048/34416 (6%)]	Loss: 0.372908
Train Epoch: 73: time = 10s
U-B Train Epoch: 74 [2048/34416 (6%)]	Loss: 0.372981
Train Epoch: 74: time = 8s
U-B Train Epoch: 75 [2048/34416 (6%)]	Loss: 0.367927
Train Epoch: 75: time = 9s
U-B Train Epoch: 76 [2048/34416 (6%)]	Loss: 0.369731
Train Epoch: 76: time = 9s
Test: time=3s
Recall@20:0.26820139934904635	NDCG@20:0.1314994422677966	Precision@20:0.021510646648606805	Recall@40:0.3670098555172646	NDCG@40:0.15444892401145738	Precision@40:0.015233187145298902	Recall@80:0.4732497596547345	NDCG@80:0.17530973588505802	Precision@80:0.010096316806526352	
Test: time=3s
Recall@20:0.2595962622392093	NDCG@20:0.15321927652362233	Precision@20:0.03847583720473753	Recall@40:0.3674277008768271	NDCG@40:0.18229483977972394	Precision@40:0.027906387550841315	Recall@80:0.4897481564453785	NDCG@80:0.2102991937583828	Precision@80:0.019106962262637393	
U-B Train Epoch: 77 [2048/34416 (6%)]	Loss: 0.372563
Train Epoch: 77: time = 9s
U-B Train Epoch: 78 [2048/34416 (6%)]	Loss: 0.364187
Train Epoch: 78: time = 9s
U-B Train Epoch: 79 [2048/34416 (6%)]	Loss: 0.357933
Train Epoch: 79: time = 9s
U-B Train Epoch: 80 [2048/34416 (6%)]	Loss: 0.361291
Train Epoch: 80: time = 9s
U-B Train Epoch: 81 [2048/34416 (6%)]	Loss: 0.359838
Train Epoch: 81: time = 9s
Test: time=3s
Recall@20:0.268162373152485	NDCG@20:0.13159565153698857	Precision@20:0.021476850996310744	Recall@40:0.36640434613216566	NDCG@40:0.15459118811171293	Precision@40:0.015233186500706597	Recall@80:0.4755065340414044	NDCG@80:0.17594489909459224	Precision@80:0.01014700947923006	
Test: time=3s
Recall@20:0.26211002268634886	NDCG@20:0.15354688411711356	Precision@20:0.03854342786473735	Recall@40:0.3697389201080126	NDCG@40:0.1826044142588686	Precision@40:0.02801622221219294	Recall@80:0.4859750018646766	NDCG@80:0.20954131306567358	Precision@80:0.01906049457020194	
U-B Train Epoch: 82 [2048/34416 (6%)]	Loss: 0.350552
Train Epoch: 82: time = 9s
U-B Train Epoch: 83 [2048/34416 (6%)]	Loss: 0.346604
Train Epoch: 83: time = 9s
U-B Train Epoch: 84 [2048/34416 (6%)]	Loss: 0.356309
Train Epoch: 84: time = 8s
U-B Train Epoch: 85 [2048/34416 (6%)]	Loss: 0.349844
Train Epoch: 85: time = 10s
U-B Train Epoch: 86 [2048/34416 (6%)]	Loss: 0.349480
Train Epoch: 86: time = 9s
Test: time=3s
Recall@20:0.268308963756297	NDCG@20:0.13225504110374334	Precision@20:0.02156133867671821	Recall@40:0.3685541078825986	NDCG@40:0.155606323015291	Precision@40:0.015300777483002565	Recall@80:0.4769784940904602	NDCG@80:0.17682500480195484	Precision@80:0.010172355654433838	
Test: time=3s
Recall@20:0.2625841744730061	NDCG@20:0.15421437234159818	Precision@20:0.0387630978320329	Recall@40:0.3708970719956594	NDCG@40:0.18332329453870871	Precision@40:0.02806691424030434	Recall@80:0.48913125582505174	NDCG@80:0.21070597275723957	Precision@80:0.019161879593313204	
U-B Train Epoch: 87 [2048/34416 (6%)]	Loss: 0.341062
Train Epoch: 87: time = 9s
U-B Train Epoch: 88 [2048/34416 (6%)]	Loss: 0.334431
Train Epoch: 88: time = 9s
U-B Train Epoch: 89 [2048/34416 (6%)]	Loss: 0.334232
Train Epoch: 89: time = 9s
U-B Train Epoch: 90 [2048/34416 (6%)]	Loss: 0.330046
Train Epoch: 90: time = 9s
U-B Train Epoch: 91 [2048/34416 (6%)]	Loss: 0.331950
Train Epoch: 91: time = 9s
Test: time=3s
Recall@20:0.27081381851613984	NDCG@20:0.13352019789251937	Precision@20:0.021679621042533275	Recall@40:0.36801619302505334	NDCG@40:0.1561908934639289	Precision@40:0.015275431791243016	Recall@80:0.4765002787939074	NDCG@80:0.17745338690043222	Precision@80:0.01015968248625791	
Test: time=3s
Recall@20:0.2644252951139532	NDCG@20:0.15441556507044849	Precision@20:0.03889827657366331	Recall@40:0.37337118228088567	NDCG@40:0.18377131197492028	Precision@40:0.02823589089030388	Recall@80:0.4903296096456256	NDCG@80:0.21083717565352791	Precision@80:0.019195674923313113	
U-B Train Epoch: 92 [2048/34416 (6%)]	Loss: 0.327240
Train Epoch: 92: time = 9s
U-B Train Epoch: 93 [2048/34416 (6%)]	Loss: 0.332886
Train Epoch: 93: time = 9s
U-B Train Epoch: 94 [2048/34416 (6%)]	Loss: 0.320147
Train Epoch: 94: time = 9s
U-B Train Epoch: 95 [2048/34416 (6%)]	Loss: 0.331125
Train Epoch: 95: time = 9s
U-B Train Epoch: 96 [2048/34416 (6%)]	Loss: 0.317799
Train Epoch: 96: time = 9s
Test: time=3s
Recall@20:0.26933206582077457	NDCG@20:0.13350541352339393	Precision@20:0.021544441011718256	Recall@40:0.367007029624596	NDCG@40:0.15639409732077322	Precision@40:0.015292328489354511	Recall@80:0.4781590365364407	NDCG@80:0.17809922198018097	Precision@80:0.010185028822609766	
Test: time=3s
Recall@20:0.2646610147850704	NDCG@20:0.15438311887214456	Precision@20:0.03908415185555126	Recall@40:0.37253999855116277	NDCG@40:0.18352365961103836	Precision@40:0.028328827564359397	Recall@80:0.4942098078029951	NDCG@80:0.21135686144066565	Precision@80:0.019284386939396523	
U-B Train Epoch: 97 [2048/34416 (6%)]	Loss: 0.316099
Train Epoch: 97: time = 9s
U-B Train Epoch: 98 [2048/34416 (6%)]	Loss: 0.319558
Train Epoch: 98: time = 9s
U-B Train Epoch: 99 [2048/34416 (6%)]	Loss: 0.311588
Train Epoch: 99: time = 9s
U-B Train Epoch: 100 [2048/34416 (6%)]	Loss: 0.312011
Train Epoch: 100: time = 9s
U-B Train Epoch: 101 [2048/34416 (6%)]	Loss: 0.304402
Train Epoch: 101: time = 9s
Test: time=3s
Recall@20:0.27029898521988005	NDCG@20:0.13381788866791464	Precision@20:0.021679622009421733	Recall@40:0.36694131214983683	NDCG@40:0.1565231885326678	Precision@40:0.015334572813002472	Recall@80:0.4792773680898055	NDCG@80:0.17838878315741566	Precision@80:0.010210375320109696	
Test: time=3s
Recall@20:0.2633791578988362	NDCG@20:0.15413170724593533	Precision@20:0.03896586852284773	Recall@40:0.372680952839853	NDCG@40:0.1836930275285675	Precision@40:0.028387969553007313	Recall@80:0.4948163124386142	NDCG@80:0.21174681400197226	Precision@80:0.01936465060642419	
U-B Train Epoch: 102 [2048/34416 (6%)]	Loss: 0.310352
Train Epoch: 102: time = 9s
U-B Train Epoch: 103 [2048/34416 (6%)]	Loss: 0.299357
Train Epoch: 103: time = 9s
U-B Train Epoch: 104 [2048/34416 (6%)]	Loss: 0.303399
Train Epoch: 104: time = 8s
U-B Train Epoch: 105 [2048/34416 (6%)]	Loss: 0.295409
Train Epoch: 105: time = 9s
U-B Train Epoch: 106 [2048/34416 (6%)]	Loss: 0.295359
Train Epoch: 106: time = 9s
Test: time=3s
Recall@20:0.27113072072061667	NDCG@20:0.1335726419225179	Precision@20:0.021730314037533133	Recall@40:0.3703067388918078	NDCG@40:0.1567909444413825	Precision@40:0.015452855823409843	Recall@80:0.4775632063494054	NDCG@80:0.17782587616699053	Precision@80:0.010223048488285622	
Test: time=2s
Recall@20:0.2680096202462297	NDCG@20:0.15600375026897548	Precision@20:0.039506590579884725	Recall@40:0.37431070908536457	NDCG@40:0.18476635106877323	Precision@40:0.02847245755571093	Recall@80:0.4976993108287217	NDCG@80:0.2129978129653441	Precision@80:0.019423792595072105	
U-B Train Epoch: 107 [2048/34416 (6%)]	Loss: 0.297867
Train Epoch: 107: time = 9s
U-B Train Epoch: 108 [2048/34416 (6%)]	Loss: 0.290295
Train Epoch: 108: time = 9s
U-B Train Epoch: 109 [2048/34416 (6%)]	Loss: 0.299767
Train Epoch: 109: time = 9s
U-B Train Epoch: 110 [2048/34416 (6%)]	Loss: 0.295823
Train Epoch: 110: time = 9s
U-B Train Epoch: 111 [2048/34416 (6%)]	Loss: 0.281189
Train Epoch: 111: time = 9s
Test: time=3s
Recall@20:0.2703984948016776	NDCG@20:0.13419784489174313	Precision@20:0.021679621364829427	Recall@40:0.37340705255351786	NDCG@40:0.15816492645995928	Precision@40:0.015545792819761513	Recall@80:0.4770849807393756	NDCG@80:0.17858848043211653	Precision@80:0.010218824313757749	
Test: time=3s
Recall@20:0.26850626056925114	NDCG@20:0.1563190358359494	Precision@20:0.03982764460340309	Recall@40:0.37643786369444915	NDCG@40:0.18528705789012334	Precision@40:0.02854849688706264	Recall@80:0.4969572458528272	NDCG@80:0.2130857456693298	Precision@80:0.01945336358939606	
U-B Train Epoch: 112 [2048/34416 (6%)]	Loss: 0.275748
Train Epoch: 112: time = 9s
U-B Train Epoch: 113 [2048/34416 (6%)]	Loss: 0.287333
Train Epoch: 113: time = 9s
U-B Train Epoch: 114 [2048/34416 (6%)]	Loss: 0.272385
Train Epoch: 114: time = 9s
U-B Train Epoch: 115 [2048/34416 (6%)]	Loss: 0.275365
Train Epoch: 115: time = 9s
U-B Train Epoch: 116 [2048/34416 (6%)]	Loss: 0.274470
Train Epoch: 116: time = 9s
Test: time=3s
Recall@20:0.2713203494635012	NDCG@20:0.1340280541216614	Precision@20:0.021848598014828965	Recall@40:0.37277944654417666	NDCG@40:0.15761170124596702	Precision@40:0.015528894832465405	Recall@80:0.47716423980929473	NDCG@80:0.1782046798597763	Precision@80:0.010227273307405802	
Test: time=3s
Recall@20:0.26839292061494063	NDCG@20:0.15672258413816956	Precision@20:0.039793849273403174	Recall@40:0.37732198650106136	NDCG@40:0.1860395910450638	Precision@40:0.02870057490517377	Recall@80:0.49583837799866404	NDCG@80:0.21348868805478255	Precision@80:0.01950828027547957	
U-B Train Epoch: 117 [2048/34416 (6%)]	Loss: 0.267152
Train Epoch: 117: time = 9s
U-B Train Epoch: 118 [2048/34416 (6%)]	Loss: 0.261620
Train Epoch: 118: time = 10s
U-B Train Epoch: 119 [2048/34416 (6%)]	Loss: 0.261331
Train Epoch: 119: time = 9s
U-B Train Epoch: 120 [2048/34416 (6%)]	Loss: 0.264915
Train Epoch: 120: time = 9s
U-B Train Epoch: 121 [2048/34416 (6%)]	Loss: 0.260610
Train Epoch: 121: time = 9s
Test: time=3s
Recall@20:0.27064873584825955	NDCG@20:0.1338997544691183	Precision@20:0.021747212347125396	Recall@40:0.3738693335282718	NDCG@40:0.15785237912110034	Precision@40:0.015545792819761513	Recall@80:0.4811994082704514	NDCG@80:0.1789273477640052	Precision@80:0.010286414651461412	
Test: time=3s
Recall@20:0.27107699266274504	NDCG@20:0.15773913456645114	Precision@20:0.04003041658340253	Recall@40:0.37770716392256676	NDCG@40:0.18665360389186064	Precision@40:0.028818857593284987	Recall@80:0.4967876510388064	NDCG@80:0.2142128797752223	Precision@80:0.019575870935479384	
U-B Train Epoch: 122 [2048/34416 (6%)]	Loss: 0.260750
Train Epoch: 122: time = 9s
U-B Train Epoch: 123 [2048/34416 (6%)]	Loss: 0.258848
Train Epoch: 123: time = 9s
U-B Train Epoch: 124 [2048/34416 (6%)]	Loss: 0.254233
Train Epoch: 124: time = 9s
U-B Train Epoch: 125 [2048/34416 (6%)]	Loss: 0.248223
Train Epoch: 125: time = 9s
U-B Train Epoch: 126 [2048/34416 (6%)]	Loss: 0.252350
Train Epoch: 126: time = 9s
Test: time=3s
Recall@20:0.26927198981787553	NDCG@20:0.13355365996829718	Precision@20:0.021831699705236705	Recall@40:0.37318498276906786	NDCG@40:0.1576787001702301	Precision@40:0.015588036821113321	Recall@80:0.4792838140128633	NDCG@80:0.17849586025288317	Precision@80:0.01027374116098933	
Test: time=3s
Recall@20:0.271765896821997	NDCG@20:0.1568674188725406	Precision@20:0.04035147060692089	Recall@40:0.37660245647217705	NDCG@40:0.18539633949127662	Precision@40:0.0288611022392291	Recall@80:0.49706292805054497	NDCG@80:0.2131836979161166	Precision@80:0.01960544192980334	
U-B Train Epoch: 127 [2048/34416 (6%)]	Loss: 0.251771
Train Epoch: 127: time = 8s
U-B Train Epoch: 128 [2048/34416 (6%)]	Loss: 0.245243
Train Epoch: 128: time = 9s
U-B Train Epoch: 129 [2048/34416 (6%)]	Loss: 0.239853
Train Epoch: 129: time = 8s
U-B Train Epoch: 130 [2048/34416 (6%)]	Loss: 0.251831
Train Epoch: 130: time = 9s
U-B Train Epoch: 131 [2048/34416 (6%)]	Loss: 0.238372
Train Epoch: 131: time = 9s
Test: time=3s
Recall@20:0.2711324636982115	NDCG@20:0.13466829671856517	Precision@20:0.022017573697940045	Recall@40:0.3734845686458421	NDCG@40:0.15840574356703066	Precision@40:0.01557958814976142	Recall@80:0.48010375605277333	NDCG@80:0.17931249682344913	Precision@80:0.01029063866484121	
Test: time=3s
Recall@20:0.26966172579616743	NDCG@20:0.1562886445979163	Precision@20:0.04013180257340225	Recall@40:0.3764789732133428	NDCG@40:0.18532250531020297	Precision@40:0.028869550910581	Recall@80:0.49726734116255494	NDCG@80:0.21328866332719035	Precision@80:0.019647685286562844	
U-B Train Epoch: 132 [2048/34416 (6%)]	Loss: 0.237598
Train Epoch: 132: time = 9s
U-B Train Epoch: 133 [2048/34416 (6%)]	Loss: 0.229219
Train Epoch: 133: time = 9s
U-B Train Epoch: 134 [2048/34416 (6%)]	Loss: 0.232939
Train Epoch: 134: time = 8s
U-B Train Epoch: 135 [2048/34416 (6%)]	Loss: 0.227478
Train Epoch: 135: time = 9s
U-B Train Epoch: 136 [2048/34416 (6%)]	Loss: 0.233551
Train Epoch: 136: time = 9s
Test: time=3s
Recall@20:0.27127649655975417	NDCG@20:0.13547765455281424	Precision@20:0.022118959365643613	Recall@40:0.3726472277704144	NDCG@40:0.15896886714047054	Precision@40:0.015596485492465222	Recall@80:0.4805449665942358	NDCG@80:0.18003984704618722	Precision@80:0.010286414329165258	
Test: time=3s
Recall@20:0.2717443983794145	NDCG@20:0.1570979946970577	Precision@20:0.04028387930232877	Recall@40:0.3774027410251299	NDCG@40:0.18597971099822574	Precision@40:0.028954039557876923	Recall@80:0.49778170519561615	NDCG@80:0.21385799819208876	Precision@80:0.0196983776369704	
U-B Train Epoch: 137 [2048/34416 (6%)]	Loss: 0.227431
Train Epoch: 137: time = 9s
U-B Train Epoch: 138 [2048/34416 (6%)]	Loss: 0.232765
Train Epoch: 138: time = 8s
U-B Train Epoch: 139 [2048/34416 (6%)]	Loss: 0.226952
Train Epoch: 139: time = 9s
U-B Train Epoch: 140 [2048/34416 (6%)]	Loss: 0.225030
Train Epoch: 140: time = 8s
U-B Train Epoch: 141 [2048/34416 (6%)]	Loss: 0.217495
Train Epoch: 141: time = 9s
Test: time=3s
Recall@20:0.274035233023522	NDCG@20:0.13698988872913542	Precision@20:0.022186549703347276	Recall@40:0.37347895295767414	NDCG@40:0.16017048001974246	Precision@40:0.015664076474761188	Recall@80:0.48216524475448314	NDCG@80:0.18134130727362496	Precision@80:0.01033710732416512	
Test: time=2s
Recall@20:0.2754129949313799	NDCG@20:0.15841514172284898	Precision@20:0.04079080731855046	Recall@40:0.3732669542834097	NDCG@40:0.18550843151488308	Precision@40:0.0288779995819329	Recall@80:0.49829909107740683	NDCG@80:0.21420013747452157	Precision@80:0.019715275624266504	
U-B Train Epoch: 142 [2048/34416 (6%)]	Loss: 0.221339
Train Epoch: 142: time = 9s
U-B Train Epoch: 143 [2048/34416 (6%)]	Loss: 0.212404
Train Epoch: 143: time = 9s
U-B Train Epoch: 144 [2048/34416 (6%)]	Loss: 0.208994
Train Epoch: 144: time = 9s
U-B Train Epoch: 145 [2048/34416 (6%)]	Loss: 0.208541
Train Epoch: 145: time = 8s
U-B Train Epoch: 146 [2048/34416 (6%)]	Loss: 0.210565
Train Epoch: 146: time = 9s
Test: time=3s
Recall@20:0.272660358889194	NDCG@20:0.13604413774135185	Precision@20:0.022237242698347138	Recall@40:0.37108229688391087	NDCG@40:0.1588869936041592	Precision@40:0.015520445838817353	Recall@80:0.4802282087784355	NDCG@80:0.18029151908768798	Precision@80:0.010324434155989192	
Test: time=3s
Recall@20:0.2761378054604332	NDCG@20:0.15823078316665654	Precision@20:0.04077391126503127	Recall@40:0.3721109475989566	NDCG@40:0.18499625909566153	Precision@40:0.028852652923284892	Recall@80:0.49477070624379543	NDCG@80:0.21330306094093232	Precision@80:0.01963923629291479	
U-B Train Epoch: 147 [2048/34416 (6%)]	Loss: 0.208139
Train Epoch: 147: time = 9s
U-B Train Epoch: 148 [2048/34416 (6%)]	Loss: 0.204922
Train Epoch: 148: time = 9s
U-B Train Epoch: 149 [2048/34416 (6%)]	Loss: 0.203006
Train Epoch: 149: time = 9s
U-B Train Epoch: 150 [2048/34416 (6%)]	Loss: 0.202875
Train Epoch: 150: time = 9s
U-B Train Epoch: 151 [2048/34416 (6%)]	Loss: 0.203009
Train Epoch: 151: time = 9s
Test: time=3s
Recall@20:0.2707143140910807	NDCG@20:0.13557841722205427	Precision@20:0.02211895904334746	Recall@40:0.37159888862798085	NDCG@40:0.15902861053373976	Precision@40:0.015562690484761466	Recall@80:0.48381707184054473	NDCG@80:0.18090679533540416	Precision@80:0.010387799835720753	
Test: time=3s
Recall@20:0.2785716416183941	NDCG@20:0.15868006916052588	Precision@20:0.041196351278549356	Recall@40:0.3752954707994941	NDCG@40:0.18540907147850044	Precision@40:0.02897093561139611	Recall@80:0.49294059008269264	NDCG@80:0.212759148796574	Precision@80:0.019609665943183138	
