nohup: ignoring input
>>>>>>>>>>B-I statistics>>>>>>>>>>
Average interactions 37.02934265136719
Non-zero rows 1.0
Non-zero columns 0.8566981995727799
Matrix density 0.0011299769286862884
finish loading assist data
>>>>>>>>>>U-I statistics>>>>>>>>>>
Average interactions 17.230377197265625
Non-zero rows 0.9958950118173903
Non-zero columns 0.641867561794324
Matrix density 0.0005257972814327529
finish loading item data
>>>>>>>>>>U-B statistics in train>>>>>>>>>>
Average interactions 4.281129360198975
Non-zero rows 0.3680806070406767
Non-zero columns 0.8645986166422134
Matrix density 0.0008973233061660289
finish loading bundle train data
>>>>>>>>>>U-B statistics in test>>>>>>>>>>
Average interactions 1.2123398780822754
Non-zero rows 0.3680806070406767
Non-zero columns 0.5017815971494446
Matrix density 0.0002541060245785134
finish loading bundle test data
>>>>>>>>>>B-I statistics>>>>>>>>>>
Average interactions 37.02934265136719
Non-zero rows 1.0
Non-zero columns 0.8566981995727799
Matrix density 0.0011299769286862884
finish loading assist data
>>>>>>>>>>U-I statistics>>>>>>>>>>
Average interactions 17.230377197265625
Non-zero rows 0.9958950118173903
Non-zero columns 0.641867561794324
Matrix density 0.0005257972814327529
finish loading item data
>>>>>>>>>>U-B statistics in train>>>>>>>>>>
Average interactions 4.281129360198975
Non-zero rows 0.3680806070406767
Non-zero columns 0.8645986166422134
Matrix density 0.0008973233061660289
finish loading bundle train data
>>>>>>>>>>U-B statistics in test>>>>>>>>>>
Average interactions 0.6454783082008362
Non-zero rows 0.3680806070406767
Non-zero columns 0.34835464263257176
Matrix density 0.00013529203381263145
finish loading bundle test data
IHGCN model
/data/lzm/IHBR - 副本/model/IHGCN.py:169: UserWarning: Creating a tensor from a list of numpy.ndarrays is extremely slow. Please consider converting the list to a single numpy.ndarray with numpy.array() before converting to a tensor. (Triggered internally at  /opt/conda/conda-bld/pytorch_1640811805959/work/torch/csrc/utils/tensor_new.cpp:201.)
  ub_indices = torch.tensor([ub_graph_coo.row, ub_graph_coo.col], dtype=torch.long)
finish generating bi, ui graph
finish generating non-atom graph
U-B Train Epoch: 1 [2048/34416 (6%)]	Loss: 0.974715
Train Epoch: 1: time = 20s
Test: time=3s
Recall@20:0.14443680175698742	NDCG@20:0.06257271387964618	Precision@20:0.011084826341469813	Recall@40:0.22047131413662502	NDCG@40:0.07977343781971778	Precision@40:0.008660020599416802	Recall@80:0.31239371962062246	NDCG@80:0.09734462313895371	Precision@80:0.006281682872095395	
Test: time=3s
Recall@20:0.18674658504278524	NDCG@20:0.0954808850431813	Precision@20:0.023132816364975467	Recall@40:0.25591325260328657	NDCG@40:0.11382288802270352	Precision@40:0.016830010525315707	Recall@80:0.34684775591944067	NDCG@80:0.13400536447249783	Precision@80:0.011883237709182063	
U-B Train Epoch: 2 [2048/34416 (6%)]	Loss: 0.952001
Train Epoch: 2: time = 11s
U-B Train Epoch: 3 [2048/34416 (6%)]	Loss: 0.909076
Train Epoch: 3: time = 9s
U-B Train Epoch: 4 [2048/34416 (6%)]	Loss: 0.849632
Train Epoch: 4: time = 9s
U-B Train Epoch: 5 [2048/34416 (6%)]	Loss: 0.770779
Train Epoch: 5: time = 9s
U-B Train Epoch: 6 [2048/34416 (6%)]	Loss: 0.694900
Train Epoch: 6: time = 9s
Test: time=3s
Recall@20:0.1783247983467744	NDCG@20:0.07367452458378107	Precision@20:0.014937478813540093	Recall@40:0.2794840285084303	NDCG@40:0.09676845817398325	Precision@40:0.011845218043506207	Recall@80:0.3784511265782095	NDCG@80:0.11598796528632192	Precision@80:0.008178438758398883	
Test: time=3s
Recall@20:0.16697424720694545	NDCG@20:0.08046571319672899	Precision@20:0.026698208854342684	Recall@40:0.2696112310133016	NDCG@40:0.10764950374849505	Precision@40:0.02114734765684818	Recall@80:0.3906538571083453	NDCG@80:0.13506955800728446	Precision@80:0.01546975381070595	
U-B Train Epoch: 7 [2048/34416 (6%)]	Loss: 0.652277
Train Epoch: 7: time = 9s
U-B Train Epoch: 8 [2048/34416 (6%)]	Loss: 0.642854
Train Epoch: 8: time = 9s
U-B Train Epoch: 9 [2048/34416 (6%)]	Loss: 0.619884
Train Epoch: 9: time = 11s
U-B Train Epoch: 10 [2048/34416 (6%)]	Loss: 0.592820
Train Epoch: 10: time = 12s
U-B Train Epoch: 11 [2048/34416 (6%)]	Loss: 0.599082
Train Epoch: 11: time = 11s
Test: time=3s
Recall@20:0.22571077698104564	NDCG@20:0.10326827172694798	Precision@20:0.01877323458749888	Recall@40:0.3169158440499984	NDCG@40:0.12455001011133275	Precision@40:0.01348428542487482	Recall@80:0.4316313634977505	NDCG@80:0.14654907144054685	Precision@80:0.009204968281314356	
Test: time=3s
Recall@20:0.2196671517163606	NDCG@20:0.11953682237156503	Precision@20:0.033338966382520756	Recall@40:0.32528807706790985	NDCG@40:0.14777798924989174	Precision@40:0.02491551405999176	Recall@80:0.4382890738035707	NDCG@80:0.17372557552088833	Precision@80:0.017277797197481796	
U-B Train Epoch: 12 [2048/34416 (6%)]	Loss: 0.572915
Train Epoch: 12: time = 11s
U-B Train Epoch: 13 [2048/34416 (6%)]	Loss: 0.583976
Train Epoch: 13: time = 11s
U-B Train Epoch: 14 [2048/34416 (6%)]	Loss: 0.584179
Train Epoch: 14: time = 11s
U-B Train Epoch: 15 [2048/34416 (6%)]	Loss: 0.598813
Train Epoch: 15: time = 11s
U-B Train Epoch: 16 [2048/34416 (6%)]	Loss: 0.557546
Train Epoch: 16: time = 11s
Test: time=3s
Recall@20:0.23570181848874724	NDCG@20:0.11496616787667129	Precision@20:0.019550524276831377	Recall@40:0.33273481992339315	NDCG@40:0.13751353231303068	Precision@40:0.014075701766096285	Recall@80:0.44327315433317843	NDCG@80:0.15886143423005028	Precision@80:0.009475329954425158	
Test: time=3s
Recall@20:0.2332282496610579	NDCG@20:0.13003316236613932	Precision@20:0.03526529374659243	Recall@40:0.3323542474693203	NDCG@40:0.156859126837119	Precision@40:0.02554072283054776	Recall@80:0.4493822701761311	NDCG@80:0.1836986793139046	Precision@80:0.017704461546675827	
U-B Train Epoch: 17 [2048/34416 (6%)]	Loss: 0.591007
Train Epoch: 17: time = 11s
U-B Train Epoch: 18 [2048/34416 (6%)]	Loss: 0.555041
Train Epoch: 18: time = 12s
U-B Train Epoch: 19 [2048/34416 (6%)]	Loss: 0.573432
Train Epoch: 19: time = 12s
U-B Train Epoch: 20 [2048/34416 (6%)]	Loss: 0.567908
Train Epoch: 20: time = 12s
U-B Train Epoch: 21 [2048/34416 (6%)]	Loss: 0.566334
Train Epoch: 21: time = 12s
Test: time=3s
Recall@20:0.2443127517725979	NDCG@20:0.12012991433048538	Precision@20:0.02020953063346035	Recall@40:0.3405743567030669	NDCG@40:0.1424728837034194	Precision@40:0.01438830679596659	Recall@80:0.44384939922759487	NDCG@80:0.1626876155521951	Precision@80:0.009593612642536376	
Test: time=3s
Recall@20:0.2347662004920106	NDCG@20:0.13483979952581107	Precision@20:0.035755323775518016	Recall@40:0.34000024669836726	NDCG@40:0.16322801853604074	Precision@40:0.02625042347136121	Recall@80:0.4593953464272136	NDCG@80:0.19036560471132827	Precision@80:0.01802974055046244	
U-B Train Epoch: 22 [2048/34416 (6%)]	Loss: 0.563537
Train Epoch: 22: time = 11s
U-B Train Epoch: 23 [2048/34416 (6%)]	Loss: 0.542311
Train Epoch: 23: time = 11s
U-B Train Epoch: 24 [2048/34416 (6%)]	Loss: 0.569689
Train Epoch: 24: time = 11s
U-B Train Epoch: 25 [2048/34416 (6%)]	Loss: 0.550819
Train Epoch: 25: time = 11s
U-B Train Epoch: 26 [2048/34416 (6%)]	Loss: 0.556965
Train Epoch: 26: time = 11s
Test: time=3s
Recall@20:0.24620810067504595	NDCG@20:0.11967980841520309	Precision@20:0.020361609296163784	Recall@40:0.3406577824176506	NDCG@40:0.1416932493095746	Precision@40:0.014464346127318305	Recall@80:0.44653975218282677	NDCG@80:0.16243074036160204	Precision@80:0.009690773974563995	
Test: time=3s
Recall@20:0.24344842568488087	NDCG@20:0.1400148598637763	Precision@20:0.03688746314066493	Recall@40:0.341917697381796	NDCG@40:0.1670017841902485	Precision@40:0.026647515537046668	Recall@80:0.46236585466875424	NDCG@80:0.1942932036084958	Precision@80:0.01819449222019372	
U-B Train Epoch: 27 [2048/34416 (6%)]	Loss: 0.567171
Train Epoch: 27: time = 11s
U-B Train Epoch: 28 [2048/34416 (6%)]	Loss: 0.551944
Train Epoch: 28: time = 9s
U-B Train Epoch: 29 [2048/34416 (6%)]	Loss: 0.557915
Train Epoch: 29: time = 10s
U-B Train Epoch: 30 [2048/34416 (6%)]	Loss: 0.529952
Train Epoch: 30: time = 10s
U-B Train Epoch: 31 [2048/34416 (6%)]	Loss: 0.574325
Train Epoch: 31: time = 9s
Test: time=3s
Recall@20:0.2495740688745538	NDCG@20:0.1251089051592467	Precision@20:0.02068266331968214	Recall@40:0.3451628741399385	NDCG@40:0.1473549716816677	Precision@40:0.014692463799077298	Recall@80:0.4512485453872191	NDCG@80:0.16797257629992712	Precision@80:0.009771037802739737	
Test: time=3s
Recall@20:0.24518691176053195	NDCG@20:0.1415605793211983	Precision@20:0.037157823846887275	Recall@40:0.34476447484105693	NDCG@40:0.1688214579559976	Precision@40:0.026808043515694307	Recall@80:0.46316056994418514	NDCG@80:0.1958649465464869	Precision@80:0.018338121244656794	
U-B Train Epoch: 32 [2048/34416 (6%)]	Loss: 0.570082
Train Epoch: 32: time = 9s
U-B Train Epoch: 33 [2048/34416 (6%)]	Loss: 0.578351
Train Epoch: 33: time = 9s
U-B Train Epoch: 34 [2048/34416 (6%)]	Loss: 0.539914
Train Epoch: 34: time = 11s
U-B Train Epoch: 35 [2048/34416 (6%)]	Loss: 0.540595
Train Epoch: 35: time = 11s
U-B Train Epoch: 36 [2048/34416 (6%)]	Loss: 0.573702
Train Epoch: 36: time = 11s
Test: time=3s
Recall@20:0.2517078705194956	NDCG@20:0.1267846852953912	Precision@20:0.02086853634549702	Recall@40:0.351227765793976	NDCG@40:0.14985395549478947	Precision@40:0.014886786463132538	Recall@80:0.4555290198962646	NDCG@80:0.17018051895188013	Precision@80:0.009851301308619328	
Test: time=3s
Recall@20:0.24814492006807884	NDCG@20:0.1437919748196049	Precision@20:0.03768165049499739	Recall@40:0.3495185596792228	NDCG@40:0.1711653941142555	Precision@40:0.02693477551974973	Recall@80:0.46874552395102864	NDCG@80:0.1984917787975377	Precision@80:0.018431057918712312	
U-B Train Epoch: 37 [2048/34416 (6%)]	Loss: 0.551959
Train Epoch: 37: time = 11s
U-B Train Epoch: 38 [2048/34416 (6%)]	Loss: 0.520544
Train Epoch: 38: time = 11s
U-B Train Epoch: 39 [2048/34416 (6%)]	Loss: 0.530945
Train Epoch: 39: time = 11s
U-B Train Epoch: 40 [2048/34416 (6%)]	Loss: 0.572330
Train Epoch: 40: time = 12s
U-B Train Epoch: 41 [2048/34416 (6%)]	Loss: 0.539340
Train Epoch: 41: time = 11s
Test: time=3s
Recall@20:0.25743012268747095	NDCG@20:0.12905681387078485	Precision@20:0.0210206146859043	Recall@40:0.3501928444849796	NDCG@40:0.1508217824798615	Precision@40:0.014827645441373083	Recall@80:0.45907320497647536	NDCG@80:0.17197628092145387	Precision@80:0.009885096960915388	
Test: time=3s
Recall@20:0.2524788441711199	NDCG@20:0.147660428505163	Precision@20:0.03795201249040434	Recall@40:0.35110675776959593	NDCG@40:0.1746649398881062	Precision@40:0.027255830187860396	Recall@80:0.47074742138325343	NDCG@80:0.20186708585037175	Precision@80:0.01853244358641588	
U-B Train Epoch: 42 [2048/34416 (6%)]	Loss: 0.521492
Train Epoch: 42: time = 11s
U-B Train Epoch: 43 [2048/34416 (6%)]	Loss: 0.555020
Train Epoch: 43: time = 11s
U-B Train Epoch: 44 [2048/34416 (6%)]	Loss: 0.527239
Train Epoch: 44: time = 12s
U-B Train Epoch: 45 [2048/34416 (6%)]	Loss: 0.549202
Train Epoch: 45: time = 12s
U-B Train Epoch: 46 [2048/34416 (6%)]	Loss: 0.513521
Train Epoch: 46: time = 12s
Test: time=3s
Recall@20:0.2580939547843972	NDCG@20:0.1287396409375396	Precision@20:0.02096992298008905	Recall@40:0.35257473681657125	NDCG@40:0.15078370512317427	Precision@40:0.014869888153540279	Recall@80:0.46099431694420095	NDCG@80:0.17192751106759832	Precision@80:0.009918891807471067	
Test: time=3s
Recall@20:0.2514385959513085	NDCG@20:0.14673798339678734	Precision@20:0.03795201120121973	Recall@40:0.3517291657865833	NDCG@40:0.17413903765277147	Precision@40:0.027196688843804787	Recall@80:0.47304757425373334	NDCG@80:0.20174110157339104	Precision@80:0.018638054234387705	
U-B Train Epoch: 47 [2048/34416 (6%)]	Loss: 0.530196
Train Epoch: 47: time = 11s
U-B Train Epoch: 48 [2048/34416 (6%)]	Loss: 0.514882
Train Epoch: 48: time = 11s
U-B Train Epoch: 49 [2048/34416 (6%)]	Loss: 0.532451
Train Epoch: 49: time = 12s
U-B Train Epoch: 50 [2048/34416 (6%)]	Loss: 0.517289
Train Epoch: 50: time = 12s
U-B Train Epoch: 51 [2048/34416 (6%)]	Loss: 0.552404
Train Epoch: 51: time = 12s
Test: time=3s
Recall@20:0.2548387430132382	NDCG@20:0.12611960268939174	Precision@20:0.020986819678200545	Recall@40:0.3531159983973682	NDCG@40:0.14889731605377662	Precision@40:0.01491213247718824	Recall@80:0.46534784181007627	NDCG@80:0.17068699317511854	Precision@80:0.009999155635646809	
Test: time=3s
Recall@20:0.2566762023698885	NDCG@20:0.14973991680241952	Precision@20:0.03842514388744152	Recall@40:0.35604979066117143	NDCG@40:0.176844615878266	Precision@40:0.027467050194619435	Recall@80:0.4770346406586632	NDCG@80:0.20439068019772832	Precision@80:0.01874366359317492	
U-B Train Epoch: 52 [2048/34416 (6%)]	Loss: 0.521364
Train Epoch: 52: time = 11s
U-B Train Epoch: 53 [2048/34416 (6%)]	Loss: 0.524464
Train Epoch: 53: time = 9s
U-B Train Epoch: 54 [2048/34416 (6%)]	Loss: 0.526630
Train Epoch: 54: time = 9s
U-B Train Epoch: 55 [2048/34416 (6%)]	Loss: 0.506915
Train Epoch: 55: time = 10s
U-B Train Epoch: 56 [2048/34416 (6%)]	Loss: 0.504240
Train Epoch: 56: time = 9s
Test: time=3s
Recall@20:0.2601791954233905	NDCG@20:0.12869263984497112	Precision@20:0.021088205668200268	Recall@40:0.3531814270947744	NDCG@40:0.15057274811007598	Precision@40:0.014945927807188147	Recall@80:0.46714986406012377	NDCG@80:0.17268640763778145	Precision@80:0.010041399636998617	
Test: time=3s
Recall@20:0.25717672056022145	NDCG@20:0.15114833294197128	Precision@20:0.0383913479128493	Recall@40:0.3559386320072237	NDCG@40:0.17815729459019358	Precision@40:0.02741635816650803	Recall@80:0.478230890529951	NDCG@80:0.20594686009908858	Precision@80:0.018747888251147024	
U-B Train Epoch: 57 [2048/34416 (6%)]	Loss: 0.546681
Train Epoch: 57: time = 10s
U-B Train Epoch: 58 [2048/34416 (6%)]	Loss: 0.496346
Train Epoch: 58: time = 9s
U-B Train Epoch: 59 [2048/34416 (6%)]	Loss: 0.533270
Train Epoch: 59: time = 11s
U-B Train Epoch: 60 [2048/34416 (6%)]	Loss: 0.525402
Train Epoch: 60: time = 12s
U-B Train Epoch: 61 [2048/34416 (6%)]	Loss: 0.525923
Train Epoch: 61: time = 11s
Test: time=3s
Recall@20:0.2622486151888307	NDCG@20:0.1293666771272825	Precision@20:0.02112200132049633	Recall@40:0.356469497603313	NDCG@40:0.15140847750473924	Precision@40:0.014979723459484208	Recall@80:0.46869624615843614	NDCG@80:0.17326236117647564	Precision@80:0.010075194805850448	
Test: time=3s
Recall@20:0.2587142949492676	NDCG@20:0.15214238452041176	Precision@20:0.038391349202033916	Recall@40:0.3588215530462545	NDCG@40:0.17951871221554605	Precision@40:0.027526191538675044	Recall@80:0.47783763765603876	NDCG@80:0.20671726650948377	Precision@80:0.01875211323141528	
U-B Train Epoch: 62 [2048/34416 (6%)]	Loss: 0.497487
Train Epoch: 62: time = 12s
U-B Train Epoch: 63 [2048/34416 (6%)]	Loss: 0.536886
Train Epoch: 63: time = 11s
U-B Train Epoch: 64 [2048/34416 (6%)]	Loss: 0.505885
Train Epoch: 64: time = 12s
U-B Train Epoch: 65 [2048/34416 (6%)]	Loss: 0.538400
Train Epoch: 65: time = 12s
U-B Train Epoch: 66 [2048/34416 (6%)]	Loss: 0.478951
Train Epoch: 66: time = 11s
Test: time=3s
Recall@20:0.2584128578033911	NDCG@20:0.1276920546789192	Precision@20:0.020784049309681862	Recall@40:0.35517684250677223	NDCG@40:0.1505447521770512	Precision@40:0.014929030142188193	Recall@80:0.46715307155143737	NDCG@80:0.17247686357101744	Precision@80:0.01004562381152649	
Test: time=3s
Recall@20:0.25487072510508196	NDCG@20:0.15156459518283072	Precision@20:0.03818857786662678	Recall@40:0.35907118044096137	NDCG@40:0.1796995719247027	Precision@40:0.027399460179211924	Recall@80:0.47901696311174596	NDCG@80:0.20724857042834097	Precision@80:0.01877323458749888	
U-B Train Epoch: 67 [2048/34416 (6%)]	Loss: 0.518431
Train Epoch: 67: time = 11s
U-B Train Epoch: 68 [2048/34416 (6%)]	Loss: 0.509325
Train Epoch: 68: time = 11s
U-B Train Epoch: 69 [2048/34416 (6%)]	Loss: 0.505270
Train Epoch: 69: time = 12s
U-B Train Epoch: 70 [2048/34416 (6%)]	Loss: 0.493357
Train Epoch: 70: time = 11s
U-B Train Epoch: 71 [2048/34416 (6%)]	Loss: 0.548400
Train Epoch: 71: time = 11s
Test: time=3s
Recall@20:0.2631541126763027	NDCG@20:0.12924257505983466	Precision@20:0.021020615652792757	Recall@40:0.3569707944611514	NDCG@40:0.15130739769608478	Precision@40:0.014971274465836154	Recall@80:0.4682031382012504	NDCG@80:0.17309721404936476	Precision@80:0.010049848147202441	
Test: time=3s
Recall@20:0.2532548714264215	NDCG@20:0.1500010643508153	Precision@20:0.03801960186121955	Recall@40:0.36009893388351744	NDCG@40:0.1787840084837836	Precision@40:0.02750929484056355	Recall@80:0.4802428642290998	NDCG@80:0.20619932369994085	Precision@80:0.018777459567767135	
U-B Train Epoch: 72 [2048/34416 (6%)]	Loss: 0.510182
Train Epoch: 72: time = 11s
U-B Train Epoch: 73 [2048/34416 (6%)]	Loss: 0.485014
Train Epoch: 73: time = 11s
U-B Train Epoch: 74 [2048/34416 (6%)]	Loss: 0.519869
Train Epoch: 74: time = 11s
U-B Train Epoch: 75 [2048/34416 (6%)]	Loss: 0.486185
Train Epoch: 75: time = 11s
U-B Train Epoch: 76 [2048/34416 (6%)]	Loss: 0.473102
Train Epoch: 76: time = 12s
Test: time=3s
Recall@20:0.2617642221196192	NDCG@20:0.12864014424758813	Precision@20:0.021020615975088912	Recall@40:0.3574805483700416	NDCG@40:0.15094150905473766	Precision@40:0.014945927807188147	Recall@80:0.469272924218882	NDCG@80:0.17288378438018148	Precision@80:0.010054072321730315	
Test: time=3s
Recall@20:0.2566151929973307	NDCG@20:0.15236800214091278	Precision@20:0.038104090508515466	Recall@40:0.36324082632731974	NDCG@40:0.18108629366561102	Precision@40:0.027576883566786448	Recall@80:0.4806038256068615	NDCG@80:0.20802998647531895	Precision@80:0.018794356910470936	
U-B Train Epoch: 77 [2048/34416 (6%)]	Loss: 0.468617
Train Epoch: 77: time = 11s
U-B Train Epoch: 78 [2048/34416 (6%)]	Loss: 0.460482
Train Epoch: 78: time = 9s
U-B Train Epoch: 79 [2048/34416 (6%)]	Loss: 0.509430
Train Epoch: 79: time = 9s
U-B Train Epoch: 80 [2048/34416 (6%)]	Loss: 0.465896
Train Epoch: 80: time = 8s
U-B Train Epoch: 81 [2048/34416 (6%)]	Loss: 0.481038
Train Epoch: 81: time = 9s
Test: time=3s
Recall@20:0.26005809973445687	NDCG@20:0.12752044615853514	Precision@20:0.020885434977385434	Recall@40:0.35834794787387264	NDCG@40:0.15042684077410812	Precision@40:0.014895235134484439	Recall@80:0.46831673083574477	NDCG@80:0.17217557597055594	Precision@80:0.010041399153554387	
Test: time=3s
Recall@20:0.2582206764749757	NDCG@20:0.15242848552614904	Precision@20:0.03832375918662641	Recall@40:0.3645345901226264	NDCG@40:0.18108041756215149	Precision@40:0.027695168188674582	Recall@80:0.48247608263454717	NDCG@80:0.20808006356237063	Precision@80:0.018802805581822835	
U-B Train Epoch: 82 [2048/34416 (6%)]	Loss: 0.496261
Train Epoch: 82: time = 9s
U-B Train Epoch: 83 [2048/34416 (6%)]	Loss: 0.507692
Train Epoch: 83: time = 9s
U-B Train Epoch: 84 [2048/34416 (6%)]	Loss: 0.487013
Train Epoch: 84: time = 10s
U-B Train Epoch: 85 [2048/34416 (6%)]	Loss: 0.483912
Train Epoch: 85: time = 10s
U-B Train Epoch: 86 [2048/34416 (6%)]	Loss: 0.454235
Train Epoch: 86: time = 11s
Test: time=3s
Recall@20:0.2617170224926205	NDCG@20:0.12808413955157333	Precision@20:0.02090233167549693	Recall@40:0.36033019297587865	NDCG@40:0.1510738051795766	Precision@40:0.014962825149891949	Recall@80:0.46715642343142744	NDCG@80:0.1721205896685034	Precision@80:0.009990706641998755	
Test: time=3s
Recall@20:0.2574689941818789	NDCG@20:0.15174479740783547	Precision@20:0.038154782536626866	Recall@40:0.36232253497176253	NDCG@40:0.1800407365835692	Precision@40:0.027492396208675135	Recall@80:0.485831397012425	NDCG@80:0.2080652585662914	Precision@80:0.01882392758249874	
U-B Train Epoch: 87 [2048/34416 (6%)]	Loss: 0.445345
Train Epoch: 87: time = 11s
U-B Train Epoch: 88 [2048/34416 (6%)]	Loss: 0.463607
Train Epoch: 88: time = 11s
U-B Train Epoch: 89 [2048/34416 (6%)]	Loss: 0.481579
Train Epoch: 89: time = 11s
U-B Train Epoch: 90 [2048/34416 (6%)]	Loss: 0.476053
Train Epoch: 90: time = 10s
U-B Train Epoch: 91 [2048/34416 (6%)]	Loss: 0.458617
Train Epoch: 91: time = 11s
Test: time=3s
Recall@20:0.2636025684352822	NDCG@20:0.12879061529708094	Precision@20:0.021054410015904208	Recall@40:0.3610694062754124	NDCG@40:0.15167795318572574	Precision@40:0.015081108804891625	Recall@80:0.4655258317942876	NDCG@80:0.17227468332675472	Precision@80:0.009978033151526676	
Test: time=3s
Recall@20:0.2592031073433276	NDCG@20:0.15330463859349258	Precision@20:0.038391349202033916	Recall@40:0.3648115791715291	NDCG@40:0.18184858079132254	Precision@40:0.02769516689948997	Recall@80:0.4825438112373004	NDCG@80:0.20893858316259717	Precision@80:0.018849273918850593	
U-B Train Epoch: 92 [2048/34416 (6%)]	Loss: 0.484009
Train Epoch: 92: time = 11s
U-B Train Epoch: 93 [2048/34416 (6%)]	Loss: 0.455823
Train Epoch: 93: time = 10s
U-B Train Epoch: 94 [2048/34416 (6%)]	Loss: 0.440629
Train Epoch: 94: time = 11s
U-B Train Epoch: 95 [2048/34416 (6%)]	Loss: 0.446523
Train Epoch: 95: time = 10s
U-B Train Epoch: 96 [2048/34416 (6%)]	Loss: 0.437113
Train Epoch: 96: time = 11s
Test: time=3s
Recall@20:0.2637543776584018	NDCG@20:0.12873820994262075	Precision@20:0.02102061500820045	Recall@40:0.3621344790341041	NDCG@40:0.15174601697647802	Precision@40:0.015038864803539817	Recall@80:0.46593108955530266	NDCG@80:0.1721822926223822	Precision@80:0.00993578947247102	
Test: time=3s
Recall@20:0.2576865415067115	NDCG@20:0.15259096404111397	Precision@20:0.03817167987933067	Recall@40:0.3655291754234961	NDCG@40:0.18178677728104406	Precision@40:0.02774586086137829	Recall@80:0.48473562103302426	NDCG@80:0.2089137431535015	Precision@80:0.018823927260202586	
U-B Train Epoch: 97 [2048/34416 (6%)]	Loss: 0.443386
Train Epoch: 97: time = 11s
U-B Train Epoch: 98 [2048/34416 (6%)]	Loss: 0.438865
Train Epoch: 98: time = 11s
U-B Train Epoch: 99 [2048/34416 (6%)]	Loss: 0.486737
Train Epoch: 99: time = 11s
U-B Train Epoch: 100 [2048/34416 (6%)]	Loss: 0.406664
Train Epoch: 100: time = 11s
U-B Train Epoch: 101 [2048/34416 (6%)]	Loss: 0.455914
Train Epoch: 101: time = 11s
Test: time=3s
Recall@20:0.2640782569299964	NDCG@20:0.12919108760481793	Precision@20:0.021054410015904208	Recall@40:0.36118540710676117	NDCG@40:0.15191760229153906	Precision@40:0.015013518467187962	Recall@80:0.4687924090169821	NDCG@80:0.17306517007665967	Precision@80:0.009994931138822782	
Test: time=3s
Recall@20:0.2594377905100171	NDCG@20:0.15351699566107901	Precision@20:0.03837445185933012	Recall@40:0.3654167327416753	NDCG@40:0.18219635638887716	Precision@40:0.027728963518674488	Recall@80:0.4873582969528874	NDCG@80:0.20992931122310907	Precision@80:0.018921088592230205	
U-B Train Epoch: 102 [2048/34416 (6%)]	Loss: 0.427243
Train Epoch: 102: time = 10s
U-B Train Epoch: 103 [2048/34416 (6%)]	Loss: 0.425616
Train Epoch: 103: time = 10s
U-B Train Epoch: 104 [2048/34416 (6%)]	Loss: 0.459348
Train Epoch: 104: time = 9s
U-B Train Epoch: 105 [2048/34416 (6%)]	Loss: 0.460457
Train Epoch: 105: time = 9s
U-B Train Epoch: 106 [2048/34416 (6%)]	Loss: 0.395653
Train Epoch: 106: time = 9s
Test: time=3s
Recall@20:0.2660778028894897	NDCG@20:0.13103508570581807	Precision@20:0.02129097732590356	Recall@40:0.36167355428156156	NDCG@40:0.15333993904652649	Precision@40:0.015038864803539817	Recall@80:0.471972002375565	NDCG@80:0.17496343253632984	Precision@80:0.010062521154230291	
Test: time=3s
Recall@20:0.26146438356266105	NDCG@20:0.153757346083321	Precision@20:0.038729300568256075	Recall@40:0.36765923843306436	NDCG@40:0.1823974124641586	Precision@40:0.027889490208137514	Recall@80:0.4897166384599949	NDCG@80:0.21011452064114514	Precision@80:0.018988679252230023	
U-B Train Epoch: 107 [2048/34416 (6%)]	Loss: 0.409953
Train Epoch: 107: time = 9s
U-B Train Epoch: 108 [2048/34416 (6%)]	Loss: 0.421284
Train Epoch: 108: time = 9s
U-B Train Epoch: 109 [2048/34416 (6%)]	Loss: 0.423056
Train Epoch: 109: time = 9s
U-B Train Epoch: 110 [2048/34416 (6%)]	Loss: 0.420464
Train Epoch: 110: time = 11s
U-B Train Epoch: 111 [2048/34416 (6%)]	Loss: 0.401987
Train Epoch: 111: time = 11s
Test: time=3s
Recall@20:0.26619903265362294	NDCG@20:0.13129652460993604	Precision@20:0.021307874346311206	Recall@40:0.3650699730215946	NDCG@40:0.15424457278030876	Precision@40:0.015140250148947234	Recall@80:0.4756048317896671	NDCG@80:0.17588085498145883	Precision@80:0.010125886995109927	
Test: time=3s
Recall@20:0.2606944825126336	NDCG@20:0.1538936464155635	Precision@20:0.0388306872028481	Recall@40:0.3689198340866847	NDCG@40:0.18308410438261713	Precision@40:0.02811760691300805	Recall@80:0.4916885752418469	NDCG@80:0.2109618862161124	Precision@80:0.019119635914257548	
U-B Train Epoch: 112 [2048/34416 (6%)]	Loss: 0.406483
Train Epoch: 112: time = 11s
U-B Train Epoch: 113 [2048/34416 (6%)]	Loss: 0.408087
Train Epoch: 113: time = 11s
U-B Train Epoch: 114 [2048/34416 (6%)]	Loss: 0.398219
Train Epoch: 114: time = 10s
U-B Train Epoch: 115 [2048/34416 (6%)]	Loss: 0.379446
Train Epoch: 115: time = 11s
U-B Train Epoch: 116 [2048/34416 (6%)]	Loss: 0.416892
Train Epoch: 116: time = 11s
Test: time=3s
Recall@20:0.266945749007596	NDCG@20:0.13159658232827814	Precision@20:0.021459952042126182	Recall@40:0.3644898244761744	NDCG@40:0.15425308913385277	Precision@40:0.01514869946489144	Recall@80:0.47482901080390333	NDCG@80:0.1758596607864447	Precision@80:0.010108989330109973	
Test: time=3s
Recall@20:0.2630107501907581	NDCG@20:0.15464119300442639	Precision@20:0.03883068784744041	Recall@40:0.3681571266867898	NDCG@40:0.1831317062352146	Precision@40:0.027982427526785338	Recall@80:0.4939662756731318	NDCG@80:0.21161972618296404	Precision@80:0.019157655579933406	
U-B Train Epoch: 117 [2048/34416 (6%)]	Loss: 0.424759
Train Epoch: 117: time = 11s
U-B Train Epoch: 118 [2048/34416 (6%)]	Loss: 0.419018
Train Epoch: 118: time = 11s
U-B Train Epoch: 119 [2048/34416 (6%)]	Loss: 0.398364
Train Epoch: 119: time = 10s
U-B Train Epoch: 120 [2048/34416 (6%)]	Loss: 0.410782
Train Epoch: 120: time = 11s
U-B Train Epoch: 121 [2048/34416 (6%)]	Loss: 0.418063
Train Epoch: 121: time = 11s
Test: time=3s
Recall@20:0.26755365111933405	NDCG@20:0.13158612704107833	Precision@20:0.021476850674014593	Recall@40:0.3664602761173538	NDCG@40:0.15461738692138918	Precision@40:0.015250084810298856	Recall@80:0.479190466733509	NDCG@80:0.17654485725075378	Precision@80:0.010176579828961712	
Test: time=3s
Recall@20:0.26411522558791767	NDCG@20:0.15525278218415348	Precision@20:0.03921933317555089	Recall@40:0.37008588609763116	NDCG@40:0.18389650211418027	Precision@40:0.028134505544896462	Recall@80:0.49142234314934313	NDCG@80:0.21163308729227834	Precision@80:0.019132308598989248	
U-B Train Epoch: 122 [2048/34416 (6%)]	Loss: 0.413479
Train Epoch: 122: time = 11s
U-B Train Epoch: 123 [2048/34416 (6%)]	Loss: 0.389510
Train Epoch: 123: time = 11s
U-B Train Epoch: 124 [2048/34416 (6%)]	Loss: 0.408072
Train Epoch: 124: time = 10s
U-B Train Epoch: 125 [2048/34416 (6%)]	Loss: 0.390857
Train Epoch: 125: time = 9s
U-B Train Epoch: 126 [2048/34416 (6%)]	Loss: 0.390823
Train Epoch: 126: time = 9s
Test: time=3s
Recall@20:0.27135695714973124	NDCG@20:0.13303945579412782	Precision@20:0.021848598014828965	Recall@40:0.36747694257225044	NDCG@40:0.1553692806407623	Precision@40:0.015300777805298718	Recall@80:0.47931854980303734	NDCG@80:0.17717875705936867	Precision@80:0.010193477655109742	
Test: time=3s
Recall@20:0.2643623880616472	NDCG@20:0.1552546772855325	Precision@20:0.03938830853636582	Recall@40:0.3706156687786467	NDCG@40:0.18398876647846085	Precision@40:0.028269686864896094	Recall@80:0.49265543276009105	NDCG@80:0.21187092122615855	Precision@80:0.01922102061507266	
U-B Train Epoch: 127 [2048/34416 (6%)]	Loss: 0.384850
Train Epoch: 127: time = 9s
U-B Train Epoch: 128 [2048/34416 (6%)]	Loss: 0.377718
Train Epoch: 128: time = 9s
U-B Train Epoch: 129 [2048/34416 (6%)]	Loss: 0.403981
Train Epoch: 129: time = 8s
U-B Train Epoch: 130 [2048/34416 (6%)]	Loss: 0.387315
Train Epoch: 130: time = 9s
U-B Train Epoch: 131 [2048/34416 (6%)]	Loss: 0.389086
Train Epoch: 131: time = 9s
Test: time=3s
Recall@20:0.27078888052901373	NDCG@20:0.13409102305482876	Precision@20:0.02189929068753267	Recall@40:0.3658913744184849	NDCG@40:0.1563239527860579	Precision@40:0.015359919149354327	Recall@80:0.4781990115728762	NDCG@80:0.17815456925392473	Precision@80:0.010193477332813589	
Test: time=3s
Recall@20:0.26529277712559934	NDCG@20:0.15523634250198678	Precision@20:0.03952348792258853	Recall@40:0.37087276313062373	NDCG@40:0.1838104619332043	Precision@40:0.0282950335235441	Recall@80:0.4931053581895277	NDCG@80:0.21176019573824031	Precision@80:0.01925059193169277	
U-B Train Epoch: 132 [2048/34416 (6%)]	Loss: 0.385169
Train Epoch: 132: time = 8s
U-B Train Epoch: 133 [2048/34416 (6%)]	Loss: 0.379297
Train Epoch: 133: time = 8s
U-B Train Epoch: 134 [2048/34416 (6%)]	Loss: 0.377404
Train Epoch: 134: time = 8s
U-B Train Epoch: 135 [2048/34416 (6%)]	Loss: 0.359122
Train Epoch: 135: time = 9s
U-B Train Epoch: 136 [2048/34416 (6%)]	Loss: 0.396550
Train Epoch: 136: time = 9s
Test: time=3s
Recall@20:0.2722955763682436	NDCG@20:0.13418661093703796	Precision@20:0.02194998336023638	Recall@40:0.3678537815476882	NDCG@40:0.15658817375056766	Precision@40:0.015444407152057943	Recall@80:0.4777311200666927	NDCG@80:0.177975326182271	Precision@80:0.010185029144905919	
Test: time=3s
Recall@20:0.26544106429636016	NDCG@20:0.15554464068836601	Precision@20:0.03976005458799557	Recall@40:0.3739867318357395	NDCG@40:0.18466501084482723	Precision@40:0.02843021355435912	Recall@80:0.4923269794614946	NDCG@80:0.21198096086786342	Precision@80:0.019326631263044486	
U-B Train Epoch: 137 [2048/34416 (6%)]	Loss: 0.364271
Train Epoch: 137: time = 9s
U-B Train Epoch: 138 [2048/34416 (6%)]	Loss: 0.351388
Train Epoch: 138: time = 9s
U-B Train Epoch: 139 [2048/34416 (6%)]	Loss: 0.369227
Train Epoch: 139: time = 9s
U-B Train Epoch: 140 [2048/34416 (6%)]	Loss: 0.373265
Train Epoch: 140: time = 9s
U-B Train Epoch: 141 [2048/34416 (6%)]	Loss: 0.355268
Train Epoch: 141: time = 9s
Test: time=3s
Recall@20:0.27223081289009693	NDCG@20:0.13551892650896893	Precision@20:0.02196688038064403	Recall@40:0.3684185166018925	NDCG@40:0.1580592313703954	Precision@40:0.015478202159761697	Recall@80:0.47838582989330747	NDCG@80:0.17948424199740198	Precision@80:0.010214599655785646	
Test: time=3s
Recall@20:0.26786629901459263	NDCG@20:0.15592460980404063	Precision@20:0.039962825278810406	Recall@40:0.3730568275052013	NDCG@40:0.18426648262748446	Precision@40:0.028379520237063104	Recall@80:0.4956244971148667	NDCG@80:0.21249629436775253	Precision@80:0.019432240944127852	
U-B Train Epoch: 142 [2048/34416 (6%)]	Loss: 0.342679
Train Epoch: 142: time = 9s
U-B Train Epoch: 143 [2048/34416 (6%)]	Loss: 0.381710
Train Epoch: 143: time = 9s
U-B Train Epoch: 144 [2048/34416 (6%)]	Loss: 0.364573
Train Epoch: 144: time = 9s
U-B Train Epoch: 145 [2048/34416 (6%)]	Loss: 0.344128
Train Epoch: 145: time = 9s
U-B Train Epoch: 146 [2048/34416 (6%)]	Loss: 0.343702
Train Epoch: 146: time = 9s
Test: time=3s
Recall@20:0.27118490257147154	NDCG@20:0.1357367497193084	Precision@20:0.021983779012532442	Recall@40:0.36803080722181003	NDCG@40:0.15839885158609723	Precision@40:0.01541906081570609	Recall@80:0.4777437231354554	NDCG@80:0.17992456042311328	Precision@80:0.010235721495313474	
Test: time=3s
Recall@20:0.2661646423649248	NDCG@20:0.15667891687700658	Precision@20:0.03999662060881032	Recall@40:0.37236540685758757	NDCG@40:0.18536110865421174	Precision@40:0.02848090558247052	Recall@80:0.4967153638792666	NDCG@80:0.21389305370004646	Precision@80:0.01952940227615547	
U-B Train Epoch: 147 [2048/34416 (6%)]	Loss: 0.369791
Train Epoch: 147: time = 9s
U-B Train Epoch: 148 [2048/34416 (6%)]	Loss: 0.338921
Train Epoch: 148: time = 8s
U-B Train Epoch: 149 [2048/34416 (6%)]	Loss: 0.345762
Train Epoch: 149: time = 8s
U-B Train Epoch: 150 [2048/34416 (6%)]	Loss: 0.346242
Train Epoch: 150: time = 8s
U-B Train Epoch: 151 [2048/34416 (6%)]	Loss: 0.357617
Train Epoch: 151: time = 8s
Test: time=3s
Recall@20:0.2727940576468903	NDCG@20:0.13542987221437114	Precision@20:0.022135856708347414	Recall@40:0.3688148067947496	NDCG@40:0.1578165294754219	Precision@40:0.015393714157058081	Recall@80:0.4777690736616572	NDCG@80:0.17925679889149101	Precision@80:0.010231497481933676	
Test: time=3s
Recall@20:0.26787739631572904	NDCG@20:0.15731050646679753	Precision@20:0.04023318791880967	Recall@40:0.3746268687195051	NDCG@40:0.18607069649137167	Precision@40:0.028624535573822052	Recall@80:0.4976777762889701	NDCG@80:0.21431607126827054	Precision@80:0.019558973592775582	
U-B Train Epoch: 152 [2048/34416 (6%)]	Loss: 0.336183
Train Epoch: 152: time = 8s
U-B Train Epoch: 153 [2048/34416 (6%)]	Loss: 0.348992
Train Epoch: 153: time = 8s
U-B Train Epoch: 154 [2048/34416 (6%)]	Loss: 0.328612
Train Epoch: 154: time = 8s
U-B Train Epoch: 155 [2048/34416 (6%)]	Loss: 0.323177
Train Epoch: 155: time = 8s
U-B Train Epoch: 156 [2048/34416 (6%)]	Loss: 0.328714
Train Epoch: 156: time = 8s
Test: time=2s
Recall@20:0.27110993390793975	NDCG@20:0.1344209821210515	Precision@20:0.022017573697940045	Recall@40:0.36931087471980345	NDCG@40:0.15731822352588237	Precision@40:0.015410611499761882	Recall@80:0.4773274402676422	NDCG@80:0.17856842071956056	Precision@80:0.010231497159637523	
Test: time=3s
Recall@20:0.27012713175441977	NDCG@20:0.15822826667829476	Precision@20:0.04045285853069753	Recall@40:0.3764889050915903	NDCG@40:0.186855964621969	Precision@40:0.02879351222382159	Recall@80:0.498618458202861	NDCG@80:0.2148390676814908	Precision@80:0.019596992613859134	
U-B Train Epoch: 157 [2048/34416 (6%)]	Loss: 0.358236
Train Epoch: 157: time = 9s
U-B Train Epoch: 158 [2048/34416 (6%)]	Loss: 0.309592
Train Epoch: 158: time = 9s
U-B Train Epoch: 159 [2048/34416 (6%)]	Loss: 0.341059
Train Epoch: 159: time = 8s
U-B Train Epoch: 160 [2048/34416 (6%)]	Loss: 0.317950
Train Epoch: 160: time = 8s
U-B Train Epoch: 161 [2048/34416 (6%)]	Loss: 0.309493
Train Epoch: 161: time = 9s
Test: time=3s
Recall@20:0.27548814408075734	NDCG@20:0.13731993030317333	Precision@20:0.02242311701334663	Recall@40:0.3713536083637842	NDCG@40:0.1594949962722969	Precision@40:0.015478202159761697	Recall@80:0.4801775077260318	NDCG@80:0.180887449831123	Precision@80:0.010303312316461366	
Test: time=3s
Recall@20:0.2641577944637916	NDCG@20:0.15571009721978366	Precision@20:0.03982764395881078	Recall@40:0.37390458499229046	NDCG@40:0.18534475147986018	Precision@40:0.028692126233821866	Recall@80:0.49348053153844734	NDCG@80:0.21282221570777185	Precision@80:0.019453362944803758	
U-B Train Epoch: 162 [2048/34416 (6%)]	Loss: 0.317100
Train Epoch: 162: time = 8s
U-B Train Epoch: 163 [2048/34416 (6%)]	Loss: 0.317137
Train Epoch: 163: time = 8s
U-B Train Epoch: 164 [2048/34416 (6%)]	Loss: 0.314798
Train Epoch: 164: time = 8s
U-B Train Epoch: 165 [2048/34416 (6%)]	Loss: 0.336207
Train Epoch: 165: time = 8s
U-B Train Epoch: 166 [2048/34416 (6%)]	Loss: 0.322178
Train Epoch: 166: time = 8s
Test: time=2s
Recall@20:0.27295257578672855	NDCG@20:0.13742302381819105	Precision@20:0.022372423696050615	Recall@40:0.3695422214767183	NDCG@40:0.15980753071930973	Precision@40:0.01548665115340975	Recall@80:0.48054495628075894	NDCG@80:0.18160168904636148	Precision@80:0.010320209981461319	
Test: time=3s
Recall@20:0.26444051780584654	NDCG@20:0.15594963287735114	Precision@20:0.03986143928881069	Recall@40:0.37495602333453026	NDCG@40:0.18578174896601207	Precision@40:0.028785062907877385	Recall@80:0.49525812116173645	NDCG@80:0.21329594464187648	Precision@80:0.01947026028750756	
U-B Train Epoch: 167 [2048/34416 (6%)]	Loss: 0.307340
Train Epoch: 167: time = 8s
U-B Train Epoch: 168 [2048/34416 (6%)]	Loss: 0.313401
Train Epoch: 168: time = 8s
U-B Train Epoch: 169 [2048/34416 (6%)]	Loss: 0.311674
Train Epoch: 169: time = 8s
U-B Train Epoch: 170 [2048/34416 (6%)]	Loss: 0.326094
Train Epoch: 170: time = 8s
U-B Train Epoch: 171 [2048/34416 (6%)]	Loss: 0.327489
Train Epoch: 171: time = 8s
Test: time=3s
Recall@20:0.2747293661155585	NDCG@20:0.13567857913126533	Precision@20:0.02233862868834686	Recall@40:0.36969804779908755	NDCG@40:0.15767146526619003	Precision@40:0.01541061246665034	Recall@80:0.47744384848132815	NDCG@80:0.1789529483920217	Precision@80:0.010273741483285484	
Test: time=3s
Recall@20:0.2718994408775399	NDCG@20:0.1586938711709773	Precision@20:0.04080770659503118	Recall@40:0.37582501627054116	NDCG@40:0.18686828407011713	Precision@40:0.028878000226525206	Recall@80:0.4999904497203975	NDCG@80:0.21526290001438936	Precision@80:0.01971105161088671	
U-B Train Epoch: 172 [2048/34416 (6%)]	Loss: 0.352348
Train Epoch: 172: time = 8s
U-B Train Epoch: 173 [2048/34416 (6%)]	Loss: 0.310239
Train Epoch: 173: time = 8s
U-B Train Epoch: 174 [2048/34416 (6%)]	Loss: 0.309332
Train Epoch: 174: time = 8s
U-B Train Epoch: 175 [2048/34416 (6%)]	Loss: 0.310923
Train Epoch: 175: time = 8s
U-B Train Epoch: 176 [2048/34416 (6%)]	Loss: 0.296567
Train Epoch: 176: time = 8s
Test: time=3s
Recall@20:0.2729965627656752	NDCG@20:0.13773686034166155	Precision@20:0.022304832713754646	Recall@40:0.37263072620738635	NDCG@40:0.16074594882502272	Precision@40:0.01553734382611346	Recall@80:0.48142552093784324	NDCG@80:0.18214109162294853	Precision@80:0.01032020949801709	
Test: time=3s
Recall@20:0.27213653739782234	NDCG@20:0.15913490638333264	Precision@20:0.04090909065125398	Recall@40:0.3730047753873247	NDCG@40:0.18650944211185683	Precision@40:0.028666780864358473	Recall@80:0.4976270030422282	NDCG@80:0.21515747049685546	Precision@80:0.019656134280210895	
