nohup: ignoring input
>>>>>>>>>>B-I statistics>>>>>>>>>>
Average interactions 37.02934265136719
Non-zero rows 1.0
Non-zero columns 0.8566981995727799
Matrix density 0.0011299769286862884
finish loading assist data
>>>>>>>>>>U-I statistics>>>>>>>>>>
Average interactions 17.230377197265625
Non-zero rows 0.9958950118173903
Non-zero columns 0.641867561794324
Matrix density 0.0005257972814327529
finish loading item data
>>>>>>>>>>U-B statistics in train>>>>>>>>>>
Average interactions 4.281129360198975
Non-zero rows 0.3680806070406767
Non-zero columns 0.8645986166422134
Matrix density 0.0008973233061660289
finish loading bundle train data
>>>>>>>>>>U-B statistics in test>>>>>>>>>>
Average interactions 1.2123398780822754
Non-zero rows 0.3680806070406767
Non-zero columns 0.5017815971494446
Matrix density 0.0002541060245785134
finish loading bundle test data
>>>>>>>>>>B-I statistics>>>>>>>>>>
Average interactions 37.02934265136719
Non-zero rows 1.0
Non-zero columns 0.8566981995727799
Matrix density 0.0011299769286862884
finish loading assist data
>>>>>>>>>>U-I statistics>>>>>>>>>>
Average interactions 17.230377197265625
Non-zero rows 0.9958950118173903
Non-zero columns 0.641867561794324
Matrix density 0.0005257972814327529
finish loading item data
>>>>>>>>>>U-B statistics in train>>>>>>>>>>
Average interactions 4.281129360198975
Non-zero rows 0.3680806070406767
Non-zero columns 0.8645986166422134
Matrix density 0.0008973233061660289
finish loading bundle train data
>>>>>>>>>>U-B statistics in test>>>>>>>>>>
Average interactions 0.6454783082008362
Non-zero rows 0.3680806070406767
Non-zero columns 0.34835464263257176
Matrix density 0.00013529203381263145
finish loading bundle test data
IHGCN model
/data/lzm/IHBR - 副本/model/IHGCN.py:169: UserWarning: Creating a tensor from a list of numpy.ndarrays is extremely slow. Please consider converting the list to a single numpy.ndarray with numpy.array() before converting to a tensor. (Triggered internally at  /opt/conda/conda-bld/pytorch_1640811805959/work/torch/csrc/utils/tensor_new.cpp:201.)
  ub_indices = torch.tensor([ub_graph_coo.row, ub_graph_coo.col], dtype=torch.long)
finish generating bi, ui graph
finish generating non-atom graph
U-B Train Epoch: 1 [2048/34416 (6%)]	Loss: 0.959351
Train Epoch: 1: time = 6s
Test: time=2s
Recall@20:0.17165118723795517	NDCG@20:0.07818186206566236	Precision@20:0.012960460065949322	Recall@40:0.24504136797462456	NDCG@40:0.09490653009340545	Precision@40:0.009564041970508572	Recall@80:0.3487843174755513	NDCG@80:0.11471784771516058	Precision@80:0.006982933391224255	
Test: time=2s
Recall@20:0.18979929169515936	NDCG@20:0.10123583866801364	Precision@20:0.023707334074308518	Recall@40:0.26864900940292064	NDCG@40:0.12199399277099526	Precision@40:0.017734032218703632	Recall@80:0.3696020705831256	NDCG@80:0.14447628174653204	Precision@80:0.012804156745273788	
U-B Train Epoch: 2 [2048/34416 (6%)]	Loss: 0.932787
Train Epoch: 2: time = 3s
U-B Train Epoch: 3 [2048/34416 (6%)]	Loss: 0.878874
Train Epoch: 3: time = 3s
U-B Train Epoch: 4 [2048/34416 (6%)]	Loss: 0.808039
Train Epoch: 4: time = 3s
U-B Train Epoch: 5 [2048/34416 (6%)]	Loss: 0.713747
Train Epoch: 5: time = 3s
U-B Train Epoch: 6 [2048/34416 (6%)]	Loss: 0.626396
Train Epoch: 6: time = 3s
Test: time=2s
Recall@20:0.18184272531481682	NDCG@20:0.0765592401677912	Precision@20:0.015410612144354189	Recall@40:0.2812482260819745	NDCG@40:0.09924594096615331	Precision@40:0.011853666714858106	Recall@80:0.3881561186475583	NDCG@80:0.12010257845998173	Precision@80:0.008347414763806115	
Test: time=2s
Recall@20:0.1770934955458981	NDCG@20:0.0864903487720857	Precision@20:0.027306522860564102	Recall@40:0.28026432554316544	NDCG@40:0.11412893787112015	Precision@40:0.021772559005773403	Recall@80:0.4025852710018693	NDCG@80:0.14165845421690842	Precision@80:0.01577391081381666	
U-B Train Epoch: 7 [2048/34416 (6%)]	Loss: 0.572667
Train Epoch: 7: time = 2s
U-B Train Epoch: 8 [2048/34416 (6%)]	Loss: 0.569963
Train Epoch: 8: time = 2s
U-B Train Epoch: 9 [2048/34416 (6%)]	Loss: 0.545875
Train Epoch: 9: time = 2s
U-B Train Epoch: 10 [2048/34416 (6%)]	Loss: 0.516176
Train Epoch: 10: time = 3s
U-B Train Epoch: 11 [2048/34416 (6%)]	Loss: 0.525357
Train Epoch: 11: time = 3s
Test: time=2s
Recall@20:0.2323091538543031	NDCG@20:0.10628395815401635	Precision@20:0.019161879271017052	Recall@40:0.3273219359650246	NDCG@40:0.1283928219149668	Precision@40:0.013839135100689237	Recall@80:0.44153940730015945	NDCG@80:0.15047052608385567	Precision@80:0.009399290623073443	
Test: time=2s
Recall@20:0.2298733478222557	NDCG@20:0.12507188751231016	Precision@20:0.03433592442766804	Recall@40:0.3329874124427066	NDCG@40:0.1527256322656382	Precision@40:0.025278812084861928	Recall@80:0.4446779427072332	NDCG@80:0.17847319123067337	Precision@80:0.017429875860185226	
U-B Train Epoch: 12 [2048/34416 (6%)]	Loss: 0.494071
Train Epoch: 12: time = 3s
U-B Train Epoch: 13 [2048/34416 (6%)]	Loss: 0.508658
Train Epoch: 13: time = 3s
U-B Train Epoch: 14 [2048/34416 (6%)]	Loss: 0.511308
Train Epoch: 14: time = 3s
U-B Train Epoch: 15 [2048/34416 (6%)]	Loss: 0.524390
Train Epoch: 15: time = 3s
U-B Train Epoch: 16 [2048/34416 (6%)]	Loss: 0.481602
Train Epoch: 16: time = 3s
Test: time=2s
Recall@20:0.24296322816447175	NDCG@20:0.11822766313362702	Precision@20:0.019871578622645887	Recall@40:0.33952335152685664	NDCG@40:0.1408326154465851	Precision@40:0.014371409775558942	Recall@80:0.45055455152712065	NDCG@80:0.1623360497518825	Precision@80:0.009661202980240039	
Test: time=2s
Recall@20:0.23963030434492755	NDCG@20:0.13345391833326953	Precision@20:0.035620141810926084	Recall@40:0.3392038812666336	NDCG@40:0.16068896170845304	Precision@40:0.02608144682136167	Recall@80:0.458593597360542	NDCG@80:0.18792327540514636	Precision@80:0.017995944575870226	
U-B Train Epoch: 17 [2048/34416 (6%)]	Loss: 0.517426
Train Epoch: 17: time = 4s
U-B Train Epoch: 18 [2048/34416 (6%)]	Loss: 0.480981
Train Epoch: 18: time = 4s
U-B Train Epoch: 19 [2048/34416 (6%)]	Loss: 0.500354
Train Epoch: 19: time = 4s
U-B Train Epoch: 20 [2048/34416 (6%)]	Loss: 0.493335
Train Epoch: 20: time = 4s
U-B Train Epoch: 21 [2048/34416 (6%)]	Loss: 0.491499
Train Epoch: 21: time = 4s
Test: time=2s
Recall@20:0.24727707192800302	NDCG@20:0.12239635760174204	Precision@20:0.020327813321571568	Recall@40:0.3424243778745723	NDCG@40:0.14464003139752396	Precision@40:0.01454883413002192	Recall@80:0.45057880882477186	NDCG@80:0.16580829317402945	Precision@80:0.009749915640915758	
Test: time=2s
Recall@20:0.2435647049801057	NDCG@20:0.1390329936582843	Precision@20:0.036870565153368826	Recall@40:0.34717730244658773	NDCG@40:0.16701844045542993	Precision@40:0.026698209498934988	Recall@80:0.46750281186633996	NDCG@80:0.1944241486678618	Precision@80:0.01830855089492514	
U-B Train Epoch: 22 [2048/34416 (6%)]	Loss: 0.489396
Train Epoch: 22: time = 4s
U-B Train Epoch: 23 [2048/34416 (6%)]	Loss: 0.466663
Train Epoch: 23: time = 3s
U-B Train Epoch: 24 [2048/34416 (6%)]	Loss: 0.494897
Train Epoch: 24: time = 3s
U-B Train Epoch: 25 [2048/34416 (6%)]	Loss: 0.477428
Train Epoch: 25: time = 3s
U-B Train Epoch: 26 [2048/34416 (6%)]	Loss: 0.483604
Train Epoch: 26: time = 4s
Test: time=2s
Recall@20:0.2499290535924563	NDCG@20:0.12135930655976734	Precision@20:0.02058127732968242	Recall@40:0.3449967085569845	NDCG@40:0.14371927254262024	Precision@40:0.01475160546542906	Recall@80:0.45906756350461514	NDCG@80:0.16572345966984992	Precision@80:0.009923116143147016	
Test: time=2s
Recall@20:0.24946021840313715	NDCG@20:0.14378976000044225	Precision@20:0.038036499203923345	Recall@40:0.35275398504496347	NDCG@40:0.17169391855109015	Precision@40:0.027314971531916005	Recall@80:0.46977717073111164	NDCG@80:0.19825173777960248	Precision@80:0.018485975571684275	
U-B Train Epoch: 27 [2048/34416 (6%)]	Loss: 0.490785
Train Epoch: 27: time = 3s
U-B Train Epoch: 28 [2048/34416 (6%)]	Loss: 0.476459
Train Epoch: 28: time = 4s
U-B Train Epoch: 29 [2048/34416 (6%)]	Loss: 0.482944
Train Epoch: 29: time = 4s
U-B Train Epoch: 30 [2048/34416 (6%)]	Loss: 0.456274
Train Epoch: 30: time = 3s
U-B Train Epoch: 31 [2048/34416 (6%)]	Loss: 0.501206
Train Epoch: 31: time = 3s
Test: time=2s
Recall@20:0.252499367990136	NDCG@20:0.1244850687257097	Precision@20:0.020817844317385616	Recall@40:0.3484291935257108	NDCG@40:0.14689534900558282	Precision@40:0.014802298460428923	Recall@80:0.459921302808302	NDCG@80:0.16855767015751733	Precision@80:0.009918891807471067	
Test: time=2s
Recall@20:0.2542151850435773	NDCG@20:0.14568076950748776	Precision@20:0.03867860918473698	Recall@40:0.351981495312236	NDCG@40:0.1722129674810298	Precision@40:0.02730652350515641	Recall@80:0.47319440722425227	NDCG@80:0.19968745111411954	Precision@80:0.018621155924795445	
U-B Train Epoch: 32 [2048/34416 (6%)]	Loss: 0.498398
Train Epoch: 32: time = 2s
U-B Train Epoch: 33 [2048/34416 (6%)]	Loss: 0.504629
Train Epoch: 33: time = 4s
U-B Train Epoch: 34 [2048/34416 (6%)]	Loss: 0.466280
Train Epoch: 34: time = 4s
U-B Train Epoch: 35 [2048/34416 (6%)]	Loss: 0.466207
Train Epoch: 35: time = 4s
U-B Train Epoch: 36 [2048/34416 (6%)]	Loss: 0.499913
Train Epoch: 36: time = 5s
Test: time=2s
Recall@20:0.25505225776860585	NDCG@20:0.12663180347067474	Precision@20:0.021003717665496652	Recall@40:0.3561765948595651	NDCG@40:0.15020043675099407	Precision@40:0.015182494150299042	Recall@80:0.45938714721308405	NDCG@80:0.17024080895942464	Precision@80:0.009910442813823013	
Test: time=2s
Recall@20:0.25490616736842314	NDCG@20:0.14620439246442923	Precision@20:0.038577223194737255	Recall@40:0.3549314952049758	NDCG@40:0.17328948304233377	Precision@40:0.02744170353597143	Recall@80:0.47984009201601574	NDCG@80:0.20163243362411287	Precision@80:0.018815478588850687	
U-B Train Epoch: 37 [2048/34416 (6%)]	Loss: 0.478413
Train Epoch: 37: time = 4s
U-B Train Epoch: 38 [2048/34416 (6%)]	Loss: 0.446873
Train Epoch: 38: time = 5s
U-B Train Epoch: 39 [2048/34416 (6%)]	Loss: 0.456581
Train Epoch: 39: time = 4s
U-B Train Epoch: 40 [2048/34416 (6%)]	Loss: 0.496526
Train Epoch: 40: time = 4s
U-B Train Epoch: 41 [2048/34416 (6%)]	Loss: 0.466106
Train Epoch: 41: time = 4s
Test: time=2s
Recall@20:0.2575695969922271	NDCG@20:0.1286980982526165	Precision@20:0.02110510333320022	Recall@40:0.3560725473479348	NDCG@40:0.15155729839792925	Precision@40:0.015047313474891716	Recall@80:0.46485528046716584	NDCG@80:0.1727337155562875	Precision@80:0.009994930816526628	
Test: time=2s
Recall@20:0.25452002048008987	NDCG@20:0.14933364058556126	Precision@20:0.03889827721825561	Recall@40:0.35511826711476113	NDCG@40:0.1765787756978841	Precision@40:0.02756843618461916	Recall@80:0.47780368569010856	NDCG@80:0.2044287730246309	Precision@80:0.018785907916822882	
U-B Train Epoch: 42 [2048/34416 (6%)]	Loss: 0.447199
Train Epoch: 42: time = 3s
U-B Train Epoch: 43 [2048/34416 (6%)]	Loss: 0.481654
Train Epoch: 43: time = 4s
U-B Train Epoch: 44 [2048/34416 (6%)]	Loss: 0.453055
Train Epoch: 44: time = 4s
U-B Train Epoch: 45 [2048/34416 (6%)]	Loss: 0.476096
Train Epoch: 45: time = 4s
U-B Train Epoch: 46 [2048/34416 (6%)]	Loss: 0.438878
Train Epoch: 46: time = 4s
Test: time=2s
Recall@20:0.25812452392990665	NDCG@20:0.12936560452568568	Precision@20:0.021037511706311948	Recall@40:0.3573736594955274	NDCG@40:0.15258974447247142	Precision@40:0.015106455141243478	Recall@80:0.46443055086177765	NDCG@80:0.17354294189370617	Precision@80:0.010016052656054457	
Test: time=2s
Recall@20:0.2592243634192031	NDCG@20:0.14993634728331467	Precision@20:0.039168639213662565	Recall@40:0.3593067866638328	NDCG@40:0.17694092312548845	Precision@40:0.02764447616056318	Recall@80:0.48186395715402164	NDCG@80:0.20480914436590433	Precision@80:0.018921088592230205	
U-B Train Epoch: 47 [2048/34416 (6%)]	Loss: 0.459140
Train Epoch: 47: time = 4s
U-B Train Epoch: 48 [2048/34416 (6%)]	Loss: 0.441719
Train Epoch: 48: time = 4s
U-B Train Epoch: 49 [2048/34416 (6%)]	Loss: 0.459646
Train Epoch: 49: time = 2s
U-B Train Epoch: 50 [2048/34416 (6%)]	Loss: 0.443295
Train Epoch: 50: time = 2s
U-B Train Epoch: 51 [2048/34416 (6%)]	Loss: 0.479176
Train Epoch: 51: time = 2s
Test: time=2s
Recall@20:0.25472274733862793	NDCG@20:0.12666914341376415	Precision@20:0.020936126683200683	Recall@40:0.35462686088126266	NDCG@40:0.14995576498193408	Precision@40:0.015021967138539863	Recall@80:0.4703612023005819	NDCG@80:0.1724344261919739	Precision@80:0.010100540981054226	
Test: time=2s
Recall@20:0.26030388020228273	NDCG@20:0.1522923115339985	Precision@20:0.03906725257907054	Recall@40:0.3621799924076308	NDCG@40:0.1799514141385722	Precision@40:0.0278556942335453	Recall@80:0.478616872402654	NDCG@80:0.2068575297952222	Precision@80:0.018937985934934006	
U-B Train Epoch: 52 [2048/34416 (6%)]	Loss: 0.449320
Train Epoch: 52: time = 2s
U-B Train Epoch: 53 [2048/34416 (6%)]	Loss: 0.452445
Train Epoch: 53: time = 3s
U-B Train Epoch: 54 [2048/34416 (6%)]	Loss: 0.455403
Train Epoch: 54: time = 4s
U-B Train Epoch: 55 [2048/34416 (6%)]	Loss: 0.434380
Train Epoch: 55: time = 4s
U-B Train Epoch: 56 [2048/34416 (6%)]	Loss: 0.431706
Train Epoch: 56: time = 3s
Test: time=2s
Recall@20:0.2572118018518714	NDCG@20:0.12884683405962213	Precision@20:0.021054410982792666	Recall@40:0.3573031153135825	NDCG@40:0.15231614855746636	Precision@40:0.015207840486650895	Recall@80:0.46920560815520446	NDCG@80:0.17405400045742334	Precision@80:0.0101047651555821	
Test: time=2s
Recall@20:0.2607313686627397	NDCG@20:0.15469658668881617	Precision@20:0.03908415185555126	Recall@40:0.3620556067195685	NDCG@40:0.18229669104882615	Precision@40:0.027897939524081723	Recall@80:0.4801051174317231	NDCG@80:0.20935113770851374	Precision@80:0.01892953758587826	
U-B Train Epoch: 57 [2048/34416 (6%)]	Loss: 0.474453
Train Epoch: 57: time = 4s
U-B Train Epoch: 58 [2048/34416 (6%)]	Loss: 0.421421
Train Epoch: 58: time = 4s
U-B Train Epoch: 59 [2048/34416 (6%)]	Loss: 0.460657
Train Epoch: 59: time = 3s
U-B Train Epoch: 60 [2048/34416 (6%)]	Loss: 0.452705
Train Epoch: 60: time = 4s
U-B Train Epoch: 61 [2048/34416 (6%)]	Loss: 0.453139
Train Epoch: 61: time = 3s
Test: time=2s
Recall@20:0.25999747711728255	NDCG@20:0.1284013924142645	Precision@20:0.021155796328200083	Recall@40:0.36079059174109973	NDCG@40:0.1519803494849532	Precision@40:0.015275431146650711	Recall@80:0.4678631750624419	NDCG@80:0.17292744906297525	Precision@80:0.010083643477202349	
Test: time=2s
Recall@20:0.2609711930976602	NDCG@20:0.1535694242208622	Precision@20:0.039168639213662565	Recall@40:0.36460542823866277	NDCG@40:0.18161812872852817	Precision@40:0.02796552953948923	Recall@80:0.48234223433143586	NDCG@80:0.20875579741163083	Precision@80:0.01902669795101742	
U-B Train Epoch: 62 [2048/34416 (6%)]	Loss: 0.425401
Train Epoch: 62: time = 4s
U-B Train Epoch: 63 [2048/34416 (6%)]	Loss: 0.463533
Train Epoch: 63: time = 4s
U-B Train Epoch: 64 [2048/34416 (6%)]	Loss: 0.433700
Train Epoch: 64: time = 3s
U-B Train Epoch: 65 [2048/34416 (6%)]	Loss: 0.465706
Train Epoch: 65: time = 3s
U-B Train Epoch: 66 [2048/34416 (6%)]	Loss: 0.403946
Train Epoch: 66: time = 3s
Test: time=2s
Recall@20:0.2563667825928972	NDCG@20:0.1284234297360146	Precision@20:0.02076715164468191	Recall@40:0.3621602317859048	NDCG@40:0.15317751467731525	Precision@40:0.015241635816650802	Recall@80:0.4713179113575638	NDCG@80:0.17448783428453843	Precision@80:0.010113213826934	
Test: time=2s
Recall@20:0.2623274823466279	NDCG@20:0.15384644163182637	Precision@20:0.03915174187095877	Recall@40:0.3633406349999472	NDCG@40:0.18130684994732701	Precision@40:0.027881040892193308	Recall@80:0.48409930013570884	NDCG@80:0.20900821460183708	Precision@80:0.019018249924257824	
U-B Train Epoch: 67 [2048/34416 (6%)]	Loss: 0.445223
Train Epoch: 67: time = 3s
U-B Train Epoch: 68 [2048/34416 (6%)]	Loss: 0.437345
Train Epoch: 68: time = 4s
U-B Train Epoch: 69 [2048/34416 (6%)]	Loss: 0.431020
Train Epoch: 69: time = 4s
U-B Train Epoch: 70 [2048/34416 (6%)]	Loss: 0.422444
Train Epoch: 70: time = 4s
U-B Train Epoch: 71 [2048/34416 (6%)]	Loss: 0.472980
Train Epoch: 71: time = 3s
Test: time=2s
Recall@20:0.2605002436455781	NDCG@20:0.12987052657065176	Precision@20:0.020986820000496696	Recall@40:0.35756784163846	NDCG@40:0.15275622461647068	Precision@40:0.015089557476243525	Recall@80:0.47207605504393374	NDCG@80:0.17515368524456637	Precision@80:0.010117438807202256	
Test: time=2s
Recall@20:0.26042445506063333	NDCG@20:0.15406405599425876	Precision@20:0.038982765865551536	Recall@40:0.36536087495082537	NDCG@40:0.1824064728536087	Precision@40:0.027940182880841224	Recall@80:0.4830085880734623	NDCG@80:0.20937420895632233	Precision@80:0.01892953758587826	
U-B Train Epoch: 72 [2048/34416 (6%)]	Loss: 0.437964
Train Epoch: 72: time = 2s
U-B Train Epoch: 73 [2048/34416 (6%)]	Loss: 0.412294
Train Epoch: 73: time = 2s
U-B Train Epoch: 74 [2048/34416 (6%)]	Loss: 0.446829
Train Epoch: 74: time = 3s
U-B Train Epoch: 75 [2048/34416 (6%)]	Loss: 0.412374
Train Epoch: 75: time = 2s
U-B Train Epoch: 76 [2048/34416 (6%)]	Loss: 0.398606
Train Epoch: 76: time = 2s
Test: time=2s
Recall@20:0.2620473219035807	NDCG@20:0.1294998395841804	Precision@20:0.02102061500820045	Recall@40:0.36129657607418575	NDCG@40:0.1527167833024644	Precision@40:0.015174045156650988	Recall@80:0.471478059026751	NDCG@80:0.1743313556347557	Precision@80:0.010104765639026328	
Test: time=2s
Recall@20:0.2594949787393862	NDCG@20:0.1537448951383425	Precision@20:0.038881380520144115	Recall@40:0.3633443014409825	NDCG@40:0.18192690133484443	Precision@40:0.027855694878137608	Recall@80:0.4859620584511765	NDCG@80:0.20982370637646797	Precision@80:0.01900135193696172	
U-B Train Epoch: 77 [2048/34416 (6%)]	Loss: 0.395912
Train Epoch: 77: time = 4s
U-B Train Epoch: 78 [2048/34416 (6%)]	Loss: 0.387086
Train Epoch: 78: time = 4s
U-B Train Epoch: 79 [2048/34416 (6%)]	Loss: 0.434841
Train Epoch: 79: time = 4s
U-B Train Epoch: 80 [2048/34416 (6%)]	Loss: 0.391946
Train Epoch: 80: time = 4s
U-B Train Epoch: 81 [2048/34416 (6%)]	Loss: 0.408216
Train Epoch: 81: time = 5s
Test: time=2s
Recall@20:0.2622605427248569	NDCG@20:0.1296169723196181	Precision@20:0.02105441066049651	Recall@40:0.36409836614724145	NDCG@40:0.15331860819794352	Precision@40:0.015174045478947141	Recall@80:0.4712734087047725	NDCG@80:0.17445158756999962	Precision@80:0.01010898997470228	
Test: time=2s
Recall@20:0.26258596901798537	NDCG@20:0.15413576302072332	Precision@20:0.03894897118014393	Recall@40:0.3688748621706948	NDCG@40:0.18275640912457228	Precision@40:0.027940182236248917	Recall@80:0.4884564759724041	NDCG@80:0.21021915086421986	Precision@80:0.01907316725493364	
U-B Train Epoch: 82 [2048/34416 (6%)]	Loss: 0.421866
Train Epoch: 82: time = 4s
U-B Train Epoch: 83 [2048/34416 (6%)]	Loss: 0.432052
Train Epoch: 83: time = 5s
U-B Train Epoch: 84 [2048/34416 (6%)]	Loss: 0.411181
Train Epoch: 84: time = 4s
U-B Train Epoch: 85 [2048/34416 (6%)]	Loss: 0.409367
Train Epoch: 85: time = 5s
U-B Train Epoch: 86 [2048/34416 (6%)]	Loss: 0.378592
Train Epoch: 86: time = 4s
Test: time=2s
Recall@20:0.2612885387816434	NDCG@20:0.12965862587441782	Precision@20:0.020834741982385573	Recall@40:0.36584632515141835	NDCG@40:0.1540575378768627	Precision@40:0.015207840808947048	Recall@80:0.4704895638339864	NDCG@80:0.17464946451602895	Precision@80:0.010058296979702418	
Test: time=2s
Recall@20:0.25941822068761355	NDCG@20:0.15304952958581736	Precision@20:0.03859412118203336	Recall@40:0.36581611697760014	NDCG@40:0.18172296264277152	Precision@40:0.027796553534082	Recall@80:0.4880357170556195	NDCG@80:0.20977520725138085	Precision@80:0.019077391268313433	
U-B Train Epoch: 87 [2048/34416 (6%)]	Loss: 0.370289
Train Epoch: 87: time = 5s
U-B Train Epoch: 88 [2048/34416 (6%)]	Loss: 0.387489
Train Epoch: 88: time = 4s
U-B Train Epoch: 89 [2048/34416 (6%)]	Loss: 0.405359
Train Epoch: 89: time = 5s
U-B Train Epoch: 90 [2048/34416 (6%)]	Loss: 0.399772
Train Epoch: 90: time = 5s
U-B Train Epoch: 91 [2048/34416 (6%)]	Loss: 0.382082
Train Epoch: 91: time = 5s
Test: time=2s
Recall@20:0.2625586795581277	NDCG@20:0.12961113231332771	Precision@20:0.020969922657792895	Recall@40:0.36698692350139406	NDCG@40:0.1539499579993967	Precision@40:0.015241635816650802	Recall@80:0.4727256596994867	NDCG@80:0.17474748122204636	Precision@80:0.010096316323082123	
Test: time=2s
Recall@20:0.2616068642459314	NDCG@20:0.15372465236157168	Precision@20:0.03871240387014458	Recall@40:0.36583931198713143	NDCG@40:0.18200322622058762	Precision@40:0.027838797535433807	Recall@80:0.4879309940112527	NDCG@80:0.20999173869873955	Precision@80:0.01906471793898943	
U-B Train Epoch: 92 [2048/34416 (6%)]	Loss: 0.407167
Train Epoch: 92: time = 2s
U-B Train Epoch: 93 [2048/34416 (6%)]	Loss: 0.380199
Train Epoch: 93: time = 3s
U-B Train Epoch: 94 [2048/34416 (6%)]	Loss: 0.362806
Train Epoch: 94: time = 3s
U-B Train Epoch: 95 [2048/34416 (6%)]	Loss: 0.369596
Train Epoch: 95: time = 3s
U-B Train Epoch: 96 [2048/34416 (6%)]	Loss: 0.359033
Train Epoch: 96: time = 5s
Test: time=2s
Recall@20:0.2643211289973386	NDCG@20:0.13032198097303777	Precision@20:0.021020615975088912	Recall@40:0.3667944637091025	NDCG@40:0.15420488136448784	Precision@40:0.015190943466243247	Recall@80:0.4715728811333009	NDCG@80:0.1748745174736701	Precision@80:0.01006252163767452	
Test: time=2s
Recall@20:0.26252975025544417	NDCG@20:0.15371103599370434	Precision@20:0.03866170990825626	Recall@40:0.36615899883036923	NDCG@40:0.1817692495270652	Precision@40:0.027737411545434083	Recall@80:0.48761935167999115	NDCG@80:0.20980463160095525	Precision@80:0.019064718583581736	
U-B Train Epoch: 97 [2048/34416 (6%)]	Loss: 0.364075
Train Epoch: 97: time = 5s
U-B Train Epoch: 98 [2048/34416 (6%)]	Loss: 0.359944
Train Epoch: 98: time = 5s
U-B Train Epoch: 99 [2048/34416 (6%)]	Loss: 0.406329
Train Epoch: 99: time = 5s
U-B Train Epoch: 100 [2048/34416 (6%)]	Loss: 0.325318
Train Epoch: 100: time = 5s
U-B Train Epoch: 101 [2048/34416 (6%)]	Loss: 0.375895
Train Epoch: 101: time = 4s
Test: time=2s
Recall@20:0.2647467868156472	NDCG@20:0.13109763436480204	Precision@20:0.02107130768090416	Recall@40:0.3651516402883681	NDCG@40:0.15446931891201235	Precision@40:0.015098006792187731	Recall@80:0.4733950249767658	NDCG@80:0.1758605864209958	Precision@80:0.010108989813554202	
Test: time=2s
Recall@20:0.26172454101727516	NDCG@20:0.15449566468873432	Precision@20:0.03866171055284857	Recall@40:0.3640598143706172	NDCG@40:0.18229795444974548	Precision@40:0.02768671822813807	Recall@80:0.488962712985674	NDCG@80:0.21096721828366582	Precision@80:0.01909851326898934	
U-B Train Epoch: 102 [2048/34416 (6%)]	Loss: 0.347188
Train Epoch: 102: time = 4s
U-B Train Epoch: 103 [2048/34416 (6%)]	Loss: 0.344441
Train Epoch: 103: time = 5s
U-B Train Epoch: 104 [2048/34416 (6%)]	Loss: 0.377052
Train Epoch: 104: time = 5s
U-B Train Epoch: 105 [2048/34416 (6%)]	Loss: 0.378575
Train Epoch: 105: time = 4s
U-B Train Epoch: 106 [2048/34416 (6%)]	Loss: 0.312854
Train Epoch: 106: time = 4s
Test: time=2s
Recall@20:0.2656648822151434	NDCG@20:0.13141090106867423	Precision@20:0.021206488356311486	Recall@40:0.36183031913032804	NDCG@40:0.15388103303332393	Precision@40:0.014996620479891856	Recall@80:0.4746820334447079	NDCG@80:0.17619333528271797	Precision@80:0.010155458150581961	
Test: time=2s
Recall@20:0.2608408771603846	NDCG@20:0.15405510131794684	Precision@20:0.03866170990825626	Recall@40:0.36861164677018204	NDCG@40:0.18306301590074112	Precision@40:0.027897939524081723	Recall@80:0.4890249857591511	NDCG@80:0.2108731542176675	Precision@80:0.019132308598989248	
U-B Train Epoch: 107 [2048/34416 (6%)]	Loss: 0.325720
Train Epoch: 107: time = 4s
U-B Train Epoch: 108 [2048/34416 (6%)]	Loss: 0.337618
Train Epoch: 108: time = 4s
U-B Train Epoch: 109 [2048/34416 (6%)]	Loss: 0.339683
Train Epoch: 109: time = 3s
U-B Train Epoch: 110 [2048/34416 (6%)]	Loss: 0.335834
Train Epoch: 110: time = 4s
U-B Train Epoch: 111 [2048/34416 (6%)]	Loss: 0.317020
Train Epoch: 111: time = 4s
Test: time=2s
Recall@20:0.2656882164566128	NDCG@20:0.13136314709229258	Precision@20:0.021290976681311254	Recall@40:0.3634102561257102	NDCG@40:0.1541441530341754	Precision@40:0.015098006147595426	Recall@80:0.4761662149638814	NDCG@80:0.17636538986097763	Precision@80:0.010172355332137685	
Test: time=2s
Recall@20:0.26391205524987327	NDCG@20:0.15472251734809322	Precision@20:0.03889827657366331	Recall@40:0.36809666908524574	NDCG@40:0.18299882997730044	Precision@40:0.028007774185433345	Recall@80:0.49292526425603034	NDCG@80:0.2115095988767056	Precision@80:0.019208348252637116	
U-B Train Epoch: 112 [2048/34416 (6%)]	Loss: 0.321182
Train Epoch: 112: time = 2s
U-B Train Epoch: 113 [2048/34416 (6%)]	Loss: 0.323215
Train Epoch: 113: time = 2s
U-B Train Epoch: 114 [2048/34416 (6%)]	Loss: 0.312523
Train Epoch: 114: time = 2s
U-B Train Epoch: 115 [2048/34416 (6%)]	Loss: 0.291398
Train Epoch: 115: time = 2s
U-B Train Epoch: 116 [2048/34416 (6%)]	Loss: 0.329731
Train Epoch: 116: time = 5s
Test: time=2s
Recall@20:0.266567301129763	NDCG@20:0.13174165685098693	Precision@20:0.021375465006311024	Recall@40:0.36605755547165425	NDCG@40:0.15491429645090982	Precision@40:0.015224738473947003	Recall@80:0.4770758636258026	NDCG@80:0.17668134838231878	Precision@80:0.010155457828285808	
Test: time=2s
Recall@20:0.2622812676566724	NDCG@20:0.15569783449575844	Precision@20:0.03884758454555191	Recall@40:0.36787896705825973	NDCG@40:0.18418335084699222	Precision@40:0.027855695522729915	Recall@80:0.49149225820919756	NDCG@80:0.21264001266824994	Precision@80:0.019183001593989106	
U-B Train Epoch: 117 [2048/34416 (6%)]	Loss: 0.336946
Train Epoch: 117: time = 5s
U-B Train Epoch: 118 [2048/34416 (6%)]	Loss: 0.329655
Train Epoch: 118: time = 4s
U-B Train Epoch: 119 [2048/34416 (6%)]	Loss: 0.309337
Train Epoch: 119: time = 4s
U-B Train Epoch: 120 [2048/34416 (6%)]	Loss: 0.322749
Train Epoch: 120: time = 4s
U-B Train Epoch: 121 [2048/34416 (6%)]	Loss: 0.328619
Train Epoch: 121: time = 4s
Test: time=2s
Recall@20:0.2675169093579044	NDCG@20:0.13219891516249418	Precision@20:0.021409260658607085	Recall@40:0.36918172420541673	NDCG@40:0.15581750950325016	Precision@40:0.015300777805298718	Recall@80:0.4771537819437257	NDCG@80:0.17705654235819218	Precision@80:0.010159682325109835	
Test: time=2s
Recall@20:0.26420852645662596	NDCG@20:0.15526643207082075	Precision@20:0.03893207190366321	Recall@40:0.36795003722752617	NDCG@40:0.18351225290559522	Precision@40:0.02797397821084113	Recall@80:0.49400108365764406	NDCG@80:0.2123989454593639	Precision@80:0.01926326493872062	
U-B Train Epoch: 122 [2048/34416 (6%)]	Loss: 0.322015
Train Epoch: 122: time = 4s
U-B Train Epoch: 123 [2048/34416 (6%)]	Loss: 0.299059
Train Epoch: 123: time = 4s
U-B Train Epoch: 124 [2048/34416 (6%)]	Loss: 0.316123
Train Epoch: 124: time = 4s
U-B Train Epoch: 125 [2048/34416 (6%)]	Loss: 0.298820
Train Epoch: 125: time = 3s
U-B Train Epoch: 126 [2048/34416 (6%)]	Loss: 0.298016
Train Epoch: 126: time = 5s
Test: time=2s
Recall@20:0.2700637554389152	NDCG@20:0.13208040557789133	Precision@20:0.02156133867671821	Recall@40:0.36894705135220407	NDCG@40:0.15512582586197565	Precision@40:0.015317674825706366	Recall@80:0.4787224514656028	NDCG@80:0.1766528522456647	Precision@80:0.010185028983757841	
Test: time=2s
Recall@20:0.2655624487626468	NDCG@20:0.15648328053383218	Precision@20:0.039117944607181945	Recall@40:0.37027680918186573	NDCG@40:0.18482743263566925	Precision@40:0.02802467088354484	Recall@80:0.4939391615423813	NDCG@80:0.21331812377393386	Precision@80:0.01928438758398883	
U-B Train Epoch: 127 [2048/34416 (6%)]	Loss: 0.291114
Train Epoch: 127: time = 4s
U-B Train Epoch: 128 [2048/34416 (6%)]	Loss: 0.283373
Train Epoch: 128: time = 5s
U-B Train Epoch: 129 [2048/34416 (6%)]	Loss: 0.308720
Train Epoch: 129: time = 5s
U-B Train Epoch: 130 [2048/34416 (6%)]	Loss: 0.291131
Train Epoch: 130: time = 4s
U-B Train Epoch: 131 [2048/34416 (6%)]	Loss: 0.292947
Train Epoch: 131: time = 4s
Test: time=2s
Recall@20:0.26949285808226753	NDCG@20:0.13261845708900546	Precision@20:0.021696519352125535	Recall@40:0.3698041322224041	NDCG@40:0.15588518138188048	Precision@40:0.01537681681435428	Recall@80:0.4790923340008766	NDCG@80:0.1773056695492697	Precision@80:0.01021459949463757	
Test: time=2s
Recall@20:0.265717223110373	NDCG@20:0.1562592950210494	Precision@20:0.03937141119366201	Recall@40:0.37128514234743315	NDCG@40:0.18471916175525147	Precision@40:0.028066915529488954	Recall@80:0.4944990802028768	NDCG@80:0.21317054823307863	Precision@80:0.019364649961831886	
U-B Train Epoch: 132 [2048/34416 (6%)]	Loss: 0.288345
Train Epoch: 132: time = 2s
U-B Train Epoch: 133 [2048/34416 (6%)]	Loss: 0.281771
Train Epoch: 133: time = 2s
U-B Train Epoch: 134 [2048/34416 (6%)]	Loss: 0.279910
Train Epoch: 134: time = 2s
U-B Train Epoch: 135 [2048/34416 (6%)]	Loss: 0.259988
Train Epoch: 135: time = 2s
U-B Train Epoch: 136 [2048/34416 (6%)]	Loss: 0.296637
Train Epoch: 136: time = 3s
Test: time=2s
Recall@20:0.2695009077509822	NDCG@20:0.1332092259372558	Precision@20:0.02162892901442187	Recall@40:0.3694136124198684	NDCG@40:0.15648843985064764	Precision@40:0.01537681681435428	Recall@80:0.47843197238892465	NDCG@80:0.17793735969546035	Precision@80:0.010214599655785646	
Test: time=2s
Recall@20:0.26434079679777267	NDCG@20:0.15629108889193985	Precision@20:0.03925312721636619	Recall@40:0.37118921154211726	NDCG@40:0.1853320916869746	Precision@40:0.028252788877599987	Recall@80:0.4957625739435039	NDCG@80:0.2140014534989254	Precision@80:0.019461812260747963	
U-B Train Epoch: 137 [2048/34416 (6%)]	Loss: 0.265164
Train Epoch: 137: time = 5s
U-B Train Epoch: 138 [2048/34416 (6%)]	Loss: 0.252063
Train Epoch: 138: time = 5s
U-B Train Epoch: 139 [2048/34416 (6%)]	Loss: 0.270230
Train Epoch: 139: time = 5s
U-B Train Epoch: 140 [2048/34416 (6%)]	Loss: 0.271039
Train Epoch: 140: time = 4s
U-B Train Epoch: 141 [2048/34416 (6%)]	Loss: 0.253719
Train Epoch: 141: time = 4s
Test: time=2s
Recall@20:0.27288190268632245	NDCG@20:0.13453587167526507	Precision@20:0.02189929068753267	Recall@40:0.3702997824516438	NDCG@40:0.15721060497287803	Precision@40:0.015419060493409936	Recall@80:0.47980723327863617	NDCG@80:0.1787295378555757	Precision@80:0.010239945830989423	
Test: time=2s
Recall@20:0.2660977027431538	NDCG@20:0.1558282613029106	Precision@20:0.03965866988718046	Recall@40:0.37062318730330135	NDCG@40:0.18423096816980505	Precision@40:0.028244340206248084	Recall@80:0.49439299577956025	NDCG@80:0.21283417934096718	Precision@80:0.01944913893142396	
U-B Train Epoch: 142 [2048/34416 (6%)]	Loss: 0.241414
Train Epoch: 142: time = 5s
U-B Train Epoch: 143 [2048/34416 (6%)]	Loss: 0.277573
Train Epoch: 143: time = 5s
U-B Train Epoch: 144 [2048/34416 (6%)]	Loss: 0.262346
Train Epoch: 144: time = 4s
U-B Train Epoch: 145 [2048/34416 (6%)]	Loss: 0.240082
Train Epoch: 145: time = 3s
U-B Train Epoch: 146 [2048/34416 (6%)]	Loss: 0.237374
Train Epoch: 146: time = 3s
Test: time=2s
Recall@20:0.27234198185752156	NDCG@20:0.13392208572495987	Precision@20:0.021933086339828732	Recall@40:0.3706931333035865	NDCG@40:0.15680130175055182	Precision@40:0.015461305139354049	Recall@80:0.4817025924945611	NDCG@80:0.17858525747058762	Precision@80:0.010294863000517159	
Test: time=2s
Recall@20:0.26774417197796974	NDCG@20:0.156545099514326	Precision@20:0.03994592858069891	Recall@40:0.370383780564195	NDCG@40:0.18453396265069227	Precision@40:0.028320380182192108	Recall@80:0.4938467527894242	NDCG@80:0.21306003932817516	Precision@80:0.019478709603451765	
U-B Train Epoch: 147 [2048/34416 (6%)]	Loss: 0.264754
Train Epoch: 147: time = 4s
U-B Train Epoch: 148 [2048/34416 (6%)]	Loss: 0.234197
Train Epoch: 148: time = 3s
U-B Train Epoch: 149 [2048/34416 (6%)]	Loss: 0.240072
Train Epoch: 149: time = 3s
U-B Train Epoch: 150 [2048/34416 (6%)]	Loss: 0.239263
Train Epoch: 150: time = 4s
U-B Train Epoch: 151 [2048/34416 (6%)]	Loss: 0.251626
Train Epoch: 151: time = 3s
Test: time=2s
Recall@20:0.2705222719946033	NDCG@20:0.13321765720461543	Precision@20:0.021916188030236473	Recall@40:0.3708063185557436	NDCG@40:0.15642952669226828	Precision@40:0.015427509487057988	Recall@80:0.4799550254025061	NDCG@80:0.177968820956721	Precision@80:0.01027374116098933	
Test: time=2s
Recall@20:0.2681847121434342	NDCG@20:0.15678940257658705	Precision@20:0.040131801284217644	Recall@40:0.3746128217639775	NDCG@40:0.185489248447863	Precision@40:0.028514701557062736	Recall@80:0.49574006993692443	NDCG@80:0.21348435123774923	Precision@80:0.019516729269127623	
U-B Train Epoch: 152 [2048/34416 (6%)]	Loss: 0.228960
Train Epoch: 152: time = 4s
U-B Train Epoch: 153 [2048/34416 (6%)]	Loss: 0.237469
Train Epoch: 153: time = 3s
U-B Train Epoch: 154 [2048/34416 (6%)]	Loss: 0.219639
Train Epoch: 154: time = 3s
U-B Train Epoch: 155 [2048/34416 (6%)]	Loss: 0.213453
Train Epoch: 155: time = 2s
U-B Train Epoch: 156 [2048/34416 (6%)]	Loss: 0.217414
Train Epoch: 156: time = 2s
Test: time=2s
Recall@20:0.27116679210604827	NDCG@20:0.13288530283338437	Precision@20:0.02189929068753267	Recall@40:0.3715695158457909	NDCG@40:0.15614210298311956	Precision@40:0.015452855823409843	Recall@80:0.47972692223407404	NDCG@80:0.17749668287642706	Precision@80:0.010277965496665282	
Test: time=2s
Recall@20:0.2689114616061433	NDCG@20:0.15739107534828198	Precision@20:0.040098007243402345	Recall@40:0.37402652122959085	NDCG@40:0.18597110955849738	Precision@40:0.028616087547062456	Recall@80:0.4935807991607965	NDCG@80:0.21374117743932705	Precision@80:0.019554748290211175	
U-B Train Epoch: 157 [2048/34416 (6%)]	Loss: 0.246629
Train Epoch: 157: time = 4s
U-B Train Epoch: 158 [2048/34416 (6%)]	Loss: 0.199339
Train Epoch: 158: time = 5s
U-B Train Epoch: 159 [2048/34416 (6%)]	Loss: 0.229160
Train Epoch: 159: time = 4s
U-B Train Epoch: 160 [2048/34416 (6%)]	Loss: 0.205890
Train Epoch: 160: time = 4s
U-B Train Epoch: 161 [2048/34416 (6%)]	Loss: 0.196429
Train Epoch: 161: time = 3s
Test: time=2s
Recall@20:0.27063787060035327	NDCG@20:0.13289317717299182	Precision@20:0.022000676355236243	Recall@40:0.37259032831839833	NDCG@40:0.1564863719985307	Precision@40:0.015562690162465314	Recall@80:0.4800230118421817	NDCG@80:0.17761944934861731	Precision@80:0.010303311994165213	
Test: time=2s
Recall@20:0.27168576626328045	NDCG@20:0.15804032934562062	Precision@20:0.03999662125340262	Recall@40:0.37354168468087295	NDCG@40:0.18583994275937818	Precision@40:0.02846400823976672	Recall@80:0.4933144226796162	NDCG@80:0.21345767027302825	Precision@80:0.019398445936424098	
U-B Train Epoch: 162 [2048/34416 (6%)]	Loss: 0.203011
Train Epoch: 162: time = 4s
U-B Train Epoch: 163 [2048/34416 (6%)]	Loss: 0.204201
Train Epoch: 163: time = 4s
U-B Train Epoch: 164 [2048/34416 (6%)]	Loss: 0.199357
Train Epoch: 164: time = 4s
U-B Train Epoch: 165 [2048/34416 (6%)]	Loss: 0.220720
Train Epoch: 165: time = 4s
U-B Train Epoch: 166 [2048/34416 (6%)]	Loss: 0.203660
Train Epoch: 166: time = 3s
Test: time=2s
Recall@20:0.27180139580946105	NDCG@20:0.1342773746904307	Precision@20:0.022118959365643613	Recall@40:0.37371497171962126	NDCG@40:0.1578249968399507	Precision@40:0.01563028082246513	Recall@80:0.48243978950936234	NDCG@80:0.17914642921852558	Precision@80:0.010349780170044894	
Test: time=2s
Recall@20:0.2693898058211574	NDCG@20:0.1574775796357181	Precision@20:0.03987833663151449	Recall@40:0.37244078806019504	NDCG@40:0.18568652979060177	Precision@40:0.02850625353030314	Recall@80:0.496658804771988	NDCG@80:0.2139864473900468	Precision@80:0.019440689937775906	
U-B Train Epoch: 167 [2048/34416 (6%)]	Loss: 0.189336
Train Epoch: 167: time = 4s
U-B Train Epoch: 168 [2048/34416 (6%)]	Loss: 0.195922
Train Epoch: 168: time = 3s
U-B Train Epoch: 169 [2048/34416 (6%)]	Loss: 0.193651
Train Epoch: 169: time = 3s
U-B Train Epoch: 170 [2048/34416 (6%)]	Loss: 0.208428
Train Epoch: 170: time = 3s
U-B Train Epoch: 171 [2048/34416 (6%)]	Loss: 0.209125
Train Epoch: 171: time = 3s
Test: time=2s
Recall@20:0.26868391536546343	NDCG@20:0.132176380215484	Precision@20:0.021747212669421548	Recall@40:0.3750705390252065	NDCG@40:0.1566718624588121	Precision@40:0.015562690162465314	Recall@80:0.47845248589446393	NDCG@80:0.17713216334913742	Precision@80:0.010273740999841255	
Test: time=2s
Recall@20:0.2723910946344838	NDCG@20:0.15816824482114947	Precision@20:0.04063872994503164	Recall@40:0.3717567518620364	NDCG@40:0.1853705351720915	Precision@40:0.028616087547062456	Recall@80:0.4959249802641306	NDCG@80:0.2138900163811016	Precision@80:0.019571645632914976	
U-B Train Epoch: 172 [2048/34416 (6%)]	Loss: 0.228431
Train Epoch: 172: time = 3s
U-B Train Epoch: 173 [2048/34416 (6%)]	Loss: 0.190246
Train Epoch: 173: time = 4s
U-B Train Epoch: 174 [2048/34416 (6%)]	Loss: 0.187987
Train Epoch: 174: time = 4s
U-B Train Epoch: 175 [2048/34416 (6%)]	Loss: 0.190535
Train Epoch: 175: time = 2s
U-B Train Epoch: 176 [2048/34416 (6%)]	Loss: 0.173953
Train Epoch: 176: time = 2s
Test: time=2s
Recall@20:0.27153491619351183	NDCG@20:0.1342708359460808	Precision@20:0.022135857030643566	Recall@40:0.3733623951985732	NDCG@40:0.15775271483714937	Precision@40:0.015596485492465222	Recall@80:0.4802651929065721	NDCG@80:0.17879961793106042	Precision@80:0.010299087497341186	
Test: time=2s
Recall@20:0.2692715411816307	NDCG@20:0.15746349916139057	Precision@20:0.04062183389151246	Recall@40:0.3732914075371219	NDCG@40:0.18560964282036793	Precision@40:0.02873436959058137	Recall@80:0.4931412800295444	NDCG@80:0.2132114050717884	Precision@80:0.01947026060980371	
U-B Train Epoch: 177 [2048/34416 (6%)]	Loss: 0.165052
Train Epoch: 177: time = 2s
U-B Train Epoch: 178 [2048/34416 (6%)]	Loss: 0.190351
Train Epoch: 178: time = 2s
U-B Train Epoch: 179 [2048/34416 (6%)]	Loss: 0.173040
Train Epoch: 179: time = 4s
U-B Train Epoch: 180 [2048/34416 (6%)]	Loss: 0.165246
Train Epoch: 180: time = 3s
U-B Train Epoch: 181 [2048/34416 (6%)]	Loss: 0.170235
Train Epoch: 181: time = 3s
Test: time=2s
Recall@20:0.27194798641327306	NDCG@20:0.13368407388360326	Precision@20:0.0220513687056438	Recall@40:0.37495145446426686	NDCG@40:0.15743489473322914	Precision@40:0.01563872949381703	Recall@80:0.48030330120369	NDCG@80:0.17821253357242997	Precision@80:0.010299087658489262	
Test: time=2s
Recall@20:0.270912028599849	NDCG@20:0.15823453985061464	Precision@20:0.0408077085288081	Recall@40:0.37334133507875866	NDCG@40:0.18600783069297325	Precision@40:0.028709024221117974	Recall@80:0.49487889461639806	NDCG@80:0.2139918103980309	Precision@80:0.019588544264803387	
U-B Train Epoch: 182 [2048/34416 (6%)]	Loss: 0.173320
Train Epoch: 182: time = 4s
U-B Train Epoch: 183 [2048/34416 (6%)]	Loss: 0.157775
Train Epoch: 183: time = 4s
U-B Train Epoch: 184 [2048/34416 (6%)]	Loss: 0.186346
Train Epoch: 184: time = 4s
U-B Train Epoch: 185 [2048/34416 (6%)]	Loss: 0.184834
Train Epoch: 185: time = 3s
U-B Train Epoch: 186 [2048/34416 (6%)]	Loss: 0.150958
Train Epoch: 186: time = 4s
Test: time=2s
Recall@20:0.2691224495596723	NDCG@20:0.13346431947471565	Precision@20:0.021916188352532628	Recall@40:0.3736253837025943	NDCG@40:0.1575918271759951	Precision@40:0.015621832151113228	Recall@80:0.47858013579796277	NDCG@80:0.178317328811135	Precision@80:0.010273741322137408	
Test: time=2s
Recall@20:0.2695364325221385	NDCG@20:0.15798620679725783	Precision@20:0.04072321859232757	Recall@40:0.371740281239439	NDCG@40:0.1857699709754008	Precision@40:0.02868367691787766	Recall@80:0.49236988352536754	NDCG@80:0.21338797179618854	Precision@80:0.019423792272775953	
U-B Train Epoch: 187 [2048/34416 (6%)]	Loss: 0.192209
Train Epoch: 187: time = 3s
U-B Train Epoch: 188 [2048/34416 (6%)]	Loss: 0.150761
Train Epoch: 188: time = 3s
U-B Train Epoch: 189 [2048/34416 (6%)]	Loss: 0.156233
Train Epoch: 189: time = 3s
U-B Train Epoch: 190 [2048/34416 (6%)]	Loss: 0.161782
Train Epoch: 190: time = 3s
U-B Train Epoch: 191 [2048/34416 (6%)]	Loss: 0.146138
Train Epoch: 191: time = 3s
Test: time=2s
Recall@20:0.26830989712595577	NDCG@20:0.13264275306219506	Precision@20:0.021713417661717794	Recall@40:0.3717531112046933	NDCG@40:0.15666778863543954	Precision@40:0.015554241491113414	Recall@80:0.4775910939909228	NDCG@80:0.17756710329664926	Precision@80:0.010261067992813405	
Test: time=2s
Recall@20:0.27036783799161457	NDCG@20:0.1578959097286945	Precision@20:0.04058803727232793	Recall@40:0.3697061129380175	NDCG@40:0.18505282851641708	Precision@40:0.02857384354571065	Recall@80:0.492828657917978	NDCG@80:0.21305879655420962	Precision@80:0.019373098955479937	
