nohup: ignoring input
>>>>>>>>>>B-I statistics>>>>>>>>>>
Average interactions 37.02934265136719
Non-zero rows 1.0
Non-zero columns 0.8566981995727799
Matrix density 0.0011299769286862884
finish loading assist data
>>>>>>>>>>U-I statistics>>>>>>>>>>
Average interactions 17.230377197265625
Non-zero rows 0.9958950118173903
Non-zero columns 0.641867561794324
Matrix density 0.0005257972814327529
finish loading item data
>>>>>>>>>>U-B statistics in train>>>>>>>>>>
Average interactions 4.281129360198975
Non-zero rows 0.3680806070406767
Non-zero columns 0.8645986166422134
Matrix density 0.0008973233061660289
finish loading bundle train data
>>>>>>>>>>U-B statistics in test>>>>>>>>>>
Average interactions 1.2123398780822754
Non-zero rows 0.3680806070406767
Non-zero columns 0.5017815971494446
Matrix density 0.0002541060245785134
finish loading bundle test data
>>>>>>>>>>B-I statistics>>>>>>>>>>
Average interactions 37.02934265136719
Non-zero rows 1.0
Non-zero columns 0.8566981995727799
Matrix density 0.0011299769286862884
finish loading assist data
>>>>>>>>>>U-I statistics>>>>>>>>>>
Average interactions 17.230377197265625
Non-zero rows 0.9958950118173903
Non-zero columns 0.641867561794324
Matrix density 0.0005257972814327529
finish loading item data
>>>>>>>>>>U-B statistics in train>>>>>>>>>>
Average interactions 4.281129360198975
Non-zero rows 0.3680806070406767
Non-zero columns 0.8645986166422134
Matrix density 0.0008973233061660289
finish loading bundle train data
>>>>>>>>>>U-B statistics in test>>>>>>>>>>
Average interactions 0.6454783082008362
Non-zero rows 0.3680806070406767
Non-zero columns 0.34835464263257176
Matrix density 0.00013529203381263145
finish loading bundle test data
IHGCN model
/data/lzm/IHBR - 副本/model/IHGCN.py:169: UserWarning: Creating a tensor from a list of numpy.ndarrays is extremely slow. Please consider converting the list to a single numpy.ndarray with numpy.array() before converting to a tensor. (Triggered internally at  /opt/conda/conda-bld/pytorch_1640811805959/work/torch/csrc/utils/tensor_new.cpp:201.)
  ub_indices = torch.tensor([ub_graph_coo.row, ub_graph_coo.col], dtype=torch.long)
finish generating bi, ui graph
finish generating non-atom graph
U-B Train Epoch: 1 [2048/34416 (6%)]	Loss: 0.958104
Train Epoch: 1: time = 5s
Test: time=2s
Recall@20:0.1755460820998965	NDCG@20:0.0807342980511489	Precision@20:0.013028050725949137	Recall@40:0.25289807153658594	NDCG@40:0.0984079761253736	Precision@40:0.009834403643619373	Recall@80:0.35664546614605336	NDCG@80:0.11813473097171764	Precision@80:0.007088543233455698	
Test: time=2s
Recall@20:0.19204475477604738	NDCG@20:0.10408158735795454	Precision@20:0.023994593412419274	Recall@40:0.2676219727470086	NDCG@40:0.12403422797519881	Precision@40:0.017708685560055625	Recall@80:0.3673440843629209	NDCG@80:0.1463353865128105	Precision@80:0.01279148406054209	
U-B Train Epoch: 2 [2048/34416 (6%)]	Loss: 0.935791
Train Epoch: 2: time = 4s
U-B Train Epoch: 3 [2048/34416 (6%)]	Loss: 0.898035
Train Epoch: 3: time = 4s
U-B Train Epoch: 4 [2048/34416 (6%)]	Loss: 0.842050
Train Epoch: 4: time = 4s
U-B Train Epoch: 5 [2048/34416 (6%)]	Loss: 0.754686
Train Epoch: 5: time = 4s
U-B Train Epoch: 6 [2048/34416 (6%)]	Loss: 0.673516
Train Epoch: 6: time = 3s
Test: time=2s
Recall@20:0.1717760473459546	NDCG@20:0.07297953805153175	Precision@20:0.014650220442317795	Recall@40:0.27761323083772493	NDCG@40:0.09713655389938534	Precision@40:0.01176073004080259	Recall@80:0.3840010663310029	NDCG@80:0.11751215278236155	Precision@80:0.00819533626225076	
Test: time=2s
Recall@20:0.17059179978340047	NDCG@20:0.08234946330522677	Precision@20:0.02649543816352785	Recall@40:0.2668782937119804	NDCG@40:0.10841412171998431	Precision@40:0.020986820645089003	Recall@80:0.3909084143450068	NDCG@80:0.1360579088113726	Precision@80:0.01529232945624297	
U-B Train Epoch: 7 [2048/34416 (6%)]	Loss: 0.629520
Train Epoch: 7: time = 3s
U-B Train Epoch: 8 [2048/34416 (6%)]	Loss: 0.616303
Train Epoch: 8: time = 3s
U-B Train Epoch: 9 [2048/34416 (6%)]	Loss: 0.593088
Train Epoch: 9: time = 3s
U-B Train Epoch: 10 [2048/34416 (6%)]	Loss: 0.569608
Train Epoch: 10: time = 3s
U-B Train Epoch: 11 [2048/34416 (6%)]	Loss: 0.571430
Train Epoch: 11: time = 2s
Test: time=2s
Recall@20:0.22515797461960596	NDCG@20:0.1034437890550743	Precision@20:0.018587361239387847	Recall@40:0.31442263836230566	NDCG@40:0.12449812300908641	Precision@40:0.013433592752171111	Recall@80:0.4267243555809606	NDCG@80:0.14613113325969235	Precision@80:0.009145826614962594	
Test: time=2s
Recall@20:0.22260150606465445	NDCG@20:0.12056144825225346	Precision@20:0.033541738362520196	Recall@40:0.32200163093198186	NDCG@40:0.1474816804804001	Precision@40:0.02482257674134394	Recall@80:0.43855745109926814	NDCG@80:0.17394200899021656	Precision@80:0.01720598220180603	
U-B Train Epoch: 12 [2048/34416 (6%)]	Loss: 0.549577
Train Epoch: 12: time = 3s
U-B Train Epoch: 13 [2048/34416 (6%)]	Loss: 0.558630
Train Epoch: 13: time = 3s
U-B Train Epoch: 14 [2048/34416 (6%)]	Loss: 0.556498
Train Epoch: 14: time = 3s
U-B Train Epoch: 15 [2048/34416 (6%)]	Loss: 0.568274
Train Epoch: 15: time = 4s
U-B Train Epoch: 16 [2048/34416 (6%)]	Loss: 0.534074
Train Epoch: 16: time = 4s
Test: time=2s
Recall@20:0.23696779777730548	NDCG@20:0.115266163714152	Precision@20:0.019567421619535178	Recall@40:0.33182422242159776	NDCG@40:0.13730463026020326	Precision@40:0.013999662757040721	Recall@80:0.4404559456121684	NDCG@80:0.1584364880416473	Precision@80:0.009441534785573327	
Test: time=2s
Recall@20:0.2348882347073415	NDCG@20:0.13083714687892736	Precision@20:0.03538357643470365	Recall@40:0.33384315256091057	NDCG@40:0.1575893854603408	Precision@40:0.025549172791084273	Recall@80:0.4524099769605177	NDCG@80:0.18468753032162205	Precision@80:0.01774248056775938	
U-B Train Epoch: 17 [2048/34416 (6%)]	Loss: 0.560143
Train Epoch: 17: time = 4s
U-B Train Epoch: 18 [2048/34416 (6%)]	Loss: 0.529705
Train Epoch: 18: time = 4s
U-B Train Epoch: 19 [2048/34416 (6%)]	Loss: 0.543906
Train Epoch: 19: time = 4s
U-B Train Epoch: 20 [2048/34416 (6%)]	Loss: 0.539015
Train Epoch: 20: time = 4s
U-B Train Epoch: 21 [2048/34416 (6%)]	Loss: 0.537062
Train Epoch: 21: time = 4s
Test: time=2s
Recall@20:0.24553005145022336	NDCG@20:0.12007594906264521	Precision@20:0.020277120971164013	Recall@40:0.3405940657574085	NDCG@40:0.1420722438016829	Precision@40:0.014346063116910933	Recall@80:0.4429191132984116	NDCG@80:0.1622385229360175	Precision@80:0.009597837300508479	
Test: time=2s
Recall@20:0.23885082207486694	NDCG@20:0.13582218656188613	Precision@20:0.03619466242092451	Recall@40:0.33939147309783185	NDCG@40:0.1629567431533365	Precision@40:0.026132139494065378	Recall@80:0.4592634783116657	NDCG@80:0.19010364239825797	Precision@80:0.017919905889110816	
U-B Train Epoch: 22 [2048/34416 (6%)]	Loss: 0.535211
Train Epoch: 22: time = 3s
U-B Train Epoch: 23 [2048/34416 (6%)]	Loss: 0.530645
Train Epoch: 23: time = 4s
U-B Train Epoch: 24 [2048/34416 (6%)]	Loss: 0.526026
Train Epoch: 24: time = 4s
U-B Train Epoch: 25 [2048/34416 (6%)]	Loss: 0.523144
Train Epoch: 25: time = 4s
U-B Train Epoch: 26 [2048/34416 (6%)]	Loss: 0.525814
Train Epoch: 26: time = 4s
Test: time=2s
Recall@20:0.24825887883100287	NDCG@20:0.12266796559407607	Precision@20:0.020530584979274864	Recall@40:0.3399405574508517	NDCG@40:0.14404476587334852	Precision@40:0.01443055111961455	Recall@80:0.44343207469861545	NDCG@80:0.16442243260844167	Precision@80:0.009640081301860287	
Test: time=2s
Recall@20:0.24121236591654963	NDCG@20:0.1384742352639392	Precision@20:0.036718485201480786	Recall@40:0.3445172195460354	NDCG@40:0.16643840535825555	Precision@40:0.026689760182990782	Recall@80:0.46027458064577875	NDCG@80:0.19263575052078932	Precision@80:0.018067760216138297	
U-B Train Epoch: 27 [2048/34416 (6%)]	Loss: 0.535988
Train Epoch: 27: time = 3s
U-B Train Epoch: 28 [2048/34416 (6%)]	Loss: 0.524863
Train Epoch: 28: time = 4s
U-B Train Epoch: 29 [2048/34416 (6%)]	Loss: 0.526668
Train Epoch: 29: time = 4s
U-B Train Epoch: 30 [2048/34416 (6%)]	Loss: 0.503387
Train Epoch: 30: time = 2s
U-B Train Epoch: 31 [2048/34416 (6%)]	Loss: 0.538619
Train Epoch: 31: time = 2s
Test: time=2s
Recall@20:0.24876862758315468	NDCG@20:0.12346147161434132	Precision@20:0.02056438030927477	Recall@40:0.346681894584055	NDCG@40:0.14616128986612612	Precision@40:0.014692464443669605	Recall@80:0.44911341846049657	NDCG@80:0.1661911629550801	Precision@80:0.00972879380138793	
Test: time=2s
Recall@20:0.24111043266768228	NDCG@20:0.1406391990793118	Precision@20:0.03695505315607244	Recall@40:0.3468403302160781	NDCG@40:0.1691167147508462	Precision@40:0.026774248185694398	Recall@80:0.4617325040527839	NDCG@80:0.19540647640144473	Precision@80:0.018224062247629222	
U-B Train Epoch: 32 [2048/34416 (6%)]	Loss: 0.535216
Train Epoch: 32: time = 2s
U-B Train Epoch: 33 [2048/34416 (6%)]	Loss: 0.540578
Train Epoch: 33: time = 2s
U-B Train Epoch: 34 [2048/34416 (6%)]	Loss: 0.511422
Train Epoch: 34: time = 4s
U-B Train Epoch: 35 [2048/34416 (6%)]	Loss: 0.510430
Train Epoch: 35: time = 4s
U-B Train Epoch: 36 [2048/34416 (6%)]	Loss: 0.536989
Train Epoch: 36: time = 4s
Test: time=2s
Recall@20:0.2527053539073721	NDCG@20:0.12512290312575908	Precision@20:0.02085163900279322	Recall@40:0.3535943735528129	NDCG@40:0.14853172134652096	Precision@40:0.014929030464484346	Recall@80:0.4546399981881284	NDCG@80:0.16826334673232748	Precision@80:0.009817506139767496	
Test: time=2s
Recall@20:0.2498077000666003	NDCG@20:0.14420770849477363	Precision@20:0.037698547837701185	Recall@40:0.3496510827005534	NDCG@40:0.1712779682929067	Precision@40:0.026960122178397737	Recall@80:0.4699386900927256	NDCG@80:0.19862530222612687	Precision@80:0.0184057112600643	
U-B Train Epoch: 37 [2048/34416 (6%)]	Loss: 0.518853
Train Epoch: 37: time = 3s
U-B Train Epoch: 38 [2048/34416 (6%)]	Loss: 0.493791
Train Epoch: 38: time = 4s
U-B Train Epoch: 39 [2048/34416 (6%)]	Loss: 0.500675
Train Epoch: 39: time = 4s
U-B Train Epoch: 40 [2048/34416 (6%)]	Loss: 0.531434
Train Epoch: 40: time = 4s
U-B Train Epoch: 41 [2048/34416 (6%)]	Loss: 0.508120
Train Epoch: 41: time = 4s
Test: time=2s
Recall@20:0.2578587250034323	NDCG@20:0.12900237933974606	Precision@20:0.020969922657792895	Recall@40:0.35296163143197923	NDCG@40:0.1512800463553658	Precision@40:0.014878337791780638	Recall@80:0.4620241279253971	NDCG@80:0.1724206577003224	Precision@80:0.009910442813823013	
Test: time=2s
Recall@20:0.24926593312543563	NDCG@20:0.14633824850264818	Precision@20:0.03771544518040499	Recall@40:0.3512332474069444	NDCG@40:0.17384240658712694	Precision@40:0.026968571494341943	Recall@80:0.46982058015535233	NDCG@80:0.201071829117404	Precision@80:0.01848175059141602	
U-B Train Epoch: 42 [2048/34416 (6%)]	Loss: 0.489656
Train Epoch: 42: time = 3s
U-B Train Epoch: 43 [2048/34416 (6%)]	Loss: 0.516972
Train Epoch: 43: time = 4s
U-B Train Epoch: 44 [2048/34416 (6%)]	Loss: 0.494148
Train Epoch: 44: time = 4s
U-B Train Epoch: 45 [2048/34416 (6%)]	Loss: 0.510773
Train Epoch: 45: time = 4s
U-B Train Epoch: 46 [2048/34416 (6%)]	Loss: 0.482093
Train Epoch: 46: time = 4s
Test: time=2s
Recall@20:0.2607505001623754	NDCG@20:0.12906826183013556	Precision@20:0.021155796005903928	Recall@40:0.3528830478947966	NDCG@40:0.15064908330929605	Precision@40:0.01491213247718824	Recall@80:0.46201244275607783	NDCG@80:0.17184849178601697	Precision@80:0.009910442813823013	
Test: time=2s
Recall@20:0.251739837141124	NDCG@20:0.1472018732739365	Precision@20:0.03774923986581259	Recall@40:0.35358983046624176	NDCG@40:0.17495621310250506	Precision@40:0.02715444484245298	Recall@80:0.47362528366186846	NDCG@80:0.20227266332917054	Precision@80:0.018570463896684045	
U-B Train Epoch: 47 [2048/34416 (6%)]	Loss: 0.493465
Train Epoch: 47: time = 3s
U-B Train Epoch: 48 [2048/34416 (6%)]	Loss: 0.481685
Train Epoch: 48: time = 3s
U-B Train Epoch: 49 [2048/34416 (6%)]	Loss: 0.495217
Train Epoch: 49: time = 3s
U-B Train Epoch: 50 [2048/34416 (6%)]	Loss: 0.483157
Train Epoch: 50: time = 3s
U-B Train Epoch: 51 [2048/34416 (6%)]	Loss: 0.508551
Train Epoch: 51: time = 4s
Test: time=2s
Recall@20:0.25831482304878917	NDCG@20:0.1272669047993476	Precision@20:0.020953025315089094	Recall@40:0.3534467000339272	NDCG@40:0.14951204310884827	Precision@40:0.014920581793132446	Recall@80:0.4671680982872698	NDCG@80:0.17154209643612442	Precision@80:0.010011828320378507	
Test: time=2s
Recall@20:0.2575625632009864	NDCG@20:0.15022956974484622	Precision@20:0.03837445121473781	Recall@40:0.3577918451998273	NDCG@40:0.17735732459828596	Precision@40:0.02733186951921211	Recall@80:0.4791525028250676	NDCG@80:0.20495837006306236	Precision@80:0.018735215244119172	
U-B Train Epoch: 52 [2048/34416 (6%)]	Loss: 0.485212
Train Epoch: 52: time = 2s
U-B Train Epoch: 53 [2048/34416 (6%)]	Loss: 0.486497
Train Epoch: 53: time = 2s
U-B Train Epoch: 54 [2048/34416 (6%)]	Loss: 0.485347
Train Epoch: 54: time = 2s
U-B Train Epoch: 55 [2048/34416 (6%)]	Loss: 0.470633
Train Epoch: 55: time = 2s
U-B Train Epoch: 56 [2048/34416 (6%)]	Loss: 0.466979
Train Epoch: 56: time = 2s
Test: time=2s
Recall@20:0.2609835744266697	NDCG@20:0.1287916157043395	Precision@20:0.02112200132049633	Recall@40:0.35037832721015333	NDCG@40:0.14985429583952692	Precision@40:0.01480229813813277	Recall@80:0.46658565499324095	NDCG@80:0.17243975568115813	Precision@80:0.01001605297835061	
Test: time=2s
Recall@20:0.2579845287945674	NDCG@20:0.15115826482021877	Precision@20:0.03823927118392279	Recall@40:0.3557689237449571	NDCG@40:0.1777507038122901	Precision@40:0.02712064951245307	Recall@80:0.47901626179531726	NDCG@80:0.2058135429400373	Precision@80:0.018671849242091462	
U-B Train Epoch: 57 [2048/34416 (6%)]	Loss: 0.500088
Train Epoch: 57: time = 3s
U-B Train Epoch: 58 [2048/34416 (6%)]	Loss: 0.458343
Train Epoch: 58: time = 3s
U-B Train Epoch: 59 [2048/34416 (6%)]	Loss: 0.486846
Train Epoch: 59: time = 3s
U-B Train Epoch: 60 [2048/34416 (6%)]	Loss: 0.479879
Train Epoch: 60: time = 4s
U-B Train Epoch: 61 [2048/34416 (6%)]	Loss: 0.480064
Train Epoch: 61: time = 4s
Test: time=2s
Recall@20:0.2641364610368394	NDCG@20:0.128905602829325	Precision@20:0.02108820599049642	Recall@40:0.3549289993435678	NDCG@40:0.15026141002638269	Precision@40:0.014869889120428737	Recall@80:0.4670046090515694	NDCG@80:0.17214574939538274	Precision@80:0.010011828481526583	
Test: time=2s
Recall@20:0.2586609072361334	NDCG@20:0.15140821193270926	Precision@20:0.03808719252121936	Recall@40:0.3575824197380476	NDCG@40:0.17843533045700088	Precision@40:0.027230483529212385	Recall@80:0.47744241490804007	NDCG@80:0.2059549200812801	Precision@80:0.01868452192682316	
U-B Train Epoch: 62 [2048/34416 (6%)]	Loss: 0.456535
Train Epoch: 62: time = 5s
U-B Train Epoch: 63 [2048/34416 (6%)]	Loss: 0.486060
Train Epoch: 63: time = 3s
U-B Train Epoch: 64 [2048/34416 (6%)]	Loss: 0.460611
Train Epoch: 64: time = 3s
U-B Train Epoch: 65 [2048/34416 (6%)]	Loss: 0.485532
Train Epoch: 65: time = 4s
U-B Train Epoch: 66 [2048/34416 (6%)]	Loss: 0.437084
Train Epoch: 66: time = 4s
Test: time=2s
Recall@20:0.2603424010384764	NDCG@20:0.1275843948720073	Precision@20:0.02078404898738571	Recall@40:0.3560724029592583	NDCG@40:0.15004100329008163	Precision@40:0.014836093468132677	Recall@80:0.4660729617434363	NDCG@80:0.17161233637050102	Precision@80:0.009982257648350703	
Test: time=2s
Recall@20:0.25420069976528176	NDCG@20:0.1500452911180997	Precision@20:0.0377830351958125	Recall@40:0.3584498347120939	NDCG@40:0.17827164784360874	Precision@40:0.027222034857860487	Recall@80:0.4806344463197554	NDCG@80:0.20610511524526604	Precision@80:0.01869719493385101	
U-B Train Epoch: 67 [2048/34416 (6%)]	Loss: 0.467537
Train Epoch: 67: time = 4s
U-B Train Epoch: 68 [2048/34416 (6%)]	Loss: 0.459808
Train Epoch: 68: time = 4s
U-B Train Epoch: 69 [2048/34416 (6%)]	Loss: 0.455812
Train Epoch: 69: time = 3s
U-B Train Epoch: 70 [2048/34416 (6%)]	Loss: 0.445260
Train Epoch: 70: time = 3s
U-B Train Epoch: 71 [2048/34416 (6%)]	Loss: 0.484564
Train Epoch: 71: time = 5s
Test: time=2s
Recall@20:0.26367364376128705	NDCG@20:0.12806481209587672	Precision@20:0.020986820000496696	Recall@40:0.35653334833875466	NDCG@40:0.1498883328916415	Precision@40:0.014920581470836292	Recall@80:0.46519992592448356	NDCG@80:0.1712500239272664	Precision@80:0.009990706641998755	
Test: time=2s
Recall@20:0.25343662067296013	NDCG@20:0.15024969907337124	Precision@20:0.03756336716229386	Recall@40:0.35715525099537426	NDCG@40:0.17844617249958417	Precision@40:0.027145994881916467	Recall@80:0.47910960907467154	NDCG@80:0.2062652783846686	Precision@80:0.01866340057073956	
U-B Train Epoch: 72 [2048/34416 (6%)]	Loss: 0.456562
Train Epoch: 72: time = 4s
U-B Train Epoch: 73 [2048/34416 (6%)]	Loss: 0.436176
Train Epoch: 73: time = 4s
U-B Train Epoch: 74 [2048/34416 (6%)]	Loss: 0.457782
Train Epoch: 74: time = 3s
U-B Train Epoch: 75 [2048/34416 (6%)]	Loss: 0.434273
Train Epoch: 75: time = 3s
U-B Train Epoch: 76 [2048/34416 (6%)]	Loss: 0.422554
Train Epoch: 76: time = 2s
Test: time=1s
Recall@20:0.2619767828783742	NDCG@20:0.12707784329769214	Precision@20:0.02090233199779308	Recall@40:0.3563921362131421	NDCG@40:0.1491017858899095	Precision@40:0.01480229813813277	Recall@80:0.4698112258318108	NDCG@80:0.1713278803643281	Precision@80:0.01002450164970251	
Test: time=2s
Recall@20:0.25377616095921607	NDCG@20:0.15087528621961072	Precision@20:0.03764785452040517	Recall@40:0.35922311858254213	NDCG@40:0.1793769844160889	Precision@40:0.02721358683110089	Recall@80:0.48002965372130046	NDCG@80:0.2070380053273646	Precision@80:0.018709868585471166	
U-B Train Epoch: 77 [2048/34416 (6%)]	Loss: 0.421407
Train Epoch: 77: time = 3s
U-B Train Epoch: 78 [2048/34416 (6%)]	Loss: 0.410860
Train Epoch: 78: time = 2s
U-B Train Epoch: 79 [2048/34416 (6%)]	Loss: 0.446597
Train Epoch: 79: time = 2s
U-B Train Epoch: 80 [2048/34416 (6%)]	Loss: 0.413268
Train Epoch: 80: time = 2s
U-B Train Epoch: 81 [2048/34416 (6%)]	Loss: 0.424997
Train Epoch: 81: time = 4s
Test: time=2s
Recall@20:0.26155487400891614	NDCG@20:0.1264690335999876	Precision@20:0.02090233199779308	Recall@40:0.3602438279203806	NDCG@40:0.14940676571509853	Precision@40:0.014920581793132446	Recall@80:0.465350265477146	NDCG@80:0.17014428512918744	Precision@80:0.009948462479498871	
Test: time=1s
Recall@20:0.25485208865233716	NDCG@20:0.1509602615340975	Precision@20:0.03774923986581259	Recall@40:0.3623153103811993	NDCG@40:0.17982553041799118	Precision@40:0.02732342213704482	Recall@80:0.48323888801247256	NDCG@80:0.20744497512554388	Precision@80:0.01873943957979512	
U-B Train Epoch: 82 [2048/34416 (6%)]	Loss: 0.434845
Train Epoch: 82: time = 4s
U-B Train Epoch: 83 [2048/34416 (6%)]	Loss: 0.439010
Train Epoch: 83: time = 4s
U-B Train Epoch: 84 [2048/34416 (6%)]	Loss: 0.424512
Train Epoch: 84: time = 3s
U-B Train Epoch: 85 [2048/34416 (6%)]	Loss: 0.422488
Train Epoch: 85: time = 3s
U-B Train Epoch: 86 [2048/34416 (6%)]	Loss: 0.396946
Train Epoch: 86: time = 4s
Test: time=2s
Recall@20:0.2613150856711648	NDCG@20:0.12608957757978836	Precision@20:0.020817843995089465	Recall@40:0.36140038121910906	NDCG@40:0.1493083648320669	Precision@40:0.014920581148540139	Recall@80:0.46688189930350205	NDCG@80:0.1700843741419187	Precision@80:0.009956911311998847	
Test: time=1s
Recall@20:0.2543520603521566	NDCG@20:0.1495265051818208	Precision@20:0.03758026514958997	Recall@40:0.3642219576975831	NDCG@40:0.17895405709078763	Precision@40:0.027357216177860116	Recall@80:0.48679498515849423	NDCG@80:0.2067673487532739	Precision@80:0.01876901057411908	
U-B Train Epoch: 87 [2048/34416 (6%)]	Loss: 0.389751
Train Epoch: 87: time = 3s
U-B Train Epoch: 88 [2048/34416 (6%)]	Loss: 0.405816
Train Epoch: 88: time = 3s
U-B Train Epoch: 89 [2048/34416 (6%)]	Loss: 0.416435
Train Epoch: 89: time = 4s
U-B Train Epoch: 90 [2048/34416 (6%)]	Loss: 0.413760
Train Epoch: 90: time = 4s
U-B Train Epoch: 91 [2048/34416 (6%)]	Loss: 0.398109
Train Epoch: 91: time = 4s
Test: time=2s
Recall@20:0.2620553767290338	NDCG@20:0.12726629630421094	Precision@20:0.020885434332793128	Recall@40:0.359478743264062	NDCG@40:0.15006929573556707	Precision@40:0.014937479135836247	Recall@80:0.46583721628862684	NDCG@80:0.17099532230192843	Precision@80:0.009940013646998893	
Test: time=2s
Recall@20:0.25620048809148205	NDCG@20:0.15175433221722262	Precision@20:0.03803649984851565	Recall@40:0.36491553386186737	NDCG@40:0.18076603184603646	Precision@40:0.02745860216785984	Recall@80:0.48678517704196944	NDCG@80:0.2086480473617961	Precision@80:0.0188661719061467	
U-B Train Epoch: 92 [2048/34416 (6%)]	Loss: 0.413619
Train Epoch: 92: time = 4s
U-B Train Epoch: 93 [2048/34416 (6%)]	Loss: 0.390251
Train Epoch: 93: time = 3s
U-B Train Epoch: 94 [2048/34416 (6%)]	Loss: 0.379541
Train Epoch: 94: time = 3s
U-B Train Epoch: 95 [2048/34416 (6%)]	Loss: 0.380187
Train Epoch: 95: time = 4s
U-B Train Epoch: 96 [2048/34416 (6%)]	Loss: 0.375103
Train Epoch: 96: time = 4s
Test: time=2s
Recall@20:0.26413886407695536	NDCG@20:0.1281470337120332	Precision@20:0.02096992298008905	Recall@40:0.3617740178599717	NDCG@40:0.15096748870302995	Precision@40:0.014988171808539955	Recall@80:0.46647798229448295	NDCG@80:0.17148353651432863	Precision@80:0.009910442974971088	
Test: time=2s
Recall@20:0.2579031193647162	NDCG@20:0.15086301576047784	Precision@20:0.03810408986392316	Recall@40:0.3637022976941376	NDCG@40:0.17928346954273508	Precision@40:0.027374113520563917	Recall@80:0.48702674961122316	NDCG@80:0.20745085380737263	Precision@80:0.01883660058952659	
U-B Train Epoch: 97 [2048/34416 (6%)]	Loss: 0.377967
Train Epoch: 97: time = 3s
U-B Train Epoch: 98 [2048/34416 (6%)]	Loss: 0.374766
Train Epoch: 98: time = 4s
U-B Train Epoch: 99 [2048/34416 (6%)]	Loss: 0.407483
Train Epoch: 99: time = 2s
U-B Train Epoch: 100 [2048/34416 (6%)]	Loss: 0.343334
Train Epoch: 100: time = 2s
U-B Train Epoch: 101 [2048/34416 (6%)]	Loss: 0.380615
Train Epoch: 101: time = 2s
Test: time=2s
Recall@20:0.26496402473617303	NDCG@20:0.1292057997796051	Precision@20:0.021020616297385063	Recall@40:0.3609497802569359	NDCG@40:0.15163324942013506	Precision@40:0.0149543768008362	Recall@80:0.47079195497647536	NDCG@80:0.17312010738969696	Precision@80:0.009999155474498733	
Test: time=1s
Recall@20:0.2581084710031234	NDCG@20:0.1512125266005196	Precision@20:0.03808719252121936	Recall@40:0.3634777526752334	NDCG@40:0.1797146192874889	Precision@40:0.02751774286732314	Recall@80:0.48953637951086726	NDCG@80:0.20827599899637494	Precision@80:0.01892531325020231	
U-B Train Epoch: 102 [2048/34416 (6%)]	Loss: 0.358959
Train Epoch: 102: time = 2s
U-B Train Epoch: 103 [2048/34416 (6%)]	Loss: 0.361216
Train Epoch: 103: time = 2s
U-B Train Epoch: 104 [2048/34416 (6%)]	Loss: 0.381448
Train Epoch: 104: time = 4s
U-B Train Epoch: 105 [2048/34416 (6%)]	Loss: 0.381510
Train Epoch: 105: time = 4s
U-B Train Epoch: 106 [2048/34416 (6%)]	Loss: 0.329286
Train Epoch: 106: time = 4s
Test: time=2s
Recall@20:0.26570190244044917	NDCG@20:0.12936702778549683	Precision@20:0.021155796650496234	Recall@40:0.36142854216776416	NDCG@40:0.15167637780213042	Precision@40:0.014979723137188055	Recall@80:0.47299710009782125	NDCG@80:0.1735020927901041	Precision@80:0.01005407248287839	
Test: time=2s
Recall@20:0.2586686784409719	NDCG@20:0.151256371769159	Precision@20:0.0382899638566265	Recall@40:0.3672376131842208	NDCG@40:0.18040526642433571	Precision@40:0.027720514202730282	Recall@80:0.48820093895543787	NDCG@80:0.20804029995221146	Precision@80:0.018916864256554256	
U-B Train Epoch: 107 [2048/34416 (6%)]	Loss: 0.341297
Train Epoch: 107: time = 4s
U-B Train Epoch: 108 [2048/34416 (6%)]	Loss: 0.348725
Train Epoch: 108: time = 4s
U-B Train Epoch: 109 [2048/34416 (6%)]	Loss: 0.346837
Train Epoch: 109: time = 4s
U-B Train Epoch: 110 [2048/34416 (6%)]	Loss: 0.343237
Train Epoch: 110: time = 3s
U-B Train Epoch: 111 [2048/34416 (6%)]	Loss: 0.329576
Train Epoch: 111: time = 3s
Test: time=2s
Recall@20:0.2651874558995728	NDCG@20:0.12912441355507695	Precision@20:0.02113889898549628	Recall@40:0.3621072617685847	NDCG@40:0.15162943343368485	Precision@40:0.014971274788132307	Recall@80:0.47470792027170816	NDCG@80:0.17368552055500697	Precision@80:0.010079418980378322	
Test: time=2s
Recall@20:0.2622280862130761	NDCG@20:0.1526947923913603	Precision@20:0.03866171119744087	Recall@40:0.36924579152387316	NDCG@40:0.18144302393947756	Precision@40:0.027889490208137514	Recall@80:0.4908555350862834	NDCG@80:0.2092023761178159	Precision@80:0.019014025266285723	
U-B Train Epoch: 112 [2048/34416 (6%)]	Loss: 0.334112
Train Epoch: 112: time = 4s
U-B Train Epoch: 113 [2048/34416 (6%)]	Loss: 0.331463
Train Epoch: 113: time = 3s
U-B Train Epoch: 114 [2048/34416 (6%)]	Loss: 0.322818
Train Epoch: 114: time = 3s
U-B Train Epoch: 115 [2048/34416 (6%)]	Loss: 0.307312
Train Epoch: 115: time = 4s
U-B Train Epoch: 116 [2048/34416 (6%)]	Loss: 0.335213
Train Epoch: 116: time = 4s
Test: time=2s
Recall@20:0.2667288978424536	NDCG@20:0.1305991633996322	Precision@20:0.021358567341311068	Recall@40:0.3638458251953125	NDCG@40:0.1531508491828096	Precision@40:0.015106455463539632	Recall@80:0.47576400999202645	NDCG@80:0.17497193599802774	Precision@80:0.01009209214855425	
Test: time=2s
Recall@20:0.25957467613207325	NDCG@20:0.15210890697441862	Precision@20:0.03835755387203401	Recall@40:0.36962599269277785	NDCG@40:0.18169597227374376	Precision@40:0.027948631552193123	Recall@80:0.4929890118567031	NDCG@80:0.20974123465849684	Precision@80:0.01909851359128549	
U-B Train Epoch: 117 [2048/34416 (6%)]	Loss: 0.340423
Train Epoch: 117: time = 4s
U-B Train Epoch: 118 [2048/34416 (6%)]	Loss: 0.335219
Train Epoch: 118: time = 4s
U-B Train Epoch: 119 [2048/34416 (6%)]	Loss: 0.319158
Train Epoch: 119: time = 3s
U-B Train Epoch: 120 [2048/34416 (6%)]	Loss: 0.327717
Train Epoch: 120: time = 3s
U-B Train Epoch: 121 [2048/34416 (6%)]	Loss: 0.329111
Train Epoch: 121: time = 3s
Test: time=1s
Recall@20:0.26874776094416664	NDCG@20:0.13116285421430118	Precision@20:0.021493748016718394	Recall@40:0.368290835757963	NDCG@40:0.15424244304733045	Precision@40:0.015292328811650664	Recall@80:0.47658729359844965	NDCG@80:0.17533787878512852	Precision@80:0.010113213826934	
Test: time=2s
Recall@20:0.2648546709406815	NDCG@20:0.15458021199393007	Precision@20:0.03896586852284773	Recall@40:0.370357537922242	NDCG@40:0.18304982754216478	Precision@40:0.028041567581656334	Recall@80:0.49418129103938724	NDCG@80:0.2113177785199814	Precision@80:0.01917877758060931	
U-B Train Epoch: 122 [2048/34416 (6%)]	Loss: 0.327076
Train Epoch: 122: time = 2s
U-B Train Epoch: 123 [2048/34416 (6%)]	Loss: 0.308195
Train Epoch: 123: time = 2s
U-B Train Epoch: 124 [2048/34416 (6%)]	Loss: 0.320646
Train Epoch: 124: time = 2s
U-B Train Epoch: 125 [2048/34416 (6%)]	Loss: 0.307660
Train Epoch: 125: time = 2s
U-B Train Epoch: 126 [2048/34416 (6%)]	Loss: 0.306519
Train Epoch: 126: time = 2s
Test: time=1s
Recall@20:0.26792540555066374	NDCG@20:0.13123468758085766	Precision@20:0.021426158001310883	Recall@40:0.36786934974105745	NDCG@40:0.15453510084600214	Precision@40:0.015300777483002565	Recall@80:0.478753433150188	NDCG@80:0.17607795068161355	Precision@80:0.010155458150581961	
Test: time=2s
Recall@20:0.26430281741911593	NDCG@20:0.15364310885652088	Precision@20:0.03901656055095914	Recall@40:0.3732286758139231	NDCG@40:0.1828303644889994	Precision@40:0.028176750190840576	Recall@80:0.49400501309234013	NDCG@80:0.21059105999770297	Precision@80:0.019229469931016867	
U-B Train Epoch: 127 [2048/34416 (6%)]	Loss: 0.301252
Train Epoch: 127: time = 4s
U-B Train Epoch: 128 [2048/34416 (6%)]	Loss: 0.293472
Train Epoch: 128: time = 3s
U-B Train Epoch: 129 [2048/34416 (6%)]	Loss: 0.312337
Train Epoch: 129: time = 3s
U-B Train Epoch: 130 [2048/34416 (6%)]	Loss: 0.300282
Train Epoch: 130: time = 4s
U-B Train Epoch: 131 [2048/34416 (6%)]	Loss: 0.297024
Train Epoch: 131: time = 3s
Test: time=2s
Recall@20:0.26892974224393534	NDCG@20:0.13230040493185516	Precision@20:0.02161203167171807	Recall@40:0.3656200938790422	NDCG@40:0.15488662539240716	Precision@40:0.015283880140298764	Recall@80:0.48049147058959424	NDCG@80:0.17716370711821325	Precision@80:0.010193477655109742	
Test: time=2s
Recall@20:0.26448444290393186	NDCG@20:0.1535460951361313	Precision@20:0.039151741226366464	Recall@40:0.37315946722723575	NDCG@40:0.18270247995390124	Precision@40:0.02824434085084039	Recall@80:0.49489038382965633	NDCG@80:0.21060415295661805	Precision@80:0.01924214358263702	
U-B Train Epoch: 132 [2048/34416 (6%)]	Loss: 0.293723
Train Epoch: 132: time = 4s
U-B Train Epoch: 133 [2048/34416 (6%)]	Loss: 0.289779
Train Epoch: 133: time = 5s
U-B Train Epoch: 134 [2048/34416 (6%)]	Loss: 0.284849
Train Epoch: 134: time = 4s
U-B Train Epoch: 135 [2048/34416 (6%)]	Loss: 0.272717
Train Epoch: 135: time = 3s
U-B Train Epoch: 136 [2048/34416 (6%)]	Loss: 0.296762
Train Epoch: 136: time = 3s
Test: time=2s
Recall@20:0.2679520916721232	NDCG@20:0.13215679234449587	Precision@20:0.02154444036712595	Recall@40:0.3668827109741335	NDCG@40:0.15527516758574872	Precision@40:0.015317675792594824	Recall@80:0.4798127303618199	NDCG@80:0.1772962507664976	Precision@80:0.010210375320109696	
Test: time=2s
Recall@20:0.265722503610542	NDCG@20:0.1543269026879726	Precision@20:0.03948969388177323	Recall@40:0.3737536833551374	NDCG@40:0.18327141774993927	Precision@40:0.0283203795375998	Recall@80:0.4973963524450036	NDCG@80:0.2115819015064607	Precision@80:0.019385772284803943	
U-B Train Epoch: 137 [2048/34416 (6%)]	Loss: 0.273052
Train Epoch: 137: time = 3s
U-B Train Epoch: 138 [2048/34416 (6%)]	Loss: 0.282285
Train Epoch: 138: time = 3s
U-B Train Epoch: 139 [2048/34416 (6%)]	Loss: 0.267498
Train Epoch: 139: time = 4s
U-B Train Epoch: 140 [2048/34416 (6%)]	Loss: 0.260667
Train Epoch: 140: time = 4s
U-B Train Epoch: 141 [2048/34416 (6%)]	Loss: 0.261557
Train Epoch: 141: time = 4s
Test: time=2s
Recall@20:0.2703457826212799	NDCG@20:0.13309970454776476	Precision@20:0.02179790598671756	Recall@40:0.3690183793583928	NDCG@40:0.15600879613754515	Precision@40:0.015334573135298625	Recall@80:0.47825200221715003	NDCG@80:0.177462501435636	Precision@80:0.010193477816257818	
Test: time=2s
Recall@20:0.2681009151436824	NDCG@20:0.15504147709121008	Precision@20:0.039726259902587976	Recall@40:0.3777734073846475	NDCG@40:0.18425659200314454	Precision@40:0.028438662870303326	Recall@80:0.4980908000980853	NDCG@80:0.21199351752598006	Precision@80:0.019428016930748054	
U-B Train Epoch: 142 [2048/34416 (6%)]	Loss: 0.287397
Train Epoch: 142: time = 3s
U-B Train Epoch: 143 [2048/34416 (6%)]	Loss: 0.270760
Train Epoch: 143: time = 4s
U-B Train Epoch: 144 [2048/34416 (6%)]	Loss: 0.254337
Train Epoch: 144: time = 2s
U-B Train Epoch: 145 [2048/34416 (6%)]	Loss: 0.251771
Train Epoch: 145: time = 2s
U-B Train Epoch: 146 [2048/34416 (6%)]	Loss: 0.248396
Train Epoch: 146: time = 3s
Test: time=2s
Recall@20:0.2711649202099923	NDCG@20:0.13416033735465424	Precision@20:0.021848598014828965	Recall@40:0.3710479787895509	NDCG@40:0.1573345110842649	Precision@40:0.015444407152057943	Recall@80:0.4787955224493864	NDCG@80:0.17846592538620257	Precision@80:0.010210375320109696	
Test: time=2s
Recall@20:0.2681217019563593	NDCG@20:0.15474921120466031	Precision@20:0.039912133250699006	Recall@40:0.3785680710926939	NDCG@40:0.1842014174801387	Precision@40:0.028599189559766352	Recall@80:0.49798467442086114	NDCG@80:0.21179129602780974	Precision@80:0.01948715859709982	
U-B Train Epoch: 147 [2048/34416 (6%)]	Loss: 0.247846
Train Epoch: 147: time = 2s
U-B Train Epoch: 148 [2048/34416 (6%)]	Loss: 0.266733
Train Epoch: 148: time = 2s
U-B Train Epoch: 149 [2048/34416 (6%)]	Loss: 0.257661
Train Epoch: 149: time = 4s
U-B Train Epoch: 150 [2048/34416 (6%)]	Loss: 0.267824
Train Epoch: 150: time = 3s
U-B Train Epoch: 151 [2048/34416 (6%)]	Loss: 0.230679
Train Epoch: 151: time = 4s
Test: time=2s
Recall@20:0.26963848953272856	NDCG@20:0.13347080665168104	Precision@20:0.021797905342125255	Recall@40:0.37299777253651467	NDCG@40:0.15732963538806397	Precision@40:0.015469754133002103	Recall@80:0.4807481627159725	NDCG@80:0.1785620057369334	Precision@80:0.010290638987137361	
Test: time=2s
Recall@20:0.2699070937249176	NDCG@20:0.15534812512128648	Precision@20:0.0399290299488105	Recall@40:0.3793298966903145	NDCG@40:0.18466488450473528	Precision@40:0.02871747224787757	Recall@80:0.4986101558539625	NDCG@80:0.21220290689059068	Precision@80:0.019520953282507417	
