nohup: ignoring input
>>>>>>>>>>B-I statistics>>>>>>>>>>
Average interactions 37.02934265136719
Non-zero rows 1.0
Non-zero columns 0.8566981995727799
Matrix density 0.0011299769286862884
finish loading assist data
>>>>>>>>>>U-I statistics>>>>>>>>>>
Average interactions 17.230377197265625
Non-zero rows 0.9958950118173903
Non-zero columns 0.641867561794324
Matrix density 0.0005257972814327529
finish loading item data
>>>>>>>>>>U-B statistics in train>>>>>>>>>>
Average interactions 4.281129360198975
Non-zero rows 0.3680806070406767
Non-zero columns 0.8645986166422134
Matrix density 0.0008973233061660289
finish loading bundle train data
>>>>>>>>>>U-B statistics in test>>>>>>>>>>
Average interactions 1.2123398780822754
Non-zero rows 0.3680806070406767
Non-zero columns 0.5017815971494446
Matrix density 0.0002541060245785134
finish loading bundle test data
>>>>>>>>>>B-I statistics>>>>>>>>>>
Average interactions 37.02934265136719
Non-zero rows 1.0
Non-zero columns 0.8566981995727799
Matrix density 0.0011299769286862884
finish loading assist data
>>>>>>>>>>U-I statistics>>>>>>>>>>
Average interactions 17.230377197265625
Non-zero rows 0.9958950118173903
Non-zero columns 0.641867561794324
Matrix density 0.0005257972814327529
finish loading item data
>>>>>>>>>>U-B statistics in train>>>>>>>>>>
Average interactions 4.281129360198975
Non-zero rows 0.3680806070406767
Non-zero columns 0.8645986166422134
Matrix density 0.0008973233061660289
finish loading bundle train data
>>>>>>>>>>U-B statistics in test>>>>>>>>>>
Average interactions 0.6454783082008362
Non-zero rows 0.3680806070406767
Non-zero columns 0.34835464263257176
Matrix density 0.00013529203381263145
finish loading bundle test data
IHGCN model
/data/lzm/IHBR - 副本/model/IHGCN.py:169: UserWarning: Creating a tensor from a list of numpy.ndarrays is extremely slow. Please consider converting the list to a single numpy.ndarray with numpy.array() before converting to a tensor. (Triggered internally at  /opt/conda/conda-bld/pytorch_1640811805959/work/torch/csrc/utils/tensor_new.cpp:201.)
  ub_indices = torch.tensor([ub_graph_coo.row, ub_graph_coo.col], dtype=torch.long)
finish generating bi, ui graph
finish generating non-atom graph
U-B Train Epoch: 1 [2048/34416 (6%)]	Loss: 0.947314
Train Epoch: 1: time = 15s
Test: time=3s
Recall@20:0.17331802558963386	NDCG@20:0.0809801545808669	Precision@20:0.012926664735949413	Recall@40:0.2521038925619535	NDCG@40:0.09889717011807858	Precision@40:0.009741466647267704	Recall@80:0.3542699991105657	NDCG@80:0.11839160616231069	Precision@80:0.007025177553724139	
Test: time=3s
Recall@20:0.19030024820826028	NDCG@20:0.10264966422619551	Precision@20:0.02357215275430889	Recall@40:0.26557583049891487	NDCG@40:0.1225986744995736	Precision@40:0.017489017204240835	Recall@80:0.3617630597907734	NDCG@80:0.14420482072124371	Precision@80:0.012576039073514794	
U-B Train Epoch: 2 [2048/34416 (6%)]	Loss: 0.924592
Train Epoch: 2: time = 9s
U-B Train Epoch: 3 [2048/34416 (6%)]	Loss: 0.883026
Train Epoch: 3: time = 9s
U-B Train Epoch: 4 [2048/34416 (6%)]	Loss: 0.830292
Train Epoch: 4: time = 9s
U-B Train Epoch: 5 [2048/34416 (6%)]	Loss: 0.736984
Train Epoch: 5: time = 9s
U-B Train Epoch: 6 [2048/34416 (6%)]	Loss: 0.654784
Train Epoch: 6: time = 9s
Test: time=3s
Recall@20:0.17087430396407147	NDCG@20:0.0726337748711558	Precision@20:0.014430550797318397	Recall@40:0.2617019854433112	NDCG@40:0.09345360356595477	Precision@40:0.0111524165180254	Recall@80:0.36794526208772493	NDCG@80:0.11383015644554352	Precision@80:0.007874282077584326	
Test: time=3s
Recall@20:0.16621809402161572	NDCG@20:0.08336822210674795	Precision@20:0.0256674567683801	Recall@40:0.25740762899436836	NDCG@40:0.1080597119784186	Precision@40:0.020217979627108404	Recall@80:0.3732210283708073	NDCG@80:0.1339981476170423	Precision@80:0.014658668469077391	
U-B Train Epoch: 7 [2048/34416 (6%)]	Loss: 0.605529
Train Epoch: 7: time = 9s
U-B Train Epoch: 8 [2048/34416 (6%)]	Loss: 0.597211
Train Epoch: 8: time = 9s
U-B Train Epoch: 9 [2048/34416 (6%)]	Loss: 0.573513
Train Epoch: 9: time = 9s
U-B Train Epoch: 10 [2048/34416 (6%)]	Loss: 0.543741
Train Epoch: 10: time = 9s
U-B Train Epoch: 11 [2048/34416 (6%)]	Loss: 0.552162
Train Epoch: 11: time = 9s
Test: time=3s
Recall@20:0.21873500420459827	NDCG@20:0.10018611751967646	Precision@20:0.018367692561276905	Recall@40:0.3136434706532903	NDCG@40:0.12232930195335602	Precision@40:0.013475836753522919	Recall@80:0.42383701521708134	NDCG@80:0.14346907017157665	Precision@80:0.00909513378111081	
Test: time=3s
Recall@20:0.21673359666252587	NDCG@20:0.11663311967659577	Precision@20:0.0330348097017062	Recall@40:0.3165036143786039	NDCG@40:0.14369993735181597	Precision@40:0.024552214745936985	Recall@80:0.43550944739235703	NDCG@80:0.1705301638671215	Precision@80:0.017037006196398797	
U-B Train Epoch: 12 [2048/34416 (6%)]	Loss: 0.520464
Train Epoch: 12: time = 9s
U-B Train Epoch: 13 [2048/34416 (6%)]	Loss: 0.533241
Train Epoch: 13: time = 9s
U-B Train Epoch: 14 [2048/34416 (6%)]	Loss: 0.533432
Train Epoch: 14: time = 9s
U-B Train Epoch: 15 [2048/34416 (6%)]	Loss: 0.549299
Train Epoch: 15: time = 9s
U-B Train Epoch: 16 [2048/34416 (6%)]	Loss: 0.503271
Train Epoch: 16: time = 9s
Test: time=3s
Recall@20:0.23728321999784818	NDCG@20:0.11412833968946039	Precision@20:0.019651908977646487	Recall@40:0.333467448067931	NDCG@40:0.13662224163997813	Precision@40:0.014236228777855464	Recall@80:0.4410530031029539	NDCG@80:0.1573573038681974	Precision@80:0.009479553967804956	
Test: time=3s
Recall@20:0.23222949771552362	NDCG@20:0.12836446758862	Precision@20:0.035130112426592794	Recall@40:0.33510136064463025	NDCG@40:0.15604695858041673	Precision@40:0.025684353466491595	Recall@80:0.44900592109084575	NDCG@80:0.18231091333346094	Precision@80:0.01772135888937963	
U-B Train Epoch: 17 [2048/34416 (6%)]	Loss: 0.540765
Train Epoch: 17: time = 9s
U-B Train Epoch: 18 [2048/34416 (6%)]	Loss: 0.501968
Train Epoch: 18: time = 9s
U-B Train Epoch: 19 [2048/34416 (6%)]	Loss: 0.521864
Train Epoch: 19: time = 9s
U-B Train Epoch: 20 [2048/34416 (6%)]	Loss: 0.514813
Train Epoch: 20: time = 9s
U-B Train Epoch: 21 [2048/34416 (6%)]	Loss: 0.512417
Train Epoch: 21: time = 9s
Test: time=3s
Recall@20:0.24301552264905532	NDCG@20:0.11963808782280358	Precision@20:0.020091246656164522	Recall@40:0.3400109624008586	NDCG@40:0.14232502196358038	Precision@40:0.014455897778262557	Recall@80:0.4449592737299077	NDCG@80:0.16287633670911308	Precision@80:0.009652754308888139	
Test: time=3s
Recall@20:0.24231269013926	NDCG@20:0.13618706190412855	Precision@20:0.036549512419035084	Recall@40:0.33759911973237106	NDCG@40:0.16246684010909512	Precision@40:0.026326462802712922	Recall@80:0.4603250960555984	NDCG@80:0.1900544471134806	Precision@80:0.018004394214110587	
U-B Train Epoch: 22 [2048/34416 (6%)]	Loss: 0.510997
Train Epoch: 22: time = 9s
U-B Train Epoch: 23 [2048/34416 (6%)]	Loss: 0.487858
Train Epoch: 23: time = 9s
U-B Train Epoch: 24 [2048/34416 (6%)]	Loss: 0.516920
Train Epoch: 24: time = 9s
U-B Train Epoch: 25 [2048/34416 (6%)]	Loss: 0.495471
Train Epoch: 25: time = 9s
U-B Train Epoch: 26 [2048/34416 (6%)]	Loss: 0.502872
Train Epoch: 26: time = 8s
Test: time=3s
Recall@20:0.24845709354340043	NDCG@20:0.12149361381260033	Precision@20:0.020547482644274816	Recall@40:0.3411647001203954	NDCG@40:0.14326117626111545	Precision@40:0.014557283123669974	Recall@80:0.45237692226707715	NDCG@80:0.1649208365360117	Precision@80:0.009813281965239623	
Test: time=3s
Recall@20:0.24382884343680034	NDCG@20:0.14097324228238398	Precision@20:0.03729300645607152	Recall@40:0.3495200499766338	NDCG@40:0.16950317877859392	Precision@40:0.02712064951245307	Recall@80:0.462968646452692	NDCG@80:0.19530399138156365	Precision@80:0.018262082557897383	
U-B Train Epoch: 27 [2048/34416 (6%)]	Loss: 0.512240
Train Epoch: 27: time = 9s
U-B Train Epoch: 28 [2048/34416 (6%)]	Loss: 0.495427
Train Epoch: 28: time = 9s
U-B Train Epoch: 29 [2048/34416 (6%)]	Loss: 0.501785
Train Epoch: 29: time = 9s
U-B Train Epoch: 30 [2048/34416 (6%)]	Loss: 0.470587
Train Epoch: 30: time = 9s
U-B Train Epoch: 31 [2048/34416 (6%)]	Loss: 0.521203
Train Epoch: 31: time = 9s
Test: time=3s
Recall@20:0.25080438416001766	NDCG@20:0.12508336641209156	Precision@20:0.020733356314682	Recall@40:0.34764077462792276	NDCG@40:0.147720215730709	Precision@40:0.014793849144484715	Recall@80:0.4538446022232226	NDCG@80:0.16843112121767673	Precision@80:0.009855525483147201	
Test: time=3s
Recall@20:0.25140627867146575	NDCG@20:0.1441961135683772	Precision@20:0.038222373196626684	Recall@40:0.3486285633475203	NDCG@40:0.1708330010674861	Precision@40:0.027188240172452884	Recall@80:0.46353547514270554	NDCG@80:0.19714414255568288	Precision@80:0.01843950659006421	
U-B Train Epoch: 32 [2048/34416 (6%)]	Loss: 0.517043
Train Epoch: 32: time = 9s
U-B Train Epoch: 33 [2048/34416 (6%)]	Loss: 0.525664
Train Epoch: 33: time = 9s
U-B Train Epoch: 34 [2048/34416 (6%)]	Loss: 0.481822
Train Epoch: 34: time = 9s
U-B Train Epoch: 35 [2048/34416 (6%)]	Loss: 0.483096
Train Epoch: 35: time = 9s
U-B Train Epoch: 36 [2048/34416 (6%)]	Loss: 0.519072
Train Epoch: 36: time = 9s
Test: time=3s
Recall@20:0.2572299020038178	NDCG@20:0.12642948657284317	Precision@20:0.021071308325496467	Recall@40:0.35270161836604164	NDCG@40:0.14887853779072455	Precision@40:0.014979723137188055	Recall@80:0.4565862956664255	NDCG@80:0.16908579236875318	Precision@80:0.009872423953887537	
Test: time=3s
Recall@20:0.2545554421164773	NDCG@20:0.14654337324456373	Precision@20:0.03840824718933002	Recall@40:0.3515896450711811	NDCG@40:0.17300877082827285	Precision@40:0.027171341540564473	Recall@80:0.47277836156640757	NDCG@80:0.200803792166444	Precision@80:0.018692970920471213	
U-B Train Epoch: 37 [2048/34416 (6%)]	Loss: 0.496581
Train Epoch: 37: time = 9s
U-B Train Epoch: 38 [2048/34416 (6%)]	Loss: 0.459549
Train Epoch: 38: time = 9s
U-B Train Epoch: 39 [2048/34416 (6%)]	Loss: 0.472125
Train Epoch: 39: time = 9s
U-B Train Epoch: 40 [2048/34416 (6%)]	Loss: 0.516822
Train Epoch: 40: time = 9s
U-B Train Epoch: 41 [2048/34416 (6%)]	Loss: 0.479443
Train Epoch: 41: time = 9s
Test: time=3s
Recall@20:0.26092282289103425	NDCG@20:0.13060585684613546	Precision@20:0.02117269431549619	Recall@40:0.35456732117916206	NDCG@40:0.15265630765233584	Precision@40:0.015013518467187962	Recall@80:0.46380066557404315	NDCG@80:0.1738826188335309	Precision@80:0.009999155474498733	
Test: time=3s
Recall@20:0.2552374775001188	NDCG@20:0.1477074631165314	Precision@20:0.03849273519203364	Recall@40:0.3546342762711484	NDCG@40:0.17470967975086601	Precision@40:0.027331870163804416	Recall@80:0.47391262744157125	NDCG@80:0.20203330300071023	Precision@80:0.018676072933175105	
U-B Train Epoch: 42 [2048/34416 (6%)]	Loss: 0.460110
Train Epoch: 42: time = 9s
U-B Train Epoch: 43 [2048/34416 (6%)]	Loss: 0.498553
Train Epoch: 43: time = 9s
U-B Train Epoch: 44 [2048/34416 (6%)]	Loss: 0.466753
Train Epoch: 44: time = 10s
U-B Train Epoch: 45 [2048/34416 (6%)]	Loss: 0.491570
Train Epoch: 45: time = 10s
U-B Train Epoch: 46 [2048/34416 (6%)]	Loss: 0.450082
Train Epoch: 46: time = 9s
Test: time=3s
Recall@20:0.2599470596854934	NDCG@20:0.12945773997150511	Precision@20:0.021172693670903884	Recall@40:0.3561036579509811	NDCG@40:0.1519351841912716	Precision@40:0.015021966493947556	Recall@80:0.4660394429435356	NDCG@80:0.17341693441140243	Precision@80:0.01005407296632262	
Test: time=3s
Recall@20:0.25630923854857535	NDCG@20:0.14804167907034155	Precision@20:0.03854342786473735	Recall@40:0.3580961804327106	NDCG@40:0.1756978010800933	Precision@40:0.02755998686867495	Recall@80:0.47941231993494426	NDCG@80:0.2032361483404708	Precision@80:0.018836600911822744	
U-B Train Epoch: 47 [2048/34416 (6%)]	Loss: 0.471929
Train Epoch: 47: time = 10s
U-B Train Epoch: 48 [2048/34416 (6%)]	Loss: 0.451592
Train Epoch: 48: time = 10s
U-B Train Epoch: 49 [2048/34416 (6%)]	Loss: 0.473086
Train Epoch: 49: time = 10s
U-B Train Epoch: 50 [2048/34416 (6%)]	Loss: 0.453202
Train Epoch: 50: time = 10s
U-B Train Epoch: 51 [2048/34416 (6%)]	Loss: 0.493852
Train Epoch: 51: time = 9s
Test: time=3s
Recall@20:0.2597278003234966	NDCG@20:0.1290290087370826	Precision@20:0.021155796328200083	Recall@40:0.35951591303478264	NDCG@40:0.15223763205788352	Precision@40:0.015182493828002889	Recall@80:0.4695503876877218	NDCG@80:0.17363490201041842	Precision@80:0.010113214149230153	
Test: time=3s
Recall@20:0.26236215625594056	NDCG@20:0.15180680718765183	Precision@20:0.039168639213662565	Recall@40:0.3576335023890963	NDCG@40:0.17799607174104032	Precision@40:0.02761912821273056	Recall@80:0.4776583584872159	NDCG@80:0.20547940691567304	Precision@80:0.018853498254526545	
U-B Train Epoch: 52 [2048/34416 (6%)]	Loss: 0.457394
Train Epoch: 52: time = 10s
U-B Train Epoch: 53 [2048/34416 (6%)]	Loss: 0.461449
Train Epoch: 53: time = 9s
U-B Train Epoch: 54 [2048/34416 (6%)]	Loss: 0.464951
Train Epoch: 54: time = 10s
U-B Train Epoch: 55 [2048/34416 (6%)]	Loss: 0.439704
Train Epoch: 55: time = 9s
U-B Train Epoch: 56 [2048/34416 (6%)]	Loss: 0.437777
Train Epoch: 56: time = 9s
Test: time=3s
Recall@20:0.26048200941843214	NDCG@20:0.1306704398384365	Precision@20:0.021088205668200268	Recall@40:0.3552247228232458	NDCG@40:0.15295525151517353	Precision@40:0.01503886415894751	Recall@80:0.4678812855278652	NDCG@80:0.17491908200732273	Precision@80:0.010066745973350472	
Test: time=3s
Recall@20:0.26459826243491785	NDCG@20:0.15247158038934447	Precision@20:0.039219331886366275	Recall@40:0.3611681681301353	NDCG@40:0.17880528260824366	Precision@40:0.027636026200026666	Recall@80:0.4783613663261184	NDCG@80:0.20576661662017626	Precision@80:0.01882392758249874	
U-B Train Epoch: 57 [2048/34416 (6%)]	Loss: 0.484754
Train Epoch: 57: time = 10s
U-B Train Epoch: 58 [2048/34416 (6%)]	Loss: 0.426919
Train Epoch: 58: time = 9s
U-B Train Epoch: 59 [2048/34416 (6%)]	Loss: 0.469895
Train Epoch: 59: time = 9s
U-B Train Epoch: 60 [2048/34416 (6%)]	Loss: 0.460293
Train Epoch: 60: time = 9s
U-B Train Epoch: 61 [2048/34416 (6%)]	Loss: 0.460274
Train Epoch: 61: time = 9s
Test: time=3s
Recall@20:0.26053592311888785	NDCG@20:0.13068580176226793	Precision@20:0.021037512673200406	Recall@40:0.36243528705789013	NDCG@40:0.154397591258594	Precision@40:0.015199391815298995	Recall@80:0.46660322915786584	NDCG@80:0.17492333889491013	Precision@80:0.010066745651054318	
Test: time=3s
Recall@20:0.26408153661564826	NDCG@20:0.1528984835599878	Precision@20:0.038999663208255334	Recall@40:0.3640289873881854	NDCG@40:0.18012218468895874	Precision@40:0.027695167544082275	Recall@80:0.4800281788941049	NDCG@80:0.2069199469573758	Precision@80:0.0188872932622303	
U-B Train Epoch: 62 [2048/34416 (6%)]	Loss: 0.428240
Train Epoch: 62: time = 10s
U-B Train Epoch: 63 [2048/34416 (6%)]	Loss: 0.472112
Train Epoch: 63: time = 10s
U-B Train Epoch: 64 [2048/34416 (6%)]	Loss: 0.436783
Train Epoch: 64: time = 9s
U-B Train Epoch: 65 [2048/34416 (6%)]	Loss: 0.473812
Train Epoch: 65: time = 9s
U-B Train Epoch: 66 [2048/34416 (6%)]	Loss: 0.401715
Train Epoch: 66: time = 9s
Test: time=3s
Recall@20:0.2620693205497925	NDCG@20:0.13091761778238134	Precision@20:0.02102061500820045	Recall@40:0.36299479317930994	NDCG@40:0.15457111808568008	Precision@40:0.015224738473947003	Recall@80:0.4696091229386247	NDCG@80:0.17545884555560104	Precision@80:0.010100540497609996	
Test: time=3s
Recall@20:0.2647942133391375	NDCG@20:0.1531753926794446	Precision@20:0.03918553655636637	Recall@40:0.3620401468177066	NDCG@40:0.17966284563348842	Precision@40:0.027576884855971057	Recall@80:0.48198061289115307	NDCG@80:0.2072073113640324	Precision@80:0.018895742578174505	
U-B Train Epoch: 67 [2048/34416 (6%)]	Loss: 0.449209
Train Epoch: 67: time = 9s
U-B Train Epoch: 68 [2048/34416 (6%)]	Loss: 0.438451
Train Epoch: 68: time = 9s
U-B Train Epoch: 69 [2048/34416 (6%)]	Loss: 0.433234
Train Epoch: 69: time = 9s
U-B Train Epoch: 70 [2048/34416 (6%)]	Loss: 0.420809
Train Epoch: 70: time = 9s
U-B Train Epoch: 71 [2048/34416 (6%)]	Loss: 0.481260
Train Epoch: 71: time = 9s
Test: time=3s
Recall@20:0.26249028057937646	NDCG@20:0.13059321252346523	Precision@20:0.02108820599049642	Recall@40:0.36326421213617355	NDCG@40:0.15415294011648784	Precision@40:0.01523318682300275	Recall@80:0.46882445298968717	NDCG@80:0.17486392295453226	Precision@80:0.010062521154230291	
Test: time=3s
Recall@20:0.2618127882823061	NDCG@20:0.15290224540068434	Precision@20:0.038965867233663125	Recall@40:0.36401807572963313	NDCG@40:0.18056063637535247	Precision@40:0.02773741219002639	Recall@80:0.48381026494579565	NDCG@80:0.20791794601909694	Precision@80:0.01892531357249846	
U-B Train Epoch: 72 [2048/34416 (6%)]	Loss: 0.438264
Train Epoch: 72: time = 9s
U-B Train Epoch: 73 [2048/34416 (6%)]	Loss: 0.409553
Train Epoch: 73: time = 9s
U-B Train Epoch: 74 [2048/34416 (6%)]	Loss: 0.448763
Train Epoch: 74: time = 9s
U-B Train Epoch: 75 [2048/34416 (6%)]	Loss: 0.407931
Train Epoch: 75: time = 9s
U-B Train Epoch: 76 [2048/34416 (6%)]	Loss: 0.392355
Train Epoch: 76: time = 8s
Test: time=3s
Recall@20:0.26248760423212286	NDCG@20:0.1297002072348793	Precision@20:0.021020615330496605	Recall@40:0.3633637268747096	NDCG@40:0.15325298354447633	Precision@40:0.015216289480298949	Recall@80:0.4692581656334488	NDCG@80:0.17401735667402415	Precision@80:0.010058296657406264	
Test: time=3s
Recall@20:0.2621295667250602	NDCG@20:0.15342107516924003	Precision@20:0.0388644812436634	Recall@40:0.36216906012212474	NDCG@40:0.18066918056290793	Precision@40:0.027610680185970966	Recall@80:0.48545920425832734	NDCG@80:0.20883452533748997	Precision@80:0.018971781587230067	
U-B Train Epoch: 77 [2048/34416 (6%)]	Loss: 0.387269
Train Epoch: 77: time = 9s
U-B Train Epoch: 78 [2048/34416 (6%)]	Loss: 0.377782
Train Epoch: 78: time = 9s
U-B Train Epoch: 79 [2048/34416 (6%)]	Loss: 0.433682
Train Epoch: 79: time = 10s
U-B Train Epoch: 80 [2048/34416 (6%)]	Loss: 0.381197
Train Epoch: 80: time = 8s
U-B Train Epoch: 81 [2048/34416 (6%)]	Loss: 0.400955
Train Epoch: 81: time = 8s
Test: time=3s
Recall@20:0.26625482856361155	NDCG@20:0.1304673700567918	Precision@20:0.02113889898549628	Recall@40:0.3630482994974284	NDCG@40:0.15319510689052468	Precision@40:0.015148698820299135	Recall@80:0.47079019137192674	NDCG@80:0.1743112134143846	Precision@80:0.010075194322406219	
Test: time=3s
Recall@20:0.264941376340917	NDCG@20:0.15444350170098112	Precision@20:0.039067254512847455	Recall@40:0.3642111130766306	NDCG@40:0.18157160205589673	Precision@40:0.027745860216785986	Recall@80:0.48466313791742355	NDCG@80:0.2091477404739777	Precision@80:0.01894643525087821	
U-B Train Epoch: 82 [2048/34416 (6%)]	Loss: 0.416503
Train Epoch: 82: time = 9s
U-B Train Epoch: 83 [2048/34416 (6%)]	Loss: 0.428539
Train Epoch: 83: time = 9s
U-B Train Epoch: 84 [2048/34416 (6%)]	Loss: 0.404640
Train Epoch: 84: time = 9s
U-B Train Epoch: 85 [2048/34416 (6%)]	Loss: 0.400087
Train Epoch: 85: time = 9s
U-B Train Epoch: 86 [2048/34416 (6%)]	Loss: 0.366011
Train Epoch: 86: time = 9s
Test: time=3s
Recall@20:0.263888757105573	NDCG@20:0.13027749121209262	Precision@20:0.02102061500820045	Recall@40:0.3661236648585354	NDCG@40:0.15405132400703495	Precision@40:0.015182494472595193	Recall@80:0.46973933058439293	NDCG@80:0.17441428114571011	Precision@80:0.010045623650378414	
Test: time=3s
Recall@20:0.26230744841776416	NDCG@20:0.1533748166470078	Precision@20:0.03889827721825561	Recall@40:0.3648874915181966	NDCG@40:0.18101365842622613	Precision@40:0.027644474226786262	Recall@80:0.48651532491907634	NDCG@80:0.2088741858128802	Precision@80:0.018954883922230114	
U-B Train Epoch: 87 [2048/34416 (6%)]	Loss: 0.355223
Train Epoch: 87: time = 9s
U-B Train Epoch: 88 [2048/34416 (6%)]	Loss: 0.373603
Train Epoch: 88: time = 9s
U-B Train Epoch: 89 [2048/34416 (6%)]	Loss: 0.394077
Train Epoch: 89: time = 9s
U-B Train Epoch: 90 [2048/34416 (6%)]	Loss: 0.386301
Train Epoch: 90: time = 9s
U-B Train Epoch: 91 [2048/34416 (6%)]	Loss: 0.366960
Train Epoch: 91: time = 9s
Test: time=3s
Recall@20:0.2646970294463792	NDCG@20:0.12994201443573236	Precision@20:0.021105103655496373	Recall@40:0.3649323963965867	NDCG@40:0.15342385207289336	Precision@40:0.015207840486650895	Recall@80:0.47001306057459763	NDCG@80:0.17405673868553828	Precision@80:0.010058296979702418	
Test: time=3s
Recall@20:0.26425386450104554	NDCG@20:0.1553863468666502	Precision@20:0.039202433254477864	Recall@40:0.3652100094108414	NDCG@40:0.18265402208272166	Precision@40:0.027728963518674488	Recall@80:0.48853238316233316	NDCG@80:0.2108069571662328	Precision@80:0.019018249924257824	
U-B Train Epoch: 92 [2048/34416 (6%)]	Loss: 0.396377
Train Epoch: 92: time = 9s
U-B Train Epoch: 93 [2048/34416 (6%)]	Loss: 0.363302
Train Epoch: 93: time = 9s
U-B Train Epoch: 94 [2048/34416 (6%)]	Loss: 0.342985
Train Epoch: 94: time = 9s
U-B Train Epoch: 95 [2048/34416 (6%)]	Loss: 0.351398
Train Epoch: 95: time = 9s
U-B Train Epoch: 96 [2048/34416 (6%)]	Loss: 0.339184
Train Epoch: 96: time = 7s
Test: time=3s
Recall@20:0.2663914821324376	NDCG@20:0.1307710761675846	Precision@20:0.021155796005903928	Recall@40:0.36429779784991234	NDCG@40:0.15365341201993654	Precision@40:0.015081109127187776	Recall@80:0.4740919581777786	NDCG@80:0.17518542754807234	Precision@80:0.010092091987406172	
Test: time=3s
Recall@20:0.2624007699134262	NDCG@20:0.1535514813494384	Precision@20:0.0388813785863672	Recall@40:0.36801308351177026	NDCG@40:0.1819585843358583	Precision@40:0.027855695522729915	Recall@80:0.48798586170832103	NDCG@80:0.20948139692166642	Precision@80:0.019014025588581875	
U-B Train Epoch: 97 [2048/34416 (6%)]	Loss: 0.345256
Train Epoch: 97: time = 9s
U-B Train Epoch: 98 [2048/34416 (6%)]	Loss: 0.339637
Train Epoch: 98: time = 9s
U-B Train Epoch: 99 [2048/34416 (6%)]	Loss: 0.392726
Train Epoch: 99: time = 9s
U-B Train Epoch: 100 [2048/34416 (6%)]	Loss: 0.299054
Train Epoch: 100: time = 9s
U-B Train Epoch: 101 [2048/34416 (6%)]	Loss: 0.357905
Train Epoch: 101: time = 8s
Test: time=3s
Recall@20:0.26757995048541	NDCG@20:0.13146865138253394	Precision@20:0.021274079660903607	Recall@40:0.36384208655993894	NDCG@40:0.15398199681536334	Precision@40:0.015064210817595517	Recall@80:0.47264252276225605	NDCG@80:0.17536928847900474	Precision@80:0.010070969825582192	
Test: time=3s
Recall@20:0.26304569225047	NDCG@20:0.15343255406902143	Precision@20:0.03889827721825561	Recall@40:0.36946948052419526	NDCG@40:0.18202446424787855	Precision@40:0.02791483686678552	Recall@80:0.49054046868069345	NDCG@80:0.20976652330383733	Precision@80:0.01909851326898934	
U-B Train Epoch: 102 [2048/34416 (6%)]	Loss: 0.323988
Train Epoch: 102: time = 9s
U-B Train Epoch: 103 [2048/34416 (6%)]	Loss: 0.319296
Train Epoch: 103: time = 9s
U-B Train Epoch: 104 [2048/34416 (6%)]	Loss: 0.357203
Train Epoch: 104: time = 9s
U-B Train Epoch: 105 [2048/34416 (6%)]	Loss: 0.358460
Train Epoch: 105: time = 9s
U-B Train Epoch: 106 [2048/34416 (6%)]	Loss: 0.282834
Train Epoch: 106: time = 9s
Test: time=3s
Recall@20:0.2676925942800302	NDCG@20:0.13216220691986444	Precision@20:0.021307874990903513	Recall@40:0.36500895333555994	NDCG@40:0.15491631273564233	Precision@40:0.015131800833003027	Recall@80:0.4744993714554643	NDCG@80:0.17642712633365631	Precision@80:0.010125887478554156	
Test: time=3s
Recall@20:0.26231237310298033	NDCG@20:0.15335262977984274	Precision@20:0.039033458538255246	Recall@40:0.3716384356551253	NDCG@40:0.18254146595265502	Precision@40:0.02805001689760054	Recall@80:0.4905997092919641	NDCG@80:0.20992514973518292	Precision@80:0.019136533579257504	
U-B Train Epoch: 107 [2048/34416 (6%)]	Loss: 0.298822
Train Epoch: 107: time = 9s
U-B Train Epoch: 108 [2048/34416 (6%)]	Loss: 0.311043
Train Epoch: 108: time = 9s
U-B Train Epoch: 109 [2048/34416 (6%)]	Loss: 0.312600
Train Epoch: 109: time = 9s
U-B Train Epoch: 110 [2048/34416 (6%)]	Loss: 0.309946
Train Epoch: 110: time = 9s
U-B Train Epoch: 111 [2048/34416 (6%)]	Loss: 0.287595
Train Epoch: 111: time = 9s
Test: time=3s
Recall@20:0.26951753307573295	NDCG@20:0.13265627660877038	Precision@20:0.021426158001310883	Recall@40:0.3676675098415322	NDCG@40:0.15552363213593592	Precision@40:0.015241635816650802	Recall@80:0.47653138424021524	NDCG@80:0.17686776963388973	Precision@80:0.01015123381490601	
Test: time=3s
Recall@20:0.26421843255118127	NDCG@20:0.15540809283267812	Precision@20:0.039320717876366	Recall@40:0.37047217737464094	NDCG@40:0.18378991233049594	Precision@40:0.02794863219678543	Recall@80:0.4945676854511659	NDCG@80:0.21222024384524701	Precision@80:0.019208348252637116	
U-B Train Epoch: 112 [2048/34416 (6%)]	Loss: 0.290385
Train Epoch: 112: time = 8s
U-B Train Epoch: 113 [2048/34416 (6%)]	Loss: 0.292662
Train Epoch: 113: time = 9s
U-B Train Epoch: 114 [2048/34416 (6%)]	Loss: 0.281905
Train Epoch: 114: time = 9s
U-B Train Epoch: 115 [2048/34416 (6%)]	Loss: 0.256800
Train Epoch: 115: time = 9s
U-B Train Epoch: 116 [2048/34416 (6%)]	Loss: 0.300633
Train Epoch: 116: time = 8s
Test: time=3s
Recall@20:0.2675865150134521	NDCG@20:0.13187757042784592	Precision@20:0.021443055021718532	Recall@40:0.37020402697543514	NDCG@40:0.15560361057086827	Precision@40:0.015309226154354465	Recall@80:0.475062631682473	NDCG@80:0.17624087267608488	Precision@80:0.010113213988082076	
Test: time=3s
Recall@20:0.26475808522958294	NDCG@20:0.15435769357323526	Precision@20:0.039405204589885	Recall@40:0.37059092159084306	NDCG@40:0.18267787199803565	Precision@40:0.02800777225165643	Recall@80:0.4931372990274639	NDCG@80:0.2108767433076261	Precision@80:0.01924214326034087	
U-B Train Epoch: 117 [2048/34416 (6%)]	Loss: 0.308050
Train Epoch: 117: time = 9s
U-B Train Epoch: 118 [2048/34416 (6%)]	Loss: 0.298546
Train Epoch: 118: time = 9s
U-B Train Epoch: 119 [2048/34416 (6%)]	Loss: 0.277004
Train Epoch: 119: time = 9s
U-B Train Epoch: 120 [2048/34416 (6%)]	Loss: 0.290093
Train Epoch: 120: time = 9s
U-B Train Epoch: 121 [2048/34416 (6%)]	Loss: 0.297465
Train Epoch: 121: time = 9s
Test: time=3s
Recall@20:0.2698278604386907	NDCG@20:0.13246294274931222	Precision@20:0.02157823601942201	Recall@40:0.37256877315169296	NDCG@40:0.15622917451178475	Precision@40:0.01541906081570609	Recall@80:0.478135594003464	NDCG@80:0.17694619846891899	Precision@80:0.010172355654433838	
Test: time=3s
Recall@20:0.2670218418401091	NDCG@20:0.15520478841943408	Precision@20:0.03965866924258816	Recall@40:0.37080011499939275	NDCG@40:0.1831345269711447	Precision@40:0.028109159530840762	Recall@80:0.4957418541684268	NDCG@80:0.21174702542824855	Precision@80:0.019280162281424422	
U-B Train Epoch: 122 [2048/34416 (6%)]	Loss: 0.289895
Train Epoch: 122: time = 9s
U-B Train Epoch: 123 [2048/34416 (6%)]	Loss: 0.263885
Train Epoch: 123: time = 9s
U-B Train Epoch: 124 [2048/34416 (6%)]	Loss: 0.283862
Train Epoch: 124: time = 9s
U-B Train Epoch: 125 [2048/34416 (6%)]	Loss: 0.262769
Train Epoch: 125: time = 9s
U-B Train Epoch: 126 [2048/34416 (6%)]	Loss: 0.261517
Train Epoch: 126: time = 9s
Test: time=3s
Recall@20:0.27146558384510183	NDCG@20:0.13331873959163912	Precision@20:0.021713417661717794	Recall@40:0.371553963122637	NDCG@40:0.15654390572937568	Precision@40:0.015402163150706135	Recall@80:0.4795211889970218	NDCG@80:0.17770319220261543	Precision@80:0.010210375481257772	
Test: time=3s
Recall@20:0.2653970102798137	NDCG@20:0.15486368564142897	Precision@20:0.03947279524988482	Recall@40:0.37243686378223745	NDCG@40:0.18355420812959403	Precision@40:0.028176748901655963	Recall@80:0.4965525862734718	NDCG@80:0.21212746896386026	Precision@80:0.019368874619803987	
U-B Train Epoch: 127 [2048/34416 (6%)]	Loss: 0.254670
Train Epoch: 127: time = 9s
U-B Train Epoch: 128 [2048/34416 (6%)]	Loss: 0.245633
Train Epoch: 128: time = 9s
U-B Train Epoch: 129 [2048/34416 (6%)]	Loss: 0.272531
Train Epoch: 129: time = 9s
U-B Train Epoch: 130 [2048/34416 (6%)]	Loss: 0.255633
Train Epoch: 130: time = 9s
U-B Train Epoch: 131 [2048/34416 (6%)]	Loss: 0.256570
Train Epoch: 131: time = 9s
Test: time=3s
Recall@20:0.27045388332932896	NDCG@20:0.13377447666530473	Precision@20:0.021781007677125302	Recall@40:0.36917743379902945	NDCG@40:0.1566740025052673	Precision@40:0.015334572813002472	Recall@80:0.48033602586587004	NDCG@80:0.17845911849145352	Precision@80:0.010231497481933676	
Test: time=3s
Recall@20:0.2658814549164097	NDCG@20:0.15552975318447163	Precision@20:0.03977695257529168	Recall@40:0.3762078731597457	NDCG@40:0.18484703855524195	Precision@40:0.02837952088165541	Recall@80:0.49619334724635117	NDCG@80:0.2126404767747101	Precision@80:0.0194153432791279	
U-B Train Epoch: 132 [2048/34416 (6%)]	Loss: 0.250114
Train Epoch: 132: time = 9s
U-B Train Epoch: 133 [2048/34416 (6%)]	Loss: 0.242658
Train Epoch: 133: time = 9s
U-B Train Epoch: 134 [2048/34416 (6%)]	Loss: 0.241075
Train Epoch: 134: time = 9s
U-B Train Epoch: 135 [2048/34416 (6%)]	Loss: 0.219121
Train Epoch: 135: time = 9s
U-B Train Epoch: 136 [2048/34416 (6%)]	Loss: 0.260838
Train Epoch: 136: time = 9s
Test: time=3s
Recall@20:0.27047372130213176	NDCG@20:0.13373038397321993	Precision@20:0.02176411001212535	Recall@40:0.3746259714470155	NDCG@40:0.15776067941967964	Precision@40:0.015503548496113552	Recall@80:0.48069128389091015	NDCG@80:0.1786015837045085	Precision@80:0.010261067992813405	
Test: time=3s
Recall@20:0.26588456442969277	NDCG@20:0.15518345241411266	Precision@20:0.03992903123799511	Recall@40:0.37452964357283924	NDCG@40:0.1842607019236862	Precision@40:0.028438661581118713	Recall@80:0.4957696593021291	NDCG@80:0.21231751540255894	Precision@80:0.019470260932099862	
U-B Train Epoch: 137 [2048/34416 (6%)]	Loss: 0.224505
Train Epoch: 137: time = 9s
U-B Train Epoch: 138 [2048/34416 (6%)]	Loss: 0.210368
Train Epoch: 138: time = 9s
U-B Train Epoch: 139 [2048/34416 (6%)]	Loss: 0.229686
Train Epoch: 139: time = 8s
U-B Train Epoch: 140 [2048/34416 (6%)]	Loss: 0.230089
Train Epoch: 140: time = 9s
U-B Train Epoch: 141 [2048/34416 (6%)]	Loss: 0.212100
Train Epoch: 141: time = 9s
Test: time=3s
Recall@20:0.27132785767467893	NDCG@20:0.13426812092328885	Precision@20:0.02193308569523643	Recall@40:0.372996828853379	NDCG@40:0.1577775935217834	Precision@40:0.015486651475705904	Recall@80:0.4809920661310039	NDCG@80:0.17900227259526022	Precision@80:0.010286414651461412	
Test: time=3s
Recall@20:0.267511762932935	NDCG@20:0.15540982549679605	Precision@20:0.040030415938810224	Recall@40:0.37504245027088967	NDCG@40:0.18435372948525686	Precision@40:0.02852315087300694	Recall@80:0.49800537356898444	NDCG@80:0.21268764030453965	Precision@80:0.01952517761818337	
U-B Train Epoch: 142 [2048/34416 (6%)]	Loss: 0.197888
Train Epoch: 142: time = 9s
U-B Train Epoch: 143 [2048/34416 (6%)]	Loss: 0.237056
Train Epoch: 143: time = 9s
U-B Train Epoch: 144 [2048/34416 (6%)]	Loss: 0.219014
Train Epoch: 144: time = 9s
U-B Train Epoch: 145 [2048/34416 (6%)]	Loss: 0.196728
Train Epoch: 145: time = 9s
U-B Train Epoch: 146 [2048/34416 (6%)]	Loss: 0.192385
Train Epoch: 146: time = 9s
Test: time=3s
Recall@20:0.27336763650753	NDCG@20:0.13522783893715412	Precision@20:0.022203447690643384	Recall@40:0.3743242352103091	NDCG@40:0.1585593602269757	Precision@40:0.015588036821113321	Recall@80:0.4830197885093676	NDCG@80:0.17981391228627175	Precision@80:0.010328658491665144	
Test: time=3s
Recall@20:0.2682013013710159	NDCG@20:0.15606216580209478	Precision@20:0.04025008526151347	Recall@40:0.3765038699465613	NDCG@40:0.18518728015792657	Precision@40:0.02872592091922947	Recall@80:0.4959593653960903	NDCG@80:0.21274800508479164	Precision@80:0.019512504288859367	
U-B Train Epoch: 147 [2048/34416 (6%)]	Loss: 0.221997
Train Epoch: 147: time = 9s
U-B Train Epoch: 148 [2048/34416 (6%)]	Loss: 0.187631
Train Epoch: 148: time = 9s
U-B Train Epoch: 149 [2048/34416 (6%)]	Loss: 0.195349
Train Epoch: 149: time = 9s
U-B Train Epoch: 150 [2048/34416 (6%)]	Loss: 0.194751
Train Epoch: 150: time = 9s
U-B Train Epoch: 151 [2048/34416 (6%)]	Loss: 0.206741
Train Epoch: 151: time = 9s
Test: time=3s
Recall@20:0.27430464682364714	NDCG@20:0.13531048082749397	Precision@20:0.02222034438875488	Recall@40:0.3723603532539102	NDCG@40:0.15804553765145135	Precision@40:0.015486651475705904	Recall@80:0.4823508770250718	NDCG@80:0.17963931027921964	Precision@80:0.010332883149637246	
Test: time=3s
Recall@20:0.26963298213606796	NDCG@20:0.15626364730829803	Precision@20:0.040588038561512545	Recall@40:0.37734856433101344	NDCG@40:0.18520447272390642	Precision@40:0.028844204251932994	Recall@80:0.49851506559701336	NDCG@80:0.2129928985936048	Precision@80:0.019609665943183138	
U-B Train Epoch: 152 [2048/34416 (6%)]	Loss: 0.181509
Train Epoch: 152: time = 9s
U-B Train Epoch: 153 [2048/34416 (6%)]	Loss: 0.193490
Train Epoch: 153: time = 9s
U-B Train Epoch: 154 [2048/34416 (6%)]	Loss: 0.170957
Train Epoch: 154: time = 9s
U-B Train Epoch: 155 [2048/34416 (6%)]	Loss: 0.164557
Train Epoch: 155: time = 9s
U-B Train Epoch: 156 [2048/34416 (6%)]	Loss: 0.170651
Train Epoch: 156: time = 9s
Test: time=3s
Recall@20:0.27611832845932166	NDCG@20:0.13445538014485733	Precision@20:0.02233862868834686	Recall@40:0.37385820528670477	NDCG@40:0.1570343837499538	Precision@40:0.015486650831113597	Recall@80:0.4819213000855441	NDCG@80:0.1783354109144968	Precision@80:0.010362453660516973	
Test: time=3s
Recall@20:0.26856316002126723	NDCG@20:0.15607311097944698	Precision@20:0.04058803662773563	Recall@40:0.37683689211542115	NDCG@40:0.18521235737699074	Precision@40:0.028920244227877014	Recall@80:0.49746232775668514	NDCG@80:0.21288119848212023	Precision@80:0.019618114292238885	
U-B Train Epoch: 157 [2048/34416 (6%)]	Loss: 0.201175
Train Epoch: 157: time = 8s
U-B Train Epoch: 158 [2048/34416 (6%)]	Loss: 0.150464
Train Epoch: 158: time = 8s
U-B Train Epoch: 159 [2048/34416 (6%)]	Loss: 0.181120
Train Epoch: 159: time = 8s
U-B Train Epoch: 160 [2048/34416 (6%)]	Loss: 0.156207
Train Epoch: 160: time = 8s
U-B Train Epoch: 161 [2048/34416 (6%)]	Loss: 0.144307
Train Epoch: 161: time = 9s
Test: time=3s
Recall@20:0.27771085820998964	NDCG@20:0.13556930010848128	Precision@20:0.022541399379161695	Recall@40:0.37338453823346146	NDCG@40:0.1576986154941096	Precision@40:0.015562690162465314	Recall@80:0.48232873399018356	NDCG@80:0.17906330001640255	Precision@80:0.010362453660516973	
Test: time=3s
Recall@20:0.26550978299289507	NDCG@20:0.1554219593023601	Precision@20:0.03996282656799502	Recall@40:0.37371090820972563	NDCG@40:0.18461667157863193	Precision@40:0.028649881587877755	Recall@80:0.4934753541730473	NDCG@80:0.21208223405420962	Precision@80:0.019402670272100048	
U-B Train Epoch: 162 [2048/34416 (6%)]	Loss: 0.154519
Train Epoch: 162: time = 8s
U-B Train Epoch: 163 [2048/34416 (6%)]	Loss: 0.155079
Train Epoch: 163: time = 9s
U-B Train Epoch: 164 [2048/34416 (6%)]	Loss: 0.149368
Train Epoch: 164: time = 8s
U-B Train Epoch: 165 [2048/34416 (6%)]	Loss: 0.173456
Train Epoch: 165: time = 8s
U-B Train Epoch: 166 [2048/34416 (6%)]	Loss: 0.153303
Train Epoch: 166: time = 8s
Test: time=3s
Recall@20:0.27606615257972233	NDCG@20:0.13546485552799062	Precision@20:0.022389321683346723	Recall@40:0.3723232041101433	NDCG@40:0.1578479830015749	Precision@40:0.015571138511521062	Recall@80:0.48197013439863023	NDCG@80:0.17936237795443985	Precision@80:0.010366678318489078	
Test: time=3s
Recall@20:0.2668819704664926	NDCG@20:0.15589783859639686	Precision@20:0.03999662189799493	Recall@40:0.37505098982975665	NDCG@40:0.1851369607041679	Precision@40:0.028717472892469873	Recall@80:0.49260985750570296	NDCG@80:0.21212802589161245	Precision@80:0.01938154794912799	
U-B Train Epoch: 167 [2048/34416 (6%)]	Loss: 0.138546
Train Epoch: 167: time = 8s
U-B Train Epoch: 168 [2048/34416 (6%)]	Loss: 0.145231
Train Epoch: 168: time = 7s
U-B Train Epoch: 169 [2048/34416 (6%)]	Loss: 0.142447
Train Epoch: 169: time = 8s
U-B Train Epoch: 170 [2048/34416 (6%)]	Loss: 0.157679
Train Epoch: 170: time = 8s
U-B Train Epoch: 171 [2048/34416 (6%)]	Loss: 0.160571
Train Epoch: 171: time = 8s
Test: time=3s
Recall@20:0.27507872483181606	NDCG@20:0.13361663147983377	Precision@20:0.022118959687939768	Recall@40:0.37447296070383784	NDCG@40:0.15671472526877747	Precision@40:0.015537344148409613	Recall@80:0.4757292742018524	NDCG@80:0.17688746321801602	Precision@80:0.01031598516234114	
Test: time=3s
Recall@20:0.2707058106293828	NDCG@20:0.15805409525890293	Precision@20:0.040790808607735075	Recall@40:0.3786862841648361	NDCG@40:0.18708833241309616	Precision@40:0.028954038913284616	Recall@80:0.49751709231898444	NDCG@80:0.2144028282358905	Precision@80:0.01964346095088689	
U-B Train Epoch: 172 [2048/34416 (6%)]	Loss: 0.181824
Train Epoch: 172: time = 8s
U-B Train Epoch: 173 [2048/34416 (6%)]	Loss: 0.138368
Train Epoch: 173: time = 8s
U-B Train Epoch: 174 [2048/34416 (6%)]	Loss: 0.135526
Train Epoch: 174: time = 8s
U-B Train Epoch: 175 [2048/34416 (6%)]	Loss: 0.138831
Train Epoch: 175: time = 8s
U-B Train Epoch: 176 [2048/34416 (6%)]	Loss: 0.121156
Train Epoch: 176: time = 8s
Test: time=3s
Recall@20:0.2738564643718053	NDCG@20:0.13497090960080738	Precision@20:0.02222034471105103	Recall@40:0.3715177473485288	NDCG@40:0.1577072736579609	Precision@40:0.015511997812057757	Recall@80:0.4826802585365886	NDCG@80:0.179533375401318	Precision@80:0.010370902493016951	
Test: time=3s
Recall@20:0.27051196883118767	NDCG@20:0.15800758405648682	Precision@20:0.040841501280438786	Recall@40:0.3777780897031567	NDCG@40:0.1868172323594991	Precision@40:0.028937140925988508	Recall@80:0.49571174912937754	NDCG@80:0.2139440383730647	Precision@80:0.019558972625887124	
