nohup: ignoring input
>>>>>>>>>>B-I statistics>>>>>>>>>>
Average interactions 37.02934265136719
Non-zero rows 1.0
Non-zero columns 0.8566981995727799
Matrix density 0.0011299769286862884
finish loading assist data
>>>>>>>>>>U-I statistics>>>>>>>>>>
Average interactions 17.230377197265625
Non-zero rows 0.9958950118173903
Non-zero columns 0.641867561794324
Matrix density 0.0005257972814327529
finish loading item data
>>>>>>>>>>U-B statistics in train>>>>>>>>>>
Average interactions 4.281129360198975
Non-zero rows 0.3680806070406767
Non-zero columns 0.8645986166422134
Matrix density 0.0008973233061660289
finish loading bundle train data
>>>>>>>>>>U-B statistics in test>>>>>>>>>>
Average interactions 1.2123398780822754
Non-zero rows 0.3680806070406767
Non-zero columns 0.5017815971494446
Matrix density 0.0002541060245785134
finish loading bundle test data
>>>>>>>>>>B-I statistics>>>>>>>>>>
Average interactions 37.02934265136719
Non-zero rows 1.0
Non-zero columns 0.8566981995727799
Matrix density 0.0011299769286862884
finish loading assist data
>>>>>>>>>>U-I statistics>>>>>>>>>>
Average interactions 17.230377197265625
Non-zero rows 0.9958950118173903
Non-zero columns 0.641867561794324
Matrix density 0.0005257972814327529
finish loading item data
>>>>>>>>>>U-B statistics in train>>>>>>>>>>
Average interactions 4.281129360198975
Non-zero rows 0.3680806070406767
Non-zero columns 0.8645986166422134
Matrix density 0.0008973233061660289
finish loading bundle train data
>>>>>>>>>>U-B statistics in test>>>>>>>>>>
Average interactions 0.6454783082008362
Non-zero rows 0.3680806070406767
Non-zero columns 0.34835464263257176
Matrix density 0.00013529203381263145
finish loading bundle test data
IHGCN model
/data/lzm/IHBR - 副本/model/IHGCN.py:169: UserWarning: Creating a tensor from a list of numpy.ndarrays is extremely slow. Please consider converting the list to a single numpy.ndarray with numpy.array() before converting to a tensor. (Triggered internally at  /opt/conda/conda-bld/pytorch_1640811805959/work/torch/csrc/utils/tensor_new.cpp:201.)
  ub_indices = torch.tensor([ub_graph_coo.row, ub_graph_coo.col], dtype=torch.long)
finish generating bi, ui graph
finish generating non-atom graph
U-B Train Epoch: 1 [2048/34416 (6%)]	Loss: 0.957698
Train Epoch: 1: time = 4s
Test: time=2s
Recall@20:0.014748252779698606	NDCG@20:0.006207615187458993	Precision@20:0.0011152416598599437	Recall@40:0.02896007358645136	NDCG@40:0.00933584984833826	Precision@40:0.0010814464708646032	Recall@80:0.05017528037599472	NDCG@80:0.013378170383423718	Precision@80:0.0009885096558045197	
Test: time=2s
Recall@20:0.012146125656803463	NDCG@20:0.0063042887242592115	Precision@20:0.002078404898738571	Recall@40:0.02263096096790413	NDCG@40:0.009058132893574242	Precision@40:0.0018587360594795538	Recall@80:0.03845467266096945	NDCG@80:0.012650494319275047	Precision@80:0.0016010476754057363	
U-B Train Epoch: 2 [2048/34416 (6%)]	Loss: 0.956785
Train Epoch: 2: time = 2s
U-B Train Epoch: 3 [2048/34416 (6%)]	Loss: 0.951046
Train Epoch: 3: time = 2s
U-B Train Epoch: 4 [2048/34416 (6%)]	Loss: 0.952471
Train Epoch: 4: time = 2s
U-B Train Epoch: 5 [2048/34416 (6%)]	Loss: 0.949140
Train Epoch: 5: time = 3s
U-B Train Epoch: 6 [2048/34416 (6%)]	Loss: 0.950375
Train Epoch: 6: time = 2s
Test: time=2s
Recall@20:0.09503062958248405	NDCG@20:0.039379962355190534	Precision@20:0.0072828658975109374	Recall@40:0.15418980048290173	NDCG@40:0.05268246340324605	Precision@40:0.005973301855604888	Recall@80:0.23582975201286066	NDCG@80:0.06779124939026725	Precision@80:0.00454967905839338	
Test: time=2s
Recall@20:0.1581966945471575	NDCG@20:0.08420151881004918	Precision@20:0.019533626611831424	Recall@40:0.2191250289602431	NDCG@40:0.10015298289678998	Precision@40:0.014202433447855555	Recall@80:0.29831253366318855	NDCG@80:0.11743281636136575	Precision@80:0.009965359822202672	
U-B Train Epoch: 7 [2048/34416 (6%)]	Loss: 0.939458
Train Epoch: 7: time = 3s
U-B Train Epoch: 8 [2048/34416 (6%)]	Loss: 0.942764
Train Epoch: 8: time = 3s
U-B Train Epoch: 9 [2048/34416 (6%)]	Loss: 0.938703
Train Epoch: 9: time = 3s
U-B Train Epoch: 10 [2048/34416 (6%)]	Loss: 0.930182
Train Epoch: 10: time = 3s
U-B Train Epoch: 11 [2048/34416 (6%)]	Loss: 0.934556
Train Epoch: 11: time = 4s
Test: time=2s
Recall@20:0.07823830514632596	NDCG@20:0.03518085344371944	Precision@20:0.006691450039733701	Recall@40:0.14851891458658964	NDCG@40:0.05099640588737815	Precision@40:0.0061591755260120735	Recall@80:0.26423756920755537	NDCG@80:0.07278934206741812	Precision@80:0.00539033474975359	
Test: time=2s
Recall@20:0.17501697752998663	NDCG@20:0.08826823104028164	Precision@20:0.022203446723754926	Recall@40:0.254132156397854	NDCG@40:0.10916607216348033	Precision@40:0.01699898653072294	Recall@80:0.35894753216649683	NDCG@80:0.1325150928452193	Precision@80:0.012605609745542598	
U-B Train Epoch: 12 [2048/34416 (6%)]	Loss: 0.924599
Train Epoch: 12: time = 4s
U-B Train Epoch: 13 [2048/34416 (6%)]	Loss: 0.923898
Train Epoch: 13: time = 3s
U-B Train Epoch: 14 [2048/34416 (6%)]	Loss: 0.921368
Train Epoch: 14: time = 3s
U-B Train Epoch: 15 [2048/34416 (6%)]	Loss: 0.918948
Train Epoch: 15: time = 3s
U-B Train Epoch: 16 [2048/34416 (6%)]	Loss: 0.903885
Train Epoch: 16: time = 3s
Test: time=2s
Recall@20:0.055816529207271516	NDCG@20:0.02395353997305625	Precision@20:0.005339641754753729	Recall@40:0.10393848270933223	NDCG@40:0.03516929654826905	Precision@40:0.004900304156809733	Recall@80:0.20385868527591933	NDCG@80:0.05413933225723891	Precision@80:0.004558127890893357	
Test: time=2s
Recall@20:0.11621744530391918	NDCG@20:0.05603461283290253	Precision@20:0.016238594506390397	Recall@40:0.2089246444985769	NDCG@40:0.07985595465915031	Precision@40:0.014540386103262326	Recall@80:0.3271291822386416	NDCG@80:0.10639672055362084	Precision@80:0.011929706368505976	
U-B Train Epoch: 17 [2048/34416 (6%)]	Loss: 0.911197
Train Epoch: 17: time = 2s
U-B Train Epoch: 18 [2048/34416 (6%)]	Loss: 0.892646
Train Epoch: 18: time = 2s
U-B Train Epoch: 19 [2048/34416 (6%)]	Loss: 0.892328
Train Epoch: 19: time = 2s
U-B Train Epoch: 20 [2048/34416 (6%)]	Loss: 0.881106
Train Epoch: 20: time = 2s
U-B Train Epoch: 21 [2048/34416 (6%)]	Loss: 0.870704
Train Epoch: 21: time = 3s
Test: time=2s
Recall@20:0.1406446291248957	NDCG@20:0.062251286637182775	Precision@20:0.011203108868432956	Recall@40:0.22158789239891802	NDCG@40:0.080453453051073	Precision@40:0.008896586620231543	Recall@80:0.338725542208358	NDCG@80:0.1025004978315296	Precision@80:0.006809733050141072	
Test: time=2s
Recall@20:0.051540410208436194	NDCG@20:0.023079019013430953	Precision@20:0.009074011458138753	Recall@40:0.09633100689484808	NDCG@40:0.03517099053684865	Precision@40:0.008186887429750784	Recall@80:0.18160706752456093	NDCG@80:0.05424462125365014	Precision@80:0.0074560665608902725	
U-B Train Epoch: 22 [2048/34416 (6%)]	Loss: 0.860723
Train Epoch: 22: time = 4s
U-B Train Epoch: 23 [2048/34416 (6%)]	Loss: 0.841196
Train Epoch: 23: time = 3s
U-B Train Epoch: 24 [2048/34416 (6%)]	Loss: 0.838841
Train Epoch: 24: time = 3s
U-B Train Epoch: 25 [2048/34416 (6%)]	Loss: 0.820214
Train Epoch: 25: time = 3s
U-B Train Epoch: 26 [2048/34416 (6%)]	Loss: 0.805693
Train Epoch: 26: time = 3s
Test: time=2s
Recall@20:0.08294938278584997	NDCG@20:0.03550820448947299	Precision@20:0.007316661227510845	Recall@40:0.1439072098752944	NDCG@40:0.04959066480589541	Precision@40:0.00644643486412283	Recall@80:0.2440617011180799	NDCG@80:0.06885915190918133	Precision@80:0.0053945590048555024	
Test: time=2s
Recall@20:0.10350378255015816	NDCG@20:0.051358249067414166	Precision@20:0.015697871804761097	Recall@40:0.17725284392062615	NDCG@40:0.07103864225675706	Precision@40:0.013703954747578066	Recall@80:0.2845629878687109	NDCG@80:0.09466452693649142	Precision@80:0.010882054522618445	
U-B Train Epoch: 27 [2048/34416 (6%)]	Loss: 0.797319
Train Epoch: 27: time = 4s
U-B Train Epoch: 28 [2048/34416 (6%)]	Loss: 0.760631
Train Epoch: 28: time = 4s
U-B Train Epoch: 29 [2048/34416 (6%)]	Loss: 0.757913
Train Epoch: 29: time = 4s
U-B Train Epoch: 30 [2048/34416 (6%)]	Loss: 0.721189
Train Epoch: 30: time = 4s
U-B Train Epoch: 31 [2048/34416 (6%)]	Loss: 0.739965
Train Epoch: 31: time = 4s
Test: time=2s
Recall@20:0.13060611468305777	NDCG@20:0.056150520842959246	Precision@20:0.011067928515321783	Recall@40:0.21778928415724538	NDCG@40:0.07594798488687848	Precision@40:0.009251436618342114	Recall@80:0.3253131491302356	NDCG@80:0.09646777649028916	Precision@80:0.0069111185566965655	
Test: time=2s
Recall@20:0.11146589758106888	NDCG@20:0.054162589147631564	Precision@20:0.018401487246684507	Recall@40:0.1945496172709979	NDCG@40:0.07633294959292294	Precision@40:0.015740115161520598	Recall@80:0.3124293114293786	NDCG@80:0.10272996753564997	Precision@80:0.01250000006445923	
U-B Train Epoch: 32 [2048/34416 (6%)]	Loss: 0.723526
Train Epoch: 32: time = 4s
U-B Train Epoch: 33 [2048/34416 (6%)]	Loss: 0.724666
Train Epoch: 33: time = 4s
U-B Train Epoch: 34 [2048/34416 (6%)]	Loss: 0.687690
Train Epoch: 34: time = 4s
U-B Train Epoch: 35 [2048/34416 (6%)]	Loss: 0.682802
Train Epoch: 35: time = 4s
U-B Train Epoch: 36 [2048/34416 (6%)]	Loss: 0.695477
Train Epoch: 36: time = 5s
Test: time=2s
Recall@20:0.1608732016596612	NDCG@20:0.0692343652228239	Precision@20:0.01360256843528219	Recall@40:0.254375141913442	NDCG@40:0.09065625731225511	Precision@40:0.010831362172210889	Recall@80:0.35931741470177053	NDCG@80:0.11071588864959789	Precision@80:0.007654613560621462	
Test: time=2s
Recall@20:0.15305937122114208	NDCG@20:0.07583414859649255	Precision@20:0.02363974405890101	Recall@40:0.2526684265033584	NDCG@40:0.10244842250832999	Precision@40:0.019516729591423775	Recall@80:0.3702652013636232	NDCG@80:0.129066395090818	Precision@80:0.014489692463670158	
U-B Train Epoch: 37 [2048/34416 (6%)]	Loss: 0.670503
Train Epoch: 37: time = 4s
U-B Train Epoch: 38 [2048/34416 (6%)]	Loss: 0.637952
Train Epoch: 38: time = 3s
U-B Train Epoch: 39 [2048/34416 (6%)]	Loss: 0.643506
Train Epoch: 39: time = 3s
U-B Train Epoch: 40 [2048/34416 (6%)]	Loss: 0.676100
Train Epoch: 40: time = 3s
U-B Train Epoch: 41 [2048/34416 (6%)]	Loss: 0.642958
Train Epoch: 41: time = 3s
Test: time=2s
Recall@20:0.1625140165307708	NDCG@20:0.0698809841268165	Precision@20:0.014092599431096238	Recall@40:0.2599057542105388	NDCG@40:0.09223297521366224	Precision@40:0.01128759783802503	Recall@80:0.3733483173026149	NDCG@80:0.11378512264869228	Precision@80:0.008026360417991605	
Test: time=2s
Recall@20:0.17296886282943721	NDCG@20:0.0860181075570228	Precision@20:0.026106793480009678	Recall@40:0.2723397232060821	NDCG@40:0.1125385842640765	Precision@40:0.020893883971033485	Recall@80:0.3911679426775304	NDCG@80:0.13952403892009152	Precision@80:0.015292328811650664	
U-B Train Epoch: 42 [2048/34416 (6%)]	Loss: 0.621254
Train Epoch: 42: time = 4s
U-B Train Epoch: 43 [2048/34416 (6%)]	Loss: 0.645652
Train Epoch: 43: time = 4s
U-B Train Epoch: 44 [2048/34416 (6%)]	Loss: 0.624362
Train Epoch: 44: time = 5s
U-B Train Epoch: 45 [2048/34416 (6%)]	Loss: 0.634508
Train Epoch: 45: time = 5s
U-B Train Epoch: 46 [2048/34416 (6%)]	Loss: 0.607277
Train Epoch: 46: time = 3s
Test: time=2s
Recall@20:0.18813212331222012	NDCG@20:0.08213377369541942	Precision@20:0.015866847487872177	Recall@40:0.2828210364648239	NDCG@40:0.10403418403978724	Precision@40:0.012098682051617054	Recall@80:0.39395883140551075	NDCG@80:0.1253583082358311	Precision@80:0.008461473599685613	
Test: time=2s
Recall@20:0.17968485717154628	NDCG@20:0.09278688240631403	Precision@20:0.027796553534082	Recall@40:0.28607068927193785	NDCG@40:0.12120833272827602	Precision@40:0.022237243342939444	Recall@80:0.4093230757692369	NDCG@80:0.14881042501095704	Precision@80:0.015976681504631492	
U-B Train Epoch: 47 [2048/34416 (6%)]	Loss: 0.614406
Train Epoch: 47: time = 4s
U-B Train Epoch: 48 [2048/34416 (6%)]	Loss: 0.596050
Train Epoch: 48: time = 4s
U-B Train Epoch: 49 [2048/34416 (6%)]	Loss: 0.614323
Train Epoch: 49: time = 4s
U-B Train Epoch: 50 [2048/34416 (6%)]	Loss: 0.597818
Train Epoch: 50: time = 4s
U-B Train Epoch: 51 [2048/34416 (6%)]	Loss: 0.626917
Train Epoch: 51: time = 3s
Test: time=2s
Recall@20:0.19764586226607384	NDCG@20:0.08646363042101098	Precision@20:0.016508956179501197	Recall@40:0.29299890660643374	NDCG@40:0.108505393412114	Precision@40:0.012512673071487082	Recall@80:0.4005699660496842	NDCG@80:0.12932809698859676	Precision@80:0.008651571605768748	
Test: time=2s
Recall@20:0.18563109485230442	NDCG@20:0.09838310775421648	Precision@20:0.029046976231932437	Recall@40:0.29077271683548866	NDCG@40:0.12636737881499635	Precision@40:0.02266813170551327	Recall@80:0.4162702131770921	NDCG@80:0.15487132019269864	Precision@80:0.016365326832741972	
U-B Train Epoch: 52 [2048/34416 (6%)]	Loss: 0.599207
Train Epoch: 52: time = 4s
U-B Train Epoch: 53 [2048/34416 (6%)]	Loss: 0.595863
Train Epoch: 53: time = 4s
U-B Train Epoch: 54 [2048/34416 (6%)]	Loss: 0.601619
Train Epoch: 54: time = 4s
U-B Train Epoch: 55 [2048/34416 (6%)]	Loss: 0.581779
Train Epoch: 55: time = 4s
U-B Train Epoch: 56 [2048/34416 (6%)]	Loss: 0.583912
Train Epoch: 56: time = 4s
Test: time=2s
Recall@20:0.2014172532422271	NDCG@20:0.09101014235568393	Precision@20:0.017083474211130403	Recall@40:0.2962055573716442	NDCG@40:0.11291512157031514	Precision@40:0.012690098070542367	Recall@80:0.40704254944528345	NDCG@80:0.1344380586604163	Precision@80:0.008803650107324102	
Test: time=2s
Recall@20:0.19728023919675672	NDCG@20:0.1051906032633161	Precision@20:0.030787428314116162	Recall@40:0.3023837889799922	NDCG@40:0.13296692111114264	Precision@40:0.02342007409160546	Recall@80:0.42188597353941365	NDCG@80:0.16026971371603319	Precision@80:0.01659344482679712	
U-B Train Epoch: 57 [2048/34416 (6%)]	Loss: 0.615938
Train Epoch: 57: time = 5s
U-B Train Epoch: 58 [2048/34416 (6%)]	Loss: 0.574523
Train Epoch: 58: time = 3s
U-B Train Epoch: 59 [2048/34416 (6%)]	Loss: 0.601274
Train Epoch: 59: time = 3s
U-B Train Epoch: 60 [2048/34416 (6%)]	Loss: 0.595505
Train Epoch: 60: time = 3s
U-B Train Epoch: 61 [2048/34416 (6%)]	Loss: 0.596142
Train Epoch: 61: time = 2s
Test: time=2s
Recall@20:0.20866698806210923	NDCG@20:0.09331864398570833	Precision@20:0.017421425899648714	Recall@40:0.3059244881050133	NDCG@40:0.11578584176618209	Precision@40:0.013053396417708685	Recall@80:0.41581133564971273	NDCG@80:0.13702356480955877	Precision@80:0.008955728447731381	
Test: time=2s
Recall@20:0.2063620806787819	NDCG@20:0.10918455907081019	Precision@20:0.031666104960336845	Recall@40:0.3121639353554569	NDCG@40:0.13730448329315753	Precision@40:0.023977696069715473	Recall@80:0.42949598904758257	NDCG@80:0.16409698053162095	Precision@80:0.016800440175584058	
U-B Train Epoch: 62 [2048/34416 (6%)]	Loss: 0.572678
Train Epoch: 62: time = 2s
U-B Train Epoch: 63 [2048/34416 (6%)]	Loss: 0.607552
Train Epoch: 63: time = 3s
U-B Train Epoch: 64 [2048/34416 (6%)]	Loss: 0.577363
Train Epoch: 64: time = 4s
U-B Train Epoch: 65 [2048/34416 (6%)]	Loss: 0.607201
Train Epoch: 65: time = 4s
U-B Train Epoch: 66 [2048/34416 (6%)]	Loss: 0.555756
Train Epoch: 66: time = 3s
Test: time=2s
Recall@20:0.21531097113018546	NDCG@20:0.09777810372948526	Precision@20:0.017877661887759008	Recall@40:0.31009443823894	NDCG@40:0.11986993220497845	Precision@40:0.013273065740411932	Recall@80:0.4164247400013729	NDCG@80:0.14044934343993562	Precision@80:0.008968401777055384	
Test: time=2s
Recall@20:0.21311630965810083	NDCG@20:0.11274458049478947	Precision@20:0.03256167701548441	Recall@40:0.3194435483178967	NDCG@40:0.14100462619256796	Precision@40:0.024459276782696857	Recall@80:0.43355626051149565	NDCG@80:0.167125293232775	Precision@80:0.016973640194371087	
U-B Train Epoch: 67 [2048/34416 (6%)]	Loss: 0.590771
Train Epoch: 67: time = 3s
U-B Train Epoch: 68 [2048/34416 (6%)]	Loss: 0.583753
Train Epoch: 68: time = 4s
U-B Train Epoch: 69 [2048/34416 (6%)]	Loss: 0.577631
Train Epoch: 69: time = 4s
U-B Train Epoch: 70 [2048/34416 (6%)]	Loss: 0.571630
Train Epoch: 70: time = 4s
U-B Train Epoch: 71 [2048/34416 (6%)]	Loss: 0.617701
Train Epoch: 71: time = 3s
Test: time=2s
Recall@20:0.21453649605315617	NDCG@20:0.09927165504241561	Precision@20:0.01796215021275878	Recall@40:0.3149793134343185	NDCG@40:0.12261413697980472	Precision@40:0.01348428542487482	Recall@80:0.42277729515289686	NDCG@80:0.14350537361023835	Precision@80:0.00913737762131454	
Test: time=2s
Recall@20:0.2189661085948061	NDCG@20:0.1161350560937632	Precision@20:0.03347414641333577	Recall@40:0.3254896797574666	NDCG@40:0.14432653006205248	Precision@40:0.024856370782159236	Recall@80:0.43743072437571284	NDCG@80:0.17001441524978747	Precision@80:0.017134166883834113	
U-B Train Epoch: 72 [2048/34416 (6%)]	Loss: 0.587123
Train Epoch: 72: time = 3s
U-B Train Epoch: 73 [2048/34416 (6%)]	Loss: 0.566241
Train Epoch: 73: time = 4s
U-B Train Epoch: 74 [2048/34416 (6%)]	Loss: 0.597265
Train Epoch: 74: time = 4s
U-B Train Epoch: 75 [2048/34416 (6%)]	Loss: 0.568010
Train Epoch: 75: time = 4s
U-B Train Epoch: 76 [2048/34416 (6%)]	Loss: 0.552808
Train Epoch: 76: time = 3s
Test: time=2s
Recall@20:0.2174902191110542	NDCG@20:0.101510893939999	Precision@20:0.018232511241277272	Recall@40:0.3169078046947607	NDCG@40:0.12471817908717314	Precision@40:0.013577222098930336	Recall@80:0.42719642404528557	NDCG@80:0.1460472099198486	Precision@80:0.00921764161063836	
Test: time=2s
Recall@20:0.22629858843979703	NDCG@20:0.11912934721301802	Precision@20:0.033812099068742545	Recall@40:0.3293577595794874	NDCG@40:0.14688143354688557	Precision@40:0.025059142762158683	Recall@80:0.4413543010168923	NDCG@80:0.1726048022518693	Precision@80:0.017282021533157745	
U-B Train Epoch: 77 [2048/34416 (6%)]	Loss: 0.547610
Train Epoch: 77: time = 4s
U-B Train Epoch: 78 [2048/34416 (6%)]	Loss: 0.549177
Train Epoch: 78: time = 4s
U-B Train Epoch: 79 [2048/34416 (6%)]	Loss: 0.592033
Train Epoch: 79: time = 4s
U-B Train Epoch: 80 [2048/34416 (6%)]	Loss: 0.554207
Train Epoch: 80: time = 3s
U-B Train Epoch: 81 [2048/34416 (6%)]	Loss: 0.568929
Train Epoch: 81: time = 2s
Test: time=2s
Recall@20:0.22413138659993875	NDCG@20:0.10392144742387499	Precision@20:0.018638053912091553	Recall@40:0.32108673786706077	NDCG@40:0.12654563694960685	Precision@40:0.013720851767985714	Recall@80:0.4294269093793564	NDCG@80:0.14752201133178836	Precision@80:0.009255660954018065	
Test: time=2s
Recall@20:0.2273740262427657	NDCG@20:0.12170075483924837	Precision@20:0.0341331530922609	Recall@40:0.33243877156919305	NDCG@40:0.14993038351530158	Precision@40:0.025287260111621523	Recall@80:0.44490575709831237	NDCG@80:0.175781226794677	Precision@80:0.01742142654424102	
U-B Train Epoch: 82 [2048/34416 (6%)]	Loss: 0.583814
Train Epoch: 82: time = 2s
U-B Train Epoch: 83 [2048/34416 (6%)]	Loss: 0.595315
Train Epoch: 83: time = 3s
U-B Train Epoch: 84 [2048/34416 (6%)]	Loss: 0.575672
Train Epoch: 84: time = 2s
U-B Train Epoch: 85 [2048/34416 (6%)]	Loss: 0.574695
Train Epoch: 85: time = 2s
U-B Train Epoch: 86 [2048/34416 (6%)]	Loss: 0.549632
Train Epoch: 86: time = 3s
Test: time=2s
Recall@20:0.22783101640387377	NDCG@20:0.10585357160655258	Precision@20:0.018925312605610003	Recall@40:0.32255589265040185	NDCG@40:0.12788558707280753	Precision@40:0.013720852090281866	Recall@80:0.43228165915625527	NDCG@80:0.14921239535121267	Precision@80:0.009323251291721726	
Test: time=2s
Recall@20:0.22771095206262937	NDCG@20:0.12332589580385055	Precision@20:0.034403515087667855	Recall@40:0.3348919609665427	NDCG@40:0.15196920577317083	Precision@40:0.02546468414378835	Recall@80:0.44420995837975774	NDCG@80:0.1772863085747732	Precision@80:0.01746367054559283	
U-B Train Epoch: 87 [2048/34416 (6%)]	Loss: 0.539201
Train Epoch: 87: time = 4s
U-B Train Epoch: 88 [2048/34416 (6%)]	Loss: 0.556960
Train Epoch: 88: time = 3s
U-B Train Epoch: 89 [2048/34416 (6%)]	Loss: 0.577958
Train Epoch: 89: time = 4s
U-B Train Epoch: 90 [2048/34416 (6%)]	Loss: 0.571018
Train Epoch: 90: time = 4s
U-B Train Epoch: 91 [2048/34416 (6%)]	Loss: 0.557390
Train Epoch: 91: time = 4s
Test: time=2s
Recall@20:0.22961371635496314	NDCG@20:0.10672023111841654	Precision@20:0.018992903587905972	Recall@40:0.327467861349577	NDCG@40:0.12946546218732838	Precision@40:0.013898276444744846	Recall@80:0.4377615910279022	NDCG@80:0.15085864026790619	Precision@80:0.00941196379124937	
Test: time=2s
Recall@20:0.22793430587495248	NDCG@20:0.12441981535741066	Precision@20:0.0346738764384825	Recall@40:0.33263212347723575	NDCG@40:0.15244800635953737	Precision@40:0.02541399147108464	Recall@80:0.4494050010792022	NDCG@80:0.17924149111341325	Precision@80:0.017586178213972303	
U-B Train Epoch: 92 [2048/34416 (6%)]	Loss: 0.580849
Train Epoch: 92: time = 4s
U-B Train Epoch: 93 [2048/34416 (6%)]	Loss: 0.561027
Train Epoch: 93: time = 5s
U-B Train Epoch: 94 [2048/34416 (6%)]	Loss: 0.544579
Train Epoch: 94: time = 4s
U-B Train Epoch: 95 [2048/34416 (6%)]	Loss: 0.556012
Train Epoch: 95: time = 5s
U-B Train Epoch: 96 [2048/34416 (6%)]	Loss: 0.543954
Train Epoch: 96: time = 4s
Test: time=2s
Recall@20:0.2329838511991356	NDCG@20:0.10882232140028303	Precision@20:0.019313957289128176	Recall@40:0.3315730376918802	NDCG@40:0.1315052461769179	Precision@40:0.013982764769744615	Recall@80:0.43443288542040703	NDCG@80:0.15160696810264368	Precision@80:0.009373944125573512	
Test: time=2s
Recall@20:0.23250673428787175	NDCG@20:0.12689323463968508	Precision@20:0.035163907112000396	Recall@40:0.33637867444429337	NDCG@40:0.15484934217344068	Precision@40:0.02575194412649141	Recall@80:0.45241088454648426	NDCG@80:0.18131454380108883	Precision@80:0.01768333954599992	
U-B Train Epoch: 97 [2048/34416 (6%)]	Loss: 0.552793
Train Epoch: 97: time = 5s
U-B Train Epoch: 98 [2048/34416 (6%)]	Loss: 0.547236
Train Epoch: 98: time = 4s
U-B Train Epoch: 99 [2048/34416 (6%)]	Loss: 0.596428
Train Epoch: 99: time = 5s
U-B Train Epoch: 100 [2048/34416 (6%)]	Loss: 0.528780
Train Epoch: 100: time = 5s
U-B Train Epoch: 101 [2048/34416 (6%)]	Loss: 0.567430
Train Epoch: 101: time = 5s
Test: time=2s
Recall@20:0.23387660638590688	NDCG@20:0.1101526077956354	Precision@20:0.019347752941424236	Recall@40:0.33004795808008935	NDCG@40:0.13244397368693764	Precision@40:0.013965867749336967	Recall@80:0.43625863898078426	NDCG@80:0.1532254388260656	Precision@80:0.00942463679827722	
Test: time=2s
Recall@20:0.2341188441744202	NDCG@20:0.1286456000768643	Precision@20:0.03529908843200003	Recall@40:0.33658638786890893	NDCG@40:0.15627762722622587	Precision@40:0.02580263679919512	Recall@80:0.45278302573319745	NDCG@80:0.18284687378713513	Precision@80:0.017734032218703632	
U-B Train Epoch: 102 [2048/34416 (6%)]	Loss: 0.543099
Train Epoch: 102: time = 2s
U-B Train Epoch: 103 [2048/34416 (6%)]	Loss: 0.533377
Train Epoch: 103: time = 3s
U-B Train Epoch: 104 [2048/34416 (6%)]	Loss: 0.579277
Train Epoch: 104: time = 3s
U-B Train Epoch: 105 [2048/34416 (6%)]	Loss: 0.581514
Train Epoch: 105: time = 3s
U-B Train Epoch: 106 [2048/34416 (6%)]	Loss: 0.515001
Train Epoch: 106: time = 5s
Test: time=2s
Recall@20:0.23428119892766242	NDCG@20:0.11000196141703542	Precision@20:0.019297059301832068	Recall@40:0.3322296245712894	NDCG@40:0.1328376133162333	Precision@40:0.014084150437448185	Recall@80:0.43857077611141326	NDCG@80:0.15356550252127382	Precision@80:0.009466880799629028	
Test: time=2s
Recall@20:0.23535039707711114	NDCG@20:0.12927453910309383	Precision@20:0.035518756465518664	Recall@40:0.33795274822806215	NDCG@40:0.156961333393124	Precision@40:0.02593781811919475	Recall@80:0.4545418860824497	NDCG@80:0.18357639241838988	Precision@80:0.017797398220731342	
U-B Train Epoch: 107 [2048/34416 (6%)]	Loss: 0.534107
Train Epoch: 107: time = 4s
U-B Train Epoch: 108 [2048/34416 (6%)]	Loss: 0.549946
Train Epoch: 108: time = 5s
U-B Train Epoch: 109 [2048/34416 (6%)]	Loss: 0.557128
Train Epoch: 109: time = 4s
U-B Train Epoch: 110 [2048/34416 (6%)]	Loss: 0.555422
Train Epoch: 110: time = 5s
U-B Train Epoch: 111 [2048/34416 (6%)]	Loss: 0.537748
Train Epoch: 111: time = 4s
Test: time=2s
Recall@20:0.23805031062542245	NDCG@20:0.1109231482812302	Precision@20:0.0196519102668311	Recall@40:0.33343069599302444	NDCG@40:0.13311588381463993	Precision@40:0.014177086789207548	Recall@80:0.43735549787525874	NDCG@80:0.1533728880268289	Precision@80:0.009462656463953079	
Test: time=2s
Recall@20:0.23473238775801844	NDCG@20:0.12853595492565056	Precision@20:0.03556945042740699	Recall@40:0.3407236855349939	NDCG@40:0.15684279286809047	Precision@40:0.02600540813460226	Recall@80:0.45817394198578487	NDCG@80:0.18363956246435661	Precision@80:0.01783964222208315	
U-B Train Epoch: 112 [2048/34416 (6%)]	Loss: 0.535582
Train Epoch: 112: time = 4s
U-B Train Epoch: 113 [2048/34416 (6%)]	Loss: 0.547496
Train Epoch: 113: time = 4s
U-B Train Epoch: 114 [2048/34416 (6%)]	Loss: 0.537644
Train Epoch: 114: time = 3s
U-B Train Epoch: 115 [2048/34416 (6%)]	Loss: 0.516537
Train Epoch: 115: time = 3s
U-B Train Epoch: 116 [2048/34416 (6%)]	Loss: 0.562897
Train Epoch: 116: time = 4s
Test: time=2s
Recall@20:0.2358639515022363	NDCG@20:0.1117147669352241	Precision@20:0.019499831604127667	Recall@40:0.33430052432066365	NDCG@40:0.13458432954644464	Precision@40:0.014193984776503656	Recall@80:0.4373498873438292	NDCG@80:0.1547556983816257	Precision@80:0.009483778303480905	
Test: time=2s
Recall@20:0.23738883515796616	NDCG@20:0.13164731174274327	Precision@20:0.03599189108551737	Recall@40:0.341269443791716	NDCG@40:0.1594064628082822	Precision@40:0.02605610016271366	Recall@80:0.45715941557734346	NDCG@80:0.18599327837707788	Precision@80:0.01789455923046281	
U-B Train Epoch: 117 [2048/34416 (6%)]	Loss: 0.563600
Train Epoch: 117: time = 3s
U-B Train Epoch: 118 [2048/34416 (6%)]	Loss: 0.565256
Train Epoch: 118: time = 4s
U-B Train Epoch: 119 [2048/34416 (6%)]	Loss: 0.544954
Train Epoch: 119: time = 4s
U-B Train Epoch: 120 [2048/34416 (6%)]	Loss: 0.558709
Train Epoch: 120: time = 3s
U-B Train Epoch: 121 [2048/34416 (6%)]	Loss: 0.568998
Train Epoch: 121: time = 3s
Test: time=2s
Recall@20:0.23548281180693434	NDCG@20:0.11174952850909038	Precision@20:0.01949983063723921	Recall@40:0.3353200166682288	NDCG@40:0.1349637417343671	Precision@40:0.01425312676515157	Recall@80:0.44081669040691535	NDCG@80:0.15550910044699434	Precision@80:0.009526022627128867	
Test: time=2s
Recall@20:0.2353731743908283	NDCG@20:0.12989561668156208	Precision@20:0.03578911910551792	Recall@40:0.3431954443474886	NDCG@40:0.15855315667062483	Precision@40:0.02609834416406547	Recall@80:0.45740135943176535	NDCG@80:0.18481115796913283	Precision@80:0.017873437229786904	
U-B Train Epoch: 122 [2048/34416 (6%)]	Loss: 0.567242
Train Epoch: 122: time = 3s
U-B Train Epoch: 123 [2048/34416 (6%)]	Loss: 0.539176
Train Epoch: 123: time = 2s
U-B Train Epoch: 124 [2048/34416 (6%)]	Loss: 0.563406
Train Epoch: 124: time = 2s
U-B Train Epoch: 125 [2048/34416 (6%)]	Loss: 0.549363
Train Epoch: 125: time = 2s
U-B Train Epoch: 126 [2048/34416 (6%)]	Loss: 0.551080
Train Epoch: 126: time = 2s
Test: time=2s
Recall@20:0.23732934186651158	NDCG@20:0.11295322986743304	Precision@20:0.01955052459912753	Recall@40:0.33642775112408646	NDCG@40:0.13604092509329985	Precision@40:0.014270023785559218	Recall@80:0.440930829655685	NDCG@80:0.15648019164750285	Precision@80:0.009538695634156717	
Test: time=2s
Recall@20:0.23810231633265302	NDCG@20:0.13225620910500144	Precision@20:0.036110173129036284	Recall@40:0.34266898260603246	NDCG@40:0.16025118555479576	Precision@40:0.026182833455953698	Recall@80:0.4592235032752302	NDCG@80:0.1869461456639173	Precision@80:0.017979047555462577	
U-B Train Epoch: 127 [2048/34416 (6%)]	Loss: 0.543343
Train Epoch: 127: time = 5s
U-B Train Epoch: 128 [2048/34416 (6%)]	Loss: 0.538427
Train Epoch: 128: time = 4s
U-B Train Epoch: 129 [2048/34416 (6%)]	Loss: 0.571354
Train Epoch: 129: time = 4s
U-B Train Epoch: 130 [2048/34416 (6%)]	Loss: 0.550615
Train Epoch: 130: time = 4s
U-B Train Epoch: 131 [2048/34416 (6%)]	Loss: 0.559334
Train Epoch: 131: time = 4s
Test: time=2s
Recall@20:0.2381141510473872	NDCG@20:0.1129104908191904	Precision@20:0.019601216627238932	Recall@40:0.3367150123959741	NDCG@40:0.1359793613713591	Precision@40:0.014346062794614782	Recall@80:0.4444333070353424	NDCG@80:0.15689961496902988	Precision@80:0.00960206163618443	
Test: time=2s
Recall@20:0.23987358379460702	NDCG@20:0.1321478325114455	Precision@20:0.03644812642903536	Recall@40:0.3420143759141866	NDCG@40:0.15943431693099971	Precision@40:0.02614058816541728	Recall@80:0.4587097271103519	NDCG@80:0.1862556016618394	Precision@80:0.01798749622681448	
U-B Train Epoch: 132 [2048/34416 (6%)]	Loss: 0.554403
Train Epoch: 132: time = 4s
U-B Train Epoch: 133 [2048/34416 (6%)]	Loss: 0.548338
Train Epoch: 133: time = 4s
U-B Train Epoch: 134 [2048/34416 (6%)]	Loss: 0.552882
Train Epoch: 134: time = 4s
U-B Train Epoch: 135 [2048/34416 (6%)]	Loss: 0.528191
Train Epoch: 135: time = 3s
U-B Train Epoch: 136 [2048/34416 (6%)]	Loss: 0.573189
Train Epoch: 136: time = 4s
Test: time=2s
Recall@20:0.23877221275399205	NDCG@20:0.11499000232176992	Precision@20:0.01961811461453504	Recall@40:0.3374748681195083	NDCG@40:0.13800125663527849	Precision@40:0.014295370121911073	Recall@80:0.4436715948859676	NDCG@80:0.1587590085126613	Precision@80:0.009589388629156578	
Test: time=2s
Recall@20:0.23992624956435873	NDCG@20:0.13452081142063277	Precision@20:0.03656640847255427	Recall@40:0.3439412531154951	NDCG@40:0.16230972460211432	Precision@40:0.026334910829472518	Recall@80:0.46106971877376224	NDCG@80:0.18911821546486884	Precision@80:0.018071984229518095	
U-B Train Epoch: 137 [2048/34416 (6%)]	Loss: 0.547309
Train Epoch: 137: time = 5s
U-B Train Epoch: 138 [2048/34416 (6%)]	Loss: 0.529153
Train Epoch: 138: time = 4s
U-B Train Epoch: 139 [2048/34416 (6%)]	Loss: 0.549132
Train Epoch: 139: time = 4s
U-B Train Epoch: 140 [2048/34416 (6%)]	Loss: 0.560411
Train Epoch: 140: time = 5s
U-B Train Epoch: 141 [2048/34416 (6%)]	Loss: 0.544325
Train Epoch: 141: time = 5s
Test: time=2s
Recall@20:0.2409756148977431	NDCG@20:0.11562265162131156	Precision@20:0.019803986995757614	Recall@40:0.337405798764759	NDCG@40:0.13813774003173582	Precision@40:0.01435451146596668	Recall@80:0.44505142464594244	NDCG@80:0.15905747022045427	Precision@80:0.00961473512665651	
Test: time=2s
Recall@20:0.23776902601339397	NDCG@20:0.13344963824035913	Precision@20:0.0362284558171475	Recall@40:0.345164312869965	NDCG@40:0.16208117795417581	Precision@40:0.02633491018488021	Recall@80:0.46281450122705625	NDCG@80:0.18906809196717114	Precision@80:0.01813535023154581	
U-B Train Epoch: 142 [2048/34416 (6%)]	Loss: 0.529904
Train Epoch: 142: time = 4s
U-B Train Epoch: 143 [2048/34416 (6%)]	Loss: 0.577976
Train Epoch: 143: time = 2s
U-B Train Epoch: 144 [2048/34416 (6%)]	Loss: 0.550293
Train Epoch: 144: time = 2s
U-B Train Epoch: 145 [2048/34416 (6%)]	Loss: 0.537482
Train Epoch: 145: time = 2s
U-B Train Epoch: 146 [2048/34416 (6%)]	Loss: 0.520554
Train Epoch: 146: time = 3s
Test: time=2s
Recall@20:0.23919331717225256	NDCG@20:0.11495525621811899	Precision@20:0.01977019295494232	Recall@40:0.3369692653850673	NDCG@40:0.13777710610686544	Precision@40:0.014354512110558987	Recall@80:0.44466841305458454	NDCG@80:0.15872127665745	Precision@80:0.009614734965508433	
Test: time=2s
Recall@20:0.23946961006146503	NDCG@20:0.13445226289646656	Precision@20:0.03656640911714658	Recall@40:0.34564219297851895	NDCG@40:0.1626645984501402	Precision@40:0.026394052173528127	Recall@80:0.4623572532290259	NDCG@80:0.189573034639091	Precision@80:0.018207164582629266	
U-B Train Epoch: 147 [2048/34416 (6%)]	Loss: 0.563356
Train Epoch: 147: time = 3s
U-B Train Epoch: 148 [2048/34416 (6%)]	Loss: 0.530430
Train Epoch: 148: time = 3s
U-B Train Epoch: 149 [2048/34416 (6%)]	Loss: 0.537562
Train Epoch: 149: time = 5s
U-B Train Epoch: 150 [2048/34416 (6%)]	Loss: 0.543346
Train Epoch: 150: time = 5s
U-B Train Epoch: 151 [2048/34416 (6%)]	Loss: 0.555826
Train Epoch: 151: time = 4s
Test: time=2s
Recall@20:0.2407187886961653	NDCG@20:0.11557008382959034	Precision@20:0.019854680957645934	Recall@40:0.3406980101342699	NDCG@40:0.13882858054627434	Precision@40:0.014455897778262557	Recall@80:0.44721056134687076	NDCG@80:0.15951981307606958	Precision@80:0.009656978805712164	
Test: time=2s
Recall@20:0.24114454449250433	NDCG@20:0.1358093411264165	Precision@20:0.0367691791633691	Recall@40:0.3460041547635392	NDCG@40:0.16374125582175145	Precision@40:0.026495436874343237	Recall@80:0.4631281237458812	NDCG@80:0.19064316100146006	Precision@80:0.01821561357627732	
U-B Train Epoch: 152 [2048/34416 (6%)]	Loss: 0.529322
Train Epoch: 152: time = 4s
U-B Train Epoch: 153 [2048/34416 (6%)]	Loss: 0.554437
Train Epoch: 153: time = 4s
U-B Train Epoch: 154 [2048/34416 (6%)]	Loss: 0.524605
Train Epoch: 154: time = 5s
U-B Train Epoch: 155 [2048/34416 (6%)]	Loss: 0.521624
Train Epoch: 155: time = 5s
U-B Train Epoch: 156 [2048/34416 (6%)]	Loss: 0.538036
Train Epoch: 156: time = 4s
Test: time=2s
Recall@20:0.23723654635817104	NDCG@20:0.11375998097039752	Precision@20:0.019618114292238885	Recall@40:0.33920591817831985	NDCG@40:0.13752147626860717	Precision@40:0.014405204783262696	Recall@80:0.4481427552692791	NDCG@80:0.1586115567335288	Precision@80:0.009640080979564133	
Test: time=2s
Recall@20:0.24060250940094047	NDCG@20:0.1371155429748556	Precision@20:0.036532613787146666	Recall@40:0.3453213407123923	NDCG@40:0.1652478820450123	Precision@40:0.026478540176231743	Recall@80:0.46220286047994463	NDCG@80:0.1921453034406419	Precision@80:0.01823251091898112	
U-B Train Epoch: 157 [2048/34416 (6%)]	Loss: 0.572857
Train Epoch: 157: time = 4s
U-B Train Epoch: 158 [2048/34416 (6%)]	Loss: 0.518841
Train Epoch: 158: time = 3s
U-B Train Epoch: 159 [2048/34416 (6%)]	Loss: 0.551146
Train Epoch: 159: time = 4s
U-B Train Epoch: 160 [2048/34416 (6%)]	Loss: 0.533807
Train Epoch: 160: time = 4s
U-B Train Epoch: 161 [2048/34416 (6%)]	Loss: 0.520919
Train Epoch: 161: time = 4s
Test: time=2s
Recall@20:0.24099197207209466	NDCG@20:0.11532101594100493	Precision@20:0.019905373952645796	Recall@40:0.3383272512009838	NDCG@40:0.1380058719161879	Precision@40:0.01434606376150324	Recall@80:0.44984187996036984	NDCG@80:0.1596692811399346	Precision@80:0.009716120633212004	
Test: time=2s
Recall@20:0.241363860578624	NDCG@20:0.13389858646786024	Precision@20:0.03649881716796215	Recall@40:0.3433241307554152	NDCG@40:0.16145452594144719	Precision@40:0.026351808816768626	Recall@80:0.46760256381484455	NDCG@80:0.18962964531375412	Precision@80:0.018257858222221434	
U-B Train Epoch: 162 [2048/34416 (6%)]	Loss: 0.529297
Train Epoch: 162: time = 4s
U-B Train Epoch: 163 [2048/34416 (6%)]	Loss: 0.539677
Train Epoch: 163: time = 4s
U-B Train Epoch: 164 [2048/34416 (6%)]	Loss: 0.538985
Train Epoch: 164: time = 3s
U-B Train Epoch: 165 [2048/34416 (6%)]	Loss: 0.555969
Train Epoch: 165: time = 3s
U-B Train Epoch: 166 [2048/34416 (6%)]	Loss: 0.549566
Train Epoch: 166: time = 2s
Test: time=2s
Recall@20:0.24174672778130543	NDCG@20:0.1165988170524512	Precision@20:0.019989862277645563	Recall@40:0.33653743495083854	NDCG@40:0.13879855285830173	Precision@40:0.014362960781910888	Recall@80:0.4493241021664572	NDCG@80:0.16062676112931418	Precision@80:0.009707671478415872	
Test: time=2s
Recall@20:0.24087908591076745	NDCG@20:0.13404343925081583	Precision@20:0.036583306459850376	Recall@40:0.3439657424663764	NDCG@40:0.16185857702566586	Precision@40:0.02640250213406464	Recall@80:0.46851796739687185	NDCG@80:0.19005748443242543	Precision@80:0.018270531229249286	
U-B Train Epoch: 167 [2048/34416 (6%)]	Loss: 0.522274
Train Epoch: 167: time = 2s
U-B Train Epoch: 168 [2048/34416 (6%)]	Loss: 0.542765
Train Epoch: 168: time = 4s
U-B Train Epoch: 169 [2048/34416 (6%)]	Loss: 0.539553
Train Epoch: 169: time = 5s
U-B Train Epoch: 170 [2048/34416 (6%)]	Loss: 0.556880
Train Epoch: 170: time = 4s
U-B Train Epoch: 171 [2048/34416 (6%)]	Loss: 0.557572
Train Epoch: 171: time = 4s
Test: time=2s
Recall@20:0.24413250829368557	NDCG@20:0.11699838435259088	Precision@20:0.020040553983460812	Recall@40:0.3401309906449339	NDCG@40:0.13939692273902185	Precision@40:0.014430551441910702	Recall@80:0.44959687300331086	NDCG@80:0.16065446828498595	Precision@80:0.00970767163956395	
Test: time=2s
Recall@20:0.24205873624099675	NDCG@20:0.13696526788142374	Precision@20:0.036701589147961594	Recall@40:0.34589964830218717	NDCG@40:0.16511709684453812	Precision@40:0.026681312800823493	Recall@80:0.46543206166238066	NDCG@80:0.19229456523496904	Precision@80:0.01826630657127718	
U-B Train Epoch: 172 [2048/34416 (6%)]	Loss: 0.587951
Train Epoch: 172: time = 3s
U-B Train Epoch: 173 [2048/34416 (6%)]	Loss: 0.547214
Train Epoch: 173: time = 4s
U-B Train Epoch: 174 [2048/34416 (6%)]	Loss: 0.539200
Train Epoch: 174: time = 4s
U-B Train Epoch: 175 [2048/34416 (6%)]	Loss: 0.544189
Train Epoch: 175: time = 4s
U-B Train Epoch: 176 [2048/34416 (6%)]	Loss: 0.521641
Train Epoch: 176: time = 4s
Test: time=2s
Recall@20:0.24513657683655796	NDCG@20:0.11820002301555503	Precision@20:0.020108143998868323	Recall@40:0.3403713204402221	NDCG@40:0.14059332731246305	Precision@40:0.014498141457318212	Recall@80:0.4516597127704936	NDCG@80:0.16214166649615053	Precision@80:0.009771037802739737	
Test: time=2s
Recall@20:0.24345260264302235	NDCG@20:0.13713037117625781	Precision@20:0.03688746314066493	Recall@40:0.34494990599884623	NDCG@40:0.1647270308349857	Precision@40:0.02664751682623128	Recall@80:0.4656478402259262	NDCG@80:0.19217113870025768	Precision@80:0.01828320359168483	
U-B Train Epoch: 177 [2048/34416 (6%)]	Loss: 0.502995
Train Epoch: 177: time = 3s
U-B Train Epoch: 178 [2048/34416 (6%)]	Loss: 0.552733
Train Epoch: 178: time = 3s
U-B Train Epoch: 179 [2048/34416 (6%)]	Loss: 0.534321
Train Epoch: 179: time = 3s
U-B Train Epoch: 180 [2048/34416 (6%)]	Loss: 0.514820
Train Epoch: 180: time = 3s
U-B Train Epoch: 181 [2048/34416 (6%)]	Loss: 0.539644
Train Epoch: 181: time = 3s
Test: time=2s
Recall@20:0.24588141613773656	NDCG@20:0.11823211597727537	Precision@20:0.020192632646164246	Recall@40:0.344357278146386	NDCG@40:0.14115798501559068	Precision@40:0.014599527125021782	Recall@80:0.45459708381077857	NDCG@80:0.16252869776512732	Precision@80:0.00982173031429537	
Test: time=2s
Recall@20:0.24163235647930573	NDCG@20:0.13793111467893238	Precision@20:0.0367691791633691	Recall@40:0.34725381813165346	NDCG@40:0.16653198726920915	Precision@40:0.026841838845694216	Recall@80:0.46360362659801135	NDCG@80:0.1931308077251077	Precision@80:0.018295876921008834	
U-B Train Epoch: 182 [2048/34416 (6%)]	Loss: 0.538294
Train Epoch: 182: time = 3s
U-B Train Epoch: 183 [2048/34416 (6%)]	Loss: 0.525524
Train Epoch: 183: time = 3s
U-B Train Epoch: 184 [2048/34416 (6%)]	Loss: 0.574301
Train Epoch: 184: time = 3s
U-B Train Epoch: 185 [2048/34416 (6%)]	Loss: 0.572548
Train Epoch: 185: time = 3s
U-B Train Epoch: 186 [2048/34416 (6%)]	Loss: 0.502671
Train Epoch: 186: time = 3s
Test: time=2s
Recall@20:0.24617631453926317	NDCG@20:0.11863263727402759	Precision@20:0.020226428298460306	Recall@40:0.34122839615368367	NDCG@40:0.14090362889172864	Precision@40:0.014531936465021968	Recall@80:0.454799341406118	NDCG@80:0.16289455288767452	Precision@80:0.0098386281404434	
Test: time=2s
Recall@20:0.24189541717766508	NDCG@20:0.1380644653567836	Precision@20:0.03681987119148051	Recall@40:0.3471595168556866	NDCG@40:0.16645401738390161	Precision@40:0.02670665817028689	Recall@80:0.46524695537911354	NDCG@80:0.19342729955881421	Precision@80:0.018287428249656932	
U-B Train Epoch: 187 [2048/34416 (6%)]	Loss: 0.573210
Train Epoch: 187: time = 2s
U-B Train Epoch: 188 [2048/34416 (6%)]	Loss: 0.522316
Train Epoch: 188: time = 2s
U-B Train Epoch: 189 [2048/34416 (6%)]	Loss: 0.524426
Train Epoch: 189: time = 2s
U-B Train Epoch: 190 [2048/34416 (6%)]	Loss: 0.545578
Train Epoch: 190: time = 2s
U-B Train Epoch: 191 [2048/34416 (6%)]	Loss: 0.526484
Train Epoch: 191: time = 4s
Test: time=2s
Recall@20:0.24591722452950743	NDCG@20:0.11904811569064322	Precision@20:0.020158838283052795	Recall@40:0.3407411875052805	NDCG@40:0.1413151108360484	Precision@40:0.014506590450966266	Recall@80:0.45322878451796955	NDCG@80:0.16314386829970534	Precision@80:0.009800608474767542	
Test: time=2s
Recall@20:0.24117572213315044	NDCG@20:0.13781200433430055	Precision@20:0.03665089518607328	Recall@40:0.34663760335754	NDCG@40:0.16635660659465165	Precision@40:0.026698209498934988	Recall@80:0.4661902569161351	NDCG@80:0.1936134887571551	Precision@80:0.01832544791533279	
U-B Train Epoch: 192 [2048/34416 (6%)]	Loss: 0.538133
Train Epoch: 192: time = 3s
U-B Train Epoch: 193 [2048/34416 (6%)]	Loss: 0.525630
Train Epoch: 193: time = 3s
U-B Train Epoch: 194 [2048/34416 (6%)]	Loss: 0.498909
Train Epoch: 194: time = 4s
U-B Train Epoch: 195 [2048/34416 (6%)]	Loss: 0.522303
Train Epoch: 195: time = 4s
U-B Train Epoch: 196 [2048/34416 (6%)]	Loss: 0.578482
Train Epoch: 196: time = 4s
Test: time=2s
Recall@20:0.24703232280786636	NDCG@20:0.11945008603089885	Precision@20:0.020226428620756458	Recall@40:0.3405900486581589	NDCG@40:0.14149626447929647	Precision@40:0.01454883413002192	Recall@80:0.4552833219362538	NDCG@80:0.16364619134849454	Precision@80:0.009838628301591476	
Test: time=2s
Recall@20:0.2438395178853841	NDCG@20:0.13868258038901446	Precision@20:0.036870565797961136	Recall@40:0.3495402179806971	NDCG@40:0.16719749272776116	Precision@40:0.026791146172990506	Recall@80:0.46695318605578323	NDCG@80:0.19407776023294926	Precision@80:0.01836769223898075	
U-B Train Epoch: 197 [2048/34416 (6%)]	Loss: 0.513170
Train Epoch: 197: time = 4s
U-B Train Epoch: 198 [2048/34416 (6%)]	Loss: 0.547549
Train Epoch: 198: time = 3s
U-B Train Epoch: 199 [2048/34416 (6%)]	Loss: 0.513216
Train Epoch: 199: time = 3s
U-B Train Epoch: 200 [2048/34416 (6%)]	Loss: 0.550925
Train Epoch: 200: time = 3s
U-B Train Epoch: 201 [2048/34416 (6%)]	Loss: 0.525976
Train Epoch: 201: time = 3s
Test: time=2s
Recall@20:0.24563948259679158	NDCG@20:0.11839551754842219	Precision@20:0.020091247945349132	Recall@40:0.34147154152816356	NDCG@40:0.14089636562562705	Precision@40:0.01451503944461432	Recall@80:0.45425767759972224	NDCG@80:0.16276726911260533	Precision@80:0.009813281804091547	
Test: time=2s
Recall@20:0.24060496916517932	NDCG@20:0.13849412480412646	Precision@20:0.03678607779525752	Recall@40:0.3460369258363652	NDCG@40:0.16710586006394026	Precision@40:0.026799594844342405	Recall@80:0.4652188202141507	NDCG@80:0.19429764356029802	Precision@80:0.01834234622492505	
