nohup: ignoring input
>>>>>>>>>>B-I statistics>>>>>>>>>>
Average interactions 37.02934265136719
Non-zero rows 1.0
Non-zero columns 0.8566981995727799
Matrix density 0.0011299769286862884
finish loading assist data
>>>>>>>>>>U-I statistics>>>>>>>>>>
Average interactions 17.230377197265625
Non-zero rows 0.9958950118173903
Non-zero columns 0.641867561794324
Matrix density 0.0005257972814327529
finish loading item data
>>>>>>>>>>U-B statistics in train>>>>>>>>>>
Average interactions 4.281129360198975
Non-zero rows 0.3680806070406767
Non-zero columns 0.8645986166422134
Matrix density 0.0008973233061660289
finish loading bundle train data
>>>>>>>>>>U-B statistics in test>>>>>>>>>>
Average interactions 1.2123398780822754
Non-zero rows 0.3680806070406767
Non-zero columns 0.5017815971494446
Matrix density 0.0002541060245785134
finish loading bundle test data
>>>>>>>>>>B-I statistics>>>>>>>>>>
Average interactions 37.02934265136719
Non-zero rows 1.0
Non-zero columns 0.8566981995727799
Matrix density 0.0011299769286862884
finish loading assist data
>>>>>>>>>>U-I statistics>>>>>>>>>>
Average interactions 17.230377197265625
Non-zero rows 0.9958950118173903
Non-zero columns 0.641867561794324
Matrix density 0.0005257972814327529
finish loading item data
>>>>>>>>>>U-B statistics in train>>>>>>>>>>
Average interactions 4.281129360198975
Non-zero rows 0.3680806070406767
Non-zero columns 0.8645986166422134
Matrix density 0.0008973233061660289
finish loading bundle train data
>>>>>>>>>>U-B statistics in test>>>>>>>>>>
Average interactions 0.6454783082008362
Non-zero rows 0.3680806070406767
Non-zero columns 0.34835464263257176
Matrix density 0.00013529203381263145
finish loading bundle test data
IHGCN model
/data/lzm/IHBR - 副本/model/IHGCN.py:169: UserWarning: Creating a tensor from a list of numpy.ndarrays is extremely slow. Please consider converting the list to a single numpy.ndarray with numpy.array() before converting to a tensor. (Triggered internally at  /opt/conda/conda-bld/pytorch_1640811805959/work/torch/csrc/utils/tensor_new.cpp:201.)
  ub_indices = torch.tensor([ub_graph_coo.row, ub_graph_coo.col], dtype=torch.long)
Traceback (most recent call last):
  File "main.py", line 162, in <module>
    main()
  File "main.py", line 95, in main
    model =IHGCN(info, assist_data, graph, device, pretrain=None).to(device)
  File "/data/lzm/IHBR - 副本/model/IHGCN.py", line 192, in __init__
    self.ui_atom_graph = to_tensor(laplace_transform(atom_graph)).to(device)
RuntimeError: CUDA error: out of memory
CUDA kernel errors might be asynchronously reported at some other API call,so the stacktrace below might be incorrect.
For debugging consider passing CUDA_LAUNCH_BLOCKING=1.
nohup: ignoring input
>>>>>>>>>>B-I statistics>>>>>>>>>>
Average interactions 37.02934265136719
Non-zero rows 1.0
Non-zero columns 0.8566981995727799
Matrix density 0.0011299769286862884
finish loading assist data
>>>>>>>>>>U-I statistics>>>>>>>>>>
Average interactions 17.230377197265625
Non-zero rows 0.9958950118173903
Non-zero columns 0.641867561794324
Matrix density 0.0005257972814327529
finish loading item data
>>>>>>>>>>U-B statistics in train>>>>>>>>>>
Average interactions 4.281129360198975
Non-zero rows 0.3680806070406767
Non-zero columns 0.8645986166422134
Matrix density 0.0008973233061660289
finish loading bundle train data
>>>>>>>>>>U-B statistics in test>>>>>>>>>>
Average interactions 1.2123398780822754
Non-zero rows 0.3680806070406767
Non-zero columns 0.5017815971494446
Matrix density 0.0002541060245785134
finish loading bundle test data
>>>>>>>>>>B-I statistics>>>>>>>>>>
Average interactions 37.02934265136719
Non-zero rows 1.0
Non-zero columns 0.8566981995727799
Matrix density 0.0011299769286862884
finish loading assist data
>>>>>>>>>>U-I statistics>>>>>>>>>>
Average interactions 17.230377197265625
Non-zero rows 0.9958950118173903
Non-zero columns 0.641867561794324
Matrix density 0.0005257972814327529
finish loading item data
>>>>>>>>>>U-B statistics in train>>>>>>>>>>
Average interactions 4.281129360198975
Non-zero rows 0.3680806070406767
Non-zero columns 0.8645986166422134
Matrix density 0.0008973233061660289
finish loading bundle train data
>>>>>>>>>>U-B statistics in test>>>>>>>>>>
Average interactions 0.6454783082008362
Non-zero rows 0.3680806070406767
Non-zero columns 0.34835464263257176
Matrix density 0.00013529203381263145
finish loading bundle test data
IHGCN model
/data/lzm/IHBR - 副本/model/IHGCN.py:169: UserWarning: Creating a tensor from a list of numpy.ndarrays is extremely slow. Please consider converting the list to a single numpy.ndarray with numpy.array() before converting to a tensor. (Triggered internally at  /opt/conda/conda-bld/pytorch_1640811805959/work/torch/csrc/utils/tensor_new.cpp:201.)
  ub_indices = torch.tensor([ub_graph_coo.row, ub_graph_coo.col], dtype=torch.long)
finish generating bi, ui graph
finish generating non-atom graph
U-B Train Epoch: 1 [2048/34416 (6%)]	Loss: 0.967009
Train Epoch: 1: time = 14s
Test: time=3s
Recall@20:0.15421474362676632	NDCG@20:0.0670770578748594	Precision@20:0.011929706046209822	Recall@40:0.23366552045434744	NDCG@40:0.08520584132229005	Precision@40:0.00920074378449033	Recall@80:0.3320510003082492	NDCG@80:0.1039833746958762	Precision@80:0.006699898711085601	
Test: time=3s
Recall@20:0.18609619914135767	NDCG@20:0.09701762661896834	Precision@20:0.023403176748901657	Recall@40:0.2636519338924283	NDCG@40:0.11756546056604981	Precision@40:0.017548158548296444	Recall@80:0.36633541600935443	NDCG@80:0.14065468734323516	Precision@80:0.012850625404597698	
U-B Train Epoch: 2 [2048/34416 (6%)]	Loss: 0.925657
Train Epoch: 2: time = 8s
U-B Train Epoch: 3 [2048/34416 (6%)]	Loss: 0.837057
Train Epoch: 3: time = 8s
U-B Train Epoch: 4 [2048/34416 (6%)]	Loss: 0.738485
Train Epoch: 4: time = 8s
U-B Train Epoch: 5 [2048/34416 (6%)]	Loss: 0.625964
Train Epoch: 5: time = 8s
U-B Train Epoch: 6 [2048/34416 (6%)]	Loss: 0.536365
Train Epoch: 6: time = 8s
Test: time=3s
Recall@20:0.19087140340183023	NDCG@20:0.08303455534558234	Precision@20:0.016407570189501473	Recall@40:0.2943324649523303	NDCG@40:0.10652441428939649	Precision@40:0.012504225044727486	Recall@80:0.40414381268943794	NDCG@80:0.12773042854806707	Precision@80:0.008655796102592775	
Test: time=3s
Recall@20:0.19135124822773214	NDCG@20:0.09528515072197638	Precision@20:0.02913146359004375	Recall@40:0.30078395213094583	NDCG@40:0.12407949124691091	Precision@40:0.022752620352809193	Recall@80:0.41684622086154	NDCG@80:0.1508372655870464	Precision@80:0.016386448833417878	
U-B Train Epoch: 7 [2048/34416 (6%)]	Loss: 0.484175
Train Epoch: 7: time = 8s
U-B Train Epoch: 8 [2048/34416 (6%)]	Loss: 0.485568
Train Epoch: 8: time = 8s
U-B Train Epoch: 9 [2048/34416 (6%)]	Loss: 0.462688
Train Epoch: 9: time = 9s
U-B Train Epoch: 10 [2048/34416 (6%)]	Loss: 0.435645
Train Epoch: 10: time = 9s
U-B Train Epoch: 11 [2048/34416 (6%)]	Loss: 0.443711
Train Epoch: 11: time = 9s
Test: time=3s
Recall@20:0.22816790612656832	NDCG@20:0.1089492261550764	Precision@20:0.018925312605610003	Recall@40:0.33671848288094847	NDCG@40:0.13393648333870184	Precision@40:0.014092599431096238	Recall@80:0.4493200695969922	NDCG@80:0.15577771237429108	Precision@80:0.00959361296483253	
Test: time=3s
Recall@20:0.2348090684587144	NDCG@20:0.12840213756296998	Precision@20:0.03477526307307453	Recall@40:0.34631614259627674	NDCG@40:0.15830885618673302	Precision@40:0.026132139494065378	Recall@80:0.45420075752075234	NDCG@80:0.18347289152103488	Precision@80:0.01789878356613876	
U-B Train Epoch: 12 [2048/34416 (6%)]	Loss: 0.413815
Train Epoch: 12: time = 9s
U-B Train Epoch: 13 [2048/34416 (6%)]	Loss: 0.427961
Train Epoch: 13: time = 9s
U-B Train Epoch: 14 [2048/34416 (6%)]	Loss: 0.430801
Train Epoch: 14: time = 9s
U-B Train Epoch: 15 [2048/34416 (6%)]	Loss: 0.443483
Train Epoch: 15: time = 8s
U-B Train Epoch: 16 [2048/34416 (6%)]	Loss: 0.401768
Train Epoch: 16: time = 9s
Test: time=3s
Recall@20:0.2369026114466062	NDCG@20:0.11427987818381156	Precision@20:0.019685704307646396	Recall@40:0.3373415664306723	NDCG@40:0.13756653842751984	Precision@40:0.014320717102855233	Recall@80:0.45617874831354027	NDCG@80:0.1606028235494466	Precision@80:0.009830179307943424	
Test: time=3s
Recall@20:0.23368380109213946	NDCG@20:0.12904487344291252	Precision@20:0.035704631102814306	Recall@40:0.3433422257506231	NDCG@40:0.15814530507017124	Precision@40:0.026343359500824417	Recall@80:0.46623022163909367	NDCG@80:0.18622332563590424	Precision@80:0.018283204236277134	
U-B Train Epoch: 17 [2048/34416 (6%)]	Loss: 0.434891
Train Epoch: 17: time = 9s
U-B Train Epoch: 18 [2048/34416 (6%)]	Loss: 0.403122
Train Epoch: 18: time = 9s
U-B Train Epoch: 19 [2048/34416 (6%)]	Loss: 0.419264
Train Epoch: 19: time = 9s
U-B Train Epoch: 20 [2048/34416 (6%)]	Loss: 0.412607
Train Epoch: 20: time = 9s
U-B Train Epoch: 21 [2048/34416 (6%)]	Loss: 0.407839
Train Epoch: 21: time = 9s
Test: time=3s
Recall@20:0.24068995737151222	NDCG@20:0.11951974325383101	Precision@20:0.020108145288052933	Recall@40:0.3396602732460819	NDCG@40:0.1424118150283695	Precision@40:0.014422102770558802	Recall@80:0.4539835556973957	NDCG@80:0.16464503353695162	Precision@80:0.009821730636591523	
Test: time=3s
Recall@20:0.2466308965035168	NDCG@20:0.13607095793801088	Precision@20:0.03746198117229414	Recall@40:0.3518674849819275	NDCG@40:0.16433985775570162	Precision@40:0.02702771283839755	Recall@80:0.4744425235708326	NDCG@80:0.1922665280480367	Precision@80:0.0186380535897954	
U-B Train Epoch: 22 [2048/34416 (6%)]	Loss: 0.410173
Train Epoch: 22: time = 9s
U-B Train Epoch: 23 [2048/34416 (6%)]	Loss: 0.388138
Train Epoch: 23: time = 9s
U-B Train Epoch: 24 [2048/34416 (6%)]	Loss: 0.411977
Train Epoch: 24: time = 9s
U-B Train Epoch: 25 [2048/34416 (6%)]	Loss: 0.397934
Train Epoch: 25: time = 9s
U-B Train Epoch: 26 [2048/34416 (6%)]	Loss: 0.402625
Train Epoch: 26: time = 9s
Test: time=3s
Recall@20:0.23962192464495238	NDCG@20:0.11646619863145938	Precision@20:0.020040554950349274	Recall@40:0.34598801932894085	NDCG@40:0.14107049579111133	Precision@40:0.014785401117725121	Recall@80:0.4612933768336537	NDCG@80:0.16323783954441165	Precision@80:0.009961135486526721	
Test: time=3s
Recall@20:0.25086079372188136	NDCG@20:0.14193839034183317	Precision@20:0.03801960186121955	Recall@40:0.356505388502899	NDCG@40:0.17050545793322544	Precision@40:0.027509294195971243	Recall@80:0.4775335654168163	NDCG@80:0.19809964493586832	Precision@80:0.01884082492520254	
U-B Train Epoch: 27 [2048/34416 (6%)]	Loss: 0.407542
Train Epoch: 27: time = 9s
U-B Train Epoch: 28 [2048/34416 (6%)]	Loss: 0.397358
Train Epoch: 28: time = 9s
U-B Train Epoch: 29 [2048/34416 (6%)]	Loss: 0.404876
Train Epoch: 29: time = 9s
U-B Train Epoch: 30 [2048/34416 (6%)]	Loss: 0.380639
Train Epoch: 30: time = 9s
U-B Train Epoch: 31 [2048/34416 (6%)]	Loss: 0.417279
Train Epoch: 31: time = 9s
Test: time=3s
Recall@20:0.24299447799945612	NDCG@20:0.12123483320715138	Precision@20:0.020243325318867952	Recall@40:0.34576969849334127	NDCG@40:0.14519332880585448	Precision@40:0.014869889120428737	Recall@80:0.46121236447266284	NDCG@80:0.16744572006797984	Precision@80:0.009982257648350703	
Test: time=3s
Recall@20:0.25448486699410167	NDCG@20:0.1433239879137602	Precision@20:0.03840824590014541	Recall@40:0.3597251992646243	NDCG@40:0.17192285195441212	Precision@40:0.027754310177322494	Recall@80:0.4761189895531905	NDCG@80:0.1987376263029634	Precision@80:0.018921088269934053	
U-B Train Epoch: 32 [2048/34416 (6%)]	Loss: 0.416540
Train Epoch: 32: time = 9s
U-B Train Epoch: 33 [2048/34416 (6%)]	Loss: 0.420001
Train Epoch: 33: time = 9s
U-B Train Epoch: 34 [2048/34416 (6%)]	Loss: 0.389131
Train Epoch: 34: time = 10s
U-B Train Epoch: 35 [2048/34416 (6%)]	Loss: 0.387388
Train Epoch: 35: time = 9s
U-B Train Epoch: 36 [2048/34416 (6%)]	Loss: 0.417549
Train Epoch: 36: time = 9s
Test: time=3s
Recall@20:0.24668364478108368	NDCG@20:0.12349444637833595	Precision@20:0.02073335599238585	Recall@40:0.3479764318901286	NDCG@40:0.14688875095874082	Precision@40:0.014827644796780776	Recall@80:0.45829982828473514	NDCG@80:0.16838478792273703	Precision@80:0.009910442813823013	
Test: time=3s
Recall@20:0.2542567535121927	NDCG@20:0.14395489939244546	Precision@20:0.038374453148514724	Recall@40:0.35790851125043566	NDCG@40:0.17205125732009335	Precision@40:0.027627576239490154	Recall@80:0.48294552116226447	NDCG@80:0.20033609145958306	Precision@80:0.01893376192155421	
U-B Train Epoch: 37 [2048/34416 (6%)]	Loss: 0.400189
Train Epoch: 37: time = 9s
U-B Train Epoch: 38 [2048/34416 (6%)]	Loss: 0.374510
Train Epoch: 38: time = 9s
U-B Train Epoch: 39 [2048/34416 (6%)]	Loss: 0.381093
Train Epoch: 39: time = 9s
U-B Train Epoch: 40 [2048/34416 (6%)]	Loss: 0.412202
Train Epoch: 40: time = 9s
U-B Train Epoch: 41 [2048/34416 (6%)]	Loss: 0.392000
Train Epoch: 41: time = 9s
Test: time=3s
Recall@20:0.255790517071527	NDCG@20:0.12485358214692596	Precision@20:0.021155796650496234	Recall@40:0.3472844543147627	NDCG@40:0.14623446656304787	Precision@40:0.014819196447725029	Recall@80:0.4676716744235014	NDCG@80:0.1695225139693982	Precision@80:0.01005829681855434	
Test: time=3s
Recall@20:0.25765518338021975	NDCG@20:0.14626530643732574	Precision@20:0.039101047909070444	Recall@40:0.3625173617070009	NDCG@40:0.17452363236283241	Precision@40:0.028016221567600634	Recall@80:0.4826964713222636	NDCG@80:0.20186827705695284	Precision@80:0.01900135193696172	
U-B Train Epoch: 42 [2048/34416 (6%)]	Loss: 0.374810
Train Epoch: 42: time = 9s
U-B Train Epoch: 43 [2048/34416 (6%)]	Loss: 0.403284
Train Epoch: 43: time = 9s
U-B Train Epoch: 44 [2048/34416 (6%)]	Loss: 0.378823
Train Epoch: 44: time = 9s
U-B Train Epoch: 45 [2048/34416 (6%)]	Loss: 0.399345
Train Epoch: 45: time = 9s
U-B Train Epoch: 46 [2048/34416 (6%)]	Loss: 0.367080
Train Epoch: 46: time = 9s
Test: time=3s
Recall@20:0.25316709342458915	NDCG@20:0.12358261887065942	Precision@20:0.021189591658199988	Recall@40:0.3482724286769443	NDCG@40:0.14557420292912646	Precision@40:0.014869888798132584	Recall@80:0.46480901420982595	NDCG@80:0.1680640362130101	Precision@80:0.009965359983350748	
Test: time=3s
Recall@20:0.2565682099533468	NDCG@20:0.14471486082911775	Precision@20:0.03869550781662539	Recall@40:0.36177978309355463	NDCG@40:0.17336194037424224	Precision@40:0.027965530184081537	Recall@80:0.4805253916150938	NDCG@80:0.20054733209329587	Precision@80:0.018992903587905972	
U-B Train Epoch: 47 [2048/34416 (6%)]	Loss: 0.384909
Train Epoch: 47: time = 10s
U-B Train Epoch: 48 [2048/34416 (6%)]	Loss: 0.371849
Train Epoch: 48: time = 9s
U-B Train Epoch: 49 [2048/34416 (6%)]	Loss: 0.386485
Train Epoch: 49: time = 9s
U-B Train Epoch: 50 [2048/34416 (6%)]	Loss: 0.373834
Train Epoch: 50: time = 9s
U-B Train Epoch: 51 [2048/34416 (6%)]	Loss: 0.402484
Train Epoch: 51: time = 9s
Test: time=3s
Recall@20:0.2436353677670349	NDCG@20:0.11841438089765863	Precision@20:0.020446097943459706	Recall@40:0.34083479777829556	NDCG@40:0.14109069731397458	Precision@40:0.014633322132725536	Recall@80:0.4683950410657898	NDCG@80:0.16554849411273737	Precision@80:0.010062521315378367	
Test: time=3s
Recall@20:0.2610033402051342	NDCG@20:0.14962025726514316	Precision@20:0.039084150566366646	Recall@40:0.36559336650367524	NDCG@40:0.1780815034268796	Precision@40:0.028210544231655872	Recall@80:0.4842691115327444	NDCG@80:0.2053384371567675	Precision@80:0.019161879593313204	
U-B Train Epoch: 52 [2048/34416 (6%)]	Loss: 0.377808
Train Epoch: 52: time = 9s
U-B Train Epoch: 53 [2048/34416 (6%)]	Loss: 0.381668
Train Epoch: 53: time = 9s
U-B Train Epoch: 54 [2048/34416 (6%)]	Loss: 0.385441
Train Epoch: 54: time = 9s
U-B Train Epoch: 55 [2048/34416 (6%)]	Loss: 0.368432
Train Epoch: 55: time = 9s
U-B Train Epoch: 56 [2048/34416 (6%)]	Loss: 0.364385
Train Epoch: 56: time = 9s
Test: time=3s
Recall@20:0.2546556942686111	NDCG@20:0.12530488958226624	Precision@20:0.021223386988199897	Recall@40:0.34792361141822353	NDCG@40:0.14712996255630334	Precision@40:0.01497127414354	Recall@80:0.4667213906626236	NDCG@80:0.17012447551844612	Precision@80:0.010083643154906195	
Test: time=3s
Recall@20:0.257624402808434	NDCG@20:0.15170607545884246	Precision@20:0.0393038205336622	Recall@40:0.36599445762002575	NDCG@40:0.18088247100015314	Precision@40:0.028252787588415373	Recall@80:0.48373791590539456	NDCG@80:0.2079211070997645	Precision@80:0.019161879593313204	
U-B Train Epoch: 57 [2048/34416 (6%)]	Loss: 0.400980
Train Epoch: 57: time = 9s
U-B Train Epoch: 58 [2048/34416 (6%)]	Loss: 0.358057
Train Epoch: 58: time = 9s
U-B Train Epoch: 59 [2048/34416 (6%)]	Loss: 0.392495
Train Epoch: 59: time = 9s
U-B Train Epoch: 60 [2048/34416 (6%)]	Loss: 0.386044
Train Epoch: 60: time = 9s
U-B Train Epoch: 61 [2048/34416 (6%)]	Loss: 0.385676
Train Epoch: 61: time = 9s
Test: time=3s
Recall@20:0.24886557942268292	NDCG@20:0.12258021853267441	Precision@20:0.020767151322385758	Recall@40:0.34656710558624115	NDCG@40:0.14532498033838764	Precision@40:0.01481919548083657	Recall@80:0.4641098945517119	NDCG@80:0.1681769120608604	Precision@80:0.010032950321054411	
Test: time=3s
Recall@20:0.2591468215431866	NDCG@20:0.1505751898257303	Precision@20:0.039320717876366	Recall@40:0.3600414929739645	NDCG@40:0.17817369559682192	Precision@40:0.028100710214896556	Recall@80:0.4836471366817865	NDCG@80:0.20628598268953036	Precision@80:0.019170328586961258	
U-B Train Epoch: 62 [2048/34416 (6%)]	Loss: 0.364425
Train Epoch: 62: time = 9s
U-B Train Epoch: 63 [2048/34416 (6%)]	Loss: 0.392161
Train Epoch: 63: time = 9s
U-B Train Epoch: 64 [2048/34416 (6%)]	Loss: 0.372315
Train Epoch: 64: time = 9s
U-B Train Epoch: 65 [2048/34416 (6%)]	Loss: 0.397557
Train Epoch: 65: time = 10s
U-B Train Epoch: 66 [2048/34416 (6%)]	Loss: 0.346715
Train Epoch: 66: time = 9s
Test: time=3s
Recall@20:0.2531519480837725	NDCG@20:0.1268955577503551	Precision@20:0.0209699233023852	Recall@40:0.34888167669741676	NDCG@40:0.14928635587237823	Precision@40:0.014852991133132631	Recall@80:0.46569827312793066	NDCG@80:0.1720379967671788	Precision@80:0.010041399314702463	
Test: time=3s
Recall@20:0.2618596681915211	NDCG@20:0.1529804834363911	Precision@20:0.039607975925292145	Recall@40:0.36129894817387104	NDCG@40:0.180281177248734	Precision@40:0.028185197573007865	Recall@80:0.48323776384349126	NDCG@80:0.2081475137012478	Precision@80:0.01921679627939671	
U-B Train Epoch: 67 [2048/34416 (6%)]	Loss: 0.381832
Train Epoch: 67: time = 9s
U-B Train Epoch: 68 [2048/34416 (6%)]	Loss: 0.374605
Train Epoch: 68: time = 9s
U-B Train Epoch: 69 [2048/34416 (6%)]	Loss: 0.372973
Train Epoch: 69: time = 9s
U-B Train Epoch: 70 [2048/34416 (6%)]	Loss: 0.367037
Train Epoch: 70: time = 9s
U-B Train Epoch: 71 [2048/34416 (6%)]	Loss: 0.404722
Train Epoch: 71: time = 9s
Test: time=3s
Recall@20:0.25610567114167054	NDCG@20:0.1286724202735233	Precision@20:0.021172693993200035	Recall@40:0.34803250110725487	NDCG@40:0.150243005626868	Precision@40:0.014895234812188286	Recall@80:0.46175926752532	NDCG@80:0.17236597048909974	Precision@80:0.009999155474498733	
Test: time=3s
Recall@20:0.263966108182267	NDCG@20:0.15381288673475652	Precision@20:0.04016559790340216	Recall@40:0.3628585830899903	NDCG@40:0.18069881891712783	Precision@40:0.028227442863544287	Recall@80:0.486525050527786	NDCG@80:0.2088109332590983	Precision@80:0.019297059946424375	
U-B Train Epoch: 72 [2048/34416 (6%)]	Loss: 0.376401
Train Epoch: 72: time = 9s
U-B Train Epoch: 73 [2048/34416 (6%)]	Loss: 0.355317
Train Epoch: 73: time = 9s
U-B Train Epoch: 74 [2048/34416 (6%)]	Loss: 0.387932
Train Epoch: 74: time = 9s
U-B Train Epoch: 75 [2048/34416 (6%)]	Loss: 0.357493
Train Epoch: 75: time = 9s
U-B Train Epoch: 76 [2048/34416 (6%)]	Loss: 0.347969
Train Epoch: 76: time = 9s
Test: time=3s
Recall@20:0.2585788841544071	NDCG@20:0.12936018479357864	Precision@20:0.02132477297819962	Recall@40:0.3514195448967926	NDCG@40:0.15113241151201842	Precision@40:0.015030416132187916	Recall@80:0.46448687275908773	NDCG@80:0.17303828284240083	Precision@80:0.010037174979026514	
Test: time=3s
Recall@20:0.25939800627290416	NDCG@20:0.15190578820375866	Precision@20:0.03955728518636535	Recall@40:0.3607522926446593	NDCG@40:0.1794970152385334	Precision@40:0.02809226218813696	Recall@80:0.4838512507029666	NDCG@80:0.20746694798806342	Precision@80:0.019178777258313157	
U-B Train Epoch: 77 [2048/34416 (6%)]	Loss: 0.345180
Train Epoch: 77: time = 9s
U-B Train Epoch: 78 [2048/34416 (6%)]	Loss: 0.339994
Train Epoch: 78: time = 9s
U-B Train Epoch: 79 [2048/34416 (6%)]	Loss: 0.376425
Train Epoch: 79: time = 10s
U-B Train Epoch: 80 [2048/34416 (6%)]	Loss: 0.342370
Train Epoch: 80: time = 9s
U-B Train Epoch: 81 [2048/34416 (6%)]	Loss: 0.356416
Train Epoch: 81: time = 9s
Test: time=3s
Recall@20:0.2579311410814332	NDCG@20:0.1295223874230367	Precision@20:0.021122000675904022	Recall@40:0.3555937854371066	NDCG@40:0.15246814857990848	Precision@40:0.01516559680759524	Recall@80:0.4635842166344996	NDCG@80:0.1734906267821688	Precision@80:0.01004139947585054	
Test: time=3s
Recall@20:0.26098516785884956	NDCG@20:0.1531572822140213	Precision@20:0.03952348792258853	Recall@40:0.35974780640597276	NDCG@40:0.1801069980942345	Precision@40:0.02794863090760082	Recall@80:0.4828942528686317	NDCG@80:0.2082229619414551	Precision@80:0.019140757592637298	
U-B Train Epoch: 82 [2048/34416 (6%)]	Loss: 0.368219
Train Epoch: 82: time = 9s
U-B Train Epoch: 83 [2048/34416 (6%)]	Loss: 0.376906
Train Epoch: 83: time = 9s
U-B Train Epoch: 84 [2048/34416 (6%)]	Loss: 0.361449
Train Epoch: 84: time = 9s
U-B Train Epoch: 85 [2048/34416 (6%)]	Loss: 0.360577
Train Epoch: 85: time = 9s
U-B Train Epoch: 86 [2048/34416 (6%)]	Loss: 0.337428
Train Epoch: 86: time = 9s
Test: time=3s
Recall@20:0.2582741879498326	NDCG@20:0.1294970291617272	Precision@20:0.021172693670903884	Recall@40:0.35579185576082767	NDCG@40:0.15228373072122392	Precision@40:0.015089557476243525	Recall@80:0.4686581688017489	NDCG@80:0.1743158132250787	Precision@80:0.01013856032443393	
Test: time=3s
Recall@20:0.2611448772052689	NDCG@20:0.15300936890679787	Precision@20:0.039134843239070356	Recall@40:0.364307719414683	NDCG@40:0.18112094952633914	Precision@40:0.02801622221219294	Recall@80:0.48301818992044926	NDCG@80:0.20869215294572702	Precision@80:0.019191449943044857	
U-B Train Epoch: 87 [2048/34416 (6%)]	Loss: 0.328472
Train Epoch: 87: time = 8s
U-B Train Epoch: 88 [2048/34416 (6%)]	Loss: 0.343786
Train Epoch: 88: time = 9s
U-B Train Epoch: 89 [2048/34416 (6%)]	Loss: 0.359735
Train Epoch: 89: time = 9s
U-B Train Epoch: 90 [2048/34416 (6%)]	Loss: 0.355409
Train Epoch: 90: time = 9s
U-B Train Epoch: 91 [2048/34416 (6%)]	Loss: 0.340534
Train Epoch: 91: time = 9s
Test: time=3s
Recall@20:0.2508640579373178	NDCG@20:0.12661416742518852	Precision@20:0.020767151000089603	Recall@40:0.3494712105068092	NDCG@40:0.14961557752500318	Precision@40:0.014912132799484392	Recall@80:0.4603173506344521	NDCG@80:0.17138670327978467	Precision@80:0.01002027731402656	
Test: time=3s
Recall@20:0.25625002372099687	NDCG@20:0.15131764929211594	Precision@20:0.03921933317555089	Recall@40:0.35657353995820484	NDCG@40:0.17871754070358045	Precision@40:0.02793173356489702	Recall@80:0.4821990110778293	NDCG@80:0.20730811528718	Precision@80:0.01914498192831325	
U-B Train Epoch: 92 [2048/34416 (6%)]	Loss: 0.362503
Train Epoch: 92: time = 8s
U-B Train Epoch: 93 [2048/34416 (6%)]	Loss: 0.338683
Train Epoch: 93: time = 9s
U-B Train Epoch: 94 [2048/34416 (6%)]	Loss: 0.325431
Train Epoch: 94: time = 8s
U-B Train Epoch: 95 [2048/34416 (6%)]	Loss: 0.333350
Train Epoch: 95: time = 9s
U-B Train Epoch: 96 [2048/34416 (6%)]	Loss: 0.321498
Train Epoch: 96: time = 9s
Test: time=3s
Recall@20:0.2664972932486165	NDCG@20:0.1316760915000119	Precision@20:0.021459952686718485	Recall@40:0.35866967678553513	NDCG@40:0.1533101485685224	Precision@40:0.015089557798539677	Recall@80:0.47195414974706407	NDCG@80:0.17551107815932326	Precision@80:0.010172355654433838	
Test: time=3s
Recall@20:0.262741857221216	NDCG@20:0.15443841200013464	Precision@20:0.038915174560959415	Recall@40:0.3648954328954038	NDCG@40:0.1824626709891961	Precision@40:0.02800777289624873	Recall@80:0.4853259747638296	NDCG@80:0.21024254698655057	Precision@80:0.019183001271692954	
U-B Train Epoch: 97 [2048/34416 (6%)]	Loss: 0.328735
Train Epoch: 97: time = 9s
U-B Train Epoch: 98 [2048/34416 (6%)]	Loss: 0.323603
Train Epoch: 98: time = 9s
U-B Train Epoch: 99 [2048/34416 (6%)]	Loss: 0.362298
Train Epoch: 99: time = 9s
U-B Train Epoch: 100 [2048/34416 (6%)]	Loss: 0.296863
Train Epoch: 100: time = 9s
U-B Train Epoch: 101 [2048/34416 (6%)]	Loss: 0.338132
Train Epoch: 101: time = 9s
Test: time=3s
Recall@20:0.26146448669743	NDCG@20:0.13130192629345852	Precision@20:0.021020615330496605	Recall@40:0.3535440695692696	NDCG@40:0.15306655455779772	Precision@40:0.01492058243772475	Recall@80:0.4678639898271164	NDCG@80:0.17553643642063277	Precision@80:0.010087867651730222	
Test: time=3s
Recall@20:0.2643823291692189	NDCG@20:0.15396887549438684	Precision@20:0.03894897053555163	Recall@40:0.364248313787782	NDCG@40:0.18149130132481148	Precision@40:0.027948632841377736	Recall@80:0.48576332806493433	NDCG@80:0.20950414845169135	Precision@80:0.01920412327236886	
U-B Train Epoch: 102 [2048/34416 (6%)]	Loss: 0.315133
Train Epoch: 102: time = 8s
U-B Train Epoch: 103 [2048/34416 (6%)]	Loss: 0.311159
Train Epoch: 103: time = 9s
U-B Train Epoch: 104 [2048/34416 (6%)]	Loss: 0.342223
Train Epoch: 104: time = 9s
U-B Train Epoch: 105 [2048/34416 (6%)]	Loss: 0.342049
Train Epoch: 105: time = 10s
U-B Train Epoch: 106 [2048/34416 (6%)]	Loss: 0.286984
Train Epoch: 106: time = 9s
Test: time=3s
Recall@20:0.26321808717346706	NDCG@20:0.13194807851262172	Precision@20:0.02122338634360759	Recall@40:0.3571192672744962	NDCG@40:0.1539499889398274	Precision@40:0.014979722814891901	Recall@80:0.4678305947889384	NDCG@80:0.17579815378862687	Precision@80:0.010121662659433976	
Test: time=3s
Recall@20:0.2665138102818599	NDCG@20:0.15528683728485262	Precision@20:0.038965867233663125	Recall@40:0.3658133529657929	NDCG@40:0.18257339647711432	Precision@40:0.02795708086813733	Recall@80:0.4857131529998521	NDCG@80:0.21026599467626575	Precision@80:0.019166103928989153	
U-B Train Epoch: 107 [2048/34416 (6%)]	Loss: 0.296349
Train Epoch: 107: time = 8s
U-B Train Epoch: 108 [2048/34416 (6%)]	Loss: 0.309269
Train Epoch: 108: time = 8s
U-B Train Epoch: 109 [2048/34416 (6%)]	Loss: 0.311089
Train Epoch: 109: time = 9s
U-B Train Epoch: 110 [2048/34416 (6%)]	Loss: 0.309006
Train Epoch: 110: time = 9s
U-B Train Epoch: 111 [2048/34416 (6%)]	Loss: 0.294064
Train Epoch: 111: time = 9s
Test: time=3s
Recall@20:0.264089380014825	NDCG@20:0.13232830546521868	Precision@20:0.021105103655496373	Recall@40:0.35606181617522814	NDCG@40:0.15404121422131103	Precision@40:0.014912132799484392	Recall@80:0.4663141011466606	NDCG@80:0.17580281032344383	Precision@80:0.010049848308350517	
Test: time=3s
Recall@20:0.263092618570331	NDCG@20:0.1537075784005761	Precision@20:0.03886448317744032	Recall@40:0.3587107811476903	NDCG@40:0.18026745258935925	Precision@40:0.027830348864081905	Recall@80:0.48289691374567	NDCG@80:0.20860367878420444	Precision@80:0.019106962262637393	
U-B Train Epoch: 112 [2048/34416 (6%)]	Loss: 0.296176
Train Epoch: 112: time = 9s
U-B Train Epoch: 113 [2048/34416 (6%)]	Loss: 0.299611
Train Epoch: 113: time = 9s
U-B Train Epoch: 114 [2048/34416 (6%)]	Loss: 0.287691
Train Epoch: 114: time = 9s
U-B Train Epoch: 115 [2048/34416 (6%)]	Loss: 0.269407
Train Epoch: 115: time = 9s
U-B Train Epoch: 116 [2048/34416 (6%)]	Loss: 0.304655
Train Epoch: 116: time = 8s
Test: time=3s
Recall@20:0.2634698082039831	NDCG@20:0.1310719615424473	Precision@20:0.021071308003200312	Recall@40:0.3561363722996842	NDCG@40:0.15291055290632127	Precision@40:0.01489523545678059	Recall@80:0.4689088172306681	NDCG@80:0.17508305081969863	Precision@80:0.010075194322406219	
Test: time=3s
Recall@20:0.26765032965172464	NDCG@20:0.15642062874007925	Precision@20:0.03915174187095877	Recall@40:0.36822248318985773	NDCG@40:0.18383289890218402	Precision@40:0.027881040892193308	Recall@80:0.48843236306342935	NDCG@80:0.21164818106571054	Precision@80:0.01920834793034096	
U-B Train Epoch: 117 [2048/34416 (6%)]	Loss: 0.311690
Train Epoch: 117: time = 8s
U-B Train Epoch: 118 [2048/34416 (6%)]	Loss: 0.303712
Train Epoch: 118: time = 9s
U-B Train Epoch: 119 [2048/34416 (6%)]	Loss: 0.287331
Train Epoch: 119: time = 9s
U-B Train Epoch: 120 [2048/34416 (6%)]	Loss: 0.298453
Train Epoch: 120: time = 9s
U-B Train Epoch: 121 [2048/34416 (6%)]	Loss: 0.305112
Train Epoch: 121: time = 9s
Test: time=3s
Recall@20:0.2602949332610785	NDCG@20:0.1297337930723798	Precision@20:0.020868537312385478	Recall@40:0.3583880363585539	NDCG@40:0.1526888157315011	Precision@40:0.014971274465836154	Recall@80:0.4713284001635635	NDCG@80:0.1749367000042244	Precision@80:0.010142784982406033	
Test: time=3s
Recall@20:0.2610387154308756	NDCG@20:0.15309228668264457	Precision@20:0.03845894050662604	Recall@40:0.36217465518333897	NDCG@40:0.18086739269693625	Precision@40:0.027788104218137794	Recall@80:0.4851193030003802	NDCG@80:0.20917826320884114	Precision@80:0.01916610457358146	
U-B Train Epoch: 122 [2048/34416 (6%)]	Loss: 0.299294
Train Epoch: 122: time = 9s
U-B Train Epoch: 123 [2048/34416 (6%)]	Loss: 0.278794
Train Epoch: 123: time = 9s
U-B Train Epoch: 124 [2048/34416 (6%)]	Loss: 0.293972
Train Epoch: 124: time = 9s
U-B Train Epoch: 125 [2048/34416 (6%)]	Loss: 0.279333
Train Epoch: 125: time = 9s
U-B Train Epoch: 126 [2048/34416 (6%)]	Loss: 0.276811
Train Epoch: 126: time = 9s
Test: time=3s
Recall@20:0.2611524215136158	NDCG@20:0.13070389417910663	Precision@20:0.020902332642385387	Recall@40:0.35646306199373207	NDCG@40:0.15307043500347853	Precision@40:0.014895235134484439	Recall@80:0.47013726577681436	NDCG@80:0.1754899277965859	Precision@80:0.010117438484906103	
Test: time=3s
Recall@20:0.26320958371176917	NDCG@20:0.15446091858508337	Precision@20:0.03852652987744124	Recall@40:0.3644948780798517	NDCG@40:0.18229198294662471	Precision@40:0.02777965554678589	Recall@80:0.48635685834662257	NDCG@80:0.2105599081407491	Precision@80:0.01919145026534101	
U-B Train Epoch: 127 [2048/34416 (6%)]	Loss: 0.272171
Train Epoch: 127: time = 9s
U-B Train Epoch: 128 [2048/34416 (6%)]	Loss: 0.265748
Train Epoch: 128: time = 9s
U-B Train Epoch: 129 [2048/34416 (6%)]	Loss: 0.288668
Train Epoch: 129: time = 9s
U-B Train Epoch: 130 [2048/34416 (6%)]	Loss: 0.272070
Train Epoch: 130: time = 9s
U-B Train Epoch: 131 [2048/34416 (6%)]	Loss: 0.276224
Train Epoch: 131: time = 9s
Test: time=3s
Recall@20:0.26064777793252575	NDCG@20:0.12998415788068446	Precision@20:0.020851639325089374	Recall@40:0.35963699841023944	NDCG@40:0.1531403397498561	Precision@40:0.01502196810542832	Recall@80:0.46733172159816977	NDCG@80:0.17441729268096273	Precision@80:0.010045623650378414	
Test: time=3s
Recall@20:0.2650654371544573	NDCG@20:0.1538165738027456	Precision@20:0.03888137987555181	Recall@40:0.36381815929354827	NDCG@40:0.1808038436306937	Precision@40:0.02765292289813816	Recall@80:0.4864925733890514	NDCG@80:0.2092837546072364	Precision@80:0.019216796923989015	
