nohup: ignoring input
>>>>>>>>>>B-I statistics>>>>>>>>>>
Average interactions 37.02934265136719
Non-zero rows 1.0
Non-zero columns 0.8566981995727799
Matrix density 0.0011299769286862884
finish loading assist data
>>>>>>>>>>U-I statistics>>>>>>>>>>
Average interactions 17.230377197265625
Non-zero rows 0.9958950118173903
Non-zero columns 0.641867561794324
Matrix density 0.0005257972814327529
finish loading item data
>>>>>>>>>>U-B statistics in train>>>>>>>>>>
Average interactions 4.281129360198975
Non-zero rows 0.3680806070406767
Non-zero columns 0.8645986166422134
Matrix density 0.0008973233061660289
finish loading bundle train data
>>>>>>>>>>U-B statistics in test>>>>>>>>>>
Average interactions 1.2123398780822754
Non-zero rows 0.3680806070406767
Non-zero columns 0.5017815971494446
Matrix density 0.0002541060245785134
finish loading bundle test data
>>>>>>>>>>B-I statistics>>>>>>>>>>
Average interactions 37.02934265136719
Non-zero rows 1.0
Non-zero columns 0.8566981995727799
Matrix density 0.0011299769286862884
finish loading assist data
>>>>>>>>>>U-I statistics>>>>>>>>>>
Average interactions 17.230377197265625
Non-zero rows 0.9958950118173903
Non-zero columns 0.641867561794324
Matrix density 0.0005257972814327529
finish loading item data
>>>>>>>>>>U-B statistics in train>>>>>>>>>>
Average interactions 4.281129360198975
Non-zero rows 0.3680806070406767
Non-zero columns 0.8645986166422134
Matrix density 0.0008973233061660289
finish loading bundle train data
>>>>>>>>>>U-B statistics in test>>>>>>>>>>
Average interactions 0.6454783082008362
Non-zero rows 0.3680806070406767
Non-zero columns 0.34835464263257176
Matrix density 0.00013529203381263145
finish loading bundle test data
IHGCN model
/data/lzm/IHBR - 副本/model/IHGCN.py:169: UserWarning: Creating a tensor from a list of numpy.ndarrays is extremely slow. Please consider converting the list to a single numpy.ndarray with numpy.array() before converting to a tensor. (Triggered internally at  /opt/conda/conda-bld/pytorch_1640811805959/work/torch/csrc/utils/tensor_new.cpp:201.)
  ub_indices = torch.tensor([ub_graph_coo.row, ub_graph_coo.col], dtype=torch.long)
finish generating bi, ui graph
finish generating non-atom graph
Traceback (most recent call last):
  File "main.py", line 162, in <module>
    main()
  File "main.py", line 128, in main
    trainloss = train(model, epoch+1, train_loader, op, device, CONFIG, loss_func)
  File "/data/lzm/IHBR - 副本/train.py", line 17, in train
    pred, bpr_loss, c_loss,ub_loss= model(users_b.to(device), bundles.to(device))
  File "/data/lzm/.conda/envs/mengmeier/lib/python3.6/site-packages/torch/nn/modules/module.py", line 1102, in _call_impl
    return forward_call(*input, **kwargs)
  File "/data/lzm/IHBR - 副本/model/IHGCN.py", line 574, in forward
    users_feature, bundles_feature = self.propagate()
  File "/data/lzm/IHBR - 副本/model/IHGCN.py", line 424, in propagate
    self.ui_atom_graph,self.users_feature, self.items_feature,self.dnns_atom)
  File "/data/lzm/IHBR - 副本/model/IHGCN.py", line 386, in one_propagate
    dnns[i](torch.matmul(graph,self.adapter[i](features)))), features], 1))
  File "/data/lzm/.conda/envs/mengmeier/lib/python3.6/site-packages/torch/nn/modules/module.py", line 1102, in _call_impl
    return forward_call(*input, **kwargs)
  File "/data/lzm/IHBR - 副本/att_layer.py", line 101, in forward
    net = torch.matmul(input_tensor,w1) + b1
RuntimeError: CUDA error: CUBLAS_STATUS_NOT_INITIALIZED when calling `cublasCreate(handle)`
nohup: ignoring input
>>>>>>>>>>B-I statistics>>>>>>>>>>
Average interactions 37.02934265136719
Non-zero rows 1.0
Non-zero columns 0.8566981995727799
Matrix density 0.0011299769286862884
finish loading assist data
>>>>>>>>>>U-I statistics>>>>>>>>>>
Average interactions 17.230377197265625
Non-zero rows 0.9958950118173903
Non-zero columns 0.641867561794324
Matrix density 0.0005257972814327529
finish loading item data
>>>>>>>>>>U-B statistics in train>>>>>>>>>>
Average interactions 4.281129360198975
Non-zero rows 0.3680806070406767
Non-zero columns 0.8645986166422134
Matrix density 0.0008973233061660289
finish loading bundle train data
>>>>>>>>>>U-B statistics in test>>>>>>>>>>
Average interactions 1.2123398780822754
Non-zero rows 0.3680806070406767
Non-zero columns 0.5017815971494446
Matrix density 0.0002541060245785134
finish loading bundle test data
>>>>>>>>>>B-I statistics>>>>>>>>>>
Average interactions 37.02934265136719
Non-zero rows 1.0
Non-zero columns 0.8566981995727799
Matrix density 0.0011299769286862884
finish loading assist data
>>>>>>>>>>U-I statistics>>>>>>>>>>
Average interactions 17.230377197265625
Non-zero rows 0.9958950118173903
Non-zero columns 0.641867561794324
Matrix density 0.0005257972814327529
finish loading item data
>>>>>>>>>>U-B statistics in train>>>>>>>>>>
Average interactions 4.281129360198975
Non-zero rows 0.3680806070406767
Non-zero columns 0.8645986166422134
Matrix density 0.0008973233061660289
finish loading bundle train data
>>>>>>>>>>U-B statistics in test>>>>>>>>>>
Average interactions 0.6454783082008362
Non-zero rows 0.3680806070406767
Non-zero columns 0.34835464263257176
Matrix density 0.00013529203381263145
finish loading bundle test data
IHGCN model
/data/lzm/IHBR - 副本/model/IHGCN.py:169: UserWarning: Creating a tensor from a list of numpy.ndarrays is extremely slow. Please consider converting the list to a single numpy.ndarray with numpy.array() before converting to a tensor. (Triggered internally at  /opt/conda/conda-bld/pytorch_1640811805959/work/torch/csrc/utils/tensor_new.cpp:201.)
  ub_indices = torch.tensor([ub_graph_coo.row, ub_graph_coo.col], dtype=torch.long)
finish generating bi, ui graph
finish generating non-atom graph
U-B Train Epoch: 1 [2048/34416 (6%)]	Loss: 0.956112
Train Epoch: 1: time = 17s
Test: time=3s
Recall@20:0.18243883654409745	NDCG@20:0.08478918201257023	Precision@20:0.013467387437578712	Recall@40:0.2514955727544013	NDCG@40:0.10069085134368927	Precision@40:0.00980060863591562	Recall@80:0.36038198210009453	NDCG@80:0.12140670729956542	Precision@80:0.007156133893455513	
Test: time=3s
Recall@20:0.19004112210133545	NDCG@20:0.10336550976545998	Precision@20:0.023774924734308332	Recall@40:0.2662746201257683	NDCG@40:0.12333990408383982	Precision@40:0.01751436321829654	Recall@80:0.35768994289139067	NDCG@80:0.1440281096081671	Precision@80:0.012457756385403576	
U-B Train Epoch: 2 [2048/34416 (6%)]	Loss: 0.938047
Train Epoch: 2: time = 9s
U-B Train Epoch: 3 [2048/34416 (6%)]	Loss: 0.909708
Train Epoch: 3: time = 9s
U-B Train Epoch: 4 [2048/34416 (6%)]	Loss: 0.874918
Train Epoch: 4: time = 9s
U-B Train Epoch: 5 [2048/34416 (6%)]	Loss: 0.810737
Train Epoch: 5: time = 8s
U-B Train Epoch: 6 [2048/34416 (6%)]	Loss: 0.729341
Train Epoch: 6: time = 9s
Test: time=3s
Recall@20:0.15994196431223465	NDCG@20:0.0685263295639363	Precision@20:0.013585671414874542	Recall@40:0.25940123954791	NDCG@40:0.09138114648156974	Precision@40:0.011000338338766198	Recall@80:0.3651968442575881	NDCG@80:0.11176678811267003	Precision@80:0.007827813418260415	
Test: time=3s
Recall@20:0.15934731501830354	NDCG@20:0.07683911441185459	Precision@20:0.02495775677215896	Recall@40:0.2532544949845149	NDCG@40:0.10199576916425523	Precision@40:0.019829335265886386	Recall@80:0.3736476556559437	NDCG@80:0.12892574504969612	Precision@80:0.014645996106641846	
U-B Train Epoch: 7 [2048/34416 (6%)]	Loss: 0.683845
Train Epoch: 7: time = 9s
U-B Train Epoch: 8 [2048/34416 (6%)]	Loss: 0.674025
Train Epoch: 8: time = 9s
U-B Train Epoch: 9 [2048/34416 (6%)]	Loss: 0.650723
Train Epoch: 9: time = 8s
U-B Train Epoch: 10 [2048/34416 (6%)]	Loss: 0.617926
Train Epoch: 10: time = 9s
U-B Train Epoch: 11 [2048/34416 (6%)]	Loss: 0.627621
Train Epoch: 11: time = 8s
Test: time=3s
Recall@20:0.21987975888576167	NDCG@20:0.09786609573596311	Precision@20:0.01809733056586995	Recall@40:0.31091062101652267	NDCG@40:0.11913029863126136	Precision@40:0.013180128421764109	Recall@80:0.41795516715093256	NDCG@80:0.13973137074606207	Precision@80:0.00891348460752765	
Test: time=3s
Recall@20:0.211060483055205	NDCG@20:0.1147808914210354	Precision@20:0.03222372500466994	Recall@40:0.30993423900236833	NDCG@40:0.14126320052847904	Precision@40:0.023808719419715935	Recall@80:0.42835463781379374	NDCG@80:0.16809461567199646	Precision@80:0.01669482952761223	
U-B Train Epoch: 12 [2048/34416 (6%)]	Loss: 0.597486
Train Epoch: 12: time = 9s
U-B Train Epoch: 13 [2048/34416 (6%)]	Loss: 0.607461
Train Epoch: 13: time = 9s
U-B Train Epoch: 14 [2048/34416 (6%)]	Loss: 0.606114
Train Epoch: 14: time = 9s
U-B Train Epoch: 15 [2048/34416 (6%)]	Loss: 0.621578
Train Epoch: 15: time = 9s
U-B Train Epoch: 16 [2048/34416 (6%)]	Loss: 0.577286
Train Epoch: 16: time = 9s
Test: time=3s
Recall@20:0.23556475753758396	NDCG@20:0.11266797198843174	Precision@20:0.019263265261016772	Recall@40:0.3290959313416167	NDCG@40:0.13436773363985538	Precision@40:0.013839135745281544	Recall@80:0.43240489489164413	NDCG@80:0.154437826710321	Precision@80:0.009255660954018065	
Test: time=3s
Recall@20:0.22413790471733483	NDCG@20:0.12322599688830026	Precision@20:0.03440351573226016	Recall@40:0.32355595440750146	NDCG@40:0.14975023285768127	Precision@40:0.024814125491622818	Recall@80:0.44009327219724254	NDCG@80:0.1763536737512277	Precision@80:0.017239777209509786	
U-B Train Epoch: 17 [2048/34416 (6%)]	Loss: 0.612125
Train Epoch: 17: time = 9s
U-B Train Epoch: 18 [2048/34416 (6%)]	Loss: 0.574498
Train Epoch: 18: time = 8s
U-B Train Epoch: 19 [2048/34416 (6%)]	Loss: 0.591648
Train Epoch: 19: time = 9s
U-B Train Epoch: 20 [2048/34416 (6%)]	Loss: 0.586811
Train Epoch: 20: time = 9s
U-B Train Epoch: 21 [2048/34416 (6%)]	Loss: 0.586515
Train Epoch: 21: time = 9s
Test: time=3s
Recall@20:0.23883430504162353	NDCG@20:0.11800578157013032	Precision@20:0.0197026022949425	Recall@40:0.3340530885397965	NDCG@40:0.14018461453668893	Precision@40:0.014134843754744199	Recall@80:0.4372030131194027	NDCG@80:0.1603208401993587	Precision@80:0.009437310127601224	
Test: time=3s
Recall@20:0.23229216755786108	NDCG@20:0.13139954593061554	Precision@20:0.03506252176659298	Recall@40:0.32927888210821327	NDCG@40:0.15790301313590424	Precision@40:0.025413992115676947	Recall@80:0.4471195345998173	NDCG@80:0.1846514228390213	Precision@80:0.017497465875592737	
U-B Train Epoch: 22 [2048/34416 (6%)]	Loss: 0.579328
Train Epoch: 22: time = 9s
U-B Train Epoch: 23 [2048/34416 (6%)]	Loss: 0.557109
Train Epoch: 23: time = 9s
U-B Train Epoch: 24 [2048/34416 (6%)]	Loss: 0.587035
Train Epoch: 24: time = 9s
U-B Train Epoch: 25 [2048/34416 (6%)]	Loss: 0.566235
Train Epoch: 25: time = 9s
U-B Train Epoch: 26 [2048/34416 (6%)]	Loss: 0.574208
Train Epoch: 26: time = 9s
Test: time=3s
Recall@20:0.24571444610358492	NDCG@20:0.11901966854300439	Precision@20:0.02015883763846049	Recall@40:0.33582452101738075	NDCG@40:0.1399741551488507	Precision@40:0.014143291781503795	Recall@80:0.4417479354894496	NDCG@80:0.1606651375768313	Precision@80:0.009513349620101016	
Test: time=3s
Recall@20:0.23939643078617406	NDCG@20:0.1368953553999385	Precision@20:0.036093275141740176	Recall@40:0.33382325270724644	NDCG@40:0.1627332707360291	Precision@40:0.025827983457843127	Recall@80:0.44797861628453445	NDCG@80:0.18908707392139185	Precision@80:0.017738256876675733	
U-B Train Epoch: 27 [2048/34416 (6%)]	Loss: 0.582190
Train Epoch: 27: time = 9s
U-B Train Epoch: 28 [2048/34416 (6%)]	Loss: 0.564656
Train Epoch: 28: time = 9s
U-B Train Epoch: 29 [2048/34416 (6%)]	Loss: 0.573816
Train Epoch: 29: time = 9s
U-B Train Epoch: 30 [2048/34416 (6%)]	Loss: 0.538545
Train Epoch: 30: time = 9s
U-B Train Epoch: 31 [2048/34416 (6%)]	Loss: 0.591698
Train Epoch: 31: time = 9s
Test: time=3s
Recall@20:0.24770085269351713	NDCG@20:0.12301664619922799	Precision@20:0.020361609296163784	Recall@40:0.33787021462922967	NDCG@40:0.14410616200128976	Precision@40:0.014329165129614827	Recall@80:0.445396472328859	NDCG@80:0.16497839089381047	Precision@80:0.009580939957804678	
Test: time=3s
Recall@20:0.24274388629465982	NDCG@20:0.1399846207495274	Precision@20:0.03648192046985065	Recall@40:0.33762765196619426	NDCG@40:0.16598535752368965	Precision@40:0.026149037481361485	Recall@80:0.4525736312118484	NDCG@80:0.1923161513421051	Precision@80:0.017864988880731156	
U-B Train Epoch: 32 [2048/34416 (6%)]	Loss: 0.584093
Train Epoch: 32: time = 9s
U-B Train Epoch: 33 [2048/34416 (6%)]	Loss: 0.594302
Train Epoch: 33: time = 9s
U-B Train Epoch: 34 [2048/34416 (6%)]	Loss: 0.550165
Train Epoch: 34: time = 9s
U-B Train Epoch: 35 [2048/34416 (6%)]	Loss: 0.550577
Train Epoch: 35: time = 9s
U-B Train Epoch: 36 [2048/34416 (6%)]	Loss: 0.584739
Train Epoch: 36: time = 9s
Test: time=3s
Recall@20:0.2526775951843159	NDCG@20:0.12321221808317184	Precision@20:0.020648867989682233	Recall@40:0.3410812847192886	NDCG@40:0.14386086111013935	Precision@40:0.014422102125966497	Recall@80:0.4475369725770425	NDCG@80:0.16461973715650347	Precision@80:0.009635856643888184	
Test: time=3s
Recall@20:0.2458192464990284	NDCG@20:0.14205498419810325	Precision@20:0.03654951112985047	Recall@40:0.3419542328736878	NDCG@40:0.1684851200043168	Precision@40:0.026385603502176225	Recall@80:0.45931002303288165	NDCG@80:0.19515741109122856	Precision@80:0.018004393891814432	
U-B Train Epoch: 37 [2048/34416 (6%)]	Loss: 0.562982
Train Epoch: 37: time = 9s
U-B Train Epoch: 38 [2048/34416 (6%)]	Loss: 0.524663
Train Epoch: 38: time = 9s
U-B Train Epoch: 39 [2048/34416 (6%)]	Loss: 0.534855
Train Epoch: 39: time = 9s
U-B Train Epoch: 40 [2048/34416 (6%)]	Loss: 0.583797
Train Epoch: 40: time = 9s
U-B Train Epoch: 41 [2048/34416 (6%)]	Loss: 0.542561
Train Epoch: 41: time = 9s
Test: time=3s
Recall@20:0.25344470128210544	NDCG@20:0.12388421071868927	Precision@20:0.02069956034008979	Recall@40:0.34843629435455126	NDCG@40:0.1458749284450973	Precision@40:0.014667117785021597	Recall@80:0.4488890590841765	NDCG@80:0.1654728421813614	Precision@80:0.009656978644564088	
Test: time=3s
Recall@20:0.24577045343984982	NDCG@20:0.1438389784905426	Precision@20:0.03654951112985047	Recall@40:0.34283480268751054	NDCG@40:0.17045852645662596	Precision@40:0.02638560414676853	Recall@80:0.4612567330502545	NDCG@80:0.19742903172788526	Precision@80:0.018076208565194044	
U-B Train Epoch: 42 [2048/34416 (6%)]	Loss: 0.520646
Train Epoch: 42: time = 9s
U-B Train Epoch: 43 [2048/34416 (6%)]	Loss: 0.561821
Train Epoch: 43: time = 9s
U-B Train Epoch: 44 [2048/34416 (6%)]	Loss: 0.526076
Train Epoch: 44: time = 9s
U-B Train Epoch: 45 [2048/34416 (6%)]	Loss: 0.553603
Train Epoch: 45: time = 9s
U-B Train Epoch: 46 [2048/34416 (6%)]	Loss: 0.510862
Train Epoch: 46: time = 10s
Test: time=3s
Recall@20:0.25624539812661057	NDCG@20:0.1251055274955644	Precision@20:0.020699560984682095	Recall@40:0.3462161482810652	NDCG@40:0.1461613079147107	Precision@40:0.01453193678731812	Recall@80:0.45405690514505537	NDCG@80:0.167232537922242	Precision@80:0.009762588970239761	
Test: time=3s
Recall@20:0.24550637686401655	NDCG@20:0.14313895124646206	Precision@20:0.03658330581525807	Recall@40:0.3483338866857469	NDCG@40:0.17103198413391216	Precision@40:0.026596823508935268	Recall@80:0.46120436121459424	NDCG@80:0.1970887385578162	Precision@80:0.018164921225869764	
U-B Train Epoch: 47 [2048/34416 (6%)]	Loss: 0.530451
Train Epoch: 47: time = 9s
U-B Train Epoch: 48 [2048/34416 (6%)]	Loss: 0.508314
Train Epoch: 48: time = 9s
U-B Train Epoch: 49 [2048/34416 (6%)]	Loss: 0.531333
Train Epoch: 49: time = 9s
U-B Train Epoch: 50 [2048/34416 (6%)]	Loss: 0.510666
Train Epoch: 50: time = 9s
U-B Train Epoch: 51 [2048/34416 (6%)]	Loss: 0.551081
Train Epoch: 51: time = 9s
Test: time=3s
Recall@20:0.25756234661797167	NDCG@20:0.12532200995390783	Precision@20:0.02085163900279322	Recall@40:0.34634516987699077	NDCG@40:0.14612708522001203	Precision@40:0.014565731795021875	Recall@80:0.4554214503322755	NDCG@80:0.16749605241358462	Precision@80:0.009809057468415596	
Test: time=3s
Recall@20:0.2487386463058281	NDCG@20:0.14668991485936048	Precision@20:0.036971950498776246	Recall@40:0.3502907503211204	NDCG@40:0.17418288282141084	Precision@40:0.026664413524342775	Recall@80:0.4672916640539192	NDCG@80:0.2009267649081721	Precision@80:0.018262082557897383	
U-B Train Epoch: 52 [2048/34416 (6%)]	Loss: 0.515886
Train Epoch: 52: time = 8s
U-B Train Epoch: 53 [2048/34416 (6%)]	Loss: 0.517017
Train Epoch: 53: time = 9s
U-B Train Epoch: 54 [2048/34416 (6%)]	Loss: 0.521224
Train Epoch: 54: time = 9s
U-B Train Epoch: 55 [2048/34416 (6%)]	Loss: 0.494042
Train Epoch: 55: time = 9s
U-B Train Epoch: 56 [2048/34416 (6%)]	Loss: 0.491076
Train Epoch: 56: time = 9s
Test: time=3s
Recall@20:0.2584575151583358	NDCG@20:0.12549523769016402	Precision@20:0.020800946652385664	Recall@40:0.3513658941899977	NDCG@40:0.14711641064766653	Precision@40:0.014684014805429245	Recall@80:0.45731358142993306	NDCG@80:0.16784185555868353	Precision@80:0.009809057629563672	
Test: time=3s
Recall@20:0.24819093880197332	NDCG@20:0.1463225926447253	Precision@20:0.036684691160665486	Recall@40:0.35057083341309087	NDCG@40:0.1742149010104237	Precision@40:0.026630618838935173	Recall@80:0.46702917575352737	NDCG@80:0.20099286398157634	Precision@80:0.018300102223573242	
U-B Train Epoch: 57 [2048/34416 (6%)]	Loss: 0.541230
Train Epoch: 57: time = 9s
U-B Train Epoch: 58 [2048/34416 (6%)]	Loss: 0.478270
Train Epoch: 58: time = 9s
U-B Train Epoch: 59 [2048/34416 (6%)]	Loss: 0.522536
Train Epoch: 59: time = 9s
U-B Train Epoch: 60 [2048/34416 (6%)]	Loss: 0.512958
Train Epoch: 60: time = 9s
U-B Train Epoch: 61 [2048/34416 (6%)]	Loss: 0.512810
Train Epoch: 61: time = 9s
Test: time=3s
Recall@20:0.26069362649405153	NDCG@20:0.12605782238443625	Precision@20:0.020817843995089465	Recall@40:0.35165369176268374	NDCG@40:0.14727088074782443	Precision@40:0.014624873783669789	Recall@80:0.4591665419423528	NDCG@80:0.16842759658694872	Precision@80:0.009855525483147201	
Test: time=3s
Recall@20:0.24969810390440184	NDCG@20:0.14690406905029543	Precision@20:0.03687056450877652	Recall@40:0.3513109336716374	NDCG@40:0.17462762057197057	Precision@40:0.026757350842990597	Recall@80:0.46997243578911796	NDCG@80:0.20164940445033955	Precision@80:0.018316999566277043	
U-B Train Epoch: 62 [2048/34416 (6%)]	Loss: 0.477046
Train Epoch: 62: time = 9s
U-B Train Epoch: 63 [2048/34416 (6%)]	Loss: 0.524274
Train Epoch: 63: time = 9s
U-B Train Epoch: 64 [2048/34416 (6%)]	Loss: 0.487075
Train Epoch: 64: time = 10s
U-B Train Epoch: 65 [2048/34416 (6%)]	Loss: 0.525000
Train Epoch: 65: time = 9s
U-B Train Epoch: 66 [2048/34416 (6%)]	Loss: 0.450963
Train Epoch: 66: time = 10s
Test: time=3s
Recall@20:0.2615963238725472	NDCG@20:0.1264680641331597	Precision@20:0.020817843995089465	Recall@40:0.3541958503684469	NDCG@40:0.14795992929575288	Precision@40:0.014667117462725445	Recall@80:0.45858412958875466	NDCG@80:0.16857183829639844	Precision@80:0.009825954649971321	
Test: time=3s
Recall@20:0.2478416883772231	NDCG@20:0.14644085470588275	Precision@20:0.03658330581525807	Recall@40:0.34990758918434756	NDCG@40:0.17430950137722045	Precision@40:0.026605272824879473	Recall@80:0.4705470511541853	NDCG@80:0.20178986884887737	Precision@80:0.01831277490830494	
U-B Train Epoch: 67 [2048/34416 (6%)]	Loss: 0.499450
Train Epoch: 67: time = 9s
U-B Train Epoch: 68 [2048/34416 (6%)]	Loss: 0.488102
Train Epoch: 68: time = 9s
U-B Train Epoch: 69 [2048/34416 (6%)]	Loss: 0.481465
Train Epoch: 69: time = 9s
U-B Train Epoch: 70 [2048/34416 (6%)]	Loss: 0.467225
Train Epoch: 70: time = 9s
U-B Train Epoch: 71 [2048/34416 (6%)]	Loss: 0.534115
Train Epoch: 71: time = 9s
Test: time=3s
Recall@20:0.26010315415826185	NDCG@20:0.12606890421535727	Precision@20:0.020750253657385802	Recall@40:0.3573735305770663	NDCG@40:0.14846759730394163	Precision@40:0.014726259451373359	Recall@80:0.4594774004493706	NDCG@80:0.1686810992705979	Precision@80:0.009834403643619373	
Test: time=3s
Recall@20:0.2480215193170597	NDCG@20:0.14589899236505682	Precision@20:0.03649881781255446	Recall@40:0.3522844794796463	NDCG@40:0.17420113767551063	Precision@40:0.02667286284028698	Recall@80:0.47333846586948713	NDCG@80:0.20173102014972857	Precision@80:0.01834234622492505	
U-B Train Epoch: 72 [2048/34416 (6%)]	Loss: 0.484676
Train Epoch: 72: time = 9s
U-B Train Epoch: 73 [2048/34416 (6%)]	Loss: 0.456549
Train Epoch: 73: time = 9s
U-B Train Epoch: 74 [2048/34416 (6%)]	Loss: 0.494492
Train Epoch: 74: time = 9s
U-B Train Epoch: 75 [2048/34416 (6%)]	Loss: 0.455473
Train Epoch: 75: time = 9s
U-B Train Epoch: 76 [2048/34416 (6%)]	Loss: 0.437654
Train Epoch: 76: time = 9s
Test: time=3s
Recall@20:0.2592527667345651	NDCG@20:0.12542269011533272	Precision@20:0.020648868311978385	Recall@40:0.35597665263978806	NDCG@40:0.14779229662071092	Precision@40:0.014684014805429245	Recall@80:0.4621199916931132	NDCG@80:0.1686698085917698	Precision@80:0.00985552596659143	
Test: time=3s
Recall@20:0.2514206350313002	NDCG@20:0.1473114720145042	Precision@20:0.03685366781066503	Recall@40:0.35101345690088764	NDCG@40:0.17456762192014827	Precision@40:0.02665596549758318	Recall@80:0.47409890946120414	NDCG@80:0.20256936658915334	Precision@80:0.01839726323330471	
U-B Train Epoch: 77 [2048/34416 (6%)]	Loss: 0.433937
Train Epoch: 77: time = 8s
U-B Train Epoch: 78 [2048/34416 (6%)]	Loss: 0.425706
Train Epoch: 78: time = 8s
U-B Train Epoch: 79 [2048/34416 (6%)]	Loss: 0.479807
Train Epoch: 79: time = 9s
U-B Train Epoch: 80 [2048/34416 (6%)]	Loss: 0.425200
Train Epoch: 80: time = 9s
U-B Train Epoch: 81 [2048/34416 (6%)]	Loss: 0.445441
Train Epoch: 81: time = 9s
Test: time=3s
Recall@20:0.259294618823795	NDCG@20:0.12488525483446292	Precision@20:0.02066576597697834	Recall@40:0.35706896329095295	NDCG@40:0.1474578718189937	Precision@40:0.014700912148133046	Recall@80:0.46248855410334466	NDCG@80:0.16825862315991072	Precision@80:0.009855525644295277	
Test: time=3s
Recall@20:0.2508453647604501	NDCG@20:0.14633405091755292	Precision@20:0.036752281820665304	Recall@40:0.3548282057338971	NDCG@40:0.17475581966811396	Precision@40:0.026943224835693936	Recall@80:0.47728364924475647	NDCG@80:0.20238729762483101	Precision@80:0.01842260924736041	
U-B Train Epoch: 82 [2048/34416 (6%)]	Loss: 0.461741
Train Epoch: 82: time = 9s
U-B Train Epoch: 83 [2048/34416 (6%)]	Loss: 0.474259
Train Epoch: 83: time = 9s
U-B Train Epoch: 84 [2048/34416 (6%)]	Loss: 0.448994
Train Epoch: 84: time = 9s
U-B Train Epoch: 85 [2048/34416 (6%)]	Loss: 0.445526
Train Epoch: 85: time = 9s
U-B Train Epoch: 86 [2048/34416 (6%)]	Loss: 0.409543
Train Epoch: 86: time = 9s
Test: time=3s
Recall@20:0.25935604073542845	NDCG@20:0.12431515935064369	Precision@20:0.020581277974274722	Recall@40:0.3563592620055472	NDCG@40:0.14679996739291146	Precision@40:0.014667117140429292	Recall@80:0.46028997866677934	NDCG@80:0.1673796287296833	Precision@80:0.00981750597861942	
Test: time=3s
Recall@20:0.248298884807869	NDCG@20:0.14547039004909545	Precision@20:0.036549511774442774	Recall@40:0.352045407928539	NDCG@40:0.1738014749757097	Precision@40:0.02672355551299069	Recall@80:0.4786013506199307	NDCG@80:0.20222969738443625	Precision@80:0.018380365568304753	
U-B Train Epoch: 87 [2048/34416 (6%)]	Loss: 0.400414
Train Epoch: 87: time = 9s
U-B Train Epoch: 88 [2048/34416 (6%)]	Loss: 0.420093
Train Epoch: 88: time = 9s
U-B Train Epoch: 89 [2048/34416 (6%)]	Loss: 0.438734
Train Epoch: 89: time = 9s
U-B Train Epoch: 90 [2048/34416 (6%)]	Loss: 0.434438
Train Epoch: 90: time = 9s
U-B Train Epoch: 91 [2048/34416 (6%)]	Loss: 0.413776
Train Epoch: 91: time = 9s
Test: time=3s
Recall@20:0.25991888842336147	NDCG@20:0.12552954547104703	Precision@20:0.020716458327385896	Recall@40:0.359079761253736	NDCG@40:0.1484046309491435	Precision@40:0.014785400795428968	Recall@80:0.46875808576588374	NDCG@80:0.1698748146049394	Precision@80:0.00994001380814697	
Test: time=3s
Recall@20:0.25252178948890036	NDCG@20:0.14704573239052204	Precision@20:0.03719161917688719	Recall@40:0.3547611578206188	NDCG@40:0.17506912762589372	Precision@40:0.027095302853805063	Recall@80:0.48168791641694303	NDCG@80:0.20363291295326494	Precision@80:0.018621155602499294	
U-B Train Epoch: 92 [2048/34416 (6%)]	Loss: 0.441627
Train Epoch: 92: time = 9s
U-B Train Epoch: 93 [2048/34416 (6%)]	Loss: 0.408542
Train Epoch: 93: time = 9s
U-B Train Epoch: 94 [2048/34416 (6%)]	Loss: 0.390879
Train Epoch: 94: time = 8s
U-B Train Epoch: 95 [2048/34416 (6%)]	Loss: 0.395063
Train Epoch: 95: time = 9s
U-B Train Epoch: 96 [2048/34416 (6%)]	Loss: 0.387520
Train Epoch: 96: time = 9s
Test: time=3s
Recall@20:0.2612006988989497	NDCG@20:0.12583150086913733	Precision@20:0.020682663641978294	Recall@40:0.35984111243141953	NDCG@40:0.14868156069555408	Precision@40:0.014802298460428923	Recall@80:0.46295750789764806	NDCG@80:0.16895419240360446	Precision@80:0.009821730636591523	
Test: time=3s
Recall@20:0.25216240091636477	NDCG@20:0.14728334458464906	Precision@20:0.03714092779336809	Recall@40:0.3556028303563413	NDCG@40:0.1754329277881701	Precision@40:0.02695167286245353	Recall@80:0.4822868097066154	NDCG@80:0.20395893227131473	Precision@80:0.018536668244387985	
U-B Train Epoch: 97 [2048/34416 (6%)]	Loss: 0.394377
Train Epoch: 97: time = 9s
U-B Train Epoch: 98 [2048/34416 (6%)]	Loss: 0.389608
Train Epoch: 98: time = 8s
U-B Train Epoch: 99 [2048/34416 (6%)]	Loss: 0.440851
Train Epoch: 99: time = 9s
U-B Train Epoch: 100 [2048/34416 (6%)]	Loss: 0.348052
Train Epoch: 100: time = 9s
U-B Train Epoch: 101 [2048/34416 (6%)]	Loss: 0.404636
Train Epoch: 101: time = 9s
Test: time=3s
Recall@20:0.26147910605092517	NDCG@20:0.1262340332938836	Precision@20:0.020733356636978156	Recall@40:0.3614351221660216	NDCG@40:0.14936321190218138	Precision@40:0.01486143980448453	Recall@80:0.46699550225147324	NDCG@80:0.17005400610920868	Precision@80:0.009901993981323036	
Test: time=3s
Recall@20:0.25498882988571675	NDCG@20:0.14820347173909312	Precision@20:0.037529572476886264	Recall@40:0.35622758468932175	NDCG@40:0.17579978847471434	Precision@40:0.027053060141637865	Recall@80:0.4828159632655405	NDCG@80:0.20436452522032886	Precision@80:0.018612707898035853	
U-B Train Epoch: 102 [2048/34416 (6%)]	Loss: 0.371949
Train Epoch: 102: time = 9s
U-B Train Epoch: 103 [2048/34416 (6%)]	Loss: 0.372933
Train Epoch: 103: time = 9s
U-B Train Epoch: 104 [2048/34416 (6%)]	Loss: 0.403763
Train Epoch: 104: time = 7s
U-B Train Epoch: 105 [2048/34416 (6%)]	Loss: 0.405669
Train Epoch: 105: time = 8s
U-B Train Epoch: 106 [2048/34416 (6%)]	Loss: 0.336963
Train Epoch: 106: time = 9s
Test: time=3s
Recall@20:0.26173256490229757	NDCG@20:0.1267939055437331	Precision@20:0.020800946652385664	Recall@40:0.3624296558995068	NDCG@40:0.15004111931669667	Precision@40:0.01489523545678059	Recall@80:0.4687346329194301	NDCG@80:0.17092320015801896	Precision@80:0.009948462479498871	
Test: time=3s
Recall@20:0.2545034570362005	NDCG@20:0.1481823909923248	Precision@20:0.03741128785499812	Recall@40:0.3581824320399628	NDCG@40:0.17652122134008533	Precision@40:0.027247381516508493	Recall@80:0.4817274376603952	NDCG@80:0.20448806520328605	Precision@80:0.01860848324006375	
U-B Train Epoch: 107 [2048/34416 (6%)]	Loss: 0.351449
Train Epoch: 107: time = 9s
U-B Train Epoch: 108 [2048/34416 (6%)]	Loss: 0.361834
Train Epoch: 108: time = 9s
U-B Train Epoch: 109 [2048/34416 (6%)]	Loss: 0.362636
Train Epoch: 109: time = 9s
U-B Train Epoch: 110 [2048/34416 (6%)]	Loss: 0.358956
Train Epoch: 110: time = 9s
U-B Train Epoch: 111 [2048/34416 (6%)]	Loss: 0.339711
Train Epoch: 111: time = 9s
Test: time=3s
Recall@20:0.2629612661286277	NDCG@20:0.12725657843060895	Precision@20:0.020953024992792942	Recall@40:0.3621091388213792	NDCG@40:0.15017486706340824	Precision@40:0.014937479135836247	Recall@80:0.4682962276436824	NDCG@80:0.17102291085261595	Precision@80:0.009944238304970997	
Test: time=3s
Recall@20:0.25601074590035167	NDCG@20:0.1485677076457682	Precision@20:0.037749240510404895	Recall@40:0.3652114687678217	NDCG@40:0.17804213172884237	Precision@40:0.027712065531378383	Recall@80:0.4853630207728276	NDCG@80:0.20526398932381876	Precision@80:0.018752112909119125	
U-B Train Epoch: 112 [2048/34416 (6%)]	Loss: 0.344617
Train Epoch: 112: time = 9s
U-B Train Epoch: 113 [2048/34416 (6%)]	Loss: 0.345620
Train Epoch: 113: time = 9s
U-B Train Epoch: 114 [2048/34416 (6%)]	Loss: 0.334061
Train Epoch: 114: time = 9s
U-B Train Epoch: 115 [2048/34416 (6%)]	Loss: 0.314956
Train Epoch: 115: time = 9s
U-B Train Epoch: 116 [2048/34416 (6%)]	Loss: 0.352325
Train Epoch: 116: time = 9s
Test: time=3s
Recall@20:0.26225867598553937	NDCG@20:0.12694724373980204	Precision@20:0.020986820645089003	Recall@40:0.36271369420986554	NDCG@40:0.15017901823785748	Precision@40:0.014954377123132353	Recall@80:0.4723366147241467	NDCG@80:0.17158562962208782	Precision@80:0.009990706480850679	
Test: time=3s
Recall@20:0.25789189830185716	NDCG@20:0.14934901282286958	Precision@20:0.03795201120121973	Recall@40:0.3607299123998025	NDCG@40:0.17739771733053555	Precision@40:0.027424806193267627	Recall@80:0.48481634461666206	NDCG@80:0.20558210851856887	Precision@80:0.018823927260202586	
U-B Train Epoch: 117 [2048/34416 (6%)]	Loss: 0.361951
Train Epoch: 117: time = 9s
U-B Train Epoch: 118 [2048/34416 (6%)]	Loss: 0.354495
Train Epoch: 118: time = 10s
U-B Train Epoch: 119 [2048/34416 (6%)]	Loss: 0.332848
Train Epoch: 119: time = 9s
U-B Train Epoch: 120 [2048/34416 (6%)]	Loss: 0.347004
Train Epoch: 120: time = 10s
U-B Train Epoch: 121 [2048/34416 (6%)]	Loss: 0.351544
Train Epoch: 121: time = 9s
Test: time=3s
Recall@20:0.2636846379276545	NDCG@20:0.12781312974089906	Precision@20:0.021105103977792528	Recall@40:0.3654965848365157	NDCG@40:0.15141268798168062	Precision@40:0.015140250793539539	Recall@80:0.4746322812321783	NDCG@80:0.17267274228089885	Precision@80:0.010062521315378367	
Test: time=3s
Recall@20:0.2572986155436143	NDCG@20:0.1498489766638196	Precision@20:0.03812098785121927	Recall@40:0.3676817218126901	NDCG@40:0.1794702878631664	Precision@40:0.02776275820408209	Recall@80:0.4903158411539741	NDCG@80:0.20732462716368494	Precision@80:0.01894643525087821	
U-B Train Epoch: 122 [2048/34416 (6%)]	Loss: 0.348086
Train Epoch: 122: time = 9s
U-B Train Epoch: 123 [2048/34416 (6%)]	Loss: 0.322141
Train Epoch: 123: time = 9s
U-B Train Epoch: 124 [2048/34416 (6%)]	Loss: 0.341553
Train Epoch: 124: time = 9s
U-B Train Epoch: 125 [2048/34416 (6%)]	Loss: 0.321623
Train Epoch: 125: time = 9s
U-B Train Epoch: 126 [2048/34416 (6%)]	Loss: 0.321346
Train Epoch: 126: time = 9s
Test: time=3s
Recall@20:0.2660873222286615	NDCG@20:0.12906818447905885	Precision@20:0.021358567019014917	Recall@40:0.3650196896650051	NDCG@40:0.15198155358338042	Precision@40:0.015131801477595333	Recall@80:0.47412817910862515	NDCG@80:0.17328091254303607	Precision@80:0.010058296657406264	
Test: time=3s
Recall@20:0.25956139237383563	NDCG@20:0.15026820402928565	Precision@20:0.03837445250392242	Recall@40:0.3666399884522062	NDCG@40:0.17920989319858377	Precision@40:0.02774586086137829	Recall@80:0.4896273237501056	NDCG@80:0.20734762106041685	Precision@80:0.01904782059628563	
U-B Train Epoch: 127 [2048/34416 (6%)]	Loss: 0.316130
Train Epoch: 127: time = 9s
U-B Train Epoch: 128 [2048/34416 (6%)]	Loss: 0.308040
Train Epoch: 128: time = 9s
U-B Train Epoch: 129 [2048/34416 (6%)]	Loss: 0.332883
Train Epoch: 129: time = 9s
U-B Train Epoch: 130 [2048/34416 (6%)]	Loss: 0.317096
Train Epoch: 130: time = 9s
U-B Train Epoch: 131 [2048/34416 (6%)]	Loss: 0.315622
Train Epoch: 131: time = 9s
Test: time=3s
Recall@20:0.26512268210794926	NDCG@20:0.12948307760586084	Precision@20:0.021341669354014964	Recall@40:0.3643672591167835	NDCG@40:0.15253244795159498	Precision@40:0.01514869946489144	Recall@80:0.4741426592301823	NDCG@80:0.17397653593248352	Precision@80:0.010070969986730268	
Test: time=3s
Recall@20:0.26247647083381737	NDCG@20:0.1515228642769543	Precision@20:0.03877999453014439	Recall@40:0.3681822554732384	NDCG@40:0.18012639000916167	Precision@40:0.02796552953948923	Recall@80:0.4906096927375961	NDCG@80:0.20809239332399565	Precision@80:0.019115411578581598	
U-B Train Epoch: 132 [2048/34416 (6%)]	Loss: 0.310338
Train Epoch: 132: time = 9s
U-B Train Epoch: 133 [2048/34416 (6%)]	Loss: 0.307988
Train Epoch: 133: time = 8s
U-B Train Epoch: 134 [2048/34416 (6%)]	Loss: 0.302312
Train Epoch: 134: time = 8s
U-B Train Epoch: 135 [2048/34416 (6%)]	Loss: 0.284721
Train Epoch: 135: time = 9s
U-B Train Epoch: 136 [2048/34416 (6%)]	Loss: 0.322862
Train Epoch: 136: time = 8s
Test: time=3s
Recall@20:0.2667134585675455	NDCG@20:0.1296136152828896	Precision@20:0.021459952686718485	Recall@40:0.36787486229445654	NDCG@40:0.1530292713388312	Precision@40:0.015300777805298718	Recall@80:0.4757263245474611	NDCG@80:0.17408763528393909	Precision@80:0.010108989813554202	
Test: time=3s
Recall@20:0.2627690383895663	NDCG@20:0.1524249247982519	Precision@20:0.03898276457636692	Recall@40:0.3684551088179072	NDCG@40:0.1810310856238053	Precision@40:0.028109158886248455	Recall@80:0.48965211734855524	NDCG@80:0.20876616245590782	Precision@80:0.01914498192831325	
U-B Train Epoch: 137 [2048/34416 (6%)]	Loss: 0.288666
Train Epoch: 137: time = 8s
U-B Train Epoch: 138 [2048/34416 (6%)]	Loss: 0.275949
Train Epoch: 138: time = 8s
U-B Train Epoch: 139 [2048/34416 (6%)]	Loss: 0.294551
Train Epoch: 139: time = 8s
U-B Train Epoch: 140 [2048/34416 (6%)]	Loss: 0.297484
Train Epoch: 140: time = 9s
U-B Train Epoch: 141 [2048/34416 (6%)]	Loss: 0.278347
Train Epoch: 141: time = 9s
Test: time=3s
Recall@20:0.2675245464875433	NDCG@20:0.13006581225561184	Precision@20:0.02157823634171816	Recall@40:0.36534545114613254	NDCG@40:0.15285714714460252	Precision@40:0.015258533481650757	Recall@80:0.4762543126834974	NDCG@80:0.17454449910495523	Precision@80:0.010155458150581961	
Test: time=3s
Recall@20:0.2618083173900732	NDCG@20:0.15185232313954777	Precision@20:0.03906725386825515	Recall@40:0.3693162222575722	NDCG@40:0.18089719348841724	Precision@40:0.028185198862192475	Recall@80:0.4930409917802414	NDCG@80:0.20914634299785875	Precision@80:0.01926326461642447	
U-B Train Epoch: 142 [2048/34416 (6%)]	Loss: 0.263678
Train Epoch: 142: time = 8s
U-B Train Epoch: 143 [2048/34416 (6%)]	Loss: 0.303880
Train Epoch: 143: time = 9s
U-B Train Epoch: 144 [2048/34416 (6%)]	Loss: 0.286691
Train Epoch: 144: time = 8s
U-B Train Epoch: 145 [2048/34416 (6%)]	Loss: 0.263572
Train Epoch: 145: time = 8s
U-B Train Epoch: 146 [2048/34416 (6%)]	Loss: 0.269294
Train Epoch: 146: time = 9s
Test: time=3s
Recall@20:0.26864153213217357	NDCG@20:0.13070784939749494	Precision@20:0.021713417661717794	Recall@40:0.36469823921721867	NDCG@40:0.15308764561804294	Precision@40:0.015241635816650802	Recall@80:0.4758230237068055	NDCG@80:0.17495450622207936	Precision@80:0.01018925299713764	
Test: time=3s
Recall@20:0.26307291982946623	NDCG@20:0.15206866636595318	Precision@20:0.03925312721636619	Recall@40:0.3698963140788695	NDCG@40:0.18104028524519342	Precision@40:0.02828658356300759	Recall@80:0.4955224246340613	NDCG@80:0.20960596309557442	Precision@80:0.019326631263044486	
U-B Train Epoch: 147 [2048/34416 (6%)]	Loss: 0.291919
Train Epoch: 147: time = 9s
U-B Train Epoch: 148 [2048/34416 (6%)]	Loss: 0.261099
Train Epoch: 148: time = 8s
U-B Train Epoch: 149 [2048/34416 (6%)]	Loss: 0.267005
Train Epoch: 149: time = 9s
U-B Train Epoch: 150 [2048/34416 (6%)]	Loss: 0.267056
Train Epoch: 150: time = 9s
U-B Train Epoch: 151 [2048/34416 (6%)]	Loss: 0.279119
Train Epoch: 151: time = 9s
Test: time=3s
Recall@20:0.2670602750117491	NDCG@20:0.129797545829791	Precision@20:0.021662724344421777	Recall@40:0.36809653501004613	NDCG@40:0.15323007989066725	Precision@40:0.01535147080029858	Recall@80:0.47710108007680485	NDCG@80:0.17467453915672393	Precision@80:0.01020615082328567	
Test: time=3s
Recall@20:0.26430414270089664	NDCG@20:0.15312460911922576	Precision@20:0.03957418123988454	Recall@40:0.37140645461938154	NDCG@40:0.18205122514204544	Precision@40:0.028421764883007218	Recall@80:0.49688705232909663	NDCG@80:0.21059695414974705	Precision@80:0.01941534360142405	
U-B Train Epoch: 152 [2048/34416 (6%)]	Loss: 0.260238
Train Epoch: 152: time = 9s
U-B Train Epoch: 153 [2048/34416 (6%)]	Loss: 0.266682
Train Epoch: 153: time = 9s
U-B Train Epoch: 154 [2048/34416 (6%)]	Loss: 0.249186
Train Epoch: 154: time = 9s
U-B Train Epoch: 155 [2048/34416 (6%)]	Loss: 0.241759
Train Epoch: 155: time = 9s
U-B Train Epoch: 156 [2048/34416 (6%)]	Loss: 0.245049
Train Epoch: 156: time = 9s
Test: time=3s
Recall@20:0.2677765511386739	NDCG@20:0.12995320971489918	Precision@20:0.02173031435982929	Recall@40:0.3696567371673945	NDCG@40:0.15348632853753907	Precision@40:0.015351470155706273	Recall@80:0.47829986706340827	NDCG@80:0.1748556257623722	Precision@80:0.010214599655785646	
Test: time=3s
Recall@20:0.2664386766026978	NDCG@20:0.15396846811204956	Precision@20:0.03977695257529168	Recall@40:0.3730871594407422	NDCG@40:0.18258581132492369	Precision@40:0.02837952088165541	Recall@80:0.4948883727016623	NDCG@80:0.21069206503364998	Precision@80:0.019436465602099957	
U-B Train Epoch: 157 [2048/34416 (6%)]	Loss: 0.274798
Train Epoch: 157: time = 9s
U-B Train Epoch: 158 [2048/34416 (6%)]	Loss: 0.226708
Train Epoch: 158: time = 9s
U-B Train Epoch: 159 [2048/34416 (6%)]	Loss: 0.261006
Train Epoch: 159: time = 9s
U-B Train Epoch: 160 [2048/34416 (6%)]	Loss: 0.233993
Train Epoch: 160: time = 9s
U-B Train Epoch: 161 [2048/34416 (6%)]	Loss: 0.225046
Train Epoch: 161: time = 9s
Test: time=3s
Recall@20:0.26745133111508324	NDCG@20:0.13011028138960323	Precision@20:0.021662724344421777	Recall@40:0.36994963475440396	NDCG@40:0.1539371615529423	Precision@40:0.015419061460298394	Recall@80:0.4798362038352273	NDCG@80:0.1754895848734792	Precision@80:0.010252619160313427	
Test: time=3s
Recall@20:0.26515157015672525	NDCG@20:0.15326859041338395	Precision@20:0.03970936255988417	Recall@40:0.37192381987421846	NDCG@40:0.18202332718705116	Precision@40:0.028396417579766905	Recall@80:0.4934838627914836	NDCG@80:0.20983370013557684	Precision@80:0.01926326493872062	
U-B Train Epoch: 162 [2048/34416 (6%)]	Loss: 0.233970
Train Epoch: 162: time = 9s
U-B Train Epoch: 163 [2048/34416 (6%)]	Loss: 0.229546
Train Epoch: 163: time = 9s
U-B Train Epoch: 164 [2048/34416 (6%)]	Loss: 0.227292
Train Epoch: 164: time = 9s
U-B Train Epoch: 165 [2048/34416 (6%)]	Loss: 0.250108
Train Epoch: 165: time = 9s
U-B Train Epoch: 166 [2048/34416 (6%)]	Loss: 0.237793
Train Epoch: 166: time = 8s
Test: time=3s
Recall@20:0.2675305953417408	NDCG@20:0.13089052170021545	Precision@20:0.02169651902982938	Recall@40:0.3711202659490907	NDCG@40:0.15495969895455997	Precision@40:0.015511997812057757	Recall@80:0.48135980346308405	NDCG@80:0.17656545842084662	Precision@80:0.01030753649098924	
Test: time=3s
Recall@20:0.26656087583365895	NDCG@20:0.15340130423403706	Precision@20:0.03969246392799576	Recall@40:0.3742410002950479	NDCG@40:0.18246660042389215	Precision@40:0.02854849688706264	Recall@80:0.4959230825843824	NDCG@80:0.21026358647941132	Precision@80:0.019364650284128038	
U-B Train Epoch: 167 [2048/34416 (6%)]	Loss: 0.223853
Train Epoch: 167: time = 8s
U-B Train Epoch: 168 [2048/34416 (6%)]	Loss: 0.224297
Train Epoch: 168: time = 8s
U-B Train Epoch: 169 [2048/34416 (6%)]	Loss: 0.224111
Train Epoch: 169: time = 8s
U-B Train Epoch: 170 [2048/34416 (6%)]	Loss: 0.238204
Train Epoch: 170: time = 8s
U-B Train Epoch: 171 [2048/34416 (6%)]	Loss: 0.241402
Train Epoch: 171: time = 8s
Test: time=3s
Recall@20:0.2703215150101518	NDCG@20:0.13056302755497	Precision@20:0.021797905019829103	Recall@40:0.3723669384089061	NDCG@40:0.15425971812112543	Precision@40:0.015511997167465453	Recall@80:0.48119365335034536	NDCG@80:0.17556439625648843	Precision@80:0.010277965657813358	
Test: time=3s
Recall@20:0.26924592766176814	NDCG@20:0.15479183680465713	Precision@20:0.03996282656799502	Recall@40:0.37516355111656174	NDCG@40:0.18352486113109634	Precision@40:0.028675227601933456	Recall@80:0.4973136486738024	NDCG@80:0.21159505118949867	Precision@80:0.01957164627750728	
U-B Train Epoch: 172 [2048/34416 (6%)]	Loss: 0.261810
Train Epoch: 172: time = 8s
U-B Train Epoch: 173 [2048/34416 (6%)]	Loss: 0.220418
Train Epoch: 173: time = 8s
U-B Train Epoch: 174 [2048/34416 (6%)]	Loss: 0.223243
Train Epoch: 174: time = 8s
U-B Train Epoch: 175 [2048/34416 (6%)]	Loss: 0.221522
Train Epoch: 175: time = 8s
U-B Train Epoch: 176 [2048/34416 (6%)]	Loss: 0.208137
Train Epoch: 176: time = 8s
Test: time=3s
Recall@20:0.27019236449576506	NDCG@20:0.13153775425608313	Precision@20:0.02193308569523643	Recall@40:0.3736164109776978	NDCG@40:0.15550611727380317	Precision@40:0.015638729171520878	Recall@80:0.4817719299997096	NDCG@80:0.17663037660114667	Precision@80:0.01030753649098924	
Test: time=3s
Recall@20:0.26965678048399744	NDCG@20:0.1545594071326686	Precision@20:0.040114905875290756	Recall@40:0.37862767267565584	NDCG@40:0.18389308061822116	Precision@40:0.0288442048965253	Recall@80:0.4999526508275864	NDCG@80:0.2117608609574999	Precision@80:0.019660358938183	
U-B Train Epoch: 177 [2048/34416 (6%)]	Loss: 0.202780
Train Epoch: 177: time = 8s
U-B Train Epoch: 178 [2048/34416 (6%)]	Loss: 0.222040
Train Epoch: 178: time = 8s
U-B Train Epoch: 179 [2048/34416 (6%)]	Loss: 0.208013
Train Epoch: 179: time = 7s
U-B Train Epoch: 180 [2048/34416 (6%)]	Loss: 0.200946
Train Epoch: 180: time = 8s
U-B Train Epoch: 181 [2048/34416 (6%)]	Loss: 0.204902
Train Epoch: 181: time = 7s
Test: time=3s
Recall@20:0.26895145726953257	NDCG@20:0.13117706876382831	Precision@20:0.021679622009421733	Recall@40:0.37355257055573304	NDCG@40:0.1556347443792376	Precision@40:0.01563872981611318	Recall@80:0.4821966286646671	NDCG@80:0.17681530497693743	Precision@80:0.010299087819637339	
Test: time=3s
Recall@20:0.2692893680264395	NDCG@20:0.15489572961413406	Precision@20:0.04035147060692089	Recall@40:0.3763426393623004	NDCG@40:0.18368399292280965	Precision@40:0.028683678207062274	Recall@80:0.5008288941378527	NDCG@80:0.21214317638916758	Precision@80:0.01962233895021099	
U-B Train Epoch: 182 [2048/34416 (6%)]	Loss: 0.209564
Train Epoch: 182: time = 8s
U-B Train Epoch: 183 [2048/34416 (6%)]	Loss: 0.189989
Train Epoch: 183: time = 8s
U-B Train Epoch: 184 [2048/34416 (6%)]	Loss: 0.220684
Train Epoch: 184: time = 8s
U-B Train Epoch: 185 [2048/34416 (6%)]	Loss: 0.220600
Train Epoch: 185: time = 8s
U-B Train Epoch: 186 [2048/34416 (6%)]	Loss: 0.185073
Train Epoch: 186: time = 8s
Test: time=3s
Recall@20:0.2690342126081182	NDCG@20:0.13152978193844522	Precision@20:0.021730313715236982	Recall@40:0.37480165121240283	NDCG@40:0.15613883618931385	Precision@40:0.015664075830168885	Recall@80:0.4817456306336336	NDCG@80:0.17703450245807284	Precision@80:0.010299087497341186	
Test: time=3s
Recall@20:0.26959733875992736	NDCG@20:0.15494848304843936	Precision@20:0.04016559790340216	Recall@40:0.3745179016793971	NDCG@40:0.18343942171014938	Precision@40:0.028641432271933547	Recall@80:0.4991023562251817	NDCG@80:0.21196188609235067	Precision@80:0.01958431928453513	
U-B Train Epoch: 187 [2048/34416 (6%)]	Loss: 0.229617
Train Epoch: 187: time = 8s
U-B Train Epoch: 188 [2048/34416 (6%)]	Loss: 0.187069
Train Epoch: 188: time = 7s
U-B Train Epoch: 189 [2048/34416 (6%)]	Loss: 0.189876
Train Epoch: 189: time = 8s
U-B Train Epoch: 190 [2048/34416 (6%)]	Loss: 0.195150
Train Epoch: 190: time = 8s
U-B Train Epoch: 191 [2048/34416 (6%)]	Loss: 0.181136
Train Epoch: 191: time = 8s
Test: time=3s
Recall@20:0.2691679113658146	NDCG@20:0.13190891308412234	Precision@20:0.021730315326717747	Recall@40:0.3736088976097816	NDCG@40:0.1562858315970939	Precision@40:0.015630281144761282	Recall@80:0.4814512736896439	NDCG@80:0.17734220246279228	Precision@80:0.010282190154637385	
Test: time=3s
Recall@20:0.2708428715805461	NDCG@20:0.15499232306034028	Precision@20:0.04016559790340216	Recall@40:0.37370916523213077	NDCG@40:0.1830125340097214	Precision@40:0.028573842901118345	Recall@80:0.4967481813627387	NDCG@80:0.21121246245069333	Precision@80:0.019482933616831562	
U-B Train Epoch: 192 [2048/34416 (6%)]	Loss: 0.185591
Train Epoch: 192: time = 8s
U-B Train Epoch: 193 [2048/34416 (6%)]	Loss: 0.184971
Train Epoch: 193: time = 8s
U-B Train Epoch: 194 [2048/34416 (6%)]	Loss: 0.161541
Train Epoch: 194: time = 8s
U-B Train Epoch: 195 [2048/34416 (6%)]	Loss: 0.171712
Train Epoch: 195: time = 8s
U-B Train Epoch: 196 [2048/34416 (6%)]	Loss: 0.206083
Train Epoch: 196: time = 8s
Test: time=3s
Recall@20:0.26945892674329114	NDCG@20:0.1322980173619545	Precision@20:0.02179790566442141	Recall@40:0.3744425050065742	NDCG@40:0.15670140541337074	Precision@40:0.015697871482464945	Recall@80:0.48102587370825767	NDCG@80:0.17758986256178186	Precision@80:0.010332882666193017	
Test: time=3s
Recall@20:0.271897177069362	NDCG@20:0.15564950554304002	Precision@20:0.04031767592151329	Recall@40:0.3743852703665591	NDCG@40:0.18359338387157031	Precision@40:0.028632984245173954	Recall@80:0.49636442720104446	NDCG@80:0.2115861506589404	Precision@80:0.019487157952507512	
U-B Train Epoch: 197 [2048/34416 (6%)]	Loss: 0.170914
Train Epoch: 197: time = 8s
U-B Train Epoch: 198 [2048/34416 (6%)]	Loss: 0.187582
Train Epoch: 198: time = 8s
U-B Train Epoch: 199 [2048/34416 (6%)]	Loss: 0.164825
Train Epoch: 199: time = 8s
U-B Train Epoch: 200 [2048/34416 (6%)]	Loss: 0.185636
Train Epoch: 200: time = 8s
U-B Train Epoch: 201 [2048/34416 (6%)]	Loss: 0.168459
Train Epoch: 201: time = 8s
Test: time=3s
Recall@20:0.26974819914317283	NDCG@20:0.13214153097706416	Precision@20:0.021831698738348247	Recall@40:0.3723092602893846	NDCG@40:0.15590802573319745	Precision@40:0.01548665115340975	Recall@80:0.4818750647686349	NDCG@80:0.17746566509467276	Precision@80:0.01032443431713727	
Test: time=3s
Recall@20:0.27250674996435664	NDCG@20:0.15555395891473842	Precision@20:0.04052044661232812	Recall@40:0.37537749903795886	NDCG@40:0.18357714014546458	Precision@40:0.02878506161869277	Recall@80:0.4951500565508565	NDCG@80:0.21108273438160063	Precision@80:0.01945758760277586	
U-B Train Epoch: 202 [2048/34416 (6%)]	Loss: 0.200487
Train Epoch: 202: time = 8s
U-B Train Epoch: 203 [2048/34416 (6%)]	Loss: 0.156834
Train Epoch: 203: time = 8s
U-B Train Epoch: 204 [2048/34416 (6%)]	Loss: 0.174769
Train Epoch: 204: time = 8s
U-B Train Epoch: 205 [2048/34416 (6%)]	Loss: 0.181201
Train Epoch: 205: time = 8s
U-B Train Epoch: 206 [2048/34416 (6%)]	Loss: 0.161514
Train Epoch: 206: time = 8s
Test: time=3s
Recall@20:0.2710806952009494	NDCG@20:0.13210736500648843	Precision@20:0.021831700027532857	Recall@40:0.37461631803264406	NDCG@40:0.15611405806107956	Precision@40:0.015588037465705626	Recall@80:0.48122691431332376	NDCG@80:0.17701984700740855	Precision@80:0.010290638987137361	
Test: time=3s
Recall@20:0.2739523436097367	NDCG@20:0.15630215525264554	Precision@20:0.040604934615031736	Recall@40:0.3770204101232469	NDCG@40:0.184358318982474	Precision@40:0.02881885823787729	Recall@80:0.49314690087445084	NDCG@80:0.21119347533973418	Precision@80:0.01939422160074815	
U-B Train Epoch: 207 [2048/34416 (6%)]	Loss: 0.176004
Train Epoch: 207: time = 8s
U-B Train Epoch: 208 [2048/34416 (6%)]	Loss: 0.171274
Train Epoch: 208: time = 8s
U-B Train Epoch: 209 [2048/34416 (6%)]	Loss: 0.157823
Train Epoch: 209: time = 8s
U-B Train Epoch: 210 [2048/34416 (6%)]	Loss: 0.165332
Train Epoch: 210: time = 8s
U-B Train Epoch: 211 [2048/34416 (6%)]	Loss: 0.178484
Train Epoch: 211: time = 8s
Test: time=3s
Recall@20:0.2699049743054162	NDCG@20:0.1322470430024132	Precision@20:0.021882393344828874	Recall@40:0.37312933124775577	NDCG@40:0.15619657103295825	Precision@40:0.015554241813409565	Recall@80:0.47964549733400746	NDCG@80:0.1771358813575572	Precision@80:0.010277965496665282	
Test: time=3s
Recall@20:0.27329343619802665	NDCG@20:0.15555740361602052	Precision@20:0.040385265936920794	Recall@40:0.3747583346094542	NDCG@40:0.1832605421885561	Precision@40:0.028616086902470153	Recall@80:0.4937740221503781	NDCG@80:0.210626662119936	Precision@80:0.01936042627074824	
