nohup: ignoring input
>>>>>>>>>>B-I statistics>>>>>>>>>>
Average interactions 37.02934265136719
Non-zero rows 1.0
Non-zero columns 0.8566981995727799
Matrix density 0.0011299769286862884
finish loading assist data
>>>>>>>>>>U-I statistics>>>>>>>>>>
Average interactions 17.230377197265625
Non-zero rows 0.9958950118173903
Non-zero columns 0.641867561794324
Matrix density 0.0005257972814327529
finish loading item data
>>>>>>>>>>U-B statistics in train>>>>>>>>>>
Average interactions 4.281129360198975
Non-zero rows 0.3680806070406767
Non-zero columns 0.8645986166422134
Matrix density 0.0008973233061660289
finish loading bundle train data
>>>>>>>>>>U-B statistics in test>>>>>>>>>>
Average interactions 1.2123398780822754
Non-zero rows 0.3680806070406767
Non-zero columns 0.5017815971494446
Matrix density 0.0002541060245785134
finish loading bundle test data
>>>>>>>>>>B-I statistics>>>>>>>>>>
Average interactions 37.02934265136719
Non-zero rows 1.0
Non-zero columns 0.8566981995727799
Matrix density 0.0011299769286862884
finish loading assist data
>>>>>>>>>>U-I statistics>>>>>>>>>>
Average interactions 17.230377197265625
Non-zero rows 0.9958950118173903
Non-zero columns 0.641867561794324
Matrix density 0.0005257972814327529
finish loading item data
>>>>>>>>>>U-B statistics in train>>>>>>>>>>
Average interactions 4.281129360198975
Non-zero rows 0.3680806070406767
Non-zero columns 0.8645986166422134
Matrix density 0.0008973233061660289
finish loading bundle train data
>>>>>>>>>>U-B statistics in test>>>>>>>>>>
Average interactions 0.6454783082008362
Non-zero rows 0.3680806070406767
Non-zero columns 0.34835464263257176
Matrix density 0.00013529203381263145
finish loading bundle test data
IHGCN model
/data/lzm/IHBR - 副本/model/IHGCN.py:169: UserWarning: Creating a tensor from a list of numpy.ndarrays is extremely slow. Please consider converting the list to a single numpy.ndarray with numpy.array() before converting to a tensor. (Triggered internally at  /opt/conda/conda-bld/pytorch_1640811805959/work/torch/csrc/utils/tensor_new.cpp:201.)
  ub_indices = torch.tensor([ub_graph_coo.row, ub_graph_coo.col], dtype=torch.long)
finish generating bi, ui graph
finish generating non-atom graph
U-B Train Epoch: 1 [2048/34416 (6%)]	Loss: 0.999586
Train Epoch: 1: time = 14s
Test: time=3s
Recall@20:0.04867796399940627	NDCG@20:0.01755028828127475	Precision@20:0.00388644812436634	Recall@40:0.09529857886889045	NDCG@40:0.027900524983820216	Precision@40:0.0037935113697367853	Recall@80:0.17451426256907554	NDCG@80:0.042764417462028255	Precision@80:0.0034935790245981787	
Test: time=3s
Recall@20:0.020322594379967796	NDCG@20:0.009958116538462587	Precision@20:0.003548496194125914	Recall@40:0.0458753875237375	NDCG@40:0.016676069313144717	Precision@40:0.003742818697033077	Recall@80:0.0959701821706552	NDCG@80:0.027467488517387367	Precision@80:0.0036794526950053646	
U-B Train Epoch: 2 [2048/34416 (6%)]	Loss: 0.987597
Train Epoch: 2: time = 8s
U-B Train Epoch: 3 [2048/34416 (6%)]	Loss: 0.971488
Train Epoch: 3: time = 9s
U-B Train Epoch: 4 [2048/34416 (6%)]	Loss: 0.960599
Train Epoch: 4: time = 8s
U-B Train Epoch: 5 [2048/34416 (6%)]	Loss: 0.942597
Train Epoch: 5: time = 9s
U-B Train Epoch: 6 [2048/34416 (6%)]	Loss: 0.909572
Train Epoch: 6: time = 9s
Test: time=3s
Recall@20:0.09961095296196455	NDCG@20:0.041852820197566615	Precision@20:0.009479554128953032	Recall@40:0.18126928310774595	NDCG@40:0.06032630969399171	Precision@40:0.008153092422047028	Recall@80:0.29422088860256845	NDCG@80:0.08182152931494421	Precision@80:0.006471781039326607	
Test: time=3s
Recall@20:0.12332546005945183	NDCG@20:0.06034276484637375	Precision@20:0.019719500926830915	Recall@40:0.206795602523221	NDCG@40:0.08246639106031123	Precision@40:0.016247043500038447	Recall@80:0.3308949626833654	NDCG@80:0.10967944610275986	Precision@80:0.012795707751625734	
U-B Train Epoch: 7 [2048/34416 (6%)]	Loss: 0.860522
Train Epoch: 7: time = 8s
U-B Train Epoch: 8 [2048/34416 (6%)]	Loss: 0.783503
Train Epoch: 8: time = 8s
U-B Train Epoch: 9 [2048/34416 (6%)]	Loss: 0.717366
Train Epoch: 9: time = 8s
U-B Train Epoch: 10 [2048/34416 (6%)]	Loss: 0.682498
Train Epoch: 10: time = 9s
U-B Train Epoch: 11 [2048/34416 (6%)]	Loss: 0.674359
Train Epoch: 11: time = 9s
Test: time=3s
Recall@20:0.17761457107404713	NDCG@20:0.07788084519396928	Precision@20:0.015613383157465174	Recall@40:0.2828728152755629	NDCG@40:0.10177234315759388	Precision@40:0.012140926052968862	Recall@80:0.4001079635388064	NDCG@80:0.12412975397654666	Precision@80:0.008516390769213348	
Test: time=3s
Recall@20:0.18420613331744784	NDCG@20:0.09277374432593755	Precision@20:0.029790468979784265	Recall@40:0.2931846162280991	NDCG@40:0.12147724374640266	Precision@40:0.02313281668727162	Recall@80:0.41554812540593844	NDCG@80:0.1488459523604826	Precision@80:0.016361102174769868	
U-B Train Epoch: 12 [2048/34416 (6%)]	Loss: 0.659051
Train Epoch: 12: time = 9s
U-B Train Epoch: 13 [2048/34416 (6%)]	Loss: 0.666133
Train Epoch: 13: time = 9s
U-B Train Epoch: 14 [2048/34416 (6%)]	Loss: 0.665036
Train Epoch: 14: time = 9s
U-B Train Epoch: 15 [2048/34416 (6%)]	Loss: 0.681213
Train Epoch: 15: time = 9s
U-B Train Epoch: 16 [2048/34416 (6%)]	Loss: 0.630443
Train Epoch: 16: time = 9s
Test: time=3s
Recall@20:0.1890140080943467	NDCG@20:0.08257144542512317	Precision@20:0.016103413186390764	Recall@40:0.28833999453303216	NDCG@40:0.10538207296182595	Precision@40:0.012402839054727765	Recall@80:0.4080577462297229	NDCG@80:0.12823084102526192	Precision@80:0.008731835272796414	
Test: time=3s
Recall@20:0.1940556275115379	NDCG@20:0.09695690086702513	Precision@20:0.029841164230857198	Recall@40:0.2928721385052092	NDCG@40:0.12379639146294937	Precision@40:0.02296384003727208	Recall@80:0.4238148103013317	NDCG@80:0.15310888880207232	Precision@80:0.016580771175176964	
U-B Train Epoch: 17 [2048/34416 (6%)]	Loss: 0.671761
Train Epoch: 17: time = 8s
U-B Train Epoch: 18 [2048/34416 (6%)]	Loss: 0.626703
Train Epoch: 18: time = 9s
U-B Train Epoch: 19 [2048/34416 (6%)]	Loss: 0.650358
Train Epoch: 19: time = 9s
U-B Train Epoch: 20 [2048/34416 (6%)]	Loss: 0.641888
Train Epoch: 20: time = 9s
U-B Train Epoch: 21 [2048/34416 (6%)]	Loss: 0.642480
Train Epoch: 21: time = 9s
Test: time=3s
Recall@20:0.19022084990640314	NDCG@20:0.0850620314896852	Precision@20:0.016356877516797767	Recall@40:0.2914989093704456	NDCG@40:0.10833597392720039	Precision@40:0.012546469046079294	Recall@80:0.4212990232559828	NDCG@80:0.1330918508351111	Precision@80:0.008989523455435137	
Test: time=3s
Recall@20:0.19151719207093296	NDCG@20:0.09967153948196973	Precision@20:0.030060831619783526	Recall@40:0.2966171476074714	NDCG@40:0.12754381134043516	Precision@40:0.023132815398087005	Recall@80:0.4238292285420275	NDCG@80:0.15631965206619372	Precision@80:0.01669060551423243	
U-B Train Epoch: 22 [2048/34416 (6%)]	Loss: 0.642014
Train Epoch: 22: time = 9s
U-B Train Epoch: 23 [2048/34416 (6%)]	Loss: 0.611697
Train Epoch: 23: time = 9s
U-B Train Epoch: 24 [2048/34416 (6%)]	Loss: 0.646134
Train Epoch: 24: time = 8s
U-B Train Epoch: 25 [2048/34416 (6%)]	Loss: 0.621978
Train Epoch: 25: time = 9s
U-B Train Epoch: 26 [2048/34416 (6%)]	Loss: 0.632641
Train Epoch: 26: time = 9s
Test: time=3s
Recall@20:0.19413545897942452	NDCG@20:0.0869687999894225	Precision@20:0.01645826350679749	Recall@40:0.2978576268244128	NDCG@40:0.11093996182693425	Precision@40:0.012757688408246029	Recall@80:0.41925977041045326	NDCG@80:0.13403702426818867	Precision@80:0.008913484285231497	
Test: time=3s
Recall@20:0.19759968367328754	NDCG@20:0.10645219416745653	Precision@20:0.030787428314116162	Recall@40:0.300889696209525	NDCG@40:0.1341435470142732	Precision@40:0.023546806740253185	Recall@80:0.431704733572364	NDCG@80:0.1634135837690296	Precision@80:0.016910273870047222	
U-B Train Epoch: 27 [2048/34416 (6%)]	Loss: 0.642673
Train Epoch: 27: time = 9s
U-B Train Epoch: 28 [2048/34416 (6%)]	Loss: 0.630285
Train Epoch: 28: time = 9s
U-B Train Epoch: 29 [2048/34416 (6%)]	Loss: 0.636639
Train Epoch: 29: time = 9s
U-B Train Epoch: 30 [2048/34416 (6%)]	Loss: 0.616437
Train Epoch: 30: time = 9s
U-B Train Epoch: 31 [2048/34416 (6%)]	Loss: 0.644134
Train Epoch: 31: time = 9s
Test: time=3s
Recall@20:0.20020920991011268	NDCG@20:0.09141132113658806	Precision@20:0.01686380521072331	Recall@40:0.2993231615773646	NDCG@40:0.11420930048306675	Precision@40:0.012732342394190327	Recall@80:0.42078085354994826	NDCG@80:0.13746524203585064	Precision@80:0.00896417760252751	
Test: time=3s
Recall@20:0.1921416163726528	NDCG@20:0.1071250479782945	Precision@20:0.030077729607079634	Recall@40:0.3011093835808128	NDCG@40:0.13626878331665576	Precision@40:0.023521460726197485	Recall@80:0.4278282895205834	NDCG@80:0.16486275103415296	Precision@80:0.016901825843287626	
U-B Train Epoch: 32 [2048/34416 (6%)]	Loss: 0.638087
Train Epoch: 32: time = 9s
U-B Train Epoch: 33 [2048/34416 (6%)]	Loss: 0.647617
Train Epoch: 33: time = 9s
U-B Train Epoch: 34 [2048/34416 (6%)]	Loss: 0.620115
Train Epoch: 34: time = 8s
U-B Train Epoch: 35 [2048/34416 (6%)]	Loss: 0.611695
Train Epoch: 35: time = 9s
U-B Train Epoch: 36 [2048/34416 (6%)]	Loss: 0.648779
Train Epoch: 36: time = 8s
Test: time=3s
Recall@20:0.20428395118210596	NDCG@20:0.09519423226643027	Precision@20:0.01718485955653782	Recall@40:0.3050627094460887	NDCG@40:0.11820872243331389	Precision@40:0.012892869083653353	Recall@80:0.4301756368613235	NDCG@80:0.14214177726289234	Precision@80:0.009103582291314633	
Test: time=3s
Recall@20:0.19585446805396406	NDCG@20:0.10822014326822037	Precision@20:0.03061845230870893	Recall@40:0.3078458682231381	NDCG@40:0.13815171221455597	Precision@40:0.023952349411067466	Recall@80:0.4349698050274322	NDCG@80:0.16677383572396978	Precision@80:0.017070800559510248	
U-B Train Epoch: 37 [2048/34416 (6%)]	Loss: 0.627310
Train Epoch: 37: time = 9s
U-B Train Epoch: 38 [2048/34416 (6%)]	Loss: 0.601669
Train Epoch: 38: time = 9s
U-B Train Epoch: 39 [2048/34416 (6%)]	Loss: 0.618771
Train Epoch: 39: time = 9s
U-B Train Epoch: 40 [2048/34416 (6%)]	Loss: 0.644885
Train Epoch: 40: time = 9s
U-B Train Epoch: 41 [2048/34416 (6%)]	Loss: 0.628987
Train Epoch: 41: time = 9s
Test: time=3s
Recall@20:0.2027217172698098	NDCG@20:0.09854413851486263	Precision@20:0.017151064548834066	Recall@40:0.3046355716438461	NDCG@40:0.12180196098799478	Precision@40:0.012875972063245705	Recall@80:0.4286956219868146	NDCG@80:0.14552298620287812	Precision@80:0.009078235793814702	
Test: time=3s
Recall@20:0.2077224334376452	NDCG@20:0.11532625260889712	Precision@20:0.03156471832574481	Recall@40:0.30803901901838143	NDCG@40:0.14248668829224004	Precision@40:0.02381716873566014	Recall@80:0.43126313111877956	NDCG@80:0.170250658329857	Precision@80:0.016884927533695367	
U-B Train Epoch: 42 [2048/34416 (6%)]	Loss: 0.604501
Train Epoch: 42: time = 8s
U-B Train Epoch: 43 [2048/34416 (6%)]	Loss: 0.633081
Train Epoch: 43: time = 8s
U-B Train Epoch: 44 [2048/34416 (6%)]	Loss: 0.612232
Train Epoch: 44: time = 8s
U-B Train Epoch: 45 [2048/34416 (6%)]	Loss: 0.632263
Train Epoch: 45: time = 9s
U-B Train Epoch: 46 [2048/34416 (6%)]	Loss: 0.601418
Train Epoch: 46: time = 8s
Test: time=3s
Recall@20:0.2064998120059432	NDCG@20:0.0970686577026326	Precision@20:0.01721865488653773	Recall@40:0.31212404282683653	NDCG@40:0.12136552300796431	Precision@40:0.013205475402708269	Recall@80:0.43148464397547737	NDCG@80:0.14425429962663563	Precision@80:0.009183846119490375	
Test: time=3s
Recall@20:0.20772249016176814	NDCG@20:0.11442838709432557	Precision@20:0.03181818297844797	Recall@40:0.31109714540286254	NDCG@40:0.14231744671480281	Precision@40:0.024180466760530307	Recall@80:0.43714890861962447	NDCG@80:0.1707078547605029	Precision@80:0.017125718534778366	
U-B Train Epoch: 47 [2048/34416 (6%)]	Loss: 0.601259
Train Epoch: 47: time = 8s
U-B Train Epoch: 48 [2048/34416 (6%)]	Loss: 0.606232
Train Epoch: 48: time = 8s
U-B Train Epoch: 49 [2048/34416 (6%)]	Loss: 0.611133
Train Epoch: 49: time = 9s
U-B Train Epoch: 50 [2048/34416 (6%)]	Loss: 0.607378
Train Epoch: 50: time = 8s
U-B Train Epoch: 51 [2048/34416 (6%)]	Loss: 0.630590
Train Epoch: 51: time = 8s
Test: time=3s
Recall@20:0.2083116165888233	NDCG@20:0.09815731222623907	Precision@20:0.017320041198833604	Recall@40:0.3133676109301073	NDCG@40:0.12217673984642326	Precision@40:0.01322237274541207	Recall@80:0.43003067063012207	NDCG@80:0.1446574560167339	Precision@80:0.00911625545949056	
Test: time=3s
Recall@20:0.21816120876094383	NDCG@20:0.12405487297756844	Precision@20:0.033119297704409814	Recall@40:0.3150096092726903	NDCG@40:0.1504060720100158	Precision@40:0.02450997009999287	Recall@80:0.439054570998965	NDCG@80:0.17847231716350673	Precision@80:0.017336938541537405	
U-B Train Epoch: 52 [2048/34416 (6%)]	Loss: 0.612331
Train Epoch: 52: time = 8s
U-B Train Epoch: 53 [2048/34416 (6%)]	Loss: 0.607852
Train Epoch: 53: time = 8s
U-B Train Epoch: 54 [2048/34416 (6%)]	Loss: 0.610090
Train Epoch: 54: time = 8s
U-B Train Epoch: 55 [2048/34416 (6%)]	Loss: 0.606443
Train Epoch: 55: time = 8s
U-B Train Epoch: 56 [2048/34416 (6%)]	Loss: 0.602390
Train Epoch: 56: time = 8s
Test: time=3s
Recall@20:0.2161899217281361	NDCG@20:0.10103832269367555	Precision@20:0.017928354238166563	Recall@40:0.31361813044056536	NDCG@40:0.12357664478916942	Precision@40:0.013323757768523334	Recall@80:0.42812552392462616	NDCG@80:0.14571876951309828	Precision@80:0.009166948454490422	
Test: time=3s
Recall@20:0.21766487268549076	NDCG@20:0.12397354605553237	Precision@20:0.033406556397928264	Recall@40:0.3176976416956214	NDCG@40:0.15089542070487416	Precision@40:0.024678946105400102	Recall@80:0.44351288079006845	NDCG@80:0.1792978723132155	Precision@80:0.017417201886268916	
U-B Train Epoch: 57 [2048/34416 (6%)]	Loss: 0.634300
Train Epoch: 57: time = 8s
U-B Train Epoch: 58 [2048/34416 (6%)]	Loss: 0.590017
Train Epoch: 58: time = 8s
U-B Train Epoch: 59 [2048/34416 (6%)]	Loss: 0.618523
Train Epoch: 59: time = 7s
U-B Train Epoch: 60 [2048/34416 (6%)]	Loss: 0.616992
Train Epoch: 60: time = 8s
U-B Train Epoch: 61 [2048/34416 (6%)]	Loss: 0.619476
Train Epoch: 61: time = 8s
Test: time=3s
Recall@20:0.2132925154108097	NDCG@20:0.10165230717841094	Precision@20:0.017877662532351315	Recall@40:0.31192501334976447	NDCG@40:0.12431608240682557	Precision@40:0.013239270088115871	Recall@80:0.42798779775420326	NDCG@80:0.1466744265954371	Precision@80:0.00914582629266644	
Test: time=3s
Recall@20:0.21657482584250382	NDCG@20:0.12279930256556401	Precision@20:0.03306860374252149	Recall@40:0.31905417331129604	NDCG@40:0.15028020633801933	Precision@40:0.024645150775400197	Recall@80:0.44322659929848557	NDCG@80:0.17847900029653307	Precision@80:0.017455221229648623	
U-B Train Epoch: 62 [2048/34416 (6%)]	Loss: 0.595546
Train Epoch: 62: time = 7s
U-B Train Epoch: 63 [2048/34416 (6%)]	Loss: 0.633224
Train Epoch: 63: time = 8s
U-B Train Epoch: 64 [2048/34416 (6%)]	Loss: 0.604439
Train Epoch: 64: time = 8s
U-B Train Epoch: 65 [2048/34416 (6%)]	Loss: 0.629711
Train Epoch: 65: time = 7s
U-B Train Epoch: 66 [2048/34416 (6%)]	Loss: 0.590793
Train Epoch: 66: time = 8s
Test: time=3s
Recall@20:0.2307655667082286	NDCG@20:0.10693819098232485	Precision@20:0.018874619932906296	Recall@40:0.3266206865739323	NDCG@40:0.1291814084067543	Precision@40:0.013720852090281866	Recall@80:0.4371665343516338	NDCG@80:0.1504414291871726	Precision@80:0.009255660954018065	
Test: time=2s
Recall@20:0.22534182265869224	NDCG@20:0.1302569699714457	Precision@20:0.034166948422260805	Recall@40:0.3228208046178634	NDCG@40:0.15684641805521818	Precision@40:0.025076039460270177	Recall@80:0.4439783073752746	NDCG@80:0.1843148270504182	Precision@80:0.017493241539916785	
U-B Train Epoch: 67 [2048/34416 (6%)]	Loss: 0.616462
Train Epoch: 67: time = 8s
U-B Train Epoch: 68 [2048/34416 (6%)]	Loss: 0.616313
Train Epoch: 68: time = 8s
U-B Train Epoch: 69 [2048/34416 (6%)]	Loss: 0.604437
Train Epoch: 69: time = 8s
U-B Train Epoch: 70 [2048/34416 (6%)]	Loss: 0.597501
Train Epoch: 70: time = 8s
U-B Train Epoch: 71 [2048/34416 (6%)]	Loss: 0.637588
Train Epoch: 71: time = 8s
Test: time=3s
Recall@20:0.2322624750578875	NDCG@20:0.10911025304816872	Precision@20:0.018807029917498785	Recall@40:0.333607845428869	NDCG@40:0.1324665163690555	Precision@40:0.013915174754337106	Recall@80:0.43592267747101004	NDCG@80:0.15235822238644944	Precision@80:0.009285231948342023	
Test: time=3s
Recall@20:0.22637091685324434	NDCG@20:0.13124886345484643	Precision@20:0.034352823059556455	Recall@40:0.32581751940418796	NDCG@40:0.15815423654116018	Precision@40:0.025118283461621985	Recall@80:0.44833226540717935	NDCG@80:0.18582407031844056	Precision@80:0.017518587231676333	
U-B Train Epoch: 72 [2048/34416 (6%)]	Loss: 0.608994
Train Epoch: 72: time = 7s
U-B Train Epoch: 73 [2048/34416 (6%)]	Loss: 0.595892
Train Epoch: 73: time = 6s
U-B Train Epoch: 74 [2048/34416 (6%)]	Loss: 0.622356
Train Epoch: 74: time = 8s
U-B Train Epoch: 75 [2048/34416 (6%)]	Loss: 0.594096
Train Epoch: 75: time = 8s
U-B Train Epoch: 76 [2048/34416 (6%)]	Loss: 0.577256
Train Epoch: 76: time = 8s
Test: time=3s
Recall@20:0.22896316285953605	NDCG@20:0.10997204202057019	Precision@20:0.018654950610203048	Recall@40:0.3278059319653758	NDCG@40:0.13282020674560793	Precision@40:0.013695505753930012	Recall@80:0.43565046356190856	NDCG@80:0.15375322842767167	Precision@80:0.009259885611990168	
Test: time=3s
Recall@20:0.2243953187870955	NDCG@20:0.12930018872012558	Precision@20:0.03415005107955701	Recall@40:0.32200641638526	NDCG@40:0.15571642711622644	Precision@40:0.02498310278621466	Recall@80:0.44464134017774165	NDCG@80:0.1834426008394015	Precision@80:0.017459445887620724	
U-B Train Epoch: 77 [2048/34416 (6%)]	Loss: 0.582549
Train Epoch: 77: time = 8s
U-B Train Epoch: 78 [2048/34416 (6%)]	Loss: 0.573946
Train Epoch: 78: time = 8s
U-B Train Epoch: 79 [2048/34416 (6%)]	Loss: 0.616538
Train Epoch: 79: time = 8s
U-B Train Epoch: 80 [2048/34416 (6%)]	Loss: 0.578842
Train Epoch: 80: time = 8s
U-B Train Epoch: 81 [2048/34416 (6%)]	Loss: 0.586858
Train Epoch: 81: time = 8s
Test: time=3s
Recall@20:0.23321759583942792	NDCG@20:0.11241500044884252	Precision@20:0.019060493925609635	Recall@40:0.33009597247176253	NDCG@40:0.13475418477575696	Precision@40:0.01379689109933743	Recall@80:0.4418522769351713	NDCG@80:0.15646361789013655	Precision@80:0.009382392796925413	
Test: time=3s
Recall@20:0.23015430240302362	NDCG@20:0.13268729181215544	Precision@20:0.03421764238414913	Recall@40:0.33319926157155605	NDCG@40:0.16052870832612764	Precision@40:0.02545623547243645	Recall@80:0.45134994749202645	NDCG@80:0.1873732937796368	Precision@80:0.017628421570731804	
U-B Train Epoch: 82 [2048/34416 (6%)]	Loss: 0.597311
Train Epoch: 82: time = 8s
U-B Train Epoch: 83 [2048/34416 (6%)]	Loss: 0.617202
Train Epoch: 83: time = 8s
U-B Train Epoch: 84 [2048/34416 (6%)]	Loss: 0.600434
Train Epoch: 84: time = 8s
U-B Train Epoch: 85 [2048/34416 (6%)]	Loss: 0.600524
Train Epoch: 85: time = 8s
U-B Train Epoch: 86 [2048/34416 (6%)]	Loss: 0.568406
Train Epoch: 86: time = 8s
Test: time=3s
Recall@20:0.23474536211194924	NDCG@20:0.11534536348157898	Precision@20:0.018976005278313713	Recall@40:0.33299914402267183	NDCG@40:0.1381275296896122	Precision@40:0.013889828095689099	Recall@80:0.43927311357431775	NDCG@80:0.15886596958151375	Precision@80:0.009361270957397584	
Test: time=3s
Recall@20:0.22817231513793987	NDCG@20:0.1328592458340154	Precision@20:0.0340993590514456	Recall@40:0.3307198965698531	NDCG@40:0.1606865638250755	Precision@40:0.025380196785677038	Recall@80:0.4496443459374472	NDCG@80:0.18787094998013212	Precision@80:0.01772135888937963	
U-B Train Epoch: 87 [2048/34416 (6%)]	Loss: 0.566191
Train Epoch: 87: time = 8s
U-B Train Epoch: 88 [2048/34416 (6%)]	Loss: 0.577826
Train Epoch: 88: time = 8s
U-B Train Epoch: 89 [2048/34416 (6%)]	Loss: 0.600408
Train Epoch: 89: time = 8s
U-B Train Epoch: 90 [2048/34416 (6%)]	Loss: 0.597030
Train Epoch: 90: time = 8s
U-B Train Epoch: 91 [2048/34416 (6%)]	Loss: 0.582580
Train Epoch: 91: time = 8s
Test: time=3s
Recall@20:0.23430884420247286	NDCG@20:0.11551997322373875	Precision@20:0.019161878626424746	Recall@40:0.33554503610707004	NDCG@40:0.13869965950674848	Precision@40:0.013915174432040952	Recall@80:0.4419920142335882	NDCG@80:0.1593763036234792	Precision@80:0.00934014895672168	
Test: time=3s
Recall@20:0.23005606137888382	NDCG@20:0.13385687103219918	Precision@20:0.03470767176848241	Recall@40:0.33240463396067876	NDCG@40:0.16124514689031344	Precision@40:0.025422440787028846	Recall@80:0.4483845341080707	NDCG@80:0.1880421279128559	Precision@80:0.01769178789505567	
U-B Train Epoch: 92 [2048/34416 (6%)]	Loss: 0.601723
Train Epoch: 92: time = 8s
U-B Train Epoch: 93 [2048/34416 (6%)]	Loss: 0.581382
Train Epoch: 93: time = 8s
U-B Train Epoch: 94 [2048/34416 (6%)]	Loss: 0.567521
Train Epoch: 94: time = 8s
U-B Train Epoch: 95 [2048/34416 (6%)]	Loss: 0.569822
Train Epoch: 95: time = 8s
U-B Train Epoch: 96 [2048/34416 (6%)]	Loss: 0.562008
Train Epoch: 96: time = 8s
Test: time=3s
Recall@20:0.23918111117235025	NDCG@20:0.11516653037063171	Precision@20:0.019229469931016867	Recall@40:0.33426632998802647	NDCG@40:0.13730681929567368	Precision@40:0.013932072097040907	Recall@80:0.44469629038262504	NDCG@80:0.15862951507516793	Precision@80:0.00942041246260127	
Test: time=3s
Recall@20:0.23084826532269137	NDCG@20:0.13466339523867202	Precision@20:0.03425143578037212	Recall@40:0.33544669194816135	NDCG@40:0.16267981340692592	Precision@40:0.02543088881378844	Recall@80:0.4519942097665491	NDCG@80:0.18926915319919102	Precision@80:0.017636870564379858	
U-B Train Epoch: 97 [2048/34416 (6%)]	Loss: 0.571993
Train Epoch: 97: time = 8s
U-B Train Epoch: 98 [2048/34416 (6%)]	Loss: 0.560672
Train Epoch: 98: time = 7s
U-B Train Epoch: 99 [2048/34416 (6%)]	Loss: 0.612633
Train Epoch: 99: time = 8s
U-B Train Epoch: 100 [2048/34416 (6%)]	Loss: 0.543259
Train Epoch: 100: time = 8s
U-B Train Epoch: 101 [2048/34416 (6%)]	Loss: 0.576370
Train Epoch: 101: time = 8s
Test: time=3s
Recall@20:0.23870369001351807	NDCG@20:0.11587522609204044	Precision@20:0.01928016292601673	Recall@40:0.3327219435474928	NDCG@40:0.13768136352250285	Precision@40:0.013805340092985483	Recall@80:0.4428681544090856	NDCG@80:0.15900560374516173	Precision@80:0.009344373453545708	
Test: time=3s
Recall@20:0.23361773295916588	NDCG@20:0.13427846534061205	Precision@20:0.03455559375037129	Recall@40:0.33403217796539686	NDCG@40:0.16118098675056503	Precision@40:0.025270362124325416	Recall@80:0.45176175431086835	NDCG@80:0.18816909712687985	Precision@80:0.017641095222351962	
U-B Train Epoch: 102 [2048/34416 (6%)]	Loss: 0.549743
Train Epoch: 102: time = 8s
U-B Train Epoch: 103 [2048/34416 (6%)]	Loss: 0.548994
Train Epoch: 103: time = 8s
U-B Train Epoch: 104 [2048/34416 (6%)]	Loss: 0.588272
Train Epoch: 104: time = 8s
U-B Train Epoch: 105 [2048/34416 (6%)]	Loss: 0.585291
Train Epoch: 105: time = 8s
U-B Train Epoch: 106 [2048/34416 (6%)]	Loss: 0.521644
Train Epoch: 106: time = 8s
Test: time=3s
Recall@20:0.2426445829824001	NDCG@20:0.1178636567018128	Precision@20:0.01949983063723921	Recall@40:0.33222064668965445	NDCG@40:0.13888319556315873	Precision@40:0.013872930430689144	Recall@80:0.43960637295314614	NDCG@80:0.15971467333010783	Precision@80:0.009340149117869756	
Test: time=3s
Recall@20:0.2334058374196704	NDCG@20:0.13474294050757488	Precision@20:0.03428523175496433	Recall@40:0.33188474190400313	NDCG@40:0.16152157643309475	Precision@40:0.025245016754862022	Recall@80:0.45115470306097394	NDCG@80:0.1887476522401202	Precision@80:0.0175946268853242	
U-B Train Epoch: 107 [2048/34416 (6%)]	Loss: 0.531171
Train Epoch: 107: time = 8s
U-B Train Epoch: 108 [2048/34416 (6%)]	Loss: 0.554576
Train Epoch: 108: time = 8s
U-B Train Epoch: 109 [2048/34416 (6%)]	Loss: 0.554024
Train Epoch: 109: time = 8s
U-B Train Epoch: 110 [2048/34416 (6%)]	Loss: 0.551115
Train Epoch: 110: time = 8s
U-B Train Epoch: 111 [2048/34416 (6%)]	Loss: 0.543168
Train Epoch: 111: time = 8s
Test: time=3s
Recall@20:0.2419123519067226	NDCG@20:0.11640721585711099	Precision@20:0.019229469608720712	Recall@40:0.33182635215457607	NDCG@40:0.1374371842219645	Precision@40:0.013729300761633766	Recall@80:0.44187504909215003	NDCG@80:0.1588079717442086	Precision@80:0.009357046460573558	
Test: time=3s
Recall@20:0.2300823968421289	NDCG@20:0.13372833416968755	Precision@20:0.03416694971144542	Recall@40:0.3319107267090339	NDCG@40:0.16130577208585697	Precision@40:0.025321054797029126	Recall@80:0.45549690372922125	NDCG@80:0.18940275397885686	Precision@80:0.017772051562083335	
U-B Train Epoch: 112 [2048/34416 (6%)]	Loss: 0.540890
Train Epoch: 112: time = 8s
U-B Train Epoch: 113 [2048/34416 (6%)]	Loss: 0.539636
Train Epoch: 113: time = 8s
U-B Train Epoch: 114 [2048/34416 (6%)]	Loss: 0.532396
Train Epoch: 114: time = 8s
U-B Train Epoch: 115 [2048/34416 (6%)]	Loss: 0.512495
Train Epoch: 115: time = 8s
U-B Train Epoch: 116 [2048/34416 (6%)]	Loss: 0.548940
Train Epoch: 116: time = 8s
Test: time=3s
Recall@20:0.24371421945461674	NDCG@20:0.11865983906933164	Precision@20:0.019449138609127805	Recall@40:0.3344037880080501	NDCG@40:0.13989490897077772	Precision@40:0.013839135100689237	Recall@80:0.4444565123583506	NDCG@80:0.16118254408557578	Precision@80:0.009386617132601362	
Test: time=3s
Recall@20:0.23344650861579608	NDCG@20:0.13579623785402453	Precision@20:0.03394728103333448	Recall@40:0.33099581817389745	NDCG@40:0.16239864997825093	Precision@40:0.025033796103510676	Recall@80:0.45234752885793345	NDCG@80:0.19015444142869212	Precision@80:0.017615748563703956	
U-B Train Epoch: 117 [2048/34416 (6%)]	Loss: 0.559591
Train Epoch: 117: time = 8s
U-B Train Epoch: 118 [2048/34416 (6%)]	Loss: 0.560455
Train Epoch: 118: time = 8s
U-B Train Epoch: 119 [2048/34416 (6%)]	Loss: 0.533738
Train Epoch: 119: time = 8s
U-B Train Epoch: 120 [2048/34416 (6%)]	Loss: 0.540131
Train Epoch: 120: time = 8s
U-B Train Epoch: 121 [2048/34416 (6%)]	Loss: 0.554211
Train Epoch: 121: time = 8s
Test: time=3s
Recall@20:0.24611649637328648	NDCG@20:0.11904251031595213	Precision@20:0.019635011634942686	Recall@40:0.33612263722369784	NDCG@40:0.1399615262963958	Precision@40:0.013872930752985298	Recall@80:0.4489662967126246	NDCG@80:0.1617532841617008	Precision@80:0.009466880960777104	
Test: time=3s
Recall@20:0.23408817705088025	NDCG@20:0.13793472181747554	Precision@20:0.03453869576307518	Recall@40:0.3369661249313535	NDCG@40:0.16562590449192346	Precision@40:0.025473133459732556	Recall@80:0.45877358815927044	NDCG@80:0.19354211949705877	Precision@80:0.017911457217758917	
U-B Train Epoch: 122 [2048/34416 (6%)]	Loss: 0.558456
Train Epoch: 122: time = 8s
U-B Train Epoch: 123 [2048/34416 (6%)]	Loss: 0.529621
Train Epoch: 123: time = 8s
U-B Train Epoch: 124 [2048/34416 (6%)]	Loss: 0.552752
Train Epoch: 124: time = 8s
U-B Train Epoch: 125 [2048/34416 (6%)]	Loss: 0.536465
Train Epoch: 125: time = 8s
U-B Train Epoch: 126 [2048/34416 (6%)]	Loss: 0.533884
Train Epoch: 126: time = 8s
Test: time=3s
Recall@20:0.24687448535750306	NDCG@20:0.11896448112815246	Precision@20:0.01973639794723856	Recall@40:0.3377936319065642	NDCG@40:0.1401960263988705	Precision@40:0.013999662757040721	Recall@80:0.4498082167717926	NDCG@80:0.16175074188964678	Precision@80:0.009479554128953032	
Test: time=3s
Recall@20:0.23505276560420804	NDCG@20:0.1373783458362926	Precision@20:0.03443730977307546	Recall@40:0.3388960807055144	NDCG@40:0.1652603407250985	Precision@40:0.025405543444325048	Recall@80:0.45402474772410445	NDCG@80:0.19185206035215654	Precision@80:0.01772135888937963	
U-B Train Epoch: 127 [2048/34416 (6%)]	Loss: 0.526837
Train Epoch: 127: time = 8s
U-B Train Epoch: 128 [2048/34416 (6%)]	Loss: 0.512445
Train Epoch: 128: time = 8s
U-B Train Epoch: 129 [2048/34416 (6%)]	Loss: 0.547006
Train Epoch: 129: time = 8s
U-B Train Epoch: 130 [2048/34416 (6%)]	Loss: 0.526801
Train Epoch: 130: time = 8s
U-B Train Epoch: 131 [2048/34416 (6%)]	Loss: 0.527679
Train Epoch: 131: time = 8s
Test: time=3s
Recall@20:0.24548190298335057	NDCG@20:0.11694606150594584	Precision@20:0.019601216949535084	Recall@40:0.33467831213597554	NDCG@40:0.13769123609825823	Precision@40:0.013796891743929736	Recall@80:0.4474318369936	NDCG@80:0.1594743203294966	Precision@80:0.009407739133277266	
Test: time=3s
Recall@20:0.23336852841701167	NDCG@20:0.13789565436700665	Precision@20:0.03445420840496387	Recall@40:0.3384777145153689	NDCG@40:0.16610917597052294	Precision@40:0.025490031447028664	Recall@80:0.4549052298733736	NDCG@80:0.19279947180971982	Precision@80:0.01772558354735173	
U-B Train Epoch: 132 [2048/34416 (6%)]	Loss: 0.527307
Train Epoch: 132: time = 8s
U-B Train Epoch: 133 [2048/34416 (6%)]	Loss: 0.527018
Train Epoch: 133: time = 8s
U-B Train Epoch: 134 [2048/34416 (6%)]	Loss: 0.523844
Train Epoch: 134: time = 8s
U-B Train Epoch: 135 [2048/34416 (6%)]	Loss: 0.496045
Train Epoch: 135: time = 8s
U-B Train Epoch: 136 [2048/34416 (6%)]	Loss: 0.535947
Train Epoch: 136: time = 8s
Test: time=3s
Recall@20:0.24458861149578087	NDCG@20:0.11856985140507509	Precision@20:0.019516728302239165	Recall@40:0.33649479903736484	NDCG@40:0.14005380613089172	Precision@40:0.013898277089337153	Recall@80:0.45299019254353773	NDCG@80:0.16250297853212656	Precision@80:0.00951757379462889	
Test: time=3s
Recall@20:0.23340095398836178	NDCG@20:0.1373403587225282	Precision@20:0.0340993584068533	Recall@40:0.33474377693055085	NDCG@40:0.16465541662981317	Precision@40:0.025202772108917908	Recall@80:0.45200429634695	NDCG@80:0.19163579705519707	Precision@80:0.01762842221532411	
U-B Train Epoch: 137 [2048/34416 (6%)]	Loss: 0.502007
Train Epoch: 137: time = 7s
U-B Train Epoch: 138 [2048/34416 (6%)]	Loss: 0.493759
Train Epoch: 138: time = 8s
U-B Train Epoch: 139 [2048/34416 (6%)]	Loss: 0.517775
Train Epoch: 139: time = 8s
U-B Train Epoch: 140 [2048/34416 (6%)]	Loss: 0.515800
Train Epoch: 140: time = 8s
U-B Train Epoch: 141 [2048/34416 (6%)]	Loss: 0.508693
Train Epoch: 141: time = 8s
Test: time=3s
Recall@20:0.2462826619562405	NDCG@20:0.11827056461913073	Precision@20:0.019736398269534716	Recall@40:0.3358705242810599	NDCG@40:0.1390582823036248	Precision@40:0.013872930108392993	Recall@80:0.4520918268253369	NDCG@80:0.1613726395132897	Precision@80:0.009483778464628983	
Test: time=3s
Recall@20:0.2341372692008887	NDCG@20:0.13815141828046454	Precision@20:0.034251437714149034	Recall@40:0.3349916665044013	NDCG@40:0.1655762502574244	Precision@40:0.025439338774324954	Recall@80:0.4547232485736049	NDCG@80:0.1929438862699075	Precision@80:0.017746705870323787	
U-B Train Epoch: 142 [2048/34416 (6%)]	Loss: 0.481170
Train Epoch: 142: time = 8s
U-B Train Epoch: 143 [2048/34416 (6%)]	Loss: 0.529333
Train Epoch: 143: time = 8s
U-B Train Epoch: 144 [2048/34416 (6%)]	Loss: 0.502669
Train Epoch: 144: time = 8s
U-B Train Epoch: 145 [2048/34416 (6%)]	Loss: 0.482772
Train Epoch: 145: time = 8s
U-B Train Epoch: 146 [2048/34416 (6%)]	Loss: 0.491666
Train Epoch: 146: time = 8s
Test: time=3s
Recall@20:0.24888193659703448	NDCG@20:0.1186309097666481	Precision@20:0.019888476609941995	Recall@40:0.3364619402999852	NDCG@40:0.1389165828662291	Precision@40:0.013864481114744939	Recall@80:0.45282778622291103	NDCG@80:0.16138365688498016	Precision@80:0.009517573633480813	
Test: time=3s
Recall@20:0.23260390786715318	NDCG@20:0.13702512730130798	Precision@20:0.033997972416853574	Recall@40:0.3361148092947364	NDCG@40:0.16515891025822965	Precision@40:0.02545623547243645	Recall@80:0.4507984858825828	NDCG@80:0.1915974567048491	Precision@80:0.01763687088667601	
U-B Train Epoch: 147 [2048/34416 (6%)]	Loss: 0.515594
Train Epoch: 147: time = 8s
U-B Train Epoch: 148 [2048/34416 (6%)]	Loss: 0.482402
Train Epoch: 148: time = 7s
U-B Train Epoch: 149 [2048/34416 (6%)]	Loss: 0.488807
Train Epoch: 149: time = 8s
U-B Train Epoch: 150 [2048/34416 (6%)]	Loss: 0.481051
Train Epoch: 150: time = 8s
U-B Train Epoch: 151 [2048/34416 (6%)]	Loss: 0.489918
Train Epoch: 151: time = 7s
Test: time=3s
Recall@20:0.24836696922557505	NDCG@20:0.11899312681022146	Precision@20:0.01992227065075729	Recall@40:0.3370223746343254	NDCG@40:0.1395531976976359	Precision@40:0.013915174754337106	Recall@80:0.45250673800072344	NDCG@80:0.16180497015114773	Precision@80:0.009500676129628936	
Test: time=3s
Recall@20:0.2345322805226111	NDCG@20:0.13822639210073479	Precision@20:0.03452179777577907	Recall@40:0.3373363684383185	NDCG@40:0.16589389503223745	Precision@40:0.02547313281514025	Recall@80:0.4513261233604047	NDCG@80:0.19237745464875433	Precision@80:0.017750929883703585	
U-B Train Epoch: 152 [2048/34416 (6%)]	Loss: 0.476769
Train Epoch: 152: time = 8s
U-B Train Epoch: 153 [2048/34416 (6%)]	Loss: 0.494482
Train Epoch: 153: time = 8s
U-B Train Epoch: 154 [2048/34416 (6%)]	Loss: 0.474269
Train Epoch: 154: time = 8s
U-B Train Epoch: 155 [2048/34416 (6%)]	Loss: 0.481860
Train Epoch: 155: time = 8s
U-B Train Epoch: 156 [2048/34416 (6%)]	Loss: 0.477213
Train Epoch: 156: time = 8s
Test: time=3s
Recall@20:0.24845145722827866	NDCG@20:0.1195529578061634	Precision@20:0.019854681602238237	Recall@40:0.341333542050603	NDCG@40:0.14110859377475235	Precision@40:0.014101047780151987	Recall@80:0.45838899860594795	NDCG@80:0.1635321088238478	Precision@80:0.009602061797332506	
Test: time=3s
Recall@20:0.23460395918701418	NDCG@20:0.13833744504154433	Precision@20:0.034538696407667484	Recall@40:0.3377762485412618	NDCG@40:0.166293472645854	Precision@40:0.025591416147843774	Recall@80:0.4510541054073642	NDCG@80:0.19253822628329356	Precision@80:0.01773825655437958	
U-B Train Epoch: 157 [2048/34416 (6%)]	Loss: 0.502252
Train Epoch: 157: time = 8s
U-B Train Epoch: 158 [2048/34416 (6%)]	Loss: 0.456983
Train Epoch: 158: time = 8s
U-B Train Epoch: 159 [2048/34416 (6%)]	Loss: 0.487735
Train Epoch: 159: time = 8s
U-B Train Epoch: 160 [2048/34416 (6%)]	Loss: 0.470231
Train Epoch: 160: time = 7s
U-B Train Epoch: 161 [2048/34416 (6%)]	Loss: 0.460041
Train Epoch: 161: time = 8s
Test: time=3s
Recall@20:0.2464627713599532	NDCG@20:0.11948845990004674	Precision@20:0.019719499637646302	Recall@40:0.33755182728408034	NDCG@40:0.14073777786981984	Precision@40:0.013974315776096561	Recall@80:0.4578942611194132	NDCG@80:0.16381384722885953	Precision@80:0.00960628597186038	
Test: time=3s
Recall@20:0.23906342924426802	NDCG@20:0.14049116201036563	Precision@20:0.035113215083888996	Recall@40:0.3419311925663099	NDCG@40:0.1682344896239822	Precision@40:0.025870226814602628	Recall@80:0.4609756082971179	NDCG@80:0.1954296559407607	Precision@80:0.017949476883434776	
