nohup: ignoring input
>>>>>>>>>>B-I statistics>>>>>>>>>>
Average interactions 37.02934265136719
Non-zero rows 1.0
Non-zero columns 0.8566981995727799
Matrix density 0.0011299769286862884
finish loading assist data
>>>>>>>>>>U-I statistics>>>>>>>>>>
Average interactions 17.230377197265625
Non-zero rows 0.9958950118173903
Non-zero columns 0.641867561794324
Matrix density 0.0005257972814327529
finish loading item data
>>>>>>>>>>U-B statistics in train>>>>>>>>>>
Average interactions 4.281129360198975
Non-zero rows 0.3680806070406767
Non-zero columns 0.8645986166422134
Matrix density 0.0008973233061660289
finish loading bundle train data
>>>>>>>>>>U-B statistics in test>>>>>>>>>>
Average interactions 1.2123398780822754
Non-zero rows 0.3680806070406767
Non-zero columns 0.5017815971494446
Matrix density 0.0002541060245785134
finish loading bundle test data
>>>>>>>>>>B-I statistics>>>>>>>>>>
Average interactions 37.02934265136719
Non-zero rows 1.0
Non-zero columns 0.8566981995727799
Matrix density 0.0011299769286862884
finish loading assist data
>>>>>>>>>>U-I statistics>>>>>>>>>>
Average interactions 17.230377197265625
Non-zero rows 0.9958950118173903
Non-zero columns 0.641867561794324
Matrix density 0.0005257972814327529
finish loading item data
>>>>>>>>>>U-B statistics in train>>>>>>>>>>
Average interactions 4.281129360198975
Non-zero rows 0.3680806070406767
Non-zero columns 0.8645986166422134
Matrix density 0.0008973233061660289
finish loading bundle train data
>>>>>>>>>>U-B statistics in test>>>>>>>>>>
Average interactions 0.6454783082008362
Non-zero rows 0.3680806070406767
Non-zero columns 0.34835464263257176
Matrix density 0.00013529203381263145
finish loading bundle test data
IHGCN model
/data/lzm/IHBR - 副本/model/IHGCN.py:169: UserWarning: Creating a tensor from a list of numpy.ndarrays is extremely slow. Please consider converting the list to a single numpy.ndarray with numpy.array() before converting to a tensor. (Triggered internally at  /opt/conda/conda-bld/pytorch_1640811805959/work/torch/csrc/utils/tensor_new.cpp:201.)
  ub_indices = torch.tensor([ub_graph_coo.row, ub_graph_coo.col], dtype=torch.long)
finish generating bi, ui graph
finish generating non-atom graph
U-B Train Epoch: 1 [2048/34416 (6%)]	Loss: 0.959918
Train Epoch: 1: time = 15s
Test: time=3s
Recall@20:0.1764177823235917	NDCG@20:0.08094884415420579	Precision@20:0.0131294357490604	Recall@40:0.24926187477227843	NDCG@40:0.09767773297236715	Precision@40:0.009741467130711933	Recall@80:0.3542966852320252	NDCG@80:0.11761325579633902	Precision@80:0.007054748548048096	
Test: time=3s
Recall@20:0.19045261951587053	NDCG@20:0.10305499933828732	Precision@20:0.02384251539430815	Recall@40:0.2657383966784334	NDCG@40:0.12299665610264104	Precision@40:0.01763264655100006	Recall@80:0.3663398147072491	NDCG@80:0.14539547037457887	Precision@80:0.012728117413922073	
U-B Train Epoch: 2 [2048/34416 (6%)]	Loss: 0.938215
Train Epoch: 2: time = 9s
U-B Train Epoch: 3 [2048/34416 (6%)]	Loss: 0.896939
Train Epoch: 3: time = 9s
U-B Train Epoch: 4 [2048/34416 (6%)]	Loss: 0.841062
Train Epoch: 4: time = 9s
U-B Train Epoch: 5 [2048/34416 (6%)]	Loss: 0.755917
Train Epoch: 5: time = 9s
U-B Train Epoch: 6 [2048/34416 (6%)]	Loss: 0.675427
Train Epoch: 6: time = 9s
Test: time=3s
Recall@20:0.17244913063165343	NDCG@20:0.07235472054850535	Precision@20:0.014650220442317795	Recall@40:0.27586151257122077	NDCG@40:0.09592672117903008	Precision@40:0.011650896024043272	Recall@80:0.385487104276017	NDCG@80:0.11695740633052763	Precision@80:0.008233356089074695	
Test: time=3s
Recall@20:0.16673785715983017	NDCG@20:0.08072325360658161	Precision@20:0.026208178825417094	Recall@40:0.2692349902195236	NDCG@40:0.1081582985040343	Precision@40:0.02110510333320022	Recall@80:0.3925956579107173	NDCG@80:0.13570644872419815	Precision@80:0.015368368465298533	
U-B Train Epoch: 7 [2048/34416 (6%)]	Loss: 0.628420
Train Epoch: 7: time = 9s
U-B Train Epoch: 8 [2048/34416 (6%)]	Loss: 0.621102
Train Epoch: 8: time = 9s
U-B Train Epoch: 9 [2048/34416 (6%)]	Loss: 0.596572
Train Epoch: 9: time = 9s
U-B Train Epoch: 10 [2048/34416 (6%)]	Loss: 0.567660
Train Epoch: 10: time = 9s
U-B Train Epoch: 11 [2048/34416 (6%)]	Loss: 0.575508
Train Epoch: 11: time = 9s
Test: time=3s
Recall@20:0.22467680451192337	NDCG@20:0.10188085124798021	Precision@20:0.01865495189938766	Recall@40:0.31394105571554737	NDCG@40:0.12282804106892505	Precision@40:0.013391349073115455	Recall@80:0.4290323673208326	NDCG@80:0.14489769299073008	Precision@80:0.009158499783138522	
Test: time=3s
Recall@20:0.2220763592915021	NDCG@20:0.12055104453243812	Precision@20:0.03350794238792799	Recall@40:0.32117995107121544	NDCG@40:0.1473668863258478	Precision@40:0.024738086804863408	Recall@80:0.43852788236101725	NDCG@80:0.17404135613475308	Precision@80:0.01720598220180603	
U-B Train Epoch: 12 [2048/34416 (6%)]	Loss: 0.546509
Train Epoch: 12: time = 9s
U-B Train Epoch: 13 [2048/34416 (6%)]	Loss: 0.559050
Train Epoch: 13: time = 9s
U-B Train Epoch: 14 [2048/34416 (6%)]	Loss: 0.559399
Train Epoch: 14: time = 9s
U-B Train Epoch: 15 [2048/34416 (6%)]	Loss: 0.575160
Train Epoch: 15: time = 9s
U-B Train Epoch: 16 [2048/34416 (6%)]	Loss: 0.531009
Train Epoch: 16: time = 9s
Test: time=3s
Recall@20:0.2382148673059812	NDCG@20:0.11545854099862839	Precision@20:0.0196350129241273	Recall@40:0.33345484499916833	NDCG@40:0.1375518984470709	Precision@40:0.014067252127855926	Recall@80:0.4415402117513571	NDCG@80:0.15852156906927223	Precision@80:0.009458432128277128	
Test: time=3s
Recall@20:0.23352820682300027	NDCG@20:0.12947506145594612	Precision@20:0.0351808044547042	Recall@40:0.33499354871393416	NDCG@40:0.15680603047970704	Precision@40:0.025608314135139882	Recall@80:0.45096703903543744	NDCG@80:0.1833314731258845	Precision@80:0.01768333922370377	
U-B Train Epoch: 17 [2048/34416 (6%)]	Loss: 0.567038
Train Epoch: 17: time = 9s
U-B Train Epoch: 18 [2048/34416 (6%)]	Loss: 0.529161
Train Epoch: 18: time = 10s
U-B Train Epoch: 19 [2048/34416 (6%)]	Loss: 0.548465
Train Epoch: 19: time = 9s
U-B Train Epoch: 20 [2048/34416 (6%)]	Loss: 0.542067
Train Epoch: 20: time = 9s
U-B Train Epoch: 21 [2048/34416 (6%)]	Loss: 0.539874
Train Epoch: 21: time = 9s
Test: time=3s
Recall@20:0.24617015223681987	NDCG@20:0.11999082162437426	Precision@20:0.020344711953459983	Recall@40:0.3393586659278367	NDCG@40:0.14155657253542556	Precision@40:0.014303819115559125	Recall@80:0.4425417225519601	NDCG@80:0.16188212785014996	Precision@80:0.009585164132332551	
Test: time=3s
Recall@20:0.23745757448145488	NDCG@20:0.13513440399324625	Precision@20:0.03597499309822126	Recall@40:0.33768933687148844	NDCG@40:0.16234776844000165	Precision@40:0.02608989549271357	Recall@80:0.4611336107631115	NDCG@80:0.19017021073486082	Precision@80:0.01798327189113853	
U-B Train Epoch: 22 [2048/34416 (6%)]	Loss: 0.537929
Train Epoch: 22: time = 9s
U-B Train Epoch: 23 [2048/34416 (6%)]	Loss: 0.515325
Train Epoch: 23: time = 9s
U-B Train Epoch: 24 [2048/34416 (6%)]	Loss: 0.543979
Train Epoch: 24: time = 9s
U-B Train Epoch: 25 [2048/34416 (6%)]	Loss: 0.523904
Train Epoch: 25: time = 9s
U-B Train Epoch: 26 [2048/34416 (6%)]	Loss: 0.530189
Train Epoch: 26: time = 9s
Test: time=3s
Recall@20:0.24852400738147917	NDCG@20:0.12052975751613193	Precision@20:0.02054748232197866	Recall@40:0.3392120804807631	NDCG@40:0.14167376973009382	Precision@40:0.014413653454614596	Recall@80:0.4491203903708759	NDCG@80:0.16314871305547562	Precision@80:0.009741466969563857	
Test: time=3s
Recall@20:0.2427875948097304	NDCG@20:0.13997463988226463	Precision@20:0.03687056450877652	Recall@40:0.34283812362706995	NDCG@40:0.16717808276424942	Precision@40:0.026613721496231372	Recall@80:0.46193184293416273	NDCG@80:0.1942267074662312	Precision@80:0.01817336957492551	
U-B Train Epoch: 27 [2048/34416 (6%)]	Loss: 0.540490
Train Epoch: 27: time = 10s
U-B Train Epoch: 28 [2048/34416 (6%)]	Loss: 0.524229
Train Epoch: 28: time = 9s
U-B Train Epoch: 29 [2048/34416 (6%)]	Loss: 0.530362
Train Epoch: 29: time = 10s
U-B Train Epoch: 30 [2048/34416 (6%)]	Loss: 0.500403
Train Epoch: 30: time = 9s
U-B Train Epoch: 31 [2048/34416 (6%)]	Loss: 0.548475
Train Epoch: 31: time = 9s
Test: time=3s
Recall@20:0.25031716519813757	NDCG@20:0.12461377060385159	Precision@20:0.020665765654682186	Recall@40:0.3440594249337297	NDCG@40:0.1465342741795753	Precision@40:0.01465021979772549	Recall@80:0.4501192299809638	NDCG@80:0.16718632323228655	Precision@80:0.009749915802063833	
Test: time=3s
Recall@20:0.24499021828597606	NDCG@20:0.14231701870551178	Precision@20:0.03717472247877569	Recall@40:0.3447755927691471	NDCG@40:0.16957725016963607	Precision@40:0.026765800158934806	Recall@80:0.4614312783331837	NDCG@80:0.19629634381468614	Precision@80:0.01828320455857329	
U-B Train Epoch: 32 [2048/34416 (6%)]	Loss: 0.544159
Train Epoch: 32: time = 9s
U-B Train Epoch: 33 [2048/34416 (6%)]	Loss: 0.552722
Train Epoch: 33: time = 9s
U-B Train Epoch: 34 [2048/34416 (6%)]	Loss: 0.510980
Train Epoch: 34: time = 9s
U-B Train Epoch: 35 [2048/34416 (6%)]	Loss: 0.512102
Train Epoch: 35: time = 9s
U-B Train Epoch: 36 [2048/34416 (6%)]	Loss: 0.546460
Train Epoch: 36: time = 8s
Test: time=3s
Recall@20:0.2508104123872613	NDCG@20:0.12589293051587847	Precision@20:0.020767151000089603	Recall@40:0.3517206056007625	NDCG@40:0.1493215170934741	Precision@40:0.014878337469484484	Recall@80:0.4544509005893038	NDCG@80:0.16937037729338722	Precision@80:0.009813281804091547	
Test: time=3s
Recall@20:0.24776580181424784	NDCG@20:0.14432215972621926	Precision@20:0.03739439115688663	Recall@40:0.3498058879887103	NDCG@40:0.1719714696844835	Precision@40:0.026909428861101724	Recall@80:0.47019669203066916	NDCG@80:0.19950233967411393	Precision@80:0.018460628590740116	
U-B Train Epoch: 37 [2048/34416 (6%)]	Loss: 0.524321
Train Epoch: 37: time = 9s
U-B Train Epoch: 38 [2048/34416 (6%)]	Loss: 0.489375
Train Epoch: 38: time = 9s
U-B Train Epoch: 39 [2048/34416 (6%)]	Loss: 0.501215
Train Epoch: 39: time = 10s
U-B Train Epoch: 40 [2048/34416 (6%)]	Loss: 0.544741
Train Epoch: 40: time = 10s
U-B Train Epoch: 41 [2048/34416 (6%)]	Loss: 0.508964
Train Epoch: 41: time = 9s
Test: time=3s
Recall@20:0.25775679691130343	NDCG@20:0.12800109027889622	Precision@20:0.02098682032279285	Recall@40:0.3514126864346591	NDCG@40:0.14989871340613384	Precision@40:0.014810747454076975	Recall@80:0.46229730098784955	NDCG@80:0.1713692657687286	Precision@80:0.009910443136119166	
Test: time=3s
Recall@20:0.24832599378188103	NDCG@20:0.14646969118727426	Precision@20:0.03747887915959024	Recall@40:0.3496705854853572	NDCG@40:0.1741092574882443	Precision@40:0.02702771283839755	Recall@80:0.47066001466658924	NDCG@80:0.20166683938302635	Precision@80:0.018494423920740022	
U-B Train Epoch: 42 [2048/34416 (6%)]	Loss: 0.489960
Train Epoch: 42: time = 10s
U-B Train Epoch: 43 [2048/34416 (6%)]	Loss: 0.526382
Train Epoch: 43: time = 10s
U-B Train Epoch: 44 [2048/34416 (6%)]	Loss: 0.495940
Train Epoch: 44: time = 10s
U-B Train Epoch: 45 [2048/34416 (6%)]	Loss: 0.519941
Train Epoch: 45: time = 10s
U-B Train Epoch: 46 [2048/34416 (6%)]	Loss: 0.480404
Train Epoch: 46: time = 9s
Test: time=3s
Recall@20:0.25910445378011204	NDCG@20:0.12802251394877123	Precision@20:0.021003717343200497	Recall@40:0.35166641859316916	NDCG@40:0.1497143574283106	Precision@40:0.014861440449076837	Recall@80:0.4615036376870617	NDCG@80:0.17108380419855868	Precision@80:0.009914667471795115	
Test: time=3s
Recall@20:0.2513930671075664	NDCG@20:0.1465710778218663	Precision@20:0.03776613785310869	Recall@40:0.35347693914817613	NDCG@40:0.17437327733995464	Precision@40:0.027179791501100985	Recall@80:0.4735840710082059	NDCG@80:0.20175739686688124	Precision@80:0.0186211562470916	
U-B Train Epoch: 47 [2048/34416 (6%)]	Loss: 0.499534
Train Epoch: 47: time = 10s
U-B Train Epoch: 48 [2048/34416 (6%)]	Loss: 0.481682
Train Epoch: 48: time = 10s
U-B Train Epoch: 49 [2048/34416 (6%)]	Loss: 0.501486
Train Epoch: 49: time = 9s
U-B Train Epoch: 50 [2048/34416 (6%)]	Loss: 0.484163
Train Epoch: 50: time = 9s
U-B Train Epoch: 51 [2048/34416 (6%)]	Loss: 0.522078
Train Epoch: 51: time = 9s
Test: time=3s
Recall@20:0.2569945329909149	NDCG@20:0.12603096093386965	Precision@20:0.02091922934049688	Recall@40:0.3524536359708992	NDCG@40:0.14836156702637873	Precision@40:0.014895235134484439	Recall@80:0.4642001374745216	NDCG@80:0.17006690053369355	Precision@80:0.009982257809498778	
Test: time=3s
Recall@20:0.2569955901222964	NDCG@20:0.14974442121345233	Precision@20:0.038222373196626684	Recall@40:0.3566868231883924	NDCG@40:0.17687323577664277	Precision@40:0.02733186951921211	Recall@80:0.4786514019232902	NDCG@80:0.20460693833794938	Precision@80:0.01873943957979512	
U-B Train Epoch: 52 [2048/34416 (6%)]	Loss: 0.488086
Train Epoch: 52: time = 9s
U-B Train Epoch: 53 [2048/34416 (6%)]	Loss: 0.491285
Train Epoch: 53: time = 9s
U-B Train Epoch: 54 [2048/34416 (6%)]	Loss: 0.493920
Train Epoch: 54: time = 9s
U-B Train Epoch: 55 [2048/34416 (6%)]	Loss: 0.470745
Train Epoch: 55: time = 9s
U-B Train Epoch: 56 [2048/34416 (6%)]	Loss: 0.468597
Train Epoch: 56: time = 8s
Test: time=3s
Recall@20:0.2595003417473703	NDCG@20:0.12829254655750993	Precision@20:0.02098682032279285	Recall@40:0.3509753537605082	NDCG@40:0.1498793936855449	Precision@40:0.01481074680948467	Recall@80:0.46680761132944515	NDCG@80:0.1723946239062764	Precision@80:0.01002450164970251	
Test: time=3s
Recall@20:0.2566834785278362	NDCG@20:0.15048601692614824	Precision@20:0.03813788648310768	Recall@40:0.3564337304654497	NDCG@40:0.1776275634765625	Precision@40:0.027230484818397	Recall@80:0.47898021619357783	NDCG@80:0.20546293113633723	Precision@80:0.01868029791344336	
U-B Train Epoch: 57 [2048/34416 (6%)]	Loss: 0.513792
Train Epoch: 57: time = 9s
U-B Train Epoch: 58 [2048/34416 (6%)]	Loss: 0.458643
Train Epoch: 58: time = 9s
U-B Train Epoch: 59 [2048/34416 (6%)]	Loss: 0.498707
Train Epoch: 59: time = 9s
U-B Train Epoch: 60 [2048/34416 (6%)]	Loss: 0.490186
Train Epoch: 60: time = 9s
U-B Train Epoch: 61 [2048/34416 (6%)]	Loss: 0.490393
Train Epoch: 61: time = 7s
Test: time=3s
Recall@20:0.26288039815631337	NDCG@20:0.1284101201940848	Precision@20:0.02117269334860773	Recall@40:0.35562837168186573	NDCG@40:0.15006645437268318	Precision@40:0.014886786140836385	Recall@80:0.4673039577183751	NDCG@80:0.17192954282254616	Precision@80:0.01004984766375821	
Test: time=3s
Recall@20:0.2589279540933117	NDCG@20:0.15157652787559536	Precision@20:0.0382561691712189	Recall@40:0.35846924983234413	NDCG@40:0.1786502787856566	Precision@40:0.027314972176508308	Recall@80:0.4782464948204894	NDCG@80:0.2061032278789947	Precision@80:0.01870141959182311	
U-B Train Epoch: 62 [2048/34416 (6%)]	Loss: 0.459632
Train Epoch: 62: time = 9s
U-B Train Epoch: 63 [2048/34416 (6%)]	Loss: 0.501831
Train Epoch: 63: time = 9s
U-B Train Epoch: 64 [2048/34416 (6%)]	Loss: 0.467917
Train Epoch: 64: time = 9s
U-B Train Epoch: 65 [2048/34416 (6%)]	Loss: 0.503511
Train Epoch: 65: time = 9s
U-B Train Epoch: 66 [2048/34416 (6%)]	Loss: 0.436713
Train Epoch: 66: time = 9s
Test: time=3s
Recall@20:0.26041804523474466	NDCG@20:0.12875823871474606	Precision@20:0.0207164589719782	Recall@40:0.35663283729359846	NDCG@40:0.15150277620233688	Precision@40:0.014945927484891994	Recall@80:0.46559513835900534	NDCG@80:0.17286052748978883	Precision@80:0.010007604145850632	
Test: time=3s
Recall@20:0.25655319353099126	NDCG@20:0.15054389873683835	Precision@20:0.03800270516310805	Recall@40:0.3589501878867966	NDCG@40:0.1783310637839866	Precision@40:0.02729807290002759	Recall@80:0.4788410564498669	NDCG@80:0.20575444671744308	Precision@80:0.01868452224911931	
U-B Train Epoch: 67 [2048/34416 (6%)]	Loss: 0.480762
Train Epoch: 67: time = 9s
U-B Train Epoch: 68 [2048/34416 (6%)]	Loss: 0.470687
Train Epoch: 68: time = 9s
U-B Train Epoch: 69 [2048/34416 (6%)]	Loss: 0.465451
Train Epoch: 69: time = 9s
U-B Train Epoch: 70 [2048/34416 (6%)]	Loss: 0.453063
Train Epoch: 70: time = 9s
U-B Train Epoch: 71 [2048/34416 (6%)]	Loss: 0.511320
Train Epoch: 71: time = 9s
Test: time=3s
Recall@20:0.26359425061616837	NDCG@20:0.12926893372840276	Precision@20:0.021020615975088912	Recall@40:0.35823623744891114	NDCG@40:0.1514705001764017	Precision@40:0.014996620802188007	Recall@80:0.4668348389084414	NDCG@80:0.17275801152947706	Precision@80:0.01001605297835061	
Test: time=3s
Recall@20:0.2538422806595741	NDCG@20:0.14948004296841996	Precision@20:0.037850625855812316	Recall@40:0.35837306634684435	NDCG@40:0.17768642764592663	Precision@40:0.027238933489748898	Recall@80:0.4797599459870839	NDCG@80:0.20540679488161118	Precision@80:0.018701419914119267	
U-B Train Epoch: 72 [2048/34416 (6%)]	Loss: 0.470274
Train Epoch: 72: time = 9s
U-B Train Epoch: 73 [2048/34416 (6%)]	Loss: 0.443225
Train Epoch: 73: time = 8s
U-B Train Epoch: 74 [2048/34416 (6%)]	Loss: 0.479420
Train Epoch: 74: time = 9s
U-B Train Epoch: 75 [2048/34416 (6%)]	Loss: 0.442600
Train Epoch: 75: time = 9s
U-B Train Epoch: 76 [2048/34416 (6%)]	Loss: 0.428191
Train Epoch: 76: time = 9s
Test: time=3s
Recall@20:0.2624592937380529	NDCG@20:0.12727166962567193	Precision@20:0.02093612732779299	Recall@40:0.35728527815529687	NDCG@40:0.1493634826309498	Precision@40:0.014852991133132631	Recall@80:0.4661162989733387	NDCG@80:0.1708681777587973	Precision@80:0.009994930655378553	
Test: time=3s
Recall@20:0.25535973861194133	NDCG@20:0.15123399668104062	Precision@20:0.03800270516310805	Recall@40:0.360912584702523	NDCG@40:0.1796186291796809	Precision@40:0.027331868874619802	Recall@80:0.4815582966393577	NDCG@80:0.2071981272128596	Precision@80:0.018760561580471027	
U-B Train Epoch: 77 [2048/34416 (6%)]	Loss: 0.423810
Train Epoch: 77: time = 9s
U-B Train Epoch: 78 [2048/34416 (6%)]	Loss: 0.414465
Train Epoch: 78: time = 9s
U-B Train Epoch: 79 [2048/34416 (6%)]	Loss: 0.466741
Train Epoch: 79: time = 9s
U-B Train Epoch: 80 [2048/34416 (6%)]	Loss: 0.418403
Train Epoch: 80: time = 9s
U-B Train Epoch: 81 [2048/34416 (6%)]	Loss: 0.436301
Train Epoch: 81: time = 9s
Test: time=3s
Recall@20:0.2616220611541325	NDCG@20:0.1263058125146864	Precision@20:0.020902332320089236	Recall@40:0.36018563928375297	NDCG@40:0.1492344249378551	Precision@40:0.014920581793132446	Recall@80:0.4652216564202961	NDCG@80:0.17003089876423094	Precision@80:0.009969584319026698	
Test: time=3s
Recall@20:0.2546890738365738	NDCG@20:0.1503190236866736	Precision@20:0.03793511321392362	Recall@40:0.36285535497172294	NDCG@40:0.17932681966448363	Precision@40:0.02745860087867523	Recall@80:0.483410720850979	NDCG@80:0.2068197669995802	Precision@80:0.018756337244795078	
U-B Train Epoch: 82 [2048/34416 (6%)]	Loss: 0.451095
Train Epoch: 82: time = 8s
U-B Train Epoch: 83 [2048/34416 (6%)]	Loss: 0.462724
Train Epoch: 83: time = 10s
U-B Train Epoch: 84 [2048/34416 (6%)]	Loss: 0.440391
Train Epoch: 84: time = 10s
U-B Train Epoch: 85 [2048/34416 (6%)]	Loss: 0.436820
Train Epoch: 85: time = 9s
U-B Train Epoch: 86 [2048/34416 (6%)]	Loss: 0.404660
Train Epoch: 86: time = 9s
Test: time=3s
Recall@20:0.26286645433555467	NDCG@20:0.12688022161021592	Precision@20:0.020919229662793033	Recall@40:0.3622762326172535	NDCG@40:0.14994901996804638	Precision@40:0.014979722814891901	Recall@80:0.4668991950042508	NDCG@80:0.17055389775582044	Precision@80:0.009969584319026698	
Test: time=3s
Recall@20:0.2539123349513666	NDCG@20:0.15043029063212868	Precision@20:0.03764785323122056	Recall@40:0.3635097089833849	NDCG@40:0.17980230962476765	Precision@40:0.02738256348110043	Recall@80:0.486337819668279	NDCG@80:0.20761528156947026	Precision@80:0.018756337244795078	
U-B Train Epoch: 87 [2048/34416 (6%)]	Loss: 0.395274
Train Epoch: 87: time = 9s
U-B Train Epoch: 88 [2048/34416 (6%)]	Loss: 0.414018
Train Epoch: 88: time = 9s
U-B Train Epoch: 89 [2048/34416 (6%)]	Loss: 0.432378
Train Epoch: 89: time = 9s
U-B Train Epoch: 90 [2048/34416 (6%)]	Loss: 0.426544
Train Epoch: 90: time = 9s
U-B Train Epoch: 91 [2048/34416 (6%)]	Loss: 0.407893
Train Epoch: 91: time = 9s
Test: time=3s
Recall@20:0.2628214050684881	NDCG@20:0.12794888861560466	Precision@20:0.02093612765008914	Recall@40:0.36129713300193794	NDCG@40:0.1509835210028594	Precision@40:0.01503886415894751	Recall@80:0.46528884872225096	NDCG@80:0.1714786840234507	Precision@80:0.009961135808822874	
Test: time=3s
Recall@20:0.25624818276537153	NDCG@20:0.15146108912873726	Precision@20:0.038154782536626866	Recall@40:0.36469202019065244	NDCG@40:0.18050741367784856	Precision@40:0.027576885500563364	Recall@80:0.48450060783507415	NDCG@80:0.2078977109774338	Precision@80:0.018819703569118943	
U-B Train Epoch: 92 [2048/34416 (6%)]	Loss: 0.434431
Train Epoch: 92: time = 9s
U-B Train Epoch: 93 [2048/34416 (6%)]	Loss: 0.403818
Train Epoch: 93: time = 9s
U-B Train Epoch: 94 [2048/34416 (6%)]	Loss: 0.386971
Train Epoch: 94: time = 9s
U-B Train Epoch: 95 [2048/34416 (6%)]	Loss: 0.392912
Train Epoch: 95: time = 8s
U-B Train Epoch: 96 [2048/34416 (6%)]	Loss: 0.383235
Train Epoch: 96: time = 9s
Test: time=3s
Recall@20:0.2630470897265889	NDCG@20:0.12754999426983224	Precision@20:0.020986820967385154	Recall@40:0.3609572936248521	NDCG@40:0.15042624517081757	Precision@40:0.014988172130836109	Recall@80:0.4659644845934807	NDCG@80:0.17101885507782796	Precision@80:0.009914667149498964	
Test: time=3s
Recall@20:0.256487867968354	NDCG@20:0.15124886871471965	Precision@20:0.03807029517851556	Recall@40:0.36324163593525577	NDCG@40:0.17992337437327063	Precision@40:0.027399460179211924	Recall@80:0.48706871514869887	NDCG@80:0.2081343176075638	Precision@80:0.018857722912498646	
U-B Train Epoch: 97 [2048/34416 (6%)]	Loss: 0.388973
Train Epoch: 97: time = 9s
U-B Train Epoch: 98 [2048/34416 (6%)]	Loss: 0.384365
Train Epoch: 98: time = 10s
U-B Train Epoch: 99 [2048/34416 (6%)]	Loss: 0.433705
Train Epoch: 99: time = 9s
U-B Train Epoch: 100 [2048/34416 (6%)]	Loss: 0.347255
Train Epoch: 100: time = 9s
U-B Train Epoch: 101 [2048/34416 (6%)]	Loss: 0.401088
Train Epoch: 101: time = 9s
Test: time=3s
Recall@20:0.2656963898870501	NDCG@20:0.12933829701724348	Precision@20:0.02108820631279257	Recall@40:0.36138912405908086	NDCG@40:0.15170465735576974	Precision@40:0.01499662112448416	Recall@80:0.4694373416675027	NDCG@80:0.17285703122112225	Precision@80:0.009982257648350703	
Test: time=3s
Recall@20:0.2579686099429838	NDCG@20:0.1508864969689929	Precision@20:0.038087191876627055	Recall@40:0.36342519519698907	NDCG@40:0.17945207941971264	Precision@40:0.027551537552730744	Recall@80:0.48942643784719286	NDCG@80:0.20799668425843296	Precision@80:0.01894643492858206	
U-B Train Epoch: 102 [2048/34416 (6%)]	Loss: 0.370015
Train Epoch: 102: time = 9s
U-B Train Epoch: 103 [2048/34416 (6%)]	Loss: 0.368735
Train Epoch: 103: time = 9s
U-B Train Epoch: 104 [2048/34416 (6%)]	Loss: 0.401999
Train Epoch: 104: time = 9s
U-B Train Epoch: 105 [2048/34416 (6%)]	Loss: 0.403445
Train Epoch: 105: time = 9s
U-B Train Epoch: 106 [2048/34416 (6%)]	Loss: 0.334545
Train Epoch: 106: time = 9s
Test: time=3s
Recall@20:0.26772773229580304	NDCG@20:0.12979628242887167	Precision@20:0.021240284975496005	Recall@40:0.36352103833775135	NDCG@40:0.152045819436267	Precision@40:0.015030415809891763	Recall@80:0.4703272812750824	NDCG@80:0.17303208702115763	Precision@80:0.010011828320378507	
Test: time=3s
Recall@20:0.25844164787413665	NDCG@20:0.15153439474412017	Precision@20:0.038323758542034105	Recall@40:0.366359399999868	NDCG@40:0.18058306560922452	Precision@40:0.027728962229489878	Recall@80:0.4884590955955348	NDCG@80:0.20836773221659555	Precision@80:0.01892108891452636	
U-B Train Epoch: 107 [2048/34416 (6%)]	Loss: 0.349524
Train Epoch: 107: time = 9s
U-B Train Epoch: 108 [2048/34416 (6%)]	Loss: 0.360873
Train Epoch: 108: time = 9s
U-B Train Epoch: 109 [2048/34416 (6%)]	Loss: 0.361827
Train Epoch: 109: time = 8s
U-B Train Epoch: 110 [2048/34416 (6%)]	Loss: 0.358852
Train Epoch: 110: time = 9s
U-B Train Epoch: 111 [2048/34416 (6%)]	Loss: 0.339264
Train Epoch: 111: time = 9s
Test: time=3s
Recall@20:0.2662467840516354	NDCG@20:0.12990471832491973	Precision@20:0.021206489323199944	Recall@40:0.36401106772208464	NDCG@40:0.15254944456151387	Precision@40:0.015030416132187916	Recall@80:0.473538763904217	NDCG@80:0.17406390139524017	Precision@80:0.010070969986730268	
Test: time=3s
Recall@20:0.26052529508095007	NDCG@20:0.15188856727571737	Precision@20:0.03861101852473716	Recall@40:0.3685435262553069	NDCG@40:0.18090325781283004	Precision@40:0.02788104218137792	Recall@80:0.49162778760904235	NDCG@80:0.20891423820039234	Precision@80:0.01905204493196158	
U-B Train Epoch: 112 [2048/34416 (6%)]	Loss: 0.343961
Train Epoch: 112: time = 9s
U-B Train Epoch: 113 [2048/34416 (6%)]	Loss: 0.345002
Train Epoch: 113: time = 8s
U-B Train Epoch: 114 [2048/34416 (6%)]	Loss: 0.334276
Train Epoch: 114: time = 8s
U-B Train Epoch: 115 [2048/34416 (6%)]	Loss: 0.313332
Train Epoch: 115: time = 8s
U-B Train Epoch: 116 [2048/34416 (6%)]	Loss: 0.352465
Train Epoch: 116: time = 8s
Test: time=3s
Recall@20:0.26771780041755555	NDCG@20:0.1311291626636625	Precision@20:0.021375465328607176	Recall@40:0.3637838618261422	NDCG@40:0.15342525470575072	Precision@40:0.015081108482595472	Recall@80:0.4746970498670634	NDCG@80:0.1751113458435533	Precision@80:0.01007519464470237	
Test: time=3s
Recall@20:0.2610518083897907	NDCG@20:0.15282002378452786	Precision@20:0.03837445185933012	Recall@40:0.36609582878440244	NDCG@40:0.18135507060853803	Precision@40:0.027779656191378198	Recall@80:0.49222249362709636	NDCG@80:0.20996920890846782	Precision@80:0.019068942919257686	
U-B Train Epoch: 117 [2048/34416 (6%)]	Loss: 0.361079
Train Epoch: 117: time = 8s
U-B Train Epoch: 118 [2048/34416 (6%)]	Loss: 0.353051
Train Epoch: 118: time = 9s
U-B Train Epoch: 119 [2048/34416 (6%)]	Loss: 0.332391
Train Epoch: 119: time = 9s
U-B Train Epoch: 120 [2048/34416 (6%)]	Loss: 0.345177
Train Epoch: 120: time = 8s
U-B Train Epoch: 121 [2048/34416 (6%)]	Loss: 0.351640
Train Epoch: 121: time = 9s
Test: time=3s
Recall@20:0.2676738237520858	NDCG@20:0.13102929726691212	Precision@20:0.02142615767901473	Recall@40:0.36805428069521745	NDCG@40:0.15429619173215586	Precision@40:0.015266982797594962	Recall@80:0.47540205852048306	NDCG@80:0.17525721708235203	Precision@80:0.010092091665110018	
Test: time=3s
Recall@20:0.2621844653625591	NDCG@20:0.1535487250727389	Precision@20:0.03883068591366349	Recall@40:0.3706257553590476	NDCG@40:0.1827056513480457	Precision@40:0.02804156822624864	Recall@80:0.49382722937766665	NDCG@80:0.2108872527405796	Precision@80:0.019183001593989106	
U-B Train Epoch: 122 [2048/34416 (6%)]	Loss: 0.346259
Train Epoch: 122: time = 8s
U-B Train Epoch: 123 [2048/34416 (6%)]	Loss: 0.321789
Train Epoch: 123: time = 8s
U-B Train Epoch: 124 [2048/34416 (6%)]	Loss: 0.340185
Train Epoch: 124: time = 9s
U-B Train Epoch: 125 [2048/34416 (6%)]	Loss: 0.321645
Train Epoch: 125: time = 8s
U-B Train Epoch: 126 [2048/34416 (6%)]	Loss: 0.321275
Train Epoch: 126: time = 9s
Test: time=3s
Recall@20:0.26695660394202536	NDCG@20:0.131232519172341	Precision@20:0.02140926001401478	Recall@40:0.36919206862273996	NDCG@40:0.15497395991473312	Precision@40:0.015317674825706366	Recall@80:0.4782628623083178	NDCG@80:0.17622103212491289	Precision@80:0.010151233492609858	
Test: time=3s
Recall@20:0.26305348923900074	NDCG@20:0.1536326896664902	Precision@20:0.03889827850744022	Recall@40:0.37318172371036984	NDCG@40:0.1830621005796669	Precision@40:0.028134505544896462	Recall@80:0.4940537030167497	NDCG@80:0.2108528933923121	Precision@80:0.01921257194372076	
U-B Train Epoch: 127 [2048/34416 (6%)]	Loss: 0.315100
Train Epoch: 127: time = 8s
U-B Train Epoch: 128 [2048/34416 (6%)]	Loss: 0.306988
Train Epoch: 128: time = 9s
U-B Train Epoch: 129 [2048/34416 (6%)]	Loss: 0.332804
Train Epoch: 129: time = 9s
U-B Train Epoch: 130 [2048/34416 (6%)]	Loss: 0.316666
Train Epoch: 130: time = 8s
U-B Train Epoch: 131 [2048/34416 (6%)]	Loss: 0.316892
Train Epoch: 131: time = 9s
Test: time=3s
Recall@20:0.2670343933414873	NDCG@20:0.13234036191970602	Precision@20:0.02152754431360676	Recall@40:0.3659693133633618	NDCG@40:0.15538972968707096	Precision@40:0.01525853380394691	Recall@80:0.479973651541774	NDCG@80:0.1775694057803655	Precision@80:0.010193477655109742	
Test: time=3s
Recall@20:0.26314241719350656	NDCG@20:0.1534066723987596	Precision@20:0.03896586787825543	Recall@40:0.3728945191626051	NDCG@40:0.18290272899961585	Precision@40:0.028227442863544287	Recall@80:0.4938438443889405	NDCG@80:0.2107407962119672	Precision@80:0.019267489918988877	
U-B Train Epoch: 132 [2048/34416 (6%)]	Loss: 0.312222
Train Epoch: 132: time = 8s
U-B Train Epoch: 133 [2048/34416 (6%)]	Loss: 0.306542
Train Epoch: 133: time = 9s
U-B Train Epoch: 134 [2048/34416 (6%)]	Loss: 0.303788
Train Epoch: 134: time = 9s
U-B Train Epoch: 135 [2048/34416 (6%)]	Loss: 0.284762
Train Epoch: 135: time = 8s
U-B Train Epoch: 136 [2048/34416 (6%)]	Loss: 0.322809
Train Epoch: 136: time = 9s
Test: time=3s
Recall@20:0.2680196861996768	NDCG@20:0.13272219003959054	Precision@20:0.0215444406894221	Recall@40:0.36688646507972233	NDCG@40:0.15584658835134865	Precision@40:0.015317675470298671	Recall@80:0.4787628081006833	NDCG@80:0.17766278915688893	Precision@80:0.010185028661461688	
Test: time=3s
Recall@20:0.2649601829660305	NDCG@20:0.15461379267469214	Precision@20:0.039371409259885096	Recall@40:0.3744781432259764	NDCG@40:0.18393038704251066	Precision@40:0.028354173578415097	Recall@80:0.4956609449422049	NDCG@80:0.21178177668863796	Precision@80:0.01935197759939634	
U-B Train Epoch: 137 [2048/34416 (6%)]	Loss: 0.289420
Train Epoch: 137: time = 9s
U-B Train Epoch: 138 [2048/34416 (6%)]	Loss: 0.276050
Train Epoch: 138: time = 9s
U-B Train Epoch: 139 [2048/34416 (6%)]	Loss: 0.294830
Train Epoch: 139: time = 9s
U-B Train Epoch: 140 [2048/34416 (6%)]	Loss: 0.296138
Train Epoch: 140: time = 9s
U-B Train Epoch: 141 [2048/34416 (6%)]	Loss: 0.278474
Train Epoch: 141: time = 8s
Test: time=3s
Recall@20:0.2700040713481381	NDCG@20:0.13379891960554002	Precision@20:0.021764109689829194	Recall@40:0.3665503952784408	NDCG@40:0.15639646684208927	Precision@40:0.015309226476650619	Recall@80:0.48089459346089264	NDCG@80:0.1786937036801126	Precision@80:0.010239946314433652	
Test: time=3s
Recall@20:0.2670254773407137	NDCG@20:0.15471749210647734	Precision@20:0.039506590579884725	Recall@40:0.37456841193247825	NDCG@40:0.18368389494477916	Precision@40:0.02837107221030351	Recall@80:0.496161983963121	NDCG@80:0.21175983476654908	Precision@80:0.0194195679371	
U-B Train Epoch: 142 [2048/34416 (6%)]	Loss: 0.265499
Train Epoch: 142: time = 8s
U-B Train Epoch: 143 [2048/34416 (6%)]	Loss: 0.303164
Train Epoch: 143: time = 9s
U-B Train Epoch: 144 [2048/34416 (6%)]	Loss: 0.287346
Train Epoch: 144: time = 9s
U-B Train Epoch: 145 [2048/34416 (6%)]	Loss: 0.264878
Train Epoch: 145: time = 9s
U-B Train Epoch: 146 [2048/34416 (6%)]	Loss: 0.266184
Train Epoch: 146: time = 8s
Test: time=3s
Recall@20:0.26996746366190805	NDCG@20:0.13425013164121904	Precision@20:0.02176410904523689	Recall@40:0.36863817818948813	NDCG@40:0.15741799867970993	Precision@40:0.015452855823409843	Recall@80:0.47689603784270446	NDCG@80:0.178597360335721	Precision@80:0.010189253480581868	
Test: time=3s
Recall@20:0.2680517147021666	NDCG@20:0.15552824999521456	Precision@20:0.03984454259069919	Recall@40:0.3758497479881294	NDCG@40:0.18445845768636204	Precision@40:0.028497804214358935	Recall@80:0.496572914136427	NDCG@80:0.2123377865413912	Precision@80:0.019461811938451812	
