nohup: ignoring input
>>>>>>>>>>B-I statistics>>>>>>>>>>
Average interactions 37.02934265136719
Non-zero rows 1.0
Non-zero columns 0.8566981995727799
Matrix density 0.0011299769286862884
finish loading assist data
>>>>>>>>>>U-I statistics>>>>>>>>>>
Average interactions 17.230377197265625
Non-zero rows 0.9958950118173903
Non-zero columns 0.641867561794324
Matrix density 0.0005257972814327529
finish loading item data
>>>>>>>>>>U-B statistics in train>>>>>>>>>>
Average interactions 4.281129360198975
Non-zero rows 0.3680806070406767
Non-zero columns 0.8645986166422134
Matrix density 0.0008973233061660289
finish loading bundle train data
>>>>>>>>>>U-B statistics in test>>>>>>>>>>
Average interactions 1.2123398780822754
Non-zero rows 0.3680806070406767
Non-zero columns 0.5017815971494446
Matrix density 0.0002541060245785134
finish loading bundle test data
>>>>>>>>>>B-I statistics>>>>>>>>>>
Average interactions 37.02934265136719
Non-zero rows 1.0
Non-zero columns 0.8566981995727799
Matrix density 0.0011299769286862884
finish loading assist data
>>>>>>>>>>U-I statistics>>>>>>>>>>
Average interactions 17.230377197265625
Non-zero rows 0.9958950118173903
Non-zero columns 0.641867561794324
Matrix density 0.0005257972814327529
finish loading item data
>>>>>>>>>>U-B statistics in train>>>>>>>>>>
Average interactions 4.281129360198975
Non-zero rows 0.3680806070406767
Non-zero columns 0.8645986166422134
Matrix density 0.0008973233061660289
finish loading bundle train data
>>>>>>>>>>U-B statistics in test>>>>>>>>>>
Average interactions 0.6454783082008362
Non-zero rows 0.3680806070406767
Non-zero columns 0.34835464263257176
Matrix density 0.00013529203381263145
finish loading bundle test data
IHGCN model
/data/lzm/IHBR - 副本/model/IHGCN.py:169: UserWarning: Creating a tensor from a list of numpy.ndarrays is extremely slow. Please consider converting the list to a single numpy.ndarray with numpy.array() before converting to a tensor. (Triggered internally at  /opt/conda/conda-bld/pytorch_1640811805959/work/torch/csrc/utils/tensor_new.cpp:201.)
  ub_indices = torch.tensor([ub_graph_coo.row, ub_graph_coo.col], dtype=torch.long)
finish generating bi, ui graph
finish generating non-atom graph
U-B Train Epoch: 1 [2048/34416 (6%)]	Loss: 0.981742
Train Epoch: 1: time = 5s
Test: time=2s
Recall@20:0.07239602602345994	NDCG@20:0.027900985222726545	Precision@20:0.005508618001883076	Recall@40:0.13616489308554805	NDCG@40:0.04210128990449225	Precision@40:0.005246705161272251	Recall@80:0.24197699162314654	NDCG@80:0.06197985139558669	Precision@80:0.004752450313226481	
Test: time=2s
Recall@20:0.0757299940825395	NDCG@20:0.03448911178913742	Precision@20:0.010307536652137315	Recall@40:0.14293692828272195	NDCG@40:0.051581182605553895	Precision@40:0.009656978966860241	Recall@80:0.24470549928614238	NDCG@80:0.07344369865744933	Precision@80:0.00831361975610236	
U-B Train Epoch: 2 [2048/34416 (6%)]	Loss: 0.947765
Train Epoch: 2: time = 3s
U-B Train Epoch: 3 [2048/34416 (6%)]	Loss: 0.907983
Train Epoch: 3: time = 3s
U-B Train Epoch: 4 [2048/34416 (6%)]	Loss: 0.834288
Train Epoch: 4: time = 3s
U-B Train Epoch: 5 [2048/34416 (6%)]	Loss: 0.745044
Train Epoch: 5: time = 3s
U-B Train Epoch: 6 [2048/34416 (6%)]	Loss: 0.664818
Train Epoch: 6: time = 3s
Test: time=2s
Recall@20:0.16379581927125136	NDCG@20:0.06680596942392383	Precision@20:0.014193985098799808	Recall@40:0.27018592372944567	NDCG@40:0.09085100540723218	Precision@40:0.011439676017284232	Recall@80:0.3833514410484961	NDCG@80:0.11270802437594389	Precision@80:0.008224907256574718	
Test: time=2s
Recall@20:0.16505721421933087	NDCG@20:0.08078908452958664	Precision@20:0.026478540176231743	Recall@40:0.26911509605064793	NDCG@40:0.10812365811352151	Precision@40:0.02102906432414466	Recall@80:0.3924716899184691	NDCG@80:0.13557800468297856	Precision@80:0.01531767514800252	
U-B Train Epoch: 7 [2048/34416 (6%)]	Loss: 0.625220
Train Epoch: 7: time = 2s
U-B Train Epoch: 8 [2048/34416 (6%)]	Loss: 0.598447
Train Epoch: 8: time = 3s
U-B Train Epoch: 9 [2048/34416 (6%)]	Loss: 0.570191
Train Epoch: 9: time = 3s
U-B Train Epoch: 10 [2048/34416 (6%)]	Loss: 0.555809
Train Epoch: 10: time = 3s
U-B Train Epoch: 11 [2048/34416 (6%)]	Loss: 0.533420
Train Epoch: 11: time = 3s
Test: time=2s
Recall@20:0.22378015598762516	NDCG@20:0.10273246855379642	Precision@20:0.018671848597499156	Recall@40:0.3204262524933862	NDCG@40:0.1251749139897281	Precision@40:0.01361946577798599	Recall@80:0.4225211393273171	NDCG@80:0.14506059693661683	Precision@80:0.009124704453138614	
Test: time=2s
Recall@20:0.22563987698414795	NDCG@20:0.12137856955623337	Precision@20:0.03401487040414968	Recall@40:0.32661753065000315	NDCG@40:0.1482646177652197	Precision@40:0.024763433463511415	Recall@80:0.43683809136651425	NDCG@80:0.17407496775594583	Precision@80:0.017298918875861546	
U-B Train Epoch: 12 [2048/34416 (6%)]	Loss: 0.527851
Train Epoch: 12: time = 3s
U-B Train Epoch: 13 [2048/34416 (6%)]	Loss: 0.527616
Train Epoch: 13: time = 2s
U-B Train Epoch: 14 [2048/34416 (6%)]	Loss: 0.519589
Train Epoch: 14: time = 2s
U-B Train Epoch: 15 [2048/34416 (6%)]	Loss: 0.519017
Train Epoch: 15: time = 2s
U-B Train Epoch: 16 [2048/34416 (6%)]	Loss: 0.507395
Train Epoch: 16: time = 2s
Test: time=2s
Recall@20:0.2419149044922535	NDCG@20:0.11634981877983483	Precision@20:0.019837783292645978	Recall@40:0.33716601042700767	NDCG@40:0.1385400507167289	Precision@40:0.014210882441503609	Recall@80:0.4408280867988816	NDCG@80:0.15866075717504463	Precision@80:0.009445758798953124	
Test: time=2s
Recall@20:0.23834730266275822	NDCG@20:0.1360514551532071	Precision@20:0.03562014310011069	Recall@40:0.33810296401900186	NDCG@40:0.16314467532927218	Precision@40:0.025870226170010325	Recall@80:0.4583533242893767	NDCG@80:0.19075146282230854	Precision@80:0.018012842885462486	
U-B Train Epoch: 17 [2048/34416 (6%)]	Loss: 0.507275
Train Epoch: 17: time = 3s
U-B Train Epoch: 18 [2048/34416 (6%)]	Loss: 0.495229
Train Epoch: 18: time = 3s
U-B Train Epoch: 19 [2048/34416 (6%)]	Loss: 0.497184
Train Epoch: 19: time = 3s
U-B Train Epoch: 20 [2048/34416 (6%)]	Loss: 0.493938
Train Epoch: 20: time = 3s
U-B Train Epoch: 21 [2048/34416 (6%)]	Loss: 0.489982
Train Epoch: 21: time = 3s
Test: time=2s
Recall@20:0.24900853968262873	NDCG@20:0.1209575141269881	Precision@20:0.020446096976571244	Recall@40:0.3411888388130624	NDCG@40:0.1424088963144089	Precision@40:0.014430551441910702	Recall@80:0.4515372608593486	NDCG@80:0.16377588332041812	Precision@80:0.009686549638888046	
Test: time=2s
Recall@20:0.24826020411278357	NDCG@20:0.14260152885743838	Precision@20:0.037090233186887464	Recall@40:0.34456694081813427	NDCG@40:0.16882322671728467	Precision@40:0.02655457950758346	Recall@80:0.46107233839689293	NDCG@80:0.1955946715710412	Precision@80:0.018181818890869717	
U-B Train Epoch: 22 [2048/34416 (6%)]	Loss: 0.490125
Train Epoch: 22: time = 3s
U-B Train Epoch: 23 [2048/34416 (6%)]	Loss: 0.480952
Train Epoch: 23: time = 3s
U-B Train Epoch: 24 [2048/34416 (6%)]	Loss: 0.483383
Train Epoch: 24: time = 3s
U-B Train Epoch: 25 [2048/34416 (6%)]	Loss: 0.484244
Train Epoch: 25: time = 3s
U-B Train Epoch: 26 [2048/34416 (6%)]	Loss: 0.475564
Train Epoch: 26: time = 3s
Test: time=2s
Recall@20:0.251811665350942	NDCG@20:0.12363969623015192	Precision@20:0.020834741982385573	Recall@40:0.348323129729348	NDCG@40:0.14597231602902427	Precision@40:0.014692464443669605	Recall@80:0.4551884998297039	NDCG@80:0.1666857070639231	Precision@80:0.009758364795711887	
Test: time=2s
Recall@20:0.24736605144989332	NDCG@20:0.14603332282321282	Precision@20:0.03747887787040564	Recall@40:0.3502269820934939	NDCG@40:0.17391107113790819	Precision@40:0.02713754685515687	Recall@80:0.46603990704999576	NDCG@80:0.20039248039449298	Precision@80:0.018409935918036406	
U-B Train Epoch: 27 [2048/34416 (6%)]	Loss: 0.481504
Train Epoch: 27: time = 3s
U-B Train Epoch: 28 [2048/34416 (6%)]	Loss: 0.486283
Train Epoch: 28: time = 3s
U-B Train Epoch: 29 [2048/34416 (6%)]	Loss: 0.476065
Train Epoch: 29: time = 3s
U-B Train Epoch: 30 [2048/34416 (6%)]	Loss: 0.473519
Train Epoch: 30: time = 3s
U-B Train Epoch: 31 [2048/34416 (6%)]	Loss: 0.471307
Train Epoch: 31: time = 3s
Test: time=2s
Recall@20:0.25463302524640136	NDCG@20:0.12721060610736049	Precision@20:0.020919229662793033	Recall@40:0.35181528331863593	NDCG@40:0.14977910027950347	Precision@40:0.01483609379042883	Recall@80:0.45635539754575555	NDCG@80:0.1700959200792999	Precision@80:0.009792159642267565	
Test: time=2s
Recall@20:0.24965991309946878	NDCG@20:0.14720482034995855	Precision@20:0.03764785452040517	Recall@40:0.3512402038471084	NDCG@40:0.1749005770514083	Precision@40:0.02714599552650877	Recall@80:0.47039997066022093	NDCG@80:0.20193980617594098	Precision@80:0.018481751236008325	
U-B Train Epoch: 32 [2048/34416 (6%)]	Loss: 0.469659
Train Epoch: 32: time = 3s
U-B Train Epoch: 33 [2048/34416 (6%)]	Loss: 0.466718
Train Epoch: 33: time = 3s
U-B Train Epoch: 34 [2048/34416 (6%)]	Loss: 0.469868
Train Epoch: 34: time = 3s
U-B Train Epoch: 35 [2048/34416 (6%)]	Loss: 0.462216
Train Epoch: 35: time = 3s
U-B Train Epoch: 36 [2048/34416 (6%)]	Loss: 0.468835
Train Epoch: 36: time = 3s
Test: time=2s
Recall@20:0.2607247474105747	NDCG@20:0.12896643429440638	Precision@20:0.021392363960495587	Recall@40:0.3538532057256463	NDCG@40:0.1504837505396011	Precision@40:0.014878337147188331	Recall@80:0.4610256802274311	NDCG@80:0.17129919600672075	Precision@80:0.009863974476795255	
Test: time=2s
Recall@20:0.255004640445793	NDCG@20:0.14881890784570115	Precision@20:0.03808719316581167	Recall@40:0.35400456115578266	NDCG@40:0.17600577954868885	Precision@40:0.02738256219191582	Recall@80:0.47296838737815244	NDCG@80:0.2030329109648266	Precision@80:0.018557790245063887	
U-B Train Epoch: 37 [2048/34416 (6%)]	Loss: 0.460997
Train Epoch: 37: time = 2s
U-B Train Epoch: 38 [2048/34416 (6%)]	Loss: 0.461926
Train Epoch: 38: time = 2s
U-B Train Epoch: 39 [2048/34416 (6%)]	Loss: 0.454688
Train Epoch: 39: time = 2s
U-B Train Epoch: 40 [2048/34416 (6%)]	Loss: 0.453135
Train Epoch: 40: time = 2s
U-B Train Epoch: 41 [2048/34416 (6%)]	Loss: 0.460523
Train Epoch: 41: time = 2s
Test: time=2s
Recall@20:0.26173767007335935	NDCG@20:0.1300171764769559	Precision@20:0.021324772655903466	Recall@40:0.35555045852068107	NDCG@40:0.15182511360913606	Precision@40:0.014937478813540093	Recall@80:0.4626656880689739	NDCG@80:0.1727125162045349	Precision@80:0.009893545632267289	
Test: time=2s
Recall@20:0.25521072949779805	NDCG@20:0.15008916722716975	Precision@20:0.03825616788203429	Recall@40:0.35667546805033373	NDCG@40:0.17769971398253342	Precision@40:0.02749239685326744	Recall@80:0.4764539919096137	NDCG@80:0.204934365445595	Precision@80:0.018722541270202862	
U-B Train Epoch: 42 [2048/34416 (6%)]	Loss: 0.444487
Train Epoch: 42: time = 2s
U-B Train Epoch: 43 [2048/34416 (6%)]	Loss: 0.449063
Train Epoch: 43: time = 3s
U-B Train Epoch: 44 [2048/34416 (6%)]	Loss: 0.442898
Train Epoch: 44: time = 3s
U-B Train Epoch: 45 [2048/34416 (6%)]	Loss: 0.443509
Train Epoch: 45: time = 3s
U-B Train Epoch: 46 [2048/34416 (6%)]	Loss: 0.443245
Train Epoch: 46: time = 3s
Test: time=2s
Recall@20:0.26067874414689557	NDCG@20:0.1293366829581098	Precision@20:0.021155796650496234	Recall@40:0.35643946475860194	NDCG@40:0.15167900000363035	Precision@40:0.0149628254721881	Recall@80:0.46619206177459127	NDCG@80:0.17307354204152717	Precision@80:0.009982257487202625	
Test: time=2s
Recall@20:0.2581577900496235	NDCG@20:0.15192775590953975	Precision@20:0.038391349846626226	Recall@40:0.35830004693044526	NDCG@40:0.17925327168239374	Precision@40:0.02749239556408283	Recall@80:0.4810821646651371	NDCG@80:0.2072098175389173	Precision@80:0.0189041906049341	
U-B Train Epoch: 47 [2048/34416 (6%)]	Loss: 0.433011
Train Epoch: 47: time = 3s
U-B Train Epoch: 48 [2048/34416 (6%)]	Loss: 0.435035
Train Epoch: 48: time = 2s
U-B Train Epoch: 49 [2048/34416 (6%)]	Loss: 0.433014
Train Epoch: 49: time = 3s
U-B Train Epoch: 50 [2048/34416 (6%)]	Loss: 0.433727
Train Epoch: 50: time = 3s
U-B Train Epoch: 51 [2048/34416 (6%)]	Loss: 0.428103
Train Epoch: 51: time = 3s
Test: time=2s
Recall@20:0.26255196032793227	NDCG@20:0.12928845198342187	Precision@20:0.02117269431549619	Recall@40:0.3588492550451879	NDCG@40:0.15177921863696428	Precision@40:0.015038864803539817	Recall@80:0.4689746687806269	NDCG@80:0.17319360122603314	Precision@80:0.01000760382355448	
Test: time=2s
Recall@20:0.2576505732560488	NDCG@20:0.15246664023391296	Precision@20:0.038154782536626866	Recall@40:0.35977105298288853	NDCG@40:0.18051075266599254	Precision@40:0.027576885500563364	Recall@80:0.4806710591627239	NDCG@80:0.20820656351319597	Precision@80:0.018916864256554256	
U-B Train Epoch: 52 [2048/34416 (6%)]	Loss: 0.428539
Train Epoch: 52: time = 2s
U-B Train Epoch: 53 [2048/34416 (6%)]	Loss: 0.426157
Train Epoch: 53: time = 2s
U-B Train Epoch: 54 [2048/34416 (6%)]	Loss: 0.418032
Train Epoch: 54: time = 3s
U-B Train Epoch: 55 [2048/34416 (6%)]	Loss: 0.422289
Train Epoch: 55: time = 2s
U-B Train Epoch: 56 [2048/34416 (6%)]	Loss: 0.414884
Train Epoch: 56: time = 3s
Test: time=2s
Recall@20:0.26019140658003126	NDCG@20:0.1287671366669351	Precision@20:0.020969922013200592	Recall@40:0.3600076802399723	NDCG@40:0.1519464645566228	Precision@40:0.015064210817595517	Recall@80:0.4702364814245205	NDCG@80:0.17346121016770208	Precision@80:0.010041399153554387	
Test: time=2s
Recall@20:0.2601006737670692	NDCG@20:0.15352583688914515	Precision@20:0.038492734547441336	Recall@40:0.3635834864403356	NDCG@40:0.18164206888676496	Precision@40:0.02763602748921128	Recall@80:0.4828674790826187	NDCG@80:0.20905284101635108	Precision@80:0.018942210270609956	
U-B Train Epoch: 57 [2048/34416 (6%)]	Loss: 0.420098
Train Epoch: 57: time = 3s
U-B Train Epoch: 58 [2048/34416 (6%)]	Loss: 0.411583
Train Epoch: 58: time = 2s
U-B Train Epoch: 59 [2048/34416 (6%)]	Loss: 0.413271
Train Epoch: 59: time = 3s
U-B Train Epoch: 60 [2048/34416 (6%)]	Loss: 0.408867
Train Epoch: 60: time = 2s
U-B Train Epoch: 61 [2048/34416 (6%)]	Loss: 0.405574
Train Epoch: 61: time = 2s
Test: time=2s
Recall@20:0.2641454440752128	NDCG@20:0.1301006950128316	Precision@20:0.02113889866320013	Recall@40:0.3599372598197501	NDCG@40:0.1525352480605713	Precision@40:0.015038864481243664	Recall@80:0.4702269723988256	NDCG@80:0.17404405826569894	Precision@80:0.010032950482202487	
Test: time=2s
Recall@20:0.2616494124948515	NDCG@20:0.153389170428473	Precision@20:0.038611017235552554	Recall@40:0.3650666469252968	NDCG@40:0.18126069713823292	Precision@40:0.027576884855971057	Recall@80:0.48290249333666885	NDCG@80:0.2085403334091305	Precision@80:0.018942210270609956	
U-B Train Epoch: 62 [2048/34416 (6%)]	Loss: 0.401103
Train Epoch: 62: time = 3s
U-B Train Epoch: 63 [2048/34416 (6%)]	Loss: 0.397489
Train Epoch: 63: time = 3s
U-B Train Epoch: 64 [2048/34416 (6%)]	Loss: 0.397081
Train Epoch: 64: time = 2s
U-B Train Epoch: 65 [2048/34416 (6%)]	Loss: 0.396878
Train Epoch: 65: time = 2s
U-B Train Epoch: 66 [2048/34416 (6%)]	Loss: 0.393725
Train Epoch: 66: time = 2s
Test: time=2s
Recall@20:0.26368785573244496	NDCG@20:0.1299413827352727	Precision@20:0.021122000675904022	Recall@40:0.3594500357011316	NDCG@40:0.1524619965909421	Precision@40:0.015038864481243664	Recall@80:0.4706503612522178	NDCG@80:0.17417781374751817	Precision@80:0.01006674548990624	
Test: time=2s
Recall@20:0.26207079537698813	NDCG@20:0.15429870048540997	Precision@20:0.03856032520744115	Recall@40:0.3660615931978577	NDCG@40:0.18256066964662893	Precision@40:0.02787259351002602	Recall@80:0.48397643568548815	NDCG@80:0.20970220330519707	Precision@80:0.019009800930609774	
U-B Train Epoch: 67 [2048/34416 (6%)]	Loss: 0.397248
Train Epoch: 67: time = 2s
U-B Train Epoch: 68 [2048/34416 (6%)]	Loss: 0.387493
Train Epoch: 68: time = 2s
U-B Train Epoch: 69 [2048/34416 (6%)]	Loss: 0.385401
Train Epoch: 69: time = 3s
U-B Train Epoch: 70 [2048/34416 (6%)]	Loss: 0.381492
Train Epoch: 70: time = 3s
U-B Train Epoch: 71 [2048/34416 (6%)]	Loss: 0.378253
Train Epoch: 71: time = 3s
Test: time=2s
Recall@20:0.26515889272531895	NDCG@20:0.13033527504475223	Precision@20:0.02122338731049605	Recall@40:0.35971102339063554	NDCG@40:0.15252358867494428	Precision@40:0.015030416132187916	Recall@80:0.4700495599693203	NDCG@80:0.17412360095623258	Precision@80:0.01005407248287839	
Test: time=2s
Recall@20:0.2601842232433756	NDCG@20:0.1522040023881062	Precision@20:0.038357555805810926	Recall@40:0.36696510018428946	NDCG@40:0.18115405063042572	Precision@40:0.027881041536785615	Recall@80:0.4835298930764722	NDCG@80:0.20810416100113002	Precision@80:0.01901402591087803	
U-B Train Epoch: 72 [2048/34416 (6%)]	Loss: 0.376802
Train Epoch: 72: time = 3s
U-B Train Epoch: 73 [2048/34416 (6%)]	Loss: 0.373230
Train Epoch: 73: time = 2s
U-B Train Epoch: 74 [2048/34416 (6%)]	Loss: 0.363396
Train Epoch: 74: time = 3s
U-B Train Epoch: 75 [2048/34416 (6%)]	Loss: 0.369783
Train Epoch: 75: time = 2s
U-B Train Epoch: 76 [2048/34416 (6%)]	Loss: 0.365456
Train Epoch: 76: time = 2s
Test: time=2s
Recall@20:0.2655024707377783	NDCG@20:0.13117775461004166	Precision@20:0.021240284975496005	Recall@40:0.36163358440186455	NDCG@40:0.15360624591173777	Precision@40:0.015072659811243571	Recall@80:0.4740951553556153	NDCG@80:0.1755141051647912	Precision@80:0.01008364299375812	
Test: time=2s
Recall@20:0.26145500345542727	NDCG@20:0.15303558060832023	Precision@20:0.038678608540144675	Recall@40:0.36859701710321	NDCG@40:0.1818520538546661	Precision@40:0.027897938879489416	Recall@80:0.485656449503897	NDCG@80:0.20886078860639679	Precision@80:0.01903937224722988	
U-B Train Epoch: 77 [2048/34416 (6%)]	Loss: 0.371513
Train Epoch: 77: time = 2s
U-B Train Epoch: 78 [2048/34416 (6%)]	Loss: 0.360375
Train Epoch: 78: time = 3s
U-B Train Epoch: 79 [2048/34416 (6%)]	Loss: 0.356769
Train Epoch: 79: time = 3s
U-B Train Epoch: 80 [2048/34416 (6%)]	Loss: 0.356772
Train Epoch: 80: time = 2s
U-B Train Epoch: 81 [2048/34416 (6%)]	Loss: 0.353590
Train Epoch: 81: time = 3s
Test: time=2s
Recall@20:0.26561513000261383	NDCG@20:0.13069154379052783	Precision@20:0.02130787466860736	Recall@40:0.3626361884310182	NDCG@40:0.15341773102435763	Precision@40:0.015165596163002934	Recall@80:0.4720768491816545	NDCG@80:0.17479681316039256	Precision@80:0.010075194805850448	
Test: time=2s
Recall@20:0.2620569546909983	NDCG@20:0.15303002937938281	Precision@20:0.038813789860144304	Recall@40:0.3713721777789292	NDCG@40:0.18220096651304812	Precision@40:0.02800777354084104	Recall@80:0.48630929259119426	NDCG@80:0.2089111235303708	Precision@80:0.019077391590609588	
U-B Train Epoch: 82 [2048/34416 (6%)]	Loss: 0.351603
Train Epoch: 82: time = 3s
U-B Train Epoch: 83 [2048/34416 (6%)]	Loss: 0.342759
Train Epoch: 83: time = 2s
U-B Train Epoch: 84 [2048/34416 (6%)]	Loss: 0.344747
Train Epoch: 84: time = 3s
U-B Train Epoch: 85 [2048/34416 (6%)]	Loss: 0.346076
Train Epoch: 85: time = 2s
U-B Train Epoch: 86 [2048/34416 (6%)]	Loss: 0.339416
Train Epoch: 86: time = 2s
Test: time=2s
Recall@20:0.2671222383809194	NDCG@20:0.1314554140349424	Precision@20:0.021375464361718718	Recall@40:0.3641428842702481	NDCG@40:0.15407864182895403	Precision@40:0.01516559680759524	Recall@80:0.47407117652184017	NDCG@80:0.1755575403727241	Precision@80:0.010108989813554202	
Test: time=2s
Recall@20:0.2610921443979174	NDCG@20:0.1526880164370419	Precision@20:0.03862791715662558	Recall@40:0.37028667917925184	NDCG@40:0.18206183255302943	Precision@40:0.028058465568952442	Recall@80:0.4855183726752598	NDCG@80:0.20888989323818752	Precision@80:0.019119635591961396	
U-B Train Epoch: 87 [2048/34416 (6%)]	Loss: 0.339981
Train Epoch: 87: time = 3s
U-B Train Epoch: 88 [2048/34416 (6%)]	Loss: 0.345624
Train Epoch: 88: time = 2s
U-B Train Epoch: 89 [2048/34416 (6%)]	Loss: 0.337698
Train Epoch: 89: time = 3s
U-B Train Epoch: 90 [2048/34416 (6%)]	Loss: 0.342251
Train Epoch: 90: time = 3s
U-B Train Epoch: 91 [2048/34416 (6%)]	Loss: 0.335592
Train Epoch: 91: time = 3s
Test: time=2s
Recall@20:0.264457509259027	NDCG@20:0.1315721600149966	Precision@20:0.021240284008607547	Recall@40:0.36580636042845976	NDCG@40:0.15522880077200912	Precision@40:0.015216289158002796	Recall@80:0.4738689395534545	NDCG@80:0.17642179426610288	Precision@80:0.010125887317406079	
Test: time=2s
Recall@20:0.2636911302613584	NDCG@20:0.15319668485248922	Precision@20:0.03893207190366321	Recall@40:0.37173889407679694	NDCG@40:0.18236833877279857	Precision@40:0.02826968557571148	Recall@80:0.4906774832212107	NDCG@80:0.2097580043719241	Precision@80:0.01925904060304467	
U-B Train Epoch: 92 [2048/34416 (6%)]	Loss: 0.326550
Train Epoch: 92: time = 2s
U-B Train Epoch: 93 [2048/34416 (6%)]	Loss: 0.320068
Train Epoch: 93: time = 2s
U-B Train Epoch: 94 [2048/34416 (6%)]	Loss: 0.328416
Train Epoch: 94: time = 2s
U-B Train Epoch: 95 [2048/34416 (6%)]	Loss: 0.314401
Train Epoch: 95: time = 2s
U-B Train Epoch: 96 [2048/34416 (6%)]	Loss: 0.320914
Train Epoch: 96: time = 2s
Test: time=2s
Recall@20:0.26859647770836853	NDCG@20:0.13150826029053972	Precision@20:0.021510645681718347	Recall@40:0.3686132453591004	NDCG@40:0.154887097233975	Precision@40:0.01538526548570618	Recall@80:0.47423075694979827	NDCG@80:0.17548096796353552	Precision@80:0.010113214310378229	
Test: time=2s
Recall@20:0.2662015233582925	NDCG@20:0.15436069995174942	Precision@20:0.039101048553662754	Recall@40:0.3716955929440637	NDCG@40:0.18308581126304282	Precision@40:0.028295032878951795	Recall@80:0.491764956851713	NDCG@80:0.2107204992894427	Precision@80:0.019301285248988786	
U-B Train Epoch: 97 [2048/34416 (6%)]	Loss: 0.315042
Train Epoch: 97: time = 3s
U-B Train Epoch: 98 [2048/34416 (6%)]	Loss: 0.316928
Train Epoch: 98: time = 3s
U-B Train Epoch: 99 [2048/34416 (6%)]	Loss: 0.310313
Train Epoch: 99: time = 2s
U-B Train Epoch: 100 [2048/34416 (6%)]	Loss: 0.303911
Train Epoch: 100: time = 3s
U-B Train Epoch: 101 [2048/34416 (6%)]	Loss: 0.300260
Train Epoch: 101: time = 3s
Test: time=2s
Recall@20:0.27319075522208464	NDCG@20:0.13395154359333417	Precision@20:0.021814802362532904	Recall@40:0.366667210874464	NDCG@40:0.1558598050719864	Precision@40:0.01533457249070632	Recall@80:0.47546803383216457	NDCG@80:0.17708309956119045	Precision@80:0.010151233653757934	
Test: time=2s
Recall@20:0.26901636513635574	NDCG@20:0.15557525624452148	Precision@20:0.0393038205336622	Recall@40:0.3747184214538801	NDCG@40:0.18438190590412723	Precision@40:0.02849780356976663	Recall@80:0.493553303431401	NDCG@80:0.21172062808414213	Precision@80:0.01937732361345204	
U-B Train Epoch: 102 [2048/34416 (6%)]	Loss: 0.302402
Train Epoch: 102: time = 3s
U-B Train Epoch: 103 [2048/34416 (6%)]	Loss: 0.311403
Train Epoch: 103: time = 3s
U-B Train Epoch: 104 [2048/34416 (6%)]	Loss: 0.302479
Train Epoch: 104: time = 3s
U-B Train Epoch: 105 [2048/34416 (6%)]	Loss: 0.300354
Train Epoch: 105: time = 3s
U-B Train Epoch: 106 [2048/34416 (6%)]	Loss: 0.293642
Train Epoch: 106: time = 2s
Test: time=2s
Recall@20:0.2708570062006273	NDCG@20:0.13316241048727134	Precision@20:0.021730313715236982	Recall@40:0.36472398165554243	NDCG@40:0.155234137996301	Precision@40:0.015292328489354511	Recall@80:0.4745523517862612	NDCG@80:0.17675963282867152	Precision@80:0.010163906821933862	
Test: time=2s
Recall@20:0.2668114984788859	NDCG@20:0.15567453377308899	Precision@20:0.039506590579884725	Recall@40:0.37524406843066177	NDCG@40:0.18499127768632245	Precision@40:0.028590740243822146	Recall@80:0.4900071175366731	NDCG@80:0.2116583192134959	Precision@80:0.01937309927777609	
U-B Train Epoch: 107 [2048/34416 (6%)]	Loss: 0.292183
Train Epoch: 107: time = 2s
U-B Train Epoch: 108 [2048/34416 (6%)]	Loss: 0.289459
Train Epoch: 108: time = 2s
U-B Train Epoch: 109 [2048/34416 (6%)]	Loss: 0.281421
Train Epoch: 109: time = 2s
U-B Train Epoch: 110 [2048/34416 (6%)]	Loss: 0.277965
Train Epoch: 110: time = 2s
U-B Train Epoch: 111 [2048/34416 (6%)]	Loss: 0.278945
Train Epoch: 111: time = 2s
Test: time=2s
Recall@20:0.27088369232208676	NDCG@20:0.13296934219984316	Precision@20:0.02171341605023703	Recall@40:0.36662495140289686	NDCG@40:0.1555159614874971	Precision@40:0.01538526548570618	Recall@80:0.4747525776266528	NDCG@80:0.17670068357312305	Precision@80:0.010176579828961712	
Test: time=2s
Recall@20:0.2678325223777696	NDCG@20:0.15613818901863885	Precision@20:0.039692465217180374	Recall@40:0.3764698251593391	NDCG@40:0.18542488203857668	Precision@40:0.02864988223247006	Recall@80:0.4922381804254499	NDCG@80:0.21228050033399162	Precision@80:0.019428016608451903	
U-B Train Epoch: 112 [2048/34416 (6%)]	Loss: 0.282931
Train Epoch: 112: time = 2s
U-B Train Epoch: 113 [2048/34416 (6%)]	Loss: 0.274824
Train Epoch: 113: time = 2s
U-B Train Epoch: 114 [2048/34416 (6%)]	Loss: 0.270004
Train Epoch: 114: time = 3s
U-B Train Epoch: 115 [2048/34416 (6%)]	Loss: 0.274092
Train Epoch: 115: time = 3s
U-B Train Epoch: 116 [2048/34416 (6%)]	Loss: 0.268924
Train Epoch: 116: time = 3s
Test: time=2s
Recall@20:0.2690061857346628	NDCG@20:0.13330156507424384	Precision@20:0.02167962265401404	Recall@40:0.36614337391287705	NDCG@40:0.15612851755568288	Precision@40:0.015385265163410029	Recall@80:0.4769235129451462	NDCG@80:0.17782925383067283	Precision@80:0.010223048327137546	
Test: time=2s
Recall@20:0.26883105774028915	NDCG@20:0.15681998977068107	Precision@20:0.03999662125340262	Recall@40:0.37636245155141096	NDCG@40:0.18594532586626605	Precision@40:0.028776614236525482	Recall@80:0.49227760884761007	NDCG@80:0.21271585282057917	Precision@80:0.019440690260072058	
U-B Train Epoch: 117 [2048/34416 (6%)]	Loss: 0.268482
Train Epoch: 117: time = 3s
U-B Train Epoch: 118 [2048/34416 (6%)]	Loss: 0.268223
Train Epoch: 118: time = 3s
U-B Train Epoch: 119 [2048/34416 (6%)]	Loss: 0.267353
Train Epoch: 119: time = 2s
U-B Train Epoch: 120 [2048/34416 (6%)]	Loss: 0.262770
Train Epoch: 120: time = 2s
U-B Train Epoch: 121 [2048/34416 (6%)]	Loss: 0.257639
Train Epoch: 121: time = 2s
Test: time=2s
Recall@20:0.27034256997322786	NDCG@20:0.13401221004278524	Precision@20:0.021831700672125164	Recall@40:0.3662757267618389	NDCG@40:0.15649177626042238	Precision@40:0.015359918827058174	Recall@80:0.4773562767490337	NDCG@80:0.1783127393139178	Precision@80:0.010231496676193294	
Test: time=2s
Recall@20:0.2679181964303159	NDCG@20:0.15672332155176738	Precision@20:0.04031767527692098	Recall@40:0.37706351014318074	NDCG@40:0.18611600359536054	Precision@40:0.028869550265988694	Recall@80:0.49522816051136365	NDCG@80:0.21328568788910685	Precision@80:0.019546299941155428	
U-B Train Epoch: 122 [2048/34416 (6%)]	Loss: 0.260371
Train Epoch: 122: time = 2s
U-B Train Epoch: 123 [2048/34416 (6%)]	Loss: 0.256324
Train Epoch: 123: time = 3s
U-B Train Epoch: 124 [2048/34416 (6%)]	Loss: 0.254036
Train Epoch: 124: time = 2s
U-B Train Epoch: 125 [2048/34416 (6%)]	Loss: 0.252360
Train Epoch: 125: time = 2s
U-B Train Epoch: 126 [2048/34416 (6%)]	Loss: 0.250667
Train Epoch: 126: time = 2s
Test: time=2s
Recall@20:0.2720144877122761	NDCG@20:0.13442414062334984	Precision@20:0.021966880702940183	Recall@40:0.3677698401592599	NDCG@40:0.15682821476850287	Precision@40:0.015427509164761837	Recall@80:0.4772937977060187	NDCG@80:0.17837536274560925	Precision@80:0.010244170650109604	
Test: time=2s
Recall@20:0.27202902971469456	NDCG@20:0.1574853946728334	Precision@20:0.04057114057421644	Recall@40:0.3759806982042339	NDCG@40:0.18570184014704874	Precision@40:0.028801960250581186	Recall@80:0.49399387453729615	NDCG@80:0.21299716321629986	Precision@80:0.01954630026345158	
U-B Train Epoch: 127 [2048/34416 (6%)]	Loss: 0.249080
Train Epoch: 127: time = 3s
U-B Train Epoch: 128 [2048/34416 (6%)]	Loss: 0.246338
Train Epoch: 128: time = 2s
U-B Train Epoch: 129 [2048/34416 (6%)]	Loss: 0.245668
Train Epoch: 129: time = 2s
U-B Train Epoch: 130 [2048/34416 (6%)]	Loss: 0.243929
Train Epoch: 130: time = 2s
U-B Train Epoch: 131 [2048/34416 (6%)]	Loss: 0.236745
Train Epoch: 131: time = 2s
Test: time=2s
Recall@20:0.27182754047338364	NDCG@20:0.1348184893041819	Precision@20:0.02193308601753258	Recall@40:0.36806271711931554	NDCG@40:0.1573978538809696	Precision@40:0.015478202159761697	Recall@80:0.47607099063173264	NDCG@80:0.17868770123656114	Precision@80:0.010252619321461504	
Test: time=2s
Recall@20:0.2708902052827444	NDCG@20:0.15742307033197184	Precision@20:0.04048665321610513	Recall@40:0.3767004241891792	NDCG@40:0.18614207090820642	Precision@40:0.028894897569229007	Recall@80:0.4926747086484032	NDCG@80:0.21305125224586272	Precision@80:0.019546299618859272	
U-B Train Epoch: 132 [2048/34416 (6%)]	Loss: 0.238745
Train Epoch: 132: time = 3s
U-B Train Epoch: 133 [2048/34416 (6%)]	Loss: 0.237265
Train Epoch: 133: time = 3s
U-B Train Epoch: 134 [2048/34416 (6%)]	Loss: 0.229767
Train Epoch: 134: time = 3s
U-B Train Epoch: 135 [2048/34416 (6%)]	Loss: 0.234448
Train Epoch: 135: time = 3s
U-B Train Epoch: 136 [2048/34416 (6%)]	Loss: 0.226630
Train Epoch: 136: time = 3s
Test: time=2s
Recall@20:0.27017453249421786	NDCG@20:0.13475002586620005	Precision@20:0.021848597047940507	Recall@40:0.3698745320156725	NDCG@40:0.15818339016196614	Precision@40:0.015604934163817122	Recall@80:0.47626155274427595	NDCG@80:0.17907785491066713	Precision@80:0.010256843657137454	
Test: time=2s
Recall@20:0.2717602244097061	NDCG@20:0.15764229101843028	Precision@20:0.04077391062043897	Recall@40:0.37629088633525365	NDCG@40:0.1860091095641079	Precision@40:0.028937141570580815	Recall@80:0.4911730973532813	NDCG@80:0.21266077885397305	Precision@80:0.019542075605479475	
U-B Train Epoch: 137 [2048/34416 (6%)]	Loss: 0.223767
Train Epoch: 137: time = 2s
U-B Train Epoch: 138 [2048/34416 (6%)]	Loss: 0.224109
Train Epoch: 138: time = 3s
U-B Train Epoch: 139 [2048/34416 (6%)]	Loss: 0.224660
Train Epoch: 139: time = 2s
U-B Train Epoch: 140 [2048/34416 (6%)]	Loss: 0.220169
Train Epoch: 140: time = 2s
U-B Train Epoch: 141 [2048/34416 (6%)]	Loss: 0.213999
Train Epoch: 141: time = 3s
Test: time=2s
Recall@20:0.27185450505871916	NDCG@20:0.13495400839054975	Precision@20:0.021949982715644075	Recall@40:0.3711910679679579	NDCG@40:0.15827582212024624	Precision@40:0.015680973495168837	Recall@80:0.47506746870313554	NDCG@80:0.17867814064348175	Precision@80:0.010231496998489447	
Test: time=2s
Recall@20:0.2706170734741995	NDCG@20:0.15764301296181274	Precision@20:0.040858399267734886	Recall@40:0.3748185137471221	NDCG@40:0.18593187193565974	Precision@40:0.02892869225463661	Recall@80:0.4937565923744297	NDCG@80:0.21332138798937036	Precision@80:0.019609665620886986	
U-B Train Epoch: 142 [2048/34416 (6%)]	Loss: 0.210189
Train Epoch: 142: time = 3s
U-B Train Epoch: 143 [2048/34416 (6%)]	Loss: 0.212527
Train Epoch: 143: time = 2s
U-B Train Epoch: 144 [2048/34416 (6%)]	Loss: 0.216187
Train Epoch: 144: time = 2s
U-B Train Epoch: 145 [2048/34416 (6%)]	Loss: 0.202314
Train Epoch: 145: time = 3s
U-B Train Epoch: 146 [2048/34416 (6%)]	Loss: 0.221203
Train Epoch: 146: time = 3s
Test: time=2s
Recall@20:0.269618388566265	NDCG@20:0.13483945918107362	Precision@20:0.022017574020236196	Recall@40:0.371759139431937	NDCG@40:0.15859689870449528	Precision@40:0.01567252482381694	Recall@80:0.4739146591965191	NDCG@80:0.17874511636242185	Precision@80:0.010214599816933722	
Test: time=2s
Recall@20:0.2714854579150737	NDCG@20:0.15769512180381226	Precision@20:0.0409090919404386	Recall@40:0.37365601988570357	NDCG@40:0.18549394623658752	Precision@40:0.028818858882469597	Recall@80:0.49121878605591524	NDCG@80:0.21268330864424478	Precision@80:0.019554748934803478	
U-B Train Epoch: 147 [2048/34416 (6%)]	Loss: 0.211440
Train Epoch: 147: time = 2s
U-B Train Epoch: 148 [2048/34416 (6%)]	Loss: 0.209105
Train Epoch: 148: time = 2s
U-B Train Epoch: 149 [2048/34416 (6%)]	Loss: 0.206157
Train Epoch: 149: time = 2s
U-B Train Epoch: 150 [2048/34416 (6%)]	Loss: 0.207217
Train Epoch: 150: time = 2s
U-B Train Epoch: 151 [2048/34416 (6%)]	Loss: 0.208884
Train Epoch: 151: time = 2s
Test: time=2s
Recall@20:0.2692057411990564	NDCG@20:0.13484870005636934	Precision@20:0.02189929004294037	Recall@40:0.3734408549740331	NDCG@40:0.15911875032178047	Precision@40:0.015765461497872453	Recall@80:0.4767591058100023	NDCG@80:0.17941729721889257	Precision@80:0.010277965496665282	
Test: time=2s
Recall@20:0.27238524173634726	NDCG@20:0.15829510058692758	Precision@20:0.041044273260438226	Recall@40:0.3712619628081172	NDCG@40:0.1853973759957043	Precision@40:0.028793511579229283	Recall@80:0.49239472869120166	NDCG@80:0.21319527479392847	Precision@80:0.019575870935479384	
