nohup: ignoring input
>>>>>>>>>>B-I statistics>>>>>>>>>>
Average interactions 37.02934265136719
Non-zero rows 1.0
Non-zero columns 0.8566981995727799
Matrix density 0.0011299769286862884
finish loading assist data
>>>>>>>>>>U-I statistics>>>>>>>>>>
Average interactions 17.230377197265625
Non-zero rows 0.9958950118173903
Non-zero columns 0.641867561794324
Matrix density 0.0005257972814327529
finish loading item data
>>>>>>>>>>U-B statistics in train>>>>>>>>>>
Average interactions 4.281129360198975
Non-zero rows 0.3680806070406767
Non-zero columns 0.8645986166422134
Matrix density 0.0008973233061660289
finish loading bundle train data
>>>>>>>>>>U-B statistics in test>>>>>>>>>>
Average interactions 1.2123398780822754
Non-zero rows 0.3680806070406767
Non-zero columns 0.5017815971494446
Matrix density 0.0002541060245785134
finish loading bundle test data
>>>>>>>>>>B-I statistics>>>>>>>>>>
Average interactions 37.02934265136719
Non-zero rows 1.0
Non-zero columns 0.8566981995727799
Matrix density 0.0011299769286862884
finish loading assist data
>>>>>>>>>>U-I statistics>>>>>>>>>>
Average interactions 17.230377197265625
Non-zero rows 0.9958950118173903
Non-zero columns 0.641867561794324
Matrix density 0.0005257972814327529
finish loading item data
>>>>>>>>>>U-B statistics in train>>>>>>>>>>
Average interactions 4.281129360198975
Non-zero rows 0.3680806070406767
Non-zero columns 0.8645986166422134
Matrix density 0.0008973233061660289
finish loading bundle train data
>>>>>>>>>>U-B statistics in test>>>>>>>>>>
Average interactions 0.6454783082008362
Non-zero rows 0.3680806070406767
Non-zero columns 0.34835464263257176
Matrix density 0.00013529203381263145
finish loading bundle test data
IHGCN model
/data/lzm/IHBR - 副本/model/IHGCN.py:169: UserWarning: Creating a tensor from a list of numpy.ndarrays is extremely slow. Please consider converting the list to a single numpy.ndarray with numpy.array() before converting to a tensor. (Triggered internally at  /opt/conda/conda-bld/pytorch_1640811805959/work/torch/csrc/utils/tensor_new.cpp:201.)
  ub_indices = torch.tensor([ub_graph_coo.row, ub_graph_coo.col], dtype=torch.long)
finish generating bi, ui graph
finish generating non-atom graph
U-B Train Epoch: 1 [2048/34416 (6%)]	Loss: 0.956121
Train Epoch: 1: time = 15s
Test: time=3s
Recall@20:0.17800709942620765	NDCG@20:0.08356178028432854	Precision@20:0.013180128744060262	Recall@40:0.2589694039569428	NDCG@40:0.10201698398622318	Precision@40:0.010011828481526583	Recall@80:0.3641693125547852	NDCG@80:0.12210836149462577	Precision@80:0.007244846554131232	
Test: time=3s
Recall@20:0.1936631790888233	NDCG@20:0.10652315862358483	Precision@20:0.024315647435937632	Recall@40:0.2684124285564829	NDCG@40:0.126294934374934	Precision@40:0.017810070905463042	Recall@80:0.36729672487703036	NDCG@80:0.1485366434533679	Precision@80:0.012837951752977542	
U-B Train Epoch: 2 [2048/34416 (6%)]	Loss: 0.934657
Train Epoch: 2: time = 8s
U-B Train Epoch: 3 [2048/34416 (6%)]	Loss: 0.897754
Train Epoch: 3: time = 9s
U-B Train Epoch: 4 [2048/34416 (6%)]	Loss: 0.855320
Train Epoch: 4: time = 9s
U-B Train Epoch: 5 [2048/34416 (6%)]	Loss: 0.779854
Train Epoch: 5: time = 9s
U-B Train Epoch: 6 [2048/34416 (6%)]	Loss: 0.683935
Train Epoch: 6: time = 9s
Test: time=3s
Recall@20:0.16932924972590904	NDCG@20:0.07180502125442571	Precision@20:0.014413653454614596	Recall@40:0.26857904277568173	NDCG@40:0.0945629959132229	Precision@40:0.011431227023636178	Recall@80:0.38324964703156683	NDCG@80:0.1163683392059646	Precision@80:0.00810239974934332	
Test: time=3s
Recall@20:0.16287394913921246	NDCG@20:0.07826821680768352	Precision@20:0.02541399147108464	Recall@40:0.25842456359966415	NDCG@40:0.1043398342409743	Precision@40:0.020530585623867167	Recall@80:0.3890636633601935	NDCG@80:0.13337271001621773	Precision@80:0.015245860474622907	
U-B Train Epoch: 7 [2048/34416 (6%)]	Loss: 0.628293
Train Epoch: 7: time = 8s
U-B Train Epoch: 8 [2048/34416 (6%)]	Loss: 0.621959
Train Epoch: 8: time = 9s
U-B Train Epoch: 9 [2048/34416 (6%)]	Loss: 0.594427
Train Epoch: 9: time = 9s
U-B Train Epoch: 10 [2048/34416 (6%)]	Loss: 0.563650
Train Epoch: 10: time = 9s
U-B Train Epoch: 11 [2048/34416 (6%)]	Loss: 0.571524
Train Epoch: 11: time = 10s
Test: time=3s
Recall@20:0.2217747055626109	NDCG@20:0.1013786132853754	Precision@20:0.018485974927091968	Recall@40:0.31309524747559087	NDCG@40:0.12253364802776619	Precision@40:0.013281514411763833	Recall@80:0.4268456008153092	NDCG@80:0.14430994083447085	Precision@80:0.009065563109083005	
Test: time=3s
Recall@20:0.21897603531631515	NDCG@20:0.1187917793792178	Precision@20:0.032832038366299054	Recall@40:0.321863234385561	NDCG@40:0.14642554950617423	Precision@40:0.024518418126752466	Recall@80:0.4370138020723323	NDCG@80:0.1728565439093391	Precision@80:0.01715951386477827	
U-B Train Epoch: 12 [2048/34416 (6%)]	Loss: 0.541443
Train Epoch: 12: time = 9s
U-B Train Epoch: 13 [2048/34416 (6%)]	Loss: 0.555242
Train Epoch: 13: time = 9s
U-B Train Epoch: 14 [2048/34416 (6%)]	Loss: 0.555695
Train Epoch: 14: time = 9s
U-B Train Epoch: 15 [2048/34416 (6%)]	Loss: 0.571744
Train Epoch: 15: time = 9s
U-B Train Epoch: 16 [2048/34416 (6%)]	Loss: 0.526584
Train Epoch: 16: time = 9s
Test: time=3s
Recall@20:0.23597123744561085	NDCG@20:0.11495964202416753	Precision@20:0.019364650928720344	Recall@40:0.3277993725940721	NDCG@40:0.1363007654084995	Precision@40:0.013788442105689375	Recall@80:0.43680231391517405	NDCG@80:0.1575077285070442	Precision@80:0.009340149117869756	
Test: time=3s
Recall@20:0.22971477295829462	NDCG@20:0.12827295610815256	Precision@20:0.034521799064963686	Recall@40:0.331703137046141	NDCG@40:0.15577010876345207	Precision@40:0.025253464781621614	Recall@80:0.44762912349307726	NDCG@80:0.18232347514831604	Precision@80:0.01752281221194459	
U-B Train Epoch: 17 [2048/34416 (6%)]	Loss: 0.564099
Train Epoch: 17: time = 8s
U-B Train Epoch: 18 [2048/34416 (6%)]	Loss: 0.524614
Train Epoch: 18: time = 9s
U-B Train Epoch: 19 [2048/34416 (6%)]	Loss: 0.544206
Train Epoch: 19: time = 10s
U-B Train Epoch: 20 [2048/34416 (6%)]	Loss: 0.537773
Train Epoch: 20: time = 10s
U-B Train Epoch: 21 [2048/34416 (6%)]	Loss: 0.535308
Train Epoch: 21: time = 10s
Test: time=3s
Recall@20:0.24558731703066913	NDCG@20:0.12034668040944338	Precision@20:0.02014193932886823	Recall@40:0.3339987623002651	NDCG@40:0.14085420155372116	Precision@40:0.014075701766096285	Recall@80:0.4419643844289931	NDCG@80:0.16202543876831013	Precision@80:0.009530247123952893	
Test: time=3s
Recall@20:0.23287361560136977	NDCG@20:0.1331222343380365	Precision@20:0.03548496178011106	Recall@40:0.3363050723164498	NDCG@40:0.160860407791576	Precision@40:0.02586177814325073	Recall@80:0.4566981968907095	NDCG@80:0.18802405354460175	Precision@80:0.017772051884379487	
U-B Train Epoch: 22 [2048/34416 (6%)]	Loss: 0.533101
Train Epoch: 22: time = 9s
U-B Train Epoch: 23 [2048/34416 (6%)]	Loss: 0.509486
Train Epoch: 23: time = 9s
U-B Train Epoch: 24 [2048/34416 (6%)]	Loss: 0.539337
Train Epoch: 24: time = 9s
U-B Train Epoch: 25 [2048/34416 (6%)]	Loss: 0.518896
Train Epoch: 25: time = 9s
U-B Train Epoch: 26 [2048/34416 (6%)]	Loss: 0.524975
Train Epoch: 26: time = 9s
Test: time=3s
Recall@20:0.24567072211829905	NDCG@20:0.11917446093931518	Precision@20:0.020310916301163922	Recall@40:0.3358270632894348	NDCG@40:0.14003702094724912	Precision@40:0.014151740775151847	Recall@80:0.4477995640122032	NDCG@80:0.16187550401961573	Precision@80:0.009648529973212187	
Test: time=3s
Recall@20:0.2367988733392827	NDCG@20:0.13757653476499795	Precision@20:0.035941197768221356	Recall@40:0.33894896305828087	NDCG@40:0.1653705299122183	Precision@40:0.026284217512176505	Recall@80:0.4586472480673369	NDCG@80:0.19254089231707028	Precision@80:0.01802551621478649	
U-B Train Epoch: 27 [2048/34416 (6%)]	Loss: 0.535381
Train Epoch: 27: time = 9s
U-B Train Epoch: 28 [2048/34416 (6%)]	Loss: 0.518561
Train Epoch: 28: time = 9s
U-B Train Epoch: 29 [2048/34416 (6%)]	Loss: 0.524639
Train Epoch: 29: time = 9s
U-B Train Epoch: 30 [2048/34416 (6%)]	Loss: 0.493561
Train Epoch: 30: time = 9s
U-B Train Epoch: 31 [2048/34416 (6%)]	Loss: 0.542924
Train Epoch: 31: time = 9s
Test: time=3s
Recall@20:0.25053173192814826	NDCG@20:0.12330404412468449	Precision@20:0.020564379986978618	Recall@40:0.33929108171375993	NDCG@40:0.14399301026793257	Precision@40:0.014354512110558987	Recall@80:0.4461901356296468	NDCG@80:0.16480758940299325	Precision@80:0.00960206163618443	
Test: time=3s
Recall@20:0.24074957958142795	NDCG@20:0.14117761671885562	Precision@20:0.03643122779714695	Recall@40:0.34399331039011016	NDCG@40:0.16906933205963268	Precision@40:0.026495438808120154	Recall@80:0.4592250915506717	NDCG@80:0.19545188148346412	Precision@80:0.018080432900869997	
U-B Train Epoch: 32 [2048/34416 (6%)]	Loss: 0.538522
Train Epoch: 32: time = 9s
U-B Train Epoch: 33 [2048/34416 (6%)]	Loss: 0.547254
Train Epoch: 33: time = 10s
U-B Train Epoch: 34 [2048/34416 (6%)]	Loss: 0.503586
Train Epoch: 34: time = 9s
U-B Train Epoch: 35 [2048/34416 (6%)]	Loss: 0.504580
Train Epoch: 35: time = 9s
U-B Train Epoch: 36 [2048/34416 (6%)]	Loss: 0.539628
Train Epoch: 36: time = 9s
Test: time=3s
Recall@20:0.25360885058032695	NDCG@20:0.12500992414313983	Precision@20:0.020902332320089236	Recall@40:0.3451202227562495	NDCG@40:0.1461468638903227	Precision@40:0.014557282801373821	Recall@80:0.45006183548205686	NDCG@80:0.1667124009204902	Precision@80:0.009703447303887999	
Test: time=3s
Recall@20:0.2453080848005423	NDCG@20:0.14323991760687071	Precision@20:0.0367353844779615	Recall@40:0.34684372850671413	NDCG@40:0.1708124127892394	Precision@40:0.026672863484879288	Recall@80:0.466473557812896	NDCG@80:0.1980452052480911	Precision@80:0.01823251059668497	
U-B Train Epoch: 37 [2048/34416 (6%)]	Loss: 0.516859
Train Epoch: 37: time = 9s
U-B Train Epoch: 38 [2048/34416 (6%)]	Loss: 0.480368
Train Epoch: 38: time = 10s
U-B Train Epoch: 39 [2048/34416 (6%)]	Loss: 0.492295
Train Epoch: 39: time = 9s
U-B Train Epoch: 40 [2048/34416 (6%)]	Loss: 0.537320
Train Epoch: 40: time = 9s
U-B Train Epoch: 41 [2048/34416 (6%)]	Loss: 0.499826
Train Epoch: 41: time = 9s
Test: time=3s
Recall@20:0.25584415230810664	NDCG@20:0.12536853404817005	Precision@20:0.02066576597697834	Recall@40:0.35159587441122425	NDCG@40:0.1475749400952008	Precision@40:0.014717810780021458	Recall@80:0.45230048908982656	NDCG@80:0.16734159778364208	Precision@80:0.009737242311591754	
Test: time=3s
Recall@20:0.24691949852740053	NDCG@20:0.1454608423478622	Precision@20:0.036971950498776246	Recall@40:0.34294224848977695	NDCG@40:0.1718313533657908	Precision@40:0.026503886190287443	Recall@80:0.4649113960949381	NDCG@80:0.19962122312225414	Precision@80:0.01824940890627723	
U-B Train Epoch: 42 [2048/34416 (6%)]	Loss: 0.479833
Train Epoch: 42: time = 9s
U-B Train Epoch: 43 [2048/34416 (6%)]	Loss: 0.517343
Train Epoch: 43: time = 9s
U-B Train Epoch: 44 [2048/34416 (6%)]	Loss: 0.484868
Train Epoch: 44: time = 9s
U-B Train Epoch: 45 [2048/34416 (6%)]	Loss: 0.510478
Train Epoch: 45: time = 10s
U-B Train Epoch: 46 [2048/34416 (6%)]	Loss: 0.468707
Train Epoch: 46: time = 10s
Test: time=3s
Recall@20:0.2570260561330369	NDCG@20:0.12540372363132735	Precision@20:0.020767151322385758	Recall@40:0.3491877033405104	NDCG@40:0.14687937085150707	Precision@40:0.014658668469077391	Recall@80:0.46170132641213774	NDCG@80:0.16866842916423544	Precision@80:0.009863974637943331	
Test: time=3s
Recall@20:0.24682055618683202	NDCG@20:0.1446070076445141	Precision@20:0.037039540514183754	Recall@40:0.35161316495523454	NDCG@40:0.1727970918717921	Precision@40:0.0267911455283982	Recall@80:0.4648827143157	NDCG@80:0.19897035506578184	Precision@80:0.018278979900601185	
U-B Train Epoch: 47 [2048/34416 (6%)]	Loss: 0.487828
Train Epoch: 47: time = 8s
U-B Train Epoch: 48 [2048/34416 (6%)]	Loss: 0.469123
Train Epoch: 48: time = 10s
U-B Train Epoch: 49 [2048/34416 (6%)]	Loss: 0.489707
Train Epoch: 49: time = 10s
U-B Train Epoch: 50 [2048/34416 (6%)]	Loss: 0.471927
Train Epoch: 50: time = 10s
U-B Train Epoch: 51 [2048/34416 (6%)]	Loss: 0.510908
Train Epoch: 51: time = 9s
Test: time=3s
Recall@20:0.25752399079740834	NDCG@20:0.12388464388471876	Precision@20:0.02085163900279322	Recall@40:0.3497777992343935	NDCG@40:0.1453707309218829	Precision@40:0.014709361786373405	Recall@80:0.460576280785316	NDCG@80:0.1669097080469212	Precision@80:0.009876647483823105	
Test: time=3s
Recall@20:0.2478614954095952	NDCG@20:0.1461614316764334	Precision@20:0.03703954115877606	Recall@40:0.35091653600179007	NDCG@40:0.1740607506280495	Precision@40:0.026765800158934806	Recall@80:0.47481794444319764	NDCG@80:0.20219584855327496	Precision@80:0.018485974927091968	
U-B Train Epoch: 52 [2048/34416 (6%)]	Loss: 0.475333
Train Epoch: 52: time = 9s
U-B Train Epoch: 53 [2048/34416 (6%)]	Loss: 0.477713
Train Epoch: 53: time = 9s
U-B Train Epoch: 54 [2048/34416 (6%)]	Loss: 0.480384
Train Epoch: 54: time = 9s
U-B Train Epoch: 55 [2048/34416 (6%)]	Loss: 0.455643
Train Epoch: 55: time = 9s
U-B Train Epoch: 56 [2048/34416 (6%)]	Loss: 0.453287
Train Epoch: 56: time = 9s
Test: time=3s
Recall@20:0.25733946206884717	NDCG@20:0.126030352438733	Precision@20:0.020699561629274398	Recall@40:0.35103035553277606	NDCG@40:0.14803714114050884	Precision@40:0.014760054459077113	Recall@80:0.46427633344180363	NDCG@80:0.16990141821858368	Precision@80:0.009910442974971088	
Test: time=3s
Recall@20:0.25306074600761186	NDCG@20:0.14826545573521724	Precision@20:0.03719161982147949	Recall@40:0.3517432539960185	NDCG@40:0.1753548289844014	Precision@40:0.026833389529750007	Recall@80:0.47416327587049045	NDCG@80:0.2031539911835449	Precision@80:0.018469077906684322	
U-B Train Epoch: 57 [2048/34416 (6%)]	Loss: 0.499964
Train Epoch: 57: time = 9s
U-B Train Epoch: 58 [2048/34416 (6%)]	Loss: 0.441567
Train Epoch: 58: time = 10s
U-B Train Epoch: 59 [2048/34416 (6%)]	Loss: 0.482892
Train Epoch: 59: time = 10s
U-B Train Epoch: 60 [2048/34416 (6%)]	Loss: 0.474286
Train Epoch: 60: time = 9s
U-B Train Epoch: 61 [2048/34416 (6%)]	Loss: 0.473976
Train Epoch: 61: time = 9s
Test: time=3s
Recall@20:0.25923761623700997	NDCG@20:0.12509660118131388	Precision@20:0.020733356636978156	Recall@40:0.35127912175216236	NDCG@40:0.14670826769149073	Precision@40:0.014684014805429245	Recall@80:0.46301746013882433	NDCG@80:0.1684763793326504	Precision@80:0.009893545309971136	
Test: time=3s
Recall@20:0.24918537971416652	NDCG@20:0.14671598475057557	Precision@20:0.03690435983877643	Recall@40:0.35290818183798367	NDCG@40:0.1750103408076063	Precision@40:0.02692632684839783	Recall@80:0.4745396455827296	NDCG@80:0.20263937962703826	Precision@80:0.018473301597767965	
U-B Train Epoch: 62 [2048/34416 (6%)]	Loss: 0.441590
Train Epoch: 62: time = 9s
U-B Train Epoch: 63 [2048/34416 (6%)]	Loss: 0.485233
Train Epoch: 63: time = 9s
U-B Train Epoch: 64 [2048/34416 (6%)]	Loss: 0.449847
Train Epoch: 64: time = 10s
U-B Train Epoch: 65 [2048/34416 (6%)]	Loss: 0.486763
Train Epoch: 65: time = 10s
U-B Train Epoch: 66 [2048/34416 (6%)]	Loss: 0.417286
Train Epoch: 66: time = 9s
Test: time=3s
Recall@20:0.2577243352427842	NDCG@20:0.12501030832015408	Precision@20:0.020496789649274955	Recall@40:0.35234742778585987	NDCG@40:0.14721602336423306	Precision@40:0.01464177112637359	Recall@80:0.46159766565589094	NDCG@80:0.16865769799152877	Precision@80:0.009863974637943331	
Test: time=3s
Recall@20:0.24750320006561022	NDCG@20:0.1464822220616987	Precision@20:0.03670158850336929	Recall@40:0.3548909993379573	NDCG@40:0.17560671245217846	Precision@40:0.026960122822990044	Recall@80:0.4748488229930139	NDCG@80:0.20284274592114365	Precision@80:0.018447955906008416	
U-B Train Epoch: 67 [2048/34416 (6%)]	Loss: 0.463045
Train Epoch: 67: time = 9s
U-B Train Epoch: 68 [2048/34416 (6%)]	Loss: 0.452255
Train Epoch: 68: time = 9s
U-B Train Epoch: 69 [2048/34416 (6%)]	Loss: 0.445947
Train Epoch: 69: time = 9s
U-B Train Epoch: 70 [2048/34416 (6%)]	Loss: 0.432863
Train Epoch: 70: time = 9s
U-B Train Epoch: 71 [2048/34416 (6%)]	Loss: 0.492412
Train Epoch: 71: time = 9s
Test: time=3s
Recall@20:0.2579847866314897	NDCG@20:0.12558642687447855	Precision@20:0.020598175316978523	Recall@40:0.3537504577121045	NDCG@40:0.14796238905999176	Precision@40:0.014717810135429154	Recall@80:0.46416608237382245	NDCG@80:0.1695641675241979	Precision@80:0.009910442974971088	
Test: time=3s
Recall@20:0.24868392815417475	NDCG@20:0.14645306328415428	Precision@20:0.036684691805257796	Recall@40:0.3512021110202058	NDCG@40:0.17451186726406726	Precision@40:0.02674890152704639	Recall@80:0.4790755539739724	NDCG@80:0.20313647374304294	Precision@80:0.018460628913036268	
U-B Train Epoch: 72 [2048/34416 (6%)]	Loss: 0.449879
Train Epoch: 72: time = 9s
U-B Train Epoch: 73 [2048/34416 (6%)]	Loss: 0.422273
Train Epoch: 73: time = 10s
U-B Train Epoch: 74 [2048/34416 (6%)]	Loss: 0.457608
Train Epoch: 74: time = 9s
U-B Train Epoch: 75 [2048/34416 (6%)]	Loss: 0.420601
Train Epoch: 75: time = 9s
U-B Train Epoch: 76 [2048/34416 (6%)]	Loss: 0.405749
Train Epoch: 76: time = 9s
Test: time=3s
Recall@20:0.25851049033239426	NDCG@20:0.12521221010054073	Precision@20:0.0207164589719782	Recall@40:0.3554402177661768	NDCG@40:0.1475606378811201	Precision@40:0.014650219475429337	Recall@80:0.46338599160862515	NDCG@80:0.16882065866153842	Precision@80:0.009885096316323082	
Test: time=3s
Recall@20:0.25002211209445757	NDCG@20:0.1471551068129673	Precision@20:0.03678607715066521	Recall@40:0.3544388874514194	NDCG@40:0.17553875179619513	Precision@40:0.02687563417569412	Recall@80:0.47876618060762716	NDCG@80:0.20356862389505534	Precision@80:0.018477527222628527	
U-B Train Epoch: 77 [2048/34416 (6%)]	Loss: 0.402195
Train Epoch: 77: time = 8s
U-B Train Epoch: 78 [2048/34416 (6%)]	Loss: 0.391478
Train Epoch: 78: time = 9s
U-B Train Epoch: 79 [2048/34416 (6%)]	Loss: 0.443913
Train Epoch: 79: time = 10s
U-B Train Epoch: 80 [2048/34416 (6%)]	Loss: 0.394070
Train Epoch: 80: time = 10s
U-B Train Epoch: 81 [2048/34416 (6%)]	Loss: 0.412684
Train Epoch: 81: time = 9s
Test: time=3s
Recall@20:0.2602580522677108	NDCG@20:0.1250419320186758	Precision@20:0.02068266331968214	Recall@40:0.3581635480637726	NDCG@40:0.14771010336661589	Precision@40:0.014751605787725214	Recall@80:0.46431039885597963	NDCG@80:0.16854900425855837	Precision@80:0.009868198812471205	
Test: time=3s
Recall@20:0.2503030047943641	NDCG@20:0.14752814011543172	Precision@20:0.03692125718148023	Recall@40:0.3573662905162877	NDCG@40:0.17637624995214546	Precision@40:0.02696857084974964	Recall@80:0.481115570016792	NDCG@80:0.20442982499927392	Precision@80:0.01858736059479554	
U-B Train Epoch: 82 [2048/34416 (6%)]	Loss: 0.426544
Train Epoch: 82: time = 8s
U-B Train Epoch: 83 [2048/34416 (6%)]	Loss: 0.438237
Train Epoch: 83: time = 9s
U-B Train Epoch: 84 [2048/34416 (6%)]	Loss: 0.415742
Train Epoch: 84: time = 9s
U-B Train Epoch: 85 [2048/34416 (6%)]	Loss: 0.411712
Train Epoch: 85: time = 9s
U-B Train Epoch: 86 [2048/34416 (6%)]	Loss: 0.378898
Train Epoch: 86: time = 9s
Test: time=3s
Recall@20:0.26020454594959236	NDCG@20:0.12433572958030585	Precision@20:0.020665765654682186	Recall@40:0.35803494416366116	NDCG@40:0.14698729880881817	Precision@40:0.014726259129077206	Recall@80:0.46628461491622486	NDCG@80:0.16823979332947417	Precision@80:0.009906218800443215	
Test: time=3s
Recall@20:0.2507248672531762	NDCG@20:0.14734867788239403	Precision@20:0.03678607715066521	Recall@40:0.3571407708738172	NDCG@40:0.17609095339760583	Precision@40:0.026943225480286243	Recall@80:0.4799529523936507	NDCG@80:0.2039132848225884	Precision@80:0.018502872914388076	
U-B Train Epoch: 87 [2048/34416 (6%)]	Loss: 0.370268
Train Epoch: 87: time = 9s
U-B Train Epoch: 88 [2048/34416 (6%)]	Loss: 0.389286
Train Epoch: 88: time = 9s
U-B Train Epoch: 89 [2048/34416 (6%)]	Loss: 0.405859
Train Epoch: 89: time = 9s
U-B Train Epoch: 90 [2048/34416 (6%)]	Loss: 0.401351
Train Epoch: 90: time = 9s
U-B Train Epoch: 91 [2048/34416 (6%)]	Loss: 0.382165
Train Epoch: 91: time = 8s
Test: time=3s
Recall@20:0.2592639156030859	NDCG@20:0.1257190040415628	Precision@20:0.020631970969274584	Recall@40:0.35742568067297337	NDCG@40:0.1485214620153821	Precision@40:0.014734707800429106	Recall@80:0.466451682928407	NDCG@80:0.169929744182869	Precision@80:0.009910442652674937	
Test: time=3s
Recall@20:0.25026605676339664	NDCG@20:0.14731945722398826	Precision@20:0.03688746185148032	Recall@40:0.35866591236646933	NDCG@40:0.1766979711287003	Precision@40:0.02717979214569329	Recall@80:0.4811980262645478	NDCG@80:0.20451854152750348	Precision@80:0.018608483884656055	
U-B Train Epoch: 92 [2048/34416 (6%)]	Loss: 0.407182
Train Epoch: 92: time = 8s
U-B Train Epoch: 93 [2048/34416 (6%)]	Loss: 0.376535
Train Epoch: 93: time = 9s
U-B Train Epoch: 94 [2048/34416 (6%)]	Loss: 0.360447
Train Epoch: 94: time = 9s
U-B Train Epoch: 95 [2048/34416 (6%)]	Loss: 0.364399
Train Epoch: 95: time = 9s
U-B Train Epoch: 96 [2048/34416 (6%)]	Loss: 0.356913
Train Epoch: 96: time = 9s
Test: time=3s
Recall@20:0.2617872830539509	NDCG@20:0.1252645148986012	Precision@20:0.020750252368201192	Recall@40:0.35824709238334057	NDCG@40:0.14770293034343712	Precision@40:0.01475160546542906	Recall@80:0.46675717842744063	NDCG@80:0.16888591718657592	Precision@80:0.009872423470443308	
Test: time=3s
Recall@20:0.2524938657502139	NDCG@20:0.14716466482767748	Precision@20:0.03717472118959108	Recall@40:0.3582145275800524	NDCG@40:0.17579385049039345	Precision@40:0.027053058852453255	Recall@80:0.4795808524608451	NDCG@80:0.2034480541934432	Precision@80:0.018545116915739884	
U-B Train Epoch: 97 [2048/34416 (6%)]	Loss: 0.361431
Train Epoch: 97: time = 9s
U-B Train Epoch: 98 [2048/34416 (6%)]	Loss: 0.357746
Train Epoch: 98: time = 9s
U-B Train Epoch: 99 [2048/34416 (6%)]	Loss: 0.405006
Train Epoch: 99: time = 9s
U-B Train Epoch: 100 [2048/34416 (6%)]	Loss: 0.317911
Train Epoch: 100: time = 9s
U-B Train Epoch: 101 [2048/34416 (6%)]	Loss: 0.372014
Train Epoch: 101: time = 10s
Test: time=3s
Recall@20:0.2658877770777448	NDCG@20:0.127324998036314	Precision@20:0.021020615330496605	Recall@40:0.3599143174904027	NDCG@40:0.14910376865584207	Precision@40:0.014776951801780914	Recall@80:0.4671778857768408	NDCG@80:0.17009682766526646	Precision@80:0.009880871980647132	
Test: time=3s
Recall@20:0.2537010633772231	NDCG@20:0.14733161939161377	Precision@20:0.03722541386229479	Recall@40:0.3564726844676728	NDCG@40:0.17538088082703193	Precision@40:0.02701081420650914	Recall@80:0.48287843199507857	NDCG@80:0.20403792319083464	Precision@80:0.018633829576415604	
U-B Train Epoch: 102 [2048/34416 (6%)]	Loss: 0.341137
Train Epoch: 102: time = 8s
U-B Train Epoch: 103 [2048/34416 (6%)]	Loss: 0.343057
Train Epoch: 103: time = 9s
U-B Train Epoch: 104 [2048/34416 (6%)]	Loss: 0.371685
Train Epoch: 104: time = 9s
U-B Train Epoch: 105 [2048/34416 (6%)]	Loss: 0.373150
Train Epoch: 105: time = 9s
U-B Train Epoch: 106 [2048/34416 (6%)]	Loss: 0.306307
Train Epoch: 106: time = 9s
Test: time=3s
Recall@20:0.262925055511258	NDCG@20:0.12625328597687274	Precision@20:0.020868537634681633	Recall@40:0.3597453414849955	NDCG@40:0.1487023036759542	Precision@40:0.014776952124077068	Recall@80:0.4704540029656609	NDCG@80:0.17036005337925608	Precision@80:0.009961135647674797	
Test: time=3s
Recall@20:0.25621041481299106	NDCG@20:0.14915504984132097	Precision@20:0.03747887915959024	Recall@40:0.35857361190501963	NDCG@40:0.1771774678747571	Precision@40:0.027196687554620173	Recall@80:0.48701768406503465	NDCG@80:0.20612515948760668	Precision@80:0.018760561580471027	
U-B Train Epoch: 107 [2048/34416 (6%)]	Loss: 0.320606
Train Epoch: 107: time = 9s
U-B Train Epoch: 108 [2048/34416 (6%)]	Loss: 0.331335
Train Epoch: 108: time = 9s
U-B Train Epoch: 109 [2048/34416 (6%)]	Loss: 0.330705
Train Epoch: 109: time = 9s
U-B Train Epoch: 110 [2048/34416 (6%)]	Loss: 0.327226
Train Epoch: 110: time = 9s
U-B Train Epoch: 111 [2048/34416 (6%)]	Loss: 0.308758
Train Epoch: 111: time = 9s
Test: time=3s
Recall@20:0.2633874654044731	NDCG@20:0.1274429764768569	Precision@20:0.021054409693608053	Recall@40:0.3590703863032406	NDCG@40:0.14963733638287718	Precision@40:0.01481919548083657	Recall@80:0.4703141315920444	NDCG@80:0.1713838438683162	Precision@80:0.009965359983350748	
Test: time=3s
Recall@20:0.2557027390696947	NDCG@20:0.1488177321093354	Precision@20:0.03746198052770183	Recall@40:0.36050610995123455	NDCG@40:0.17742412240974964	Precision@40:0.027374112875971614	Recall@80:0.48790130151127914	NDCG@80:0.20618653498859413	Precision@80:0.018807029917498785	
U-B Train Epoch: 112 [2048/34416 (6%)]	Loss: 0.314750
Train Epoch: 112: time = 9s
U-B Train Epoch: 113 [2048/34416 (6%)]	Loss: 0.314350
Train Epoch: 113: time = 10s
U-B Train Epoch: 114 [2048/34416 (6%)]	Loss: 0.302952
Train Epoch: 114: time = 9s
U-B Train Epoch: 115 [2048/34416 (6%)]	Loss: 0.283079
Train Epoch: 115: time = 8s
U-B Train Epoch: 116 [2048/34416 (6%)]	Loss: 0.319859
Train Epoch: 116: time = 9s
Test: time=3s
Recall@20:0.26465853955061625	NDCG@20:0.12879102783615665	Precision@20:0.02110510301090407	Recall@40:0.360112413597816	NDCG@40:0.15098868547641334	Precision@40:0.01489523545678059	Recall@80:0.4696663833623321	NDCG@80:0.17241008122976909	Precision@80:0.009948462318350794	
Test: time=3s
Recall@20:0.2597574464128242	NDCG@20:0.1500951464653982	Precision@20:0.03796890918851584	Recall@40:0.3638784725064158	NDCG@40:0.17834846261950432	Precision@40:0.02749239556408283	Recall@80:0.4856661029182684	NDCG@80:0.20615989012104227	Precision@80:0.018845049583174643	
U-B Train Epoch: 117 [2048/34416 (6%)]	Loss: 0.329317
Train Epoch: 117: time = 9s
U-B Train Epoch: 118 [2048/34416 (6%)]	Loss: 0.320736
Train Epoch: 118: time = 9s
U-B Train Epoch: 119 [2048/34416 (6%)]	Loss: 0.301015
Train Epoch: 119: time = 9s
U-B Train Epoch: 120 [2048/34416 (6%)]	Loss: 0.313383
Train Epoch: 120: time = 9s
U-B Train Epoch: 121 [2048/34416 (6%)]	Loss: 0.318337
Train Epoch: 121: time = 9s
Test: time=3s
Recall@20:0.2642379765898926	NDCG@20:0.12887093665511998	Precision@20:0.021088205668200268	Recall@40:0.36320091832848406	NDCG@40:0.15191324484755195	Precision@40:0.015021967460836016	Recall@80:0.47042062855443667	NDCG@80:0.17290521062842573	Precision@80:0.009982257809498778	
Test: time=3s
Recall@20:0.25765230592016675	NDCG@20:0.14980312552392464	Precision@20:0.037985807175811945	Recall@40:0.36627371563384487	NDCG@40:0.17918723191148164	Precision@40:0.027788104862730097	Recall@80:0.48873286683964706	NDCG@80:0.2070431878495031	Precision@80:0.01894643492858206	
U-B Train Epoch: 122 [2048/34416 (6%)]	Loss: 0.314337
Train Epoch: 122: time = 9s
U-B Train Epoch: 123 [2048/34416 (6%)]	Loss: 0.289919
Train Epoch: 123: time = 9s
U-B Train Epoch: 124 [2048/34416 (6%)]	Loss: 0.307570
Train Epoch: 124: time = 9s
U-B Train Epoch: 125 [2048/34416 (6%)]	Loss: 0.289006
Train Epoch: 125: time = 9s
U-B Train Epoch: 126 [2048/34416 (6%)]	Loss: 0.289305
Train Epoch: 126: time = 9s
Test: time=3s
Recall@20:0.2671499867904988	NDCG@20:0.12917032141909482	Precision@20:0.02127407998319976	Recall@40:0.36462781879699646	NDCG@40:0.15191034418217594	Precision@40:0.015114903490299226	Recall@80:0.47244873253144537	NDCG@80:0.17296221321521074	Precision@80:0.01002872598537846	
Test: time=3s
Recall@20:0.25894548184729055	NDCG@20:0.1497334966630539	Precision@20:0.03823927118392279	Recall@40:0.3672994837320991	NDCG@40:0.17895113837682705	Precision@40:0.027771207520026295	Recall@80:0.49035661032813027	NDCG@80:0.20700642546111966	Precision@80:0.019005577239526127	
U-B Train Epoch: 127 [2048/34416 (6%)]	Loss: 0.283498
Train Epoch: 127: time = 9s
U-B Train Epoch: 128 [2048/34416 (6%)]	Loss: 0.275151
Train Epoch: 128: time = 9s
U-B Train Epoch: 129 [2048/34416 (6%)]	Loss: 0.299683
Train Epoch: 129: time = 9s
U-B Train Epoch: 130 [2048/34416 (6%)]	Loss: 0.283985
Train Epoch: 130: time = 9s
U-B Train Epoch: 131 [2048/34416 (6%)]	Loss: 0.282169
Train Epoch: 131: time = 9s
Test: time=3s
Recall@20:0.26533161252283816	NDCG@20:0.12979308009429652	Precision@20:0.0212740790163113	Recall@40:0.36370314855598124	NDCG@40:0.15275407941327704	Precision@40:0.015165596485299087	Recall@80:0.47525788642700234	NDCG@80:0.17444787729668754	Precision@80:0.010087867490582145	
Test: time=3s
Recall@20:0.2605271360365754	NDCG@20:0.1507176808224775	Precision@20:0.03837445250392242	Recall@40:0.3673938726726195	NDCG@40:0.17963607442584462	Precision@40:0.0278134508767858	Recall@80:0.49229332658639424	NDCG@80:0.20811426820848472	Precision@80:0.019098514235877797	
U-B Train Epoch: 132 [2048/34416 (6%)]	Loss: 0.277765
Train Epoch: 132: time = 9s
U-B Train Epoch: 133 [2048/34416 (6%)]	Loss: 0.274111
Train Epoch: 133: time = 9s
U-B Train Epoch: 134 [2048/34416 (6%)]	Loss: 0.269249
Train Epoch: 134: time = 9s
U-B Train Epoch: 135 [2048/34416 (6%)]	Loss: 0.252348
Train Epoch: 135: time = 9s
U-B Train Epoch: 136 [2048/34416 (6%)]	Loss: 0.287400
Train Epoch: 136: time = 9s
Test: time=3s
Recall@20:0.2644899709275463	NDCG@20:0.1293698330512116	Precision@20:0.02129097732590356	Recall@40:0.3621757948225356	NDCG@40:0.15224370669577322	Precision@40:0.015140251115835692	Recall@80:0.47518280431522475	NDCG@80:0.17427002396604507	Precision@80:0.010096316323082123	
Test: time=3s
Recall@20:0.2621683299279608	NDCG@20:0.152006739093952	Precision@20:0.03861101852473716	Recall@40:0.3674834142790005	NDCG@40:0.18069253285296183	Precision@40:0.02800777354084104	Recall@80:0.4920567457399565	NDCG@80:0.20909074820066956	Precision@80:0.01918300191628526	
U-B Train Epoch: 137 [2048/34416 (6%)]	Loss: 0.255370
Train Epoch: 137: time = 9s
U-B Train Epoch: 138 [2048/34416 (6%)]	Loss: 0.242378
Train Epoch: 138: time = 9s
U-B Train Epoch: 139 [2048/34416 (6%)]	Loss: 0.261181
Train Epoch: 139: time = 9s
U-B Train Epoch: 140 [2048/34416 (6%)]	Loss: 0.260801
Train Epoch: 140: time = 9s
U-B Train Epoch: 141 [2048/34416 (6%)]	Loss: 0.243931
Train Epoch: 141: time = 9s
Test: time=3s
Recall@20:0.2662406011222383	NDCG@20:0.12953831658809722	Precision@20:0.021443055021718532	Recall@40:0.36345814159892226	NDCG@40:0.15224506033961538	Precision@40:0.01514869946489144	Recall@80:0.4778015198599611	NDCG@80:0.17454003336946075	Precision@80:0.010147008995785831	
Test: time=3s
Recall@20:0.26178393633069924	NDCG@20:0.15120657572435262	Precision@20:0.038678608540144675	Recall@40:0.36997315463845737	NDCG@40:0.18048366431893428	Precision@40:0.028092261543544654	Recall@80:0.4955823871887145	NDCG@80:0.20913601405075088	Precision@80:0.019288611275072476	
U-B Train Epoch: 142 [2048/34416 (6%)]	Loss: 0.230978
Train Epoch: 142: time = 9s
U-B Train Epoch: 143 [2048/34416 (6%)]	Loss: 0.265897
Train Epoch: 143: time = 9s
U-B Train Epoch: 144 [2048/34416 (6%)]	Loss: 0.253085
Train Epoch: 144: time = 9s
U-B Train Epoch: 145 [2048/34416 (6%)]	Loss: 0.228594
Train Epoch: 145: time = 9s
U-B Train Epoch: 146 [2048/34416 (6%)]	Loss: 0.236105
Train Epoch: 146: time = 9s
Test: time=3s
Recall@20:0.2685146763663954	NDCG@20:0.13075426777861898	Precision@20:0.021628928692125717	Recall@40:0.3654398504001299	NDCG@40:0.15329993564802957	Precision@40:0.015190943143947094	Recall@80:0.4767669853063482	NDCG@80:0.17515814324495316	Precision@80:0.010147009318081983	
Test: time=3s
Recall@20:0.26309348490238993	NDCG@20:0.15298000385971558	Precision@20:0.03893207254825552	Recall@40:0.3718105314872925	NDCG@40:0.18235380192711853	Precision@40:0.02825278823300768	Recall@80:0.495046457675471	NDCG@80:0.2105304734776978	Precision@80:0.019318182269396432	
U-B Train Epoch: 147 [2048/34416 (6%)]	Loss: 0.255903
Train Epoch: 147: time = 9s
U-B Train Epoch: 148 [2048/34416 (6%)]	Loss: 0.226332
Train Epoch: 148: time = 9s
U-B Train Epoch: 149 [2048/34416 (6%)]	Loss: 0.231847
Train Epoch: 149: time = 9s
U-B Train Epoch: 150 [2048/34416 (6%)]	Loss: 0.232036
Train Epoch: 150: time = 10s
U-B Train Epoch: 151 [2048/34416 (6%)]	Loss: 0.242844
Train Epoch: 151: time = 10s
Test: time=3s
Recall@20:0.26876077139526655	NDCG@20:0.1312291879193047	Precision@20:0.02171341733942164	Recall@40:0.36862747280047364	NDCG@40:0.15435311954623343	Precision@40:0.015283879818002612	Recall@80:0.4774329883901603	NDCG@80:0.17577887274357626	Precision@80:0.010172355654433838	
Test: time=3s
Recall@20:0.26341826660321266	NDCG@20:0.1531287577153058	Precision@20:0.039101048553662754	Recall@40:0.3705709546995791	NDCG@40:0.18219096244046237	Precision@40:0.02826968557571148	Recall@80:0.49522153925919865	NDCG@80:0.2106649044922535	Precision@80:0.019368874619803987	
U-B Train Epoch: 152 [2048/34416 (6%)]	Loss: 0.224732
Train Epoch: 152: time = 9s
U-B Train Epoch: 153 [2048/34416 (6%)]	Loss: 0.229192
Train Epoch: 153: time = 9s
U-B Train Epoch: 154 [2048/34416 (6%)]	Loss: 0.212973
Train Epoch: 154: time = 9s
U-B Train Epoch: 155 [2048/34416 (6%)]	Loss: 0.205686
Train Epoch: 155: time = 9s
U-B Train Epoch: 156 [2048/34416 (6%)]	Loss: 0.207764
Train Epoch: 156: time = 9s
Test: time=3s
Recall@20:0.2668986782990585	NDCG@20:0.1301517183613882	Precision@20:0.02159513336212581	Recall@40:0.36618671114277945	NDCG@40:0.15329620990450216	Precision@40:0.015241635816650802	Recall@80:0.4772138682601016	NDCG@80:0.17517048847679353	Precision@80:0.010201926487609718	
Test: time=3s
Recall@20:0.2659866369104982	NDCG@20:0.15414398801854512	Precision@20:0.03932071594258908	Recall@40:0.3703777574936898	NDCG@40:0.1825600302110616	Precision@40:0.028295032878951795	Recall@80:0.4980747523280405	NDCG@80:0.21164200844979036	Precision@80:0.019478709603451765	
