nohup: ignoring input
>>>>>>>>>>B-I statistics>>>>>>>>>>
Average interactions 37.02934265136719
Non-zero rows 1.0
Non-zero columns 0.8566981995727799
Matrix density 0.0011299769286862884
finish loading assist data
>>>>>>>>>>U-I statistics>>>>>>>>>>
Average interactions 17.230377197265625
Non-zero rows 0.9958950118173903
Non-zero columns 0.641867561794324
Matrix density 0.0005257972814327529
finish loading item data
>>>>>>>>>>U-B statistics in train>>>>>>>>>>
Average interactions 4.281129360198975
Non-zero rows 0.3680806070406767
Non-zero columns 0.8645986166422134
Matrix density 0.0008973233061660289
finish loading bundle train data
>>>>>>>>>>U-B statistics in test>>>>>>>>>>
Average interactions 1.2123398780822754
Non-zero rows 0.3680806070406767
Non-zero columns 0.5017815971494446
Matrix density 0.0002541060245785134
finish loading bundle test data
>>>>>>>>>>B-I statistics>>>>>>>>>>
Average interactions 37.02934265136719
Non-zero rows 1.0
Non-zero columns 0.8566981995727799
Matrix density 0.0011299769286862884
finish loading assist data
>>>>>>>>>>U-I statistics>>>>>>>>>>
Average interactions 17.230377197265625
Non-zero rows 0.9958950118173903
Non-zero columns 0.641867561794324
Matrix density 0.0005257972814327529
finish loading item data
>>>>>>>>>>U-B statistics in train>>>>>>>>>>
Average interactions 4.281129360198975
Non-zero rows 0.3680806070406767
Non-zero columns 0.8645986166422134
Matrix density 0.0008973233061660289
finish loading bundle train data
>>>>>>>>>>U-B statistics in test>>>>>>>>>>
Average interactions 0.6454783082008362
Non-zero rows 0.3680806070406767
Non-zero columns 0.34835464263257176
Matrix density 0.00013529203381263145
finish loading bundle test data
IHGCN model
/data/lzm/IHBR - 副本/model/IHGCN.py:169: UserWarning: Creating a tensor from a list of numpy.ndarrays is extremely slow. Please consider converting the list to a single numpy.ndarray with numpy.array() before converting to a tensor. (Triggered internally at  /opt/conda/conda-bld/pytorch_1640811805959/work/torch/csrc/utils/tensor_new.cpp:201.)
  ub_indices = torch.tensor([ub_graph_coo.row, ub_graph_coo.col], dtype=torch.long)
finish generating bi, ui graph
finish generating non-atom graph
U-B Train Epoch: 1 [2048/34416 (6%)]	Loss: 0.952519
Train Epoch: 1: time = 13s
Test: time=3s
Recall@20:0.17750581030347695	NDCG@20:0.08271683321969257	Precision@20:0.013146333414060355	Recall@40:0.25626258037911354	NDCG@40:0.10068817499643566	Precision@40:0.00990199430361919	Recall@80:0.3591752588930223	NDCG@80:0.12039404247370311	Precision@80:0.007147685222103612	
Test: time=3s
Recall@20:0.19213580472842387	NDCG@20:0.10498971736040338	Precision@20:0.023994592767826967	Recall@40:0.2689632455736207	NDCG@40:0.12523073568340892	Precision@40:0.017759378555055483	Recall@80:0.3632979423623506	NDCG@80:0.14662415097395526	Precision@80:0.012723893078246121	
U-B Train Epoch: 2 [2048/34416 (6%)]	Loss: 0.930697
Train Epoch: 2: time = 8s
U-B Train Epoch: 3 [2048/34416 (6%)]	Loss: 0.892008
Train Epoch: 3: time = 8s
U-B Train Epoch: 4 [2048/34416 (6%)]	Loss: 0.845681
Train Epoch: 4: time = 8s
U-B Train Epoch: 5 [2048/34416 (6%)]	Loss: 0.761654
Train Epoch: 5: time = 8s
U-B Train Epoch: 6 [2048/34416 (6%)]	Loss: 0.671313
Train Epoch: 6: time = 8s
Test: time=3s
Recall@20:0.17135038952764606	NDCG@20:0.07320132163699795	Precision@20:0.014599527125021782	Recall@40:0.2760398738406002	NDCG@40:0.09703640746038965	Precision@40:0.011650896024043272	Recall@80:0.3835983559987802	NDCG@80:0.1175767718718317	Precision@80:0.008148867925223003	
Test: time=3s
Recall@20:0.17387931078581764	NDCG@20:0.083448098696096	Precision@20:0.02659682286434296	Recall@40:0.2653620218094558	NDCG@40:0.1083727801478606	Precision@40:0.02084319033144132	Recall@80:0.3891133433783848	NDCG@80:0.13579691080839176	Precision@80:0.015131801477595333	
U-B Train Epoch: 7 [2048/34416 (6%)]	Loss: 0.618621
Train Epoch: 7: time = 8s
U-B Train Epoch: 8 [2048/34416 (6%)]	Loss: 0.611444
Train Epoch: 8: time = 8s
U-B Train Epoch: 9 [2048/34416 (6%)]	Loss: 0.585598
Train Epoch: 9: time = 8s
U-B Train Epoch: 10 [2048/34416 (6%)]	Loss: 0.555375
Train Epoch: 10: time = 9s
U-B Train Epoch: 11 [2048/34416 (6%)]	Loss: 0.563653
Train Epoch: 11: time = 9s
Test: time=3s
Recall@20:0.22480164914970746	NDCG@20:0.10253836891867897	Precision@20:0.018621155602499294	Recall@40:0.3132022497983509	NDCG@40:0.12327151541856544	Precision@40:0.013357553743115548	Recall@80:0.4264931583694608	NDCG@80:0.14503714666853243	Precision@80:0.00910358293590694	
Test: time=3s
Recall@20:0.21830980533601144	NDCG@20:0.11884934662886269	Precision@20:0.033186888364409625	Recall@40:0.32244474430993103	NDCG@40:0.14671243691452454	Precision@40:0.02467894674999241	Recall@80:0.43589754352782295	NDCG@80:0.17274501912696172	Precision@80:0.017151065193426372	
U-B Train Epoch: 12 [2048/34416 (6%)]	Loss: 0.532828
Train Epoch: 12: time = 9s
U-B Train Epoch: 13 [2048/34416 (6%)]	Loss: 0.546272
Train Epoch: 13: time = 9s
U-B Train Epoch: 14 [2048/34416 (6%)]	Loss: 0.546658
Train Epoch: 14: time = 9s
U-B Train Epoch: 15 [2048/34416 (6%)]	Loss: 0.562695
Train Epoch: 15: time = 9s
U-B Train Epoch: 16 [2048/34416 (6%)]	Loss: 0.517146
Train Epoch: 16: time = 8s
Test: time=3s
Recall@20:0.23699877430515218	NDCG@20:0.11485493702838533	Precision@20:0.019618114292238885	Recall@40:0.3310413006069935	NDCG@40:0.13669615317212847	Precision@40:0.01399966243474457	Recall@80:0.4399490072824698	NDCG@80:0.1577931333530912	Precision@80:0.009416187965777244	
Test: time=3s
Recall@20:0.2351496968167825	NDCG@20:0.1296182176719529	Precision@20:0.03513011178200049	Recall@40:0.33178281381187424	NDCG@40:0.155998013397454	Precision@40:0.02545623547243645	Recall@80:0.4509417297631432	NDCG@80:0.18321216682519167	Precision@80:0.017691787572759517	
U-B Train Epoch: 17 [2048/34416 (6%)]	Loss: 0.554683
Train Epoch: 17: time = 9s
U-B Train Epoch: 18 [2048/34416 (6%)]	Loss: 0.515542
Train Epoch: 18: time = 9s
U-B Train Epoch: 19 [2048/34416 (6%)]	Loss: 0.535299
Train Epoch: 19: time = 9s
U-B Train Epoch: 20 [2048/34416 (6%)]	Loss: 0.528591
Train Epoch: 20: time = 10s
U-B Train Epoch: 21 [2048/34416 (6%)]	Loss: 0.526149
Train Epoch: 21: time = 9s
Test: time=3s
Recall@20:0.24545830059148202	NDCG@20:0.1207071983076987	Precision@20:0.020243325641164107	Recall@40:0.3378744998788785	NDCG@40:0.14217042036659214	Precision@40:0.014278473101503424	Recall@80:0.44369640911137104	NDCG@80:0.16293096977458205	Precision@80:0.009597837461656556	
Test: time=3s
Recall@20:0.23893664051608968	NDCG@20:0.13509489564164018	Precision@20:0.0362284558171475	Recall@40:0.339878150602175	NDCG@40:0.16229837462079408	Precision@40:0.026174383495417185	Recall@80:0.4595350527851998	NDCG@80:0.18932476346659555	Precision@80:0.017915681553434867	
U-B Train Epoch: 22 [2048/34416 (6%)]	Loss: 0.524284
Train Epoch: 22: time = 9s
U-B Train Epoch: 23 [2048/34416 (6%)]	Loss: 0.500896
Train Epoch: 23: time = 9s
U-B Train Epoch: 24 [2048/34416 (6%)]	Loss: 0.530291
Train Epoch: 24: time = 9s
U-B Train Epoch: 25 [2048/34416 (6%)]	Loss: 0.509627
Train Epoch: 25: time = 9s
U-B Train Epoch: 26 [2048/34416 (6%)]	Loss: 0.516154
Train Epoch: 26: time = 8s
Test: time=3s
Recall@20:0.2488606186402976	NDCG@20:0.12167558479889215	Precision@20:0.02053058369009025	Recall@40:0.3369431207211447	NDCG@40:0.14227749230532116	Precision@40:0.014303818793262972	Recall@80:0.4493738440655099	NDCG@80:0.16425778568496008	Precision@80:0.009737242311591754	
Test: time=2s
Recall@20:0.24132803155989935	NDCG@20:0.13985738854184268	Precision@20:0.03681987119148051	Recall@40:0.34261356829468886	NDCG@40:0.1672690966194568	Precision@40:0.026554580152175763	Recall@80:0.45857636354065456	NDCG@80:0.19381083713749367	Precision@80:0.01810577923722185	
U-B Train Epoch: 27 [2048/34416 (6%)]	Loss: 0.526198
Train Epoch: 27: time = 9s
U-B Train Epoch: 28 [2048/34416 (6%)]	Loss: 0.509386
Train Epoch: 28: time = 9s
U-B Train Epoch: 29 [2048/34416 (6%)]	Loss: 0.515613
Train Epoch: 29: time = 9s
U-B Train Epoch: 30 [2048/34416 (6%)]	Loss: 0.484386
Train Epoch: 30: time = 10s
U-B Train Epoch: 31 [2048/34416 (6%)]	Loss: 0.534319
Train Epoch: 31: time = 9s
Test: time=3s
Recall@20:0.2483748796623516	NDCG@20:0.12424573675931085	Precision@20:0.020462994963867352	Recall@40:0.3444583914738404	NDCG@40:0.1467064112656501	Precision@40:0.014624873461373636	Recall@80:0.4502684866185525	NDCG@80:0.16731122717256278	Precision@80:0.009733017975915803	
Test: time=3s
Recall@20:0.2422457608309659	NDCG@20:0.14170924035549648	Precision@20:0.036904361772553344	Recall@40:0.3472396371009262	NDCG@40:0.17010168273451362	Precision@40:0.0267826968570463	Recall@80:0.4613427887014458	NDCG@80:0.19630055171325828	Precision@80:0.018240960234925326	
U-B Train Epoch: 32 [2048/34416 (6%)]	Loss: 0.530059
Train Epoch: 32: time = 9s
U-B Train Epoch: 33 [2048/34416 (6%)]	Loss: 0.538679
Train Epoch: 33: time = 9s
U-B Train Epoch: 34 [2048/34416 (6%)]	Loss: 0.494994
Train Epoch: 34: time = 9s
U-B Train Epoch: 35 [2048/34416 (6%)]	Loss: 0.496156
Train Epoch: 35: time = 9s
U-B Train Epoch: 36 [2048/34416 (6%)]	Loss: 0.531524
Train Epoch: 36: time = 9s
Test: time=3s
Recall@20:0.2524984346204773	NDCG@20:0.12560601990220513	Precision@20:0.020800946652385664	Recall@40:0.35166146296752226	NDCG@40:0.1486082885989711	Precision@40:0.014836093468132677	Recall@80:0.4541439405765514	NDCG@80:0.16865096329111792	Precision@80:0.009809057629563672	
Test: time=3s
Recall@20:0.24756799448418754	NDCG@20:0.14432783729524862	Precision@20:0.03741128721040582	Recall@40:0.34990516036053937	NDCG@40:0.17200613585868854	Precision@40:0.02690098018974982	Recall@80:0.46771230952245796	NDCG@80:0.1990195606640361	Precision@80:0.018367692561276905	
U-B Train Epoch: 37 [2048/34416 (6%)]	Loss: 0.508974
Train Epoch: 37: time = 9s
U-B Train Epoch: 38 [2048/34416 (6%)]	Loss: 0.472242
Train Epoch: 38: time = 9s
U-B Train Epoch: 39 [2048/34416 (6%)]	Loss: 0.484423
Train Epoch: 39: time = 9s
U-B Train Epoch: 40 [2048/34416 (6%)]	Loss: 0.529265
Train Epoch: 40: time = 9s
U-B Train Epoch: 41 [2048/34416 (6%)]	Loss: 0.491844
Train Epoch: 41: time = 9s
Test: time=3s
Recall@20:0.25802716470804116	NDCG@20:0.12829980466687305	Precision@20:0.02095302467049679	Recall@40:0.3526096066819449	NDCG@40:0.1504075984045959	Precision@40:0.01484454246178073	Recall@80:0.4577659305264395	NDCG@80:0.1709130723237105	Precision@80:0.009847076972943377	
Test: time=3s
Recall@20:0.24812468502641571	NDCG@20:0.146288050232243	Precision@20:0.03744508447418265	Recall@40:0.35055288796329787	NDCG@40:0.17403934500675905	Precision@40:0.026943223546509326	Recall@80:0.4712220372763708	NDCG@80:0.20159043714620647	Precision@80:0.018481750913712174	
U-B Train Epoch: 42 [2048/34416 (6%)]	Loss: 0.472096
Train Epoch: 42: time = 9s
U-B Train Epoch: 43 [2048/34416 (6%)]	Loss: 0.510101
Train Epoch: 43: time = 9s
U-B Train Epoch: 44 [2048/34416 (6%)]	Loss: 0.477903
Train Epoch: 44: time = 9s
U-B Train Epoch: 45 [2048/34416 (6%)]	Loss: 0.503181
Train Epoch: 45: time = 9s
U-B Train Epoch: 46 [2048/34416 (6%)]	Loss: 0.461482
Train Epoch: 46: time = 9s
Test: time=3s
Recall@20:0.2604881820343523	NDCG@20:0.128493783118637	Precision@20:0.02110510333320022	Recall@40:0.3536744216037143	NDCG@40:0.15020330905430862	Precision@40:0.014878337469484484	Recall@80:0.4588497944400294	NDCG@80:0.17078231806366698	Precision@80:0.009863974315647178	
Test: time=3s
Recall@20:0.2519356694403594	NDCG@20:0.14694280389113457	Precision@20:0.037630956533109064	Recall@40:0.3554625722273414	NDCG@40:0.17507161833056328	Precision@40:0.027247380871916187	Recall@80:0.47302518369539964	NDCG@80:0.2018588556958115	Precision@80:0.018545116915739884	
U-B Train Epoch: 47 [2048/34416 (6%)]	Loss: 0.481822
Train Epoch: 47: time = 9s
U-B Train Epoch: 48 [2048/34416 (6%)]	Loss: 0.462302
Train Epoch: 48: time = 9s
U-B Train Epoch: 49 [2048/34416 (6%)]	Loss: 0.483381
Train Epoch: 49: time = 9s
U-B Train Epoch: 50 [2048/34416 (6%)]	Loss: 0.464789
Train Epoch: 50: time = 10s
U-B Train Epoch: 51 [2048/34416 (6%)]	Loss: 0.504326
Train Epoch: 51: time = 9s
Test: time=3s
Recall@20:0.25778965564868306	NDCG@20:0.12525082117965713	Precision@20:0.020885434332793128	Recall@40:0.35386310666346316	NDCG@40:0.14774848497087145	Precision@40:0.014962826116780407	Recall@80:0.46248586228587574	NDCG@80:0.16886953422853213	Precision@80:0.009952686976322898	
Test: time=3s
Recall@20:0.25600866773475783	NDCG@20:0.1501493953538529	Precision@20:0.03807029453392325	Recall@40:0.3570678442787101	NDCG@40:0.17753803218365843	Precision@40:0.027281177491100705	Recall@80:0.480142751308904	NDCG@80:0.2054143752871272	Precision@80:0.01872254191479517	
U-B Train Epoch: 52 [2048/34416 (6%)]	Loss: 0.468412
Train Epoch: 52: time = 9s
U-B Train Epoch: 53 [2048/34416 (6%)]	Loss: 0.471495
Train Epoch: 53: time = 9s
U-B Train Epoch: 54 [2048/34416 (6%)]	Loss: 0.474469
Train Epoch: 54: time = 9s
U-B Train Epoch: 55 [2048/34416 (6%)]	Loss: 0.449537
Train Epoch: 55: time = 9s
U-B Train Epoch: 56 [2048/34416 (6%)]	Loss: 0.447336
Train Epoch: 56: time = 9s
Test: time=3s
Recall@20:0.26121638569730327	NDCG@20:0.1280200490277939	Precision@20:0.021054410982792666	Recall@40:0.35204554716047703	NDCG@40:0.14939093968480693	Precision@40:0.014827644474484623	Recall@80:0.4665039928832059	NDCG@80:0.17164919158017647	Precision@80:0.010011828481526583	
Test: time=3s
Recall@20:0.2555371252577544	NDCG@20:0.1498277644202209	Precision@20:0.03801960250581185	Recall@40:0.35427909559718496	NDCG@40:0.17661681437903298	Precision@40:0.026985468837045744	Recall@80:0.4779497864037682	NDCG@80:0.20486521873976904	Precision@80:0.018654951254795354	
U-B Train Epoch: 57 [2048/34416 (6%)]	Loss: 0.494132
Train Epoch: 57: time = 8s
U-B Train Epoch: 58 [2048/34416 (6%)]	Loss: 0.435911
Train Epoch: 58: time = 9s
U-B Train Epoch: 59 [2048/34416 (6%)]	Loss: 0.478014
Train Epoch: 59: time = 10s
U-B Train Epoch: 60 [2048/34416 (6%)]	Loss: 0.468889
Train Epoch: 60: time = 10s
U-B Train Epoch: 61 [2048/34416 (6%)]	Loss: 0.468768
Train Epoch: 61: time = 9s
Test: time=3s
Recall@20:0.2625195089728899	NDCG@20:0.12827995380222415	Precision@20:0.021037513640088865	Recall@40:0.3542737480594162	NDCG@40:0.14982796037628185	Precision@40:0.014844541817188424	Recall@80:0.46605404682681545	NDCG@80:0.1716867661548652	Precision@80:0.01000760382355448	
Test: time=3s
Recall@20:0.2570979616939317	NDCG@20:0.1509013432189797	Precision@20:0.03798580588662733	Recall@40:0.3567593063039931	NDCG@40:0.17810032552220847	Precision@40:0.027222035502452793	Recall@80:0.4778167322383776	NDCG@80:0.20582432052338998	Precision@80:0.018701419914119267	
U-B Train Epoch: 62 [2048/34416 (6%)]	Loss: 0.436518
Train Epoch: 62: time = 9s
U-B Train Epoch: 63 [2048/34416 (6%)]	Loss: 0.480313
Train Epoch: 63: time = 9s
U-B Train Epoch: 64 [2048/34416 (6%)]	Loss: 0.444807
Train Epoch: 64: time = 9s
U-B Train Epoch: 65 [2048/34416 (6%)]	Loss: 0.481830
Train Epoch: 65: time = 9s
U-B Train Epoch: 66 [2048/34416 (6%)]	Loss: 0.411087
Train Epoch: 66: time = 9s
Test: time=3s
Recall@20:0.2598157691246515	NDCG@20:0.12842733338701842	Precision@20:0.0207164589719782	Recall@40:0.3559231411649311	NDCG@40:0.15101708879177536	Precision@40:0.014852991133132631	Recall@80:0.46516613897418363	NDCG@80:0.1724741253429025	Precision@80:0.009978033312674751	
Test: time=3s
Recall@20:0.25476014400584024	NDCG@20:0.1494487389876819	Precision@20:0.037749240510404895	Recall@40:0.35690829994792106	NDCG@40:0.17716690687441913	Precision@40:0.027112200841101167	Recall@80:0.47801750469304455	NDCG@80:0.20494611765251405	Precision@80:0.01866340024844341	
U-B Train Epoch: 67 [2048/34416 (6%)]	Loss: 0.457614
Train Epoch: 67: time = 9s
U-B Train Epoch: 68 [2048/34416 (6%)]	Loss: 0.446925
Train Epoch: 68: time = 9s
U-B Train Epoch: 69 [2048/34416 (6%)]	Loss: 0.441063
Train Epoch: 69: time = 9s
U-B Train Epoch: 70 [2048/34416 (6%)]	Loss: 0.428204
Train Epoch: 70: time = 9s
U-B Train Epoch: 71 [2048/34416 (6%)]	Loss: 0.488087
Train Epoch: 71: time = 9s
Test: time=3s
Recall@20:0.2625444521167545	NDCG@20:0.1285327809531369	Precision@20:0.020885435299681586	Recall@40:0.3573688327883417	NDCG@40:0.1508134595040092	Precision@40:0.01493747849124394	Recall@80:0.46686206648743767	NDCG@80:0.17224084480907031	Precision@80:0.009999155474498733	
Test: time=3s
Recall@20:0.2522310835157306	NDCG@20:0.14869338509681138	Precision@20:0.03758026514958997	Recall@40:0.35803862091817334	NDCG@40:0.17712614285700143	Precision@40:0.02708685418245316	Recall@80:0.477945671326488	NDCG@80:0.20461704554530405	Precision@80:0.0186084835623599	
U-B Train Epoch: 72 [2048/34416 (6%)]	Loss: 0.445340
Train Epoch: 72: time = 9s
U-B Train Epoch: 73 [2048/34416 (6%)]	Loss: 0.417298
Train Epoch: 73: time = 9s
U-B Train Epoch: 74 [2048/34416 (6%)]	Loss: 0.454106
Train Epoch: 74: time = 9s
U-B Train Epoch: 75 [2048/34416 (6%)]	Loss: 0.415574
Train Epoch: 75: time = 9s
U-B Train Epoch: 76 [2048/34416 (6%)]	Loss: 0.400441
Train Epoch: 76: time = 9s
Test: time=3s
Recall@20:0.2634272857387552	NDCG@20:0.1273795589074447	Precision@20:0.02095302467049679	Recall@40:0.3565010259021735	NDCG@40:0.14908649873878554	Precision@40:0.014810747454076975	Recall@80:0.4678811514526656	NDCG@80:0.1709427648236841	Precision@80:0.009990706480850679	
Test: time=3s
Recall@20:0.2534190929189813	NDCG@20:0.15027624854126184	Precision@20:0.03773234252310879	Recall@40:0.3602978395988668	NDCG@40:0.1789545211972478	Precision@40:0.027205138159748992	Recall@80:0.48087663769762273	NDCG@80:0.20653905994225774	Precision@80:0.01870142023641542	
U-B Train Epoch: 77 [2048/34416 (6%)]	Loss: 0.396160
Train Epoch: 77: time = 9s
U-B Train Epoch: 78 [2048/34416 (6%)]	Loss: 0.385986
Train Epoch: 78: time = 9s
U-B Train Epoch: 79 [2048/34416 (6%)]	Loss: 0.439816
Train Epoch: 79: time = 9s
U-B Train Epoch: 80 [2048/34416 (6%)]	Loss: 0.388749
Train Epoch: 80: time = 9s
U-B Train Epoch: 81 [2048/34416 (6%)]	Loss: 0.408009
Train Epoch: 81: time = 9s
Test: time=3s
Recall@20:0.26076029280868485	NDCG@20:0.1262815474819275	Precision@20:0.020817843995089465	Recall@40:0.3597153137970229	NDCG@40:0.14930909708892626	Precision@40:0.014895234812188286	Recall@80:0.46554738696099296	NDCG@80:0.1701844844837453	Precision@80:0.009948462640646947	
Test: time=3s
Recall@20:0.2534350220840418	NDCG@20:0.1500713145986688	Precision@20:0.03774923986581259	Recall@40:0.3621243460430572	NDCG@40:0.17918948024944423	Precision@40:0.027348766217323604	Recall@80:0.48377604482946623	NDCG@80:0.20687574339541442	Precision@80:0.018743663915471075	
U-B Train Epoch: 82 [2048/34416 (6%)]	Loss: 0.422563
Train Epoch: 82: time = 9s
U-B Train Epoch: 83 [2048/34416 (6%)]	Loss: 0.434243
Train Epoch: 83: time = 9s
U-B Train Epoch: 84 [2048/34416 (6%)]	Loss: 0.411233
Train Epoch: 84: time = 9s
U-B Train Epoch: 85 [2048/34416 (6%)]	Loss: 0.406916
Train Epoch: 85: time = 9s
U-B Train Epoch: 86 [2048/34416 (6%)]	Loss: 0.373635
Train Epoch: 86: time = 9s
Test: time=3s
Recall@20:0.26157337638646133	NDCG@20:0.1262151751013856	Precision@20:0.020800946330089512	Recall@40:0.3632713284352294	NDCG@40:0.14973531699172546	Precision@40:0.014954376478540048	Recall@80:0.46773000744880555	NDCG@80:0.17029735775322638	Precision@80:0.009961135647674797	
Test: time=3s
Recall@20:0.2535438086383042	NDCG@20:0.14942747775506796	Precision@20:0.037512673844997846	Recall@40:0.36313420044646627	NDCG@40:0.17877239550880258	Precision@40:0.027298073544619897	Recall@80:0.4851573081627292	NDCG@80:0.20646008449295317	Precision@80:0.018705644572091368	
U-B Train Epoch: 87 [2048/34416 (6%)]	Loss: 0.364115
Train Epoch: 87: time = 8s
U-B Train Epoch: 88 [2048/34416 (6%)]	Loss: 0.382944
Train Epoch: 88: time = 8s
U-B Train Epoch: 89 [2048/34416 (6%)]	Loss: 0.400990
Train Epoch: 89: time = 9s
U-B Train Epoch: 90 [2048/34416 (6%)]	Loss: 0.395194
Train Epoch: 90: time = 9s
U-B Train Epoch: 91 [2048/34416 (6%)]	Loss: 0.375871
Train Epoch: 91: time = 9s
Test: time=3s
Recall@20:0.2609665520330586	NDCG@20:0.12723224893861945	Precision@20:0.02076715164468191	Recall@40:0.36106899889307514	NDCG@40:0.15065065353615295	Precision@40:0.015005069473539908	Recall@80:0.46652438262702245	NDCG@80:0.17133454544876991	Precision@80:0.00994423814382292	
Test: time=3s
Recall@20:0.2546170496706948	NDCG@20:0.15052737654685652	Precision@20:0.037935114503108235	Recall@40:0.36435227879159715	NDCG@40:0.17986890374506273	Precision@40:0.02751774286732314	Recall@80:0.4854511391193974	NDCG@80:0.20743224313832007	Precision@80:0.018785908239119034	
U-B Train Epoch: 92 [2048/34416 (6%)]	Loss: 0.402770
Train Epoch: 92: time = 8s
U-B Train Epoch: 93 [2048/34416 (6%)]	Loss: 0.370952
Train Epoch: 93: time = 8s
U-B Train Epoch: 94 [2048/34416 (6%)]	Loss: 0.353322
Train Epoch: 94: time = 9s
U-B Train Epoch: 95 [2048/34416 (6%)]	Loss: 0.359036
Train Epoch: 95: time = 9s
U-B Train Epoch: 96 [2048/34416 (6%)]	Loss: 0.349695
Train Epoch: 96: time = 9s
Test: time=3s
Recall@20:0.26471338146399226	NDCG@20:0.1278225072697636	Precision@20:0.02098682032279285	Recall@40:0.36122953331764585	NDCG@40:0.15037798841243744	Precision@40:0.0149543768008362	Recall@80:0.46825973856243663	NDCG@80:0.17130992975779666	Precision@80:0.009944238304970997	
Test: time=3s
Recall@20:0.2547887742176939	NDCG@20:0.15042413090805462	Precision@20:0.037799933183108606	Recall@40:0.3639600830490664	NDCG@40:0.17960242928585196	Precision@40:0.02734031819056401	Recall@80:0.4851141978293184	NDCG@80:0.20733080493634357	Precision@80:0.018769010251822926	
U-B Train Epoch: 97 [2048/34416 (6%)]	Loss: 0.354748
Train Epoch: 97: time = 8s
U-B Train Epoch: 98 [2048/34416 (6%)]	Loss: 0.350270
Train Epoch: 98: time = 8s
U-B Train Epoch: 99 [2048/34416 (6%)]	Loss: 0.399733
Train Epoch: 99: time = 9s
U-B Train Epoch: 100 [2048/34416 (6%)]	Loss: 0.310227
Train Epoch: 100: time = 9s
U-B Train Epoch: 101 [2048/34416 (6%)]	Loss: 0.366099
Train Epoch: 101: time = 9s
Test: time=3s
Recall@20:0.2651814122021138	NDCG@20:0.12858918277989292	Precision@20:0.021037513640088865	Recall@40:0.36032738255342545	NDCG@40:0.15083078356681945	Precision@40:0.014920581793132446	Recall@80:0.47146278476747316	NDCG@80:0.1725216756281155	Precision@80:0.009994930816526628	
Test: time=3s
Recall@20:0.2574414623553143	NDCG@20:0.15030303006238252	Precision@20:0.03790131852851602	Recall@40:0.3635302276456626	NDCG@40:0.1789924954191661	Precision@40:0.027509294195971243	Recall@80:0.4887030608914276	NDCG@80:0.20735077698434595	Precision@80:0.0188746205774986	
U-B Train Epoch: 102 [2048/34416 (6%)]	Loss: 0.334167
Train Epoch: 102: time = 8s
U-B Train Epoch: 103 [2048/34416 (6%)]	Loss: 0.333461
Train Epoch: 103: time = 9s
U-B Train Epoch: 104 [2048/34416 (6%)]	Loss: 0.365589
Train Epoch: 104: time = 9s
U-B Train Epoch: 105 [2048/34416 (6%)]	Loss: 0.366975
Train Epoch: 105: time = 9s
U-B Train Epoch: 106 [2048/34416 (6%)]	Loss: 0.296713
Train Epoch: 106: time = 9s
Test: time=3s
Recall@20:0.2655503562109903	NDCG@20:0.12893515351899132	Precision@20:0.021071308325496467	Recall@40:0.36215139313620787	NDCG@40:0.15141096047430114	Precision@40:0.014962825149891949	Recall@80:0.4721146687014194	NDCG@80:0.17295798468968482	Precision@80:0.010032950321054411	
Test: time=3s
Recall@20:0.258051024936832	NDCG@20:0.15055753057492105	Precision@20:0.03828996321203419	Recall@40:0.3661924351224548	NDCG@40:0.17954393124491752	Precision@40:0.027669821530026575	Recall@80:0.4880749392082418	NDCG@80:0.20735128750145213	Precision@80:0.018921089559118663	
U-B Train Epoch: 107 [2048/34416 (6%)]	Loss: 0.311749
Train Epoch: 107: time = 9s
U-B Train Epoch: 108 [2048/34416 (6%)]	Loss: 0.322972
Train Epoch: 108: time = 8s
U-B Train Epoch: 109 [2048/34416 (6%)]	Loss: 0.323130
Train Epoch: 109: time = 9s
U-B Train Epoch: 110 [2048/34416 (6%)]	Loss: 0.320029
Train Epoch: 110: time = 9s
U-B Train Epoch: 111 [2048/34416 (6%)]	Loss: 0.299954
Train Epoch: 111: time = 9s
Test: time=3s
Recall@20:0.2658014068655083	NDCG@20:0.12940238238428445	Precision@20:0.021172693993200035	Recall@40:0.3634694039156889	NDCG@40:0.15204391659978034	Precision@40:0.015021967138539863	Recall@80:0.474116102027184	NDCG@80:0.17371768828943476	Precision@80:0.010070969664434114	
Test: time=3s
Recall@20:0.26046287276205804	NDCG@20:0.15167962396898235	Precision@20:0.038458939217441424	Recall@40:0.3675658705267563	NDCG@40:0.18052349496669323	Precision@40:0.027762759493266703	Recall@80:0.49007161802115895	NDCG@80:0.20848409401963555	Precision@80:0.018988679574526175	
U-B Train Epoch: 112 [2048/34416 (6%)]	Loss: 0.304753
Train Epoch: 112: time = 9s
U-B Train Epoch: 113 [2048/34416 (6%)]	Loss: 0.305405
Train Epoch: 113: time = 9s
U-B Train Epoch: 114 [2048/34416 (6%)]	Loss: 0.294237
Train Epoch: 114: time = 9s
U-B Train Epoch: 115 [2048/34416 (6%)]	Loss: 0.272411
Train Epoch: 115: time = 9s
U-B Train Epoch: 116 [2048/34416 (6%)]	Loss: 0.311903
Train Epoch: 116: time = 9s
Test: time=3s
Recall@20:0.2670602750117491	NDCG@20:0.13067525107540687	Precision@20:0.02130787466860736	Recall@40:0.36444287237262113	NDCG@40:0.1532539942652118	Precision@40:0.015081109127187776	Recall@80:0.4754147853509684	NDCG@80:0.17494150092771787	Precision@80:0.010079418658082168	
Test: time=3s
Recall@20:0.2601421648846079	NDCG@20:0.15127125927305335	Precision@20:0.038323758542034105	Recall@40:0.3668859029952317	NDCG@40:0.18008621385992682	Precision@40:0.02773741219002639	Recall@80:0.4921158213355969	NDCG@80:0.20869969725407392	Precision@80:0.019140757592637298	
U-B Train Epoch: 117 [2048/34416 (6%)]	Loss: 0.320544
Train Epoch: 117: time = 9s
U-B Train Epoch: 118 [2048/34416 (6%)]	Loss: 0.311476
Train Epoch: 118: time = 8s
U-B Train Epoch: 119 [2048/34416 (6%)]	Loss: 0.291250
Train Epoch: 119: time = 9s
U-B Train Epoch: 120 [2048/34416 (6%)]	Loss: 0.303820
Train Epoch: 120: time = 9s
U-B Train Epoch: 121 [2048/34416 (6%)]	Loss: 0.309782
Train Epoch: 121: time = 9s
Test: time=3s
Recall@20:0.267516512289044	NDCG@20:0.13125589466771792	Precision@20:0.02140926033631093	Recall@40:0.36741028141435556	NDCG@40:0.15441445637168252	Precision@40:0.015233187145298902	Recall@80:0.4755564203291336	NDCG@80:0.17556762179638655	Precision@80:0.010104765316730175	
Test: time=3s
Recall@20:0.26365063439433983	NDCG@20:0.15291127484970377	Precision@20:0.0388306865582558	Recall@40:0.3691023052766058	NDCG@40:0.18139187167245982	Precision@40:0.02794018352543353	Recall@80:0.49383829573837235	NDCG@80:0.20989332234549257	Precision@80:0.019174552600341056	
U-B Train Epoch: 122 [2048/34416 (6%)]	Loss: 0.304026
Train Epoch: 122: time = 9s
U-B Train Epoch: 123 [2048/34416 (6%)]	Loss: 0.279304
Train Epoch: 123: time = 8s
U-B Train Epoch: 124 [2048/34416 (6%)]	Loss: 0.297726
Train Epoch: 124: time = 9s
U-B Train Epoch: 125 [2048/34416 (6%)]	Loss: 0.278189
Train Epoch: 125: time = 9s
U-B Train Epoch: 126 [2048/34416 (6%)]	Loss: 0.277905
Train Epoch: 126: time = 9s
Test: time=3s
Recall@20:0.26799245862068055	NDCG@20:0.13101400753741893	Precision@20:0.02139236299360713	Recall@40:0.3670301111858815	NDCG@40:0.15415710160441398	Precision@40:0.015275431468946863	Recall@80:0.4771434581533563	NDCG@80:0.17561491424467726	Precision@80:0.010138560646730084	
Test: time=3s
Recall@20:0.26251219156103467	NDCG@20:0.15222225208546752	Precision@20:0.0388644812436634	Recall@40:0.3712168207197586	NDCG@40:0.181387367261427	Precision@40:0.028050017542192846	Recall@80:0.49288585646082395	NDCG@80:0.20937047547768725	Precision@80:0.019195674923313113	
U-B Train Epoch: 127 [2048/34416 (6%)]	Loss: 0.271608
Train Epoch: 127: time = 9s
U-B Train Epoch: 128 [2048/34416 (6%)]	Loss: 0.263033
Train Epoch: 128: time = 8s
U-B Train Epoch: 129 [2048/34416 (6%)]	Loss: 0.288427
Train Epoch: 129: time = 9s
U-B Train Epoch: 130 [2048/34416 (6%)]	Loss: 0.272530
Train Epoch: 130: time = 9s
U-B Train Epoch: 131 [2048/34416 (6%)]	Loss: 0.271744
Train Epoch: 131: time = 9s
Test: time=3s
Recall@20:0.26830546748763046	NDCG@20:0.13187631218366502	Precision@20:0.0215444406894221	Recall@40:0.3659937047362126	NDCG@40:0.15471509937983827	Precision@40:0.015292328811650664	Recall@80:0.4792044414946984	NDCG@80:0.17670669890852062	Precision@80:0.010176580151257865	
Test: time=3s
Recall@20:0.2623756823808851	NDCG@20:0.1520048336790961	Precision@20:0.03888137987555181	Recall@40:0.37207376235802053	NDCG@40:0.18149489557150852	Precision@40:0.02816830087489637	Recall@80:0.49464351013327984	NDCG@80:0.20961206867389479	Precision@80:0.019267489596692725	
U-B Train Epoch: 132 [2048/34416 (6%)]	Loss: 0.266573
Train Epoch: 132: time = 9s
U-B Train Epoch: 133 [2048/34416 (6%)]	Loss: 0.261286
Train Epoch: 133: time = 8s
U-B Train Epoch: 134 [2048/34416 (6%)]	Loss: 0.257719
Train Epoch: 134: time = 9s
U-B Train Epoch: 135 [2048/34416 (6%)]	Loss: 0.238822
Train Epoch: 135: time = 8s
U-B Train Epoch: 136 [2048/34416 (6%)]	Loss: 0.276572
Train Epoch: 136: time = 9s
Test: time=3s
Recall@20:0.269074445481476	NDCG@20:0.13281520213094583	Precision@20:0.021561338354422057	Recall@40:0.3675191968870791	NDCG@40:0.15574622532933818	Precision@40:0.015275431146650711	Recall@80:0.4790241928590476	NDCG@80:0.1775587725856893	Precision@80:0.010189253480581868	
Test: time=3s
Recall@20:0.2641057062487459	NDCG@20:0.1535116429665718	Precision@20:0.03911794654095886	Recall@40:0.3729121706783067	NDCG@40:0.18278018168880955	Precision@40:0.028261238193544192	Recall@80:0.4980152332528937	NDCG@80:0.21133841063050493	Precision@80:0.019377323935748193	
U-B Train Epoch: 137 [2048/34416 (6%)]	Loss: 0.242872
Train Epoch: 137: time = 9s
U-B Train Epoch: 138 [2048/34416 (6%)]	Loss: 0.229382
Train Epoch: 138: time = 9s
U-B Train Epoch: 139 [2048/34416 (6%)]	Loss: 0.248449
Train Epoch: 139: time = 9s
U-B Train Epoch: 140 [2048/34416 (6%)]	Loss: 0.248128
Train Epoch: 140: time = 9s
U-B Train Epoch: 141 [2048/34416 (6%)]	Loss: 0.230923
Train Epoch: 141: time = 9s
Test: time=3s
Recall@20:0.26867064707744115	NDCG@20:0.13290748196544178	Precision@20:0.021612030704829612	Recall@40:0.36650907949000927	NDCG@40:0.1558015880732973	Precision@40:0.015275431146650711	Recall@80:0.4791813702468898	NDCG@80:0.17786709913412999	Precision@80:0.01021459949463757	
Test: time=3s
Recall@20:0.2666056208531572	NDCG@20:0.1537013129633639	Precision@20:0.03948969323718093	Recall@40:0.37457942672579947	NDCG@40:0.1826922438280854	Precision@40:0.0283457255516555	Recall@80:0.49781809114209297	NDCG@80:0.21097360748260074	Precision@80:0.019394222245340452	
U-B Train Epoch: 142 [2048/34416 (6%)]	Loss: 0.217532
Train Epoch: 142: time = 9s
U-B Train Epoch: 143 [2048/34416 (6%)]	Loss: 0.253890
Train Epoch: 143: time = 9s
U-B Train Epoch: 144 [2048/34416 (6%)]	Loss: 0.239273
Train Epoch: 144: time = 8s
U-B Train Epoch: 145 [2048/34416 (6%)]	Loss: 0.215730
Train Epoch: 145: time = 9s
U-B Train Epoch: 146 [2048/34416 (6%)]	Loss: 0.218394
Train Epoch: 146: time = 9s
Test: time=3s
Recall@20:0.27249365700544154	NDCG@20:0.13332905049016242	Precision@20:0.021949983682532533	Recall@40:0.36781865384539225	NDCG@40:0.15562999244475936	Precision@40:0.015359919149354327	Recall@80:0.47739677777279066	NDCG@80:0.1770967056155809	Precision@80:0.010180804486933814	
Test: time=3s
Recall@20:0.26690734677638667	NDCG@20:0.153756363724647	Precision@20:0.039692464572588064	Recall@40:0.3773280405119973	NDCG@40:0.1832097483148604	Precision@40:0.028480906871655134	Recall@80:0.4967940866483873	NDCG@80:0.21085074818911848	Precision@80:0.019453362944803758	
U-B Train Epoch: 147 [2048/34416 (6%)]	Loss: 0.242157
Train Epoch: 147: time = 9s
U-B Train Epoch: 148 [2048/34416 (6%)]	Loss: 0.210678
Train Epoch: 148: time = 9s
U-B Train Epoch: 149 [2048/34416 (6%)]	Loss: 0.217133
Train Epoch: 149: time = 8s
U-B Train Epoch: 150 [2048/34416 (6%)]	Loss: 0.216969
Train Epoch: 150: time = 9s
U-B Train Epoch: 151 [2048/34416 (6%)]	Loss: 0.228321
Train Epoch: 151: time = 9s
Test: time=3s
Recall@20:0.27181735075821384	NDCG@20:0.13323495548373343	Precision@20:0.022034471362939997	Recall@40:0.3720614068127033	NDCG@40:0.15638437686880202	Precision@40:0.015444407474354096	Recall@80:0.48073687977225205	NDCG@80:0.17771404971541405	Precision@80:0.010252619321461504	
Test: time=3s
Recall@20:0.26979147964895234	NDCG@20:0.15504478513892336	Precision@20:0.04006421126881013	Recall@40:0.3751597557570653	NDCG@40:0.1834719349460531	Precision@40:0.028590740243822146	Recall@80:0.49992981678974635	NDCG@80:0.2120633964886654	Precision@80:0.019592768600479336	
U-B Train Epoch: 152 [2048/34416 (6%)]	Loss: 0.207683
Train Epoch: 152: time = 9s
U-B Train Epoch: 153 [2048/34416 (6%)]	Loss: 0.214528
Train Epoch: 153: time = 9s
U-B Train Epoch: 154 [2048/34416 (6%)]	Loss: 0.195984
Train Epoch: 154: time = 8s
U-B Train Epoch: 155 [2048/34416 (6%)]	Loss: 0.189052
Train Epoch: 155: time = 9s
U-B Train Epoch: 156 [2048/34416 (6%)]	Loss: 0.192670
Train Epoch: 156: time = 9s
Test: time=3s
Recall@20:0.2697361272184701	NDCG@20:0.1324388221052298	Precision@20:0.02186549503523661	Recall@40:0.37421681519173494	NDCG@40:0.1565855154518986	Precision@40:0.015503548496113552	Recall@80:0.4806730496637642	NDCG@80:0.1775266357916922	Precision@80:0.010277965657813358	
Test: time=3s
Recall@20:0.26885345345536127	NDCG@20:0.15564143782574086	Precision@20:0.04008110925610624	Recall@40:0.37426133847148	NDCG@40:0.18413320672234074	Precision@40:0.028590741533006756	Recall@80:0.5003941810868325	NDCG@80:0.21300852866783543	Precision@80:0.01962233895021099	
U-B Train Epoch: 157 [2048/34416 (6%)]	Loss: 0.222386
Train Epoch: 157: time = 9s
U-B Train Epoch: 158 [2048/34416 (6%)]	Loss: 0.174145
Train Epoch: 158: time = 9s
U-B Train Epoch: 159 [2048/34416 (6%)]	Loss: 0.206445
Train Epoch: 159: time = 8s
U-B Train Epoch: 160 [2048/34416 (6%)]	Loss: 0.181003
Train Epoch: 160: time = 9s
U-B Train Epoch: 161 [2048/34416 (6%)]	Loss: 0.170582
Train Epoch: 161: time = 9s
Test: time=3s
Recall@20:0.2708655870134019	NDCG@20:0.13352341569730986	Precision@20:0.02196688134753249	Recall@40:0.37142159480345976	NDCG@40:0.15690013579961293	Precision@40:0.01547820248205785	Recall@80:0.48191635993011256	NDCG@80:0.1786100562257757	Precision@80:0.010328658330517066	
Test: time=3s
Recall@20:0.27043399894588016	NDCG@20:0.15518382885601925	Precision@20:0.0398783379206991	Recall@40:0.37577350045346297	NDCG@40:0.1838695555774293	Precision@40:0.02873437087976598	Recall@80:0.49871555958780417	NDCG@80:0.2119142172021534	Precision@80:0.019512505255747825	
U-B Train Epoch: 162 [2048/34416 (6%)]	Loss: 0.179299
Train Epoch: 162: time = 9s
U-B Train Epoch: 163 [2048/34416 (6%)]	Loss: 0.178111
Train Epoch: 163: time = 9s
U-B Train Epoch: 164 [2048/34416 (6%)]	Loss: 0.172691
Train Epoch: 164: time = 8s
U-B Train Epoch: 165 [2048/34416 (6%)]	Loss: 0.195612
Train Epoch: 165: time = 9s
U-B Train Epoch: 166 [2048/34416 (6%)]	Loss: 0.179168
Train Epoch: 166: time = 9s
Test: time=3s
Recall@20:0.2720473464496557	NDCG@20:0.13410963630225056	Precision@20:0.022068266692939906	Recall@40:0.37126388627155765	NDCG@40:0.15719786782891576	Precision@40:0.015503548496113552	Recall@80:0.48288568236933405	NDCG@80:0.17909630314245864	Precision@80:0.010354004828016997	
Test: time=3s
Recall@20:0.26983182597055594	NDCG@20:0.15503995069662999	Precision@20:0.03977695321988399	Recall@40:0.37612305512578154	NDCG@40:0.18401471518632245	Precision@40:0.02879351222382159	Recall@80:0.4994270451047123	NDCG@80:0.21204168661980663	Precision@80:0.019495606946155566	
U-B Train Epoch: 167 [2048/34416 (6%)]	Loss: 0.165517
Train Epoch: 167: time = 9s
U-B Train Epoch: 168 [2048/34416 (6%)]	Loss: 0.168801
Train Epoch: 168: time = 9s
U-B Train Epoch: 169 [2048/34416 (6%)]	Loss: 0.168065
Train Epoch: 169: time = 8s
U-B Train Epoch: 170 [2048/34416 (6%)]	Loss: 0.181027
Train Epoch: 170: time = 8s
U-B Train Epoch: 171 [2048/34416 (6%)]	Loss: 0.185401
Train Epoch: 171: time = 8s
Test: time=3s
Recall@20:0.273661199313799	NDCG@20:0.13291920323193013	Precision@20:0.022102061056051354	Recall@40:0.3730903102079329	NDCG@40:0.15597620297219553	Precision@40:0.015511997489761606	Recall@80:0.4822815395199233	NDCG@80:0.17745756128020446	Precision@80:0.01034133165984107	
Test: time=3s
Recall@20:0.2703099484458168	NDCG@20:0.15708013175507984	Precision@20:0.040435958609624505	Recall@40:0.37618391495292436	NDCG@40:0.18583833643535216	Precision@40:0.02892869225463661	Recall@80:0.501213318675545	NDCG@80:0.2143336763733261	Precision@80:0.019702602939534807	
U-B Train Epoch: 172 [2048/34416 (6%)]	Loss: 0.204416
Train Epoch: 172: time = 8s
U-B Train Epoch: 173 [2048/34416 (6%)]	Loss: 0.164244
Train Epoch: 173: time = 8s
U-B Train Epoch: 174 [2048/34416 (6%)]	Loss: 0.163320
Train Epoch: 174: time = 8s
U-B Train Epoch: 175 [2048/34416 (6%)]	Loss: 0.164788
Train Epoch: 175: time = 8s
U-B Train Epoch: 176 [2048/34416 (6%)]	Loss: 0.149528
Train Epoch: 176: time = 8s
Test: time=3s
Recall@20:0.27134757188575903	NDCG@20:0.13358148315058402	Precision@20:0.022034472007532304	Recall@40:0.37353661045024183	NDCG@40:0.15723008197398958	Precision@40:0.015537343503817306	Recall@80:0.4824791973045687	NDCG@80:0.17868187412211683	Precision@80:0.01034133165984107	
Test: time=3s
Recall@20:0.2690631109703711	NDCG@20:0.15729187259242194	Precision@20:0.040402164568809205	Recall@40:0.37704915378334636	NDCG@40:0.18645897826942168	Precision@40:0.028937141570580815	Recall@80:0.4991144436200997	NDCG@80:0.21440362237361124	Precision@80:0.01963923629291479	
