nohup: ignoring input
>>>>>>>>>>B-I statistics>>>>>>>>>>
Average interactions 37.02934265136719
Non-zero rows 1.0
Non-zero columns 0.8566981995727799
Matrix density 0.0011299769286862884
finish loading assist data
>>>>>>>>>>U-I statistics>>>>>>>>>>
Average interactions 17.230377197265625
Non-zero rows 0.9958950118173903
Non-zero columns 0.641867561794324
Matrix density 0.0005257972814327529
finish loading item data
>>>>>>>>>>U-B statistics in train>>>>>>>>>>
Average interactions 4.281129360198975
Non-zero rows 0.3680806070406767
Non-zero columns 0.8645986166422134
Matrix density 0.0008973233061660289
finish loading bundle train data
>>>>>>>>>>U-B statistics in test>>>>>>>>>>
Average interactions 1.2123398780822754
Non-zero rows 0.3680806070406767
Non-zero columns 0.5017815971494446
Matrix density 0.0002541060245785134
finish loading bundle test data
>>>>>>>>>>B-I statistics>>>>>>>>>>
Average interactions 37.02934265136719
Non-zero rows 1.0
Non-zero columns 0.8566981995727799
Matrix density 0.0011299769286862884
finish loading assist data
>>>>>>>>>>U-I statistics>>>>>>>>>>
Average interactions 17.230377197265625
Non-zero rows 0.9958950118173903
Non-zero columns 0.641867561794324
Matrix density 0.0005257972814327529
finish loading item data
>>>>>>>>>>U-B statistics in train>>>>>>>>>>
Average interactions 4.281129360198975
Non-zero rows 0.3680806070406767
Non-zero columns 0.8645986166422134
Matrix density 0.0008973233061660289
finish loading bundle train data
>>>>>>>>>>U-B statistics in test>>>>>>>>>>
Average interactions 0.6454783082008362
Non-zero rows 0.3680806070406767
Non-zero columns 0.34835464263257176
Matrix density 0.00013529203381263145
finish loading bundle test data
IHGCN model
/data/lzm/IHBR - 副本/model/IHGCN.py:169: UserWarning: Creating a tensor from a list of numpy.ndarrays is extremely slow. Please consider converting the list to a single numpy.ndarray with numpy.array() before converting to a tensor. (Triggered internally at  /opt/conda/conda-bld/pytorch_1640811805959/work/torch/csrc/utils/tensor_new.cpp:201.)
  ub_indices = torch.tensor([ub_graph_coo.row, ub_graph_coo.col], dtype=torch.long)
finish generating bi, ui graph
finish generating non-atom graph
U-B Train Epoch: 1 [2048/34416 (6%)]	Loss: 0.904995
Train Epoch: 1: time = 6s
Test: time=2s
Recall@20:0.18675657364515566	NDCG@20:0.0880337825051914	Precision@20:0.0139067254383929	Recall@40:0.2622677879423739	NDCG@40:0.10525611962527591	Precision@40:0.010104765316730175	Recall@80:0.3655699342841754	NDCG@80:0.12487130327859655	Precision@80:0.007181480229807367	
Test: time=2s
Recall@20:0.04522759804011761	NDCG@20:0.021108485509028666	Precision@20:0.007434944560214369	Recall@40:0.09497078563281514	NDCG@40:0.03382661657665339	Precision@40:0.0071983780559553975	Recall@80:0.1805676624314855	NDCG@80:0.05229721507658706	Precision@80:0.00666187920655782	
U-B Train Epoch: 2 [2048/34416 (6%)]	Loss: 0.868733
Train Epoch: 2: time = 4s
U-B Train Epoch: 3 [2048/34416 (6%)]	Loss: 0.828687
Train Epoch: 3: time = 4s
U-B Train Epoch: 4 [2048/34416 (6%)]	Loss: 0.750731
Train Epoch: 4: time = 3s
U-B Train Epoch: 5 [2048/34416 (6%)]	Loss: 0.651725
Train Epoch: 5: time = 4s
U-B Train Epoch: 6 [2048/34416 (6%)]	Loss: 0.566372
Train Epoch: 6: time = 4s
Test: time=2s
Recall@20:0.14332222946595002	NDCG@20:0.05850427543121885	Precision@20:0.012352146382024056	Recall@40:0.23883094800489502	NDCG@40:0.08063649019303859	Precision@40:0.010501859155044478	Recall@80:0.37840017800236037	NDCG@80:0.10729361144462604	Precision@80:0.008144643589547052	
Test: time=2s
Recall@20:0.12640999152314708	NDCG@20:0.06193281291666446	Precision@20:0.02208516468023601	Recall@40:0.23503038535935125	NDCG@40:0.09105449288469104	Precision@40:0.019778642270886524	Recall@80:0.3747390484076652	NDCG@80:0.12179848276791277	Precision@80:0.015093782134215628	
U-B Train Epoch: 7 [2048/34416 (6%)]	Loss: 0.535409
Train Epoch: 7: time = 4s
U-B Train Epoch: 8 [2048/34416 (6%)]	Loss: 0.504275
Train Epoch: 8: time = 5s
U-B Train Epoch: 9 [2048/34416 (6%)]	Loss: 0.491274
Train Epoch: 9: time = 4s
U-B Train Epoch: 10 [2048/34416 (6%)]	Loss: 0.478554
Train Epoch: 10: time = 5s
U-B Train Epoch: 11 [2048/34416 (6%)]	Loss: 0.461771
Train Epoch: 11: time = 5s
Test: time=2s
Recall@20:0.22599146341141432	NDCG@20:0.10507352983037054	Precision@20:0.018671848919795307	Recall@40:0.3240385787154259	NDCG@40:0.12768528645970847	Precision@40:0.013670159095282006	Recall@80:0.4321417774691619	NDCG@80:0.14844958739491804	Precision@80:0.009188070616314402	
Test: time=2s
Recall@20:0.22754425017887694	NDCG@20:0.12291427462759273	Precision@20:0.03442041436414857	Recall@40:0.33016420643488353	NDCG@40:0.1502464168093502	Precision@40:0.025126733422158497	Recall@80:0.44628840243747886	NDCG@80:0.1766925539749625	Precision@80:0.017379182865185364	
U-B Train Epoch: 12 [2048/34416 (6%)]	Loss: 0.458838
Train Epoch: 12: time = 5s
U-B Train Epoch: 13 [2048/34416 (6%)]	Loss: 0.457411
Train Epoch: 13: time = 5s
U-B Train Epoch: 14 [2048/34416 (6%)]	Loss: 0.442814
Train Epoch: 14: time = 4s
U-B Train Epoch: 15 [2048/34416 (6%)]	Loss: 0.451006
Train Epoch: 15: time = 5s
U-B Train Epoch: 16 [2048/34416 (6%)]	Loss: 0.441513
Train Epoch: 16: time = 5s
Test: time=2s
Recall@20:0.23796555447231962	NDCG@20:0.11361205992806639	Precision@20:0.019685704629942548	Recall@40:0.3419516390342493	NDCG@40:0.1374107997697042	Precision@40:0.014379858446910842	Recall@80:0.44102094881677195	NDCG@80:0.15666943621337312	Precision@80:0.009428861456249323	
Test: time=2s
Recall@20:0.23541886825020067	NDCG@20:0.13448803261269907	Precision@20:0.03577222111822182	Recall@40:0.33781042740368367	NDCG@40:0.16202044962386336	Precision@40:0.02606455076784248	Recall@80:0.45546636552414244	NDCG@80:0.18867796407675735	Precision@80:0.01780162223411114	
U-B Train Epoch: 17 [2048/34416 (6%)]	Loss: 0.435108
Train Epoch: 17: time = 4s
U-B Train Epoch: 18 [2048/34416 (6%)]	Loss: 0.436577
Train Epoch: 18: time = 3s
U-B Train Epoch: 19 [2048/34416 (6%)]	Loss: 0.438011
Train Epoch: 19: time = 4s
U-B Train Epoch: 20 [2048/34416 (6%)]	Loss: 0.442227
Train Epoch: 20: time = 5s
U-B Train Epoch: 21 [2048/34416 (6%)]	Loss: 0.430447
Train Epoch: 21: time = 5s
Test: time=2s
Recall@20:0.2517317410617634	NDCG@20:0.12080975810028725	Precision@20:0.020581277974274722	Recall@40:0.34473372005296343	NDCG@40:0.14239058989292466	Precision@40:0.014523488115966219	Recall@80:0.4506610175490823	NDCG@80:0.16288005729590208	Precision@80:0.009623183636860334	
Test: time=2s
Recall@20:0.24333809210908458	NDCG@20:0.14033255620597382	Precision@20:0.0367184871352577	Recall@40:0.3469087704487369	NDCG@40:0.1678948642515419	Precision@40:0.026470091504879844	Recall@80:0.46442552819853095	NDCG@80:0.19480540181140957	Precision@80:0.018148022916277505	
U-B Train Epoch: 22 [2048/34416 (6%)]	Loss: 0.425377
Train Epoch: 22: time = 4s
U-B Train Epoch: 23 [2048/34416 (6%)]	Loss: 0.424694
Train Epoch: 23: time = 4s
U-B Train Epoch: 24 [2048/34416 (6%)]	Loss: 0.424675
Train Epoch: 24: time = 5s
U-B Train Epoch: 25 [2048/34416 (6%)]	Loss: 0.422342
Train Epoch: 25: time = 5s
U-B Train Epoch: 26 [2048/34416 (6%)]	Loss: 0.419545
Train Epoch: 26: time = 5s
Test: time=2s
Recall@20:0.2509718801814908	NDCG@20:0.1228097217555947	Precision@20:0.020615073626570782	Recall@40:0.35068500875902964	NDCG@40:0.14587834994105642	Precision@40:0.014717810780021458	Recall@80:0.45235064352795495	NDCG@80:0.16571257121662064	Precision@80:0.009690774135712073	
Test: time=2s
Recall@20:0.24547775180890133	NDCG@20:0.1423633777841437	Precision@20:0.0372423124941832	Recall@40:0.34692573611822514	NDCG@40:0.16973074306785838	Precision@40:0.0268249402138058	Recall@80:0.46836328587043763	NDCG@80:0.1972082459713084	Precision@80:0.018338121566952945	
U-B Train Epoch: 27 [2048/34416 (6%)]	Loss: 0.422239
Train Epoch: 27: time = 5s
U-B Train Epoch: 28 [2048/34416 (6%)]	Loss: 0.418230
Train Epoch: 28: time = 4s
U-B Train Epoch: 29 [2048/34416 (6%)]	Loss: 0.413985
Train Epoch: 29: time = 5s
U-B Train Epoch: 30 [2048/34416 (6%)]	Loss: 0.415479
Train Epoch: 30: time = 5s
U-B Train Epoch: 31 [2048/34416 (6%)]	Loss: 0.407909
Train Epoch: 31: time = 4s
Test: time=2s
Recall@20:0.2526926270768867	NDCG@20:0.12345375713362569	Precision@20:0.02068266331968214	Recall@40:0.3510036539411013	NDCG@40:0.14623039789641376	Precision@40:0.014700913115021506	Recall@80:0.4541004898984032	NDCG@80:0.16636988519615079	Precision@80:0.00973301813706388	
Test: time=2s
Recall@20:0.24635966753145858	NDCG@20:0.144733930447892	Precision@20:0.03715782578066419	Recall@40:0.3464962365297741	NDCG@40:0.17200094044470393	Precision@40:0.026808044160286613	Recall@80:0.46668215819652437	NDCG@80:0.1995145972414007	Precision@80:0.01842260924736041	
U-B Train Epoch: 32 [2048/34416 (6%)]	Loss: 0.405414
Train Epoch: 32: time = 4s
U-B Train Epoch: 33 [2048/34416 (6%)]	Loss: 0.414823
Train Epoch: 33: time = 4s
U-B Train Epoch: 34 [2048/34416 (6%)]	Loss: 0.408930
Train Epoch: 34: time = 4s
U-B Train Epoch: 35 [2048/34416 (6%)]	Loss: 0.402262
Train Epoch: 35: time = 5s
U-B Train Epoch: 36 [2048/34416 (6%)]	Loss: 0.401834
Train Epoch: 36: time = 5s
Test: time=2s
Recall@20:0.2561192127368304	NDCG@20:0.12456341763129304	Precision@20:0.020885435299681586	Recall@40:0.3492097071434606	NDCG@40:0.14638143618713564	Precision@40:0.014776951479484763	Recall@80:0.4628863139666589	NDCG@80:0.16827381491137341	Precision@80:0.009889320651999033	
Test: time=3s
Recall@20:0.2509198177501373	NDCG@20:0.1490486534353284	Precision@20:0.03801960250581185	Recall@40:0.3476806929402353	NDCG@40:0.17542895194282804	Precision@40:0.02702771219380525	Recall@80:0.4717646086687331	NDCG@80:0.2033936815432658	Precision@80:0.01851132223033228	
U-B Train Epoch: 37 [2048/34416 (6%)]	Loss: 0.414406
Train Epoch: 37: time = 5s
U-B Train Epoch: 38 [2048/34416 (6%)]	Loss: 0.395062
Train Epoch: 38: time = 4s
U-B Train Epoch: 39 [2048/34416 (6%)]	Loss: 0.397631
Train Epoch: 39: time = 4s
U-B Train Epoch: 40 [2048/34416 (6%)]	Loss: 0.398024
Train Epoch: 40: time = 4s
U-B Train Epoch: 41 [2048/34416 (6%)]	Loss: 0.400415
Train Epoch: 41: time = 4s
Test: time=2s
Recall@20:0.2548607365027115	NDCG@20:0.12497411317299975	Precision@20:0.020648867989682233	Recall@40:0.3561123831524322	NDCG@40:0.14863083901619661	Precision@40:0.014979723459484208	Recall@80:0.46136082697253084	NDCG@80:0.16909776889379463	Precision@80:0.009880872302943286	
Test: time=3s
Recall@20:0.2515493884768265	NDCG@20:0.1491069245797712	Precision@20:0.0378168298812201	Recall@40:0.35095397392291	NDCG@40:0.1762966479591197	Precision@40:0.02725582954326809	Recall@80:0.4722052313420127	NDCG@80:0.20371245048706013	Precision@80:0.018578912245739793	
U-B Train Epoch: 42 [2048/34416 (6%)]	Loss: 0.397462
Train Epoch: 42: time = 4s
U-B Train Epoch: 43 [2048/34416 (6%)]	Loss: 0.390382
Train Epoch: 43: time = 4s
U-B Train Epoch: 44 [2048/34416 (6%)]	Loss: 0.390417
Train Epoch: 44: time = 4s
U-B Train Epoch: 45 [2048/34416 (6%)]	Loss: 0.393286
Train Epoch: 45: time = 5s
U-B Train Epoch: 46 [2048/34416 (6%)]	Loss: 0.394243
Train Epoch: 46: time = 5s
Test: time=3s
Recall@20:0.2601919377240912	NDCG@20:0.12579006389735237	Precision@20:0.02098682032279285	Recall@40:0.3584634175611614	NDCG@40:0.14870118466371135	Precision@40:0.015030416132187916	Recall@80:0.46437932382205244	NDCG@80:0.1694344755522743	Precision@80:0.009961135647674797	
Test: time=3s
Recall@20:0.2550060069814813	NDCG@20:0.15029756134126024	Precision@20:0.038205475853922886	Recall@40:0.35129837185678225	NDCG@40:0.17671484139852728	Precision@40:0.0272727281751565	Recall@80:0.4756861844953954	NDCG@80:0.20467916877336623	Precision@80:0.018600033924119543	
U-B Train Epoch: 47 [2048/34416 (6%)]	Loss: 0.386504
Train Epoch: 47: time = 4s
U-B Train Epoch: 48 [2048/34416 (6%)]	Loss: 0.377616
Train Epoch: 48: time = 5s
U-B Train Epoch: 49 [2048/34416 (6%)]	Loss: 0.383766
Train Epoch: 49: time = 5s
U-B Train Epoch: 50 [2048/34416 (6%)]	Loss: 0.379896
Train Epoch: 50: time = 4s
U-B Train Epoch: 51 [2048/34416 (6%)]	Loss: 0.386393
Train Epoch: 51: time = 4s
Test: time=2s
Recall@20:0.25998595180685513	NDCG@20:0.1263473087889635	Precision@20:0.021037513317792713	Recall@40:0.35644320339397545	NDCG@40:0.14883603853081964	Precision@40:0.014971274465836154	Recall@80:0.46515151446395003	NDCG@80:0.17003207192222747	Precision@80:0.00994423814382292	
Test: time=2s
Recall@20:0.25554440657244054	NDCG@20:0.15010913927517214	Precision@20:0.03803649855933104	Recall@40:0.35222329477798137	NDCG@40:0.1767839726341379	Precision@40:0.027306522860564102	Recall@80:0.47913864151212404	NDCG@80:0.2053890969552636	Precision@80:0.018764785916146977	
U-B Train Epoch: 52 [2048/34416 (6%)]	Loss: 0.375392
Train Epoch: 52: time = 4s
U-B Train Epoch: 53 [2048/34416 (6%)]	Loss: 0.373353
Train Epoch: 53: time = 4s
U-B Train Epoch: 54 [2048/34416 (6%)]	Loss: 0.374928
Train Epoch: 54: time = 5s
U-B Train Epoch: 55 [2048/34416 (6%)]	Loss: 0.371851
Train Epoch: 55: time = 5s
U-B Train Epoch: 56 [2048/34416 (6%)]	Loss: 0.366181
Train Epoch: 56: time = 5s
Test: time=2s
Recall@20:0.2608917071312495	NDCG@20:0.12807734554867037	Precision@20:0.021105103977792528	Recall@40:0.3589486150815705	NDCG@40:0.15075882901690948	Precision@40:0.014996620479891856	Recall@80:0.4655656521285696	NDCG@80:0.17165677714243094	Precision@80:0.009956911311998847	
Test: time=2s
Recall@20:0.25561796744637655	NDCG@20:0.1509335547856843	Precision@20:0.038222373196626684	Recall@40:0.357537612837688	NDCG@40:0.17858043334177112	Precision@40:0.027475498865971334	Recall@80:0.47928886761654066	NDCG@80:0.20619510033115337	Precision@80:0.01874788792885087	
U-B Train Epoch: 57 [2048/34416 (6%)]	Loss: 0.365321
Train Epoch: 57: time = 5s
U-B Train Epoch: 58 [2048/34416 (6%)]	Loss: 0.364716
Train Epoch: 58: time = 4s
U-B Train Epoch: 59 [2048/34416 (6%)]	Loss: 0.358469
Train Epoch: 59: time = 5s
U-B Train Epoch: 60 [2048/34416 (6%)]	Loss: 0.364005
Train Epoch: 60: time = 5s
U-B Train Epoch: 61 [2048/34416 (6%)]	Loss: 0.358407
Train Epoch: 61: time = 5s
Test: time=2s
Recall@20:0.26005044713460257	NDCG@20:0.12857641469549996	Precision@20:0.021020615330496605	Recall@40:0.36370771226950616	NDCG@40:0.15245459151453325	Precision@40:0.015081108804891625	Recall@80:0.4667137483762462	NDCG@80:0.17275254796509326	Precision@80:0.009990706480850679	
Test: time=2s
Recall@20:0.2573218672772685	NDCG@20:0.15084555504409877	Precision@20:0.038222373196626684	Recall@40:0.35685844975736103	NDCG@40:0.1779902858805036	Precision@40:0.02745015156273102	Recall@80:0.4821130791883607	NDCG@80:0.20625037541055888	Precision@80:0.018815478588850687	
U-B Train Epoch: 62 [2048/34416 (6%)]	Loss: 0.363244
Train Epoch: 62: time = 5s
U-B Train Epoch: 63 [2048/34416 (6%)]	Loss: 0.365406
Train Epoch: 63: time = 5s
U-B Train Epoch: 64 [2048/34416 (6%)]	Loss: 0.359774
Train Epoch: 64: time = 5s
U-B Train Epoch: 65 [2048/34416 (6%)]	Loss: 0.348820
Train Epoch: 65: time = 5s
U-B Train Epoch: 66 [2048/34416 (6%)]	Loss: 0.354130
Train Epoch: 66: time = 4s
Test: time=2s
Recall@20:0.26219054000044884	NDCG@20:0.12809917660088263	Precision@20:0.021003717987792804	Recall@40:0.36231646549061125	NDCG@40:0.15137149595497185	Precision@40:0.015021967138539863	Recall@80:0.4670653554304664	NDCG@80:0.17200249777971469	Precision@80:0.009969584319026698	
Test: time=2s
Recall@20:0.2551499160813012	NDCG@20:0.15083539369099042	Precision@20:0.03788442118581222	Recall@40:0.353256658751967	NDCG@40:0.17767037987588186	Precision@40:0.027162893513804878	Recall@80:0.4836279639282433	NDCG@80:0.20727331245940617	Precision@80:0.01895065926425801	
U-B Train Epoch: 67 [2048/34416 (6%)]	Loss: 0.345139
Train Epoch: 67: time = 4s
U-B Train Epoch: 68 [2048/34416 (6%)]	Loss: 0.346255
Train Epoch: 68: time = 5s
U-B Train Epoch: 69 [2048/34416 (6%)]	Loss: 0.344364
Train Epoch: 69: time = 5s
U-B Train Epoch: 70 [2048/34416 (6%)]	Loss: 0.342926
Train Epoch: 70: time = 5s
U-B Train Epoch: 71 [2048/34416 (6%)]	Loss: 0.343534
Train Epoch: 71: time = 3s
Test: time=2s
Recall@20:0.26888480126837616	NDCG@20:0.13028438577139526	Precision@20:0.02147685035171844	Recall@40:0.36258870002666654	NDCG@40:0.15207645046263782	Precision@40:0.015038864803539817	Recall@80:0.4692360329120374	NDCG@80:0.17307070325701251	Precision@80:0.010016053139498686	
Test: time=2s
Recall@20:0.25552921482097785	NDCG@20:0.15115529969561217	Precision@20:0.03803649855933104	Recall@40:0.3578132198806871	NDCG@40:0.17884430622643577	Precision@40:0.027357215533267813	Recall@80:0.4887235743969669	NDCG@80:0.2084161333636522	Precision@80:0.018992903587905972	
U-B Train Epoch: 72 [2048/34416 (6%)]	Loss: 0.344893
Train Epoch: 72: time = 5s
U-B Train Epoch: 73 [2048/34416 (6%)]	Loss: 0.334433
Train Epoch: 73: time = 5s
U-B Train Epoch: 74 [2048/34416 (6%)]	Loss: 0.329255
Train Epoch: 74: time = 5s
U-B Train Epoch: 75 [2048/34416 (6%)]	Loss: 0.331208
Train Epoch: 75: time = 4s
U-B Train Epoch: 76 [2048/34416 (6%)]	Loss: 0.331689
Train Epoch: 76: time = 5s
Test: time=2s
Recall@20:0.2688711307547551	NDCG@20:0.13030153966183677	Precision@20:0.02144305598860699	Recall@40:0.3667765079458326	NDCG@40:0.15300261100106402	Precision@40:0.015207840808947048	Recall@80:0.46969658122267344	NDCG@80:0.17319952631850788	Precision@80:0.010016052817202532	
Test: time=2s
Recall@20:0.2568432549118552	NDCG@20:0.15180807058857115	Precision@20:0.03808719252121936	Recall@40:0.3615569501118146	NDCG@40:0.1801699515571865	Precision@40:0.027652924187322774	Recall@80:0.48757979949610825	NDCG@80:0.20886151570651773	Precision@80:0.01906049328101733	
U-B Train Epoch: 77 [2048/34416 (6%)]	Loss: 0.321476
Train Epoch: 77: time = 5s
U-B Train Epoch: 78 [2048/34416 (6%)]	Loss: 0.327348
Train Epoch: 78: time = 5s
U-B Train Epoch: 79 [2048/34416 (6%)]	Loss: 0.332565
Train Epoch: 79: time = 5s
U-B Train Epoch: 80 [2048/34416 (6%)]	Loss: 0.326197
Train Epoch: 80: time = 4s
U-B Train Epoch: 81 [2048/34416 (6%)]	Loss: 0.320956
Train Epoch: 81: time = 5s
Test: time=2s
Recall@20:0.2671644772255328	NDCG@20:0.12966502280846043	Precision@20:0.02140926001401478	Recall@40:0.36713698974691883	NDCG@40:0.15281859794634747	Precision@40:0.01522473815165085	Recall@80:0.47110094674417563	NDCG@80:0.17328342387465942	Precision@80:0.010049848308350517	
Test: time=3s
Recall@20:0.25802051251544544	NDCG@20:0.15288679323393012	Precision@20:0.03818857722203447	Recall@40:0.36416671355860825	NDCG@40:0.1816640108088538	Precision@40:0.027813450232193494	Recall@80:0.4886172527636818	NDCG@80:0.20992447420244645	Precision@80:0.019068942919257686	
U-B Train Epoch: 82 [2048/34416 (6%)]	Loss: 0.311716
Train Epoch: 82: time = 4s
U-B Train Epoch: 83 [2048/34416 (6%)]	Loss: 0.322458
Train Epoch: 83: time = 4s
U-B Train Epoch: 84 [2048/34416 (6%)]	Loss: 0.310545
Train Epoch: 84: time = 4s
U-B Train Epoch: 85 [2048/34416 (6%)]	Loss: 0.309076
Train Epoch: 85: time = 4s
U-B Train Epoch: 86 [2048/34416 (6%)]	Loss: 0.316474
Train Epoch: 86: time = 5s
Test: time=2s
Recall@20:0.2703412189077549	NDCG@20:0.13036405480202085	Precision@20:0.021595133684421963	Recall@40:0.3664460641461959	NDCG@40:0.1527251630024396	Precision@40:0.015233187789891208	Recall@80:0.47080522842123607	NDCG@80:0.17324736022433546	Precision@80:0.010041399153554387	
Test: time=2s
Recall@20:0.2605365161438091	NDCG@20:0.15418413838408773	Precision@20:0.038239272473107405	Recall@40:0.3650842159331832	NDCG@40:0.18280639854707037	Precision@40:0.027973978855433436	Recall@80:0.4897276016859317	NDCG@80:0.21110786832478773	Precision@80:0.019149206586285352	
U-B Train Epoch: 87 [2048/34416 (6%)]	Loss: 0.309290
Train Epoch: 87: time = 4s
U-B Train Epoch: 88 [2048/34416 (6%)]	Loss: 0.302437
Train Epoch: 88: time = 4s
U-B Train Epoch: 89 [2048/34416 (6%)]	Loss: 0.304384
Train Epoch: 89: time = 4s
U-B Train Epoch: 90 [2048/34416 (6%)]	Loss: 0.305118
Train Epoch: 90: time = 5s
U-B Train Epoch: 91 [2048/34416 (6%)]	Loss: 0.294887
Train Epoch: 91: time = 4s
Test: time=2s
Recall@20:0.27080121029063875	NDCG@20:0.13075227985594795	Precision@20:0.021696519996717838	Recall@40:0.36841891882749134	NDCG@40:0.1533196214970482	Precision@40:0.015292328489354511	Recall@80:0.47050067144859964	NDCG@80:0.17342397851612004	Precision@80:0.010041399153554387	
Test: time=2s
Recall@20:0.2592743992523472	NDCG@20:0.15398709167294827	Precision@20:0.03823927053933049	Recall@40:0.36703464911571426	NDCG@40:0.1833571794670391	Precision@40:0.028075364200840853	Recall@80:0.4942437700824022	NDCG@80:0.21211883142696275	Precision@80:0.019233694266692816	
U-B Train Epoch: 92 [2048/34416 (6%)]	Loss: 0.296034
Train Epoch: 92: time = 4s
U-B Train Epoch: 93 [2048/34416 (6%)]	Loss: 0.305150
Train Epoch: 93: time = 4s
U-B Train Epoch: 94 [2048/34416 (6%)]	Loss: 0.294911
Train Epoch: 94: time = 4s
U-B Train Epoch: 95 [2048/34416 (6%)]	Loss: 0.285501
Train Epoch: 95: time = 4s
U-B Train Epoch: 96 [2048/34416 (6%)]	Loss: 0.292870
Train Epoch: 96: time = 4s
Test: time=2s
Recall@20:0.270728391987039	NDCG@20:0.1312575422456515	Precision@20:0.021814802362532904	Recall@40:0.36670663929662417	NDCG@40:0.15349407138031615	Precision@40:0.01522473815165085	Recall@80:0.4709011231293828	NDCG@80:0.1739971190539918	Precision@80:0.010032950643350563	
Test: time=2s
Recall@20:0.2634852010682452	NDCG@20:0.155520050781085	Precision@20:0.03869550588284847	Recall@40:0.36778244322802256	NDCG@40:0.1840866671578632	Precision@40:0.028142953571656058	Recall@80:0.49678029752978203	NDCG@80:0.2132658756999963	Precision@80:0.019326631263044486	
U-B Train Epoch: 97 [2048/34416 (6%)]	Loss: 0.290646
Train Epoch: 97: time = 4s
U-B Train Epoch: 98 [2048/34416 (6%)]	Loss: 0.279811
Train Epoch: 98: time = 4s
U-B Train Epoch: 99 [2048/34416 (6%)]	Loss: 0.286549
Train Epoch: 99: time = 4s
U-B Train Epoch: 100 [2048/34416 (6%)]	Loss: 0.281829
Train Epoch: 100: time = 4s
U-B Train Epoch: 101 [2048/34416 (6%)]	Loss: 0.270916
Train Epoch: 101: time = 5s
Test: time=2s
Recall@20:0.2723655842493901	NDCG@20:0.13106700333843121	Precision@20:0.021831700672125164	Recall@40:0.3670605462561914	NDCG@40:0.15320797810968656	Precision@40:0.015317674503410213	Recall@80:0.47421493607624515	NDCG@80:0.17413302747411236	Precision@80:0.010087867651730222	
Test: time=2s
Recall@20:0.26287757226364483	NDCG@20:0.15462525094751975	Precision@20:0.03905035459177443	Recall@40:0.3702467660236778	NDCG@40:0.18377129650470492	Precision@40:0.028354174223007404	Recall@80:0.4952270982232437	NDCG@80:0.21206669680127102	Precision@80:0.019254816589664873	
U-B Train Epoch: 102 [2048/34416 (6%)]	Loss: 0.275608
Train Epoch: 102: time = 4s
U-B Train Epoch: 103 [2048/34416 (6%)]	Loss: 0.275619
Train Epoch: 103: time = 4s
U-B Train Epoch: 104 [2048/34416 (6%)]	Loss: 0.265324
Train Epoch: 104: time = 4s
U-B Train Epoch: 105 [2048/34416 (6%)]	Loss: 0.269181
Train Epoch: 105: time = 4s
U-B Train Epoch: 106 [2048/34416 (6%)]	Loss: 0.271135
Train Epoch: 106: time = 5s
Test: time=2s
Recall@20:0.2711521675958147	NDCG@20:0.13164295172038695	Precision@20:0.02181480300712521	Recall@40:0.36678923477631803	NDCG@40:0.1539725599840067	Precision@40:0.015292328489354511	Recall@80:0.47693210407139763	NDCG@80:0.17554356045479627	Precision@80:0.01017658031240594	
Test: time=2s
Recall@20:0.2683770739576953	NDCG@20:0.15664738084303845	Precision@20:0.03959107793799604	Recall@40:0.3680332515158336	NDCG@40:0.18403326397451367	Precision@40:0.028269686220303788	Recall@80:0.4927760798127799	NDCG@80:0.21237259452590349	Precision@80:0.019254815945072567	
U-B Train Epoch: 107 [2048/34416 (6%)]	Loss: 0.270548
Train Epoch: 107: time = 5s
U-B Train Epoch: 108 [2048/34416 (6%)]	Loss: 0.258627
Train Epoch: 108: time = 5s
U-B Train Epoch: 109 [2048/34416 (6%)]	Loss: 0.262419
Train Epoch: 109: time = 4s
U-B Train Epoch: 110 [2048/34416 (6%)]	Loss: 0.253894
Train Epoch: 110: time = 5s
U-B Train Epoch: 111 [2048/34416 (6%)]	Loss: 0.263728
Train Epoch: 111: time = 4s
Test: time=2s
Recall@20:0.2711568705412777	NDCG@20:0.13164887165612327	Precision@20:0.021797905019829103	Recall@40:0.36978293802738993	NDCG@40:0.1546727135681792	Precision@40:0.01545285550111369	Recall@80:0.4777261695977843	NDCG@80:0.17577017590418664	Precision@80:0.010206151145581823	
Test: time=2s
Recall@20:0.2664598759544504	NDCG@20:0.1558370432284846	Precision@20:0.03954038590988464	Recall@40:0.36869108116920835	NDCG@40:0.18387108970711705	Precision@40:0.028396417579766905	Recall@80:0.4940943381157063	NDCG@80:0.21238966333016063	Precision@80:0.01935620161277614	
U-B Train Epoch: 112 [2048/34416 (6%)]	Loss: 0.259913
Train Epoch: 112: time = 5s
U-B Train Epoch: 113 [2048/34416 (6%)]	Loss: 0.254262
Train Epoch: 113: time = 5s
U-B Train Epoch: 114 [2048/34416 (6%)]	Loss: 0.253161
Train Epoch: 114: time = 4s
U-B Train Epoch: 115 [2048/34416 (6%)]	Loss: 0.258626
Train Epoch: 115: time = 5s
U-B Train Epoch: 116 [2048/34416 (6%)]	Loss: 0.249179
Train Epoch: 116: time = 5s
Test: time=2s
Recall@20:0.272443904792912	NDCG@20:0.131937808868006	Precision@20:0.021848598014828965	Recall@40:0.3695022619104982	NDCG@40:0.15468135110507666	Precision@40:0.015461304817057897	Recall@80:0.48091416844003465	NDCG@80:0.17640770089992924	Precision@80:0.01027374116098933	
Test: time=2s
Recall@20:0.265214451425339	NDCG@20:0.15601436799343635	Precision@20:0.03965866924258816	Recall@40:0.3708648011264627	NDCG@40:0.18487407017817728	Precision@40:0.02857384354571065	Recall@80:0.4957479906871779	NDCG@80:0.21322684434669653	Precision@80:0.0194322406218317	
U-B Train Epoch: 117 [2048/34416 (6%)]	Loss: 0.247544
Train Epoch: 117: time = 5s
U-B Train Epoch: 118 [2048/34416 (6%)]	Loss: 0.254320
Train Epoch: 118: time = 5s
U-B Train Epoch: 119 [2048/34416 (6%)]	Loss: 0.245252
Train Epoch: 119: time = 5s
U-B Train Epoch: 120 [2048/34416 (6%)]	Loss: 0.236743
Train Epoch: 120: time = 5s
U-B Train Epoch: 121 [2048/34416 (6%)]	Loss: 0.242326
Train Epoch: 121: time = 4s
Test: time=2s
Recall@20:0.2711161065238599	NDCG@20:0.13125219728625195	Precision@20:0.021764109367533042	Recall@40:0.37030621806122477	NDCG@40:0.15449195699379145	Precision@40:0.01547820248205785	Recall@80:0.4820275185840603	NDCG@80:0.17630605900678412	Precision@80:0.010311760987813265	
Test: time=2s
Recall@20:0.26711245089134844	NDCG@20:0.15682149038156895	Precision@20:0.0398445438798838	Recall@40:0.37249477395498903	NDCG@40:0.1855947243760429	Precision@40:0.028658331548414264	Recall@80:0.49562651855633766	NDCG@80:0.2136543895312764	Precision@80:0.019453362944803758	
