nohup: ignoring input
>>>>>>>>>>B-I statistics>>>>>>>>>>
Average interactions 37.02934265136719
Non-zero rows 1.0
Non-zero columns 0.8566981995727799
Matrix density 0.0011299769286862884
finish loading assist data
>>>>>>>>>>U-I statistics>>>>>>>>>>
Average interactions 17.230377197265625
Non-zero rows 0.9958950118173903
Non-zero columns 0.641867561794324
Matrix density 0.0005257972814327529
finish loading item data
>>>>>>>>>>U-B statistics in train>>>>>>>>>>
Average interactions 4.281129360198975
Non-zero rows 0.3680806070406767
Non-zero columns 0.8645986166422134
Matrix density 0.0008973233061660289
finish loading bundle train data
>>>>>>>>>>U-B statistics in test>>>>>>>>>>
Average interactions 1.2123398780822754
Non-zero rows 0.3680806070406767
Non-zero columns 0.5017815971494446
Matrix density 0.0002541060245785134
finish loading bundle test data
>>>>>>>>>>B-I statistics>>>>>>>>>>
Average interactions 37.02934265136719
Non-zero rows 1.0
Non-zero columns 0.8566981995727799
Matrix density 0.0011299769286862884
finish loading assist data
>>>>>>>>>>U-I statistics>>>>>>>>>>
Average interactions 17.230377197265625
Non-zero rows 0.9958950118173903
Non-zero columns 0.641867561794324
Matrix density 0.0005257972814327529
finish loading item data
>>>>>>>>>>U-B statistics in train>>>>>>>>>>
Average interactions 4.281129360198975
Non-zero rows 0.3680806070406767
Non-zero columns 0.8645986166422134
Matrix density 0.0008973233061660289
finish loading bundle train data
>>>>>>>>>>U-B statistics in test>>>>>>>>>>
Average interactions 0.6454783082008362
Non-zero rows 0.3680806070406767
Non-zero columns 0.34835464263257176
Matrix density 0.00013529203381263145
finish loading bundle test data
IHGCN model
/data/lzm/IHBR - 副本/model/IHGCN.py:169: UserWarning: Creating a tensor from a list of numpy.ndarrays is extremely slow. Please consider converting the list to a single numpy.ndarray with numpy.array() before converting to a tensor. (Triggered internally at  /opt/conda/conda-bld/pytorch_1640811805959/work/torch/csrc/utils/tensor_new.cpp:201.)
  ub_indices = torch.tensor([ub_graph_coo.row, ub_graph_coo.col], dtype=torch.long)
finish generating bi, ui graph
finish generating non-atom graph
U-B Train Epoch: 1 [2048/34416 (6%)]	Loss: 0.870189
Train Epoch: 1: time = 8s
Test: time=2s
Recall@20:0.1876112463185013	NDCG@20:0.08773663963325606	Precision@20:0.01383913542298539	Recall@40:0.26347786302943615	NDCG@40:0.10518778510575522	Precision@40:0.010163906983081937	Recall@80:0.3706493938480853	NDCG@80:0.12547156826069567	Precision@80:0.007278641561834987	
Test: time=2s
Recall@20:0.037146082598037436	NDCG@20:0.017928311695074382	Precision@20:0.005593105762864577	Recall@40:0.08003703352969094	NDCG@40:0.028893415651518012	Precision@40:0.0058127746826976325	Recall@80:0.15139606523529908	NDCG@80:0.044288148586715384	Precision@80:0.00542835433485541	
U-B Train Epoch: 2 [2048/34416 (6%)]	Loss: 0.827102
Train Epoch: 2: time = 5s
U-B Train Epoch: 3 [2048/34416 (6%)]	Loss: 0.794565
Train Epoch: 3: time = 5s
U-B Train Epoch: 4 [2048/34416 (6%)]	Loss: 0.732772
Train Epoch: 4: time = 4s
U-B Train Epoch: 5 [2048/34416 (6%)]	Loss: 0.654183
Train Epoch: 5: time = 5s
U-B Train Epoch: 6 [2048/34416 (6%)]	Loss: 0.556382
Train Epoch: 6: time = 5s
Test: time=2s
Recall@20:0.13775313242982876	NDCG@20:0.056510100214817345	Precision@20:0.012014193726617285	Recall@40:0.2346528141270541	NDCG@40:0.07872796840222956	Precision@40:0.010189253158285715	Recall@80:0.35863642097929516	NDCG@80:0.10252743663317289	Precision@80:0.007777120745556707	
Test: time=2s
Recall@20:0.12606516042324528	NDCG@20:0.061593570432053824	Precision@20:0.021290977970495867	Recall@40:0.22289665198962647	NDCG@40:0.08762219613691809	Precision@40:0.01849442456533233	Recall@80:0.3696948918751584	NDCG@80:0.119955170513126	Precision@80:0.014730483142457004	
U-B Train Epoch: 7 [2048/34416 (6%)]	Loss: 0.496830
Train Epoch: 7: time = 4s
U-B Train Epoch: 8 [2048/34416 (6%)]	Loss: 0.457866
Train Epoch: 8: time = 3s
U-B Train Epoch: 9 [2048/34416 (6%)]	Loss: 0.440005
Train Epoch: 9: time = 4s
U-B Train Epoch: 10 [2048/34416 (6%)]	Loss: 0.426403
Train Epoch: 10: time = 4s
U-B Train Epoch: 11 [2048/34416 (6%)]	Loss: 0.410054
Train Epoch: 11: time = 5s
Test: time=2s
Recall@20:0.22170926139498934	NDCG@20:0.10230845831342145	Precision@20:0.018469077906684322	Recall@40:0.31967241984035727	NDCG@40:0.12479551211528256	Precision@40:0.013450490417171064	Recall@80:0.4263278023944428	NDCG@80:0.14532622311235321	Precision@80:0.009057114115434951	
Test: time=2s
Recall@20:0.2265675278199851	NDCG@20:0.12179959662341718	Precision@20:0.03450490107766758	Recall@40:0.3263279024351687	NDCG@40:0.1481671889273852	Precision@40:0.024797228148919017	Recall@80:0.4402122484666748	NDCG@80:0.17432155267496938	Precision@80:0.017235552873833833	
U-B Train Epoch: 12 [2048/34416 (6%)]	Loss: 0.405480
Train Epoch: 12: time = 4s
U-B Train Epoch: 13 [2048/34416 (6%)]	Loss: 0.401593
Train Epoch: 13: time = 4s
U-B Train Epoch: 14 [2048/34416 (6%)]	Loss: 0.388320
Train Epoch: 14: time = 4s
U-B Train Epoch: 15 [2048/34416 (6%)]	Loss: 0.394004
Train Epoch: 15: time = 4s
U-B Train Epoch: 16 [2048/34416 (6%)]	Loss: 0.384635
Train Epoch: 16: time = 5s
Test: time=2s
Recall@20:0.2368184019077787	NDCG@20:0.11241454923422847	Precision@20:0.01958431928453513	Recall@40:0.33865754029846706	NDCG@40:0.13584828223679346	Precision@40:0.01422777978420741	Recall@80:0.4389571395827613	NDCG@80:0.15535240521419688	Precision@80:0.00938661729374944	
Test: time=2s
Recall@20:0.2383532329119714	NDCG@20:0.1346210506809205	Precision@20:0.036160865157147684	Recall@40:0.3382063205276804	NDCG@40:0.1613359596327214	Precision@40:0.02589557282865833	Recall@80:0.4563562948182452	NDCG@80:0.18826740003188103	Precision@80:0.01783964222208315	
U-B Train Epoch: 17 [2048/34416 (6%)]	Loss: 0.378895
Train Epoch: 17: time = 5s
U-B Train Epoch: 18 [2048/34416 (6%)]	Loss: 0.379806
Train Epoch: 18: time = 5s
U-B Train Epoch: 19 [2048/34416 (6%)]	Loss: 0.380620
Train Epoch: 19: time = 5s
U-B Train Epoch: 20 [2048/34416 (6%)]	Loss: 0.383937
Train Epoch: 20: time = 4s
U-B Train Epoch: 21 [2048/34416 (6%)]	Loss: 0.370763
Train Epoch: 21: time = 4s
Test: time=2s
Recall@20:0.2512178308216854	NDCG@20:0.12011109997026419	Precision@20:0.020530584979274864	Recall@40:0.34460094435144895	NDCG@40:0.14178899962904487	Precision@40:0.01448124379231826	Recall@80:0.4499377643550397	NDCG@80:0.16215854707945437	Precision@80:0.00959361296483253	
Test: time=2s
Recall@20:0.24486259932290785	NDCG@20:0.1410017229488227	Precision@20:0.03707333584418366	Recall@40:0.34630594772436846	NDCG@40:0.16796196888894316	Precision@40:0.02638560414676853	Recall@80:0.46397822239222497	NDCG@80:0.19483068014327318	Precision@80:0.018093106874786304	
U-B Train Epoch: 22 [2048/34416 (6%)]	Loss: 0.366428
Train Epoch: 22: time = 4s
U-B Train Epoch: 23 [2048/34416 (6%)]	Loss: 0.364989
Train Epoch: 23: time = 4s
U-B Train Epoch: 24 [2048/34416 (6%)]	Loss: 0.364104
Train Epoch: 24: time = 4s
U-B Train Epoch: 25 [2048/34416 (6%)]	Loss: 0.359958
Train Epoch: 25: time = 5s
U-B Train Epoch: 26 [2048/34416 (6%)]	Loss: 0.356594
Train Epoch: 26: time = 5s
Test: time=2s
Recall@20:0.25306905866998725	NDCG@20:0.1221930738154518	Precision@20:0.02071645800508974	Recall@40:0.3544687449670233	NDCG@40:0.1455378943337263	Precision@40:0.01481074680948467	Recall@80:0.45032629365653515	NDCG@80:0.16424165025036172	Precision@80:0.009627408133684361	
Test: time=2s
Recall@20:0.24741111618717526	NDCG@20:0.14291764465930212	Precision@20:0.03736059582688672	Recall@40:0.3486465809916515	NDCG@40:0.17006262044078316	Precision@40:0.02671510684163879	Recall@80:0.46705963145079105	NDCG@80:0.19703033849491225	Precision@80:0.018240959912629175	
U-B Train Epoch: 27 [2048/34416 (6%)]	Loss: 0.360559
Train Epoch: 27: time = 4s
U-B Train Epoch: 28 [2048/34416 (6%)]	Loss: 0.356200
Train Epoch: 28: time = 5s
U-B Train Epoch: 29 [2048/34416 (6%)]	Loss: 0.350756
Train Epoch: 29: time = 5s
U-B Train Epoch: 30 [2048/34416 (6%)]	Loss: 0.350235
Train Epoch: 30: time = 4s
U-B Train Epoch: 31 [2048/34416 (6%)]	Loss: 0.343486
Train Epoch: 31: time = 4s
Test: time=2s
Recall@20:0.253996554803671	NDCG@20:0.12379746148617697	Precision@20:0.020716458649682048	Recall@40:0.3492524874456108	NDCG@40:0.14600136393669208	Precision@40:0.014667117140429292	Recall@80:0.4499267701886723	NDCG@80:0.16570542655550333	Precision@80:0.009656978644564088	
Test: time=2s
Recall@20:0.2481441568707888	NDCG@20:0.14698293878646185	Precision@20:0.03737749316959053	Recall@40:0.3454081440906583	NDCG@40:0.1735948650931216	Precision@40:0.026757350842990597	Recall@80:0.46772876983157846	NDCG@80:0.20138608591505788	Precision@80:0.018393038575332605	
U-B Train Epoch: 32 [2048/34416 (6%)]	Loss: 0.341183
Train Epoch: 32: time = 4s
U-B Train Epoch: 33 [2048/34416 (6%)]	Loss: 0.348562
Train Epoch: 33: time = 4s
U-B Train Epoch: 34 [2048/34416 (6%)]	Loss: 0.340714
Train Epoch: 34: time = 5s
U-B Train Epoch: 35 [2048/34416 (6%)]	Loss: 0.335672
Train Epoch: 35: time = 5s
U-B Train Epoch: 36 [2048/34416 (6%)]	Loss: 0.334377
Train Epoch: 36: time = 5s
Test: time=2s
Recall@20:0.2536474642378126	NDCG@20:0.12396961146409788	Precision@20:0.020547482644274816	Recall@40:0.35144957774150365	NDCG@40:0.14684976859445625	Precision@40:0.014793849466780869	Recall@80:0.45953830153042097	NDCG@80:0.1676953191006252	Precision@80:0.009796384300239668	
Test: time=2s
Recall@20:0.25013128024736503	NDCG@20:0.14783492222070774	Precision@20:0.0376985491268858	Recall@40:0.3489459915393186	NDCG@40:0.17486630794606364	Precision@40:0.027053058852453255	Recall@80:0.4703160602122233	NDCG@80:0.20216684189951473	Precision@80:0.018388814561952807	
U-B Train Epoch: 37 [2048/34416 (6%)]	Loss: 0.343958
Train Epoch: 37: time = 3s
U-B Train Epoch: 38 [2048/34416 (6%)]	Loss: 0.325440
Train Epoch: 38: time = 4s
U-B Train Epoch: 39 [2048/34416 (6%)]	Loss: 0.325495
Train Epoch: 39: time = 4s
U-B Train Epoch: 40 [2048/34416 (6%)]	Loss: 0.326492
Train Epoch: 40: time = 4s
U-B Train Epoch: 41 [2048/34416 (6%)]	Loss: 0.328999
Train Epoch: 41: time = 4s
Test: time=2s
Recall@20:0.2572569748806607	NDCG@20:0.124842709163912	Precision@20:0.02066576597697834	Recall@40:0.35534447776018346	NDCG@40:0.14778649013322043	Precision@40:0.014878337469484484	Recall@80:0.4592350853097805	NDCG@80:0.16800135090045729	Precision@80:0.00980905730726752	
Test: time=2s
Recall@20:0.2503041031796532	NDCG@20:0.1475874554994099	Precision@20:0.03758026386040536	Recall@40:0.3501791430309279	NDCG@40:0.174839018486206	Precision@40:0.027019263522453346	Recall@80:0.47049826840848363	NDCG@80:0.20217903242920168	Precision@80:0.018485975249388123	
U-B Train Epoch: 42 [2048/34416 (6%)]	Loss: 0.324171
Train Epoch: 42: time = 4s
U-B Train Epoch: 43 [2048/34416 (6%)]	Loss: 0.315873
Train Epoch: 43: time = 3s
U-B Train Epoch: 44 [2048/34416 (6%)]	Loss: 0.317080
Train Epoch: 44: time = 4s
U-B Train Epoch: 45 [2048/34416 (6%)]	Loss: 0.317308
Train Epoch: 45: time = 5s
U-B Train Epoch: 46 [2048/34416 (6%)]	Loss: 0.317220
Train Epoch: 46: time = 4s
Test: time=2s
Recall@20:0.2574884557127751	NDCG@20:0.12614025542686905	Precision@20:0.020648868311978385	Recall@40:0.3579818297576646	NDCG@40:0.14964129933637313	Precision@40:0.01497127414354	Recall@80:0.4635648788653261	NDCG@80:0.17024591928722488	Precision@80:0.009910442813823013	
Test: time=2s
Recall@20:0.25444552107975665	NDCG@20:0.14917042981373696	Precision@20:0.037918215871219824	Recall@40:0.34981521137182114	NDCG@40:0.17541391747188795	Precision@40:0.02702771283839755	Recall@80:0.47531850904417666	NDCG@80:0.20367858618568352	Precision@80:0.018566238271823483	
U-B Train Epoch: 47 [2048/34416 (6%)]	Loss: 0.309095
Train Epoch: 47: time = 5s
U-B Train Epoch: 48 [2048/34416 (6%)]	Loss: 0.299938
Train Epoch: 48: time = 4s
U-B Train Epoch: 49 [2048/34416 (6%)]	Loss: 0.304540
Train Epoch: 49: time = 5s
U-B Train Epoch: 50 [2048/34416 (6%)]	Loss: 0.299261
Train Epoch: 50: time = 5s
U-B Train Epoch: 51 [2048/34416 (6%)]	Loss: 0.306151
Train Epoch: 51: time = 4s
Test: time=2s
Recall@20:0.26007378137607196	NDCG@20:0.12582778028234834	Precision@20:0.020817843672793313	Recall@40:0.3597846461454329	NDCG@40:0.1490043828357672	Precision@40:0.014996620479891856	Recall@80:0.46314592480699773	NDCG@80:0.16922170078887372	Precision@80:0.009889320651999033	
Test: time=2s
Recall@20:0.2551745601343359	NDCG@20:0.14952404541758196	Precision@20:0.03766475250770128	Recall@40:0.35374480077002896	NDCG@40:0.1766572200031287	Precision@40:0.02721358554191628	Recall@80:0.4789907153130544	NDCG@80:0.20489057442270933	Precision@80:0.018697195256147162	
U-B Train Epoch: 52 [2048/34416 (6%)]	Loss: 0.292142
Train Epoch: 52: time = 4s
U-B Train Epoch: 53 [2048/34416 (6%)]	Loss: 0.291048
Train Epoch: 53: time = 4s
U-B Train Epoch: 54 [2048/34416 (6%)]	Loss: 0.289856
Train Epoch: 54: time = 4s
U-B Train Epoch: 55 [2048/34416 (6%)]	Loss: 0.287819
Train Epoch: 55: time = 4s
U-B Train Epoch: 56 [2048/34416 (6%)]	Loss: 0.281120
Train Epoch: 56: time = 5s
Test: time=2s
Recall@20:0.2603534003615823	NDCG@20:0.1267103225486268	Precision@20:0.020784049309681862	Recall@40:0.36058165616947235	NDCG@40:0.14999580705596935	Precision@40:0.014988171486243802	Recall@80:0.46303931439635965	NDCG@80:0.17011989891307505	Precision@80:0.009889320651999033	
Test: time=2s
Recall@20:0.25516801623324764	NDCG@20:0.1494540426931739	Precision@20:0.037850625855812316	Recall@40:0.35515789664972064	NDCG@40:0.1767296025623297	Precision@40:0.027213586186508588	Recall@80:0.4806814242070009	NDCG@80:0.20511650660425557	Precision@80:0.01872254191479517	
U-B Train Epoch: 57 [2048/34416 (6%)]	Loss: 0.277649
Train Epoch: 57: time = 4s
U-B Train Epoch: 58 [2048/34416 (6%)]	Loss: 0.276958
Train Epoch: 58: time = 4s
U-B Train Epoch: 59 [2048/34416 (6%)]	Loss: 0.267140
Train Epoch: 59: time = 4s
U-B Train Epoch: 60 [2048/34416 (6%)]	Loss: 0.274901
Train Epoch: 60: time = 4s
U-B Train Epoch: 61 [2048/34416 (6%)]	Loss: 0.267958
Train Epoch: 61: time = 4s
Test: time=2s
Recall@20:0.25945514809162723	NDCG@20:0.12715130361522844	Precision@20:0.020750253979681957	Recall@40:0.3598212538316629	NDCG@40:0.15055182722219948	Precision@40:0.014945928129484299	Recall@80:0.46585653343084654	NDCG@80:0.1713624434037642	Precision@80:0.009944238304970997	
Test: time=2s
Recall@20:0.2563651221231175	NDCG@20:0.1495215547129124	Precision@20:0.03781683117040471	Recall@40:0.35611346606750593	NDCG@40:0.1766240183426424	Precision@40:0.02712909689462036	Recall@80:0.48234584404834824	NDCG@80:0.20518051719858904	Precision@80:0.01873943957979512	
U-B Train Epoch: 62 [2048/34416 (6%)]	Loss: 0.270061
Train Epoch: 62: time = 4s
U-B Train Epoch: 63 [2048/34416 (6%)]	Loss: 0.274370
Train Epoch: 63: time = 4s
U-B Train Epoch: 64 [2048/34416 (6%)]	Loss: 0.266754
Train Epoch: 64: time = 5s
U-B Train Epoch: 65 [2048/34416 (6%)]	Loss: 0.252716
Train Epoch: 65: time = 5s
U-B Train Epoch: 66 [2048/34416 (6%)]	Loss: 0.258111
Train Epoch: 66: time = 5s
Test: time=2s
Recall@20:0.2620305521901535	NDCG@20:0.12718996626172932	Precision@20:0.020969922335496743	Recall@40:0.36234649833532234	NDCG@40:0.15043047627471273	Precision@40:0.014988171808539955	Recall@80:0.4669774020995269	NDCG@80:0.17100542177417544	Precision@80:0.009956911311998847	
Test: time=2s
Recall@20:0.25328540447476183	NDCG@20:0.14915824701915764	Precision@20:0.03759716184770146	Recall@40:0.35162067832315075	NDCG@40:0.1760399248923108	Precision@40:0.026960122178397737	Recall@80:0.481906335230573	NDCG@80:0.2055006114241641	Precision@80:0.018764785593850825	
U-B Train Epoch: 67 [2048/34416 (6%)]	Loss: 0.246866
Train Epoch: 67: time = 3s
U-B Train Epoch: 68 [2048/34416 (6%)]	Loss: 0.247924
Train Epoch: 68: time = 4s
U-B Train Epoch: 69 [2048/34416 (6%)]	Loss: 0.244438
Train Epoch: 69: time = 4s
U-B Train Epoch: 70 [2048/34416 (6%)]	Loss: 0.242804
Train Epoch: 70: time = 4s
U-B Train Epoch: 71 [2048/34416 (6%)]	Loss: 0.242003
Train Epoch: 71: time = 3s
Test: time=2s
Recall@20:0.26464928320510517	NDCG@20:0.12756508804326447	Precision@20:0.021037512673200406	Recall@40:0.36412921891336547	NDCG@40:0.15066723245025768	Precision@40:0.01502196681624371	Recall@80:0.46701495346889255	NDCG@80:0.1708917182698045	Precision@80:0.00992311646544317	
Test: time=2s
Recall@20:0.25364088423955516	NDCG@20:0.14913081832736197	Precision@20:0.03758026386040536	Recall@40:0.3563700086484692	NDCG@40:0.1770030463535506	Precision@40:0.027171342185156776	Recall@80:0.48700787594850986	NDCG@80:0.20659351510025029	Precision@80:0.018937986579526313	
U-B Train Epoch: 72 [2048/34416 (6%)]	Loss: 0.242876
Train Epoch: 72: time = 4s
U-B Train Epoch: 73 [2048/34416 (6%)]	Loss: 0.231742
Train Epoch: 73: time = 4s
U-B Train Epoch: 74 [2048/34416 (6%)]	Loss: 0.224169
Train Epoch: 74: time = 5s
U-B Train Epoch: 75 [2048/34416 (6%)]	Loss: 0.225921
Train Epoch: 75: time = 5s
U-B Train Epoch: 76 [2048/34416 (6%)]	Loss: 0.225631
Train Epoch: 76: time = 4s
Test: time=2s
Recall@20:0.2639592961307795	NDCG@20:0.12776993689967314	Precision@20:0.020969922013200592	Recall@40:0.3627886680301358	NDCG@40:0.1508898849461521	Precision@40:0.015038864803539817	Recall@80:0.4684737741483873	NDCG@80:0.17159842091180377	Precision@80:0.009961135647674797	
Test: time=2s
Recall@20:0.2549959410280342	NDCG@20:0.149365310694729	Precision@20:0.037630957177701374	Recall@40:0.3560004870848867	NDCG@40:0.1770130194857057	Precision@40:0.02723893155597198	Recall@80:0.48695326608836387	NDCG@80:0.2067389918485579	Precision@80:0.018997127923581922	
U-B Train Epoch: 77 [2048/34416 (6%)]	Loss: 0.214077
Train Epoch: 77: time = 5s
U-B Train Epoch: 78 [2048/34416 (6%)]	Loss: 0.219371
Train Epoch: 78: time = 3s
U-B Train Epoch: 79 [2048/34416 (6%)]	Loss: 0.225845
Train Epoch: 79: time = 4s
U-B Train Epoch: 80 [2048/34416 (6%)]	Loss: 0.216661
Train Epoch: 80: time = 4s
U-B Train Epoch: 81 [2048/34416 (6%)]	Loss: 0.208732
Train Epoch: 81: time = 5s
Test: time=2s
Recall@20:0.26568889198934925	NDCG@20:0.12856600581894617	Precision@20:0.021206488678607638	Recall@40:0.36467745240454175	NDCG@40:0.15165549043305382	Precision@40:0.015114904134891532	Recall@80:0.4716782951806195	NDCG@80:0.17259968161059216	Precision@80:0.01002450164970251	
Test: time=2s
Recall@20:0.2562214657034814	NDCG@20:0.1501593710643772	Precision@20:0.0377830358404048	Recall@40:0.3596515971367808	NDCG@40:0.17839726341379056	Precision@40:0.02747549951056364	Recall@80:0.48887882316463016	NDCG@80:0.20769643316239914	Precision@80:0.019047820273989477	
U-B Train Epoch: 82 [2048/34416 (6%)]	Loss: 0.197668
Train Epoch: 82: time = 5s
U-B Train Epoch: 83 [2048/34416 (6%)]	Loss: 0.209433
Train Epoch: 83: time = 4s
U-B Train Epoch: 84 [2048/34416 (6%)]	Loss: 0.196054
Train Epoch: 84: time = 4s
U-B Train Epoch: 85 [2048/34416 (6%)]	Loss: 0.193455
Train Epoch: 85: time = 4s
U-B Train Epoch: 86 [2048/34416 (6%)]	Loss: 0.199037
Train Epoch: 86: time = 4s
Test: time=2s
Recall@20:0.2679105180467694	NDCG@20:0.1288841920512961	Precision@20:0.021358567341311068	Recall@40:0.36488825471548664	NDCG@40:0.15156497420310652	Precision@40:0.015148698820299135	Recall@80:0.47057564011213143	NDCG@80:0.17220798607169072	Precision@80:0.009969584319026698	
Test: time=2s
Recall@20:0.26145612246767014	NDCG@20:0.1519229472509386	Precision@20:0.038171680523922974	Recall@40:0.3625247564699328	NDCG@40:0.17964730838054982	Precision@40:0.027703616215434174	Recall@80:0.4896925152375433	NDCG@80:0.20845136420071708	Precision@80:0.019068942596961534	
U-B Train Epoch: 87 [2048/34416 (6%)]	Loss: 0.193803
Train Epoch: 87: time = 4s
U-B Train Epoch: 88 [2048/34416 (6%)]	Loss: 0.184474
Train Epoch: 88: time = 4s
U-B Train Epoch: 89 [2048/34416 (6%)]	Loss: 0.184509
Train Epoch: 89: time = 4s
U-B Train Epoch: 90 [2048/34416 (6%)]	Loss: 0.184790
Train Epoch: 90: time = 5s
U-B Train Epoch: 91 [2048/34416 (6%)]	Loss: 0.172535
Train Epoch: 91: time = 5s
Test: time=2s
Recall@20:0.2684422499749176	NDCG@20:0.12930716578724336	Precision@20:0.021493748339014546	Recall@40:0.3639260537320595	NDCG@40:0.15158602143107494	Precision@40:0.01512335248394728	Recall@80:0.47344461217366507	NDCG@80:0.172927041680638	Precision@80:0.010032950482202487	
Test: time=2s
Recall@20:0.2622460626032998	NDCG@20:0.15283624172694138	Precision@20:0.03835755451662631	Recall@40:0.36471692208060946	NDCG@40:0.1808907372518825	Precision@40:0.027796552889489692	Recall@80:0.49123554545586556	NDCG@80:0.20964315864998734	Precision@80:0.019140757270341147	
U-B Train Epoch: 92 [2048/34416 (6%)]	Loss: 0.174512
Train Epoch: 92: time = 5s
U-B Train Epoch: 93 [2048/34416 (6%)]	Loss: 0.183249
Train Epoch: 93: time = 4s
U-B Train Epoch: 94 [2048/34416 (6%)]	Loss: 0.171192
Train Epoch: 94: time = 4s
U-B Train Epoch: 95 [2048/34416 (6%)]	Loss: 0.161068
Train Epoch: 95: time = 5s
U-B Train Epoch: 96 [2048/34416 (6%)]	Loss: 0.168368
Train Epoch: 96: time = 5s
Test: time=2s
Recall@20:0.27200000243398054	NDCG@20:0.1298770962554323	Precision@20:0.021747212347125396	Recall@40:0.3667394980340038	NDCG@40:0.1519535885907863	Precision@40:0.015241636461243109	Recall@80:0.4729324655381358	NDCG@80:0.17271768583482727	Precision@80:0.010049847986054364	
Test: time=2s
Recall@20:0.2621232497204635	NDCG@20:0.15241402860991493	Precision@20:0.03842514517662613	Recall@40:0.3675083110122191	NDCG@40:0.18115884639718075	Precision@40:0.027990876198137237	Recall@80:0.49400494089800184	NDCG@80:0.2099119948954065	Precision@80:0.01922947025331302	
U-B Train Epoch: 97 [2048/34416 (6%)]	Loss: 0.164701
Train Epoch: 97: time = 5s
U-B Train Epoch: 98 [2048/34416 (6%)]	Loss: 0.149907
Train Epoch: 98: time = 4s
U-B Train Epoch: 99 [2048/34416 (6%)]	Loss: 0.156293
Train Epoch: 99: time = 5s
U-B Train Epoch: 100 [2048/34416 (6%)]	Loss: 0.151344
Train Epoch: 100: time = 4s
U-B Train Epoch: 101 [2048/34416 (6%)]	Loss: 0.138271
Train Epoch: 101: time = 4s
Test: time=2s
Recall@20:0.2722234284406419	NDCG@20:0.13084278319404913	Precision@20:0.0217641103344215	Recall@40:0.3664451307765372	NDCG@40:0.1529419729136744	Precision@40:0.015283880462594917	Recall@80:0.47272164775697556	NDCG@80:0.17369714384346485	Precision@80:0.010054072644026467	
Test: time=2s
Recall@20:0.26259865975130164	NDCG@20:0.15248648078508498	Precision@20:0.03869550523825617	Recall@40:0.3691185696296653	NDCG@40:0.18148163244022475	Precision@40:0.028142953571656058	Recall@80:0.49450318496668005	NDCG@80:0.21000521841303807	Precision@80:0.019271714254664826	
U-B Train Epoch: 102 [2048/34416 (6%)]	Loss: 0.142559
Train Epoch: 102: time = 4s
U-B Train Epoch: 103 [2048/34416 (6%)]	Loss: 0.143671
Train Epoch: 103: time = 4s
U-B Train Epoch: 104 [2048/34416 (6%)]	Loss: 0.129722
Train Epoch: 104: time = 4s
U-B Train Epoch: 105 [2048/34416 (6%)]	Loss: 0.133843
Train Epoch: 105: time = 4s
U-B Train Epoch: 106 [2048/34416 (6%)]	Loss: 0.136163
Train Epoch: 106: time = 4s
Test: time=2s
Recall@20:0.27259880290236094	NDCG@20:0.1310324170936721	Precision@20:0.021882393667125025	Recall@40:0.3694243332790982	NDCG@40:0.15351126910303445	Precision@40:0.015334572813002472	Recall@80:0.47584542457861606	NDCG@80:0.17432032279284995	Precision@80:0.010117438484906103	
Test: time=2s
Recall@20:0.26519546431437985	NDCG@20:0.15343185275259272	Precision@20:0.03903345724907063	Recall@40:0.36861810300671677	NDCG@40:0.18156842550501384	Precision@40:0.028075364200840853	Recall@80:0.4939265894140493	NDCG@80:0.21025743964718338	Precision@80:0.01931818194710028	
U-B Train Epoch: 107 [2048/34416 (6%)]	Loss: 0.133836
Train Epoch: 107: time = 4s
U-B Train Epoch: 108 [2048/34416 (6%)]	Loss: 0.119721
Train Epoch: 108: time = 4s
U-B Train Epoch: 109 [2048/34416 (6%)]	Loss: 0.124163
Train Epoch: 109: time = 4s
U-B Train Epoch: 110 [2048/34416 (6%)]	Loss: 0.112479
Train Epoch: 110: time = 5s
U-B Train Epoch: 111 [2048/34416 (6%)]	Loss: 0.121794
Train Epoch: 111: time = 5s
Test: time=2s
Recall@20:0.2710254407484977	NDCG@20:0.1306779300010297	Precision@20:0.021713417017125487	Recall@40:0.369834036148654	NDCG@40:0.15372190897671828	Precision@40:0.015385265808002334	Recall@80:0.47853898502516157	NDCG@80:0.1749495196560018	Precision@80:0.010189253319433792	
Test: time=2s
Recall@20:0.26757478343348684	NDCG@20:0.15371221946517774	Precision@20:0.03911794525177425	Recall@40:0.37117958906817655	NDCG@40:0.18207115077940184	Precision@40:0.02830348090571139	Recall@80:0.49516519673493475	NDCG@80:0.2103392977132794	Precision@80:0.019339303947776183	
U-B Train Epoch: 112 [2048/34416 (6%)]	Loss: 0.119968
Train Epoch: 112: time = 5s
U-B Train Epoch: 113 [2048/34416 (6%)]	Loss: 0.112935
Train Epoch: 113: time = 4s
U-B Train Epoch: 114 [2048/34416 (6%)]	Loss: 0.109309
Train Epoch: 114: time = 4s
U-B Train Epoch: 115 [2048/34416 (6%)]	Loss: 0.112407
Train Epoch: 115: time = 4s
U-B Train Epoch: 116 [2048/34416 (6%)]	Loss: 0.103737
Train Epoch: 116: time = 4s
Test: time=2s
Recall@20:0.271095850855243	NDCG@20:0.13066232055375285	Precision@20:0.021747212669421548	Recall@40:0.3714590275678412	NDCG@40:0.1540651750065016	Precision@40:0.015469753488409798	Recall@80:0.47818842994558447	NDCG@80:0.17492342140272527	Precision@80:0.010197702313081845	
Test: time=2s
Recall@20:0.26879467179381233	NDCG@20:0.15447095617646903	Precision@20:0.0393545119171813	Recall@40:0.371924727460185	NDCG@40:0.1828724176910287	Precision@40:0.02848935489841473	Recall@80:0.49806015875823756	NDCG@80:0.21147628634634272	Precision@80:0.01947448494547966	
U-B Train Epoch: 117 [2048/34416 (6%)]	Loss: 0.099805
Train Epoch: 117: time = 4s
U-B Train Epoch: 118 [2048/34416 (6%)]	Loss: 0.108551
Train Epoch: 118: time = 4s
U-B Train Epoch: 119 [2048/34416 (6%)]	Loss: 0.095407
Train Epoch: 119: time = 4s
U-B Train Epoch: 120 [2048/34416 (6%)]	Loss: 0.086616
Train Epoch: 120: time = 4s
U-B Train Epoch: 121 [2048/34416 (6%)]	Loss: 0.092845
Train Epoch: 121: time = 4s
Test: time=2s
Recall@20:0.27147282390588034	NDCG@20:0.13076492933535663	Precision@20:0.021764109367533042	Recall@40:0.3722194041219584	NDCG@40:0.1542602157463855	Precision@40:0.015511997812057757	Recall@80:0.4782081389999261	NDCG@80:0.17500986896603846	Precision@80:0.010223048810581776	
Test: time=2s
Recall@20:0.2696775415129821	NDCG@20:0.15470684086321657	Precision@20:0.03970936191529187	Recall@40:0.3731638813953458	NDCG@40:0.18302909229687236	Precision@40:0.02859074088841445	Recall@80:0.4972610499416505	NDCG@80:0.21131131712670825	Precision@80:0.019499830959535364	
U-B Train Epoch: 122 [2048/34416 (6%)]	Loss: 0.099029
Train Epoch: 122: time = 4s
U-B Train Epoch: 123 [2048/34416 (6%)]	Loss: 0.083378
Train Epoch: 123: time = 4s
U-B Train Epoch: 124 [2048/34416 (6%)]	Loss: 0.083589
Train Epoch: 124: time = 4s
U-B Train Epoch: 125 [2048/34416 (6%)]	Loss: 0.085564
Train Epoch: 125: time = 4s
U-B Train Epoch: 126 [2048/34416 (6%)]	Loss: 0.079458
Train Epoch: 126: time = 4s
Test: time=2s
Recall@20:0.27111555990958464	NDCG@20:0.13044594123017833	Precision@20:0.021730315326717747	Recall@40:0.3705653080709805	NDCG@40:0.15373150308859757	Precision@40:0.01548665115340975	Recall@80:0.4805133351606064	NDCG@80:0.17520314094463527	Precision@80:0.010277965496665282	
Test: time=2s
Recall@20:0.26846864731902403	NDCG@20:0.15427668121224442	Precision@20:0.03965866924258816	Recall@40:0.3733876941573906	NDCG@40:0.18307047512290364	Precision@40:0.02875126886706209	Recall@80:0.4989230667428819	NDCG@80:0.21143320179662417	Precision@80:0.019499831281831515	
U-B Train Epoch: 127 [2048/34416 (6%)]	Loss: 0.072520
Train Epoch: 127: time = 4s
U-B Train Epoch: 128 [2048/34416 (6%)]	Loss: 0.073289
Train Epoch: 128: time = 4s
U-B Train Epoch: 129 [2048/34416 (6%)]	Loss: 0.071571
Train Epoch: 129: time = 4s
U-B Train Epoch: 130 [2048/34416 (6%)]	Loss: 0.069983
Train Epoch: 130: time = 4s
U-B Train Epoch: 131 [2048/34416 (6%)]	Loss: 0.064270
Train Epoch: 131: time = 4s
Test: time=2s
Recall@20:0.26937282468145385	NDCG@20:0.12970834714651672	Precision@20:0.021561338354422057	Recall@40:0.36782509976845007	NDCG@40:0.15291972158727873	Precision@40:0.015435958158409889	Recall@80:0.4814182808770647	NDCG@80:0.17504627038273066	Precision@80:0.010303312316461366	
Test: time=2s
Recall@20:0.2677851783620945	NDCG@20:0.15491848887926665	Precision@20:0.039591079871772954	Recall@40:0.37513129056084193	NDCG@40:0.18429394741644928	Precision@40:0.028785064197061994	Recall@80:0.49703783536126545	NDCG@80:0.21207806740954505	Precision@80:0.019482933616831562	
U-B Train Epoch: 132 [2048/34416 (6%)]	Loss: 0.063644
Train Epoch: 132: time = 4s
U-B Train Epoch: 133 [2048/34416 (6%)]	Loss: 0.066031
Train Epoch: 133: time = 4s
U-B Train Epoch: 134 [2048/34416 (6%)]	Loss: 0.055716
Train Epoch: 134: time = 3s
U-B Train Epoch: 135 [2048/34416 (6%)]	Loss: 0.050037
Train Epoch: 135: time = 4s
U-B Train Epoch: 136 [2048/34416 (6%)]	Loss: 0.055451
Train Epoch: 136: time = 4s
Test: time=2s
Recall@20:0.26963420943981814	NDCG@20:0.1301055320334942	Precision@20:0.02164582700171798	Recall@40:0.3679880320763983	NDCG@40:0.15320310241348561	Precision@40:0.015402162828409982	Recall@80:0.47835607551247256	NDCG@80:0.17486952059411567	Precision@80:0.010256843818285531	
Test: time=2s
Recall@20:0.26829114722496517	NDCG@20:0.15515604692763998	Precision@20:0.03982764524799539	Recall@40:0.3750793828316418	NDCG@40:0.18432025709600214	Precision@40:0.0288526535678772	Recall@80:0.49810837426271015	NDCG@80:0.212272450665277	Precision@80:0.019499831604127667	
U-B Train Epoch: 137 [2048/34416 (6%)]	Loss: 0.056664
Train Epoch: 137: time = 4s
U-B Train Epoch: 138 [2048/34416 (6%)]	Loss: 0.044201
Train Epoch: 138: time = 4s
U-B Train Epoch: 139 [2048/34416 (6%)]	Loss: 0.043880
Train Epoch: 139: time = 4s
U-B Train Epoch: 140 [2048/34416 (6%)]	Loss: 0.032676
Train Epoch: 140: time = 4s
U-B Train Epoch: 141 [2048/34416 (6%)]	Loss: 0.037240
Train Epoch: 141: time = 4s
Test: time=2s
Recall@20:0.2681096661288257	NDCG@20:0.12983159319538246	Precision@20:0.021578236664014316	Recall@40:0.3712661707066893	NDCG@40:0.1539431923585552	Precision@40:0.015528895154761559	Recall@80:0.4765316627040913	NDCG@80:0.17458066846841733	Precision@80:0.010214599655785646	
Test: time=2s
Recall@20:0.2702569320178507	NDCG@20:0.15540680364806655	Precision@20:0.039979723266106514	Recall@40:0.37315040168104724	NDCG@40:0.18371069967122286	Precision@40:0.028818858882469597	Recall@80:0.49831053903675754	NDCG@80:0.2121873180702676	Precision@80:0.01956742194183133	
U-B Train Epoch: 142 [2048/34416 (6%)]	Loss: 0.036410
Train Epoch: 142: time = 3s
U-B Train Epoch: 143 [2048/34416 (6%)]	Loss: 0.037849
Train Epoch: 143: time = 4s
U-B Train Epoch: 144 [2048/34416 (6%)]	Loss: 0.026957
Train Epoch: 144: time = 3s
U-B Train Epoch: 145 [2048/34416 (6%)]	Loss: 0.025668
Train Epoch: 145: time = 4s
U-B Train Epoch: 146 [2048/34416 (6%)]	Loss: 0.028068
Train Epoch: 146: time = 3s
Test: time=2s
Recall@20:0.2679318411602447	NDCG@20:0.1301058981619239	Precision@20:0.02149374769442224	Recall@40:0.3694087753992058	NDCG@40:0.15396553650624287	Precision@40:0.015495100147057805	Recall@80:0.4756500357588871	NDCG@80:0.17478554568688745	Precision@80:0.01020615082328567	
Test: time=2s
Recall@20:0.2718117299133074	NDCG@20:0.15599407107091184	Precision@20:0.04016559790340216	Recall@40:0.3751440070778504	NDCG@40:0.1843995213226597	Precision@40:0.02892869225463661	Recall@80:0.49750128175890823	NDCG@80:0.21228023734033089	Precision@80:0.01955897327047943	
U-B Train Epoch: 147 [2048/34416 (6%)]	Loss: 0.020011
Train Epoch: 147: time = 4s
U-B Train Epoch: 148 [2048/34416 (6%)]	Loss: 0.019504
Train Epoch: 148: time = 4s
U-B Train Epoch: 149 [2048/34416 (6%)]	Loss: 0.029373
Train Epoch: 149: time = 3s
U-B Train Epoch: 150 [2048/34416 (6%)]	Loss: 0.020777
Train Epoch: 150: time = 4s
U-B Train Epoch: 151 [2048/34416 (6%)]	Loss: 0.015774
Train Epoch: 151: time = 4s
Test: time=2s
Recall@20:0.26899504717961886	NDCG@20:0.13051738268461288	Precision@20:0.02162892901442187	Recall@40:0.3724001787449307	NDCG@40:0.15467342519808477	Precision@40:0.015562690162465314	Recall@80:0.4786620969988277	NDCG@80:0.17547335146085039	Precision@80:0.010256843818285531	
Test: time=2s
Recall@20:0.2719948663224881	NDCG@20:0.15611837167278986	Precision@20:0.04021628928692126	Recall@40:0.3756857121381537	NDCG@40:0.1845199105384262	Precision@40:0.028894897569229007	Recall@80:0.4979347571927013	NDCG@80:0.21251780312381188	Precision@80:0.01958431896223898	
U-B Train Epoch: 152 [2048/34416 (6%)]	Loss: 0.008428
Train Epoch: 152: time = 4s
U-B Train Epoch: 153 [2048/34416 (6%)]	Loss: 0.005784
Train Epoch: 153: time = 4s
U-B Train Epoch: 154 [2048/34416 (6%)]	Loss: 0.010362
Train Epoch: 154: time = 4s
U-B Train Epoch: 155 [2048/34416 (6%)]	Loss: 0.000209
Train Epoch: 155: time = 3s
U-B Train Epoch: 156 [2048/34416 (6%)]	Loss: 0.005235
Train Epoch: 156: time = 4s
Test: time=2s
Recall@20:0.26961180856800754	NDCG@20:0.13123570345833158	Precision@20:0.021747212347125396	Recall@40:0.37230440779850665	NDCG@40:0.15521523081478777	Precision@40:0.015554241813409565	Recall@80:0.4796650826266264	NDCG@80:0.17621808762726004	Precision@80:0.010273741483285484	
Test: time=2s
Recall@20:0.26982688065838595	NDCG@20:0.15528273509941862	Precision@20:0.03987833727610679	Recall@40:0.3733943257230325	NDCG@40:0.1837871998860732	Precision@40:0.02877661488111779	Recall@80:0.4969703027145731	NDCG@80:0.2121636073868917	Precision@80:0.01960544096291488	
U-B Train Epoch: 157 [2048/34416 (6%)]	Loss: -0.006478
Train Epoch: 157: time = 4s
U-B Train Epoch: 158 [2048/34416 (6%)]	Loss: 0.010571
Train Epoch: 158: time = 4s
U-B Train Epoch: 159 [2048/34416 (6%)]	Loss: 0.002185
Train Epoch: 159: time = 4s
U-B Train Epoch: 160 [2048/34416 (6%)]	Loss: -0.001744
Train Epoch: 160: time = 3s
U-B Train Epoch: 161 [2048/34416 (6%)]	Loss: -0.005700
Train Epoch: 161: time = 4s
Test: time=2s
Recall@20:0.2695047907750322	NDCG@20:0.13110845835880075	Precision@20:0.021747212347125396	Recall@40:0.3740430021656651	NDCG@40:0.15550570215635826	Precision@40:0.015613383479761328	Recall@80:0.48000920209662257	NDCG@80:0.17619844561051823	Precision@80:0.010265292650785508	
Test: time=2s
Recall@20:0.2720469493807953	NDCG@20:0.15556147743939305	Precision@20:0.04016559661421755	Recall@40:0.3743343785148329	NDCG@40:0.18377344170789858	Precision@40:0.028920244227877014	Recall@80:0.49566865942292054	NDCG@80:0.21158441799482247	Precision@80:0.019567421619535178	
