nohup: ignoring input
>>>>>>>>>>B-I statistics>>>>>>>>>>
Average interactions 37.02934265136719
Non-zero rows 1.0
Non-zero columns 0.8566981995727799
Matrix density 0.0011299769286862884
finish loading assist data
>>>>>>>>>>U-I statistics>>>>>>>>>>
Average interactions 17.230377197265625
Non-zero rows 0.9958950118173903
Non-zero columns 0.641867561794324
Matrix density 0.0005257972814327529
finish loading item data
>>>>>>>>>>U-B statistics in train>>>>>>>>>>
Average interactions 4.281129360198975
Non-zero rows 0.3680806070406767
Non-zero columns 0.8645986166422134
Matrix density 0.0008973233061660289
finish loading bundle train data
>>>>>>>>>>U-B statistics in test>>>>>>>>>>
Average interactions 1.2123398780822754
Non-zero rows 0.3680806070406767
Non-zero columns 0.5017815971494446
Matrix density 0.0002541060245785134
finish loading bundle test data
>>>>>>>>>>B-I statistics>>>>>>>>>>
Average interactions 37.02934265136719
Non-zero rows 1.0
Non-zero columns 0.8566981995727799
Matrix density 0.0011299769286862884
finish loading assist data
>>>>>>>>>>U-I statistics>>>>>>>>>>
Average interactions 17.230377197265625
Non-zero rows 0.9958950118173903
Non-zero columns 0.641867561794324
Matrix density 0.0005257972814327529
finish loading item data
>>>>>>>>>>U-B statistics in train>>>>>>>>>>
Average interactions 4.281129360198975
Non-zero rows 0.3680806070406767
Non-zero columns 0.8645986166422134
Matrix density 0.0008973233061660289
finish loading bundle train data
>>>>>>>>>>U-B statistics in test>>>>>>>>>>
Average interactions 0.6454783082008362
Non-zero rows 0.3680806070406767
Non-zero columns 0.34835464263257176
Matrix density 0.00013529203381263145
finish loading bundle test data
IHGCN model
/data/lzm/IHBR - 副本/model/IHGCN.py:169: UserWarning: Creating a tensor from a list of numpy.ndarrays is extremely slow. Please consider converting the list to a single numpy.ndarray with numpy.array() before converting to a tensor. (Triggered internally at  /opt/conda/conda-bld/pytorch_1640811805959/work/torch/csrc/utils/tensor_new.cpp:201.)
  ub_indices = torch.tensor([ub_graph_coo.row, ub_graph_coo.col], dtype=torch.long)
finish generating bi, ui graph
finish generating non-atom graph
U-B Train Epoch: 1 [2048/34416 (6%)]	Loss: 0.890078
Train Epoch: 1: time = 7s
Test: time=2s
Recall@20:0.1880173291576678	NDCG@20:0.08817780118570331	Precision@20:0.013923623425689006	Recall@40:0.26158250897024965	NDCG@40:0.1051126256429009	Precision@40:0.0101047651555821	Recall@80:0.3711159549157496	NDCG@80:0.1258249775950028	Precision@80:0.007278641561834987	
Test: time=2s
Recall@20:0.04329133750861382	NDCG@20:0.02064573011433768	Precision@20:0.007096992549399904	Recall@40:0.0938208200674518	NDCG@40:0.03337567913729664	Precision@40:0.006919567550344619	Recall@80:0.17594309681450526	NDCG@80:0.051120023221412035	Precision@80:0.006361946700271137	
U-B Train Epoch: 2 [2048/34416 (6%)]	Loss: 0.851366
Train Epoch: 2: time = 4s
U-B Train Epoch: 3 [2048/34416 (6%)]	Loss: 0.815084
Train Epoch: 3: time = 4s
U-B Train Epoch: 4 [2048/34416 (6%)]	Loss: 0.744778
Train Epoch: 4: time = 4s
U-B Train Epoch: 5 [2048/34416 (6%)]	Loss: 0.656650
Train Epoch: 5: time = 4s
U-B Train Epoch: 6 [2048/34416 (6%)]	Loss: 0.559499
Train Epoch: 6: time = 5s
Test: time=2s
Recall@20:0.1403760120408605	NDCG@20:0.05702973185620142	Precision@20:0.012250760714320486	Recall@40:0.2398961754657401	NDCG@40:0.07981140559571302	Precision@40:0.010484961167748372	Recall@80:0.3687972377868632	NDCG@80:0.10448577509574207	Precision@80:0.00795032108663989	
Test: time=2s
Recall@20:0.13089999462874125	NDCG@20:0.06284378299281258	Precision@20:0.02223724205375483	Recall@40:0.23392621420975995	NDCG@40:0.09047907822516449	Precision@40:0.019440689937775906	Recall@80:0.37411333492133375	NDCG@80:0.12140599566965983	Precision@80:0.014983947472864004	
U-B Train Epoch: 7 [2048/34416 (6%)]	Loss: 0.516954
Train Epoch: 7: time = 5s
U-B Train Epoch: 8 [2048/34416 (6%)]	Loss: 0.483577
Train Epoch: 8: time = 5s
U-B Train Epoch: 9 [2048/34416 (6%)]	Loss: 0.468866
Train Epoch: 9: time = 4s
U-B Train Epoch: 10 [2048/34416 (6%)]	Loss: 0.455971
Train Epoch: 10: time = 5s
U-B Train Epoch: 11 [2048/34416 (6%)]	Loss: 0.439464
Train Epoch: 11: time = 5s
Test: time=2s
Recall@20:0.22477483410978688	NDCG@20:0.10488381857967087	Precision@20:0.018638053267499247	Recall@40:0.3245436348355916	NDCG@40:0.12777774420168078	Precision@40:0.013619466422578297	Recall@80:0.43085206687027394	NDCG@80:0.14821098768537855	Precision@80:0.009141602279286645	
Test: time=2s
Recall@20:0.22853317338093265	NDCG@20:0.12339835313575902	Precision@20:0.03440351573226016	Recall@40:0.32870468443896006	NDCG@40:0.15012757719348677	Precision@40:0.025016897471622262	Recall@80:0.4443297494138645	NDCG@80:0.17650718727640383	Precision@80:0.0173327138835653	
U-B Train Epoch: 12 [2048/34416 (6%)]	Loss: 0.435871
Train Epoch: 12: time = 4s
U-B Train Epoch: 13 [2048/34416 (6%)]	Loss: 0.433452
Train Epoch: 13: time = 5s
U-B Train Epoch: 14 [2048/34416 (6%)]	Loss: 0.419445
Train Epoch: 14: time = 4s
U-B Train Epoch: 15 [2048/34416 (6%)]	Loss: 0.426604
Train Epoch: 15: time = 4s
U-B Train Epoch: 16 [2048/34416 (6%)]	Loss: 0.417202
Train Epoch: 16: time = 4s
Test: time=2s
Recall@20:0.2360978405312051	NDCG@20:0.11275862487194788	Precision@20:0.019499831604127667	Recall@40:0.3404237593134822	NDCG@40:0.1368128321145829	Precision@40:0.01435451243285514	Recall@80:0.4397508028835491	NDCG@80:0.15607892004530668	Precision@80:0.009407739294425344	
Test: time=2s
Recall@20:0.233194266754697	NDCG@20:0.1340608226161182	Precision@20:0.0356708357728144	Recall@40:0.33800364007978834	NDCG@40:0.16213568210118362	Precision@40:0.02601385680595416	Recall@80:0.4551452863615242	NDCG@80:0.18879131434454471	Precision@80:0.017810071227759194	
U-B Train Epoch: 17 [2048/34416 (6%)]	Loss: 0.411293
Train Epoch: 17: time = 4s
U-B Train Epoch: 18 [2048/34416 (6%)]	Loss: 0.412525
Train Epoch: 18: time = 4s
U-B Train Epoch: 19 [2048/34416 (6%)]	Loss: 0.413670
Train Epoch: 19: time = 4s
U-B Train Epoch: 20 [2048/34416 (6%)]	Loss: 0.417440
Train Epoch: 20: time = 4s
U-B Train Epoch: 21 [2048/34416 (6%)]	Loss: 0.405166
Train Epoch: 21: time = 4s
Test: time=2s
Recall@20:0.2506709432392436	NDCG@20:0.11994447028085001	Precision@20:0.020530585623867167	Recall@40:0.3462259254571593	NDCG@40:0.14206723145191313	Precision@40:0.01456573243961418	Recall@80:0.4495491216052985	NDCG@80:0.16207495119250195	Precision@80:0.009597837139360403	
Test: time=2s
Recall@20:0.24205084127443552	NDCG@20:0.14030145333803518	Precision@20:0.03663399848796178	Recall@40:0.346624407263856	NDCG@40:0.1681865525833857	Precision@40:0.02646164283352794	Recall@80:0.46583809293416273	NDCG@80:0.19534034123087138	Precision@80:0.018169145561545714	
U-B Train Epoch: 22 [2048/34416 (6%)]	Loss: 0.400541
Train Epoch: 22: time = 4s
U-B Train Epoch: 23 [2048/34416 (6%)]	Loss: 0.399506
Train Epoch: 23: time = 4s
U-B Train Epoch: 24 [2048/34416 (6%)]	Loss: 0.399017
Train Epoch: 24: time = 4s
U-B Train Epoch: 25 [2048/34416 (6%)]	Loss: 0.396047
Train Epoch: 25: time = 4s
U-B Train Epoch: 26 [2048/34416 (6%)]	Loss: 0.393062
Train Epoch: 26: time = 5s
Test: time=2s
Recall@20:0.251698480098785	NDCG@20:0.12225243303170677	Precision@20:0.02061507298197848	Recall@40:0.352404420059168	NDCG@40:0.14556066133396656	Precision@40:0.014793849789077022	Recall@80:0.4533434394405838	NDCG@80:0.16515395205421357	Precision@80:0.009682325464360172	
Test: time=3s
Recall@20:0.24559055030567495	NDCG@20:0.14258520520188672	Precision@20:0.03710713117418357	Recall@40:0.3478139636886406	NDCG@40:0.1701377154444069	Precision@40:0.026757350842990597	Recall@80:0.46793895849064826	NDCG@80:0.1974687489273984	Precision@80:0.018321223901952993	
U-B Train Epoch: 27 [2048/34416 (6%)]	Loss: 0.396354
Train Epoch: 27: time = 5s
U-B Train Epoch: 28 [2048/34416 (6%)]	Loss: 0.392207
Train Epoch: 28: time = 5s
U-B Train Epoch: 29 [2048/34416 (6%)]	Loss: 0.387453
Train Epoch: 29: time = 5s
U-B Train Epoch: 30 [2048/34416 (6%)]	Loss: 0.388102
Train Epoch: 30: time = 5s
U-B Train Epoch: 31 [2048/34416 (6%)]	Loss: 0.381017
Train Epoch: 31: time = 4s
Test: time=2s
Recall@20:0.25538255717956604	NDCG@20:0.12442671507345175	Precision@20:0.02085163900279322	Recall@40:0.35324313262702245	NDCG@40:0.14700879467303143	Precision@40:0.014768503452725167	Recall@80:0.45232101290884275	NDCG@80:0.16642599308881537	Precision@80:0.00971612031091585	
Test: time=2s
Recall@20:0.2448604077090682	NDCG@20:0.14592153504717467	Precision@20:0.03707333584418366	Recall@40:0.346027829349746	NDCG@40:0.17348263641594633	Precision@40:0.026799594844342405	Recall@80:0.46673367401360255	NDCG@80:0.20104300294948937	Precision@80:0.018397262911008554	
U-B Train Epoch: 32 [2048/34416 (6%)]	Loss: 0.378655
Train Epoch: 32: time = 5s
U-B Train Epoch: 33 [2048/34416 (6%)]	Loss: 0.387261
Train Epoch: 33: time = 5s
U-B Train Epoch: 34 [2048/34416 (6%)]	Loss: 0.380574
Train Epoch: 34: time = 4s
U-B Train Epoch: 35 [2048/34416 (6%)]	Loss: 0.374670
Train Epoch: 35: time = 4s
U-B Train Epoch: 36 [2048/34416 (6%)]	Loss: 0.373827
Train Epoch: 36: time = 4s
Test: time=2s
Recall@20:0.25476552764077814	NDCG@20:0.12465203875986133	Precision@20:0.020699560984682095	Recall@40:0.3495307656791251	NDCG@40:0.146872563956758	Precision@40:0.01474315679407716	Recall@80:0.46062296989520846	NDCG@80:0.16833472114916226	Precision@80:0.00984285247611935	
Test: time=2s
Recall@20:0.25001148405651985	NDCG@20:0.14806733384411172	Precision@20:0.03776613656392409	Recall@40:0.3506739269281086	NDCG@40:0.1754056537985278	Precision@40:0.027162893513804878	Recall@80:0.47073642721688597	NDCG@80:0.2025221153947702	Precision@80:0.01845218024168437	
U-B Train Epoch: 37 [2048/34416 (6%)]	Loss: 0.385156
Train Epoch: 37: time = 5s
U-B Train Epoch: 38 [2048/34416 (6%)]	Loss: 0.366236
Train Epoch: 38: time = 5s
U-B Train Epoch: 39 [2048/34416 (6%)]	Loss: 0.367958
Train Epoch: 39: time = 5s
U-B Train Epoch: 40 [2048/34416 (6%)]	Loss: 0.368477
Train Epoch: 40: time = 5s
U-B Train Epoch: 41 [2048/34416 (6%)]	Loss: 0.371107
Train Epoch: 41: time = 4s
Test: time=3s
Recall@20:0.2563754923241329	NDCG@20:0.12527683434674933	Precision@20:0.020716458327385896	Recall@40:0.35629449337066205	NDCG@40:0.14858816958392299	Precision@40:0.0149628254721881	Recall@80:0.4591857353228498	NDCG@80:0.1686526779066513	Precision@80:0.00984285247611935	
Test: time=2s
Recall@20:0.25083163752270615	NDCG@20:0.14876698464628568	Precision@20:0.03774924179958951	Recall@40:0.35003776588968505	NDCG@40:0.17585372538049304	Precision@40:0.027112200841101167	Recall@80:0.47183371927738993	NDCG@80:0.20352904592748025	Precision@80:0.018595809588443594	
U-B Train Epoch: 42 [2048/34416 (6%)]	Loss: 0.367305
Train Epoch: 42: time = 5s
U-B Train Epoch: 43 [2048/34416 (6%)]	Loss: 0.359752
Train Epoch: 43: time = 4s
U-B Train Epoch: 44 [2048/34416 (6%)]	Loss: 0.360383
Train Epoch: 44: time = 4s
U-B Train Epoch: 45 [2048/34416 (6%)]	Loss: 0.362047
Train Epoch: 45: time = 4s
U-B Train Epoch: 46 [2048/34416 (6%)]	Loss: 0.362740
Train Epoch: 46: time = 4s
Test: time=2s
Recall@20:0.260116432759761	NDCG@20:0.1266209872117837	Precision@20:0.021037512995496558	Recall@40:0.35707781741086514	NDCG@40:0.1492161107812632	Precision@40:0.014971274465836154	Recall@80:0.4633588877913516	NDCG@80:0.17002803419602405	Precision@80:0.009935789311322944	
Test: time=3s
Recall@20:0.25614239743288486	NDCG@20:0.15045712887737225	Precision@20:0.03827306458014578	Recall@40:0.35231878210379086	NDCG@40:0.17673557148708124	Precision@40:0.027205137515156685	Recall@80:0.47735851477351937	NDCG@80:0.2048602115467377	Precision@80:0.018629605240739654	
U-B Train Epoch: 47 [2048/34416 (6%)]	Loss: 0.354842
Train Epoch: 47: time = 5s
U-B Train Epoch: 48 [2048/34416 (6%)]	Loss: 0.345895
Train Epoch: 48: time = 5s
U-B Train Epoch: 49 [2048/34416 (6%)]	Loss: 0.351483
Train Epoch: 49: time = 5s
U-B Train Epoch: 50 [2048/34416 (6%)]	Loss: 0.347011
Train Epoch: 50: time = 4s
U-B Train Epoch: 51 [2048/34416 (6%)]	Loss: 0.353731
Train Epoch: 51: time = 4s
Test: time=2s
Recall@20:0.2596292189546194	NDCG@20:0.1258846410588261	Precision@20:0.020986820000496696	Recall@40:0.35690548952546786	NDCG@40:0.14854844207093296	Precision@40:0.0149543768008362	Recall@80:0.46381339240452857	NDCG@80:0.16945673719214685	Precision@80:0.009923116143147016	
Test: time=2s
Recall@20:0.2550163978094505	NDCG@20:0.14951052444937585	Precision@20:0.03788441989662761	Recall@40:0.3520840937803629	NDCG@40:0.1762363605299444	Precision@40:0.02717979085650868	Recall@80:0.4785518356173697	NDCG@80:0.20480726215637146	Precision@80:0.01872676625047112	
U-B Train Epoch: 52 [2048/34416 (6%)]	Loss: 0.341520
Train Epoch: 52: time = 4s
U-B Train Epoch: 53 [2048/34416 (6%)]	Loss: 0.339921
Train Epoch: 53: time = 4s
U-B Train Epoch: 54 [2048/34416 (6%)]	Loss: 0.340427
Train Epoch: 54: time = 4s
U-B Train Epoch: 55 [2048/34416 (6%)]	Loss: 0.337885
Train Epoch: 55: time = 4s
U-B Train Epoch: 56 [2048/34416 (6%)]	Loss: 0.331669
Train Epoch: 56: time = 4s
Test: time=2s
Recall@20:0.260693770882728	NDCG@20:0.12684693228517605	Precision@20:0.02095302563738525	Recall@40:0.3589200519073167	NDCG@40:0.1497011716481035	Precision@40:0.014988171808539955	Recall@80:0.46316243668350265	NDCG@80:0.17017421999586801	Precision@80:0.009914667471795115	
Test: time=2s
Recall@20:0.25426223512516105	NDCG@20:0.1497882199714457	Precision@20:0.03790131917310833	Recall@40:0.3561856139951076	NDCG@40:0.17742981029225588	Precision@40:0.027238932845156594	Recall@80:0.47844104824859013	NDCG@80:0.2053033197679484	Precision@80:0.018714092921147115	
U-B Train Epoch: 57 [2048/34416 (6%)]	Loss: 0.329739
Train Epoch: 57: time = 5s
U-B Train Epoch: 58 [2048/34416 (6%)]	Loss: 0.329192
Train Epoch: 58: time = 5s
U-B Train Epoch: 59 [2048/34416 (6%)]	Loss: 0.321563
Train Epoch: 59: time = 5s
U-B Train Epoch: 60 [2048/34416 (6%)]	Loss: 0.328085
Train Epoch: 60: time = 4s
U-B Train Epoch: 61 [2048/34416 (6%)]	Loss: 0.321919
Train Epoch: 61: time = 4s
Test: time=2s
Recall@20:0.2594114241063413	NDCG@20:0.12796647051533722	Precision@20:0.02088543465508928	Recall@40:0.3616574549441323	NDCG@40:0.15168843941335625	Precision@40:0.015030415809891763	Recall@80:0.4667764749427066	NDCG@80:0.1723065571270911	Precision@80:0.009973808815850724	
Test: time=2s
Recall@20:0.2556082985617898	NDCG@20:0.15005473826293325	Precision@20:0.03786752384310842	Recall@40:0.3576433826999593	NDCG@40:0.1777470812035316	Precision@40:0.027348767506508217	Recall@80:0.48240663168115283	NDCG@80:0.20593326693654423	Precision@80:0.018781682936554626	
U-B Train Epoch: 62 [2048/34416 (6%)]	Loss: 0.325686
Train Epoch: 62: time = 5s
U-B Train Epoch: 63 [2048/34416 (6%)]	Loss: 0.328803
Train Epoch: 63: time = 4s
U-B Train Epoch: 64 [2048/34416 (6%)]	Loss: 0.322310
Train Epoch: 64: time = 5s
U-B Train Epoch: 65 [2048/34416 (6%)]	Loss: 0.310146
Train Epoch: 65: time = 4s
U-B Train Epoch: 66 [2048/34416 (6%)]	Loss: 0.315548
Train Epoch: 66: time = 4s
Test: time=2s
Recall@20:0.26225303451367915	NDCG@20:0.12788511007450126	Precision@20:0.02102061500820045	Recall@40:0.36287691529516675	NDCG@40:0.15118287535445357	Precision@40:0.015038865125835969	Recall@80:0.46576694025708115	NDCG@80:0.17144658590499193	Precision@80:0.009944238466119073	
Test: time=2s
Recall@20:0.25267400609435725	NDCG@20:0.14949422915588564	Precision@20:0.03771544582499729	Recall@40:0.35418397955654357	NDCG@40:0.17708047993805973	Precision@40:0.02719668819921248	Recall@80:0.48358483296787874	NDCG@80:0.2063441919531118	Precision@80:0.018870395919526498	
U-B Train Epoch: 67 [2048/34416 (6%)]	Loss: 0.305622
Train Epoch: 67: time = 5s
U-B Train Epoch: 68 [2048/34416 (6%)]	Loss: 0.306818
Train Epoch: 68: time = 5s
U-B Train Epoch: 69 [2048/34416 (6%)]	Loss: 0.304256
Train Epoch: 69: time = 4s
U-B Train Epoch: 70 [2048/34416 (6%)]	Loss: 0.302852
Train Epoch: 70: time = 4s
U-B Train Epoch: 71 [2048/34416 (6%)]	Loss: 0.302824
Train Epoch: 71: time = 2s
Test: time=2s
Recall@20:0.2654630474723566	NDCG@20:0.1290547460186679	Precision@20:0.021155795361311625	Recall@40:0.364154553969352	NDCG@40:0.15199885701923685	Precision@40:0.015089557798539677	Recall@80:0.46685107232107026	NDCG@80:0.17222266730604724	Precision@80:0.009956911311998847	
Test: time=2s
Recall@20:0.2544466246217842	NDCG@20:0.1501664925201715	Precision@20:0.03783372851310851	Recall@40:0.3570488520110125	NDCG@40:0.1779681608941999	Precision@40:0.027281177491100705	Recall@80:0.4871872995060092	NDCG@80:0.2075134462986334	Precision@80:0.018988679252230023	
U-B Train Epoch: 72 [2048/34416 (6%)]	Loss: 0.303887
Train Epoch: 72: time = 4s
U-B Train Epoch: 73 [2048/34416 (6%)]	Loss: 0.293387
Train Epoch: 73: time = 4s
U-B Train Epoch: 74 [2048/34416 (6%)]	Loss: 0.287104
Train Epoch: 74: time = 4s
U-B Train Epoch: 75 [2048/34416 (6%)]	Loss: 0.289094
Train Epoch: 75: time = 4s
U-B Train Epoch: 76 [2048/34416 (6%)]	Loss: 0.289222
Train Epoch: 76: time = 5s
Test: time=2s
Recall@20:0.2669616987996103	NDCG@20:0.12934683141937203	Precision@20:0.021307874346311206	Recall@40:0.36544816306250527	NDCG@40:0.1521958109090843	Precision@40:0.015131801477595333	Recall@80:0.4690450582604184	NDCG@80:0.17252424626223095	Precision@80:0.009990706641998755	
Test: time=2s
Recall@20:0.25536853600773063	NDCG@20:0.15055049936204956	Precision@20:0.037664751863108976	Recall@40:0.3596223893702212	NDCG@40:0.1789987814833321	Precision@40:0.02750084552461934	Recall@80:0.48815714793255216	NDCG@80:0.2082096523995253	Precision@80:0.019064718261285585	
U-B Train Epoch: 77 [2048/34416 (6%)]	Loss: 0.278492
Train Epoch: 77: time = 5s
U-B Train Epoch: 78 [2048/34416 (6%)]	Loss: 0.284170
Train Epoch: 78: time = 4s
U-B Train Epoch: 79 [2048/34416 (6%)]	Loss: 0.289949
Train Epoch: 79: time = 4s
U-B Train Epoch: 80 [2048/34416 (6%)]	Loss: 0.282545
Train Epoch: 80: time = 4s
U-B Train Epoch: 81 [2048/34416 (6%)]	Loss: 0.276132
Train Epoch: 81: time = 4s
Test: time=2s
Recall@20:0.26662617045586556	NDCG@20:0.12957579060638624	Precision@20:0.021307874024015055	Recall@40:0.3674430163900125	NDCG@40:0.15294062184820145	Precision@40:0.015224738796243155	Recall@80:0.4705977728335428	NDCG@80:0.17319250284074408	Precision@80:0.010020276991730406	
Test: time=2s
Recall@20:0.2564867953667571	NDCG@20:0.15112794577652394	Precision@20:0.03779993189392399	Recall@40:0.36165015300249237	NDCG@40:0.17979780779210408	Precision@40:0.027602230870026757	Recall@80:0.48886532282337786	NDCG@80:0.20863855380631655	Precision@80:0.01903514758925778	
U-B Train Epoch: 82 [2048/34416 (6%)]	Loss: 0.266086
Train Epoch: 82: time = 4s
U-B Train Epoch: 83 [2048/34416 (6%)]	Loss: 0.277442
Train Epoch: 83: time = 4s
U-B Train Epoch: 84 [2048/34416 (6%)]	Loss: 0.264971
Train Epoch: 84: time = 5s
U-B Train Epoch: 85 [2048/34416 (6%)]	Loss: 0.262936
Train Epoch: 85: time = 4s
U-B Train Epoch: 86 [2048/34416 (6%)]	Loss: 0.269599
Train Epoch: 86: time = 4s
Test: time=2s
Recall@20:0.270146639695962	NDCG@20:0.13031400865539983	Precision@20:0.021612032316310377	Recall@40:0.36785660744035675	NDCG@40:0.1529400932825107	Precision@40:0.015250084810298856	Recall@80:0.47061373809577245	NDCG@80:0.1730739700508182	Precision@80:0.009994930816526628	
Test: time=2s
Recall@20:0.261235599704754	NDCG@20:0.1531244466819647	Precision@20:0.038205475209330576	Recall@40:0.36325894194948144	NDCG@40:0.18113289768931914	Precision@40:0.027788103573545487	Recall@80:0.4896001993058782	NDCG@80:0.2098165642937199	Precision@80:0.019115411256285447	
U-B Train Epoch: 87 [2048/34416 (6%)]	Loss: 0.263366
Train Epoch: 87: time = 4s
U-B Train Epoch: 88 [2048/34416 (6%)]	Loss: 0.255461
Train Epoch: 88: time = 4s
U-B Train Epoch: 89 [2048/34416 (6%)]	Loss: 0.256660
Train Epoch: 89: time = 4s
U-B Train Epoch: 90 [2048/34416 (6%)]	Loss: 0.257234
Train Epoch: 90: time = 4s
U-B Train Epoch: 91 [2048/34416 (6%)]	Loss: 0.246061
Train Epoch: 91: time = 5s
Test: time=2s
Recall@20:0.2713190035547667	NDCG@20:0.13033959896993944	Precision@20:0.02164582700171798	Recall@40:0.3671929248888455	NDCG@40:0.15259983620961076	Precision@40:0.01525008513259501	Recall@80:0.4710038556727093	NDCG@80:0.17295502214344743	Precision@80:0.010024501488554433	
Test: time=2s
Recall@20:0.25982492749213204	NDCG@20:0.15380652331951383	Precision@20:0.038273065869330394	Recall@40:0.3657741720670782	NDCG@40:0.18274574498946541	Precision@40:0.027973978855433436	Recall@80:0.4926766578955359	NDCG@80:0.21145550469040428	Precision@80:0.019170328586961258	
U-B Train Epoch: 92 [2048/34416 (6%)]	Loss: 0.247726
Train Epoch: 92: time = 5s
U-B Train Epoch: 93 [2048/34416 (6%)]	Loss: 0.256581
Train Epoch: 93: time = 5s
U-B Train Epoch: 94 [2048/34416 (6%)]	Loss: 0.245618
Train Epoch: 94: time = 5s
U-B Train Epoch: 95 [2048/34416 (6%)]	Loss: 0.235929
Train Epoch: 95: time = 4s
U-B Train Epoch: 96 [2048/34416 (6%)]	Loss: 0.243456
Train Epoch: 96: time = 4s
Test: time=2s
Recall@20:0.2732701483672033	NDCG@20:0.1313969005237926	Precision@20:0.021848597692532813	Recall@40:0.3679692615484539	NDCG@40:0.15335608737297096	Precision@40:0.015250083843410398	Recall@80:0.4711658597677372	NDCG@80:0.17363475762174194	Precision@80:0.010024501166258281	
Test: time=2s
Recall@20:0.2625243924041985	NDCG@20:0.1540749057719497	Precision@20:0.038594119248256446	Recall@40:0.369026805469014	NDCG@40:0.18303788453592323	Precision@40:0.028126056873544563	Recall@80:0.49655854746311573	NDCG@80:0.21192677386027003	Precision@80:0.019292835610748425	
U-B Train Epoch: 97 [2048/34416 (6%)]	Loss: 0.240641
Train Epoch: 97: time = 4s
U-B Train Epoch: 98 [2048/34416 (6%)]	Loss: 0.228302
Train Epoch: 98: time = 5s
U-B Train Epoch: 99 [2048/34416 (6%)]	Loss: 0.234803
Train Epoch: 99: time = 5s
U-B Train Epoch: 100 [2048/34416 (6%)]	Loss: 0.230083
Train Epoch: 100: time = 4s
U-B Train Epoch: 101 [2048/34416 (6%)]	Loss: 0.218167
Train Epoch: 101: time = 5s
Test: time=2s
Recall@20:0.27497774042282286	NDCG@20:0.1319657996442923	Precision@20:0.02194998336023638	Recall@40:0.36784345775731875	NDCG@40:0.15358422406020297	Precision@40:0.015283879818002612	Recall@80:0.4717755203272854	NDCG@80:0.1740069503758396	Precision@80:0.010045623650378414	
Test: time=2s
Recall@20:0.265956372012557	NDCG@20:0.15437217111642315	Precision@20:0.038982765865551536	Recall@40:0.3687516109650906	NDCG@40:0.18264541032951642	Precision@40:0.028252788877599987	Recall@80:0.4955585527436159	NDCG@80:0.21132864376788768	Precision@80:0.019271713932368675	
U-B Train Epoch: 102 [2048/34416 (6%)]	Loss: 0.222760
Train Epoch: 102: time = 5s
U-B Train Epoch: 103 [2048/34416 (6%)]	Loss: 0.223161
Train Epoch: 103: time = 5s
U-B Train Epoch: 104 [2048/34416 (6%)]	Loss: 0.211655
Train Epoch: 104: time = 5s
U-B Train Epoch: 105 [2048/34416 (6%)]	Loss: 0.215552
Train Epoch: 105: time = 4s
U-B Train Epoch: 106 [2048/34416 (6%)]	Loss: 0.217587
Train Epoch: 106: time = 5s
Test: time=2s
Recall@20:0.27146384086750697	NDCG@20:0.13175704971524904	Precision@20:0.021831700349829012	Recall@40:0.36799367870499694	NDCG@40:0.15418793890032265	Precision@40:0.015300777805298718	Recall@80:0.476517584808133	NDCG@80:0.1754495015455364	Precision@80:0.010155458150581961	
Test: time=2s
Recall@20:0.26787002217975087	NDCG@20:0.15469698375767651	Precision@20:0.039320717231773696	Recall@40:0.36960186431358777	NDCG@40:0.18248156012212477	Precision@40:0.028185198862192475	Recall@80:0.49406085025623625	NDCG@80:0.21095094877386786	Precision@80:0.01932240660507238	
U-B Train Epoch: 107 [2048/34416 (6%)]	Loss: 0.216316
Train Epoch: 107: time = 4s
U-B Train Epoch: 108 [2048/34416 (6%)]	Loss: 0.203550
Train Epoch: 108: time = 4s
U-B Train Epoch: 109 [2048/34416 (6%)]	Loss: 0.207638
Train Epoch: 109: time = 4s
U-B Train Epoch: 110 [2048/34416 (6%)]	Loss: 0.197938
Train Epoch: 110: time = 4s
U-B Train Epoch: 111 [2048/34416 (6%)]	Loss: 0.207582
Train Epoch: 111: time = 4s
Test: time=2s
Recall@20:0.2720674577295962	NDCG@20:0.13180381875458744	Precision@20:0.021916188030236473	Recall@40:0.36764256154092917	NDCG@40:0.15408595666244007	Precision@40:0.01534302212894668	Recall@80:0.4781758165633449	NDCG@80:0.1757073642515419	Precision@80:0.010210375320109696	
Test: time=2s
Recall@20:0.26866548002551804	NDCG@20:0.15453996365035697	Precision@20:0.03945589790718102	Recall@40:0.36888343782673094	NDCG@40:0.18212699310003644	Precision@40:0.028295032878951795	Recall@80:0.4937751153789287	NDCG@80:0.21060979958521672	Precision@80:0.019335079612100233	
U-B Train Epoch: 112 [2048/34416 (6%)]	Loss: 0.204428
Train Epoch: 112: time = 4s
U-B Train Epoch: 113 [2048/34416 (6%)]	Loss: 0.198393
Train Epoch: 113: time = 4s
U-B Train Epoch: 114 [2048/34416 (6%)]	Loss: 0.196210
Train Epoch: 114: time = 5s
U-B Train Epoch: 115 [2048/34416 (6%)]	Loss: 0.200795
Train Epoch: 115: time = 4s
U-B Train Epoch: 116 [2048/34416 (6%)]	Loss: 0.191571
Train Epoch: 116: time = 5s
Test: time=2s
Recall@20:0.2724001808076261	NDCG@20:0.1317266507421083	Precision@20:0.021899291332124978	Recall@40:0.3712764893403203	NDCG@40:0.15478148723059548	Precision@40:0.015520446161113506	Recall@80:0.4780175768873828	NDCG@80:0.17563199336241128	Precision@80:0.010201926809905872	
Test: time=2s
Recall@20:0.26794905435317834	NDCG@20:0.15532782819876198	Precision@20:0.03960797721447676	Recall@40:0.37171233171706025	NDCG@40:0.18383943248979542	Precision@40:0.028573842901118345	Recall@80:0.49694752024411754	NDCG@80:0.21227517342317664	Precision@80:0.019461811938451812	
U-B Train Epoch: 117 [2048/34416 (6%)]	Loss: 0.189248
Train Epoch: 117: time = 4s
U-B Train Epoch: 118 [2048/34416 (6%)]	Loss: 0.196732
Train Epoch: 118: time = 5s
U-B Train Epoch: 119 [2048/34416 (6%)]	Loss: 0.186003
Train Epoch: 119: time = 5s
U-B Train Epoch: 120 [2048/34416 (6%)]	Loss: 0.177402
Train Epoch: 120: time = 4s
U-B Train Epoch: 121 [2048/34416 (6%)]	Loss: 0.183141
Train Epoch: 121: time = 5s
Test: time=2s
Recall@20:0.2730217792166774	NDCG@20:0.13143121346141406	Precision@20:0.021831700027532857	Recall@40:0.37273665592854954	NDCG@40:0.15476078292573373	Precision@40:0.015579588472057574	Recall@80:0.4794421980775019	NDCG@80:0.1755989464040784	Precision@80:0.010269516986461457	
Test: time=2s
Recall@20:0.2680648592284661	NDCG@20:0.15519434086734196	Precision@20:0.03970936255988417	Recall@40:0.37589141443477525	NDCG@40:0.1845483654211727	Precision@40:0.028785062907877385	Recall@80:0.4951844519962931	NDCG@80:0.21187332942301296	Precision@80:0.019453362622507603	
U-B Train Epoch: 122 [2048/34416 (6%)]	Loss: 0.188971
Train Epoch: 122: time = 4s
U-B Train Epoch: 123 [2048/34416 (6%)]	Loss: 0.175812
Train Epoch: 123: time = 4s
U-B Train Epoch: 124 [2048/34416 (6%)]	Loss: 0.176348
Train Epoch: 124: time = 4s
U-B Train Epoch: 125 [2048/34416 (6%)]	Loss: 0.177019
Train Epoch: 125: time = 4s
U-B Train Epoch: 126 [2048/34416 (6%)]	Loss: 0.172254
Train Epoch: 126: time = 4s
Test: time=2s
Recall@20:0.2699214707117058	NDCG@20:0.13058493337988974	Precision@20:0.021730315004421595	Recall@40:0.37033530722280017	NDCG@40:0.1541049540868761	Precision@40:0.015511997489761606	Recall@80:0.4811732739200057	NDCG@80:0.1757477363568377	Precision@80:0.010307536329841162	
Test: time=2s
Recall@20:0.26682217808420816	NDCG@20:0.1547014159743711	Precision@20:0.039641771899884354	Recall@40:0.3743687945872233	NDCG@40:0.1840913133792033	Precision@40:0.028793511579229283	Recall@80:0.49779109045958836	NDCG@80:0.2122059751499662	Precision@80:0.019529402598451626	
U-B Train Epoch: 127 [2048/34416 (6%)]	Loss: 0.166528
Train Epoch: 127: time = 4s
U-B Train Epoch: 128 [2048/34416 (6%)]	Loss: 0.168474
Train Epoch: 128: time = 4s
U-B Train Epoch: 129 [2048/34416 (6%)]	Loss: 0.165271
Train Epoch: 129: time = 4s
U-B Train Epoch: 130 [2048/34416 (6%)]	Loss: 0.165607
Train Epoch: 130: time = 4s
U-B Train Epoch: 131 [2048/34416 (6%)]	Loss: 0.161646
Train Epoch: 131: time = 4s
Test: time=2s
Recall@20:0.27010265271701533	NDCG@20:0.13036510419829467	Precision@20:0.021764110656717656	Recall@40:0.36854792495320154	NDCG@40:0.1534292769617388	Precision@40:0.015461305139354049	Recall@80:0.4818927626949825	NDCG@80:0.17557161053357473	Precision@80:0.01034555599551702	
Test: time=2s
Recall@20:0.26645532255440235	NDCG@20:0.15559966050921845	Precision@20:0.03981074726069928	Recall@40:0.3751602920578637	NDCG@40:0.18513028788461844	Precision@40:0.028818858882469597	Recall@80:0.49843182552501375	NDCG@80:0.21323056751185474	Precision@80:0.01954630026345158	
U-B Train Epoch: 132 [2048/34416 (6%)]	Loss: 0.160423
Train Epoch: 132: time = 4s
U-B Train Epoch: 133 [2048/34416 (6%)]	Loss: 0.162922
Train Epoch: 133: time = 4s
U-B Train Epoch: 134 [2048/34416 (6%)]	Loss: 0.152712
Train Epoch: 134: time = 4s
U-B Train Epoch: 135 [2048/34416 (6%)]	Loss: 0.148913
Train Epoch: 135: time = 4s
U-B Train Epoch: 136 [2048/34416 (6%)]	Loss: 0.153511
Train Epoch: 136: time = 4s
Test: time=2s
Recall@20:0.27087524042777333	NDCG@20:0.13064251867811918	Precision@20:0.021713417017125487	Recall@40:0.36864006555575946	NDCG@40:0.1536012593456602	Precision@40:0.015452856145705997	Recall@80:0.4824062500825078	NDCG@80:0.1758635154484333	Precision@80:0.01034978033119297	
Test: time=2s
Recall@20:0.26800445319430655	NDCG@20:0.15610297107342008	Precision@20:0.03997972455529113	Recall@40:0.3734884568266306	NDCG@40:0.18487662792044662	Precision@40:0.02881885823787729	Recall@80:0.4999786201624018	NDCG@80:0.21353550092639775	Precision@80:0.019558972948183276	
U-B Train Epoch: 137 [2048/34416 (6%)]	Loss: 0.155015
Train Epoch: 137: time = 4s
U-B Train Epoch: 138 [2048/34416 (6%)]	Loss: 0.143871
Train Epoch: 138: time = 4s
U-B Train Epoch: 139 [2048/34416 (6%)]	Loss: 0.145180
Train Epoch: 139: time = 4s
U-B Train Epoch: 140 [2048/34416 (6%)]	Loss: 0.134569
Train Epoch: 140: time = 4s
U-B Train Epoch: 141 [2048/34416 (6%)]	Loss: 0.138999
Train Epoch: 141: time = 4s
Test: time=2s
Recall@20:0.2716904846789588	NDCG@20:0.13128133028010414	Precision@20:0.021916189319421086	Recall@40:0.3699787290727178	NDCG@40:0.1542858292662481	Precision@40:0.015554241813409565	Recall@80:0.4797167325189042	NDCG@80:0.17571019530094892	Precision@80:0.010299087819637339	
Test: time=2s
Recall@20:0.26746448595485967	NDCG@20:0.1556832048287864	Precision@20:0.03992903059340281	Recall@40:0.3742620604148625	NDCG@40:0.18480353630970925	Precision@40:0.02888644954246941	Recall@80:0.499024685430704	NDCG@80:0.2132028345724907	Precision@80:0.019601216949535084	
U-B Train Epoch: 142 [2048/34416 (6%)]	Loss: 0.137304
Train Epoch: 142: time = 4s
U-B Train Epoch: 143 [2048/34416 (6%)]	Loss: 0.138775
Train Epoch: 143: time = 4s
U-B Train Epoch: 144 [2048/34416 (6%)]	Loss: 0.130059
Train Epoch: 144: time = 4s
U-B Train Epoch: 145 [2048/34416 (6%)]	Loss: 0.129814
Train Epoch: 145: time = 3s
U-B Train Epoch: 146 [2048/34416 (6%)]	Loss: 0.132005
Train Epoch: 146: time = 5s
Test: time=2s
Recall@20:0.2720186440434638	NDCG@20:0.13204793875263365	Precision@20:0.021899291009828827	Recall@40:0.36740184499025746	NDCG@40:0.1545076798893141	Precision@40:0.015452855823409843	Recall@80:0.4784931313068974	NDCG@80:0.17619970385469913	Precision@80:0.0102568433348413	
Test: time=2s
Recall@20:0.2677100704666246	NDCG@20:0.15567847094289272	Precision@20:0.039912133250699006	Recall@40:0.3729831995936655	NDCG@40:0.18454581799238023	Precision@40:0.0288611022392291	Recall@80:0.4982727607709002	NDCG@80:0.21302512820889394	Precision@80:0.01957164627750728	
U-B Train Epoch: 147 [2048/34416 (6%)]	Loss: 0.124060
Train Epoch: 147: time = 4s
U-B Train Epoch: 148 [2048/34416 (6%)]	Loss: 0.124982
Train Epoch: 148: time = 4s
U-B Train Epoch: 149 [2048/34416 (6%)]	Loss: 0.132321
Train Epoch: 149: time = 4s
U-B Train Epoch: 150 [2048/34416 (6%)]	Loss: 0.127161
Train Epoch: 150: time = 4s
U-B Train Epoch: 151 [2048/34416 (6%)]	Loss: 0.121683
Train Epoch: 151: time = 4s
Test: time=2s
Recall@20:0.271974528146056	NDCG@20:0.13178915041207703	Precision@20:0.021831700349829012	Recall@40:0.3706593360398097	NDCG@40:0.15493232956525643	Precision@40:0.015528895154761559	Recall@80:0.4816116585687996	NDCG@80:0.1765449913259534	Precision@80:0.010299087980785415	
Test: time=2s
Recall@20:0.2689037677523815	NDCG@20:0.15633584938165343	Precision@20:0.03999662189799493	Recall@40:0.37296035524234855	NDCG@40:0.18498399637163632	Precision@40:0.028894897569229007	Recall@80:0.49832119285838755	NDCG@80:0.21350890762623034	Precision@80:0.01960121727183124	
U-B Train Epoch: 152 [2048/34416 (6%)]	Loss: 0.116109
Train Epoch: 152: time = 4s
U-B Train Epoch: 153 [2048/34416 (6%)]	Loss: 0.114724
Train Epoch: 153: time = 4s
U-B Train Epoch: 154 [2048/34416 (6%)]	Loss: 0.118204
Train Epoch: 154: time = 4s
U-B Train Epoch: 155 [2048/34416 (6%)]	Loss: 0.109817
Train Epoch: 155: time = 4s
U-B Train Epoch: 156 [2048/34416 (6%)]	Loss: 0.114501
Train Epoch: 156: time = 4s
Test: time=2s
Recall@20:0.27271104962812076	NDCG@20:0.13222614274149047	Precision@20:0.02191618770794032	Recall@40:0.37169275673791824	NDCG@40:0.1554594410557568	Precision@40:0.015596485492465222	Recall@80:0.48210504498986145	NDCG@80:0.176922036570929	Precision@80:0.01031598564578537	
Test: time=2s
Recall@20:0.2698697537818282	NDCG@20:0.15720767594544055	Precision@20:0.040266983248809576	Recall@40:0.3726465367674626	NDCG@40:0.18549457535867797	Precision@40:0.02896248758463652	Recall@80:0.49769402001507584	NDCG@80:0.21389887050101386	Precision@80:0.019601216627238932	
U-B Train Epoch: 157 [2048/34416 (6%)]	Loss: 0.103219
Train Epoch: 157: time = 4s
U-B Train Epoch: 158 [2048/34416 (6%)]	Loss: 0.120565
Train Epoch: 158: time = 4s
U-B Train Epoch: 159 [2048/34416 (6%)]	Loss: 0.112246
Train Epoch: 159: time = 4s
U-B Train Epoch: 160 [2048/34416 (6%)]	Loss: 0.109810
Train Epoch: 160: time = 4s
U-B Train Epoch: 161 [2048/34416 (6%)]	Loss: 0.106258
Train Epoch: 161: time = 4s
Test: time=2s
Recall@20:0.272511896389326	NDCG@20:0.13253579457171183	Precision@20:0.021966881025236334	Recall@40:0.3744588724944027	NDCG@40:0.15625606948115126	Precision@40:0.015621831506520923	Recall@80:0.4810938704614101	NDCG@80:0.17709849758219098	Precision@80:0.010299087980785415	
Test: time=2s
Recall@20:0.2705506495262731	NDCG@20:0.15702882994264716	Precision@20:0.040334573264217084	Recall@40:0.3756865372163051	NDCG@40:0.1858076461064892	Precision@40:0.02908922087787655	Recall@80:0.4966534520774808	NDCG@80:0.2133849808878897	Precision@80:0.019592768600479336	
U-B Train Epoch: 162 [2048/34416 (6%)]	Loss: 0.101092
Train Epoch: 162: time = 4s
U-B Train Epoch: 163 [2048/34416 (6%)]	Loss: 0.104948
Train Epoch: 163: time = 3s
U-B Train Epoch: 164 [2048/34416 (6%)]	Loss: 0.097196
Train Epoch: 164: time = 4s
U-B Train Epoch: 165 [2048/34416 (6%)]	Loss: 0.097940
Train Epoch: 165: time = 3s
U-B Train Epoch: 166 [2048/34416 (6%)]	Loss: 0.105963
Train Epoch: 166: time = 3s
Test: time=2s
Recall@20:0.2722069320343523	NDCG@20:0.13194032277799853	Precision@20:0.022017574020236196	Recall@40:0.3710981435411562	NDCG@40:0.15510732090606122	Precision@40:0.015562690162465314	Recall@80:0.4811779562385149	NDCG@80:0.1764995269414419	Precision@80:0.010290638987137361	
Test: time=2s
Recall@20:0.2694430078917075	NDCG@20:0.15659911634955062	Precision@20:0.040368368594217	Recall@40:0.3722112100645673	NDCG@40:0.18485003462027924	Precision@40:0.028937140925988508	Recall@80:0.4963695942529676	NDCG@80:0.2130600547983905	Precision@80:0.019575871257775535	
